
  Welcome to Resummino git-latest
  Copyright 2008-2010 Jonathan Debove.
  Copyright 2011-2014 David R. Lamprea.
  Copyright 2011-2016 Marcel Rothering.

  Licensed under the EUPL 1.1 or later.
  See http://www.resummino.org/ for more information.

  If using Resummino for slepton pair production, please cite.
  - G. Bozzi, B. Fuks, M. Klasen, PRD 74, 015001 (2006); NPB 777, 157 (2007); NPB 794, 46 (2007).
  - B. Fuks, M. Klasen, D. R. Lamprea, M. Rothering, EPJC 73, 2480 (2013).

  For gaugino pair production, please cite:
  - J. Debove, B. Fuks, M. Klasen, PLB 688, 208 (2010); NPB 842, 51 (2011); NPB 849, 64 (2011).
  - B. Fuks, M. Klasen, D. R. Lamprea, M. Rothering, JHEP 1210, 081 (2012); EPJC 73, 2480 (2013).

  For associated gaugino gluino production, please cite:
  - B. Fuks, M. Klasen, M. Rothering, JHEP 07:053, (2016).
  - B. Fuks, M. Klasen, D. R. Lamprea, M. Rothering, EPJC 73, 2480 (2013).

LHAPDF 6.2.3 loading /pool/condor/dir_5019/resummino-releases/lhapdf-prefix/share/LHAPDF/PDF4LHC21_40/PDF4LHC21_40_0000.dat
PDF4LHC21_40 PDF set, member #0, version 1
 alpha_s(M_Z^2) = 0.1180 	 for LO PDF set 
 alpha_s(900.000^2) = 0.0878 	 for LO PDF set 

********************
* LO cross section *
********************
The limits of integration are:

xl[0]=0.000000    xu[0]=1.000000
xl[1]=0.000000    xu[1]=1.000000
xl[2]=0.000000    xu[2]=1.000000

num_dim=3, calls=2000, it_num=1, max_it_num=5 verb=0, alph=1.50,
mode=0, bins=50, boxes=1

       single.......iteration                   accumulated......results   
iteration     integral    sigma             integral         sigma     chi-sq/it

   1        9.0296e-04   3.57e-05          9.0296e-04      3.57e-05    0.00e+00
   2        9.8468e-04   1.19e-05          9.7652e-04      1.13e-05    4.71e+00
   3        9.8863e-04   6.47e-06          9.8564e-04      5.62e-06    2.79e+00
   4        9.8045e-04   6.06e-06          9.8324e-04      4.12e-06    1.99e+00
   5        9.8147e-04   6.13e-06          9.8269e-04      3.42e-06    1.51e+00

num_dim=3, calls=20000, it_num=1, max_it_num=5 verb=0, alph=1.50,
mode=0, bins=50, boxes=1

       single.......iteration                   accumulated......results   
iteration     integral    sigma             integral         sigma     chi-sq/it

   1        9.8827e-04   1.89e-06          9.8827e-04      1.89e-06    0.00e+00
   2        9.8686e-04   1.83e-06          9.8754e-04      1.31e-06    2.89e-01
   3        9.8742e-04   1.77e-06          9.8750e-04      1.06e-06    1.46e-01
   4        9.8757e-04   1.88e-06          9.8751e-04      9.21e-07    9.79e-02
   5        9.8422e-04   1.91e-06          9.8689e-04      8.29e-07    6.76e-01
   5        9.8333e-04   1.90e-06          9.8632e-04      7.60e-07    1.13e+00
   5        9.8551e-04   1.88e-06          9.8621e-04      7.05e-07    9.70e-01
   5        9.8320e-04   1.94e-06          9.8586e-04      6.62e-07    1.13e+00
   5        9.8535e-04   1.97e-06          9.8581e-04      6.28e-07    1.00e+00
   5        9.8278e-04   2.01e-06          9.8554e-04      5.99e-07    1.12e+00
   5        9.8627e-04   2.04e-06          9.8560e-04      5.75e-07    1.02e+00
   5        9.8598e-04   2.09e-06          9.8562e-04      5.54e-07    9.29e-01
   5        9.8755e-04   2.17e-06          9.8574e-04      5.37e-07    9.14e-01
   5        9.8744e-04   2.28e-06          9.8583e-04      5.23e-07    8.84e-01
   5        9.8855e-04   2.37e-06          9.8596e-04      5.11e-07    9.11e-01
   5        9.8444e-04   2.43e-06          9.8589e-04      5.00e-07    8.75e-01
   5        9.8333e-04   2.50e-06          9.8579e-04      4.90e-07    8.83e-01
   5        9.8773e-04   2.59e-06          9.8586e-04      4.81e-07    8.63e-01
   5        9.8859e-04   2.72e-06          9.8594e-04      4.74e-07    8.69e-01
   5        9.8815e-04   2.78e-06          9.8601e-04      4.67e-07    8.55e-01
   5        9.8128e-04   2.88e-06          9.8589e-04      4.61e-07    9.44e-01
   5        9.8824e-04   2.99e-06          9.8594e-04      4.56e-07    9.28e-01
   5        9.8710e-04   3.03e-06          9.8597e-04      4.51e-07    8.92e-01
   5        9.8832e-04   3.10e-06          9.8601e-04      4.46e-07    8.78e-01
   5        9.8907e-04   3.11e-06          9.8608e-04      4.42e-07    8.81e-01
   5        9.8202e-04   3.05e-06          9.8599e-04      4.37e-07    9.15e-01
   5        9.9115e-04   3.18e-06          9.8609e-04      4.33e-07    9.79e-01
   5        9.8548e-04   3.20e-06          9.8608e-04      4.29e-07    9.44e-01
   5        9.8715e-04   3.34e-06          9.8609e-04      4.26e-07    9.14e-01
   5        9.8706e-04   3.23e-06          9.8611e-04      4.22e-07    8.86e-01
   5        9.8559e-04   3.24e-06          9.8610e-04      4.18e-07    8.57e-01
   5        9.8671e-04   3.35e-06          9.8611e-04      4.15e-07    8.30e-01
   5        9.8933e-04   3.36e-06          9.8616e-04      4.12e-07    8.33e-01
   5        9.8404e-04   3.38e-06          9.8613e-04      4.09e-07    8.19e-01
   5        9.8034e-04   3.33e-06          9.8604e-04      4.06e-07    8.83e-01
   5        9.9001e-04   3.43e-06          9.8610e-04      4.03e-07    8.95e-01
   5        9.7953e-04   3.55e-06          9.8601e-04      4.01e-07    9.64e-01
   5        9.8278e-04   3.66e-06          9.8598e-04      3.98e-07    9.59e-01
   5        9.8669e-04   3.67e-06          9.8598e-04      3.96e-07    9.35e-01
   5        9.8442e-04   3.68e-06          9.8597e-04      3.94e-07    9.15e-01
   5        9.8509e-04   3.64e-06          9.8596e-04      3.91e-07    8.94e-01
   5        9.8260e-04   3.71e-06          9.8592e-04      3.89e-07    8.92e-01
   5        9.9650e-04   3.84e-06          9.8603e-04      3.87e-07    1.05e+00
   5        9.8803e-04   3.51e-06          9.8605e-04      3.85e-07    1.03e+00
   5        9.8038e-04   3.54e-06          9.8599e-04      3.83e-07    1.07e+00
   5        9.8558e-04   3.57e-06          9.8598e-04      3.80e-07    1.04e+00
   5        9.9029e-04   3.64e-06          9.8603e-04      3.78e-07    1.05e+00
   5        9.7814e-04   3.65e-06          9.8594e-04      3.76e-07    1.13e+00
   5        9.9336e-04   3.68e-06          9.8602e-04      3.74e-07    1.19e+00
   5        9.9165e-04   3.81e-06          9.8607e-04      3.73e-07    1.21e+00
   5        9.8543e-04   3.80e-06          9.8607e-04      3.71e-07    1.18e+00
   5        9.8174e-04   3.85e-06          9.8603e-04      3.69e-07    1.19e+00
   5        9.8712e-04   3.67e-06          9.8604e-04      3.67e-07    1.16e+00
   5        9.8913e-04   3.71e-06          9.8607e-04      3.65e-07    1.16e+00
   5        9.8970e-04   3.53e-06          9.8611e-04      3.63e-07    1.15e+00
LO = (9.8610736e-04 +- 3.6349991e-07) pb
LHAPDF 6.2.3 loading /pool/condor/dir_5019/resummino-releases/lhapdf-prefix/share/LHAPDF/PDF4LHC21_40/PDF4LHC21_40_0027.dat
PDF4LHC21_40 PDF set, member #27, version 1
 alpha_s(M_Z^2) = 0.1180 	 for NLO PDF set 
 alpha_s(900.000^2) = 0.0878 	 for NLO PDF set 

********************
* LO cross section *
********************
The limits of integration are:

xl[0]=0.000000    xu[0]=1.000000
xl[1]=0.000000    xu[1]=1.000000
xl[2]=0.000000    xu[2]=1.000000

num_dim=3, calls=2000, it_num=1, max_it_num=5 verb=0, alph=1.50,
mode=0, bins=50, boxes=1

       single.......iteration                   accumulated......results   
iteration     integral    sigma             integral         sigma     chi-sq/it

   1        9.0361e-04   3.56e-05          9.0361e-04      3.56e-05    0.00e+00
   2        9.8487e-04   1.19e-05          9.7675e-04      1.13e-05    4.68e+00
   3        9.8870e-04   6.48e-06          9.8573e-04      5.61e-06    2.76e+00
   4        9.8050e-04   6.07e-06          9.8332e-04      4.12e-06    1.97e+00
   5        9.8156e-04   6.13e-06          9.8277e-04      3.42e-06    1.50e+00

num_dim=3, calls=20000, it_num=1, max_it_num=5 verb=0, alph=1.50,
mode=0, bins=50, boxes=1

       single.......iteration                   accumulated......results   
iteration     integral    sigma             integral         sigma     chi-sq/it

   1        9.8839e-04   1.89e-06          9.8839e-04      1.89e-06    0.00e+00
   2        9.8700e-04   1.83e-06          9.8767e-04      1.31e-06    2.82e-01
   3        9.8753e-04   1.77e-06          9.8762e-04      1.06e-06    1.43e-01
   4        9.8769e-04   1.89e-06          9.8764e-04      9.21e-07    9.57e-02
   5        9.8435e-04   1.91e-06          9.8702e-04      8.30e-07    6.72e-01
   5        9.8348e-04   1.90e-06          9.8645e-04      7.60e-07    1.12e+00
   5        9.8563e-04   1.88e-06          9.8633e-04      7.05e-07    9.63e-01
   5        9.8332e-04   1.94e-06          9.8598e-04      6.63e-07    1.13e+00
   5        9.8550e-04   1.97e-06          9.8593e-04      6.28e-07    9.95e-01
   5        9.8294e-04   2.01e-06          9.8567e-04      5.99e-07    1.11e+00
   5        9.8639e-04   2.04e-06          9.8573e-04      5.75e-07    1.01e+00
   5        9.8612e-04   2.09e-06          9.8575e-04      5.55e-07    9.21e-01
   5        9.8767e-04   2.16e-06          9.8587e-04      5.37e-07    9.05e-01
   5        9.8758e-04   2.28e-06          9.8596e-04      5.23e-07    8.77e-01
   5        9.8865e-04   2.37e-06          9.8609e-04      5.11e-07    9.01e-01
   5        9.8457e-04   2.43e-06          9.8602e-04      5.00e-07    8.66e-01
   5        9.8345e-04   2.50e-06          9.8592e-04      4.90e-07    8.76e-01
   5        9.8787e-04   2.59e-06          9.8599e-04      4.81e-07    8.56e-01
   5        9.8868e-04   2.72e-06          9.8607e-04      4.74e-07    8.61e-01
   5        9.8822e-04   2.78e-06          9.8613e-04      4.67e-07    8.46e-01
   5        9.8142e-04   2.88e-06          9.8601e-04      4.61e-07    9.35e-01
   5        9.8834e-04   2.99e-06          9.8607e-04      4.56e-07    9.18e-01
   5        9.8720e-04   3.03e-06          9.8609e-04      4.51e-07    8.83e-01
   5        9.8848e-04   3.10e-06          9.8614e-04      4.46e-07    8.70e-01
   5        9.8918e-04   3.11e-06          9.8620e-04      4.42e-07    8.73e-01
   5        9.8213e-04   3.05e-06          9.8612e-04      4.37e-07    9.07e-01
   5        9.9127e-04   3.18e-06          9.8621e-04      4.33e-07    9.72e-01
   5        9.8557e-04   3.20e-06          9.8620e-04      4.29e-07    9.37e-01
   5        9.8724e-04   3.34e-06          9.8622e-04      4.26e-07    9.07e-01
   5        9.8714e-04   3.23e-06          9.8623e-04      4.22e-07    8.78e-01
   5        9.8570e-04   3.25e-06          9.8623e-04      4.18e-07    8.50e-01
   5        9.8681e-04   3.36e-06          9.8623e-04      4.15e-07    8.24e-01
   5        9.8949e-04   3.37e-06          9.8628e-04      4.12e-07    8.27e-01
   5        9.8418e-04   3.39e-06          9.8625e-04      4.09e-07    8.13e-01
   5        9.8045e-04   3.34e-06          9.8617e-04      4.06e-07    8.76e-01
   5        9.9013e-04   3.44e-06          9.8622e-04      4.03e-07    8.89e-01
   5        9.7961e-04   3.56e-06          9.8614e-04      4.01e-07    9.59e-01
   5        9.8288e-04   3.67e-06          9.8610e-04      3.98e-07    9.54e-01
   5        9.8680e-04   3.68e-06          9.8611e-04      3.96e-07    9.30e-01
   5        9.8457e-04   3.68e-06          9.8609e-04      3.94e-07    9.10e-01
   5        9.8524e-04   3.64e-06          9.8608e-04      3.91e-07    8.89e-01
   5        9.8269e-04   3.72e-06          9.8604e-04      3.89e-07    8.87e-01
   5        9.9665e-04   3.85e-06          9.8615e-04      3.87e-07    1.05e+00
   5        9.8818e-04   3.52e-06          9.8617e-04      3.85e-07    1.03e+00
   5        9.8051e-04   3.55e-06          9.8611e-04      3.83e-07    1.06e+00
   5        9.8570e-04   3.58e-06          9.8610e-04      3.81e-07    1.04e+00
   5        9.9042e-04   3.65e-06          9.8615e-04      3.79e-07    1.05e+00
   5        9.7827e-04   3.65e-06          9.8607e-04      3.77e-07    1.12e+00
   5        9.9344e-04   3.69e-06          9.8614e-04      3.75e-07    1.18e+00
   5        9.9178e-04   3.82e-06          9.8620e-04      3.73e-07    1.20e+00
   5        9.8558e-04   3.80e-06          9.8619e-04      3.71e-07    1.18e+00
   5        9.8187e-04   3.85e-06          9.8615e-04      3.69e-07    1.18e+00
   5        9.8728e-04   3.68e-06          9.8616e-04      3.67e-07    1.16e+00
   5        9.8927e-04   3.72e-06          9.8619e-04      3.66e-07    1.15e+00
   5        9.8976e-04   3.54e-06          9.8623e-04      3.64e-07    1.15e+00
LO = (9.8623029e-04 +- 3.6371938e-07) pb

*******************************************
* virtual corrections + integrated dipole *
*******************************************
The limits of integration are:

xl[0]=0.000000    xu[0]=1.000000
xl[1]=0.000000    xu[1]=1.000000
xl[2]=0.000000    xu[2]=1.000000

num_dim=3, calls=240, it_num=1, max_it_num=5 verb=0, alph=1.50,
mode=0, bins=50, boxes=1

       single.......iteration                   accumulated......results   
iteration     integral    sigma             integral         sigma     chi-sq/it

   1        3.4389e-05   4.03e-06          3.4389e-05      4.03e-06    0.00e+00
   2        3.5879e-05   1.72e-06          3.5649e-05      1.59e-06    1.15e-01
   3        3.7323e-05   1.12e-06          3.6767e-05      9.14e-07    4.30e-01
   4        3.7602e-05   9.20e-07          3.7182e-05      6.48e-07    4.25e-01
   5        3.8347e-05   8.71e-07          3.7597e-05      5.20e-07    6.07e-01

num_dim=3, calls=1200, it_num=1, max_it_num=3 verb=0, alph=1.50,
mode=0, bins=50, boxes=1

       single.......iteration                   accumulated......results   
iteration     integral    sigma             integral         sigma     chi-sq/it

   1        3.5849e-05   3.69e-07          3.5849e-05      3.69e-07    0.00e+00
   2        3.6663e-05   3.14e-07          3.6321e-05      2.39e-07    2.81e+00
   3        3.6526e-05   3.02e-07          3.6400e-05      1.88e-07    1.55e+00
   3        3.7315e-05   2.92e-07          3.6668e-05      1.58e-07    3.35e+00
   3        3.6348e-05   3.13e-07          3.6603e-05      1.41e-07    2.72e+00
   3        3.6683e-05   3.08e-07          3.6617e-05      1.28e-07    2.19e+00
   3        3.6356e-05   3.15e-07          3.6580e-05      1.19e-07    1.92e+00
   3        3.7011e-05   2.99e-07          3.6639e-05      1.10e-07    1.91e+00
   3        3.7117e-05   3.11e-07          3.6692e-05      1.04e-07    1.93e+00
   3        3.6843e-05   2.96e-07          3.6709e-05      9.81e-08    1.74e+00
   3        3.6608e-05   2.95e-07          3.6699e-05      9.31e-08    1.58e+00
   3        3.6731e-05   3.01e-07          3.6701e-05      8.89e-08    1.44e+00
vNLO = (3.6701430e-05 +- 8.8911959e-08) pb

*****************************
* collinear remainder (P+K) *
*****************************
The limits of integration are:

xl[0]=0.000000    xu[0]=1.000000
xl[1]=0.000000    xu[1]=1.000000
xl[2]=0.000000    xu[2]=1.000000
xl[3]=0.000000    xu[3]=1.000000

num_dim=4, calls=2500, it_num=1, max_it_num=5 verb=0, alph=1.50,
mode=0, bins=50, boxes=1

       single.......iteration                   accumulated......results   
iteration     integral    sigma             integral         sigma     chi-sq/it

   1        1.3344e-04   1.01e-05          1.3344e-04      1.01e-05    0.00e+00
   2        1.3364e-04   2.97e-06          1.3362e-04      2.85e-06    3.51e-04
   3        1.2813e-04   2.31e-06          1.3030e-04      1.79e-06    1.12e+00
   4        1.3030e-04   2.05e-06          1.3030e-04      1.35e-06    7.48e-01
   5        1.3008e-04   2.04e-06          1.3024e-04      1.13e-06    5.63e-01

num_dim=4, calls=25000, it_num=1, max_it_num=3 verb=0, alph=1.50,
mode=0, bins=50, boxes=1

       single.......iteration                   accumulated......results   
iteration     integral    sigma             integral         sigma     chi-sq/it

   1        1.2779e-04   6.60e-07          1.2779e-04      6.60e-07    0.00e+00
   2        1.2737e-04   6.69e-07          1.2758e-04      4.70e-07    1.97e-01
   3        1.2704e-04   6.60e-07          1.2740e-04      3.83e-07    3.25e-01
   3        1.2752e-04   6.61e-07          1.2743e-04      3.31e-07    2.25e-01
   3        1.2688e-04   6.72e-07          1.2732e-04      2.97e-07    3.02e-01
   3        1.2662e-04   6.63e-07          1.2721e-04      2.71e-07    4.28e-01
   3        1.2799e-04   6.63e-07          1.2732e-04      2.51e-07    5.55e-01
P+K = (1.2731728e-04 +- 2.5100415e-07) pb

********************************
* real gluon emission - dipole *
********************************
The limits of integration are:

xl[0]=0.000000    xu[0]=1.000000
xl[1]=0.000000    xu[1]=1.000000
xl[2]=0.000000    xu[2]=1.000000
xl[3]=0.000000    xu[3]=1.000000
xl[4]=0.000000    xu[4]=1.000000
xl[5]=0.000000    xu[5]=1.000000

num_dim=6, calls=250, it_num=1, max_it_num=5 verb=0, alph=1.50,
mode=0, bins=50, boxes=1

       single.......iteration                   accumulated......results   
iteration     integral    sigma             integral         sigma     chi-sq/it

   1        -2.4223e-06   5.21e-07          -2.4223e-06      5.21e-07    0.00e+00
   2        -2.8941e-06   5.89e-07          -2.6294e-06      3.90e-07    3.60e-01
   3        -3.0880e-06   4.50e-07          -2.8262e-06      2.95e-07    4.77e-01
   4        -3.2877e-06   6.66e-07          -2.9018e-06      2.69e-07    4.52e-01
   5        -2.5193e-06   2.98e-07          -2.7299e-06      2.00e-07    5.65e-01

num_dim=6, calls=2500, it_num=1, max_it_num=3 verb=0, alph=1.50,
mode=0, bins=50, boxes=1

       single.......iteration                   accumulated......results   
iteration     integral    sigma             integral         sigma     chi-sq/it

   1        -2.8749e-06   1.00e-07          -2.8749e-06      1.00e-07    0.00e+00
   2        -2.8749e-06   4.72e-08          -2.8749e-06      4.27e-08    1.97e-08
   3        -2.8514e-06   3.23e-08          -2.8600e-06      2.58e-08    9.66e-02
   3        -2.8323e-06   2.75e-08          -2.8471e-06      1.88e-08    2.44e-01
   3        -2.8675e-06   2.50e-08          -2.8544e-06      1.50e-08    2.90e-01
   3        -2.8330e-06   2.32e-08          -2.8481e-06      1.26e-08    3.52e-01
   3        -2.8289e-06   2.47e-08          -2.8441e-06      1.12e-08    3.74e-01
   3        -2.8552e-06   2.36e-08          -2.8462e-06      1.01e-08    3.46e-01
   3        -2.8256e-06   2.20e-08          -2.8425e-06      9.21e-09    3.93e-01
   3        -2.8518e-06   2.20e-08          -2.8439e-06      8.50e-09    3.66e-01
   3        -2.8304e-06   2.22e-08          -2.8422e-06      7.94e-09    3.62e-01
   3        -2.8097e-06   2.25e-08          -2.8386e-06      7.49e-09    4.98e-01
   3        -2.8554e-06   2.18e-08          -2.8404e-06      7.08e-09    5.00e-01
rNLOg = (-2.8403572e-06 +- 7.0809129e-09) pb

**************************************************
* real light quark emission - dipole - (onshell) *
**************************************************
The limits of integration are:

xl[0]=0.000000    xu[0]=1.000000
xl[1]=0.000000    xu[1]=1.000000
xl[2]=0.000000    xu[2]=1.000000
xl[3]=0.000000    xu[3]=1.000000
xl[4]=0.000000    xu[4]=1.000000
xl[5]=0.000000    xu[5]=1.000000

num_dim=6, calls=5000, it_num=1, max_it_num=5 verb=0, alph=1.50,
mode=0, bins=50, boxes=1

       single.......iteration                   accumulated......results   
iteration     integral    sigma             integral         sigma     chi-sq/it

   1        7.0550e-06   3.72e-07          7.0550e-06      3.72e-07    0.00e+00
   2        7.0395e-06   1.28e-07          7.0412e-06      1.21e-07    1.55e-03
   3        6.9774e-06   7.10e-08          6.9937e-06      6.13e-08    1.04e-01
   4        7.0147e-06   4.92e-08          7.0065e-06      3.84e-08    9.30e-02
   5        7.0169e-06   4.20e-08          7.0112e-06      2.83e-08    7.81e-02

num_dim=6, calls=50000, it_num=1, max_it_num=5 verb=0, alph=1.50,
mode=0, bins=50, boxes=1

       single.......iteration                   accumulated......results   
iteration     integral    sigma             integral         sigma     chi-sq/it

   1        7.0073e-06   1.29e-08          7.0073e-06      1.29e-08    0.00e+00
   2        7.0248e-06   1.56e-08          7.0145e-06      9.95e-09    7.47e-01
   3        7.0367e-06   1.66e-08          7.0203e-06      8.54e-09    1.03e+00
   4        7.0266e-06   1.39e-08          7.0220e-06      7.28e-09    7.39e-01
   5        7.0313e-06   1.53e-08          7.0238e-06      6.57e-09    6.29e-01
rNLOq = (7.0237548e-06 +- 6.5697451e-09) pb
NLO = (1.1544324e-03 +- 4.5088081e-07) pb
#chisq/dof = 2.11722e-09
#status = success
#chisq/dof = 4.78396e-09
#status = success
#chisq/dof = 6.97352e-10
#status = success
#chisq/dof = 6.04551e-10
#status = success
#chisq/dof = 4.24007e-11
#status = success
#chisq/dof = 2.52412e-12
#status = success
#chisq/dof = 4.64884e-10
#status = success
#chisq/dof = 8.53715e-11
#status = success

*******************************************************
* threshold resummation (unimproved nnll) - expansion *
*******************************************************
The limits of integration are:

xl[0]=0.000000    xu[0]=1.000000
xl[1]=0.000000    xu[1]=1.000000
xl[2]=0.000000    xu[2]=1.000000

num_dim=3, calls=7000, it_num=1, max_it_num=5 verb=0, alph=1.50,
mode=0, bins=50, boxes=1

       single.......iteration                   accumulated......results   
iteration     integral    sigma             integral         sigma     chi-sq/it

   1        1.3311e-05   1.21e-06          1.3311e-05      1.21e-06    0.00e+00
   2        1.2178e-05   6.34e-07          1.2421e-05      5.62e-07    6.86e-01
   3        1.1271e-05   5.96e-07          1.1880e-05      4.09e-07    1.33e+00
   4        1.1896e-05   6.07e-07          1.1885e-05      3.39e-07    8.86e-01
   5        1.0497e-05   6.05e-07          1.1553e-05      2.96e-07    1.67e+00

num_dim=3, calls=35000, it_num=1, max_it_num=5 verb=0, alph=1.50,
mode=0, bins=50, boxes=1

       single.......iteration                   accumulated......results   
iteration     integral    sigma             integral         sigma     chi-sq/it

   1        1.1582e-05   2.67e-07          1.1582e-05      2.67e-07    0.00e+00
   2        1.1698e-05   2.69e-07          1.1639e-05      1.89e-07    9.40e-02
   3        1.1696e-05   2.68e-07          1.1658e-05      1.55e-07    6.20e-02
   4        1.1714e-05   2.69e-07          1.1672e-05      1.34e-07    5.19e-02
   5        1.1758e-05   2.68e-07          1.1689e-05      1.20e-07    5.94e-02
   5        1.1681e-05   2.69e-07          1.1688e-05      1.09e-07    4.77e-02
   5        1.1985e-05   2.67e-07          1.1731e-05      1.01e-07    2.17e-01
   5        1.1754e-05   2.68e-07          1.1734e-05      9.48e-08    1.87e-01
   5        1.1776e-05   2.71e-07          1.1738e-05      8.95e-08    1.66e-01
   5        1.1265e-05   2.68e-07          1.1691e-05      8.49e-08    4.58e-01
   5        1.1588e-05   2.70e-07          1.1682e-05      8.10e-08    4.26e-01
   5        1.2144e-05   2.70e-07          1.1720e-05      7.76e-08    6.32e-01
aNNLO+NNLL = (1.1661522e-03 +- 4.5750194e-07) pb

Results:
LO = (9.8610736e-04 +- 3.6349991e-07) pb
NLO = (1.1544324e-03 +- 4.5088081e-07) pb
aNNLO+NNLL = (1.1661522e-03 +- 4.5750194e-07) pb
Thanks for using LHAPDF 6.2.3. Please make sure to cite the paper:
  Eur.Phys.J. C75 (2015) 3, 132  (http://arxiv.org/abs/1412.7420)
 ====================================================
   FF 2.0, a package to evaluate one-loop integrals
 written by G. J. van Oldenborgh, NIKHEF-H, Amsterdam
 ====================================================
 for the algorithms used see preprint NIKHEF-H 89/17,
 'New Algorithms for One-loop Integrals', by G.J. van
 Oldenborgh and J.A.M. Vermaseren, published in 
 Zeitschrift fuer Physik C46(1990)425.
 ====================================================
 
total number of errors and warnings
===================================
fferr: no errors
 
