
  Welcome to Resummino git-latest
  Copyright 2008-2010 Jonathan Debove.
  Copyright 2011-2014 David R. Lamprea.
  Copyright 2011-2016 Marcel Rothering.

  Licensed under the EUPL 1.1 or later.
  See http://www.resummino.org/ for more information.

  If using Resummino for slepton pair production, please cite.
  - G. Bozzi, B. Fuks, M. Klasen, PRD 74, 015001 (2006); NPB 777, 157 (2007); NPB 794, 46 (2007).
  - B. Fuks, M. Klasen, D. R. Lamprea, M. Rothering, EPJC 73, 2480 (2013).

  For gaugino pair production, please cite:
  - J. Debove, B. Fuks, M. Klasen, PLB 688, 208 (2010); NPB 842, 51 (2011); NPB 849, 64 (2011).
  - B. Fuks, M. Klasen, D. R. Lamprea, M. Rothering, JHEP 1210, 081 (2012); EPJC 73, 2480 (2013).

  For associated gaugino gluino production, please cite:
  - B. Fuks, M. Klasen, M. Rothering, JHEP 07:053, (2016).
  - B. Fuks, M. Klasen, D. R. Lamprea, M. Rothering, EPJC 73, 2480 (2013).

LHAPDF 6.2.3 loading /pool/condor/dir_29368/resummino-releases/lhapdf-prefix/share/LHAPDF/PDF4LHC21_40/PDF4LHC21_40_0000.dat
PDF4LHC21_40 PDF set, member #0, version 1
 alpha_s(M_Z^2) = 0.1180 	 for LO PDF set 
 alpha_s(200.000^2) = 0.1055 	 for LO PDF set 

********************
* LO cross section *
********************
The limits of integration are:

xl[0]=0.000000    xu[0]=1.000000
xl[1]=0.000000    xu[1]=1.000000
xl[2]=0.000000    xu[2]=1.000000

num_dim=3, calls=2000, it_num=1, max_it_num=5 verb=0, alph=1.50,
mode=0, bins=50, boxes=1

       single.......iteration                   accumulated......results   
iteration     integral    sigma             integral         sigma     chi-sq/it

   1        7.5038e-01   2.93e-02          7.5038e-01      2.93e-02    0.00e+00
   2        7.9089e-01   9.86e-03          7.8678e-01      9.35e-03    1.71e+00
   3        7.9447e-01   6.35e-03          7.9204e-01      5.25e-03    1.09e+00
   4        7.8712e-01   6.11e-03          7.8995e-01      3.98e-03    8.50e-01
   5        7.8916e-01   6.17e-03          7.8972e-01      3.35e-03    6.41e-01

num_dim=3, calls=20000, it_num=1, max_it_num=5 verb=0, alph=1.50,
mode=0, bins=50, boxes=1

       single.......iteration                   accumulated......results   
iteration     integral    sigma             integral         sigma     chi-sq/it

   1        7.9736e-01   1.90e-03          7.9736e-01      1.90e-03    0.00e+00
   2        7.9561e-01   1.85e-03          7.9646e-01      1.33e-03    4.38e-01
   3        7.9530e-01   1.81e-03          7.9605e-01      1.07e-03    3.52e-01
   4        7.9560e-01   1.88e-03          7.9594e-01      9.30e-04    2.49e-01
   5        7.9365e-01   1.90e-03          7.9550e-01      8.35e-04    4.81e-01
   5        7.9170e-01   1.90e-03          7.9489e-01      7.65e-04    1.05e+00
   5        7.9358e-01   1.87e-03          7.9470e-01      7.08e-04    9.47e-01
   5        7.9112e-01   1.93e-03          7.9428e-01      6.65e-04    1.24e+00
   5        7.9408e-01   1.96e-03          7.9425e-01      6.29e-04    1.09e+00
   5        7.9219e-01   1.98e-03          7.9407e-01      6.00e-04    1.08e+00
   5        7.9549e-01   2.00e-03          7.9418e-01      5.75e-04    1.02e+00
   5        7.9442e-01   2.04e-03          7.9420e-01      5.53e-04    9.26e-01
   5        7.9589e-01   2.08e-03          7.9431e-01      5.35e-04    9.00e-01
   5        7.9698e-01   2.19e-03          7.9446e-01      5.19e-04    9.39e-01
   5        7.9632e-01   2.22e-03          7.9456e-01      5.06e-04    9.19e-01
   5        7.9308e-01   2.28e-03          7.9449e-01      4.94e-04    8.85e-01
   5        7.9284e-01   2.31e-03          7.9442e-01      4.83e-04    8.60e-01
   5        7.9517e-01   2.36e-03          7.9445e-01      4.73e-04    8.15e-01
   5        7.9610e-01   2.44e-03          7.9451e-01      4.64e-04    7.94e-01
   5        7.9665e-01   2.50e-03          7.9458e-01      4.56e-04    7.90e-01
   5        7.8971e-01   2.57e-03          7.9443e-01      4.49e-04    9.24e-01
   5        7.9777e-01   2.56e-03          7.9453e-01      4.43e-04    9.59e-01
   5        7.9514e-01   2.58e-03          7.9455e-01      4.36e-04    9.18e-01
   5        7.9704e-01   2.63e-03          7.9461e-01      4.30e-04    9.16e-01
   5        7.9719e-01   2.67e-03          7.9468e-01      4.25e-04    9.15e-01
   5        7.8976e-01   2.64e-03          7.9455e-01      4.20e-04    1.01e+00
   5        7.9856e-01   2.73e-03          7.9465e-01      4.15e-04    1.06e+00
   5        7.9485e-01   2.74e-03          7.9465e-01      4.10e-04    1.02e+00
   5        7.9625e-01   2.87e-03          7.9468e-01      4.06e-04    9.91e-01
   5        7.9453e-01   2.74e-03          7.9468e-01      4.01e-04    9.57e-01
   5        7.9331e-01   2.75e-03          7.9465e-01      3.97e-04    9.33e-01
   5        7.9481e-01   2.81e-03          7.9465e-01      3.93e-04    9.03e-01
   5        7.9743e-01   2.84e-03          7.9471e-01      3.90e-04    9.05e-01
   5        7.9288e-01   2.84e-03          7.9467e-01      3.86e-04    8.89e-01
   5        7.8872e-01   2.79e-03          7.9456e-01      3.82e-04    9.95e-01
   5        7.9737e-01   2.86e-03          7.9461e-01      3.79e-04    9.94e-01
   5        7.9206e-01   2.95e-03          7.9457e-01      3.76e-04    9.87e-01
   5        7.9316e-01   3.01e-03          7.9455e-01      3.73e-04    9.66e-01
   5        7.9485e-01   3.02e-03          7.9455e-01      3.70e-04    9.41e-01
   5        7.9303e-01   3.05e-03          7.9453e-01      3.68e-04    9.23e-01
   5        7.9252e-01   3.03e-03          7.9450e-01      3.65e-04    9.11e-01
   5        7.9100e-01   3.10e-03          7.9445e-01      3.62e-04    9.19e-01
   5        8.0272e-01   3.18e-03          7.9456e-01      3.60e-04    1.06e+00
   5        7.9671e-01   2.89e-03          7.9459e-01      3.57e-04    1.04e+00
   5        7.8966e-01   2.89e-03          7.9452e-01      3.55e-04    1.09e+00
   5        7.9462e-01   2.91e-03          7.9452e-01      3.52e-04    1.06e+00
   5        7.9814e-01   2.95e-03          7.9457e-01      3.49e-04    1.07e+00
   5        7.8826e-01   3.00e-03          7.9449e-01      3.47e-04    1.14e+00
   5        7.9931e-01   3.02e-03          7.9455e-01      3.45e-04    1.17e+00
   5        7.9778e-01   3.10e-03          7.9459e-01      3.43e-04    1.17e+00
   5        7.9414e-01   3.10e-03          7.9458e-01      3.41e-04    1.15e+00
   5        7.9214e-01   3.18e-03          7.9456e-01      3.39e-04    1.13e+00
   5        7.9579e-01   3.06e-03          7.9457e-01      3.37e-04    1.12e+00
   5        7.9674e-01   3.08e-03          7.9460e-01      3.35e-04    1.10e+00
   5        7.9605e-01   2.97e-03          7.9461e-01      3.33e-04    1.09e+00
LO = (7.9461373e-01 +- 3.3254563e-04) pb
LHAPDF 6.2.3 loading /pool/condor/dir_29368/resummino-releases/lhapdf-prefix/share/LHAPDF/PDF4LHC21_40/PDF4LHC21_40_0004.dat
PDF4LHC21_40 PDF set, member #4, version 1
 alpha_s(M_Z^2) = 0.1180 	 for NLO PDF set 
 alpha_s(200.000^2) = 0.1055 	 for NLO PDF set 

********************
* LO cross section *
********************
The limits of integration are:

xl[0]=0.000000    xu[0]=1.000000
xl[1]=0.000000    xu[1]=1.000000
xl[2]=0.000000    xu[2]=1.000000

num_dim=3, calls=2000, it_num=1, max_it_num=5 verb=0, alph=1.50,
mode=0, bins=50, boxes=1

       single.......iteration                   accumulated......results   
iteration     integral    sigma             integral         sigma     chi-sq/it

   1        7.4142e-01   2.90e-02          7.4142e-01      2.90e-02    0.00e+00
   2        7.8098e-01   9.75e-03          7.7696e-01      9.24e-03    1.67e+00
   3        7.8444e-01   6.30e-03          7.8206e-01      5.21e-03    1.06e+00
   4        7.7724e-01   6.07e-03          7.8002e-01      3.95e-03    8.28e-01
   5        7.7927e-01   6.13e-03          7.7980e-01      3.32e-03    6.23e-01

num_dim=3, calls=20000, it_num=1, max_it_num=5 verb=0, alph=1.50,
mode=0, bins=50, boxes=1

       single.......iteration                   accumulated......results   
iteration     integral    sigma             integral         sigma     chi-sq/it

   1        7.8744e-01   1.89e-03          7.8744e-01      1.89e-03    0.00e+00
   2        7.8572e-01   1.83e-03          7.8655e-01      1.32e-03    4.30e-01
   3        7.8536e-01   1.80e-03          7.8614e-01      1.06e-03    3.58e-01
   4        7.8568e-01   1.87e-03          7.8603e-01      9.24e-04    2.54e-01
   5        7.8377e-01   1.89e-03          7.8559e-01      8.29e-04    4.80e-01
   5        7.8181e-01   1.89e-03          7.8498e-01      7.60e-04    1.05e+00
   5        7.8368e-01   1.86e-03          7.8479e-01      7.03e-04    9.47e-01
   5        7.8125e-01   1.92e-03          7.8437e-01      6.60e-04    1.24e+00
   5        7.8420e-01   1.94e-03          7.8436e-01      6.25e-04    1.09e+00
   5        7.8234e-01   1.97e-03          7.8417e-01      5.96e-04    1.07e+00
   5        7.8558e-01   1.98e-03          7.8429e-01      5.70e-04    1.01e+00
   5        7.8453e-01   2.02e-03          7.8431e-01      5.49e-04    9.22e-01
   5        7.8598e-01   2.06e-03          7.8442e-01      5.31e-04    8.96e-01
   5        7.8706e-01   2.17e-03          7.8457e-01      5.15e-04    9.35e-01
   5        7.8638e-01   2.20e-03          7.8466e-01      5.02e-04    9.15e-01
   5        7.8319e-01   2.26e-03          7.8459e-01      4.90e-04    8.80e-01
   5        7.8295e-01   2.29e-03          7.8452e-01      4.79e-04    8.56e-01
   5        7.8526e-01   2.33e-03          7.8455e-01      4.69e-04    8.12e-01
   5        7.8616e-01   2.42e-03          7.8461e-01      4.61e-04    7.90e-01
   5        7.8669e-01   2.48e-03          7.8468e-01      4.53e-04    7.85e-01
   5        7.7985e-01   2.54e-03          7.8453e-01      4.46e-04    9.20e-01
   5        7.8785e-01   2.54e-03          7.8463e-01      4.39e-04    9.56e-01
   5        7.8522e-01   2.55e-03          7.8465e-01      4.33e-04    9.15e-01
   5        7.8713e-01   2.60e-03          7.8471e-01      4.27e-04    9.13e-01
   5        7.8723e-01   2.64e-03          7.8478e-01      4.21e-04    9.12e-01
   5        7.7989e-01   2.62e-03          7.8465e-01      4.16e-04    1.01e+00
   5        7.8861e-01   2.70e-03          7.8474e-01      4.11e-04    1.05e+00
   5        7.8494e-01   2.72e-03          7.8475e-01      4.07e-04    1.01e+00
   5        7.8631e-01   2.84e-03          7.8478e-01      4.02e-04    9.89e-01
   5        7.8462e-01   2.71e-03          7.8478e-01      3.98e-04    9.55e-01
   5        7.8339e-01   2.72e-03          7.8475e-01      3.94e-04    9.31e-01
   5        7.8489e-01   2.78e-03          7.8475e-01      3.90e-04    9.01e-01
   5        7.8751e-01   2.81e-03          7.8480e-01      3.86e-04    9.03e-01
   5        7.8303e-01   2.82e-03          7.8477e-01      3.83e-04    8.87e-01
   5        7.7887e-01   2.76e-03          7.8466e-01      3.79e-04    9.93e-01
   5        7.8744e-01   2.83e-03          7.8471e-01      3.76e-04    9.92e-01
   5        7.8223e-01   2.92e-03          7.8467e-01      3.73e-04    9.84e-01
   5        7.8328e-01   2.98e-03          7.8465e-01      3.70e-04    9.64e-01
   5        7.8493e-01   2.99e-03          7.8465e-01      3.67e-04    9.38e-01
   5        7.8314e-01   3.02e-03          7.8463e-01      3.64e-04    9.21e-01
   5        7.8262e-01   3.00e-03          7.8460e-01      3.62e-04    9.09e-01
   5        7.8114e-01   3.07e-03          7.8455e-01      3.59e-04    9.17e-01
   5        7.9268e-01   3.14e-03          7.8466e-01      3.57e-04    1.05e+00
   5        7.8681e-01   2.86e-03          7.8469e-01      3.54e-04    1.04e+00
   5        7.7981e-01   2.86e-03          7.8462e-01      3.51e-04    1.08e+00
   5        7.8472e-01   2.88e-03          7.8462e-01      3.49e-04    1.06e+00
   5        7.8823e-01   2.92e-03          7.8467e-01      3.46e-04    1.07e+00
   5        7.7843e-01   2.96e-03          7.8458e-01      3.44e-04    1.14e+00
   5        7.8936e-01   2.99e-03          7.8465e-01      3.42e-04    1.17e+00
   5        7.8781e-01   3.07e-03          7.8469e-01      3.40e-04    1.17e+00
   5        7.8420e-01   3.07e-03          7.8468e-01      3.38e-04    1.14e+00
   5        7.8229e-01   3.15e-03          7.8465e-01      3.36e-04    1.13e+00
   5        7.8586e-01   3.02e-03          7.8467e-01      3.34e-04    1.11e+00
   5        7.8678e-01   3.04e-03          7.8469e-01      3.32e-04    1.10e+00
   5        7.8612e-01   2.93e-03          7.8471e-01      3.30e-04    1.08e+00
LO = (7.8470999e-01 +- 3.2952796e-04) pb

*******************************************
* virtual corrections + integrated dipole *
*******************************************
The limits of integration are:

xl[0]=0.000000    xu[0]=1.000000
xl[1]=0.000000    xu[1]=1.000000
xl[2]=0.000000    xu[2]=1.000000

num_dim=3, calls=240, it_num=1, max_it_num=5 verb=0, alph=1.50,
mode=0, bins=50, boxes=1

       single.......iteration                   accumulated......results   
iteration     integral    sigma             integral         sigma     chi-sq/it

   1        3.5224e-02   4.09e-03          3.5224e-02      4.09e-03    0.00e+00
   2        3.4881e-02   1.54e-03          3.4924e-02      1.44e-03    6.16e-03
   3        3.6043e-02   1.22e-03          3.5576e-02      9.31e-04    1.79e-01
   4        3.6738e-02   1.04e-03          3.6090e-02      6.95e-04    3.49e-01
   5        3.6637e-02   9.83e-04          3.6272e-02      5.67e-04    3.13e-01

num_dim=3, calls=1200, it_num=1, max_it_num=3 verb=0, alph=1.50,
mode=0, bins=50, boxes=1

       single.......iteration                   accumulated......results   
iteration     integral    sigma             integral         sigma     chi-sq/it

   1        3.4245e-02   4.24e-04          3.4245e-02      4.24e-04    0.00e+00
   2        3.5034e-02   3.70e-04          3.4693e-02      2.79e-04    1.97e+00
   3        3.4714e-02   3.58e-04          3.4701e-02      2.20e-04    9.85e-01
vNLO = (3.4700560e-02 +- 2.1986134e-04) pb

*****************************
* collinear remainder (P+K) *
*****************************
The limits of integration are:

xl[0]=0.000000    xu[0]=1.000000
xl[1]=0.000000    xu[1]=1.000000
xl[2]=0.000000    xu[2]=1.000000
xl[3]=0.000000    xu[3]=1.000000

num_dim=4, calls=2500, it_num=1, max_it_num=5 verb=0, alph=1.50,
mode=0, bins=50, boxes=1

       single.......iteration                   accumulated......results   
iteration     integral    sigma             integral         sigma     chi-sq/it

   1        9.1872e-02   7.86e-03          9.1872e-02      7.86e-03    0.00e+00
   2        9.1221e-02   3.74e-03          9.1341e-02      3.37e-03    5.58e-03
   3        8.6167e-02   3.38e-03          8.8756e-02      2.39e-03    5.90e-01
   4        8.8298e-02   3.29e-03          8.8598e-02      1.93e-03    3.98e-01
   5        8.4344e-02   3.34e-03          8.7530e-02      1.67e-03    6.02e-01

num_dim=4, calls=25000, it_num=1, max_it_num=3 verb=0, alph=1.50,
mode=0, bins=50, boxes=1

       single.......iteration                   accumulated......results   
iteration     integral    sigma             integral         sigma     chi-sq/it

   1        8.6651e-02   1.04e-03          8.6651e-02      1.04e-03    0.00e+00
   2        8.7638e-02   1.04e-03          8.7147e-02      7.37e-04    4.48e-01
   3        8.8534e-02   1.04e-03          8.7612e-02      6.01e-04    8.19e-01
   3        8.8815e-02   1.04e-03          8.7914e-02      5.20e-04    8.81e-01
   3        8.9507e-02   1.03e-03          8.8236e-02      4.65e-04    1.13e+00
   3        8.8038e-02   1.04e-03          8.8203e-02      4.24e-04    9.14e-01
   3        8.8190e-02   1.04e-03          8.8201e-02      3.92e-04    7.61e-01
   3        8.7986e-02   1.04e-03          8.8174e-02      3.67e-04    6.58e-01
   3        8.9039e-02   1.04e-03          8.8269e-02      3.46e-04    6.52e-01
   3        9.0463e-02   1.04e-03          8.8489e-02      3.28e-04    1.03e+00
   3        8.8707e-02   1.04e-03          8.8508e-02      3.13e-04    9.27e-01
   3        8.8094e-02   1.05e-03          8.8475e-02      3.00e-04    8.56e-01
   3        8.9000e-02   1.05e-03          8.8515e-02      2.89e-04    8.04e-01
   3        8.8506e-02   1.06e-03          8.8514e-02      2.78e-04    7.42e-01
   3        8.8511e-02   1.06e-03          8.8514e-02      2.69e-04    6.89e-01
   3        8.9365e-02   1.07e-03          8.8565e-02      2.61e-04    6.83e-01
P+K = (8.8564620e-02 +- 2.6118076e-04) pb

********************************
* real gluon emission - dipole *
********************************
The limits of integration are:

xl[0]=0.000000    xu[0]=1.000000
xl[1]=0.000000    xu[1]=1.000000
xl[2]=0.000000    xu[2]=1.000000
xl[3]=0.000000    xu[3]=1.000000
xl[4]=0.000000    xu[4]=1.000000
xl[5]=0.000000    xu[5]=1.000000

num_dim=6, calls=250, it_num=1, max_it_num=5 verb=0, alph=1.50,
mode=0, bins=50, boxes=1

       single.......iteration                   accumulated......results   
iteration     integral    sigma             integral         sigma     chi-sq/it

   1        -5.3866e-03   9.54e-04          -5.3866e-03      9.54e-04    0.00e+00
   2        -5.8891e-03   8.42e-04          -5.6691e-03      6.31e-04    1.56e-01
   3        -5.8213e-03   6.96e-04          -5.7377e-03      4.67e-04    9.12e-02
   4        -6.7744e-03   1.10e-03          -5.8961e-03      4.30e-04    3.11e-01
   5        -6.4009e-03   7.24e-04          -6.0279e-03      3.70e-04    3.23e-01

num_dim=6, calls=2500, it_num=1, max_it_num=3 verb=0, alph=1.50,
mode=0, bins=50, boxes=1

       single.......iteration                   accumulated......results   
iteration     integral    sigma             integral         sigma     chi-sq/it

   1        -6.2241e-03   1.87e-04          -6.2241e-03      1.87e-04    0.00e+00
   2        -6.2314e-03   1.04e-04          -6.2297e-03      9.07e-05    1.14e-03
   3        -6.4139e-03   8.70e-05          -6.3256e-03      6.28e-05    1.08e+00
rNLOg = (-6.3256275e-03 +- 6.2779054e-05) pb

**************************************************
* real light quark emission - dipole - (onshell) *
**************************************************
The limits of integration are:

xl[0]=0.000000    xu[0]=1.000000
xl[1]=0.000000    xu[1]=1.000000
xl[2]=0.000000    xu[2]=1.000000
xl[3]=0.000000    xu[3]=1.000000
xl[4]=0.000000    xu[4]=1.000000
xl[5]=0.000000    xu[5]=1.000000

num_dim=6, calls=5000, it_num=1, max_it_num=5 verb=0, alph=1.50,
mode=0, bins=50, boxes=1

       single.......iteration                   accumulated......results   
iteration     integral    sigma             integral         sigma     chi-sq/it

   1        2.3607e-02   1.38e-03          2.3607e-02      1.38e-03    0.00e+00
   2        2.3623e-02   4.38e-04          2.3621e-02      4.18e-04    1.10e-04
   3        2.3130e-02   2.36e-04          2.3248e-02      2.05e-04    5.25e-01
   4        2.3378e-02   1.95e-04          2.3317e-02      1.42e-04    4.20e-01
   5        2.3278e-02   1.76e-04          2.3302e-02      1.10e-04    3.22e-01

num_dim=6, calls=50000, it_num=1, max_it_num=5 verb=0, alph=1.50,
mode=0, bins=50, boxes=1

       single.......iteration                   accumulated......results   
iteration     integral    sigma             integral         sigma     chi-sq/it

   1        2.3213e-02   5.55e-05          2.3213e-02      5.55e-05    0.00e+00
   2        2.3318e-02   5.96e-05          2.3262e-02      4.06e-05    1.68e+00
   3        2.3374e-02   6.50e-05          2.3293e-02      3.45e-05    1.91e+00
   4        2.3310e-02   5.83e-05          2.3297e-02      2.97e-05    1.29e+00
   5        2.3366e-02   6.44e-05          2.3309e-02      2.69e-05    1.20e+00
rNLOq = (2.3309494e-02 +- 2.6940642e-05) pb
NLO = (9.2495904e-01 +- 4.7938510e-04) pb
#chisq/dof = 1.42733e-07
#status = success
#chisq/dof = 1.42381e-08
#status = success
#chisq/dof = 1.08195e-09
#status = success
#chisq/dof = 3.61724e-09
#status = success
#chisq/dof = 2.58473e-10
#status = success
#chisq/dof = 9.96939e-11
#status = success
#chisq/dof = 2.74218e-09
#status = success
#chisq/dof = 1.6119e-10
#status = success

*******************************************************
* threshold resummation (unimproved nnll) - expansion *
*******************************************************
The limits of integration are:

xl[0]=0.000000    xu[0]=1.000000
xl[1]=0.000000    xu[1]=1.000000
xl[2]=0.000000    xu[2]=1.000000

num_dim=3, calls=7000, it_num=1, max_it_num=5 verb=0, alph=1.50,
mode=0, bins=50, boxes=1

       single.......iteration                   accumulated......results   
iteration     integral    sigma             integral         sigma     chi-sq/it

   1        5.1224e-03   1.25e-03          5.1224e-03      1.25e-03    0.00e+00
   2        5.3592e-03   3.30e-04          5.3438e-03      3.19e-04    3.34e-02
   3        4.8561e-03   2.68e-04          5.0581e-03      2.05e-04    7.02e-01
   4        5.7430e-03   2.63e-04          5.3171e-03      1.62e-04    1.87e+00
   5        5.3888e-03   2.60e-04          5.3371e-03      1.37e-04    1.42e+00

num_dim=3, calls=35000, it_num=1, max_it_num=5 verb=0, alph=1.50,
mode=0, bins=50, boxes=1

       single.......iteration                   accumulated......results   
iteration     integral    sigma             integral         sigma     chi-sq/it

   1        5.1788e-03   1.17e-04          5.1788e-03      1.17e-04    0.00e+00
   2        5.3107e-03   1.18e-04          5.2441e-03      8.31e-05    6.30e-01
   3        5.4369e-03   1.17e-04          5.3085e-03      6.78e-05    1.21e+00
   4        5.2295e-03   1.17e-04          5.2887e-03      5.87e-05    9.22e-01
   5        5.4704e-03   1.18e-04          5.3249e-03      5.25e-05    1.17e+00
aNNLO+NNLL = (9.3028397e-01 +- 4.8225675e-04) pb

Results:
LO = (7.9461373e-01 +- 3.3254563e-04) pb
NLO = (9.2495904e-01 +- 4.7938510e-04) pb
aNNLO+NNLL = (9.3028397e-01 +- 4.8225675e-04) pb
Thanks for using LHAPDF 6.2.3. Please make sure to cite the paper:
  Eur.Phys.J. C75 (2015) 3, 132  (http://arxiv.org/abs/1412.7420)
 ====================================================
   FF 2.0, a package to evaluate one-loop integrals
 written by G. J. van Oldenborgh, NIKHEF-H, Amsterdam
 ====================================================
 for the algorithms used see preprint NIKHEF-H 89/17,
 'New Algorithms for One-loop Integrals', by G.J. van
 Oldenborgh and J.A.M. Vermaseren, published in 
 Zeitschrift fuer Physik C46(1990)425.
 ====================================================
 
total number of errors and warnings
===================================
fferr: no errors
 
