
  Welcome to Resummino git-latest
  Copyright 2008-2010 Jonathan Debove.
  Copyright 2011-2014 David R. Lamprea.
  Copyright 2011-2016 Marcel Rothering.

  Licensed under the EUPL 1.1 or later.
  See http://www.resummino.org/ for more information.

  If using Resummino for slepton pair production, please cite.
  - G. Bozzi, B. Fuks, M. Klasen, PRD 74, 015001 (2006); NPB 777, 157 (2007); NPB 794, 46 (2007).
  - B. Fuks, M. Klasen, D. R. Lamprea, M. Rothering, EPJC 73, 2480 (2013).

  For gaugino pair production, please cite:
  - J. Debove, B. Fuks, M. Klasen, PLB 688, 208 (2010); NPB 842, 51 (2011); NPB 849, 64 (2011).
  - B. Fuks, M. Klasen, D. R. Lamprea, M. Rothering, JHEP 1210, 081 (2012); EPJC 73, 2480 (2013).

  For associated gaugino gluino production, please cite:
  - B. Fuks, M. Klasen, M. Rothering, JHEP 07:053, (2016).
  - B. Fuks, M. Klasen, D. R. Lamprea, M. Rothering, EPJC 73, 2480 (2013).

LHAPDF 6.2.3 loading /pool/condor/dir_845/resummino-releases/lhapdf-prefix/share/LHAPDF/PDF4LHC21_40/PDF4LHC21_40_0000.dat
PDF4LHC21_40 PDF set, member #0, version 1
 alpha_s(M_Z^2) = 0.1180 	 for LO PDF set 
 alpha_s(1600.000^2) = 0.0826 	 for LO PDF set 

********************
* LO cross section *
********************
The limits of integration are:

xl[0]=0.000000    xu[0]=1.000000
xl[1]=0.000000    xu[1]=1.000000
xl[2]=0.000000    xu[2]=1.000000

num_dim=3, calls=2000, it_num=1, max_it_num=5 verb=0, alph=1.50,
mode=0, bins=50, boxes=1

       single.......iteration                   accumulated......results   
iteration     integral    sigma             integral         sigma     chi-sq/it

   1        1.8080e-05   7.00e-07          1.8080e-05      7.00e-07    0.00e+00
   2        1.9795e-05   2.36e-07          1.9621e-05      2.23e-07    5.39e+00
   3        1.9861e-05   1.21e-07          1.9806e-05      1.07e-07    3.14e+00
   4        1.9711e-05   1.12e-07          1.9761e-05      7.74e-08    2.22e+00
   5        1.9727e-05   1.10e-07          1.9750e-05      6.33e-08    1.68e+00

num_dim=3, calls=20000, it_num=1, max_it_num=5 verb=0, alph=1.50,
mode=0, bins=50, boxes=1

       single.......iteration                   accumulated......results   
iteration     integral    sigma             integral         sigma     chi-sq/it

   1        1.9843e-05   3.44e-08          1.9843e-05      3.44e-08    0.00e+00
   2        1.9816e-05   3.31e-08          1.9829e-05      2.39e-08    3.21e-01
   3        1.9833e-05   3.19e-08          1.9830e-05      1.91e-08    1.65e-01
   4        1.9830e-05   3.40e-08          1.9830e-05      1.67e-08    1.10e-01
   5        1.9766e-05   3.53e-08          1.9818e-05      1.51e-08    7.64e-01
   5        1.9748e-05   3.46e-08          1.9807e-05      1.38e-08    1.30e+00
   5        1.9805e-05   3.47e-08          1.9807e-05      1.28e-08    1.09e+00
   5        1.9745e-05   3.57e-08          1.9800e-05      1.21e-08    1.31e+00
   5        1.9793e-05   3.64e-08          1.9799e-05      1.15e-08    1.15e+00
   5        1.9749e-05   3.70e-08          1.9795e-05      1.09e-08    1.21e+00
   5        1.9805e-05   3.79e-08          1.9796e-05      1.05e-08    1.09e+00
   5        1.9807e-05   3.90e-08          1.9796e-05      1.02e-08    1.00e+00
   5        1.9839e-05   4.05e-08          1.9799e-05      9.85e-09    1.01e+00
   5        1.9819e-05   4.26e-08          1.9800e-05      9.60e-09    9.44e-01
   5        1.9852e-05   4.49e-08          1.9802e-05      9.38e-09    9.68e-01
   5        1.9772e-05   4.63e-08          1.9801e-05      9.20e-09    9.30e-01
   5        1.9738e-05   4.76e-08          1.9799e-05      9.03e-09    9.79e-01
   5        1.9846e-05   4.94e-08          1.9800e-05      8.88e-09    9.72e-01
   5        1.9849e-05   5.20e-08          1.9802e-05      8.76e-09    9.65e-01
   5        1.9827e-05   5.35e-08          1.9802e-05      8.64e-09    9.26e-01
   5        1.9719e-05   5.62e-08          1.9800e-05      8.54e-09    9.87e-01
   5        1.9832e-05   5.83e-08          1.9801e-05      8.45e-09    9.54e-01
   5        1.9830e-05   5.95e-08          1.9802e-05      8.37e-09    9.21e-01
   5        1.9851e-05   6.14e-08          1.9803e-05      8.29e-09    9.09e-01
   5        1.9855e-05   6.12e-08          1.9803e-05      8.21e-09    9.02e-01
   5        1.9728e-05   6.05e-08          1.9802e-05      8.14e-09    9.26e-01
   5        1.9902e-05   6.35e-08          1.9804e-05      8.07e-09    9.84e-01
   5        1.9791e-05   6.36e-08          1.9804e-05      8.01e-09    9.49e-01
   5        1.9812e-05   6.62e-08          1.9804e-05      7.95e-09    9.15e-01
   5        1.9828e-05   6.45e-08          1.9804e-05      7.89e-09    8.89e-01
   5        1.9805e-05   6.51e-08          1.9804e-05      7.83e-09    8.59e-01
   5        1.9823e-05   6.70e-08          1.9804e-05      7.78e-09    8.34e-01
   5        1.9869e-05   6.68e-08          1.9805e-05      7.73e-09    8.37e-01
   5        1.9766e-05   6.78e-08          1.9805e-05      7.68e-09    8.22e-01
   5        1.9703e-05   6.70e-08          1.9803e-05      7.63e-09    8.65e-01
   5        1.9881e-05   6.91e-08          1.9804e-05      7.58e-09    8.76e-01
   5        1.9659e-05   7.04e-08          1.9803e-05      7.54e-09    9.69e-01
   5        1.9713e-05   7.20e-08          1.9802e-05      7.50e-09    9.84e-01
   5        1.9813e-05   7.30e-08          1.9802e-05      7.46e-09    9.59e-01
   5        1.9779e-05   7.35e-08          1.9802e-05      7.42e-09    9.36e-01
   5        1.9785e-05   7.11e-08          1.9801e-05      7.38e-09    9.14e-01
   5        1.9739e-05   7.33e-08          1.9801e-05      7.34e-09    9.10e-01
   5        2.0012e-05   7.53e-08          1.9803e-05      7.31e-09    1.07e+00
   5        1.9845e-05   7.10e-08          1.9803e-05      7.27e-09    1.06e+00
   5        1.9704e-05   7.20e-08          1.9802e-05      7.23e-09    1.07e+00
   5        1.9789e-05   7.29e-08          1.9802e-05      7.20e-09    1.05e+00
   5        1.9897e-05   7.40e-08          1.9803e-05      7.17e-09    1.06e+00
   5        1.9637e-05   7.36e-08          1.9801e-05      7.13e-09    1.15e+00
   5        1.9958e-05   7.48e-08          1.9803e-05      7.10e-09    1.22e+00
   5        1.9928e-05   7.62e-08          1.9804e-05      7.07e-09    1.25e+00
   5        1.9795e-05   7.67e-08          1.9804e-05      7.04e-09    1.22e+00
   5        1.9713e-05   7.80e-08          1.9803e-05      7.01e-09    1.22e+00
   5        1.9816e-05   7.37e-08          1.9803e-05      6.98e-09    1.20e+00
   5        1.9871e-05   7.29e-08          1.9804e-05      6.95e-09    1.19e+00
   5        1.9880e-05   7.02e-08          1.9805e-05      6.91e-09    1.19e+00
LO = (1.9804507e-05 +- 6.9134150e-09) pb
LHAPDF 6.2.3 loading /pool/condor/dir_845/resummino-releases/lhapdf-prefix/share/LHAPDF/PDF4LHC21_40/PDF4LHC21_40_0016.dat
PDF4LHC21_40 PDF set, member #16, version 1
 alpha_s(M_Z^2) = 0.1180 	 for NLO PDF set 
 alpha_s(1600.000^2) = 0.0826 	 for NLO PDF set 

********************
* LO cross section *
********************
The limits of integration are:

xl[0]=0.000000    xu[0]=1.000000
xl[1]=0.000000    xu[1]=1.000000
xl[2]=0.000000    xu[2]=1.000000

num_dim=3, calls=2000, it_num=1, max_it_num=5 verb=0, alph=1.50,
mode=0, bins=50, boxes=1

       single.......iteration                   accumulated......results   
iteration     integral    sigma             integral         sigma     chi-sq/it

   1        1.8146e-05   7.04e-07          1.8146e-05      7.04e-07    0.00e+00
   2        1.9876e-05   2.37e-07          1.9700e-05      2.25e-07    5.42e+00
   3        1.9941e-05   1.22e-07          1.9887e-05      1.07e-07    3.16e+00
   4        1.9791e-05   1.13e-07          1.9841e-05      7.75e-08    2.23e+00
   5        1.9808e-05   1.10e-07          1.9830e-05      6.34e-08    1.69e+00

num_dim=3, calls=20000, it_num=1, max_it_num=5 verb=0, alph=1.50,
mode=0, bins=50, boxes=1

       single.......iteration                   accumulated......results   
iteration     integral    sigma             integral         sigma     chi-sq/it

   1        1.9923e-05   3.44e-08          1.9923e-05      3.44e-08    0.00e+00
   2        1.9895e-05   3.32e-08          1.9909e-05      2.39e-08    3.30e-01
   3        1.9912e-05   3.19e-08          1.9910e-05      1.91e-08    1.69e-01
   4        1.9910e-05   3.40e-08          1.9910e-05      1.67e-08    1.13e-01
   5        1.9845e-05   3.53e-08          1.9898e-05      1.51e-08    7.79e-01
   5        1.9828e-05   3.46e-08          1.9887e-05      1.38e-08    1.31e+00
   5        1.9884e-05   3.47e-08          1.9887e-05      1.28e-08    1.09e+00
   5        1.9825e-05   3.58e-08          1.9879e-05      1.21e-08    1.31e+00
   5        1.9873e-05   3.65e-08          1.9879e-05      1.15e-08    1.15e+00
   5        1.9829e-05   3.70e-08          1.9874e-05      1.10e-08    1.21e+00
   5        1.9885e-05   3.79e-08          1.9875e-05      1.05e-08    1.10e+00
   5        1.9886e-05   3.91e-08          1.9876e-05      1.02e-08    1.00e+00
   5        1.9919e-05   4.06e-08          1.9878e-05      9.86e-09    1.01e+00
   5        1.9898e-05   4.27e-08          1.9879e-05      9.61e-09    9.46e-01
   5        1.9931e-05   4.50e-08          1.9882e-05      9.40e-09    9.69e-01
   5        1.9852e-05   4.64e-08          1.9881e-05      9.21e-09    9.30e-01
   5        1.9817e-05   4.77e-08          1.9878e-05      9.04e-09    9.80e-01
   5        1.9926e-05   4.95e-08          1.9880e-05      8.90e-09    9.75e-01
   5        1.9928e-05   5.21e-08          1.9881e-05      8.77e-09    9.68e-01
   5        1.9907e-05   5.37e-08          1.9882e-05      8.66e-09    9.29e-01
   5        1.9799e-05   5.64e-08          1.9880e-05      8.55e-09    9.89e-01
   5        1.9912e-05   5.84e-08          1.9881e-05      8.46e-09    9.56e-01
   5        1.9910e-05   5.96e-08          1.9881e-05      8.38e-09    9.23e-01
   5        1.9931e-05   6.15e-08          1.9882e-05      8.30e-09    9.11e-01
   5        1.9936e-05   6.14e-08          1.9883e-05      8.23e-09    9.04e-01
   5        1.9808e-05   6.07e-08          1.9882e-05      8.15e-09    9.28e-01
   5        1.9982e-05   6.37e-08          1.9883e-05      8.09e-09    9.86e-01
   5        1.9870e-05   6.38e-08          1.9883e-05      8.02e-09    9.51e-01
   5        1.9892e-05   6.64e-08          1.9883e-05      7.97e-09    9.17e-01
   5        1.9907e-05   6.46e-08          1.9884e-05      7.91e-09    8.91e-01
   5        1.9884e-05   6.53e-08          1.9884e-05      7.85e-09    8.61e-01
   5        1.9903e-05   6.71e-08          1.9884e-05      7.80e-09    8.36e-01
   5        1.9949e-05   6.70e-08          1.9885e-05      7.74e-09    8.39e-01
   5        1.9845e-05   6.80e-08          1.9884e-05      7.69e-09    8.24e-01
   5        1.9782e-05   6.71e-08          1.9883e-05      7.64e-09    8.66e-01
   5        1.9961e-05   6.92e-08          1.9884e-05      7.60e-09    8.78e-01
   5        1.9737e-05   7.06e-08          1.9882e-05      7.55e-09    9.72e-01
   5        1.9793e-05   7.22e-08          1.9881e-05      7.51e-09    9.87e-01
   5        1.9893e-05   7.32e-08          1.9881e-05      7.47e-09    9.61e-01
   5        1.9859e-05   7.37e-08          1.9881e-05      7.44e-09    9.39e-01
   5        1.9866e-05   7.13e-08          1.9881e-05      7.40e-09    9.17e-01
   5        1.9818e-05   7.35e-08          1.9880e-05      7.36e-09    9.12e-01
   5        2.0092e-05   7.55e-08          1.9882e-05      7.32e-09    1.08e+00
   5        1.9925e-05   7.11e-08          1.9883e-05      7.28e-09    1.06e+00
   5        1.9784e-05   7.22e-08          1.9882e-05      7.25e-09    1.08e+00
   5        1.9868e-05   7.32e-08          1.9882e-05      7.21e-09    1.05e+00
   5        1.9978e-05   7.42e-08          1.9883e-05      7.18e-09    1.07e+00
   5        1.9715e-05   7.38e-08          1.9881e-05      7.15e-09    1.15e+00
   5        2.0039e-05   7.50e-08          1.9882e-05      7.11e-09    1.22e+00
   5        2.0008e-05   7.64e-08          1.9883e-05      7.08e-09    1.25e+00
   5        1.9874e-05   7.69e-08          1.9883e-05      7.05e-09    1.22e+00
   5        1.9792e-05   7.82e-08          1.9883e-05      7.02e-09    1.23e+00
   5        1.9895e-05   7.40e-08          1.9883e-05      6.99e-09    1.20e+00
   5        1.9951e-05   7.33e-08          1.9883e-05      6.96e-09    1.20e+00
   5        1.9960e-05   7.06e-08          1.9884e-05      6.93e-09    1.20e+00
LO = (1.9884110e-05 +- 6.9274173e-09) pb

*******************************************
* virtual corrections + integrated dipole *
*******************************************
The limits of integration are:

xl[0]=0.000000    xu[0]=1.000000
xl[1]=0.000000    xu[1]=1.000000
xl[2]=0.000000    xu[2]=1.000000

num_dim=3, calls=240, it_num=1, max_it_num=5 verb=0, alph=1.50,
mode=0, bins=50, boxes=1

       single.......iteration                   accumulated......results   
iteration     integral    sigma             integral         sigma     chi-sq/it

   1        6.4306e-07   7.42e-08          6.4306e-07      7.42e-08    0.00e+00
   2        6.7657e-07   3.27e-08          6.7111e-07      2.99e-08    1.71e-01
   3        7.0930e-07   2.03e-08          6.9729e-07      1.68e-08    6.43e-01
   4        7.1306e-07   1.61e-08          7.0552e-07      1.16e-08    5.82e-01
   5        7.2325e-07   1.53e-08          7.1199e-07      9.25e-09    6.49e-01

num_dim=3, calls=1200, it_num=1, max_it_num=3 verb=0, alph=1.50,
mode=0, bins=50, boxes=1

       single.......iteration                   accumulated......results   
iteration     integral    sigma             integral         sigma     chi-sq/it

   1        6.8044e-07   6.45e-09          6.8044e-07      6.45e-09    0.00e+00
   2        6.9480e-07   5.42e-09          6.8886e-07      4.15e-09    2.90e+00
   3        6.9400e-07   5.29e-09          6.9081e-07      3.27e-09    1.74e+00
   3        7.0454e-07   4.97e-09          6.9496e-07      2.73e-09    2.94e+00
   3        6.8855e-07   5.48e-09          6.9369e-07      2.44e-09    2.48e+00
   3        6.9436e-07   5.31e-09          6.9381e-07      2.22e-09    1.99e+00
   3        6.8981e-07   5.44e-09          6.9324e-07      2.05e-09    1.73e+00
   3        6.9934e-07   5.18e-09          6.9407e-07      1.91e-09    1.66e+00
   3        7.0276e-07   5.38e-09          6.9504e-07      1.80e-09    1.74e+00
   3        6.9681e-07   5.16e-09          6.9523e-07      1.70e-09    1.56e+00
   3        6.9396e-07   5.17e-09          6.9511e-07      1.61e-09    1.41e+00
vNLO = (6.9510785e-07 +- 1.6143717e-09) pb

*****************************
* collinear remainder (P+K) *
*****************************
The limits of integration are:

xl[0]=0.000000    xu[0]=1.000000
xl[1]=0.000000    xu[1]=1.000000
xl[2]=0.000000    xu[2]=1.000000
xl[3]=0.000000    xu[3]=1.000000

num_dim=4, calls=2500, it_num=1, max_it_num=5 verb=0, alph=1.50,
mode=0, bins=50, boxes=1

       single.......iteration                   accumulated......results   
iteration     integral    sigma             integral         sigma     chi-sq/it

   1        3.5495e-06   2.39e-07          3.5495e-06      2.39e-07    0.00e+00
   2        3.5176e-06   6.44e-08          3.5198e-06      6.22e-08    1.66e-02
   3        3.3632e-06   4.54e-08          3.4177e-06      3.67e-08    2.08e+00
   4        3.4863e-06   3.77e-08          3.4511e-06      2.63e-08    1.95e+00
   5        3.4524e-06   3.73e-08          3.4515e-06      2.15e-08    1.46e+00

num_dim=4, calls=25000, it_num=1, max_it_num=3 verb=0, alph=1.50,
mode=0, bins=50, boxes=1

       single.......iteration                   accumulated......results   
iteration     integral    sigma             integral         sigma     chi-sq/it

   1        3.4108e-06   1.22e-08          3.4108e-06      1.22e-08    0.00e+00
   2        3.4152e-06   1.23e-08          3.4130e-06      8.68e-09    6.54e-02
   3        3.4089e-06   1.21e-08          3.4116e-06      7.06e-09    6.94e-02
   3        3.4089e-06   1.20e-08          3.4109e-06      6.09e-09    5.87e-02
   3        3.3910e-06   1.25e-08          3.4071e-06      5.47e-09    5.58e-01
P+K = (3.4070801e-06 +- 5.4721727e-09) pb

********************************
* real gluon emission - dipole *
********************************
The limits of integration are:

xl[0]=0.000000    xu[0]=1.000000
xl[1]=0.000000    xu[1]=1.000000
xl[2]=0.000000    xu[2]=1.000000
xl[3]=0.000000    xu[3]=1.000000
xl[4]=0.000000    xu[4]=1.000000
xl[5]=0.000000    xu[5]=1.000000

num_dim=6, calls=250, it_num=1, max_it_num=5 verb=0, alph=1.50,
mode=0, bins=50, boxes=1

       single.......iteration                   accumulated......results   
iteration     integral    sigma             integral         sigma     chi-sq/it

   1        -2.6824e-08   5.76e-09          -2.6824e-08      5.76e-09    0.00e+00
   2        -2.9717e-08   4.70e-09          -2.8559e-08      3.64e-09    1.51e-01
   3        -2.8108e-08   2.70e-09          -2.8268e-08      2.17e-09    8.06e-02
   4        -2.9802e-08   3.48e-09          -2.8697e-08      1.84e-09    1.01e-01
   5        -3.0038e-08   3.34e-09          -2.9009e-08      1.61e-09    1.06e-01

num_dim=6, calls=2500, it_num=1, max_it_num=3 verb=0, alph=1.50,
mode=0, bins=50, boxes=1

       single.......iteration                   accumulated......results   
iteration     integral    sigma             integral         sigma     chi-sq/it

   1        -2.8853e-08   8.53e-10          -2.8853e-08      8.53e-10    0.00e+00
   2        -3.0985e-08   4.47e-10          -3.0525e-08      3.96e-10    4.89e+00
   3        -3.0893e-08   3.12e-10          -3.0752e-08      2.45e-10    2.71e+00
   3        -3.1251e-08   2.78e-10          -3.0971e-08      1.84e-10    2.41e+00
   3        -3.1244e-08   2.44e-10          -3.1070e-08      1.47e-10    2.01e+00
   3        -3.0851e-08   2.24e-10          -3.1004e-08      1.23e-10    1.74e+00
   3        -3.0971e-08   2.43e-10          -3.0997e-08      1.10e-10    1.45e+00
rNLOg = (-3.0997446e-08 +- 1.0951252e-10) pb

**************************************************
* real light quark emission - dipole - (onshell) *
**************************************************
The limits of integration are:

xl[0]=0.000000    xu[0]=1.000000
xl[1]=0.000000    xu[1]=1.000000
xl[2]=0.000000    xu[2]=1.000000
xl[3]=0.000000    xu[3]=1.000000
xl[4]=0.000000    xu[4]=1.000000
xl[5]=0.000000    xu[5]=1.000000

num_dim=6, calls=5000, it_num=1, max_it_num=5 verb=0, alph=1.50,
mode=0, bins=50, boxes=1

       single.......iteration                   accumulated......results   
iteration     integral    sigma             integral         sigma     chi-sq/it

   1        7.3033e-08   3.50e-09          7.3033e-08      3.50e-09    0.00e+00
   2        7.2580e-08   1.87e-09          7.2680e-08      1.65e-09    1.30e-02
   3        7.2602e-08   1.06e-09          7.2625e-08      8.92e-10    7.32e-03
   4        7.2485e-08   5.33e-10          7.2522e-08      4.57e-10    1.09e-02
   5        7.2575e-08   4.02e-10          7.2552e-08      3.02e-10    1.01e-02

num_dim=6, calls=50000, it_num=1, max_it_num=5 verb=0, alph=1.50,
mode=0, bins=50, boxes=1

       single.......iteration                   accumulated......results   
iteration     integral    sigma             integral         sigma     chi-sq/it

   1        7.2263e-08   1.22e-10          7.2263e-08      1.22e-10    0.00e+00
   2        7.2358e-08   1.68e-10          7.2296e-08      9.87e-11    2.05e-01
   3        7.2527e-08   1.72e-10          7.2353e-08      8.56e-11    7.81e-01
   4        7.2393e-08   1.33e-10          7.2365e-08      7.20e-11    5.42e-01
   5        7.2420e-08   1.42e-10          7.2376e-08      6.43e-11    4.36e-01
   5        7.2279e-08   1.21e-10          7.2355e-08      5.68e-11    4.49e-01
   5        7.2076e-08   1.12e-10          7.2298e-08      5.06e-11    1.20e+00
rNLOq = (7.2297566e-08 +- 5.0620872e-11) pb
NLO = (2.4027598e-05 +- 8.9752179e-09) pb
#chisq/dof = 2.02323e-09
#status = success
#chisq/dof = 7.28803e-10
#status = success
#chisq/dof = 5.92283e-10
#status = success
#chisq/dof = 4.29084e-09
#status = success
#chisq/dof = 1.76852e-10
#status = success
#chisq/dof = 3.47588e-12
#status = success
#chisq/dof = 1.22445e-10
#status = success
#chisq/dof = 3.44958e-11
#status = success

*******************************************************
* threshold resummation (unimproved nnll) - expansion *
*******************************************************
The limits of integration are:

xl[0]=0.000000    xu[0]=1.000000
xl[1]=0.000000    xu[1]=1.000000
xl[2]=0.000000    xu[2]=1.000000

num_dim=3, calls=7000, it_num=1, max_it_num=5 verb=0, alph=1.50,
mode=0, bins=50, boxes=1

       single.......iteration                   accumulated......results   
iteration     integral    sigma             integral         sigma     chi-sq/it

   1        4.9196e-07   3.26e-08          4.9196e-07      3.26e-08    0.00e+00
   2        4.9000e-07   2.45e-08          4.9071e-07      1.96e-08    2.32e-03
   3        4.2477e-07   2.35e-08          4.6366e-07      1.50e-08    2.33e+00
   4        5.1060e-07   2.33e-08          4.7744e-07      1.26e-08    2.50e+00
   5        4.9987e-07   2.31e-08          4.8261e-07      1.11e-08    2.06e+00

num_dim=3, calls=35000, it_num=1, max_it_num=5 verb=0, alph=1.50,
mode=0, bins=50, boxes=1

       single.......iteration                   accumulated......results   
iteration     integral    sigma             integral         sigma     chi-sq/it

   1        4.9539e-07   1.03e-08          4.9539e-07      1.03e-08    0.00e+00
   2        5.1168e-07   1.02e-08          5.0359e-07      7.24e-09    1.26e+00
   3        5.0803e-07   1.02e-08          5.0507e-07      5.92e-09    6.95e-01
   4        4.8189e-07   1.03e-08          4.9932e-07      5.13e-09    1.73e+00
   5        4.9095e-07   1.03e-08          4.9765e-07      4.59e-09    1.43e+00
aNNLO+NNLL = (2.4525246e-05 +- 1.0080273e-08) pb

Results:
LO = (1.9804507e-05 +- 6.9134150e-09) pb
NLO = (2.4027598e-05 +- 8.9752179e-09) pb
aNNLO+NNLL = (2.4525246e-05 +- 1.0080273e-08) pb
Thanks for using LHAPDF 6.2.3. Please make sure to cite the paper:
  Eur.Phys.J. C75 (2015) 3, 132  (http://arxiv.org/abs/1412.7420)
 ====================================================
   FF 2.0, a package to evaluate one-loop integrals
 written by G. J. van Oldenborgh, NIKHEF-H, Amsterdam
 ====================================================
 for the algorithms used see preprint NIKHEF-H 89/17,
 'New Algorithms for One-loop Integrals', by G.J. van
 Oldenborgh and J.A.M. Vermaseren, published in 
 Zeitschrift fuer Physik C46(1990)425.
 ====================================================
 
total number of errors and warnings
===================================
fferr: no errors
 
