
  Welcome to Resummino git-latest
  Copyright 2008-2010 Jonathan Debove.
  Copyright 2011-2014 David R. Lamprea.
  Copyright 2011-2016 Marcel Rothering.

  Licensed under the EUPL 1.1 or later.
  See http://www.resummino.org/ for more information.

  If using Resummino for slepton pair production, please cite.
  - G. Bozzi, B. Fuks, M. Klasen, PRD 74, 015001 (2006); NPB 777, 157 (2007); NPB 794, 46 (2007).
  - B. Fuks, M. Klasen, D. R. Lamprea, M. Rothering, EPJC 73, 2480 (2013).

  For gaugino pair production, please cite:
  - J. Debove, B. Fuks, M. Klasen, PLB 688, 208 (2010); NPB 842, 51 (2011); NPB 849, 64 (2011).
  - B. Fuks, M. Klasen, D. R. Lamprea, M. Rothering, JHEP 1210, 081 (2012); EPJC 73, 2480 (2013).

  For associated gaugino gluino production, please cite:
  - B. Fuks, M. Klasen, M. Rothering, JHEP 07:053, (2016).
  - B. Fuks, M. Klasen, D. R. Lamprea, M. Rothering, EPJC 73, 2480 (2013).

LHAPDF 6.2.3 loading /pool/condor/dir_60927/resummino-releases/lhapdf-prefix/share/LHAPDF/PDF4LHC21_40/PDF4LHC21_40_0000.dat
PDF4LHC21_40 PDF set, member #0, version 1
 alpha_s(M_Z^2) = 0.1180 	 for LO PDF set 
 alpha_s(2000.000^2) = 0.0807 	 for LO PDF set 

********************
* LO cross section *
********************
The limits of integration are:

xl[0]=0.000000    xu[0]=1.000000
xl[1]=0.000000    xu[1]=1.000000
xl[2]=0.000000    xu[2]=1.000000

num_dim=3, calls=2000, it_num=1, max_it_num=5 verb=0, alph=1.50,
mode=0, bins=50, boxes=1

       single.......iteration                   accumulated......results   
iteration     integral    sigma             integral         sigma     chi-sq/it

   1        2.7052e-06   9.99e-08          2.7052e-06      9.99e-08    0.00e+00
   2        2.9568e-06   3.44e-08          2.9301e-06      3.25e-08    5.67e+00
   3        2.9636e-06   1.76e-08          2.9560e-06      1.55e-08    3.25e+00
   4        2.9437e-06   1.64e-08          2.9502e-06      1.13e-08    2.26e+00
   5        2.9493e-06   1.56e-08          2.9499e-06      9.13e-09    1.70e+00

num_dim=3, calls=20000, it_num=1, max_it_num=5 verb=0, alph=1.50,
mode=0, bins=50, boxes=1

       single.......iteration                   accumulated......results   
iteration     integral    sigma             integral         sigma     chi-sq/it

   1        2.9629e-06   4.93e-09          2.9629e-06      4.93e-09    0.00e+00
   2        2.9589e-06   4.72e-09          2.9608e-06      3.41e-09    3.54e-01
   3        2.9609e-06   4.50e-09          2.9608e-06      2.72e-09    1.77e-01
   4        2.9605e-06   4.80e-09          2.9608e-06      2.36e-09    1.19e-01
   5        2.9509e-06   5.09e-09          2.9590e-06      2.14e-09    8.60e-01
   5        2.9489e-06   4.93e-09          2.9574e-06      1.97e-09    1.39e+00
   5        2.9586e-06   4.96e-09          2.9576e-06      1.83e-09    1.17e+00
   5        2.9487e-06   5.11e-09          2.9566e-06      1.72e-09    1.38e+00
   5        2.9566e-06   5.19e-09          2.9566e-06      1.63e-09    1.21e+00
   5        2.9502e-06   5.24e-09          2.9560e-06      1.56e-09    1.23e+00
   5        2.9568e-06   5.38e-09          2.9561e-06      1.50e-09    1.11e+00
   5        2.9583e-06   5.52e-09          2.9562e-06      1.45e-09    1.02e+00
   5        2.9620e-06   5.73e-09          2.9566e-06      1.40e-09    1.01e+00
   5        2.9594e-06   5.99e-09          2.9567e-06      1.36e-09    9.52e-01
   5        2.9637e-06   6.31e-09          2.9570e-06      1.33e-09    9.67e-01
   5        2.9528e-06   6.55e-09          2.9569e-06      1.31e-09    9.30e-01
   5        2.9473e-06   6.74e-09          2.9565e-06      1.28e-09    9.93e-01
   5        2.9645e-06   7.04e-09          2.9568e-06      1.26e-09    1.01e+00
   5        2.9632e-06   7.31e-09          2.9570e-06      1.24e-09    9.95e-01
   5        2.9580e-06   7.66e-09          2.9570e-06      1.23e-09    9.43e-01
   5        2.9452e-06   8.03e-09          2.9567e-06      1.21e-09    1.00e+00
   5        2.9585e-06   8.35e-09          2.9568e-06      1.20e-09    9.56e-01
   5        2.9616e-06   8.52e-09          2.9568e-06      1.19e-09    9.27e-01
   5        2.9646e-06   9.00e-09          2.9570e-06      1.18e-09    9.18e-01
   5        2.9640e-06   9.09e-09          2.9571e-06      1.17e-09    9.05e-01
   5        2.9465e-06   9.09e-09          2.9569e-06      1.16e-09    9.22e-01
   5        2.9717e-06   9.65e-09          2.9571e-06      1.15e-09    9.75e-01
   5        2.9547e-06   9.42e-09          2.9571e-06      1.14e-09    9.41e-01
   5        2.9580e-06   9.73e-09          2.9571e-06      1.14e-09    9.08e-01
   5        2.9602e-06   9.68e-09          2.9571e-06      1.13e-09    8.80e-01
   5        2.9576e-06   9.83e-09          2.9572e-06      1.12e-09    8.51e-01
   5        2.9592e-06   1.01e-08          2.9572e-06      1.11e-09    8.25e-01
   5        2.9672e-06   1.02e-08          2.9573e-06      1.11e-09    8.29e-01
   5        2.9512e-06   1.04e-08          2.9572e-06      1.10e-09    8.15e-01
   5        2.9435e-06   1.03e-08          2.9571e-06      1.09e-09    8.42e-01
   5        2.9680e-06   1.06e-08          2.9572e-06      1.09e-09    8.48e-01
   5        2.9345e-06   1.08e-08          2.9570e-06      1.08e-09    9.46e-01
   5        2.9410e-06   1.10e-08          2.9568e-06      1.08e-09    9.77e-01
   5        2.9564e-06   1.12e-08          2.9568e-06      1.07e-09    9.51e-01
   5        2.9525e-06   1.12e-08          2.9568e-06      1.07e-09    9.30e-01
   5        2.9534e-06   1.07e-08          2.9567e-06      1.06e-09    9.10e-01
   5        2.9461e-06   1.10e-08          2.9566e-06      1.06e-09    9.10e-01
   5        2.9904e-06   1.15e-08          2.9569e-06      1.05e-09    1.09e+00
   5        2.9627e-06   1.06e-08          2.9570e-06      1.05e-09    1.07e+00
   5        2.9463e-06   1.07e-08          2.9569e-06      1.04e-09    1.07e+00
   5        2.9545e-06   1.09e-08          2.9569e-06      1.04e-09    1.05e+00
   5        2.9697e-06   1.08e-08          2.9570e-06      1.03e-09    1.05e+00
   5        2.9338e-06   1.08e-08          2.9568e-06      1.03e-09    1.13e+00
   5        2.9774e-06   1.10e-08          2.9569e-06      1.02e-09    1.18e+00
   5        2.9764e-06   1.12e-08          2.9571e-06      1.02e-09    1.22e+00
   5        2.9576e-06   1.13e-08          2.9571e-06      1.02e-09    1.19e+00
   5        2.9440e-06   1.14e-08          2.9570e-06      1.01e-09    1.19e+00
   5        2.9591e-06   1.11e-08          2.9570e-06      1.01e-09    1.17e+00
   5        2.9681e-06   1.09e-08          2.9571e-06      1.00e-09    1.17e+00
   5        2.9667e-06   1.04e-08          2.9572e-06      9.99e-10    1.16e+00
LO = (2.9572032e-06 +- 9.9882409e-10) pb
LHAPDF 6.2.3 loading /pool/condor/dir_60927/resummino-releases/lhapdf-prefix/share/LHAPDF/PDF4LHC21_40/PDF4LHC21_40_0012.dat
PDF4LHC21_40 PDF set, member #12, version 1
 alpha_s(M_Z^2) = 0.1180 	 for NLO PDF set 
 alpha_s(2000.000^2) = 0.0807 	 for NLO PDF set 

********************
* LO cross section *
********************
The limits of integration are:

xl[0]=0.000000    xu[0]=1.000000
xl[1]=0.000000    xu[1]=1.000000
xl[2]=0.000000    xu[2]=1.000000

num_dim=3, calls=2000, it_num=1, max_it_num=5 verb=0, alph=1.50,
mode=0, bins=50, boxes=1

       single.......iteration                   accumulated......results   
iteration     integral    sigma             integral         sigma     chi-sq/it

   1        3.5406e-06   1.23e-07          3.5406e-06      1.23e-07    0.00e+00
   2        3.8575e-06   4.40e-08          3.8216e-06      4.14e-08    5.88e+00
   3        3.8693e-06   2.30e-08          3.8581e-06      2.01e-08    3.44e+00
   4        3.8440e-06   2.17e-08          3.8515e-06      1.47e-08    2.37e+00
   5        3.8572e-06   1.92e-08          3.8536e-06      1.17e-08    1.79e+00

num_dim=3, calls=20000, it_num=1, max_it_num=5 verb=0, alph=1.50,
mode=0, bins=50, boxes=1

       single.......iteration                   accumulated......results   
iteration     integral    sigma             integral         sigma     chi-sq/it

   1        3.8664e-06   6.20e-09          3.8664e-06      6.20e-09    0.00e+00
   2        3.8599e-06   5.96e-09          3.8630e-06      4.30e-09    5.68e-01
   3        3.8640e-06   5.65e-09          3.8634e-06      3.42e-09    2.95e-01
   4        3.8621e-06   5.82e-09          3.8631e-06      2.95e-09    2.09e-01
   5        3.8513e-06   6.43e-09          3.8610e-06      2.68e-09    8.44e-01
   5        3.8477e-06   6.12e-09          3.8589e-06      2.45e-09    1.48e+00
   5        3.8640e-06   6.30e-09          3.8595e-06      2.29e-09    1.33e+00
   5        3.8471e-06   6.40e-09          3.8581e-06      2.15e-09    1.61e+00
   5        3.8575e-06   6.41e-09          3.8581e-06      2.04e-09    1.41e+00
   5        3.8507e-06   6.38e-09          3.8574e-06      1.94e-09    1.39e+00
   5        3.8582e-06   6.55e-09          3.8575e-06      1.86e-09    1.25e+00
   5        3.8594e-06   6.71e-09          3.8576e-06      1.80e-09    1.15e+00
   5        3.8666e-06   7.05e-09          3.8581e-06      1.74e-09    1.18e+00
   5        3.8613e-06   7.23e-09          3.8583e-06      1.69e-09    1.10e+00
   5        3.8670e-06   7.49e-09          3.8587e-06      1.65e-09    1.11e+00
   5        3.8547e-06   7.71e-09          3.8586e-06      1.61e-09    1.06e+00
   5        3.8458e-06   7.87e-09          3.8580e-06      1.58e-09    1.15e+00
   5        3.8714e-06   8.39e-09          3.8585e-06      1.55e-09    1.22e+00
   5        3.8679e-06   8.44e-09          3.8588e-06      1.53e-09    1.22e+00
   5        3.8571e-06   8.68e-09          3.8588e-06      1.50e-09    1.16e+00
   5        3.8414e-06   9.07e-09          3.8583e-06      1.48e-09    1.28e+00
   5        3.8611e-06   9.42e-09          3.8584e-06      1.47e-09    1.22e+00
   5        3.8673e-06   9.93e-09          3.8586e-06      1.45e-09    1.20e+00
   5        3.8686e-06   1.04e-08          3.8587e-06      1.44e-09    1.19e+00
   5        3.8666e-06   1.07e-08          3.8589e-06      1.42e-09    1.16e+00
   5        3.8486e-06   1.08e-08          3.8587e-06      1.41e-09    1.15e+00
   5        3.8750e-06   1.14e-08          3.8590e-06      1.40e-09    1.19e+00
   5        3.8565e-06   1.15e-08          3.8589e-06      1.39e-09    1.14e+00
   5        3.8619e-06   1.20e-08          3.8590e-06      1.38e-09    1.11e+00
   5        3.8649e-06   1.20e-08          3.8590e-06      1.37e-09    1.08e+00
   5        3.8588e-06   1.23e-08          3.8590e-06      1.36e-09    1.04e+00
   5        3.8632e-06   1.26e-08          3.8591e-06      1.36e-09    1.01e+00
   5        3.8720e-06   1.28e-08          3.8592e-06      1.35e-09    1.01e+00
   5        3.8506e-06   1.31e-08          3.8591e-06      1.34e-09    9.92e-01
   5        3.8462e-06   1.34e-08          3.8590e-06      1.34e-09    9.90e-01
   5        3.8726e-06   1.34e-08          3.8591e-06      1.33e-09    9.91e-01
   5        3.8314e-06   1.37e-08          3.8589e-06      1.32e-09    1.08e+00
   5        3.8363e-06   1.37e-08          3.8587e-06      1.32e-09    1.12e+00
   5        3.8547e-06   1.38e-08          3.8586e-06      1.31e-09    1.09e+00
   5        3.8534e-06   1.41e-08          3.8586e-06      1.30e-09    1.07e+00
   5        3.8506e-06   1.33e-08          3.8585e-06      1.30e-09    1.05e+00
   5        3.8435e-06   1.36e-08          3.8584e-06      1.29e-09    1.05e+00
   5        3.8971e-06   1.41e-08          3.8587e-06      1.29e-09    1.20e+00
   5        3.8663e-06   1.35e-08          3.8588e-06      1.28e-09    1.18e+00
LO = (3.8587669e-06 +- 1.2813244e-09) pb

*******************************************
* virtual corrections + integrated dipole *
*******************************************
The limits of integration are:

xl[0]=0.000000    xu[0]=1.000000
xl[1]=0.000000    xu[1]=1.000000
xl[2]=0.000000    xu[2]=1.000000

num_dim=3, calls=240, it_num=1, max_it_num=5 verb=0, alph=1.50,
mode=0, bins=50, boxes=1

       single.......iteration                   accumulated......results   
iteration     integral    sigma             integral         sigma     chi-sq/it

   1        1.2038e-07   1.24e-08          1.2038e-07      1.24e-08    0.00e+00
   2        1.2708e-07   5.74e-09          1.2590e-07      5.21e-09    2.40e-01
   3        1.3623e-07   3.62e-09          1.3287e-07      2.97e-09    1.45e+00
   4        1.3536e-07   3.22e-09          1.3401e-07      2.18e-09    1.07e+00
   5        1.3536e-07   2.76e-09          1.3453e-07      1.71e-09    8.41e-01

num_dim=3, calls=1200, it_num=1, max_it_num=3 verb=0, alph=1.50,
mode=0, bins=50, boxes=1

       single.......iteration                   accumulated......results   
iteration     integral    sigma             integral         sigma     chi-sq/it

   1        1.2964e-07   1.10e-09          1.2964e-07      1.10e-09    0.00e+00
   2        1.3207e-07   1.07e-09          1.3089e-07      7.66e-10    2.51e+00
   3        1.3170e-07   1.00e-09          1.3119e-07      6.08e-10    1.46e+00
vNLO = (1.3118874e-07 +- 6.0834244e-10) pb

*****************************
* collinear remainder (P+K) *
*****************************
The limits of integration are:

xl[0]=0.000000    xu[0]=1.000000
xl[1]=0.000000    xu[1]=1.000000
xl[2]=0.000000    xu[2]=1.000000
xl[3]=0.000000    xu[3]=1.000000

num_dim=4, calls=2500, it_num=1, max_it_num=5 verb=0, alph=1.50,
mode=0, bins=50, boxes=1

       single.......iteration                   accumulated......results   
iteration     integral    sigma             integral         sigma     chi-sq/it

   1        7.2808e-07   4.31e-08          7.2808e-07      4.31e-08    0.00e+00
   2        7.1896e-07   1.16e-08          7.1958e-07      1.12e-08    4.18e-02
   3        7.0530e-07   7.32e-09          7.0959e-07      6.13e-09    5.92e-01
   4        7.1367e-07   6.31e-09          7.1157e-07      4.39e-09    4.67e-01
   5        7.0773e-07   6.26e-09          7.1030e-07      3.60e-09    4.13e-01

num_dim=4, calls=25000, it_num=1, max_it_num=3 verb=0, alph=1.50,
mode=0, bins=50, boxes=1

       single.......iteration                   accumulated......results   
iteration     integral    sigma             integral         sigma     chi-sq/it

   1        7.0468e-07   1.97e-09          7.0468e-07      1.97e-09    0.00e+00
   2        7.0724e-07   1.96e-09          7.0597e-07      1.39e-09    8.51e-01
   3        7.0429e-07   1.99e-09          7.0542e-07      1.14e-09    6.65e-01
   3        7.0386e-07   1.96e-09          7.0502e-07      9.85e-10    6.00e-01
P+K = (7.0502420e-07 +- 9.8452028e-10) pb

********************************
* real gluon emission - dipole *
********************************
The limits of integration are:

xl[0]=0.000000    xu[0]=1.000000
xl[1]=0.000000    xu[1]=1.000000
xl[2]=0.000000    xu[2]=1.000000
xl[3]=0.000000    xu[3]=1.000000
xl[4]=0.000000    xu[4]=1.000000
xl[5]=0.000000    xu[5]=1.000000

num_dim=6, calls=250, it_num=1, max_it_num=5 verb=0, alph=1.50,
mode=0, bins=50, boxes=1

       single.......iteration                   accumulated......results   
iteration     integral    sigma             integral         sigma     chi-sq/it

   1        -4.7394e-09   9.84e-10          -4.7394e-09      9.84e-10    0.00e+00
   2        -5.0320e-09   5.38e-10          -4.9647e-09      4.72e-10    6.81e-02
   3        -5.0914e-09   5.14e-10          -5.0227e-09      3.48e-10    5.05e-02
   4        -4.8636e-09   3.83e-10          -4.9508e-09      2.57e-10    6.52e-02
   5        -5.5930e-09   3.75e-10          -5.1562e-09      2.12e-10    5.47e-01

num_dim=6, calls=2500, it_num=1, max_it_num=3 verb=0, alph=1.50,
mode=0, bins=50, boxes=1

       single.......iteration                   accumulated......results   
iteration     integral    sigma             integral         sigma     chi-sq/it

   1        -5.2554e-09   1.01e-10          -5.2554e-09      1.01e-10    0.00e+00
   2        -5.3398e-09   6.24e-11          -5.3165e-09      5.31e-11    5.04e-01
   3        -5.3690e-09   4.91e-11          -5.3449e-09      3.60e-11    5.16e-01
rNLOg = (-5.3448539e-09 +- 3.6038438e-11) pb

**************************************************
* real light quark emission - dipole - (onshell) *
**************************************************
The limits of integration are:

xl[0]=0.000000    xu[0]=1.000000
xl[1]=0.000000    xu[1]=1.000000
xl[2]=0.000000    xu[2]=1.000000
xl[3]=0.000000    xu[3]=1.000000
xl[4]=0.000000    xu[4]=1.000000
xl[5]=0.000000    xu[5]=1.000000

num_dim=6, calls=5000, it_num=1, max_it_num=5 verb=0, alph=1.50,
mode=0, bins=50, boxes=1

       single.......iteration                   accumulated......results   
iteration     integral    sigma             integral         sigma     chi-sq/it

   1        7.8946e-09   3.69e-10          7.8946e-09      3.69e-10    0.00e+00
   2        7.8865e-09   2.60e-10          7.8892e-09      2.12e-10    3.22e-04
   3        7.8841e-09   1.42e-10          7.8857e-09      1.18e-10    3.64e-04
   4        7.8404e-09   6.31e-11          7.8504e-09      5.57e-11    3.82e-02
   5        7.8508e-09   4.39e-11          7.8507e-09      3.45e-11    2.87e-02

num_dim=6, calls=50000, it_num=1, max_it_num=5 verb=0, alph=1.50,
mode=0, bins=50, boxes=1

       single.......iteration                   accumulated......results   
iteration     integral    sigma             integral         sigma     chi-sq/it

   1        7.7950e-09   1.27e-11          7.7950e-09      1.27e-11    0.00e+00
   2        7.8023e-09   1.84e-11          7.7974e-09      1.05e-11    1.08e-01
   3        7.8222e-09   1.84e-11          7.8034e-09      9.10e-12    7.44e-01
   4        7.8045e-09   1.39e-11          7.8038e-09      7.62e-12    4.97e-01
   5        7.8082e-09   1.48e-11          7.8047e-09      6.77e-12    3.91e-01
   5        7.7964e-09   1.26e-11          7.8028e-09      5.96e-12    3.80e-01
   5        7.7715e-09   1.17e-11          7.7963e-09      5.31e-12    1.27e+00
rNLOq = (7.7963383e-09 +- 5.3086183e-12) pb
NLO = (4.6974314e-06 +- 1.7269858e-09) pb
#chisq/dof = 1.97707e-09
#status = success
#chisq/dof = 9.07255e-10
#status = success
#chisq/dof = 6.62791e-10
#status = success
#chisq/dof = 1.24027e-09
#status = success
#chisq/dof = 6.85993e-11
#status = success
#chisq/dof = 3.40353e-12
#status = success
#chisq/dof = 8.03225e-10
#status = success
#chisq/dof = 2.0108e-11
#status = success

*******************************************************
* threshold resummation (unimproved nnll) - expansion *
*******************************************************
The limits of integration are:

xl[0]=0.000000    xu[0]=1.000000
xl[1]=0.000000    xu[1]=1.000000
xl[2]=0.000000    xu[2]=1.000000

num_dim=3, calls=7000, it_num=1, max_it_num=5 verb=0, alph=1.50,
mode=0, bins=50, boxes=1

       single.......iteration                   accumulated......results   
iteration     integral    sigma             integral         sigma     chi-sq/it

   1        1.1114e-07   7.72e-09          1.1114e-07      7.72e-09    0.00e+00
   2        1.0054e-07   6.04e-09          1.0456e-07      4.76e-09    1.17e+00
   3        1.0152e-07   5.53e-09          1.0327e-07      3.61e-09    6.71e-01
   4        1.1462e-07   5.49e-09          1.0669e-07      3.01e-09    1.44e+00
   5        1.0083e-07   5.51e-09          1.0534e-07      2.64e-09    1.30e+00

num_dim=3, calls=35000, it_num=1, max_it_num=5 verb=0, alph=1.50,
mode=0, bins=50, boxes=1

       single.......iteration                   accumulated......results   
iteration     integral    sigma             integral         sigma     chi-sq/it

   1        1.0392e-07   2.42e-09          1.0392e-07      2.42e-09    0.00e+00
   2        1.0546e-07   2.43e-09          1.0469e-07      1.71e-09    2.01e-01
   3        1.0209e-07   2.43e-09          1.0382e-07      1.40e-09    4.83e-01
   4        1.0473e-07   2.42e-09          1.0405e-07      1.21e-09    3.58e-01
   5        1.0303e-07   2.42e-09          1.0384e-07      1.08e-09    3.04e-01
   5        1.0395e-07   2.43e-09          1.0386e-07      9.90e-10    2.43e-01
   5        1.0643e-07   2.42e-09          1.0423e-07      9.17e-10    3.63e-01
   5        1.0262e-07   2.44e-09          1.0403e-07      8.58e-10    3.66e-01
   5        1.0883e-07   2.42e-09          1.0456e-07      8.09e-10    7.55e-01
aNNLO+NNLL = (4.8019961e-06 +- 1.9070048e-09) pb

Results:
LO = (2.9572032e-06 +- 9.9882409e-10) pb
NLO = (4.6974314e-06 +- 1.7269858e-09) pb
aNNLO+NNLL = (4.8019961e-06 +- 1.9070048e-09) pb
Thanks for using LHAPDF 6.2.3. Please make sure to cite the paper:
  Eur.Phys.J. C75 (2015) 3, 132  (http://arxiv.org/abs/1412.7420)
 ====================================================
   FF 2.0, a package to evaluate one-loop integrals
 written by G. J. van Oldenborgh, NIKHEF-H, Amsterdam
 ====================================================
 for the algorithms used see preprint NIKHEF-H 89/17,
 'New Algorithms for One-loop Integrals', by G.J. van
 Oldenborgh and J.A.M. Vermaseren, published in 
 Zeitschrift fuer Physik C46(1990)425.
 ====================================================
 
total number of errors and warnings
===================================
fferr: no errors
 
