
  Welcome to Resummino git-latest
  Copyright 2008-2010 Jonathan Debove.
  Copyright 2011-2014 David R. Lamprea.
  Copyright 2011-2016 Marcel Rothering.

  Licensed under the EUPL 1.1 or later.
  See http://www.resummino.org/ for more information.

  If using Resummino for slepton pair production, please cite.
  - G. Bozzi, B. Fuks, M. Klasen, PRD 74, 015001 (2006); NPB 777, 157 (2007); NPB 794, 46 (2007).
  - B. Fuks, M. Klasen, D. R. Lamprea, M. Rothering, EPJC 73, 2480 (2013).

  For gaugino pair production, please cite:
  - J. Debove, B. Fuks, M. Klasen, PLB 688, 208 (2010); NPB 842, 51 (2011); NPB 849, 64 (2011).
  - B. Fuks, M. Klasen, D. R. Lamprea, M. Rothering, JHEP 1210, 081 (2012); EPJC 73, 2480 (2013).

  For associated gaugino gluino production, please cite:
  - B. Fuks, M. Klasen, M. Rothering, JHEP 07:053, (2016).
  - B. Fuks, M. Klasen, D. R. Lamprea, M. Rothering, EPJC 73, 2480 (2013).

LHAPDF 6.2.3 loading /pool/condor/dir_61098/resummino-releases/lhapdf-prefix/share/LHAPDF/PDF4LHC21_40/PDF4LHC21_40_0000.dat
PDF4LHC21_40 PDF set, member #0, version 1
 alpha_s(M_Z^2) = 0.1180 	 for LO PDF set 
 alpha_s(900.000^2) = 0.0878 	 for LO PDF set 

********************
* LO cross section *
********************
The limits of integration are:

xl[0]=0.000000    xu[0]=1.000000
xl[1]=0.000000    xu[1]=1.000000
xl[2]=0.000000    xu[2]=1.000000

num_dim=3, calls=2000, it_num=1, max_it_num=5 verb=0, alph=1.50,
mode=0, bins=50, boxes=1

       single.......iteration                   accumulated......results   
iteration     integral    sigma             integral         sigma     chi-sq/it

   1        9.0296e-04   3.57e-05          9.0296e-04      3.57e-05    0.00e+00
   2        9.8468e-04   1.19e-05          9.7652e-04      1.13e-05    4.71e+00
   3        9.8863e-04   6.47e-06          9.8564e-04      5.62e-06    2.79e+00
   4        9.8045e-04   6.06e-06          9.8324e-04      4.12e-06    1.99e+00
   5        9.8147e-04   6.13e-06          9.8269e-04      3.42e-06    1.51e+00

num_dim=3, calls=20000, it_num=1, max_it_num=5 verb=0, alph=1.50,
mode=0, bins=50, boxes=1

       single.......iteration                   accumulated......results   
iteration     integral    sigma             integral         sigma     chi-sq/it

   1        9.8827e-04   1.89e-06          9.8827e-04      1.89e-06    0.00e+00
   2        9.8686e-04   1.83e-06          9.8754e-04      1.31e-06    2.89e-01
   3        9.8742e-04   1.77e-06          9.8750e-04      1.06e-06    1.46e-01
   4        9.8757e-04   1.88e-06          9.8751e-04      9.21e-07    9.79e-02
   5        9.8422e-04   1.91e-06          9.8689e-04      8.29e-07    6.76e-01
   5        9.8333e-04   1.90e-06          9.8632e-04      7.60e-07    1.13e+00
   5        9.8551e-04   1.88e-06          9.8621e-04      7.05e-07    9.70e-01
   5        9.8320e-04   1.94e-06          9.8586e-04      6.62e-07    1.13e+00
   5        9.8535e-04   1.97e-06          9.8581e-04      6.28e-07    1.00e+00
   5        9.8278e-04   2.01e-06          9.8554e-04      5.99e-07    1.12e+00
   5        9.8627e-04   2.04e-06          9.8560e-04      5.75e-07    1.02e+00
   5        9.8598e-04   2.09e-06          9.8562e-04      5.54e-07    9.29e-01
   5        9.8755e-04   2.17e-06          9.8574e-04      5.37e-07    9.14e-01
   5        9.8744e-04   2.28e-06          9.8583e-04      5.23e-07    8.84e-01
   5        9.8855e-04   2.37e-06          9.8596e-04      5.11e-07    9.11e-01
   5        9.8444e-04   2.43e-06          9.8589e-04      5.00e-07    8.75e-01
   5        9.8333e-04   2.50e-06          9.8579e-04      4.90e-07    8.83e-01
   5        9.8773e-04   2.59e-06          9.8586e-04      4.81e-07    8.63e-01
   5        9.8859e-04   2.72e-06          9.8594e-04      4.74e-07    8.69e-01
   5        9.8815e-04   2.78e-06          9.8601e-04      4.67e-07    8.55e-01
   5        9.8128e-04   2.88e-06          9.8589e-04      4.61e-07    9.44e-01
   5        9.8824e-04   2.99e-06          9.8594e-04      4.56e-07    9.28e-01
   5        9.8710e-04   3.03e-06          9.8597e-04      4.51e-07    8.92e-01
   5        9.8832e-04   3.10e-06          9.8601e-04      4.46e-07    8.78e-01
   5        9.8907e-04   3.11e-06          9.8608e-04      4.42e-07    8.81e-01
   5        9.8202e-04   3.05e-06          9.8599e-04      4.37e-07    9.15e-01
   5        9.9115e-04   3.18e-06          9.8609e-04      4.33e-07    9.79e-01
   5        9.8548e-04   3.20e-06          9.8608e-04      4.29e-07    9.44e-01
   5        9.8715e-04   3.34e-06          9.8609e-04      4.26e-07    9.14e-01
   5        9.8706e-04   3.23e-06          9.8611e-04      4.22e-07    8.86e-01
   5        9.8559e-04   3.24e-06          9.8610e-04      4.18e-07    8.57e-01
   5        9.8671e-04   3.35e-06          9.8611e-04      4.15e-07    8.30e-01
   5        9.8933e-04   3.36e-06          9.8616e-04      4.12e-07    8.33e-01
   5        9.8404e-04   3.38e-06          9.8613e-04      4.09e-07    8.19e-01
   5        9.8034e-04   3.33e-06          9.8604e-04      4.06e-07    8.83e-01
   5        9.9001e-04   3.43e-06          9.8610e-04      4.03e-07    8.95e-01
   5        9.7953e-04   3.55e-06          9.8601e-04      4.01e-07    9.64e-01
   5        9.8278e-04   3.66e-06          9.8598e-04      3.98e-07    9.59e-01
   5        9.8669e-04   3.67e-06          9.8598e-04      3.96e-07    9.35e-01
   5        9.8442e-04   3.68e-06          9.8597e-04      3.94e-07    9.15e-01
   5        9.8509e-04   3.64e-06          9.8596e-04      3.91e-07    8.94e-01
   5        9.8260e-04   3.71e-06          9.8592e-04      3.89e-07    8.92e-01
   5        9.9650e-04   3.84e-06          9.8603e-04      3.87e-07    1.05e+00
   5        9.8803e-04   3.51e-06          9.8605e-04      3.85e-07    1.03e+00
   5        9.8038e-04   3.54e-06          9.8599e-04      3.83e-07    1.07e+00
   5        9.8558e-04   3.57e-06          9.8598e-04      3.80e-07    1.04e+00
   5        9.9029e-04   3.64e-06          9.8603e-04      3.78e-07    1.05e+00
   5        9.7814e-04   3.65e-06          9.8594e-04      3.76e-07    1.13e+00
   5        9.9336e-04   3.68e-06          9.8602e-04      3.74e-07    1.19e+00
   5        9.9165e-04   3.81e-06          9.8607e-04      3.73e-07    1.21e+00
   5        9.8543e-04   3.80e-06          9.8607e-04      3.71e-07    1.18e+00
   5        9.8174e-04   3.85e-06          9.8603e-04      3.69e-07    1.19e+00
   5        9.8712e-04   3.67e-06          9.8604e-04      3.67e-07    1.16e+00
   5        9.8913e-04   3.71e-06          9.8607e-04      3.65e-07    1.16e+00
   5        9.8970e-04   3.53e-06          9.8611e-04      3.63e-07    1.15e+00
LO = (9.8610736e-04 +- 3.6349991e-07) pb
LHAPDF 6.2.3 loading /pool/condor/dir_61098/resummino-releases/lhapdf-prefix/share/LHAPDF/PDF4LHC21_40/PDF4LHC21_40_0007.dat
PDF4LHC21_40 PDF set, member #7, version 1
 alpha_s(M_Z^2) = 0.1180 	 for NLO PDF set 
 alpha_s(900.000^2) = 0.0878 	 for NLO PDF set 

********************
* LO cross section *
********************
The limits of integration are:

xl[0]=0.000000    xu[0]=1.000000
xl[1]=0.000000    xu[1]=1.000000
xl[2]=0.000000    xu[2]=1.000000

num_dim=3, calls=2000, it_num=1, max_it_num=5 verb=0, alph=1.50,
mode=0, bins=50, boxes=1

       single.......iteration                   accumulated......results   
iteration     integral    sigma             integral         sigma     chi-sq/it

   1        8.7854e-04   3.54e-05          8.7854e-04      3.54e-05    0.00e+00
   2        9.5887e-04   1.20e-05          9.5060e-04      1.14e-05    4.61e+00
   3        9.6253e-04   6.80e-06          9.5938e-04      5.84e-06    2.71e+00
   4        9.5506e-04   6.35e-06          9.5740e-04      4.30e-06    1.89e+00
   5        9.5556e-04   6.46e-06          9.5684e-04      3.58e-06    1.43e+00

num_dim=3, calls=20000, it_num=1, max_it_num=5 verb=0, alph=1.50,
mode=0, bins=50, boxes=1

       single.......iteration                   accumulated......results   
iteration     integral    sigma             integral         sigma     chi-sq/it

   1        9.6275e-04   1.97e-06          9.6275e-04      1.97e-06    0.00e+00
   2        9.6217e-04   1.91e-06          9.6245e-04      1.37e-06    4.60e-02
   3        9.6264e-04   1.86e-06          9.6252e-04      1.10e-06    2.64e-02
   4        9.6263e-04   1.97e-06          9.6254e-04      9.63e-07    1.85e-02
   5        9.5906e-04   1.97e-06          9.6188e-04      8.65e-07    6.42e-01
   5        9.5879e-04   1.97e-06          9.6138e-04      7.92e-07    9.24e-01
   5        9.5999e-04   1.97e-06          9.6118e-04      7.35e-07    8.41e-01
   5        9.5832e-04   2.02e-06          9.6085e-04      6.91e-07    9.75e-01
   5        9.6028e-04   2.05e-06          9.6079e-04      6.55e-07    8.62e-01
   5        9.5712e-04   2.10e-06          9.6046e-04      6.25e-07    1.08e+00
   5        9.6126e-04   2.11e-06          9.6053e-04      5.99e-07    9.82e-01
   5        9.6108e-04   2.16e-06          9.6057e-04      5.77e-07    8.98e-01
   5        9.6223e-04   2.25e-06          9.6067e-04      5.59e-07    8.66e-01
   5        9.6226e-04   2.35e-06          9.6076e-04      5.44e-07    8.33e-01
   5        9.6351e-04   2.44e-06          9.6089e-04      5.31e-07    8.60e-01
   5        9.5937e-04   2.49e-06          9.6082e-04      5.19e-07    8.27e-01
   5        9.5873e-04   2.55e-06          9.6074e-04      5.09e-07    8.15e-01
   5        9.6212e-04   2.64e-06          9.6079e-04      5.00e-07    7.83e-01
   5        9.6405e-04   2.76e-06          9.6089e-04      4.92e-07    8.15e-01
   5        9.6399e-04   2.79e-06          9.6098e-04      4.84e-07    8.35e-01
   5        9.5667e-04   2.87e-06          9.6086e-04      4.77e-07    9.03e-01
   5        9.6335e-04   3.00e-06          9.6093e-04      4.72e-07    8.92e-01
   5        9.6182e-04   3.02e-06          9.6095e-04      4.66e-07    8.56e-01
   5        9.6317e-04   3.07e-06          9.6100e-04      4.61e-07    8.41e-01
   5        9.6435e-04   3.11e-06          9.6107e-04      4.56e-07    8.53e-01
   5        9.5689e-04   3.06e-06          9.6098e-04      4.51e-07    8.92e-01
   5        9.6624e-04   3.18e-06          9.6108e-04      4.46e-07    9.61e-01
   5        9.6058e-04   3.18e-06          9.6107e-04      4.42e-07    9.26e-01
   5        9.6213e-04   3.31e-06          9.6109e-04      4.38e-07    8.97e-01
   5        9.6188e-04   3.22e-06          9.6111e-04      4.34e-07    8.68e-01
   5        9.6019e-04   3.21e-06          9.6109e-04      4.30e-07    8.41e-01
   5        9.6128e-04   3.32e-06          9.6109e-04      4.26e-07    8.14e-01
   5        9.6418e-04   3.32e-06          9.6114e-04      4.23e-07    8.16e-01
   5        9.5874e-04   3.33e-06          9.6110e-04      4.20e-07    8.06e-01
   5        9.5516e-04   3.27e-06          9.6101e-04      4.16e-07    8.78e-01
   5        9.6514e-04   3.35e-06          9.6107e-04      4.13e-07    8.96e-01
   5        9.5440e-04   3.50e-06          9.6098e-04      4.10e-07    9.71e-01
   5        9.5836e-04   3.60e-06          9.6094e-04      4.08e-07    9.59e-01
   5        9.6196e-04   3.61e-06          9.6096e-04      4.05e-07    9.35e-01
   5        9.5897e-04   3.63e-06          9.6093e-04      4.02e-07    9.19e-01
   5        9.6065e-04   3.61e-06          9.6093e-04      4.00e-07    8.96e-01
   5        9.5775e-04   3.64e-06          9.6089e-04      3.98e-07    8.93e-01
   5        9.7070e-04   3.75e-06          9.6100e-04      3.95e-07    1.03e+00
   5        9.6301e-04   3.49e-06          9.6103e-04      3.93e-07    1.02e+00
   5        9.5464e-04   3.53e-06          9.6095e-04      3.90e-07    1.07e+00
   5        9.6117e-04   3.54e-06          9.6095e-04      3.88e-07    1.04e+00
   5        9.6510e-04   3.66e-06          9.6100e-04      3.86e-07    1.05e+00
   5        9.5266e-04   3.66e-06          9.6091e-04      3.84e-07    1.14e+00
   5        9.6841e-04   3.71e-06          9.6098e-04      3.82e-07    1.20e+00
   5        9.6619e-04   3.80e-06          9.6104e-04      3.80e-07    1.21e+00
   5        9.5995e-04   3.76e-06          9.6103e-04      3.78e-07    1.19e+00
   5        9.5652e-04   3.80e-06          9.6098e-04      3.76e-07    1.19e+00
   5        9.6216e-04   3.67e-06          9.6099e-04      3.74e-07    1.17e+00
   5        9.6350e-04   3.74e-06          9.6102e-04      3.72e-07    1.16e+00
   5        9.6538e-04   3.60e-06          9.6107e-04      3.70e-07    1.16e+00
LO = (9.6106533e-04 +- 3.7029281e-07) pb

*******************************************
* virtual corrections + integrated dipole *
*******************************************
The limits of integration are:

xl[0]=0.000000    xu[0]=1.000000
xl[1]=0.000000    xu[1]=1.000000
xl[2]=0.000000    xu[2]=1.000000

num_dim=3, calls=240, it_num=1, max_it_num=5 verb=0, alph=1.50,
mode=0, bins=50, boxes=1

       single.......iteration                   accumulated......results   
iteration     integral    sigma             integral         sigma     chi-sq/it

   1        3.3517e-05   4.01e-06          3.3517e-05      4.01e-06    0.00e+00
   2        3.4902e-05   1.73e-06          3.4685e-05      1.59e-06    1.00e-01
   3        3.6246e-05   1.15e-06          3.5711e-05      9.30e-07    3.67e-01
   4        3.6681e-05   9.19e-07          3.6202e-05      6.54e-07    4.28e-01
   5        3.7389e-05   8.85e-07          3.6621e-05      5.26e-07    6.12e-01

num_dim=3, calls=1200, it_num=1, max_it_num=3 verb=0, alph=1.50,
mode=0, bins=50, boxes=1

       single.......iteration                   accumulated......results   
iteration     integral    sigma             integral         sigma     chi-sq/it

   1        3.4903e-05   3.84e-07          3.4903e-05      3.84e-07    0.00e+00
   2        3.5663e-05   3.34e-07          3.5336e-05      2.52e-07    2.22e+00
   3        3.5486e-05   3.21e-07          3.5393e-05      1.98e-07    1.18e+00
vNLO = (3.5393236e-05 +- 1.9813583e-07) pb

*****************************
* collinear remainder (P+K) *
*****************************
The limits of integration are:

xl[0]=0.000000    xu[0]=1.000000
xl[1]=0.000000    xu[1]=1.000000
xl[2]=0.000000    xu[2]=1.000000
xl[3]=0.000000    xu[3]=1.000000

num_dim=4, calls=2500, it_num=1, max_it_num=5 verb=0, alph=1.50,
mode=0, bins=50, boxes=1

       single.......iteration                   accumulated......results   
iteration     integral    sigma             integral         sigma     chi-sq/it

   1        1.3111e-04   1.01e-05          1.3111e-04      1.01e-05    0.00e+00
   2        1.3140e-04   2.96e-06          1.3137e-04      2.84e-06    7.22e-04
   3        1.2567e-04   2.29e-06          1.2793e-04      1.78e-06    1.22e+00
   4        1.2807e-04   2.04e-06          1.2799e-04      1.34e-06    8.16e-01
   5        1.2777e-04   2.02e-06          1.2792e-04      1.12e-06    6.14e-01

num_dim=4, calls=25000, it_num=1, max_it_num=3 verb=0, alph=1.50,
mode=0, bins=50, boxes=1

       single.......iteration                   accumulated......results   
iteration     integral    sigma             integral         sigma     chi-sq/it

   1        1.2566e-04   6.54e-07          1.2566e-04      6.54e-07    0.00e+00
   2        1.2512e-04   6.64e-07          1.2539e-04      4.66e-07    3.31e-01
   3        1.2482e-04   6.55e-07          1.2520e-04      3.80e-07    4.16e-01
   3        1.2532e-04   6.57e-07          1.2523e-04      3.29e-07    2.85e-01
   3        1.2473e-04   6.67e-07          1.2513e-04      2.95e-07    3.29e-01
   3        1.2440e-04   6.59e-07          1.2501e-04      2.69e-07    4.70e-01
   3        1.2578e-04   6.58e-07          1.2512e-04      2.49e-07    5.90e-01
P+K = (1.2511903e-04 +- 2.4905839e-07) pb

********************************
* real gluon emission - dipole *
********************************
The limits of integration are:

xl[0]=0.000000    xu[0]=1.000000
xl[1]=0.000000    xu[1]=1.000000
xl[2]=0.000000    xu[2]=1.000000
xl[3]=0.000000    xu[3]=1.000000
xl[4]=0.000000    xu[4]=1.000000
xl[5]=0.000000    xu[5]=1.000000

num_dim=6, calls=250, it_num=1, max_it_num=5 verb=0, alph=1.50,
mode=0, bins=50, boxes=1

       single.......iteration                   accumulated......results   
iteration     integral    sigma             integral         sigma     chi-sq/it

   1        -2.2464e-06   4.98e-07          -2.2464e-06      4.98e-07    0.00e+00
   2        -2.6237e-06   5.80e-07          -2.4068e-06      3.78e-07    2.43e-01
   3        -2.9217e-06   4.33e-07          -2.6293e-06      2.85e-07    5.23e-01
   4        -3.6675e-06   9.26e-07          -2.7190e-06      2.72e-07    7.31e-01
   5        -2.1892e-06   3.52e-07          -2.5208e-06      2.15e-07    9.03e-01

num_dim=6, calls=2500, it_num=1, max_it_num=3 verb=0, alph=1.50,
mode=0, bins=50, boxes=1

       single.......iteration                   accumulated......results   
iteration     integral    sigma             integral         sigma     chi-sq/it

   1        -2.6017e-06   1.01e-07          -2.6017e-06      1.01e-07    0.00e+00
   2        -2.6877e-06   5.64e-08          -2.6674e-06      4.93e-08    5.50e-01
   3        -2.6267e-06   3.66e-08          -2.6412e-06      2.94e-08    4.93e-01
   3        -2.6445e-06   2.96e-08          -2.6429e-06      2.08e-08    3.31e-01
   3        -2.6676e-06   2.62e-08          -2.6525e-06      1.63e-08    3.85e-01
   3        -2.6313e-06   2.44e-08          -2.6459e-06      1.36e-08    4.12e-01
   3        -2.6232e-06   2.53e-08          -2.6409e-06      1.20e-08    4.47e-01
   3        -2.6541e-06   2.43e-08          -2.6435e-06      1.07e-08    4.18e-01
   3        -2.6269e-06   2.34e-08          -2.6406e-06      9.75e-09    4.17e-01
   3        -2.6442e-06   2.45e-08          -2.6411e-06      9.06e-09    3.73e-01
   3        -2.6368e-06   2.36e-08          -2.6405e-06      8.46e-09    3.39e-01
   3        -2.6071e-06   2.50e-08          -2.6371e-06      8.01e-09    4.54e-01
   3        -2.6592e-06   2.39e-08          -2.6393e-06      7.60e-09    4.80e-01
   3        -2.6384e-06   2.37e-08          -2.6392e-06      7.23e-09    4.43e-01
   3        -2.6119e-06   2.28e-08          -2.6367e-06      6.90e-09    5.04e-01
rNLOg = (-2.6367425e-06 +- 6.8967124e-09) pb

**************************************************
* real light quark emission - dipole - (onshell) *
**************************************************
The limits of integration are:

xl[0]=0.000000    xu[0]=1.000000
xl[1]=0.000000    xu[1]=1.000000
xl[2]=0.000000    xu[2]=1.000000
xl[3]=0.000000    xu[3]=1.000000
xl[4]=0.000000    xu[4]=1.000000
xl[5]=0.000000    xu[5]=1.000000

num_dim=6, calls=5000, it_num=1, max_it_num=5 verb=0, alph=1.50,
mode=0, bins=50, boxes=1

       single.......iteration                   accumulated......results   
iteration     integral    sigma             integral         sigma     chi-sq/it

   1        6.9507e-06   3.69e-07          6.9507e-06      3.69e-07    0.00e+00
   2        6.9342e-06   1.25e-07          6.9359e-06      1.19e-07    1.80e-03
   3        6.8758e-06   6.92e-08          6.8910e-06      5.98e-08    9.66e-02
   4        6.9143e-06   4.86e-08          6.9050e-06      3.77e-08    9.47e-02
   5        6.9118e-06   4.18e-08          6.9080e-06      2.80e-08    7.46e-02

num_dim=6, calls=50000, it_num=1, max_it_num=5 verb=0, alph=1.50,
mode=0, bins=50, boxes=1

       single.......iteration                   accumulated......results   
iteration     integral    sigma             integral         sigma     chi-sq/it

   1        6.9054e-06   1.28e-08          6.9054e-06      1.28e-08    0.00e+00
   2        6.9227e-06   1.54e-08          6.9125e-06      9.85e-09    7.44e-01
   3        6.9347e-06   1.64e-08          6.9184e-06      8.45e-09    1.04e+00
   4        6.9244e-06   1.38e-08          6.9200e-06      7.20e-09    7.42e-01
   5        6.9297e-06   1.51e-08          6.9218e-06      6.50e-09    6.39e-01
rNLOq = (6.9218181e-06 +- 6.5031028e-09) pb
NLO = (1.1258627e-03 +- 4.8835899e-07) pb
#chisq/dof = 2.54324e-09
#status = success
#chisq/dof = 2.92499e-09
#status = success
#chisq/dof = 3.15287e-09
#status = success
#chisq/dof = 1.49244e-09
#status = success
#chisq/dof = 1.18374e-09
#status = success
#chisq/dof = 3.96688e-12
#status = success
#chisq/dof = 4.33305e-10
#status = success
#chisq/dof = 1.32423e-10
#status = success

*******************************************************
* threshold resummation (unimproved nnll) - expansion *
*******************************************************
The limits of integration are:

xl[0]=0.000000    xu[0]=1.000000
xl[1]=0.000000    xu[1]=1.000000
xl[2]=0.000000    xu[2]=1.000000

num_dim=3, calls=7000, it_num=1, max_it_num=5 verb=0, alph=1.50,
mode=0, bins=50, boxes=1

       single.......iteration                   accumulated......results   
iteration     integral    sigma             integral         sigma     chi-sq/it

   1        1.3245e-05   1.32e-06          1.3245e-05      1.32e-06    0.00e+00
   2        1.2266e-05   6.85e-07          1.2474e-05      6.08e-07    4.34e-01
   3        1.0972e-05   6.49e-07          1.1771e-05      4.44e-07    1.64e+00
   4        1.1878e-05   6.63e-07          1.1804e-05      3.69e-07    1.10e+00
   5        1.0189e-05   6.55e-07          1.1416e-05      3.21e-07    1.98e+00

num_dim=3, calls=35000, it_num=1, max_it_num=5 verb=0, alph=1.50,
mode=0, bins=50, boxes=1

       single.......iteration                   accumulated......results   
iteration     integral    sigma             integral         sigma     chi-sq/it

   1        1.1602e-05   2.88e-07          1.1602e-05      2.88e-07    0.00e+00
   2        1.1589e-05   2.93e-07          1.1595e-05      2.06e-07    9.84e-04
   3        1.1659e-05   2.90e-07          1.1616e-05      1.68e-07    1.63e-02
   4        1.1780e-05   2.91e-07          1.1657e-05      1.45e-07    9.01e-02
   5        1.1638e-05   2.89e-07          1.1653e-05      1.30e-07    6.85e-02
   5        1.1655e-05   2.90e-07          1.1654e-05      1.19e-07    5.48e-02
   5        1.1872e-05   2.90e-07          1.1685e-05      1.10e-07    1.27e-01
   5        1.1746e-05   2.90e-07          1.1693e-05      1.03e-07    1.14e-01
   5        1.1720e-05   2.92e-07          1.1696e-05      9.68e-08    1.01e-01
   5        1.1216e-05   2.89e-07          1.1647e-05      9.18e-08    3.66e-01
   5        1.1716e-05   2.93e-07          1.1653e-05      8.76e-08    3.34e-01
   5        1.2112e-05   2.92e-07          1.1691e-05      8.39e-08    5.09e-01
aNNLO+NNLL = (1.1375535e-03 +- 4.9551304e-07) pb

Results:
LO = (9.8610736e-04 +- 3.6349991e-07) pb
NLO = (1.1258627e-03 +- 4.8835899e-07) pb
aNNLO+NNLL = (1.1375535e-03 +- 4.9551304e-07) pb
Thanks for using LHAPDF 6.2.3. Please make sure to cite the paper:
  Eur.Phys.J. C75 (2015) 3, 132  (http://arxiv.org/abs/1412.7420)
 ====================================================
   FF 2.0, a package to evaluate one-loop integrals
 written by G. J. van Oldenborgh, NIKHEF-H, Amsterdam
 ====================================================
 for the algorithms used see preprint NIKHEF-H 89/17,
 'New Algorithms for One-loop Integrals', by G.J. van
 Oldenborgh and J.A.M. Vermaseren, published in 
 Zeitschrift fuer Physik C46(1990)425.
 ====================================================
 
total number of errors and warnings
===================================
fferr: no errors
 
