
  Welcome to Resummino git-latest
  Copyright 2008-2010 Jonathan Debove.
  Copyright 2011-2014 David R. Lamprea.
  Copyright 2011-2016 Marcel Rothering.

  Licensed under the EUPL 1.1 or later.
  See http://www.resummino.org/ for more information.

  If using Resummino for slepton pair production, please cite.
  - G. Bozzi, B. Fuks, M. Klasen, PRD 74, 015001 (2006); NPB 777, 157 (2007); NPB 794, 46 (2007).
  - B. Fuks, M. Klasen, D. R. Lamprea, M. Rothering, EPJC 73, 2480 (2013).

  For gaugino pair production, please cite:
  - J. Debove, B. Fuks, M. Klasen, PLB 688, 208 (2010); NPB 842, 51 (2011); NPB 849, 64 (2011).
  - B. Fuks, M. Klasen, D. R. Lamprea, M. Rothering, JHEP 1210, 081 (2012); EPJC 73, 2480 (2013).

  For associated gaugino gluino production, please cite:
  - B. Fuks, M. Klasen, M. Rothering, JHEP 07:053, (2016).
  - B. Fuks, M. Klasen, D. R. Lamprea, M. Rothering, EPJC 73, 2480 (2013).

LHAPDF 6.2.3 loading /pool/condor/dir_144389/resummino-releases/lhapdf-prefix/share/LHAPDF/PDF4LHC21_40/PDF4LHC21_40_0000.dat
PDF4LHC21_40 PDF set, member #0, version 1
 alpha_s(M_Z^2) = 0.1180 	 for LO PDF set 
 alpha_s(500.000^2) = 0.0940 	 for LO PDF set 

********************
* LO cross section *
********************
The limits of integration are:

xl[0]=0.000000    xu[0]=1.000000
xl[1]=0.000000    xu[1]=1.000000
xl[2]=0.000000    xu[2]=1.000000

num_dim=3, calls=2000, it_num=1, max_it_num=5 verb=0, alph=1.50,
mode=0, bins=50, boxes=1

       single.......iteration                   accumulated......results   
iteration     integral    sigma             integral         sigma     chi-sq/it

   1        1.8212e-02   7.08e-04          1.8212e-02      7.08e-04    0.00e+00
   2        1.9617e-02   2.38e-04          1.9474e-02      2.25e-04    3.54e+00
   3        1.9708e-02   1.38e-04          1.9644e-02      1.18e-04    2.16e+00
   4        1.9526e-02   1.31e-04          1.9592e-02      8.77e-05    1.59e+00
   5        1.9564e-02   1.33e-04          1.9583e-02      7.33e-05    1.20e+00

num_dim=3, calls=20000, it_num=1, max_it_num=5 verb=0, alph=1.50,
mode=0, bins=50, boxes=1

       single.......iteration                   accumulated......results   
iteration     integral    sigma             integral         sigma     chi-sq/it

   1        1.9721e-02   4.10e-05          1.9721e-02      4.10e-05    0.00e+00
   2        1.9687e-02   3.97e-05          1.9703e-02      2.85e-05    3.63e-01
   3        1.9695e-02   3.87e-05          1.9700e-02      2.30e-05    1.96e-01
   4        1.9699e-02   4.08e-05          1.9700e-02      2.00e-05    1.31e-01
   5        1.9635e-02   4.11e-05          1.9688e-02      1.80e-05    6.07e-01
   5        1.9611e-02   4.11e-05          1.9675e-02      1.65e-05    1.07e+00
   5        1.9652e-02   4.06e-05          1.9672e-02      1.53e-05    9.43e-01
   5        1.9603e-02   4.19e-05          1.9664e-02      1.44e-05    1.15e+00
   5        1.9655e-02   4.25e-05          1.9663e-02      1.36e-05    1.01e+00
   5        1.9601e-02   4.32e-05          1.9657e-02      1.30e-05    1.11e+00
   5        1.9679e-02   4.37e-05          1.9659e-02      1.24e-05    1.02e+00
   5        1.9666e-02   4.48e-05          1.9660e-02      1.20e-05    9.27e-01
   5        1.9694e-02   4.61e-05          1.9662e-02      1.16e-05    8.94e-01
   5        1.9709e-02   4.85e-05          1.9664e-02      1.13e-05    8.95e-01
   5        1.9719e-02   4.99e-05          1.9667e-02      1.10e-05    9.13e-01
   5        1.9633e-02   5.11e-05          1.9665e-02      1.08e-05    8.81e-01
   5        1.9626e-02   5.25e-05          1.9664e-02      1.05e-05    8.59e-01
   5        1.9693e-02   5.41e-05          1.9665e-02      1.03e-05    8.25e-01
   5        1.9720e-02   5.67e-05          1.9667e-02      1.02e-05    8.30e-01
   5        1.9721e-02   5.78e-05          1.9668e-02      1.00e-05    8.30e-01
   5        1.9565e-02   5.90e-05          1.9665e-02      9.88e-06    9.38e-01
   5        1.9723e-02   6.07e-05          1.9667e-02      9.75e-06    9.35e-01
   5        1.9686e-02   6.15e-05          1.9667e-02      9.63e-06    8.96e-01
   5        1.9714e-02   6.30e-05          1.9668e-02      9.52e-06    8.81e-01
   5        1.9733e-02   6.30e-05          1.9670e-02      9.41e-06    8.87e-01
   5        1.9574e-02   6.21e-05          1.9668e-02      9.30e-06    9.45e-01
   5        1.9770e-02   6.44e-05          1.9670e-02      9.21e-06    1.00e+00
   5        1.9662e-02   6.48e-05          1.9670e-02      9.12e-06    9.67e-01
   5        1.9699e-02   6.77e-05          1.9670e-02      9.04e-06    9.39e-01
   5        1.9684e-02   6.54e-05          1.9670e-02      8.95e-06    9.08e-01
   5        1.9649e-02   6.54e-05          1.9670e-02      8.87e-06    8.82e-01
   5        1.9678e-02   6.74e-05          1.9670e-02      8.79e-06    8.54e-01
   5        1.9736e-02   6.77e-05          1.9671e-02      8.72e-06    8.56e-01
   5        1.9627e-02   6.80e-05          1.9671e-02      8.65e-06    8.43e-01
   5        1.9542e-02   6.72e-05          1.9668e-02      8.58e-06    9.24e-01
   5        1.9743e-02   6.92e-05          1.9670e-02      8.51e-06    9.31e-01
   5        1.9557e-02   7.19e-05          1.9668e-02      8.45e-06    9.71e-01
   5        1.9617e-02   7.41e-05          1.9667e-02      8.40e-06    9.58e-01
   5        1.9678e-02   7.39e-05          1.9667e-02      8.34e-06    9.33e-01
   5        1.9632e-02   7.39e-05          1.9667e-02      8.29e-06    9.15e-01
   5        1.9640e-02   7.35e-05          1.9667e-02      8.24e-06    8.95e-01
   5        1.9590e-02   7.44e-05          1.9666e-02      8.19e-06    8.99e-01
   5        1.9871e-02   7.70e-05          1.9668e-02      8.14e-06    1.05e+00
   5        1.9716e-02   7.09e-05          1.9669e-02      8.09e-06    1.03e+00
   5        1.9540e-02   7.14e-05          1.9667e-02      8.04e-06    1.08e+00
   5        1.9662e-02   7.14e-05          1.9667e-02      7.99e-06    1.06e+00
   5        1.9758e-02   7.31e-05          1.9668e-02      7.94e-06    1.07e+00
   5        1.9505e-02   7.39e-05          1.9666e-02      7.90e-06    1.15e+00
   5        1.9809e-02   7.46e-05          1.9668e-02      7.85e-06    1.20e+00
   5        1.9771e-02   7.68e-05          1.9669e-02      7.81e-06    1.21e+00
   5        1.9652e-02   7.65e-05          1.9669e-02      7.77e-06    1.19e+00
   5        1.9588e-02   7.79e-05          1.9668e-02      7.73e-06    1.19e+00
   5        1.9695e-02   7.40e-05          1.9668e-02      7.69e-06    1.17e+00
   5        1.9725e-02   7.46e-05          1.9669e-02      7.65e-06    1.15e+00
   5        1.9735e-02   7.16e-05          1.9670e-02      7.61e-06    1.15e+00
LO = (1.9669523e-02 +- 7.6068604e-06) pb
LHAPDF 6.2.3 loading /pool/condor/dir_144389/resummino-releases/lhapdf-prefix/share/LHAPDF/PDF4LHC21_40/PDF4LHC21_40_0040.dat
PDF4LHC21_40 PDF set, member #40, version 1
 alpha_s(M_Z^2) = 0.1180 	 for NLO PDF set 
 alpha_s(500.000^2) = 0.0940 	 for NLO PDF set 

********************
* LO cross section *
********************
The limits of integration are:

xl[0]=0.000000    xu[0]=1.000000
xl[1]=0.000000    xu[1]=1.000000
xl[2]=0.000000    xu[2]=1.000000

num_dim=3, calls=2000, it_num=1, max_it_num=5 verb=0, alph=1.50,
mode=0, bins=50, boxes=1

       single.......iteration                   accumulated......results   
iteration     integral    sigma             integral         sigma     chi-sq/it

   1        1.8215e-02   7.08e-04          1.8215e-02      7.08e-04    0.00e+00
   2        1.9622e-02   2.38e-04          1.9480e-02      2.25e-04    3.55e+00
   3        1.9713e-02   1.38e-04          1.9649e-02      1.18e-04    2.16e+00
   4        1.9531e-02   1.31e-04          1.9596e-02      8.77e-05    1.59e+00
   5        1.9570e-02   1.33e-04          1.9588e-02      7.32e-05    1.20e+00

num_dim=3, calls=20000, it_num=1, max_it_num=5 verb=0, alph=1.50,
mode=0, bins=50, boxes=1

       single.......iteration                   accumulated......results   
iteration     integral    sigma             integral         sigma     chi-sq/it

   1        1.9726e-02   4.09e-05          1.9726e-02      4.09e-05    0.00e+00
   2        1.9692e-02   3.97e-05          1.9708e-02      2.85e-05    3.62e-01
   3        1.9700e-02   3.87e-05          1.9705e-02      2.29e-05    1.97e-01
   4        1.9703e-02   4.08e-05          1.9705e-02      2.00e-05    1.32e-01
   5        1.9639e-02   4.11e-05          1.9692e-02      1.80e-05    6.14e-01
   5        1.9615e-02   4.11e-05          1.9680e-02      1.65e-05    1.08e+00
   5        1.9656e-02   4.06e-05          1.9677e-02      1.53e-05    9.48e-01
   5        1.9608e-02   4.19e-05          1.9669e-02      1.43e-05    1.15e+00
   5        1.9660e-02   4.25e-05          1.9668e-02      1.36e-05    1.01e+00
   5        1.9606e-02   4.32e-05          1.9662e-02      1.30e-05    1.11e+00
   5        1.9684e-02   4.37e-05          1.9664e-02      1.24e-05    1.02e+00
   5        1.9670e-02   4.47e-05          1.9664e-02      1.20e-05    9.28e-01
   5        1.9699e-02   4.60e-05          1.9667e-02      1.16e-05    8.94e-01
   5        1.9714e-02   4.85e-05          1.9669e-02      1.13e-05    8.96e-01
   5        1.9724e-02   4.99e-05          1.9672e-02      1.10e-05    9.13e-01
   5        1.9638e-02   5.11e-05          1.9670e-02      1.07e-05    8.80e-01
   5        1.9631e-02   5.25e-05          1.9669e-02      1.05e-05    8.59e-01
   5        1.9698e-02   5.41e-05          1.9670e-02      1.03e-05    8.26e-01
   5        1.9724e-02   5.67e-05          1.9671e-02      1.02e-05    8.30e-01
   5        1.9725e-02   5.77e-05          1.9673e-02      1.00e-05    8.30e-01
   5        1.9570e-02   5.90e-05          1.9670e-02      9.87e-06    9.38e-01
   5        1.9728e-02   6.07e-05          1.9672e-02      9.74e-06    9.34e-01
   5        1.9691e-02   6.15e-05          1.9672e-02      9.62e-06    8.96e-01
   5        1.9719e-02   6.30e-05          1.9673e-02      9.51e-06    8.80e-01
   5        1.9738e-02   6.30e-05          1.9675e-02      9.41e-06    8.87e-01
   5        1.9579e-02   6.21e-05          1.9672e-02      9.30e-06    9.45e-01
   5        1.9775e-02   6.45e-05          1.9675e-02      9.21e-06    1.00e+00
   5        1.9667e-02   6.48e-05          1.9674e-02      9.11e-06    9.67e-01
   5        1.9703e-02   6.77e-05          1.9675e-02      9.03e-06    9.39e-01
   5        1.9688e-02   6.54e-05          1.9675e-02      8.95e-06    9.08e-01
   5        1.9653e-02   6.53e-05          1.9675e-02      8.86e-06    8.81e-01
   5        1.9682e-02   6.74e-05          1.9675e-02      8.79e-06    8.53e-01
   5        1.9740e-02   6.77e-05          1.9676e-02      8.72e-06    8.55e-01
   5        1.9631e-02   6.80e-05          1.9675e-02      8.64e-06    8.42e-01
   5        1.9546e-02   6.72e-05          1.9673e-02      8.57e-06    9.24e-01
   5        1.9748e-02   6.92e-05          1.9674e-02      8.51e-06    9.30e-01
   5        1.9562e-02   7.19e-05          1.9673e-02      8.45e-06    9.71e-01
   5        1.9622e-02   7.40e-05          1.9672e-02      8.40e-06    9.57e-01
   5        1.9683e-02   7.39e-05          1.9672e-02      8.34e-06    9.33e-01
   5        1.9636e-02   7.39e-05          1.9672e-02      8.29e-06    9.15e-01
   5        1.9645e-02   7.35e-05          1.9671e-02      8.24e-06    8.95e-01
   5        1.9595e-02   7.44e-05          1.9671e-02      8.19e-06    8.99e-01
   5        1.9876e-02   7.70e-05          1.9673e-02      8.14e-06    1.05e+00
   5        1.9720e-02   7.08e-05          1.9673e-02      8.09e-06    1.03e+00
   5        1.9545e-02   7.14e-05          1.9672e-02      8.04e-06    1.08e+00
   5        1.9667e-02   7.14e-05          1.9672e-02      7.99e-06    1.06e+00
   5        1.9762e-02   7.31e-05          1.9673e-02      7.94e-06    1.07e+00
   5        1.9510e-02   7.39e-05          1.9671e-02      7.89e-06    1.15e+00
   5        1.9814e-02   7.45e-05          1.9673e-02      7.85e-06    1.20e+00
   5        1.9776e-02   7.68e-05          1.9674e-02      7.81e-06    1.21e+00
   5        1.9657e-02   7.65e-05          1.9673e-02      7.77e-06    1.19e+00
   5        1.9593e-02   7.79e-05          1.9673e-02      7.73e-06    1.19e+00
   5        1.9700e-02   7.40e-05          1.9673e-02      7.69e-06    1.16e+00
   5        1.9730e-02   7.46e-05          1.9674e-02      7.65e-06    1.15e+00
   5        1.9739e-02   7.16e-05          1.9674e-02      7.60e-06    1.15e+00
LO = (1.9674287e-02 +- 7.6045548e-06) pb

*******************************************
* virtual corrections + integrated dipole *
*******************************************
The limits of integration are:

xl[0]=0.000000    xu[0]=1.000000
xl[1]=0.000000    xu[1]=1.000000
xl[2]=0.000000    xu[2]=1.000000

num_dim=3, calls=240, it_num=1, max_it_num=5 verb=0, alph=1.50,
mode=0, bins=50, boxes=1

       single.......iteration                   accumulated......results   
iteration     integral    sigma             integral         sigma     chi-sq/it

   1        7.5040e-04   8.69e-05          7.5040e-04      8.69e-05    0.00e+00
   2        7.6897e-04   3.53e-05          7.6634e-04      3.27e-05    3.92e-02
   3        7.9842e-04   2.46e-05          7.8681e-04      1.97e-05    3.27e-01
   4        8.0743e-04   2.11e-05          7.9641e-04      1.44e-05    3.88e-01
   5        8.1925e-04   1.96e-05          8.0439e-04      1.16e-05    5.11e-01

num_dim=3, calls=1200, it_num=1, max_it_num=3 verb=0, alph=1.50,
mode=0, bins=50, boxes=1

       single.......iteration                   accumulated......results   
iteration     integral    sigma             integral         sigma     chi-sq/it

   1        7.6545e-04   8.44e-06          7.6545e-04      8.44e-06    0.00e+00
   2        7.8209e-04   7.27e-06          7.7500e-04      5.51e-06    2.23e+00
   3        7.7836e-04   6.95e-06          7.7630e-04      4.32e-06    1.19e+00
vNLO = (7.7629860e-04 +- 4.3168009e-06) pb

*****************************
* collinear remainder (P+K) *
*****************************
The limits of integration are:

xl[0]=0.000000    xu[0]=1.000000
xl[1]=0.000000    xu[1]=1.000000
xl[2]=0.000000    xu[2]=1.000000
xl[3]=0.000000    xu[3]=1.000000

num_dim=4, calls=2500, it_num=1, max_it_num=5 verb=0, alph=1.50,
mode=0, bins=50, boxes=1

       single.......iteration                   accumulated......results   
iteration     integral    sigma             integral         sigma     chi-sq/it

   1        2.2470e-03   1.81e-04          2.2470e-03      1.81e-04    0.00e+00
   2        2.2260e-03   6.41e-05          2.2283e-03      6.04e-05    1.19e-02
   3        2.1817e-03   5.31e-05          2.2020e-03      3.99e-05    1.74e-01
   4        2.1828e-03   5.15e-05          2.1948e-03      3.15e-05    1.45e-01
   5        2.2400e-03   5.22e-05          2.2069e-03      2.70e-05    2.46e-01

num_dim=4, calls=25000, it_num=1, max_it_num=3 verb=0, alph=1.50,
mode=0, bins=50, boxes=1

       single.......iteration                   accumulated......results   
iteration     integral    sigma             integral         sigma     chi-sq/it

   1        2.1372e-03   1.64e-05          2.1372e-03      1.64e-05    0.00e+00
   2        2.1431e-03   1.62e-05          2.1402e-03      1.15e-05    6.64e-02
   3        2.1454e-03   1.61e-05          2.1419e-03      9.39e-06    6.79e-02
   3        2.1429e-03   1.60e-05          2.1422e-03      8.10e-06    4.62e-02
   3        2.1581e-03   1.61e-05          2.1454e-03      7.24e-06    2.29e-01
   3        2.1177e-03   1.63e-05          2.1408e-03      6.61e-06    6.67e-01
   3        2.1382e-03   1.62e-05          2.1405e-03      6.12e-06    5.60e-01
P+K = (2.1404629e-03 +- 6.1220879e-06) pb

********************************
* real gluon emission - dipole *
********************************
The limits of integration are:

xl[0]=0.000000    xu[0]=1.000000
xl[1]=0.000000    xu[1]=1.000000
xl[2]=0.000000    xu[2]=1.000000
xl[3]=0.000000    xu[3]=1.000000
xl[4]=0.000000    xu[4]=1.000000
xl[5]=0.000000    xu[5]=1.000000

num_dim=6, calls=250, it_num=1, max_it_num=5 verb=0, alph=1.50,
mode=0, bins=50, boxes=1

       single.......iteration                   accumulated......results   
iteration     integral    sigma             integral         sigma     chi-sq/it

   1        -7.9720e-05   1.64e-05          -7.9720e-05      1.64e-05    0.00e+00
   2        -8.8674e-05   1.66e-05          -8.4133e-05      1.17e-05    1.47e-01
   3        -9.3621e-05   1.20e-05          -8.8739e-05      8.37e-06    2.34e-01
   4        -9.4007e-05   1.10e-05          -9.0663e-05      6.67e-06    2.04e-01
   5        -1.0650e-04   1.07e-05          -9.5112e-05      5.66e-06    5.49e-01

num_dim=6, calls=2500, it_num=1, max_it_num=3 verb=0, alph=1.50,
mode=0, bins=50, boxes=1

       single.......iteration                   accumulated......results   
iteration     integral    sigma             integral         sigma     chi-sq/it

   1        -9.5456e-05   2.51e-06          -9.5456e-05      2.51e-06    0.00e+00
   2        -9.3294e-05   1.34e-06          -9.3773e-05      1.18e-06    5.79e-01
   3        -9.3543e-05   1.02e-06          -9.3641e-05      7.70e-07    3.00e-01
   3        -9.3336e-05   9.02e-07          -9.3512e-05      5.86e-07    2.22e-01
   3        -9.4432e-05   8.47e-07          -9.3810e-05      4.82e-07    3.66e-01
   3        -9.3585e-05   8.36e-07          -9.3754e-05      4.17e-07    3.04e-01
   3        -9.3445e-05   8.52e-07          -9.3694e-05      3.75e-07    2.71e-01
   3        -9.4098e-05   8.29e-07          -9.3763e-05      3.41e-07    2.60e-01
   3        -9.3401e-05   7.90e-07          -9.3706e-05      3.13e-07    2.50e-01
   3        -9.4144e-05   8.02e-07          -9.3764e-05      2.92e-07    2.51e-01
   3        -9.3257e-05   8.11e-07          -9.3706e-05      2.75e-07    2.60e-01
   3        -9.2402e-05   8.03e-07          -9.3569e-05      2.60e-07    4.51e-01
   3        -9.3914e-05   7.86e-07          -9.3603e-05      2.47e-07    4.28e-01
   3        -9.4004e-05   7.81e-07          -9.3639e-05      2.35e-07    4.14e-01
   3        -9.2585e-05   7.62e-07          -9.3548e-05      2.25e-07    5.09e-01
rNLOg = (-9.3547609e-05 +- 2.2482409e-07) pb

**************************************************
* real light quark emission - dipole - (onshell) *
**************************************************
The limits of integration are:

xl[0]=0.000000    xu[0]=1.000000
xl[1]=0.000000    xu[1]=1.000000
xl[2]=0.000000    xu[2]=1.000000
xl[3]=0.000000    xu[3]=1.000000
xl[4]=0.000000    xu[4]=1.000000
xl[5]=0.000000    xu[5]=1.000000

num_dim=6, calls=5000, it_num=1, max_it_num=5 verb=0, alph=1.50,
mode=0, bins=50, boxes=1

       single.......iteration                   accumulated......results   
iteration     integral    sigma             integral         sigma     chi-sq/it

   1        2.5705e-04   1.49e-05          2.5705e-04      1.49e-05    0.00e+00
   2        2.5851e-04   4.84e-06          2.5837e-04      4.60e-06    8.68e-03
   3        2.5502e-04   2.61e-06          2.5584e-04      2.27e-06    2.06e-01
   4        2.5658e-04   1.95e-06          2.5627e-04      1.48e-06    1.58e-01
   5        2.5605e-04   1.71e-06          2.5617e-04      1.12e-06    1.21e-01

num_dim=6, calls=50000, it_num=1, max_it_num=5 verb=0, alph=1.50,
mode=0, bins=50, boxes=1

       single.......iteration                   accumulated......results   
iteration     integral    sigma             integral         sigma     chi-sq/it

   1        2.5533e-04   5.30e-07          2.5533e-04      5.30e-07    0.00e+00
   2        2.5625e-04   5.95e-07          2.5574e-04      3.96e-07    1.36e+00
   3        2.5677e-04   6.41e-07          2.5602e-04      3.37e-07    1.61e+00
   4        2.5626e-04   5.61e-07          2.5608e-04      2.89e-07    1.12e+00
   5        2.5654e-04   6.12e-07          2.5617e-04      2.61e-07    9.51e-01
rNLOq = (2.5616622e-04 +- 2.6104062e-07) pb
NLO = (2.2753667e-02 +- 1.0680013e-05) pb
#chisq/dof = 6.34397e-09
#status = success
#chisq/dof = 1.23468e-08
#status = success
#chisq/dof = 6.37184e-10
#status = success
#chisq/dof = 7.71573e-10
#status = success
#chisq/dof = 1.60598e-10
#status = success
#chisq/dof = 3.78347e-12
#status = success
#chisq/dof = 5.46199e-10
#status = success
#chisq/dof = 8.21003e-11
#status = success

*******************************************************
* threshold resummation (unimproved nnll) - expansion *
*******************************************************
The limits of integration are:

xl[0]=0.000000    xu[0]=1.000000
xl[1]=0.000000    xu[1]=1.000000
xl[2]=0.000000    xu[2]=1.000000

num_dim=3, calls=7000, it_num=1, max_it_num=5 verb=0, alph=1.50,
mode=0, bins=50, boxes=1

       single.......iteration                   accumulated......results   
iteration     integral    sigma             integral         sigma     chi-sq/it

   1        1.5612e-04   1.62e-05          1.5612e-04      1.62e-05    0.00e+00
   2        1.4350e-04   5.45e-06          1.4479e-04      5.17e-06    5.45e-01
   3        1.4385e-04   4.87e-06          1.4429e-04      3.55e-06    2.81e-01
   4        1.5505e-04   4.87e-06          1.4802e-04      2.87e-06    1.25e+00
   5        1.4220e-04   4.88e-06          1.4653e-04      2.47e-06    1.20e+00

num_dim=3, calls=35000, it_num=1, max_it_num=5 verb=0, alph=1.50,
mode=0, bins=50, boxes=1

       single.......iteration                   accumulated......results   
iteration     integral    sigma             integral         sigma     chi-sq/it

   1        1.4230e-04   2.17e-06          1.4230e-04      2.17e-06    0.00e+00
   2        1.4551e-04   2.20e-06          1.4388e-04      1.55e-06    1.08e+00
   3        1.4587e-04   2.18e-06          1.4455e-04      1.26e-06    8.14e-01
   4        1.4481e-04   2.20e-06          1.4461e-04      1.10e-06    5.46e-01
   5        1.4984e-04   2.17e-06          1.4567e-04      9.78e-07    1.57e+00
   5        1.4331e-04   2.19e-06          1.4528e-04      8.93e-07    1.45e+00
aNNLO+NNLL = (2.2898946e-02 +- 1.0717258e-05) pb

Results:
LO = (1.9669523e-02 +- 7.6068604e-06) pb
NLO = (2.2753667e-02 +- 1.0680013e-05) pb
aNNLO+NNLL = (2.2898946e-02 +- 1.0717258e-05) pb
Thanks for using LHAPDF 6.2.3. Please make sure to cite the paper:
  Eur.Phys.J. C75 (2015) 3, 132  (http://arxiv.org/abs/1412.7420)
 ====================================================
   FF 2.0, a package to evaluate one-loop integrals
 written by G. J. van Oldenborgh, NIKHEF-H, Amsterdam
 ====================================================
 for the algorithms used see preprint NIKHEF-H 89/17,
 'New Algorithms for One-loop Integrals', by G.J. van
 Oldenborgh and J.A.M. Vermaseren, published in 
 Zeitschrift fuer Physik C46(1990)425.
 ====================================================
 
total number of errors and warnings
===================================
fferr: no errors
 
