
  Welcome to Resummino git-latest
  Copyright 2008-2010 Jonathan Debove.
  Copyright 2011-2014 David R. Lamprea.
  Copyright 2011-2016 Marcel Rothering.

  Licensed under the EUPL 1.1 or later.
  See http://www.resummino.org/ for more information.

  If using Resummino for slepton pair production, please cite.
  - G. Bozzi, B. Fuks, M. Klasen, PRD 74, 015001 (2006); NPB 777, 157 (2007); NPB 794, 46 (2007).
  - B. Fuks, M. Klasen, D. R. Lamprea, M. Rothering, EPJC 73, 2480 (2013).

  For gaugino pair production, please cite:
  - J. Debove, B. Fuks, M. Klasen, PLB 688, 208 (2010); NPB 842, 51 (2011); NPB 849, 64 (2011).
  - B. Fuks, M. Klasen, D. R. Lamprea, M. Rothering, JHEP 1210, 081 (2012); EPJC 73, 2480 (2013).

  For associated gaugino gluino production, please cite:
  - B. Fuks, M. Klasen, M. Rothering, JHEP 07:053, (2016).
  - B. Fuks, M. Klasen, D. R. Lamprea, M. Rothering, EPJC 73, 2480 (2013).

LHAPDF 6.2.3 loading /pool/condor/dir_5957/resummino-releases/lhapdf-prefix/share/LHAPDF/PDF4LHC21_40/PDF4LHC21_40_0000.dat
PDF4LHC21_40 PDF set, member #0, version 1
 alpha_s(M_Z^2) = 0.1180 	 for LO PDF set 
 alpha_s(1900.000^2) = 0.0811 	 for LO PDF set 

********************
* LO cross section *
********************
The limits of integration are:

xl[0]=0.000000    xu[0]=1.000000
xl[1]=0.000000    xu[1]=1.000000
xl[2]=0.000000    xu[2]=1.000000

num_dim=3, calls=2000, it_num=1, max_it_num=5 verb=0, alph=1.50,
mode=0, bins=50, boxes=1

       single.......iteration                   accumulated......results   
iteration     integral    sigma             integral         sigma     chi-sq/it

   1        4.2785e-06   1.60e-07          4.2785e-06      1.60e-07    0.00e+00
   2        4.6788e-06   5.48e-08          4.6369e-06      5.19e-08    5.60e+00
   3        4.6908e-06   2.81e-08          4.6786e-06      2.47e-08    3.22e+00
   4        4.6584e-06   2.61e-08          4.6690e-06      1.79e-08    2.25e+00
   5        4.6659e-06   2.49e-08          4.6680e-06      1.46e-08    1.69e+00

num_dim=3, calls=20000, it_num=1, max_it_num=5 verb=0, alph=1.50,
mode=0, bins=50, boxes=1

       single.......iteration                   accumulated......results   
iteration     integral    sigma             integral         sigma     chi-sq/it

   1        4.6891e-06   7.86e-09          4.6891e-06      7.86e-09    0.00e+00
   2        4.6825e-06   7.54e-09          4.6857e-06      5.44e-09    3.72e-01
   3        4.6864e-06   7.20e-09          4.6859e-06      4.34e-09    1.89e-01
   4        4.6856e-06   7.69e-09          4.6858e-06      3.78e-09    1.26e-01
   5        4.6702e-06   8.11e-09          4.6831e-06      3.43e-09    8.55e-01
   5        4.6668e-06   7.88e-09          4.6805e-06      3.14e-09    1.40e+00
   5        4.6818e-06   7.92e-09          4.6807e-06      2.92e-09    1.17e+00
   5        4.6663e-06   8.16e-09          4.6790e-06      2.75e-09    1.39e+00
   5        4.6787e-06   8.29e-09          4.6790e-06      2.61e-09    1.22e+00
   5        4.6684e-06   8.39e-09          4.6781e-06      2.49e-09    1.25e+00
   5        4.6796e-06   8.61e-09          4.6782e-06      2.39e-09    1.12e+00
   5        4.6814e-06   8.84e-09          4.6784e-06      2.31e-09    1.03e+00
   5        4.6877e-06   9.18e-09          4.6790e-06      2.24e-09    1.03e+00
   5        4.6833e-06   9.61e-09          4.6792e-06      2.18e-09    9.64e-01
   5        4.6908e-06   1.01e-08          4.6797e-06      2.13e-09    9.84e-01
   5        4.6727e-06   1.05e-08          4.6794e-06      2.09e-09    9.47e-01
   5        4.6644e-06   1.08e-08          4.6789e-06      2.05e-09    1.00e+00
   5        4.6911e-06   1.13e-08          4.6793e-06      2.02e-09    1.01e+00
   5        4.6897e-06   1.18e-08          4.6796e-06      1.99e-09    9.98e-01
   5        4.6825e-06   1.23e-08          4.6796e-06      1.96e-09    9.49e-01
   5        4.6611e-06   1.29e-08          4.6792e-06      1.94e-09    1.00e+00
   5        4.6833e-06   1.34e-08          4.6793e-06      1.92e-09    9.58e-01
   5        4.6866e-06   1.37e-08          4.6794e-06      1.90e-09    9.27e-01
   5        4.6911e-06   1.44e-08          4.6796e-06      1.89e-09    9.15e-01
   5        4.6912e-06   1.44e-08          4.6798e-06      1.87e-09    9.03e-01
   5        4.6623e-06   1.44e-08          4.6795e-06      1.86e-09    9.25e-01
   5        4.7026e-06   1.52e-08          4.6799e-06      1.84e-09    9.76e-01
   5        4.6763e-06   1.50e-08          4.6798e-06      1.83e-09    9.42e-01
   5        4.6811e-06   1.55e-08          4.6799e-06      1.82e-09    9.09e-01
   5        4.6852e-06   1.53e-08          4.6799e-06      1.80e-09    8.82e-01
   5        4.6806e-06   1.55e-08          4.6799e-06      1.79e-09    8.52e-01
   5        4.6837e-06   1.59e-08          4.6800e-06      1.78e-09    8.27e-01
   5        4.6957e-06   1.60e-08          4.6802e-06      1.77e-09    8.31e-01
   5        4.6705e-06   1.63e-08          4.6801e-06      1.76e-09    8.16e-01
   5        4.6576e-06   1.62e-08          4.6798e-06      1.75e-09    8.48e-01
   5        4.6973e-06   1.66e-08          4.6800e-06      1.74e-09    8.55e-01
   5        4.6443e-06   1.70e-08          4.6796e-06      1.73e-09    9.53e-01
   5        4.6554e-06   1.73e-08          4.6794e-06      1.72e-09    9.80e-01
   5        4.6793e-06   1.76e-08          4.6794e-06      1.71e-09    9.54e-01
   5        4.6729e-06   1.76e-08          4.6793e-06      1.70e-09    9.33e-01
   5        4.6745e-06   1.69e-08          4.6793e-06      1.70e-09    9.12e-01
   5        4.6632e-06   1.75e-08          4.6791e-06      1.69e-09    9.10e-01
   5        4.7321e-06   1.83e-08          4.6796e-06      1.68e-09    1.09e+00
   5        4.6884e-06   1.69e-08          4.6797e-06      1.67e-09    1.07e+00
   5        4.6609e-06   1.71e-08          4.6795e-06      1.66e-09    1.07e+00
   5        4.6753e-06   1.73e-08          4.6794e-06      1.66e-09    1.05e+00
   5        4.6995e-06   1.72e-08          4.6796e-06      1.65e-09    1.06e+00
   5        4.6429e-06   1.71e-08          4.6793e-06      1.64e-09    1.13e+00
   5        4.7129e-06   1.74e-08          4.6796e-06      1.63e-09    1.18e+00
   5        4.7100e-06   1.77e-08          4.6798e-06      1.63e-09    1.22e+00
   5        4.6805e-06   1.79e-08          4.6798e-06      1.62e-09    1.20e+00
   5        4.6591e-06   1.81e-08          4.6797e-06      1.61e-09    1.20e+00
   5        4.6830e-06   1.75e-08          4.6797e-06      1.61e-09    1.18e+00
   5        4.6970e-06   1.73e-08          4.6799e-06      1.60e-09    1.17e+00
   5        4.6956e-06   1.65e-08          4.6800e-06      1.59e-09    1.17e+00
LO = (4.6800026e-06 +- 1.5930419e-09) pb
LHAPDF 6.2.3 loading /pool/condor/dir_5957/resummino-releases/lhapdf-prefix/share/LHAPDF/PDF4LHC21_40/PDF4LHC21_40_0031.dat
PDF4LHC21_40 PDF set, member #31, version 1
 alpha_s(M_Z^2) = 0.1180 	 for NLO PDF set 
 alpha_s(1900.000^2) = 0.0811 	 for NLO PDF set 

********************
* LO cross section *
********************
The limits of integration are:

xl[0]=0.000000    xu[0]=1.000000
xl[1]=0.000000    xu[1]=1.000000
xl[2]=0.000000    xu[2]=1.000000

num_dim=3, calls=2000, it_num=1, max_it_num=5 verb=0, alph=1.50,
mode=0, bins=50, boxes=1

       single.......iteration                   accumulated......results   
iteration     integral    sigma             integral         sigma     chi-sq/it

   1        4.0640e-06   1.58e-07          4.0640e-06      1.58e-07    0.00e+00
   2        4.4552e-06   5.57e-08          4.4120e-06      5.25e-08    5.44e+00
   3        4.4671e-06   3.17e-08          4.4524e-06      2.71e-08    3.12e+00
   4        4.4393e-06   2.97e-08          4.4464e-06      2.00e-08    2.12e+00
   5        4.4382e-06   2.86e-08          4.4437e-06      1.64e-08    1.60e+00

num_dim=3, calls=20000, it_num=1, max_it_num=5 verb=0, alph=1.50,
mode=0, bins=50, boxes=1

       single.......iteration                   accumulated......results   
iteration     integral    sigma             integral         sigma     chi-sq/it

   1        4.4654e-06   8.71e-09          4.4654e-06      8.71e-09    0.00e+00
   2        4.4684e-06   8.39e-09          4.4670e-06      6.04e-09    6.21e-02
   3        4.4742e-06   8.26e-09          4.4695e-06      4.88e-09    2.83e-01
   4        4.4705e-06   8.62e-09          4.4698e-06      4.25e-09    1.92e-01
   5        4.4500e-06   8.77e-09          4.4660e-06      3.82e-09    1.17e+00
   5        4.4559e-06   8.61e-09          4.4643e-06      3.49e-09    1.17e+00
   5        4.4582e-06   8.91e-09          4.4635e-06      3.25e-09    1.04e+00
   5        4.4513e-06   8.91e-09          4.4621e-06      3.05e-09    1.13e+00
   5        4.4614e-06   9.08e-09          4.4620e-06      2.90e-09    9.89e-01
   5        4.4477e-06   9.25e-09          4.4608e-06      2.76e-09    1.12e+00
   5        4.4620e-06   9.41e-09          4.4608e-06      2.65e-09    1.01e+00
   5        4.4642e-06   9.59e-09          4.4611e-06      2.56e-09    9.29e-01
   5        4.4674e-06   1.00e-08          4.4615e-06      2.48e-09    8.82e-01
   5        4.4641e-06   1.04e-08          4.4616e-06      2.41e-09    8.19e-01
   5        4.4734e-06   1.09e-08          4.4622e-06      2.35e-09    8.40e-01
   5        4.4554e-06   1.12e-08          4.4619e-06      2.30e-09    8.07e-01
   5        4.4535e-06   1.14e-08          4.4615e-06      2.26e-09    7.89e-01
   5        4.4684e-06   1.19e-08          4.4618e-06      2.22e-09    7.62e-01
   5        4.4776e-06   1.24e-08          4.4623e-06      2.18e-09    8.07e-01
   5        4.4755e-06   1.26e-08          4.4627e-06      2.15e-09    8.21e-01
   5        4.4511e-06   1.31e-08          4.4624e-06      2.12e-09    8.18e-01
   5        4.4675e-06   1.37e-08          4.4625e-06      2.10e-09    7.86e-01
   5        4.4658e-06   1.38e-08          4.4626e-06      2.07e-09    7.53e-01
   5        4.4730e-06   1.40e-08          4.4628e-06      2.05e-09    7.44e-01
   5        4.4793e-06   1.44e-08          4.4631e-06      2.03e-09    7.66e-01
   5        4.4461e-06   1.40e-08          4.4628e-06      2.01e-09    7.93e-01
   5        4.4858e-06   1.45e-08          4.4632e-06      1.99e-09    8.58e-01
   5        4.4595e-06   1.46e-08          4.4631e-06      1.97e-09    8.29e-01
   5        4.4657e-06   1.51e-08          4.4632e-06      1.96e-09    8.00e-01
   5        4.4653e-06   1.48e-08          4.4632e-06      1.94e-09    7.73e-01
   5        4.4580e-06   1.49e-08          4.4631e-06      1.92e-09    7.51e-01
   5        4.4647e-06   1.54e-08          4.4631e-06      1.91e-09    7.28e-01
   5        4.4783e-06   1.51e-08          4.4634e-06      1.89e-09    7.36e-01
   5        4.4497e-06   1.54e-08          4.4632e-06      1.88e-09    7.37e-01
   5        4.4397e-06   1.51e-08          4.4628e-06      1.86e-09    7.85e-01
   5        4.4823e-06   1.55e-08          4.4631e-06      1.85e-09    8.07e-01
   5        4.4241e-06   1.59e-08          4.4626e-06      1.84e-09    9.50e-01
   5        4.4459e-06   1.62e-08          4.4624e-06      1.83e-09    9.53e-01
   5        4.4693e-06   1.64e-08          4.4624e-06      1.82e-09    9.32e-01
   5        4.4555e-06   1.67e-08          4.4624e-06      1.80e-09    9.13e-01
   5        4.4671e-06   1.65e-08          4.4624e-06      1.79e-09    8.92e-01
   5        4.4474e-06   1.67e-08          4.4622e-06      1.78e-09    8.89e-01
   5        4.5085e-06   1.73e-08          4.4627e-06      1.77e-09    1.04e+00
   5        4.4724e-06   1.65e-08          4.4628e-06      1.76e-09    1.02e+00
   5        4.4385e-06   1.69e-08          4.4626e-06      1.75e-09    1.05e+00
   5        4.4640e-06   1.70e-08          4.4626e-06      1.75e-09    1.02e+00
   5        4.4833e-06   1.74e-08          4.4628e-06      1.74e-09    1.03e+00
   5        4.4257e-06   1.71e-08          4.4624e-06      1.73e-09    1.11e+00
   5        4.4970e-06   1.75e-08          4.4628e-06      1.72e-09    1.17e+00
   5        4.4868e-06   1.77e-08          4.4630e-06      1.71e-09    1.18e+00
   5        4.4575e-06   1.76e-08          4.4629e-06      1.70e-09    1.16e+00
   5        4.4395e-06   1.77e-08          4.4627e-06      1.70e-09    1.17e+00
   5        4.4681e-06   1.76e-08          4.4628e-06      1.69e-09    1.15e+00
   5        4.4758e-06   1.81e-08          4.4629e-06      1.68e-09    1.14e+00
   5        4.4834e-06   1.72e-08          4.4631e-06      1.67e-09    1.14e+00
LO = (4.4630739e-06 +- 1.6722264e-09) pb

*******************************************
* virtual corrections + integrated dipole *
*******************************************
The limits of integration are:

xl[0]=0.000000    xu[0]=1.000000
xl[1]=0.000000    xu[1]=1.000000
xl[2]=0.000000    xu[2]=1.000000

num_dim=3, calls=240, it_num=1, max_it_num=5 verb=0, alph=1.50,
mode=0, bins=50, boxes=1

       single.......iteration                   accumulated......results   
iteration     integral    sigma             integral         sigma     chi-sq/it

   1        1.4104e-07   1.63e-08          1.4104e-07      1.63e-08    0.00e+00
   2        1.4736e-07   7.23e-09          1.4632e-07      6.61e-09    1.26e-01
   3        1.5594e-07   4.85e-09          1.5257e-07      3.91e-09    7.52e-01
   4        1.5801e-07   3.34e-09          1.5572e-07      2.54e-09    8.74e-01
   5        1.5750e-07   3.84e-09          1.5626e-07      2.12e-09    6.93e-01

num_dim=3, calls=1200, it_num=1, max_it_num=3 verb=0, alph=1.50,
mode=0, bins=50, boxes=1

       single.......iteration                   accumulated......results   
iteration     integral    sigma             integral         sigma     chi-sq/it

   1        1.4916e-07   1.65e-09          1.4916e-07      1.65e-09    0.00e+00
   2        1.5279e-07   1.40e-09          1.5127e-07      1.07e-09    2.81e+00
   3        1.5167e-07   1.42e-09          1.5142e-07      8.53e-10    1.43e+00
vNLO = (1.5141515e-07 +- 8.5345131e-10) pb

*****************************
* collinear remainder (P+K) *
*****************************
The limits of integration are:

xl[0]=0.000000    xu[0]=1.000000
xl[1]=0.000000    xu[1]=1.000000
xl[2]=0.000000    xu[2]=1.000000
xl[3]=0.000000    xu[3]=1.000000

num_dim=4, calls=2500, it_num=1, max_it_num=5 verb=0, alph=1.50,
mode=0, bins=50, boxes=1

       single.......iteration                   accumulated......results   
iteration     integral    sigma             integral         sigma     chi-sq/it

   1        8.7985e-07   5.67e-08          8.7985e-07      5.67e-08    0.00e+00
   2        8.7256e-07   1.50e-08          8.7304e-07      1.45e-08    1.54e-02
   3        8.4283e-07   9.97e-09          8.5250e-07      8.22e-09    1.48e+00
   4        8.6444e-07   8.63e-09          8.5818e-07      5.95e-09    1.32e+00
   5        8.5781e-07   8.30e-09          8.5806e-07      4.84e-09    9.90e-01

num_dim=4, calls=25000, it_num=1, max_it_num=3 verb=0, alph=1.50,
mode=0, bins=50, boxes=1

       single.......iteration                   accumulated......results   
iteration     integral    sigma             integral         sigma     chi-sq/it

   1        8.4897e-07   2.71e-09          8.4897e-07      2.71e-09    0.00e+00
   2        8.5243e-07   2.69e-09          8.5071e-07      1.91e-09    8.20e-01
   3        8.4882e-07   2.67e-09          8.5007e-07      1.55e-09    5.76e-01
P+K = (8.5007298e-07 +- 1.5538271e-09) pb

********************************
* real gluon emission - dipole *
********************************
The limits of integration are:

xl[0]=0.000000    xu[0]=1.000000
xl[1]=0.000000    xu[1]=1.000000
xl[2]=0.000000    xu[2]=1.000000
xl[3]=0.000000    xu[3]=1.000000
xl[4]=0.000000    xu[4]=1.000000
xl[5]=0.000000    xu[5]=1.000000

num_dim=6, calls=250, it_num=1, max_it_num=5 verb=0, alph=1.50,
mode=0, bins=50, boxes=1

       single.......iteration                   accumulated......results   
iteration     integral    sigma             integral         sigma     chi-sq/it

   1        -4.8642e-09   1.06e-09          -4.8642e-09      1.06e-09    0.00e+00
   2        -5.0740e-09   7.14e-10          -5.0087e-09      5.92e-10    2.69e-02
   3        -5.3364e-09   4.58e-10          -5.2139e-09      3.62e-10    1.09e-01
   4        -5.5509e-09   4.54e-10          -5.3449e-09      2.83e-10    1.85e-01
   5        -5.6473e-09   4.43e-10          -5.4327e-09      2.38e-10    2.22e-01

num_dim=6, calls=2500, it_num=1, max_it_num=3 verb=0, alph=1.50,
mode=0, bins=50, boxes=1

       single.......iteration                   accumulated......results   
iteration     integral    sigma             integral         sigma     chi-sq/it

   1        -5.6621e-09   1.15e-10          -5.6621e-09      1.15e-10    0.00e+00
   2        -5.5323e-09   6.83e-11          -5.5662e-09      5.87e-11    9.45e-01
   3        -5.5493e-09   6.32e-11          -5.5584e-09      4.30e-11    4.91e-01
   3        -5.5416e-09   5.65e-11          -5.5522e-09      3.42e-11    3.46e-01
   3        -5.5855e-09   4.86e-11          -5.5632e-09      2.80e-11    3.38e-01
   3        -5.5128e-09   4.58e-11          -5.5495e-09      2.39e-11    4.47e-01
   3        -5.5284e-09   4.70e-11          -5.5452e-09      2.13e-11    3.99e-01
   3        -5.5566e-09   4.40e-11          -5.5474e-09      1.92e-11    3.50e-01
   3        -5.5160e-09   4.51e-11          -5.5426e-09      1.76e-11    3.57e-01
   3        -5.5147e-09   5.51e-11          -5.5400e-09      1.68e-11    3.44e-01
   3        -5.5652e-09   4.88e-11          -5.5427e-09      1.59e-11    3.33e-01
   3        -5.4771e-09   5.04e-11          -5.5367e-09      1.51e-11    4.43e-01
   3        -5.6105e-09   4.44e-11          -5.5444e-09      1.43e-11    6.12e-01
rNLOg = (-5.5444318e-09 +- 1.4333369e-11) pb

**************************************************
* real light quark emission - dipole - (onshell) *
**************************************************
The limits of integration are:

xl[0]=0.000000    xu[0]=1.000000
xl[1]=0.000000    xu[1]=1.000000
xl[2]=0.000000    xu[2]=1.000000
xl[3]=0.000000    xu[3]=1.000000
xl[4]=0.000000    xu[4]=1.000000
xl[5]=0.000000    xu[5]=1.000000

num_dim=6, calls=5000, it_num=1, max_it_num=5 verb=0, alph=1.50,
mode=0, bins=50, boxes=1

       single.......iteration                   accumulated......results   
iteration     integral    sigma             integral         sigma     chi-sq/it

   1        1.2411e-08   5.93e-10          1.2411e-08      5.93e-10    0.00e+00
   2        1.2409e-08   3.80e-10          1.2410e-08      3.20e-10    1.06e-05
   3        1.2410e-08   2.12e-10          1.2410e-08      1.77e-10    5.90e-06
   4        1.2316e-08   9.78e-11          1.2338e-08      8.55e-11    7.22e-02
   5        1.2323e-08   7.15e-11          1.2329e-08      5.49e-11    5.88e-02

num_dim=6, calls=50000, it_num=1, max_it_num=5 verb=0, alph=1.50,
mode=0, bins=50, boxes=1

       single.......iteration                   accumulated......results   
iteration     integral    sigma             integral         sigma     chi-sq/it

   1        1.2272e-08   2.09e-11          1.2272e-08      2.09e-11    0.00e+00
   2        1.2285e-08   2.85e-11          1.2277e-08      1.69e-11    1.37e-01
   3        1.2314e-08   2.93e-11          1.2286e-08      1.46e-11    6.62e-01
   4        1.2290e-08   2.28e-11          1.2287e-08      1.23e-11    4.49e-01
   5        1.2298e-08   2.42e-11          1.2289e-08      1.10e-11    3.79e-01
   5        1.2274e-08   2.08e-11          1.2286e-08      9.70e-12    3.93e-01
   5        1.2233e-08   1.94e-11          1.2276e-08      8.68e-12    1.32e+00
rNLOq = (1.2275502e-08 +- 8.6784675e-12) pb
NLO = (5.4712931e-06 +- 2.4370843e-09) pb
#chisq/dof = 2.06143e-09
#status = success
#chisq/dof = 8.50024e-10
#status = success
#chisq/dof = 5.32533e-10
#status = success
#chisq/dof = 1.58692e-09
#status = success
#chisq/dof = 9.14181e-11
#status = success
#chisq/dof = 3.26352e-12
#status = success
#chisq/dof = 1.97605e-10
#status = success
#chisq/dof = 1.65567e-11
#status = success

*******************************************************
* threshold resummation (unimproved nnll) - expansion *
*******************************************************
The limits of integration are:

xl[0]=0.000000    xu[0]=1.000000
xl[1]=0.000000    xu[1]=1.000000
xl[2]=0.000000    xu[2]=1.000000

num_dim=3, calls=7000, it_num=1, max_it_num=5 verb=0, alph=1.50,
mode=0, bins=50, boxes=1

       single.......iteration                   accumulated......results   
iteration     integral    sigma             integral         sigma     chi-sq/it

   1        1.3810e-07   3.80e-09          1.3810e-07      3.80e-09    0.00e+00
   2        1.4210e-07   1.52e-09          1.4155e-07      1.41e-09    9.60e-01
   3        1.4193e-07   1.07e-09          1.4179e-07      8.53e-10    5.03e-01
   4        1.4242e-07   9.86e-10          1.4206e-07      6.45e-10    4.12e-01
   5        1.4124e-07   1.01e-09          1.4182e-07      5.43e-10    4.27e-01

num_dim=3, calls=35000, it_num=1, max_it_num=5 verb=0, alph=1.50,
mode=0, bins=50, boxes=1

       single.......iteration                   accumulated......results   
iteration     integral    sigma             integral         sigma     chi-sq/it

   1        1.4183e-07   4.32e-10          1.4183e-07      4.32e-10    0.00e+00
   2        1.4178e-07   4.42e-10          1.4181e-07      3.09e-10    8.27e-03
   3        1.4237e-07   4.37e-10          1.4199e-07      2.52e-10    5.56e-01
   4        1.4159e-07   4.39e-10          1.4189e-07      2.19e-10    5.84e-01
   5        1.4196e-07   4.37e-10          1.4191e-07      1.96e-10    4.42e-01
   5        1.4131e-07   4.50e-10          1.4181e-07      1.79e-10    6.51e-01
aNNLO+NNLL = (5.6131044e-06 +- 2.4436789e-09) pb

Results:
LO = (4.6800026e-06 +- 1.5930419e-09) pb
NLO = (5.4712931e-06 +- 2.4370843e-09) pb
aNNLO+NNLL = (5.6131044e-06 +- 2.4436789e-09) pb
Thanks for using LHAPDF 6.2.3. Please make sure to cite the paper:
  Eur.Phys.J. C75 (2015) 3, 132  (http://arxiv.org/abs/1412.7420)
 ====================================================
   FF 2.0, a package to evaluate one-loop integrals
 written by G. J. van Oldenborgh, NIKHEF-H, Amsterdam
 ====================================================
 for the algorithms used see preprint NIKHEF-H 89/17,
 'New Algorithms for One-loop Integrals', by G.J. van
 Oldenborgh and J.A.M. Vermaseren, published in 
 Zeitschrift fuer Physik C46(1990)425.
 ====================================================
 
total number of errors and warnings
===================================
fferr: no errors
 
