
  Welcome to Resummino git-latest
  Copyright 2008-2010 Jonathan Debove.
  Copyright 2011-2014 David R. Lamprea.
  Copyright 2011-2016 Marcel Rothering.

  Licensed under the EUPL 1.1 or later.
  See http://www.resummino.org/ for more information.

  If using Resummino for slepton pair production, please cite.
  - G. Bozzi, B. Fuks, M. Klasen, PRD 74, 015001 (2006); NPB 777, 157 (2007); NPB 794, 46 (2007).
  - B. Fuks, M. Klasen, D. R. Lamprea, M. Rothering, EPJC 73, 2480 (2013).

  For gaugino pair production, please cite:
  - J. Debove, B. Fuks, M. Klasen, PLB 688, 208 (2010); NPB 842, 51 (2011); NPB 849, 64 (2011).
  - B. Fuks, M. Klasen, D. R. Lamprea, M. Rothering, JHEP 1210, 081 (2012); EPJC 73, 2480 (2013).

  For associated gaugino gluino production, please cite:
  - B. Fuks, M. Klasen, M. Rothering, JHEP 07:053, (2016).
  - B. Fuks, M. Klasen, D. R. Lamprea, M. Rothering, EPJC 73, 2480 (2013).

LHAPDF 6.2.3 loading /pool/condor/dir_16227/resummino-releases/lhapdf-prefix/share/LHAPDF/PDF4LHC21_40/PDF4LHC21_40_0000.dat
PDF4LHC21_40 PDF set, member #0, version 1
 alpha_s(M_Z^2) = 0.1180 	 for LO PDF set 
 alpha_s(600.000^2) = 0.0920 	 for LO PDF set 

********************
* LO cross section *
********************
The limits of integration are:

xl[0]=0.000000    xu[0]=1.000000
xl[1]=0.000000    xu[1]=1.000000
xl[2]=0.000000    xu[2]=1.000000

num_dim=3, calls=2000, it_num=1, max_it_num=5 verb=0, alph=1.50,
mode=0, bins=50, boxes=1

       single.......iteration                   accumulated......results   
iteration     integral    sigma             integral         sigma     chi-sq/it

   1        7.7259e-03   3.02e-04          7.7259e-03      3.02e-04    0.00e+00
   2        8.3569e-03   1.01e-04          8.2932e-03      9.59e-05    3.93e+00
   3        8.3948e-03   5.76e-05          8.3679e-03      4.94e-05    2.38e+00
   4        8.3200e-03   5.44e-05          8.3463e-03      3.66e-05    1.73e+00
   5        8.3340e-03   5.52e-05          8.3425e-03      3.05e-05    1.30e+00

num_dim=3, calls=20000, it_num=1, max_it_num=5 verb=0, alph=1.50,
mode=0, bins=50, boxes=1

       single.......iteration                   accumulated......results   
iteration     integral    sigma             integral         sigma     chi-sq/it

   1        8.3974e-03   1.70e-05          8.3974e-03      1.70e-05    0.00e+00
   2        8.3836e-03   1.65e-05          8.3903e-03      1.18e-05    3.44e-01
   3        8.3877e-03   1.60e-05          8.3894e-03      9.52e-06    1.80e-01
   4        8.3891e-03   1.69e-05          8.3893e-03      8.30e-06    1.20e-01
   5        8.3612e-03   1.71e-05          8.3840e-03      7.46e-06    6.37e-01
   5        8.3523e-03   1.71e-05          8.3789e-03      6.84e-06    1.09e+00
   5        8.3697e-03   1.69e-05          8.3776e-03      6.34e-06    9.48e-01
   5        8.3496e-03   1.74e-05          8.3743e-03      5.95e-06    1.14e+00
   5        8.3703e-03   1.77e-05          8.3739e-03      5.64e-06    1.00e+00
   5        8.3474e-03   1.80e-05          8.3715e-03      5.38e-06    1.11e+00
   5        8.3796e-03   1.82e-05          8.3722e-03      5.16e-06    1.02e+00
   5        8.3751e-03   1.86e-05          8.3724e-03      4.97e-06    9.27e-01
   5        8.3872e-03   1.92e-05          8.3733e-03      4.81e-06    8.96e-01
   5        8.3918e-03   2.02e-05          8.3743e-03      4.68e-06    8.88e-01
   5        8.3976e-03   2.09e-05          8.3754e-03      4.57e-06    9.09e-01
   5        8.3614e-03   2.14e-05          8.3748e-03      4.47e-06    8.76e-01
   5        8.3567e-03   2.20e-05          8.3741e-03      4.38e-06    8.62e-01
   5        8.3878e-03   2.27e-05          8.3746e-03      4.30e-06    8.32e-01
   5        8.3983e-03   2.38e-05          8.3753e-03      4.23e-06    8.40e-01
   5        8.3974e-03   2.43e-05          8.3760e-03      4.17e-06    8.38e-01
   5        8.3331e-03   2.49e-05          8.3748e-03      4.11e-06    9.40e-01
   5        8.3979e-03   2.57e-05          8.3754e-03      4.06e-06    9.33e-01
   5        8.3838e-03   2.61e-05          8.3756e-03      4.01e-06    8.95e-01
   5        8.3951e-03   2.67e-05          8.3760e-03      3.97e-06    8.79e-01
   5        8.4029e-03   2.66e-05          8.3766e-03      3.92e-06    8.84e-01
   5        8.3377e-03   2.62e-05          8.3757e-03      3.88e-06    9.35e-01
   5        8.4193e-03   2.72e-05          8.3766e-03      3.84e-06    9.95e-01
   5        8.3725e-03   2.73e-05          8.3765e-03      3.80e-06    9.59e-01
   5        8.3880e-03   2.85e-05          8.3767e-03      3.77e-06    9.31e-01
   5        8.3834e-03   2.77e-05          8.3769e-03      3.74e-06    9.01e-01
   5        8.3690e-03   2.78e-05          8.3767e-03      3.70e-06    8.73e-01
   5        8.3804e-03   2.87e-05          8.3768e-03      3.67e-06    8.46e-01
   5        8.4046e-03   2.88e-05          8.3772e-03      3.64e-06    8.48e-01
   5        8.3585e-03   2.89e-05          8.3769e-03      3.61e-06    8.35e-01
   5        8.3239e-03   2.85e-05          8.3761e-03      3.59e-06    9.10e-01
   5        8.4084e-03   2.93e-05          8.3766e-03      3.56e-06    9.18e-01
   5        8.3260e-03   3.05e-05          8.3759e-03      3.54e-06    9.68e-01
   5        8.3526e-03   3.14e-05          8.3756e-03      3.51e-06    9.57e-01
   5        8.3806e-03   3.14e-05          8.3757e-03      3.49e-06    9.32e-01
   5        8.3610e-03   3.14e-05          8.3755e-03      3.47e-06    9.14e-01
   5        8.3653e-03   3.12e-05          8.3754e-03      3.45e-06    8.93e-01
   5        8.3439e-03   3.16e-05          8.3750e-03      3.43e-06    8.96e-01
   5        8.4628e-03   3.27e-05          8.3759e-03      3.41e-06    1.04e+00
   5        8.3955e-03   3.00e-05          8.3762e-03      3.39e-06    1.03e+00
   5        8.3228e-03   3.03e-05          8.3755e-03      3.37e-06    1.08e+00
   5        8.3733e-03   3.04e-05          8.3755e-03      3.35e-06    1.05e+00
   5        8.4140e-03   3.11e-05          8.3759e-03      3.33e-06    1.06e+00
   5        8.3061e-03   3.14e-05          8.3752e-03      3.31e-06    1.14e+00
   5        8.4377e-03   3.17e-05          8.3758e-03      3.29e-06    1.20e+00
   5        8.4216e-03   3.27e-05          8.3763e-03      3.27e-06    1.22e+00
   5        8.3687e-03   3.24e-05          8.3762e-03      3.26e-06    1.19e+00
   5        8.3413e-03   3.29e-05          8.3759e-03      3.24e-06    1.19e+00
   5        8.3861e-03   3.15e-05          8.3760e-03      3.22e-06    1.17e+00
   5        8.4017e-03   3.19e-05          8.3762e-03      3.21e-06    1.16e+00
   5        8.4048e-03   3.07e-05          8.3766e-03      3.19e-06    1.15e+00
LO = (8.3765574e-03 +- 3.1910183e-06) pb
LHAPDF 6.2.3 loading /pool/condor/dir_16227/resummino-releases/lhapdf-prefix/share/LHAPDF/PDF4LHC21_40/PDF4LHC21_40_0024.dat
PDF4LHC21_40 PDF set, member #24, version 1
 alpha_s(M_Z^2) = 0.1180 	 for NLO PDF set 
 alpha_s(600.000^2) = 0.0920 	 for NLO PDF set 

********************
* LO cross section *
********************
The limits of integration are:

xl[0]=0.000000    xu[0]=1.000000
xl[1]=0.000000    xu[1]=1.000000
xl[2]=0.000000    xu[2]=1.000000

num_dim=3, calls=2000, it_num=1, max_it_num=5 verb=0, alph=1.50,
mode=0, bins=50, boxes=1

       single.......iteration                   accumulated......results   
iteration     integral    sigma             integral         sigma     chi-sq/it

   1        7.7954e-03   3.03e-04          7.7954e-03      3.03e-04    0.00e+00
   2        8.4280e-03   1.02e-04          8.3640e-03      9.64e-05    3.91e+00
   3        8.4643e-03   5.81e-05          8.4376e-03      4.98e-05    2.35e+00
   4        8.3896e-03   5.50e-05          8.4160e-03      3.69e-05    1.71e+00
   5        8.4024e-03   5.59e-05          8.4119e-03      3.08e-05    1.29e+00

num_dim=3, calls=20000, it_num=1, max_it_num=5 verb=0, alph=1.50,
mode=0, bins=50, boxes=1

       single.......iteration                   accumulated......results   
iteration     integral    sigma             integral         sigma     chi-sq/it

   1        8.4676e-03   1.72e-05          8.4676e-03      1.72e-05    0.00e+00
   2        8.4540e-03   1.66e-05          8.4606e-03      1.19e-05    3.26e-01
   3        8.4579e-03   1.62e-05          8.4596e-03      9.61e-06    1.73e-01
   4        8.4593e-03   1.71e-05          8.4596e-03      8.38e-06    1.15e-01
   5        8.4310e-03   1.72e-05          8.4541e-03      7.54e-06    6.41e-01
   5        8.4224e-03   1.72e-05          8.4490e-03      6.90e-06    1.08e+00
   5        8.4391e-03   1.70e-05          8.4476e-03      6.40e-06    9.51e-01
   5        8.4196e-03   1.76e-05          8.4443e-03      6.01e-06    1.14e+00
   5        8.4402e-03   1.78e-05          8.4439e-03      5.70e-06    1.00e+00
   5        8.4172e-03   1.81e-05          8.4415e-03      5.43e-06    1.11e+00
   5        8.4498e-03   1.83e-05          8.4422e-03      5.21e-06    1.02e+00
   5        8.4450e-03   1.88e-05          8.4424e-03      5.02e-06    9.25e-01
   5        8.4571e-03   1.94e-05          8.4433e-03      4.86e-06    8.93e-01
   5        8.4621e-03   2.04e-05          8.4443e-03      4.73e-06    8.87e-01
   5        8.4673e-03   2.11e-05          8.4454e-03      4.61e-06    9.04e-01
   5        8.4314e-03   2.16e-05          8.4448e-03      4.51e-06    8.71e-01
   5        8.4265e-03   2.22e-05          8.4441e-03      4.42e-06    8.57e-01
   5        8.4578e-03   2.29e-05          8.4446e-03      4.34e-06    8.27e-01
   5        8.4684e-03   2.40e-05          8.4453e-03      4.27e-06    8.34e-01
   5        8.4675e-03   2.45e-05          8.4460e-03      4.21e-06    8.32e-01
   5        8.4031e-03   2.51e-05          8.4448e-03      4.15e-06    9.32e-01
   5        8.4680e-03   2.60e-05          8.4454e-03      4.10e-06    9.25e-01
   5        8.4533e-03   2.63e-05          8.4456e-03      4.05e-06    8.87e-01
   5        8.4654e-03   2.70e-05          8.4460e-03      4.00e-06    8.71e-01
   5        8.4734e-03   2.69e-05          8.4466e-03      3.96e-06    8.77e-01
   5        8.4075e-03   2.65e-05          8.4458e-03      3.92e-06    9.27e-01
   5        8.4899e-03   2.75e-05          8.4466e-03      3.88e-06    9.89e-01
   5        8.4423e-03   2.76e-05          8.4465e-03      3.84e-06    9.54e-01
   5        8.4579e-03   2.88e-05          8.4467e-03      3.81e-06    9.25e-01
   5        8.4529e-03   2.80e-05          8.4469e-03      3.77e-06    8.95e-01
   5        8.4388e-03   2.80e-05          8.4467e-03      3.74e-06    8.68e-01
   5        8.4502e-03   2.89e-05          8.4468e-03      3.71e-06    8.40e-01
   5        8.4749e-03   2.91e-05          8.4472e-03      3.68e-06    8.42e-01
   5        8.4283e-03   2.92e-05          8.4469e-03      3.65e-06    8.29e-01
   5        8.3933e-03   2.88e-05          8.4461e-03      3.62e-06    9.06e-01
   5        8.4790e-03   2.96e-05          8.4466e-03      3.59e-06    9.15e-01
   5        8.3952e-03   3.08e-05          8.4459e-03      3.57e-06    9.65e-01
   5        8.4226e-03   3.17e-05          8.4456e-03      3.55e-06    9.54e-01
   5        8.4508e-03   3.17e-05          8.4456e-03      3.52e-06    9.29e-01
   5        8.4310e-03   3.17e-05          8.4455e-03      3.50e-06    9.11e-01
   5        8.4353e-03   3.15e-05          8.4453e-03      3.48e-06    8.91e-01
   5        8.4136e-03   3.20e-05          8.4450e-03      3.46e-06    8.93e-01
   5        8.5337e-03   3.30e-05          8.4459e-03      3.44e-06    1.04e+00
   5        8.4656e-03   3.03e-05          8.4462e-03      3.42e-06    1.03e+00
   5        8.3925e-03   3.05e-05          8.4455e-03      3.40e-06    1.07e+00
   5        8.4432e-03   3.07e-05          8.4455e-03      3.38e-06    1.05e+00
   5        8.4845e-03   3.14e-05          8.4459e-03      3.36e-06    1.06e+00
   5        8.3759e-03   3.17e-05          8.4452e-03      3.34e-06    1.14e+00
   5        8.5082e-03   3.20e-05          8.4458e-03      3.32e-06    1.20e+00
   5        8.4917e-03   3.31e-05          8.4463e-03      3.31e-06    1.21e+00
   5        8.4381e-03   3.27e-05          8.4462e-03      3.29e-06    1.19e+00
   5        8.4109e-03   3.32e-05          8.4459e-03      3.27e-06    1.19e+00
   5        8.4562e-03   3.18e-05          8.4460e-03      3.26e-06    1.17e+00
   5        8.4715e-03   3.22e-05          8.4462e-03      3.24e-06    1.16e+00
   5        8.4747e-03   3.10e-05          8.4465e-03      3.22e-06    1.15e+00
LO = (8.4465456e-03 +- 3.2215502e-06) pb

*******************************************
* virtual corrections + integrated dipole *
*******************************************
The limits of integration are:

xl[0]=0.000000    xu[0]=1.000000
xl[1]=0.000000    xu[1]=1.000000
xl[2]=0.000000    xu[2]=1.000000

num_dim=3, calls=240, it_num=1, max_it_num=5 verb=0, alph=1.50,
mode=0, bins=50, boxes=1

       single.......iteration                   accumulated......results   
iteration     integral    sigma             integral         sigma     chi-sq/it

   1        3.1289e-04   3.62e-05          3.1289e-04      3.62e-05    0.00e+00
   2        3.2229e-04   1.51e-05          3.2091e-04      1.39e-05    5.74e-02
   3        3.3493e-04   1.02e-05          3.3002e-04      8.23e-06    3.59e-01
   4        3.3829e-04   8.61e-06          3.3397e-04      5.95e-06    4.00e-01
   5        3.4415e-04   8.08e-06          3.3755e-04      4.79e-06    5.57e-01

num_dim=3, calls=1200, it_num=1, max_it_num=3 verb=0, alph=1.50,
mode=0, bins=50, boxes=1

       single.......iteration                   accumulated......results   
iteration     integral    sigma             integral         sigma     chi-sq/it

   1        3.2148e-04   3.47e-06          3.2148e-04      3.47e-06    0.00e+00
   2        3.2851e-04   2.98e-06          3.2552e-04      2.26e-06    2.37e+00
   3        3.2719e-04   2.85e-06          3.2617e-04      1.77e-06    1.29e+00
vNLO = (3.2616549e-04 +- 1.7701000e-06) pb

*****************************
* collinear remainder (P+K) *
*****************************
The limits of integration are:

xl[0]=0.000000    xu[0]=1.000000
xl[1]=0.000000    xu[1]=1.000000
xl[2]=0.000000    xu[2]=1.000000
xl[3]=0.000000    xu[3]=1.000000

num_dim=4, calls=2500, it_num=1, max_it_num=5 verb=0, alph=1.50,
mode=0, bins=50, boxes=1

       single.......iteration                   accumulated......results   
iteration     integral    sigma             integral         sigma     chi-sq/it

   1        9.9914e-04   7.93e-05          9.9914e-04      7.93e-05    0.00e+00
   2        9.9640e-04   2.65e-05          9.9668e-04      2.51e-05    1.07e-03
   3        9.7225e-04   2.13e-05          9.8248e-04      1.62e-05    2.76e-01
   4        9.6768e-04   2.03e-05          9.7670e-04      1.27e-05    2.92e-01
   5        9.8889e-04   2.04e-05          9.8009e-04      1.08e-05    2.83e-01

num_dim=4, calls=25000, it_num=1, max_it_num=3 verb=0, alph=1.50,
mode=0, bins=50, boxes=1

       single.......iteration                   accumulated......results   
iteration     integral    sigma             integral         sigma     chi-sq/it

   1        9.5085e-04   6.52e-06          9.5085e-04      6.52e-06    0.00e+00
   2        9.5186e-04   6.48e-06          9.5136e-04      4.60e-06    1.20e-02
   3        9.5034e-04   6.43e-06          9.5102e-04      3.74e-06    1.43e-02
   3        9.5119e-04   6.40e-06          9.5106e-04      3.23e-06    9.74e-03
   3        9.5705e-04   6.41e-06          9.5227e-04      2.88e-06    1.81e-01
   3        9.4383e-04   6.43e-06          9.5086e-04      2.63e-06    4.31e-01
   3        9.5251e-04   6.46e-06          9.5109e-04      2.44e-06    3.69e-01
   3        9.4866e-04   6.51e-06          9.5079e-04      2.28e-06    3.34e-01
   3        9.5214e-04   6.49e-06          9.5094e-04      2.15e-06    2.97e-01
   3        9.6070e-04   6.38e-06          9.5194e-04      2.04e-06    4.97e-01
   3        9.4306e-04   6.54e-06          9.5115e-04      1.95e-06    6.16e-01
P+K = (9.5115052e-04 +- 1.9473310e-06) pb

********************************
* real gluon emission - dipole *
********************************
The limits of integration are:

xl[0]=0.000000    xu[0]=1.000000
xl[1]=0.000000    xu[1]=1.000000
xl[2]=0.000000    xu[2]=1.000000
xl[3]=0.000000    xu[3]=1.000000
xl[4]=0.000000    xu[4]=1.000000
xl[5]=0.000000    xu[5]=1.000000

num_dim=6, calls=250, it_num=1, max_it_num=5 verb=0, alph=1.50,
mode=0, bins=50, boxes=1

       single.......iteration                   accumulated......results   
iteration     integral    sigma             integral         sigma     chi-sq/it

   1        -2.9982e-05   6.28e-06          -2.9982e-05      6.28e-06    0.00e+00
   2        -3.4854e-05   7.15e-06          -3.2102e-05      4.72e-06    2.62e-01
   3        -3.8020e-05   5.57e-06          -3.4576e-05      3.60e-06    4.60e-01
   4        -4.0990e-05   7.06e-06          -3.5900e-05      3.21e-06    5.25e-01
   5        -3.6497e-05   4.40e-06          -3.6107e-05      2.59e-06    3.97e-01

num_dim=6, calls=2500, it_num=1, max_it_num=3 verb=0, alph=1.50,
mode=0, bins=50, boxes=1

       single.......iteration                   accumulated......results   
iteration     integral    sigma             integral         sigma     chi-sq/it

   1        -3.4962e-05   1.08e-06          -3.4962e-05      1.08e-06    0.00e+00
   2        -3.5160e-05   5.86e-07          -3.5115e-05      5.15e-07    2.59e-02
   3        -3.5153e-05   4.18e-07          -3.5138e-05      3.25e-07    1.46e-02
   3        -3.5070e-05   3.51e-07          -3.5107e-05      2.38e-07    1.64e-02
   3        -3.5493e-05   3.10e-07          -3.5250e-05      1.89e-07    2.56e-01
   3        -3.5192e-05   3.02e-07          -3.5233e-05      1.60e-07    2.10e-01
   3        -3.5131e-05   3.13e-07          -3.5212e-05      1.43e-07    1.90e-01
   3        -3.5337e-05   3.01e-07          -3.5235e-05      1.29e-07    1.83e-01
   3        -3.4918e-05   2.83e-07          -3.5180e-05      1.17e-07    2.90e-01
   3        -3.5344e-05   2.94e-07          -3.5203e-05      1.09e-07    2.87e-01
   3        -3.5023e-05   2.96e-07          -3.5181e-05      1.02e-07    2.91e-01
   3        -3.4745e-05   2.97e-07          -3.5135e-05      9.66e-08    4.40e-01
   3        -3.5305e-05   2.87e-07          -3.5153e-05      9.16e-08    4.29e-01
   3        -3.5312e-05   2.87e-07          -3.5167e-05      8.72e-08    4.18e-01
   3        -3.4813e-05   2.80e-07          -3.5136e-05      8.33e-08    4.92e-01
   3        -3.5350e-05   3.15e-07          -3.5150e-05      8.05e-08    4.88e-01
   3        -3.5109e-05   3.43e-07          -3.5148e-05      7.84e-08    4.58e-01
   3        -3.4810e-05   3.03e-07          -3.5127e-05      7.59e-08    5.00e-01
   3        -3.5341e-05   3.21e-07          -3.5138e-05      7.39e-08    4.96e-01
   3        -3.4529e-05   3.04e-07          -3.5104e-05      7.18e-08    6.69e-01
rNLOg = (-3.5104187e-05 +- 7.1775653e-08) pb

**************************************************
* real light quark emission - dipole - (onshell) *
**************************************************
The limits of integration are:

xl[0]=0.000000    xu[0]=1.000000
xl[1]=0.000000    xu[1]=1.000000
xl[2]=0.000000    xu[2]=1.000000
xl[3]=0.000000    xu[3]=1.000000
xl[4]=0.000000    xu[4]=1.000000
xl[5]=0.000000    xu[5]=1.000000

num_dim=6, calls=5000, it_num=1, max_it_num=5 verb=0, alph=1.50,
mode=0, bins=50, boxes=1

       single.......iteration                   accumulated......results   
iteration     integral    sigma             integral         sigma     chi-sq/it

   1        9.1767e-05   5.19e-06          9.1767e-05      5.19e-06    0.00e+00
   2        9.2231e-05   1.73e-06          9.2185e-05      1.64e-06    7.20e-03
   3        9.1040e-05   9.38e-07          9.1322e-05      8.14e-07    1.88e-01
   4        9.1640e-05   6.78e-07          9.1510e-05      5.21e-07    1.55e-01
   5        9.1325e-05   5.88e-07          9.1429e-05      3.90e-07    1.30e-01

num_dim=6, calls=50000, it_num=1, max_it_num=5 verb=0, alph=1.50,
mode=0, bins=50, boxes=1

       single.......iteration                   accumulated......results   
iteration     integral    sigma             integral         sigma     chi-sq/it

   1        9.1187e-05   1.83e-07          9.1187e-05      1.83e-07    0.00e+00
   2        9.1451e-05   2.09e-07          9.1301e-05      1.38e-07    9.04e-01
   3        9.1658e-05   2.24e-07          9.1399e-05      1.17e-07    1.37e+00
   4        9.1488e-05   1.94e-07          9.1423e-05      1.00e-07    9.65e-01
   5        9.1565e-05   2.12e-07          9.1449e-05      9.07e-08    8.16e-01
rNLOq = (9.1448817e-05 +- 9.0721338e-08) pb
NLO = (9.7802062e-03 +- 4.1613844e-06) pb
#chisq/dof = 2.70177e-09
#status = success
#chisq/dof = 7.15838e-09
#status = success
#chisq/dof = 4.60104e-10
#status = success
#chisq/dof = 3.80291e-09
#status = success
#chisq/dof = 5.80032e-10
#status = success
#chisq/dof = 2.89137e-12
#status = success
#chisq/dof = 5.26966e-10
#status = success
#chisq/dof = 7.00055e-11
#status = success

*******************************************************
* threshold resummation (unimproved nnll) - expansion *
*******************************************************
The limits of integration are:

xl[0]=0.000000    xu[0]=1.000000
xl[1]=0.000000    xu[1]=1.000000
xl[2]=0.000000    xu[2]=1.000000

num_dim=3, calls=7000, it_num=1, max_it_num=5 verb=0, alph=1.50,
mode=0, bins=50, boxes=1

       single.......iteration                   accumulated......results   
iteration     integral    sigma             integral         sigma     chi-sq/it

   1        7.5693e-05   7.64e-06          7.5693e-05      7.64e-06    0.00e+00
   2        6.8762e-05   3.05e-06          6.9714e-05      2.83e-06    7.10e-01
   3        6.8796e-05   2.81e-06          6.9251e-05      1.99e-06    3.81e-01
   4        7.2301e-05   2.82e-06          7.0267e-05      1.63e-06    5.14e-01
   5        6.4890e-05   2.80e-06          6.8905e-05      1.41e-06    1.08e+00

num_dim=3, calls=35000, it_num=1, max_it_num=5 verb=0, alph=1.50,
mode=0, bins=50, boxes=1

       single.......iteration                   accumulated......results   
iteration     integral    sigma             integral         sigma     chi-sq/it

   1        6.7664e-05   1.25e-06          6.7664e-05      1.25e-06    0.00e+00
   2        6.9525e-05   1.27e-06          6.8574e-05      8.91e-07    1.09e+00
   3        6.8816e-05   1.25e-06          6.8655e-05      7.26e-07    5.57e-01
   4        6.8962e-05   1.27e-06          6.8731e-05      6.31e-07    3.86e-01
   5        7.0500e-05   1.26e-06          6.9086e-05      5.64e-07    6.84e-01
aNNLO+NNLL = (9.8492920e-03 +- 4.1994090e-06) pb

Results:
LO = (8.3765574e-03 +- 3.1910183e-06) pb
NLO = (9.7802062e-03 +- 4.1613844e-06) pb
aNNLO+NNLL = (9.8492920e-03 +- 4.1994090e-06) pb
Thanks for using LHAPDF 6.2.3. Please make sure to cite the paper:
  Eur.Phys.J. C75 (2015) 3, 132  (http://arxiv.org/abs/1412.7420)
 ====================================================
   FF 2.0, a package to evaluate one-loop integrals
 written by G. J. van Oldenborgh, NIKHEF-H, Amsterdam
 ====================================================
 for the algorithms used see preprint NIKHEF-H 89/17,
 'New Algorithms for One-loop Integrals', by G.J. van
 Oldenborgh and J.A.M. Vermaseren, published in 
 Zeitschrift fuer Physik C46(1990)425.
 ====================================================
 
total number of errors and warnings
===================================
fferr: no errors
 
