
  Welcome to Resummino git-latest
  Copyright 2008-2010 Jonathan Debove.
  Copyright 2011-2014 David R. Lamprea.
  Copyright 2011-2016 Marcel Rothering.

  Licensed under the EUPL 1.1 or later.
  See http://www.resummino.org/ for more information.

  If using Resummino for slepton pair production, please cite.
  - G. Bozzi, B. Fuks, M. Klasen, PRD 74, 015001 (2006); NPB 777, 157 (2007); NPB 794, 46 (2007).
  - B. Fuks, M. Klasen, D. R. Lamprea, M. Rothering, EPJC 73, 2480 (2013).

  For gaugino pair production, please cite:
  - J. Debove, B. Fuks, M. Klasen, PLB 688, 208 (2010); NPB 842, 51 (2011); NPB 849, 64 (2011).
  - B. Fuks, M. Klasen, D. R. Lamprea, M. Rothering, JHEP 1210, 081 (2012); EPJC 73, 2480 (2013).

  For associated gaugino gluino production, please cite:
  - B. Fuks, M. Klasen, M. Rothering, JHEP 07:053, (2016).
  - B. Fuks, M. Klasen, D. R. Lamprea, M. Rothering, EPJC 73, 2480 (2013).

LHAPDF 6.2.3 loading /pool/condor/dir_34003/resummino-releases/lhapdf-prefix/share/LHAPDF/PDF4LHC21_40/PDF4LHC21_40_0000.dat
PDF4LHC21_40 PDF set, member #0, version 1
 alpha_s(M_Z^2) = 0.1180 	 for LO PDF set 
 alpha_s(1700.000^2) = 0.0820 	 for LO PDF set 

********************
* LO cross section *
********************
The limits of integration are:

xl[0]=0.000000    xu[0]=1.000000
xl[1]=0.000000    xu[1]=1.000000
xl[2]=0.000000    xu[2]=1.000000

num_dim=3, calls=2000, it_num=1, max_it_num=5 verb=0, alph=1.50,
mode=0, bins=50, boxes=1

       single.......iteration                   accumulated......results   
iteration     integral    sigma             integral         sigma     chi-sq/it

   1        1.1053e-05   4.24e-07          1.1053e-05      4.24e-07    0.00e+00
   2        1.2098e-05   1.43e-07          1.1991e-05      1.36e-07    5.46e+00
   3        1.2136e-05   7.35e-08          1.2103e-05      6.47e-08    3.17e+00
   4        1.2046e-05   6.82e-08          1.2076e-05      4.69e-08    2.24e+00
   5        1.2058e-05   6.63e-08          1.2070e-05      3.83e-08    1.69e+00

num_dim=3, calls=20000, it_num=1, max_it_num=5 verb=0, alph=1.50,
mode=0, bins=50, boxes=1

       single.......iteration                   accumulated......results   
iteration     integral    sigma             integral         sigma     chi-sq/it

   1        1.2126e-05   2.08e-08          1.2126e-05      2.08e-08    0.00e+00
   2        1.2109e-05   2.00e-08          1.2117e-05      1.44e-08    3.55e-01
   3        1.2120e-05   1.92e-08          1.2118e-05      1.15e-08    1.84e-01
   4        1.2118e-05   2.05e-08          1.2118e-05      1.00e-08    1.23e-01
   5        1.2078e-05   2.14e-08          1.2111e-05      9.08e-09    8.01e-01
   5        1.2068e-05   2.09e-08          1.2104e-05      8.33e-09    1.34e+00
   5        1.2104e-05   2.09e-08          1.2104e-05      7.74e-09    1.12e+00
   5        1.2066e-05   2.16e-08          1.2100e-05      7.28e-09    1.35e+00
   5        1.2097e-05   2.20e-08          1.2099e-05      6.91e-09    1.19e+00
   5        1.2070e-05   2.23e-08          1.2097e-05      6.60e-09    1.23e+00
   5        1.2102e-05   2.29e-08          1.2097e-05      6.35e-09    1.11e+00
   5        1.2105e-05   2.36e-08          1.2098e-05      6.13e-09    1.02e+00
   5        1.2123e-05   2.45e-08          1.2099e-05      5.94e-09    1.02e+00
   5        1.2111e-05   2.57e-08          1.2100e-05      5.79e-09    9.57e-01
   5        1.2131e-05   2.71e-08          1.2101e-05      5.66e-09    9.79e-01
   5        1.2083e-05   2.80e-08          1.2100e-05      5.55e-09    9.42e-01
   5        1.2061e-05   2.88e-08          1.2099e-05      5.45e-09    9.93e-01
   5        1.2129e-05   2.99e-08          1.2100e-05      5.36e-09    9.90e-01
   5        1.2129e-05   3.15e-08          1.2101e-05      5.29e-09    9.81e-01
   5        1.2114e-05   3.25e-08          1.2101e-05      5.22e-09    9.38e-01
   5        1.2051e-05   3.42e-08          1.2100e-05      5.16e-09    9.96e-01
   5        1.2117e-05   3.53e-08          1.2100e-05      5.10e-09    9.60e-01
   5        1.2118e-05   3.63e-08          1.2101e-05      5.05e-09    9.27e-01
   5        1.2131e-05   3.76e-08          1.2101e-05      5.01e-09    9.14e-01
   5        1.2132e-05   3.72e-08          1.2102e-05      4.96e-09    9.04e-01
   5        1.2055e-05   3.70e-08          1.2101e-05      4.92e-09    9.30e-01
   5        1.2160e-05   3.88e-08          1.2102e-05      4.88e-09    9.83e-01
   5        1.2094e-05   3.88e-08          1.2102e-05      4.84e-09    9.48e-01
   5        1.2106e-05   4.03e-08          1.2102e-05      4.81e-09    9.15e-01
   5        1.2117e-05   3.94e-08          1.2102e-05      4.77e-09    8.88e-01
   5        1.2103e-05   3.98e-08          1.2102e-05      4.74e-09    8.58e-01
   5        1.2113e-05   4.10e-08          1.2102e-05      4.71e-09    8.33e-01
   5        1.2142e-05   4.09e-08          1.2103e-05      4.68e-09    8.36e-01
   5        1.2079e-05   4.15e-08          1.2102e-05      4.65e-09    8.21e-01
   5        1.2042e-05   4.11e-08          1.2102e-05      4.62e-09    8.61e-01
   5        1.2148e-05   4.23e-08          1.2102e-05      4.59e-09    8.71e-01
   5        1.2012e-05   4.32e-08          1.2101e-05      4.57e-09    9.66e-01
   5        1.2044e-05   4.41e-08          1.2101e-05      4.54e-09    9.84e-01
   5        1.2106e-05   4.48e-08          1.2101e-05      4.52e-09    9.59e-01
   5        1.2086e-05   4.50e-08          1.2100e-05      4.50e-09    9.37e-01
   5        1.2090e-05   4.35e-08          1.2100e-05      4.47e-09    9.15e-01
   5        1.2061e-05   4.50e-08          1.2100e-05      4.45e-09    9.11e-01
   5        1.2231e-05   4.64e-08          1.2101e-05      4.43e-09    1.08e+00
   5        1.2127e-05   4.35e-08          1.2101e-05      4.41e-09    1.06e+00
   5        1.2043e-05   4.42e-08          1.2101e-05      4.38e-09    1.08e+00
   5        1.2092e-05   4.46e-08          1.2101e-05      4.36e-09    1.05e+00
   5        1.2157e-05   4.50e-08          1.2101e-05      4.34e-09    1.06e+00
   5        1.2001e-05   4.48e-08          1.2100e-05      4.32e-09    1.15e+00
   5        1.2194e-05   4.56e-08          1.2101e-05      4.30e-09    1.21e+00
   5        1.2178e-05   4.65e-08          1.2102e-05      4.29e-09    1.24e+00
   5        1.2099e-05   4.68e-08          1.2102e-05      4.27e-09    1.22e+00
   5        1.2047e-05   4.76e-08          1.2101e-05      4.25e-09    1.22e+00
   5        1.2110e-05   4.51e-08          1.2101e-05      4.23e-09    1.20e+00
   5        1.2143e-05   4.43e-08          1.2102e-05      4.21e-09    1.19e+00
   5        1.2148e-05   4.26e-08          1.2102e-05      4.19e-09    1.19e+00
LO = (1.2102305e-05 +- 4.1918856e-09) pb
LHAPDF 6.2.3 loading /pool/condor/dir_34003/resummino-releases/lhapdf-prefix/share/LHAPDF/PDF4LHC21_40/PDF4LHC21_40_0018.dat
PDF4LHC21_40 PDF set, member #18, version 1
 alpha_s(M_Z^2) = 0.1180 	 for NLO PDF set 
 alpha_s(1700.000^2) = 0.0820 	 for NLO PDF set 

********************
* LO cross section *
********************
The limits of integration are:

xl[0]=0.000000    xu[0]=1.000000
xl[1]=0.000000    xu[1]=1.000000
xl[2]=0.000000    xu[2]=1.000000

num_dim=3, calls=2000, it_num=1, max_it_num=5 verb=0, alph=1.50,
mode=0, bins=50, boxes=1

       single.......iteration                   accumulated......results   
iteration     integral    sigma             integral         sigma     chi-sq/it

   1        1.0636e-05   4.16e-07          1.0636e-05      4.16e-07    0.00e+00
   2        1.1670e-05   1.40e-07          1.1565e-05      1.33e-07    5.55e+00
   3        1.1712e-05   7.24e-08          1.1678e-05      6.36e-08    3.24e+00
   4        1.1620e-05   6.73e-08          1.1651e-05      4.62e-08    2.29e+00
   5        1.1642e-05   6.48e-08          1.1648e-05      3.76e-08    1.72e+00

num_dim=3, calls=20000, it_num=1, max_it_num=5 verb=0, alph=1.50,
mode=0, bins=50, boxes=1

       single.......iteration                   accumulated......results   
iteration     integral    sigma             integral         sigma     chi-sq/it

   1        1.1699e-05   2.07e-08          1.1699e-05      2.07e-08    0.00e+00
   2        1.1684e-05   1.97e-08          1.1691e-05      1.43e-08    2.75e-01
   3        1.1693e-05   1.88e-08          1.1692e-05      1.14e-08    1.41e-01
   4        1.1689e-05   2.01e-08          1.1691e-05      9.90e-09    9.83e-02
   5        1.1652e-05   2.13e-08          1.1684e-05      8.97e-09    7.79e-01
   5        1.1642e-05   2.06e-08          1.1678e-05      8.22e-09    1.33e+00
   5        1.1681e-05   2.06e-08          1.1678e-05      7.64e-09    1.11e+00
   5        1.1641e-05   2.12e-08          1.1674e-05      7.19e-09    1.35e+00
   5        1.1673e-05   2.16e-08          1.1674e-05      6.82e-09    1.18e+00
   5        1.1645e-05   2.19e-08          1.1671e-05      6.51e-09    1.23e+00
   5        1.1676e-05   2.24e-08          1.1672e-05      6.25e-09    1.11e+00
   5        1.1681e-05   2.29e-08          1.1672e-05      6.03e-09    1.02e+00
   5        1.1698e-05   2.38e-08          1.1674e-05      5.85e-09    1.03e+00
   5        1.1687e-05   2.50e-08          1.1674e-05      5.69e-09    9.72e-01
   5        1.1707e-05   2.62e-08          1.1676e-05      5.56e-09    1.01e+00
   5        1.1660e-05   2.71e-08          1.1675e-05      5.45e-09    9.62e-01
   5        1.1638e-05   2.77e-08          1.1674e-05      5.35e-09    1.01e+00
   5        1.1703e-05   2.89e-08          1.1675e-05      5.26e-09    1.01e+00
   5        1.1704e-05   3.01e-08          1.1676e-05      5.18e-09    1.00e+00
   5        1.1687e-05   3.13e-08          1.1676e-05      5.11e-09    9.58e-01
   5        1.1625e-05   3.28e-08          1.1675e-05      5.05e-09    1.03e+00
   5        1.1690e-05   3.39e-08          1.1675e-05      5.00e-09    9.91e-01
   5        1.1694e-05   3.49e-08          1.1675e-05      4.94e-09    9.59e-01
   5        1.1705e-05   3.63e-08          1.1676e-05      4.90e-09    9.46e-01
   5        1.1704e-05   3.59e-08          1.1677e-05      4.85e-09    9.31e-01
   5        1.1628e-05   3.58e-08          1.1676e-05      4.81e-09    9.67e-01
   5        1.1730e-05   3.76e-08          1.1677e-05      4.77e-09    1.01e+00
   5        1.1671e-05   3.75e-08          1.1676e-05      4.73e-09    9.73e-01
   5        1.1684e-05   3.89e-08          1.1677e-05      4.70e-09    9.40e-01
   5        1.1692e-05   3.81e-08          1.1677e-05      4.66e-09    9.12e-01
   5        1.1676e-05   3.84e-08          1.1677e-05      4.63e-09    8.82e-01
   5        1.1689e-05   3.95e-08          1.1677e-05      4.60e-09    8.56e-01
   5        1.1714e-05   3.96e-08          1.1677e-05      4.57e-09    8.56e-01
   5        1.1652e-05   4.02e-08          1.1677e-05      4.54e-09    8.42e-01
   5        1.1621e-05   4.00e-08          1.1676e-05      4.51e-09    8.75e-01
   5        1.1720e-05   4.10e-08          1.1677e-05      4.48e-09    8.83e-01
   5        1.1592e-05   4.21e-08          1.1676e-05      4.46e-09    9.70e-01
   5        1.1618e-05   4.29e-08          1.1675e-05      4.43e-09    9.93e-01
   5        1.1678e-05   4.37e-08          1.1675e-05      4.41e-09    9.67e-01
   5        1.1657e-05   4.34e-08          1.1675e-05      4.39e-09    9.47e-01
   5        1.1660e-05   4.22e-08          1.1675e-05      4.36e-09    9.27e-01
   5        1.1635e-05   4.39e-08          1.1675e-05      4.34e-09    9.24e-01
   5        1.1804e-05   4.48e-08          1.1676e-05      4.32e-09    1.10e+00
   5        1.1700e-05   4.17e-08          1.1676e-05      4.30e-09    1.08e+00
   5        1.1619e-05   4.21e-08          1.1675e-05      4.28e-09    1.10e+00
   5        1.1670e-05   4.26e-08          1.1675e-05      4.26e-09    1.07e+00
   5        1.1726e-05   4.30e-08          1.1676e-05      4.24e-09    1.08e+00
   5        1.1581e-05   4.30e-08          1.1675e-05      4.21e-09    1.16e+00
   5        1.1764e-05   4.39e-08          1.1676e-05      4.20e-09    1.22e+00
   5        1.1750e-05   4.44e-08          1.1676e-05      4.18e-09    1.25e+00
   5        1.1674e-05   4.46e-08          1.1676e-05      4.16e-09    1.23e+00
   5        1.1628e-05   4.57e-08          1.1676e-05      4.14e-09    1.23e+00
   5        1.1686e-05   4.30e-08          1.1676e-05      4.12e-09    1.20e+00
   5        1.1719e-05   4.21e-08          1.1677e-05      4.10e-09    1.20e+00
   5        1.1723e-05   4.05e-08          1.1677e-05      4.08e-09    1.20e+00
LO = (1.1677010e-05 +- 4.0822344e-09) pb

*******************************************
* virtual corrections + integrated dipole *
*******************************************
The limits of integration are:

xl[0]=0.000000    xu[0]=1.000000
xl[1]=0.000000    xu[1]=1.000000
xl[2]=0.000000    xu[2]=1.000000

num_dim=3, calls=240, it_num=1, max_it_num=5 verb=0, alph=1.50,
mode=0, bins=50, boxes=1

       single.......iteration                   accumulated......results   
iteration     integral    sigma             integral         sigma     chi-sq/it

   1        3.7501e-07   4.36e-08          3.7501e-07      4.36e-08    0.00e+00
   2        3.9544e-07   1.93e-08          3.9210e-07      1.76e-08    1.84e-01
   3        4.1391e-07   1.19e-08          4.0708e-07      9.87e-09    6.17e-01
   4        4.1696e-07   9.92e-09          4.1199e-07      7.00e-09    5.78e-01
   5        4.2186e-07   9.29e-09          4.1556e-07      5.59e-09    6.13e-01

num_dim=3, calls=1200, it_num=1, max_it_num=3 verb=0, alph=1.50,
mode=0, bins=50, boxes=1

       single.......iteration                   accumulated......results   
iteration     integral    sigma             integral         sigma     chi-sq/it

   1        3.9652e-07   3.78e-09          3.9652e-07      3.78e-09    0.00e+00
   2        4.0551e-07   3.19e-09          4.0178e-07      2.44e-09    3.30e+00
   3        4.0527e-07   3.21e-09          4.0306e-07      1.94e-09    2.03e+00
   3        4.1058e-07   2.91e-09          4.0537e-07      1.61e-09    2.89e+00
   3        4.0192e-07   3.26e-09          4.0469e-07      1.45e-09    2.40e+00
   3        4.0464e-07   3.07e-09          4.0468e-07      1.31e-09    1.92e+00
   3        4.0295e-07   3.16e-09          4.0443e-07      1.21e-09    1.64e+00
   3        4.0797e-07   2.97e-09          4.0493e-07      1.12e-09    1.58e+00
   3        4.0884e-07   3.12e-09          4.0538e-07      1.05e-09    1.56e+00
   3        4.0577e-07   2.98e-09          4.0542e-07      9.93e-10    1.39e+00
vNLO = (4.0542015e-07 +- 9.9327495e-10) pb

*****************************
* collinear remainder (P+K) *
*****************************
The limits of integration are:

xl[0]=0.000000    xu[0]=1.000000
xl[1]=0.000000    xu[1]=1.000000
xl[2]=0.000000    xu[2]=1.000000
xl[3]=0.000000    xu[3]=1.000000

num_dim=4, calls=2500, it_num=1, max_it_num=5 verb=0, alph=1.50,
mode=0, bins=50, boxes=1

       single.......iteration                   accumulated......results   
iteration     integral    sigma             integral         sigma     chi-sq/it

   1        2.1789e-06   1.45e-07          2.1789e-06      1.45e-07    0.00e+00
   2        2.1587e-06   3.89e-08          2.1600e-06      3.75e-08    1.81e-02
   3        2.0690e-06   2.70e-08          2.1000e-06      2.19e-08    1.95e+00
   4        2.1392e-06   2.24e-08          2.1191e-06      1.57e-08    1.82e+00
   5        2.1185e-06   2.22e-08          2.1189e-06      1.28e-08    1.36e+00

num_dim=4, calls=25000, it_num=1, max_it_num=3 verb=0, alph=1.50,
mode=0, bins=50, boxes=1

       single.......iteration                   accumulated......results   
iteration     integral    sigma             integral         sigma     chi-sq/it

   1        2.0955e-06   7.27e-09          2.0955e-06      7.27e-09    0.00e+00
   2        2.1002e-06   7.30e-09          2.0979e-06      5.15e-09    2.10e-01
   3        2.0954e-06   7.20e-09          2.0970e-06      4.19e-09    1.44e-01
   3        2.0948e-06   7.15e-09          2.0965e-06      3.61e-09    1.19e-01
   3        2.0850e-06   7.40e-09          2.0943e-06      3.25e-09    5.70e-01
P+K = (2.0942540e-06 +- 3.2482494e-09) pb

********************************
* real gluon emission - dipole *
********************************
The limits of integration are:

xl[0]=0.000000    xu[0]=1.000000
xl[1]=0.000000    xu[1]=1.000000
xl[2]=0.000000    xu[2]=1.000000
xl[3]=0.000000    xu[3]=1.000000
xl[4]=0.000000    xu[4]=1.000000
xl[5]=0.000000    xu[5]=1.000000

num_dim=6, calls=250, it_num=1, max_it_num=5 verb=0, alph=1.50,
mode=0, bins=50, boxes=1

       single.......iteration                   accumulated......results   
iteration     integral    sigma             integral         sigma     chi-sq/it

   1        -1.3973e-08   2.98e-09          -1.3973e-08      2.98e-09    0.00e+00
   2        -1.5870e-08   2.48e-09          -1.5093e-08      1.91e-09    2.39e-01
   3        -1.6185e-08   1.70e-09          -1.5702e-08      1.27e-09    2.11e-01
   4        -1.6062e-08   1.52e-09          -1.5850e-08      9.74e-10    1.51e-01
   5        -1.5316e-08   9.77e-10          -1.5584e-08      6.90e-10    1.51e-01

num_dim=6, calls=2500, it_num=1, max_it_num=3 verb=0, alph=1.50,
mode=0, bins=50, boxes=1

       single.......iteration                   accumulated......results   
iteration     integral    sigma             integral         sigma     chi-sq/it

   1        -1.6213e-08   3.60e-10          -1.6213e-08      3.60e-10    0.00e+00
   2        -1.6182e-08   2.14e-10          -1.6190e-08      1.84e-10    5.37e-03
   3        -1.6159e-08   1.80e-10          -1.6174e-08      1.29e-10    9.94e-03
   3        -1.6218e-08   1.57e-10          -1.6192e-08      9.94e-11    2.23e-02
   3        -1.6268e-08   1.27e-10          -1.6221e-08      7.83e-11    7.22e-02
   3        -1.5981e-08   1.17e-10          -1.6146e-08      6.50e-11    6.42e-01
rNLOg = (-1.6146005e-08 +- 6.4982084e-11) pb

**************************************************
* real light quark emission - dipole - (onshell) *
**************************************************
The limits of integration are:

xl[0]=0.000000    xu[0]=1.000000
xl[1]=0.000000    xu[1]=1.000000
xl[2]=0.000000    xu[2]=1.000000
xl[3]=0.000000    xu[3]=1.000000
xl[4]=0.000000    xu[4]=1.000000
xl[5]=0.000000    xu[5]=1.000000

num_dim=6, calls=5000, it_num=1, max_it_num=5 verb=0, alph=1.50,
mode=0, bins=50, boxes=1

       single.......iteration                   accumulated......results   
iteration     integral    sigma             integral         sigma     chi-sq/it

   1        4.0550e-08   1.92e-09          4.0550e-08      1.92e-09    0.00e+00
   2        4.0450e-08   1.18e-09          4.0478e-08      1.00e-09    1.96e-03
   3        4.0599e-08   6.66e-10          4.0562e-08      5.55e-10    6.01e-03
   4        4.0250e-08   3.13e-10          4.0325e-08      2.72e-10    8.37e-02
   5        4.0320e-08   2.26e-10          4.0322e-08      1.74e-10    6.28e-02

num_dim=6, calls=50000, it_num=1, max_it_num=5 verb=0, alph=1.50,
mode=0, bins=50, boxes=1

       single.......iteration                   accumulated......results   
iteration     integral    sigma             integral         sigma     chi-sq/it

   1        4.0103e-08   6.78e-11          4.0103e-08      6.78e-11    0.00e+00
   2        4.0146e-08   9.36e-11          4.0118e-08      5.49e-11    1.40e-01
   3        4.0247e-08   9.51e-11          4.0150e-08      4.75e-11    7.60e-01
   4        4.0160e-08   7.33e-11          4.0153e-08      3.99e-11    5.11e-01
   5        4.0182e-08   7.84e-11          4.0159e-08      3.55e-11    4.10e-01
   5        4.0108e-08   6.67e-11          4.0148e-08      3.14e-11    4.18e-01
   5        3.9983e-08   6.16e-11          4.0114e-08      2.79e-11    1.29e+00
rNLOq = (4.0113776e-08 +- 2.7947131e-11) pb
NLO = (1.4200652e-05 +- 5.3110602e-09) pb
#chisq/dof = 2.10562e-09
#status = iteration is not making progress towards solution
#chisq/dof = 9.40349e-10
#status = success
#chisq/dof = 5.61439e-10
#status = success
#chisq/dof = 3.78651e-09
#status = success
#chisq/dof = 6.86407e-11
#status = success
#chisq/dof = 3.38459e-12
#status = success
#chisq/dof = 1.92757e-10
#status = success
#chisq/dof = 4.53475e-11
#status = success

*******************************************************
* threshold resummation (unimproved nnll) - expansion *
*******************************************************
The limits of integration are:

xl[0]=0.000000    xu[0]=1.000000
xl[1]=0.000000    xu[1]=1.000000
xl[2]=0.000000    xu[2]=1.000000

num_dim=3, calls=7000, it_num=1, max_it_num=5 verb=0, alph=1.50,
mode=0, bins=50, boxes=1

       single.......iteration                   accumulated......results   
iteration     integral    sigma             integral         sigma     chi-sq/it

   1        3.2684e-07   1.01e-08          3.2684e-07      1.01e-08    0.00e+00
   2        3.2971e-07   5.19e-09          3.2911e-07      4.61e-09    6.44e-02
   3        3.2260e-07   4.38e-09          3.2569e-07      3.17e-09    5.57e-01
   4        3.2759e-07   4.11e-09          3.2640e-07      2.51e-09    4.16e-01
   5        3.2073e-07   4.10e-09          3.2485e-07      2.14e-09    6.59e-01

num_dim=3, calls=35000, it_num=1, max_it_num=5 verb=0, alph=1.50,
mode=0, bins=50, boxes=1

       single.......iteration                   accumulated......results   
iteration     integral    sigma             integral         sigma     chi-sq/it

   1        3.2234e-07   1.77e-09          3.2234e-07      1.77e-09    0.00e+00
   2        3.2383e-07   1.78e-09          3.2308e-07      1.25e-09    3.50e-01
   3        3.2623e-07   1.84e-09          3.2408e-07      1.04e-09    1.18e+00
   4        3.2243e-07   1.80e-09          3.2367e-07      8.98e-10    9.96e-01
   5        3.2481e-07   1.78e-09          3.2390e-07      8.01e-10    8.29e-01
aNNLO+NNLL = (1.4524554e-05 +- 5.3711540e-09) pb

Results:
LO = (1.2102305e-05 +- 4.1918856e-09) pb
NLO = (1.4200652e-05 +- 5.3110602e-09) pb
aNNLO+NNLL = (1.4524554e-05 +- 5.3711540e-09) pb
Thanks for using LHAPDF 6.2.3. Please make sure to cite the paper:
  Eur.Phys.J. C75 (2015) 3, 132  (http://arxiv.org/abs/1412.7420)
 ====================================================
   FF 2.0, a package to evaluate one-loop integrals
 written by G. J. van Oldenborgh, NIKHEF-H, Amsterdam
 ====================================================
 for the algorithms used see preprint NIKHEF-H 89/17,
 'New Algorithms for One-loop Integrals', by G.J. van
 Oldenborgh and J.A.M. Vermaseren, published in 
 Zeitschrift fuer Physik C46(1990)425.
 ====================================================
 
total number of errors and warnings
===================================
fferr: no errors
 
