
  Welcome to Resummino git-latest
  Copyright 2008-2010 Jonathan Debove.
  Copyright 2011-2014 David R. Lamprea.
  Copyright 2011-2016 Marcel Rothering.

  Licensed under the EUPL 1.1 or later.
  See http://www.resummino.org/ for more information.

  If using Resummino for slepton pair production, please cite.
  - G. Bozzi, B. Fuks, M. Klasen, PRD 74, 015001 (2006); NPB 777, 157 (2007); NPB 794, 46 (2007).
  - B. Fuks, M. Klasen, D. R. Lamprea, M. Rothering, EPJC 73, 2480 (2013).

  For gaugino pair production, please cite:
  - J. Debove, B. Fuks, M. Klasen, PLB 688, 208 (2010); NPB 842, 51 (2011); NPB 849, 64 (2011).
  - B. Fuks, M. Klasen, D. R. Lamprea, M. Rothering, JHEP 1210, 081 (2012); EPJC 73, 2480 (2013).

  For associated gaugino gluino production, please cite:
  - B. Fuks, M. Klasen, M. Rothering, JHEP 07:053, (2016).
  - B. Fuks, M. Klasen, D. R. Lamprea, M. Rothering, EPJC 73, 2480 (2013).

LHAPDF 6.2.3 loading /pool/condor/dir_7322/resummino-releases/lhapdf-prefix/share/LHAPDF/PDF4LHC21_40/PDF4LHC21_40_0000.dat
PDF4LHC21_40 PDF set, member #0, version 1
 alpha_s(M_Z^2) = 0.1180 	 for LO PDF set 
 alpha_s(100.000^2) = 0.1164 	 for LO PDF set 

********************
* LO cross section *
********************
The limits of integration are:

xl[0]=0.000000    xu[0]=1.000000
xl[1]=0.000000    xu[1]=1.000000
xl[2]=0.000000    xu[2]=1.000000

num_dim=3, calls=2000, it_num=1, max_it_num=5 verb=0, alph=1.50,
mode=0, bins=50, boxes=1

       single.......iteration                   accumulated......results   
iteration     integral    sigma             integral         sigma     chi-sq/it

   1        9.3906e+00   3.90e-01          9.3906e+00      3.90e-01    0.00e+00
   2        9.7539e+00   1.28e-01          9.7186e+00      1.21e-01    7.85e-01
   3        9.8043e+00   8.72e-02          9.7751e+00      7.09e-02    5.57e-01
   4        9.7167e+00   8.35e-02          9.7507e+00      5.40e-02    4.66e-01
   5        9.7417e+00   8.40e-02          9.7480e+00      4.54e-02    3.52e-01

num_dim=3, calls=20000, it_num=1, max_it_num=5 verb=0, alph=1.50,
mode=0, bins=50, boxes=1

       single.......iteration                   accumulated......results   
iteration     integral    sigma             integral         sigma     chi-sq/it

   1        9.8628e+00   2.61e-02          9.8628e+00      2.61e-02    0.00e+00
   2        9.8356e+00   2.53e-02          9.8487e+00      1.82e-02    5.60e-01
   3        9.8226e+00   2.48e-02          9.8397e+00      1.47e-02    6.40e-01
   4        9.8285e+00   2.56e-02          9.8369e+00      1.27e-02    4.74e-01
   5        9.8095e+00   2.59e-02          9.8316e+00      1.14e-02    5.82e-01
   5        9.7759e+00   2.60e-02          9.8226e+00      1.05e-02    1.23e+00
   5        9.8064e+00   2.55e-02          9.8202e+00      9.68e-03    1.09e+00
   5        9.7700e+00   2.63e-02          9.8143e+00      9.08e-03    1.39e+00
   5        9.8197e+00   2.67e-02          9.8148e+00      8.60e-03    1.22e+00
   5        9.7940e+00   2.69e-02          9.8129e+00      8.19e-03    1.14e+00
   5        9.8342e+00   2.70e-02          9.8147e+00      7.84e-03    1.09e+00
   5        9.8175e+00   2.75e-02          9.8149e+00      7.54e-03    9.90e-01
   5        9.8395e+00   2.79e-02          9.8166e+00      7.28e-03    9.68e-01
   5        9.8549e+00   2.91e-02          9.8188e+00      7.06e-03    1.02e+00
   5        9.8394e+00   2.94e-02          9.8200e+00      6.86e-03    9.79e-01
   5        9.7997e+00   3.01e-02          9.8190e+00      6.69e-03    9.42e-01
   5        9.7938e+00   3.03e-02          9.8178e+00      6.54e-03    9.24e-01
   5        9.8262e+00   3.07e-02          9.8182e+00      6.39e-03    8.74e-01
   5        9.8325e+00   3.16e-02          9.8187e+00      6.27e-03    8.37e-01
   5        9.8400e+00   3.26e-02          9.8195e+00      6.15e-03    8.14e-01
   5        9.7532e+00   3.37e-02          9.8173e+00      6.05e-03    9.61e-01
   5        9.8694e+00   3.29e-02          9.8190e+00      5.95e-03    1.03e+00
   5        9.8275e+00   3.30e-02          9.8193e+00      5.86e-03    9.86e-01
   5        9.8569e+00   3.37e-02          9.8204e+00      5.77e-03    9.96e-01
   5        9.8466e+00   3.40e-02          9.8211e+00      5.69e-03    9.79e-01
   5        9.7486e+00   3.38e-02          9.8191e+00      5.61e-03    1.12e+00
   5        9.8653e+00   3.48e-02          9.8203e+00      5.54e-03    1.14e+00
   5        9.8262e+00   3.50e-02          9.8205e+00      5.47e-03    1.10e+00
   5        9.8426e+00   3.60e-02          9.8210e+00      5.41e-03    1.07e+00
   5        9.8116e+00   3.53e-02          9.8207e+00      5.35e-03    1.04e+00
   5        9.8004e+00   3.59e-02          9.8203e+00      5.29e-03    1.02e+00
   5        9.8156e+00   3.64e-02          9.8202e+00      5.23e-03    9.83e-01
   5        9.8539e+00   3.68e-02          9.8209e+00      5.18e-03    9.78e-01
   5        9.7982e+00   3.69e-02          9.8204e+00      5.13e-03    9.60e-01
   5        9.7393e+00   3.61e-02          9.8188e+00      5.08e-03    1.08e+00
   5        9.8531e+00   3.71e-02          9.8195e+00      5.03e-03    1.07e+00
   5        9.8038e+00   3.76e-02          9.8192e+00      4.99e-03    1.05e+00
   5        9.8030e+00   3.80e-02          9.8189e+00      4.95e-03    1.02e+00
   5        9.8219e+00   3.84e-02          9.8190e+00      4.91e-03    9.95e-01
   5        9.8019e+00   3.84e-02          9.8187e+00      4.87e-03    9.74e-01
   5        9.7899e+00   3.79e-02          9.8182e+00      4.83e-03    9.64e-01
   5        9.7761e+00   3.87e-02          9.8176e+00      4.79e-03    9.69e-01
   5        9.9163e+00   3.98e-02          9.8190e+00      4.76e-03    1.09e+00
   5        9.8444e+00   3.64e-02          9.8194e+00      4.72e-03    1.08e+00
   5        9.7635e+00   3.63e-02          9.8185e+00      4.68e-03    1.10e+00
   5        9.8223e+00   3.65e-02          9.8185e+00      4.64e-03    1.08e+00
   5        9.8586e+00   3.65e-02          9.8192e+00      4.60e-03    1.08e+00
   5        9.7373e+00   3.74e-02          9.8180e+00      4.57e-03    1.16e+00
   5        9.8697e+00   3.77e-02          9.8187e+00      4.53e-03    1.17e+00
   5        9.8540e+00   3.83e-02          9.8192e+00      4.50e-03    1.17e+00
   5        9.8194e+00   3.82e-02          9.8192e+00      4.47e-03    1.14e+00
   5        9.8047e+00   3.96e-02          9.8190e+00      4.44e-03    1.12e+00
   5        9.8354e+00   3.88e-02          9.8192e+00      4.41e-03    1.11e+00
   5        9.8448e+00   3.89e-02          9.8195e+00      4.39e-03    1.09e+00
   5        9.8255e+00   3.75e-02          9.8196e+00      4.36e-03    1.07e+00
LO = (9.8196297e+00 +- 4.3564788e-03) pb
LHAPDF 6.2.3 loading /pool/condor/dir_7322/resummino-releases/lhapdf-prefix/share/LHAPDF/PDF4LHC21_40/PDF4LHC21_40_0028.dat
PDF4LHC21_40 PDF set, member #28, version 1
 alpha_s(M_Z^2) = 0.1180 	 for NLO PDF set 
 alpha_s(100.000^2) = 0.1164 	 for NLO PDF set 

********************
* LO cross section *
********************
The limits of integration are:

xl[0]=0.000000    xu[0]=1.000000
xl[1]=0.000000    xu[1]=1.000000
xl[2]=0.000000    xu[2]=1.000000

num_dim=3, calls=2000, it_num=1, max_it_num=5 verb=0, alph=1.50,
mode=0, bins=50, boxes=1

       single.......iteration                   accumulated......results   
iteration     integral    sigma             integral         sigma     chi-sq/it

   1        9.4150e+00   3.91e-01          9.4150e+00      3.91e-01    0.00e+00
   2        9.7779e+00   1.28e-01          9.7426e+00      1.22e-01    7.79e-01
   3        9.8286e+00   8.75e-02          9.7993e+00      7.10e-02    5.54e-01
   4        9.7407e+00   8.37e-02          9.7748e+00      5.42e-02    4.64e-01
   5        9.7660e+00   8.42e-02          9.7722e+00      4.56e-02    3.50e-01

num_dim=3, calls=20000, it_num=1, max_it_num=5 verb=0, alph=1.50,
mode=0, bins=50, boxes=1

       single.......iteration                   accumulated......results   
iteration     integral    sigma             integral         sigma     chi-sq/it

   1        9.8872e+00   2.62e-02          9.8872e+00      2.62e-02    0.00e+00
   2        9.8599e+00   2.54e-02          9.8731e+00      1.82e-02    5.63e-01
   3        9.8471e+00   2.49e-02          9.8641e+00      1.47e-02    6.37e-01
   4        9.8529e+00   2.57e-02          9.8613e+00      1.28e-02    4.72e-01
   5        9.8340e+00   2.60e-02          9.8560e+00      1.15e-02    5.77e-01
   5        9.8001e+00   2.61e-02          9.8470e+00      1.05e-02    1.23e+00
   5        9.8308e+00   2.56e-02          9.8446e+00      9.70e-03    1.08e+00
   5        9.7943e+00   2.64e-02          9.8386e+00      9.11e-03    1.39e+00
   5        9.8440e+00   2.68e-02          9.8392e+00      8.62e-03    1.22e+00
   5        9.8183e+00   2.70e-02          9.8373e+00      8.21e-03    1.14e+00
   5        9.8586e+00   2.71e-02          9.8391e+00      7.86e-03    1.08e+00
   5        9.8419e+00   2.76e-02          9.8393e+00      7.56e-03    9.87e-01
   5        9.8640e+00   2.79e-02          9.8410e+00      7.30e-03    9.66e-01
   5        9.8794e+00   2.92e-02          9.8432e+00      7.08e-03    1.02e+00
   5        9.8638e+00   2.95e-02          9.8443e+00      6.88e-03    9.77e-01
   5        9.8239e+00   3.02e-02          9.8433e+00      6.71e-03    9.41e-01
   5        9.8182e+00   3.04e-02          9.8422e+00      6.55e-03    9.23e-01
   5        9.8506e+00   3.08e-02          9.8425e+00      6.41e-03    8.73e-01
   5        9.8568e+00   3.17e-02          9.8431e+00      6.28e-03    8.35e-01
   5        9.8645e+00   3.27e-02          9.8438e+00      6.17e-03    8.13e-01
   5        9.7773e+00   3.38e-02          9.8417e+00      6.07e-03    9.60e-01
   5        9.8938e+00   3.30e-02          9.8434e+00      5.97e-03    1.03e+00
   5        9.8520e+00   3.31e-02          9.8437e+00      5.88e-03    9.86e-01
   5        9.8815e+00   3.38e-02          9.8448e+00      5.79e-03    9.96e-01
   5        9.8711e+00   3.41e-02          9.8455e+00      5.71e-03    9.78e-01
   5        9.7728e+00   3.39e-02          9.8435e+00      5.63e-03    1.12e+00
   5        9.8899e+00   3.49e-02          9.8447e+00      5.56e-03    1.14e+00
   5        9.8506e+00   3.51e-02          9.8448e+00      5.49e-03    1.10e+00
   5        9.8671e+00   3.61e-02          9.8453e+00      5.43e-03    1.07e+00
   5        9.8360e+00   3.54e-02          9.8451e+00      5.36e-03    1.04e+00
   5        9.8247e+00   3.60e-02          9.8447e+00      5.30e-03    1.02e+00
   5        9.8400e+00   3.65e-02          9.8446e+00      5.25e-03    9.83e-01
   5        9.8785e+00   3.69e-02          9.8453e+00      5.20e-03    9.78e-01
   5        9.8226e+00   3.70e-02          9.8448e+00      5.15e-03    9.59e-01
   5        9.7635e+00   3.62e-02          9.8432e+00      5.10e-03    1.08e+00
   5        9.8776e+00   3.72e-02          9.8438e+00      5.05e-03    1.07e+00
   5        9.8282e+00   3.77e-02          9.8436e+00      5.00e-03    1.04e+00
   5        9.8275e+00   3.81e-02          9.8433e+00      4.96e-03    1.02e+00
   5        9.8460e+00   3.85e-02          9.8433e+00      4.92e-03    9.94e-01
   5        9.8263e+00   3.86e-02          9.8431e+00      4.88e-03    9.74e-01
   5        9.8139e+00   3.81e-02          9.8426e+00      4.84e-03    9.64e-01
   5        9.8006e+00   3.89e-02          9.8420e+00      4.80e-03    9.68e-01
   5        9.9403e+00   3.99e-02          9.8434e+00      4.77e-03    1.09e+00
   5        9.8693e+00   3.64e-02          9.8438e+00      4.73e-03    1.07e+00
   5        9.7875e+00   3.63e-02          9.8429e+00      4.69e-03    1.10e+00
   5        9.8467e+00   3.65e-02          9.8429e+00      4.65e-03    1.08e+00
   5        9.8833e+00   3.66e-02          9.8436e+00      4.61e-03    1.08e+00
   5        9.7608e+00   3.75e-02          9.8423e+00      4.58e-03    1.16e+00
   5        9.8945e+00   3.78e-02          9.8431e+00      4.55e-03    1.18e+00
   5        9.8784e+00   3.84e-02          9.8436e+00      4.52e-03    1.17e+00
   5        9.8431e+00   3.84e-02          9.8436e+00      4.48e-03    1.15e+00
   5        9.8291e+00   3.98e-02          9.8434e+00      4.46e-03    1.13e+00
   5        9.8595e+00   3.88e-02          9.8436e+00      4.43e-03    1.11e+00
   5        9.8689e+00   3.90e-02          9.8439e+00      4.40e-03    1.09e+00
   5        9.8501e+00   3.76e-02          9.8440e+00      4.37e-03    1.07e+00
LO = (9.8439963e+00 +- 4.3689564e-03) pb

*******************************************
* virtual corrections + integrated dipole *
*******************************************
The limits of integration are:

xl[0]=0.000000    xu[0]=1.000000
xl[1]=0.000000    xu[1]=1.000000
xl[2]=0.000000    xu[2]=1.000000

num_dim=3, calls=240, it_num=1, max_it_num=5 verb=0, alph=1.50,
mode=0, bins=50, boxes=1

       single.......iteration                   accumulated......results   
iteration     integral    sigma             integral         sigma     chi-sq/it

   1        5.0974e-01   6.22e-02          5.0974e-01      6.22e-02    0.00e+00
   2        4.9187e-01   2.30e-02          4.9402e-01      2.16e-02    7.26e-02
   3        4.9671e-01   1.78e-02          4.9562e-01      1.37e-02    4.09e-02
   4        5.0479e-01   1.55e-02          4.9967e-01      1.03e-02    9.28e-02
   5        5.0762e-01   1.48e-02          5.0226e-01      8.43e-03    1.18e-01

num_dim=3, calls=1200, it_num=1, max_it_num=3 verb=0, alph=1.50,
mode=0, bins=50, boxes=1

       single.......iteration                   accumulated......results   
iteration     integral    sigma             integral         sigma     chi-sq/it

   1        4.7388e-01   6.14e-03          4.7388e-01      6.14e-03    0.00e+00
   2        4.8393e-01   5.47e-03          4.7949e-01      4.09e-03    1.49e+00
   3        4.7999e-01   5.38e-03          4.7967e-01      3.25e-03    7.48e-01
vNLO = (4.7967126e-01 +- 3.2531714e-03) pb

*****************************
* collinear remainder (P+K) *
*****************************
The limits of integration are:

xl[0]=0.000000    xu[0]=1.000000
xl[1]=0.000000    xu[1]=1.000000
xl[2]=0.000000    xu[2]=1.000000
xl[3]=0.000000    xu[3]=1.000000

num_dim=4, calls=2500, it_num=1, max_it_num=5 verb=0, alph=1.50,
mode=0, bins=50, boxes=1

       single.......iteration                   accumulated......results   
iteration     integral    sigma             integral         sigma     chi-sq/it

   1        1.3725e+00   1.31e-01          1.3725e+00      1.31e-01    0.00e+00
   2        1.3593e+00   6.97e-02          1.3622e+00      6.15e-02    7.88e-03
   3        1.2847e+00   6.28e-02          1.3242e+00      4.39e-02    3.93e-01
   4        1.3606e+00   6.13e-02          1.3366e+00      3.57e-02    3.40e-01
   5        1.2079e+00   6.17e-02          1.3043e+00      3.09e-02    1.07e+00

num_dim=4, calls=25000, it_num=1, max_it_num=3 verb=0, alph=1.50,
mode=0, bins=50, boxes=1

       single.......iteration                   accumulated......results   
iteration     integral    sigma             integral         sigma     chi-sq/it

   1        1.2959e+00   1.94e-02          1.2959e+00      1.94e-02    0.00e+00
   2        1.3325e+00   1.92e-02          1.3144e+00      1.36e-02    1.79e+00
   3        1.3355e+00   1.93e-02          1.3214e+00      1.11e-02    1.30e+00
   3        1.3624e+00   1.93e-02          1.3316e+00      9.65e-03    1.99e+00
   3        1.3449e+00   1.93e-02          1.3343e+00      8.63e-03    1.59e+00
   3        1.3391e+00   1.91e-02          1.3351e+00      7.86e-03    1.28e+00
   3        1.3337e+00   1.92e-02          1.3349e+00      7.28e-03    1.07e+00
   3        1.3572e+00   1.92e-02          1.3377e+00      6.81e-03    1.08e+00
   3        1.3706e+00   1.93e-02          1.3413e+00      6.42e-03    1.27e+00
   3        1.3692e+00   1.93e-02          1.3441e+00      6.09e-03    1.34e+00
   3        1.3632e+00   1.93e-02          1.3458e+00      5.81e-03    1.29e+00
   3        1.3226e+00   1.95e-02          1.3439e+00      5.57e-03    1.29e+00
   3        1.3284e+00   1.96e-02          1.3428e+00      5.36e-03    1.23e+00
   3        1.3540e+00   1.96e-02          1.3435e+00      5.17e-03    1.16e+00
   3        1.3454e+00   1.97e-02          1.3437e+00      5.00e-03    1.08e+00
   3        1.3654e+00   1.98e-02          1.3450e+00      4.85e-03    1.08e+00
   3        1.3724e+00   1.97e-02          1.3465e+00      4.71e-03    1.13e+00
   3        1.3559e+00   1.99e-02          1.3470e+00      4.58e-03    1.08e+00
   3        1.3494e+00   1.98e-02          1.3471e+00      4.46e-03    1.02e+00
   3        1.3728e+00   2.01e-02          1.3484e+00      4.35e-03    1.05e+00
   3        1.3286e+00   2.01e-02          1.3475e+00      4.26e-03    1.04e+00
   3        1.3428e+00   2.02e-02          1.3473e+00      4.16e-03    9.92e-01
   3        1.3313e+00   2.02e-02          1.3466e+00      4.08e-03    9.74e-01
   3        1.3920e+00   2.01e-02          1.3484e+00      4.00e-03    1.14e+00
   3        1.3368e+00   2.06e-02          1.3480e+00      3.92e-03    1.11e+00
   3        1.3550e+00   2.03e-02          1.3482e+00      3.85e-03    1.07e+00
   3        1.3802e+00   2.02e-02          1.3494e+00      3.78e-03    1.12e+00
   3        1.3316e+00   2.06e-02          1.3488e+00      3.72e-03    1.11e+00
   3        1.3327e+00   2.04e-02          1.3483e+00      3.66e-03    1.09e+00
   3        1.3239e+00   2.04e-02          1.3475e+00      3.60e-03    1.10e+00
   3        1.3414e+00   2.02e-02          1.3473e+00      3.55e-03    1.07e+00
   3        1.3772e+00   2.05e-02          1.3482e+00      3.50e-03    1.10e+00
   3        1.3922e+00   2.04e-02          1.3494e+00      3.45e-03    1.20e+00
   3        1.3324e+00   2.07e-02          1.3490e+00      3.40e-03    1.19e+00
   3        1.3718e+00   2.06e-02          1.3496e+00      3.35e-03    1.19e+00
   3        1.3283e+00   2.06e-02          1.3490e+00      3.31e-03    1.18e+00
   3        1.3116e+00   2.11e-02          1.3481e+00      3.27e-03    1.24e+00
P+K = (1.3481450e+00 +- 3.2711757e-03) pb

********************************
* real gluon emission - dipole *
********************************
The limits of integration are:

xl[0]=0.000000    xu[0]=1.000000
xl[1]=0.000000    xu[1]=1.000000
xl[2]=0.000000    xu[2]=1.000000
xl[3]=0.000000    xu[3]=1.000000
xl[4]=0.000000    xu[4]=1.000000
xl[5]=0.000000    xu[5]=1.000000

num_dim=6, calls=250, it_num=1, max_it_num=5 verb=0, alph=1.50,
mode=0, bins=50, boxes=1

       single.......iteration                   accumulated......results   
iteration     integral    sigma             integral         sigma     chi-sq/it

   1        -8.8276e-02   1.32e-02          -8.8276e-02      1.32e-02    0.00e+00
   2        -9.9644e-02   1.33e-02          -9.3928e-02      9.39e-03    3.66e-01
   3        -1.0019e-01   1.37e-02          -9.5921e-02      7.75e-03    2.54e-01
   4        -1.0242e-01   1.48e-02          -9.7323e-02      6.87e-03    2.20e-01
   5        -1.2219e-01   2.58e-02          -9.8971e-02      6.64e-03    3.82e-01

num_dim=6, calls=2500, it_num=1, max_it_num=3 verb=0, alph=1.50,
mode=0, bins=50, boxes=1

       single.......iteration                   accumulated......results   
iteration     integral    sigma             integral         sigma     chi-sq/it

   1        -1.0813e-01   5.82e-03          -1.0813e-01      5.82e-03    0.00e+00
   2        -1.0610e-01   2.84e-03          -1.0649e-01      2.55e-03    9.85e-02
   3        -1.0683e-01   1.58e-03          -1.0674e-01      1.34e-03    5.58e-02
   3        -1.0358e-01   1.21e-03          -1.0499e-01      8.96e-04    1.06e+00
rNLOg = (-1.0499160e-01 +- 8.9616559e-04) pb

**************************************************
* real light quark emission - dipole - (onshell) *
**************************************************
The limits of integration are:

xl[0]=0.000000    xu[0]=1.000000
xl[1]=0.000000    xu[1]=1.000000
xl[2]=0.000000    xu[2]=1.000000
xl[3]=0.000000    xu[3]=1.000000
xl[4]=0.000000    xu[4]=1.000000
xl[5]=0.000000    xu[5]=1.000000

num_dim=6, calls=5000, it_num=1, max_it_num=5 verb=0, alph=1.50,
mode=0, bins=50, boxes=1

       single.......iteration                   accumulated......results   
iteration     integral    sigma             integral         sigma     chi-sq/it

   1        4.8815e-01   2.62e-02          4.8815e-01      2.62e-02    0.00e+00
   2        4.8216e-01   8.11e-03          4.8268e-01      7.75e-03    4.77e-02
   3        4.6965e-01   4.87e-03          4.7334e-01      4.12e-03    1.04e+00
   4        4.7661e-01   4.16e-03          4.7496e-01      2.93e-03    7.96e-01
   5        4.7561e-01   3.83e-03          4.7520e-01      2.33e-03    6.02e-01

num_dim=6, calls=50000, it_num=1, max_it_num=5 verb=0, alph=1.50,
mode=0, bins=50, boxes=1

       single.......iteration                   accumulated......results   
iteration     integral    sigma             integral         sigma     chi-sq/it

   1        4.7278e-01   1.20e-03          4.7278e-01      1.20e-03    0.00e+00
   2        4.7488e-01   1.25e-03          4.7378e-01      8.65e-04    1.48e+00
   3        4.7620e-01   1.38e-03          4.7446e-01      7.33e-04    1.84e+00
   4        4.7471e-01   1.25e-03          4.7452e-01      6.33e-04    1.23e+00
   5        4.7625e-01   1.39e-03          4.7482e-01      5.76e-04    1.25e+00
rNLOq = (4.7481955e-01 +- 5.7585402e-04) pb
NLO = (1.2041641e+01 +- 6.4425317e-03) pb
#chisq/dof = 6.40192e-07
#status = success
#chisq/dof = 1.26597e-08
#status = success
#chisq/dof = 1.79507e-09
#status = success
#chisq/dof = 7.16942e-09
#status = success
#chisq/dof = 2.47352e-09
#status = success
#chisq/dof = 3.56257e-10
#status = success
#chisq/dof = 5.21973e-09
#status = success
#chisq/dof = 9.72357e-10
#status = success

*******************************************************
* threshold resummation (unimproved nnll) - expansion *
*******************************************************
The limits of integration are:

xl[0]=0.000000    xu[0]=1.000000
xl[1]=0.000000    xu[1]=1.000000
xl[2]=0.000000    xu[2]=1.000000

num_dim=3, calls=7000, it_num=1, max_it_num=5 verb=0, alph=1.50,
mode=0, bins=50, boxes=1

       single.......iteration                   accumulated......results   
iteration     integral    sigma             integral         sigma     chi-sq/it

   1        7.6055e-02   1.78e-02          7.6055e-02      1.78e-02    0.00e+00
   2        8.0767e-02   3.95e-03          8.0546e-02      3.85e-03    6.69e-02
   3        7.6506e-02   3.10e-03          7.8096e-02      2.42e-03    3.67e-01
   4        8.4852e-02   3.00e-03          8.0752e-02      1.88e-03    1.27e+00
   5        8.5578e-02   2.97e-03          8.2135e-02      1.59e-03    1.42e+00

num_dim=3, calls=35000, it_num=1, max_it_num=5 verb=0, alph=1.50,
mode=0, bins=50, boxes=1

       single.......iteration                   accumulated......results   
iteration     integral    sigma             integral         sigma     chi-sq/it

   1        8.1717e-02   1.34e-03          8.1717e-02      1.34e-03    0.00e+00
   2        8.2817e-02   1.34e-03          8.2267e-02      9.45e-04    3.39e-01
   3        8.3916e-02   1.34e-03          8.2816e-02      7.72e-04    6.76e-01
   4        8.1241e-02   1.34e-03          8.2425e-02      6.69e-04    7.95e-01
   5        8.3023e-02   1.34e-03          8.2543e-02      5.99e-04    6.36e-01
aNNLO+NNLL = (1.2124184e+01 +- 6.4703122e-03) pb

Results:
LO = (9.8196297e+00 +- 4.3564788e-03) pb
NLO = (1.2041641e+01 +- 6.4425317e-03) pb
aNNLO+NNLL = (1.2124184e+01 +- 6.4703122e-03) pb
Thanks for using LHAPDF 6.2.3. Please make sure to cite the paper:
  Eur.Phys.J. C75 (2015) 3, 132  (http://arxiv.org/abs/1412.7420)
 ====================================================
   FF 2.0, a package to evaluate one-loop integrals
 written by G. J. van Oldenborgh, NIKHEF-H, Amsterdam
 ====================================================
 for the algorithms used see preprint NIKHEF-H 89/17,
 'New Algorithms for One-loop Integrals', by G.J. van
 Oldenborgh and J.A.M. Vermaseren, published in 
 Zeitschrift fuer Physik C46(1990)425.
 ====================================================
 
total number of errors and warnings
===================================
fferr: no errors
 
