
  Welcome to Resummino git-latest
  Copyright 2008-2010 Jonathan Debove.
  Copyright 2011-2014 David R. Lamprea.
  Copyright 2011-2016 Marcel Rothering.

  Licensed under the EUPL 1.1 or later.
  See http://www.resummino.org/ for more information.

  If using Resummino for slepton pair production, please cite.
  - G. Bozzi, B. Fuks, M. Klasen, PRD 74, 015001 (2006); NPB 777, 157 (2007); NPB 794, 46 (2007).
  - B. Fuks, M. Klasen, D. R. Lamprea, M. Rothering, EPJC 73, 2480 (2013).

  For gaugino pair production, please cite:
  - J. Debove, B. Fuks, M. Klasen, PLB 688, 208 (2010); NPB 842, 51 (2011); NPB 849, 64 (2011).
  - B. Fuks, M. Klasen, D. R. Lamprea, M. Rothering, JHEP 1210, 081 (2012); EPJC 73, 2480 (2013).

  For associated gaugino gluino production, please cite:
  - B. Fuks, M. Klasen, M. Rothering, JHEP 07:053, (2016).
  - B. Fuks, M. Klasen, D. R. Lamprea, M. Rothering, EPJC 73, 2480 (2013).

LHAPDF 6.2.3 loading /pool/condor/dir_3939/resummino-releases/lhapdf-prefix/share/LHAPDF/PDF4LHC21_40/PDF4LHC21_40_0000.dat
PDF4LHC21_40 PDF set, member #0, version 1
 alpha_s(M_Z^2) = 0.1180 	 for LO PDF set 
 alpha_s(1700.000^2) = 0.0820 	 for LO PDF set 

********************
* LO cross section *
********************
The limits of integration are:

xl[0]=0.000000    xu[0]=1.000000
xl[1]=0.000000    xu[1]=1.000000
xl[2]=0.000000    xu[2]=1.000000

num_dim=3, calls=2000, it_num=1, max_it_num=5 verb=0, alph=1.50,
mode=0, bins=50, boxes=1

       single.......iteration                   accumulated......results   
iteration     integral    sigma             integral         sigma     chi-sq/it

   1        1.1053e-05   4.24e-07          1.1053e-05      4.24e-07    0.00e+00
   2        1.2098e-05   1.43e-07          1.1991e-05      1.36e-07    5.46e+00
   3        1.2136e-05   7.35e-08          1.2103e-05      6.47e-08    3.17e+00
   4        1.2046e-05   6.82e-08          1.2076e-05      4.69e-08    2.24e+00
   5        1.2058e-05   6.63e-08          1.2070e-05      3.83e-08    1.69e+00

num_dim=3, calls=20000, it_num=1, max_it_num=5 verb=0, alph=1.50,
mode=0, bins=50, boxes=1

       single.......iteration                   accumulated......results   
iteration     integral    sigma             integral         sigma     chi-sq/it

   1        1.2126e-05   2.08e-08          1.2126e-05      2.08e-08    0.00e+00
   2        1.2109e-05   2.00e-08          1.2117e-05      1.44e-08    3.55e-01
   3        1.2120e-05   1.92e-08          1.2118e-05      1.15e-08    1.84e-01
   4        1.2118e-05   2.05e-08          1.2118e-05      1.00e-08    1.23e-01
   5        1.2078e-05   2.14e-08          1.2111e-05      9.08e-09    8.01e-01
   5        1.2068e-05   2.09e-08          1.2104e-05      8.33e-09    1.34e+00
   5        1.2104e-05   2.09e-08          1.2104e-05      7.74e-09    1.12e+00
   5        1.2066e-05   2.16e-08          1.2100e-05      7.28e-09    1.35e+00
   5        1.2097e-05   2.20e-08          1.2099e-05      6.91e-09    1.19e+00
   5        1.2070e-05   2.23e-08          1.2097e-05      6.60e-09    1.23e+00
   5        1.2102e-05   2.29e-08          1.2097e-05      6.35e-09    1.11e+00
   5        1.2105e-05   2.36e-08          1.2098e-05      6.13e-09    1.02e+00
   5        1.2123e-05   2.45e-08          1.2099e-05      5.94e-09    1.02e+00
   5        1.2111e-05   2.57e-08          1.2100e-05      5.79e-09    9.57e-01
   5        1.2131e-05   2.71e-08          1.2101e-05      5.66e-09    9.79e-01
   5        1.2083e-05   2.80e-08          1.2100e-05      5.55e-09    9.42e-01
   5        1.2061e-05   2.88e-08          1.2099e-05      5.45e-09    9.93e-01
   5        1.2129e-05   2.99e-08          1.2100e-05      5.36e-09    9.90e-01
   5        1.2129e-05   3.15e-08          1.2101e-05      5.29e-09    9.81e-01
   5        1.2114e-05   3.25e-08          1.2101e-05      5.22e-09    9.38e-01
   5        1.2051e-05   3.42e-08          1.2100e-05      5.16e-09    9.96e-01
   5        1.2117e-05   3.53e-08          1.2100e-05      5.10e-09    9.60e-01
   5        1.2118e-05   3.63e-08          1.2101e-05      5.05e-09    9.27e-01
   5        1.2131e-05   3.76e-08          1.2101e-05      5.01e-09    9.14e-01
   5        1.2132e-05   3.72e-08          1.2102e-05      4.96e-09    9.04e-01
   5        1.2055e-05   3.70e-08          1.2101e-05      4.92e-09    9.30e-01
   5        1.2160e-05   3.88e-08          1.2102e-05      4.88e-09    9.83e-01
   5        1.2094e-05   3.88e-08          1.2102e-05      4.84e-09    9.48e-01
   5        1.2106e-05   4.03e-08          1.2102e-05      4.81e-09    9.15e-01
   5        1.2117e-05   3.94e-08          1.2102e-05      4.77e-09    8.88e-01
   5        1.2103e-05   3.98e-08          1.2102e-05      4.74e-09    8.58e-01
   5        1.2113e-05   4.10e-08          1.2102e-05      4.71e-09    8.33e-01
   5        1.2142e-05   4.09e-08          1.2103e-05      4.68e-09    8.36e-01
   5        1.2079e-05   4.15e-08          1.2102e-05      4.65e-09    8.21e-01
   5        1.2042e-05   4.11e-08          1.2102e-05      4.62e-09    8.61e-01
   5        1.2148e-05   4.23e-08          1.2102e-05      4.59e-09    8.71e-01
   5        1.2012e-05   4.32e-08          1.2101e-05      4.57e-09    9.66e-01
   5        1.2044e-05   4.41e-08          1.2101e-05      4.54e-09    9.84e-01
   5        1.2106e-05   4.48e-08          1.2101e-05      4.52e-09    9.59e-01
   5        1.2086e-05   4.50e-08          1.2100e-05      4.50e-09    9.37e-01
   5        1.2090e-05   4.35e-08          1.2100e-05      4.47e-09    9.15e-01
   5        1.2061e-05   4.50e-08          1.2100e-05      4.45e-09    9.11e-01
   5        1.2231e-05   4.64e-08          1.2101e-05      4.43e-09    1.08e+00
   5        1.2127e-05   4.35e-08          1.2101e-05      4.41e-09    1.06e+00
   5        1.2043e-05   4.42e-08          1.2101e-05      4.38e-09    1.08e+00
   5        1.2092e-05   4.46e-08          1.2101e-05      4.36e-09    1.05e+00
   5        1.2157e-05   4.50e-08          1.2101e-05      4.34e-09    1.06e+00
   5        1.2001e-05   4.48e-08          1.2100e-05      4.32e-09    1.15e+00
   5        1.2194e-05   4.56e-08          1.2101e-05      4.30e-09    1.21e+00
   5        1.2178e-05   4.65e-08          1.2102e-05      4.29e-09    1.24e+00
   5        1.2099e-05   4.68e-08          1.2102e-05      4.27e-09    1.22e+00
   5        1.2047e-05   4.76e-08          1.2101e-05      4.25e-09    1.22e+00
   5        1.2110e-05   4.51e-08          1.2101e-05      4.23e-09    1.20e+00
   5        1.2143e-05   4.43e-08          1.2102e-05      4.21e-09    1.19e+00
   5        1.2148e-05   4.26e-08          1.2102e-05      4.19e-09    1.19e+00
LO = (1.2102305e-05 +- 4.1918856e-09) pb
LHAPDF 6.2.3 loading /pool/condor/dir_3939/resummino-releases/lhapdf-prefix/share/LHAPDF/PDF4LHC21_40/PDF4LHC21_40_0031.dat
PDF4LHC21_40 PDF set, member #31, version 1
 alpha_s(M_Z^2) = 0.1180 	 for NLO PDF set 
 alpha_s(1700.000^2) = 0.0820 	 for NLO PDF set 

********************
* LO cross section *
********************
The limits of integration are:

xl[0]=0.000000    xu[0]=1.000000
xl[1]=0.000000    xu[1]=1.000000
xl[2]=0.000000    xu[2]=1.000000

num_dim=3, calls=2000, it_num=1, max_it_num=5 verb=0, alph=1.50,
mode=0, bins=50, boxes=1

       single.......iteration                   accumulated......results   
iteration     integral    sigma             integral         sigma     chi-sq/it

   1        1.0650e-05   4.20e-07          1.0650e-05      4.20e-07    0.00e+00
   2        1.1677e-05   1.44e-07          1.1569e-05      1.36e-07    5.36e+00
   3        1.1716e-05   7.92e-08          1.1679e-05      6.85e-08    3.11e+00
   4        1.1632e-05   7.35e-08          1.1657e-05      5.01e-08    2.15e+00
   5        1.1633e-05   7.24e-08          1.1649e-05      4.12e-08    1.63e+00

num_dim=3, calls=20000, it_num=1, max_it_num=5 verb=0, alph=1.50,
mode=0, bins=50, boxes=1

       single.......iteration                   accumulated......results   
iteration     integral    sigma             integral         sigma     chi-sq/it

   1        1.1706e-05   2.21e-08          1.1706e-05      2.21e-08    0.00e+00
   2        1.1707e-05   2.14e-08          1.1707e-05      1.54e-08    2.19e-04
   3        1.1720e-05   2.09e-08          1.1711e-05      1.24e-08    1.38e-01
   4        1.1715e-05   2.21e-08          1.1712e-05      1.08e-08    9.71e-02
   5        1.1665e-05   2.23e-08          1.1703e-05      9.72e-09    9.61e-01
   5        1.1672e-05   2.21e-08          1.1698e-05      8.90e-09    1.10e+00
   5        1.1685e-05   2.25e-08          1.1697e-05      8.27e-09    9.68e-01
   5        1.1664e-05   2.27e-08          1.1693e-05      7.77e-09    1.09e+00
   5        1.1688e-05   2.33e-08          1.1692e-05      7.37e-09    9.59e-01
   5        1.1656e-05   2.38e-08          1.1689e-05      7.04e-09    1.08e+00
   5        1.1694e-05   2.43e-08          1.1689e-05      6.76e-09    9.78e-01
   5        1.1698e-05   2.49e-08          1.1690e-05      6.53e-09    9.00e-01
   5        1.1710e-05   2.60e-08          1.1691e-05      6.33e-09    8.71e-01
   5        1.1699e-05   2.73e-08          1.1692e-05      6.17e-09    8.10e-01
   5        1.1722e-05   2.86e-08          1.1693e-05      6.03e-09    8.29e-01
   5        1.1677e-05   2.93e-08          1.1692e-05      5.91e-09    7.92e-01
   5        1.1663e-05   2.98e-08          1.1691e-05      5.79e-09    7.99e-01
   5        1.1711e-05   3.09e-08          1.1692e-05      5.69e-09    7.75e-01
   5        1.1730e-05   3.25e-08          1.1693e-05      5.61e-09    8.06e-01
   5        1.1726e-05   3.28e-08          1.1694e-05      5.53e-09    8.14e-01
   5        1.1657e-05   3.41e-08          1.1693e-05      5.46e-09    8.31e-01
   5        1.1711e-05   3.58e-08          1.1693e-05      5.39e-09    8.04e-01
   5        1.1704e-05   3.60e-08          1.1694e-05      5.34e-09    7.71e-01
   5        1.1723e-05   3.66e-08          1.1694e-05      5.28e-09    7.64e-01
   5        1.1735e-05   3.76e-08          1.1695e-05      5.23e-09    7.80e-01
   5        1.1653e-05   3.64e-08          1.1694e-05      5.18e-09    8.02e-01
   5        1.1756e-05   3.78e-08          1.1695e-05      5.13e-09    8.73e-01
   5        1.1687e-05   3.80e-08          1.1695e-05      5.08e-09    8.42e-01
   5        1.1702e-05   3.95e-08          1.1695e-05      5.04e-09    8.13e-01
   5        1.1704e-05   3.85e-08          1.1695e-05      5.00e-09    7.87e-01
   5        1.1686e-05   3.87e-08          1.1695e-05      4.96e-09    7.62e-01
   5        1.1701e-05   4.00e-08          1.1695e-05      4.92e-09    7.38e-01
   5        1.1735e-05   3.95e-08          1.1696e-05      4.88e-09    7.47e-01
   5        1.1664e-05   4.01e-08          1.1696e-05      4.84e-09    7.43e-01
   5        1.1632e-05   3.93e-08          1.1695e-05      4.81e-09    7.96e-01
   5        1.1745e-05   4.04e-08          1.1695e-05      4.77e-09    8.17e-01
   5        1.1600e-05   4.15e-08          1.1694e-05      4.74e-09    9.40e-01
   5        1.1652e-05   4.26e-08          1.1694e-05      4.71e-09    9.41e-01
   5        1.1709e-05   4.30e-08          1.1694e-05      4.69e-09    9.19e-01
   5        1.1676e-05   4.36e-08          1.1694e-05      4.66e-09    9.00e-01
   5        1.1702e-05   4.30e-08          1.1694e-05      4.63e-09    8.79e-01
   5        1.1657e-05   4.38e-08          1.1693e-05      4.61e-09    8.74e-01
   5        1.1819e-05   4.54e-08          1.1695e-05      4.58e-09    1.03e+00
   5        1.1719e-05   4.28e-08          1.1695e-05      4.56e-09    1.02e+00
   5        1.1633e-05   4.36e-08          1.1694e-05      4.53e-09    1.04e+00
   5        1.1695e-05   4.39e-08          1.1694e-05      4.51e-09    1.02e+00
   5        1.1748e-05   4.47e-08          1.1695e-05      4.49e-09    1.02e+00
   5        1.1600e-05   4.43e-08          1.1694e-05      4.46e-09    1.10e+00
   5        1.1784e-05   4.52e-08          1.1695e-05      4.44e-09    1.16e+00
   5        1.1760e-05   4.60e-08          1.1695e-05      4.42e-09    1.18e+00
   5        1.1686e-05   4.61e-08          1.1695e-05      4.40e-09    1.15e+00
   5        1.1636e-05   4.66e-08          1.1695e-05      4.38e-09    1.16e+00
   5        1.1709e-05   4.52e-08          1.1695e-05      4.36e-09    1.14e+00
   5        1.1731e-05   4.60e-08          1.1695e-05      4.34e-09    1.13e+00
   5        1.1746e-05   4.39e-08          1.1696e-05      4.32e-09    1.14e+00
LO = (1.1695522e-05 +- 4.3197896e-09) pb

*******************************************
* virtual corrections + integrated dipole *
*******************************************
The limits of integration are:

xl[0]=0.000000    xu[0]=1.000000
xl[1]=0.000000    xu[1]=1.000000
xl[2]=0.000000    xu[2]=1.000000

num_dim=3, calls=240, it_num=1, max_it_num=5 verb=0, alph=1.50,
mode=0, bins=50, boxes=1

       single.......iteration                   accumulated......results   
iteration     integral    sigma             integral         sigma     chi-sq/it

   1        3.7550e-07   4.39e-08          3.7550e-07      4.39e-08    0.00e+00
   2        3.9442e-07   1.97e-08          3.9125e-07      1.80e-08    1.55e-01
   3        4.1230e-07   1.25e-08          4.0544e-07      1.03e-08    5.40e-01
   4        4.1703e-07   9.06e-09          4.1195e-07      6.79e-09    5.99e-01
   5        4.2117e-07   9.98e-09          4.1486e-07      5.61e-09    5.95e-01

num_dim=3, calls=1200, it_num=1, max_it_num=3 verb=0, alph=1.50,
mode=0, bins=50, boxes=1

       single.......iteration                   accumulated......results   
iteration     integral    sigma             integral         sigma     chi-sq/it

   1        3.9636e-07   4.24e-09          3.9636e-07      4.24e-09    0.00e+00
   2        4.0532e-07   3.51e-09          4.0168e-07      2.70e-09    2.65e+00
   3        4.0330e-07   3.48e-09          4.0229e-07      2.13e-09    1.39e+00
vNLO = (4.0228835e-07 +- 2.1328903e-09) pb

*****************************
* collinear remainder (P+K) *
*****************************
The limits of integration are:

xl[0]=0.000000    xu[0]=1.000000
xl[1]=0.000000    xu[1]=1.000000
xl[2]=0.000000    xu[2]=1.000000
xl[3]=0.000000    xu[3]=1.000000

num_dim=4, calls=2500, it_num=1, max_it_num=5 verb=0, alph=1.50,
mode=0, bins=50, boxes=1

       single.......iteration                   accumulated......results   
iteration     integral    sigma             integral         sigma     chi-sq/it

   1        2.1743e-06   1.45e-07          2.1743e-06      1.45e-07    0.00e+00
   2        2.1573e-06   3.87e-08          2.1584e-06      3.74e-08    1.29e-02
   3        2.0676e-06   2.68e-08          2.0983e-06      2.18e-08    1.95e+00
   4        2.1377e-06   2.26e-08          2.1173e-06      1.57e-08    1.83e+00
   5        2.1183e-06   2.21e-08          2.1176e-06      1.28e-08    1.37e+00

num_dim=4, calls=25000, it_num=1, max_it_num=3 verb=0, alph=1.50,
mode=0, bins=50, boxes=1

       single.......iteration                   accumulated......results   
iteration     integral    sigma             integral         sigma     chi-sq/it

   1        2.0934e-06   7.25e-09          2.0934e-06      7.25e-09    0.00e+00
   2        2.0986e-06   7.26e-09          2.0960e-06      5.13e-09    2.59e-01
   3        2.0926e-06   7.17e-09          2.0949e-06      4.17e-09    2.03e-01
   3        2.0921e-06   7.13e-09          2.0941e-06      3.60e-09    1.74e-01
   3        2.0826e-06   7.38e-09          2.0919e-06      3.24e-09    6.24e-01
P+K = (2.0919247e-06 +- 3.2361062e-09) pb

********************************
* real gluon emission - dipole *
********************************
The limits of integration are:

xl[0]=0.000000    xu[0]=1.000000
xl[1]=0.000000    xu[1]=1.000000
xl[2]=0.000000    xu[2]=1.000000
xl[3]=0.000000    xu[3]=1.000000
xl[4]=0.000000    xu[4]=1.000000
xl[5]=0.000000    xu[5]=1.000000

num_dim=6, calls=250, it_num=1, max_it_num=5 verb=0, alph=1.50,
mode=0, bins=50, boxes=1

       single.......iteration                   accumulated......results   
iteration     integral    sigma             integral         sigma     chi-sq/it

   1        -1.4427e-08   3.16e-09          -1.4427e-08      3.16e-09    0.00e+00
   2        -1.5599e-08   2.44e-09          -1.5161e-08      1.93e-09    8.61e-02
   3        -1.5697e-08   1.47e-09          -1.5502e-08      1.17e-09    6.75e-02
   4        -1.6499e-08   1.90e-09          -1.5774e-08      9.96e-10    1.11e-01
   5        -1.5307e-08   1.46e-09          -1.5627e-08      8.23e-10    1.01e-01

num_dim=6, calls=2500, it_num=1, max_it_num=3 verb=0, alph=1.50,
mode=0, bins=50, boxes=1

       single.......iteration                   accumulated......results   
iteration     integral    sigma             integral         sigma     chi-sq/it

   1        -1.7225e-08   5.54e-10          -1.7225e-08      5.54e-10    0.00e+00
   2        -1.6406e-08   2.71e-10          -1.6565e-08      2.44e-10    1.76e+00
   3        -1.6535e-08   1.92e-10          -1.6546e-08      1.51e-10    8.87e-01
rNLOg = (-1.6546153e-08 +- 1.5084768e-10) pb

**************************************************
* real light quark emission - dipole - (onshell) *
**************************************************
The limits of integration are:

xl[0]=0.000000    xu[0]=1.000000
xl[1]=0.000000    xu[1]=1.000000
xl[2]=0.000000    xu[2]=1.000000
xl[3]=0.000000    xu[3]=1.000000
xl[4]=0.000000    xu[4]=1.000000
xl[5]=0.000000    xu[5]=1.000000

num_dim=6, calls=5000, it_num=1, max_it_num=5 verb=0, alph=1.50,
mode=0, bins=50, boxes=1

       single.......iteration                   accumulated......results   
iteration     integral    sigma             integral         sigma     chi-sq/it

   1        3.8999e-08   1.88e-09          3.8999e-08      1.88e-09    0.00e+00
   2        3.8840e-08   1.04e-09          3.8878e-08      9.09e-10    5.46e-03
   3        3.8803e-08   5.91e-10          3.8825e-08      4.96e-10    5.12e-03
   4        3.8724e-08   2.93e-10          3.8750e-08      2.52e-10    1.36e-02
   5        3.8724e-08   2.23e-10          3.8735e-08      1.67e-10    1.18e-02

num_dim=6, calls=50000, it_num=1, max_it_num=5 verb=0, alph=1.50,
mode=0, bins=50, boxes=1

       single.......iteration                   accumulated......results   
iteration     integral    sigma             integral         sigma     chi-sq/it

   1        3.8585e-08   6.62e-11          3.8585e-08      6.62e-11    0.00e+00
   2        3.8643e-08   9.10e-11          3.8605e-08      5.35e-11    2.61e-01
   3        3.8725e-08   9.31e-11          3.8635e-08      4.64e-11    7.53e-01
   4        3.8653e-08   7.24e-11          3.8640e-08      3.91e-11    5.17e-01
   5        3.8677e-08   7.67e-11          3.8648e-08      3.48e-11    4.34e-01
   5        3.8595e-08   6.59e-11          3.8636e-08      3.08e-11    4.46e-01
   5        3.8480e-08   6.12e-11          3.8605e-08      2.75e-11    1.24e+00
rNLOq = (3.8604784e-08 +- 2.7497038e-11) pb
NLO = (1.4211794e-05 +- 5.8056609e-09) pb
#chisq/dof = 1.98931e-09
#status = success
#chisq/dof = 8.68171e-10
#status = success
#chisq/dof = 1.14456e-09
#status = success
#chisq/dof = 3.50569e-09
#status = success
#chisq/dof = 1.084e-10
#status = success
#chisq/dof = 3.37423e-12
#status = success
#chisq/dof = 2.03467e-10
#status = success
#chisq/dof = 1.50865e-11
#status = success

*******************************************************
* threshold resummation (unimproved nnll) - expansion *
*******************************************************
The limits of integration are:

xl[0]=0.000000    xu[0]=1.000000
xl[1]=0.000000    xu[1]=1.000000
xl[2]=0.000000    xu[2]=1.000000

num_dim=3, calls=7000, it_num=1, max_it_num=5 verb=0, alph=1.50,
mode=0, bins=50, boxes=1

       single.......iteration                   accumulated......results   
iteration     integral    sigma             integral         sigma     chi-sq/it

   1        3.2298e-07   1.75e-08          3.2298e-07      1.75e-08    0.00e+00
   2        3.1267e-07   1.29e-08          3.1629e-07      1.04e-08    2.24e-01
   3        2.9046e-07   1.22e-08          3.0542e-07      7.91e-09    1.41e+00
   4        3.3574e-07   1.21e-08          3.1450e-07      6.62e-09    2.41e+00
   5        3.2557e-07   1.20e-08          3.1710e-07      5.79e-09    1.97e+00

num_dim=3, calls=35000, it_num=1, max_it_num=5 verb=0, alph=1.50,
mode=0, bins=50, boxes=1

       single.......iteration                   accumulated......results   
iteration     integral    sigma             integral         sigma     chi-sq/it

   1        3.1658e-07   5.35e-09          3.1658e-07      5.35e-09    0.00e+00
   2        3.2954e-07   5.31e-09          3.2311e-07      3.77e-09    2.96e+00
   3        3.2464e-07   5.33e-09          3.2362e-07      3.08e-09    1.51e+00
   4        3.1180e-07   5.35e-09          3.2068e-07      2.67e-09    2.23e+00
   5        3.2281e-07   5.33e-09          3.2111e-07      2.38e-09    1.70e+00
   5        3.2339e-07   5.32e-09          3.2149e-07      2.18e-09    1.39e+00
aNNLO+NNLL = (1.4533283e-05 +- 6.2000540e-09) pb

Results:
LO = (1.2102305e-05 +- 4.1918856e-09) pb
NLO = (1.4211794e-05 +- 5.8056609e-09) pb
aNNLO+NNLL = (1.4533283e-05 +- 6.2000540e-09) pb
Thanks for using LHAPDF 6.2.3. Please make sure to cite the paper:
  Eur.Phys.J. C75 (2015) 3, 132  (http://arxiv.org/abs/1412.7420)
 ====================================================
   FF 2.0, a package to evaluate one-loop integrals
 written by G. J. van Oldenborgh, NIKHEF-H, Amsterdam
 ====================================================
 for the algorithms used see preprint NIKHEF-H 89/17,
 'New Algorithms for One-loop Integrals', by G.J. van
 Oldenborgh and J.A.M. Vermaseren, published in 
 Zeitschrift fuer Physik C46(1990)425.
 ====================================================
 
total number of errors and warnings
===================================
fferr: no errors
 
