
  Welcome to Resummino git-latest
  Copyright 2008-2010 Jonathan Debove.
  Copyright 2011-2014 David R. Lamprea.
  Copyright 2011-2016 Marcel Rothering.

  Licensed under the EUPL 1.1 or later.
  See http://www.resummino.org/ for more information.

  If using Resummino for slepton pair production, please cite.
  - G. Bozzi, B. Fuks, M. Klasen, PRD 74, 015001 (2006); NPB 777, 157 (2007); NPB 794, 46 (2007).
  - B. Fuks, M. Klasen, D. R. Lamprea, M. Rothering, EPJC 73, 2480 (2013).

  For gaugino pair production, please cite:
  - J. Debove, B. Fuks, M. Klasen, PLB 688, 208 (2010); NPB 842, 51 (2011); NPB 849, 64 (2011).
  - B. Fuks, M. Klasen, D. R. Lamprea, M. Rothering, JHEP 1210, 081 (2012); EPJC 73, 2480 (2013).

  For associated gaugino gluino production, please cite:
  - B. Fuks, M. Klasen, M. Rothering, JHEP 07:053, (2016).
  - B. Fuks, M. Klasen, D. R. Lamprea, M. Rothering, EPJC 73, 2480 (2013).

LHAPDF 6.2.3 loading /pool/condor/dir_6937/resummino-releases/lhapdf-prefix/share/LHAPDF/PDF4LHC21_40/PDF4LHC21_40_0000.dat
PDF4LHC21_40 PDF set, member #0, version 1
 alpha_s(M_Z^2) = 0.1180 	 for LO PDF set 
 alpha_s(1000.000^2) = 0.0868 	 for LO PDF set 

********************
* LO cross section *
********************
The limits of integration are:

xl[0]=0.000000    xu[0]=1.000000
xl[1]=0.000000    xu[1]=1.000000
xl[2]=0.000000    xu[2]=1.000000

num_dim=3, calls=2000, it_num=1, max_it_num=5 verb=0, alph=1.50,
mode=0, bins=50, boxes=1

       single.......iteration                   accumulated......results   
iteration     integral    sigma             integral         sigma     chi-sq/it

   1        4.8218e-04   1.91e-05          4.8218e-04      1.91e-05    0.00e+00
   2        5.2663e-04   6.36e-06          5.2220e-04      6.03e-06    4.86e+00
   3        5.2870e-04   3.42e-06          5.2712e-04      2.98e-06    2.87e+00
   4        5.2440e-04   3.19e-06          5.2586e-04      2.18e-06    2.04e+00
   5        5.2490e-04   3.22e-06          5.2556e-04      1.80e-06    1.55e+00

num_dim=3, calls=20000, it_num=1, max_it_num=5 verb=0, alph=1.50,
mode=0, bins=50, boxes=1

       single.......iteration                   accumulated......results   
iteration     integral    sigma             integral         sigma     chi-sq/it

   1        5.2845e-04   9.95e-07          5.2845e-04      9.95e-07    0.00e+00
   2        5.2772e-04   9.62e-07          5.2807e-04      6.92e-07    2.81e-01
   3        5.2803e-04   9.32e-07          5.2805e-04      5.55e-07    1.41e-01
   4        5.2810e-04   9.92e-07          5.2806e-04      4.85e-07    9.47e-02
   5        5.2632e-04   1.01e-06          5.2774e-04      4.37e-07    6.80e-01
   5        5.2584e-04   9.99e-07          5.2743e-04      4.00e-07    1.15e+00
   5        5.2704e-04   9.93e-07          5.2738e-04      3.71e-07    9.81e-01
   5        5.2579e-04   1.02e-06          5.2719e-04      3.49e-07    1.14e+00
   5        5.2693e-04   1.04e-06          5.2717e-04      3.31e-07    1.01e+00
   5        5.2557e-04   1.06e-06          5.2703e-04      3.16e-07    1.13e+00
   5        5.2740e-04   1.08e-06          5.2705e-04      3.03e-07    1.02e+00
   5        5.2727e-04   1.11e-06          5.2707e-04      2.92e-07    9.34e-01
   5        5.2814e-04   1.15e-06          5.2714e-04      2.83e-07    9.25e-01
   5        5.2797e-04   1.21e-06          5.2718e-04      2.76e-07    8.88e-01
   5        5.2861e-04   1.26e-06          5.2724e-04      2.69e-07    9.13e-01
   5        5.2645e-04   1.29e-06          5.2721e-04      2.64e-07    8.76e-01
   5        5.2577e-04   1.33e-06          5.2716e-04      2.59e-07    8.92e-01
   5        5.2823e-04   1.37e-06          5.2719e-04      2.54e-07    8.74e-01
   5        5.2863e-04   1.45e-06          5.2724e-04      2.50e-07    8.79e-01
   5        5.2835e-04   1.48e-06          5.2727e-04      2.47e-07    8.62e-01
   5        5.2479e-04   1.53e-06          5.2720e-04      2.44e-07    9.46e-01
   5        5.2841e-04   1.59e-06          5.2723e-04      2.41e-07    9.28e-01
   5        5.2789e-04   1.61e-06          5.2725e-04      2.38e-07    8.93e-01
   5        5.2852e-04   1.65e-06          5.2727e-04      2.36e-07    8.80e-01
   5        5.2890e-04   1.66e-06          5.2730e-04      2.33e-07    8.82e-01
   5        5.2519e-04   1.63e-06          5.2726e-04      2.31e-07    9.13e-01
   5        5.3002e-04   1.70e-06          5.2731e-04      2.29e-07    9.78e-01
   5        5.2699e-04   1.71e-06          5.2731e-04      2.27e-07    9.43e-01
   5        5.2784e-04   1.78e-06          5.2732e-04      2.25e-07    9.13e-01
   5        5.2786e-04   1.72e-06          5.2732e-04      2.23e-07    8.85e-01
   5        5.2710e-04   1.73e-06          5.2732e-04      2.21e-07    8.56e-01
   5        5.2769e-04   1.79e-06          5.2733e-04      2.20e-07    8.29e-01
   5        5.2903e-04   1.79e-06          5.2735e-04      2.18e-07    8.32e-01
   5        5.2623e-04   1.80e-06          5.2734e-04      2.16e-07    8.18e-01
   5        5.2430e-04   1.78e-06          5.2729e-04      2.15e-07    8.79e-01
   5        5.2943e-04   1.83e-06          5.2732e-04      2.13e-07    8.92e-01
   5        5.2375e-04   1.89e-06          5.2728e-04      2.12e-07    9.65e-01
   5        5.2547e-04   1.95e-06          5.2725e-04      2.11e-07    9.62e-01
   5        5.2764e-04   1.96e-06          5.2726e-04      2.10e-07    9.38e-01
   5        5.2646e-04   1.96e-06          5.2725e-04      2.08e-07    9.18e-01
   5        5.2683e-04   1.93e-06          5.2724e-04      2.07e-07    8.96e-01
   5        5.2549e-04   1.98e-06          5.2723e-04      2.06e-07    8.93e-01
   5        5.3293e-04   2.05e-06          5.2728e-04      2.05e-07    1.05e+00
   5        5.2831e-04   1.88e-06          5.2729e-04      2.04e-07    1.04e+00
   5        5.2433e-04   1.90e-06          5.2726e-04      2.03e-07    1.07e+00
   5        5.2703e-04   1.91e-06          5.2726e-04      2.02e-07    1.04e+00
   5        5.2950e-04   1.94e-06          5.2728e-04      2.00e-07    1.05e+00
   5        5.2312e-04   1.94e-06          5.2724e-04      1.99e-07    1.12e+00
   5        5.3112e-04   1.96e-06          5.2728e-04      1.98e-07    1.18e+00
   5        5.3036e-04   2.03e-06          5.2731e-04      1.97e-07    1.20e+00
   5        5.2706e-04   2.02e-06          5.2730e-04      1.96e-07    1.18e+00
   5        5.2500e-04   2.05e-06          5.2728e-04      1.96e-07    1.18e+00
   5        5.2788e-04   1.97e-06          5.2729e-04      1.95e-07    1.16e+00
   5        5.2900e-04   2.00e-06          5.2731e-04      1.94e-07    1.15e+00
   5        5.2920e-04   1.90e-06          5.2733e-04      1.93e-07    1.15e+00
LO = (5.2732503e-04 +- 1.9272804e-07) pb
LHAPDF 6.2.3 loading /pool/condor/dir_6937/resummino-releases/lhapdf-prefix/share/LHAPDF/PDF4LHC21_40/PDF4LHC21_40_0001.dat
PDF4LHC21_40 PDF set, member #1, version 1
 alpha_s(M_Z^2) = 0.1180 	 for NLO PDF set 
 alpha_s(1000.000^2) = 0.0868 	 for NLO PDF set 

********************
* LO cross section *
********************
The limits of integration are:

xl[0]=0.000000    xu[0]=1.000000
xl[1]=0.000000    xu[1]=1.000000
xl[2]=0.000000    xu[2]=1.000000

num_dim=3, calls=2000, it_num=1, max_it_num=5 verb=0, alph=1.50,
mode=0, bins=50, boxes=1

       single.......iteration                   accumulated......results   
iteration     integral    sigma             integral         sigma     chi-sq/it

   1        4.7520e-04   1.89e-05          4.7520e-04      1.89e-05    0.00e+00
   2        5.1852e-04   6.28e-06          5.1421e-04      5.96e-06    4.73e+00
   3        5.2082e-04   3.42e-06          5.1918e-04      2.97e-06    2.83e+00
   4        5.1664e-04   3.21e-06          5.1801e-04      2.18e-06    2.00e+00
   5        5.1678e-04   3.28e-06          5.1763e-04      1.81e-06    1.52e+00

num_dim=3, calls=20000, it_num=1, max_it_num=5 verb=0, alph=1.50,
mode=0, bins=50, boxes=1

       single.......iteration                   accumulated......results   
iteration     integral    sigma             integral         sigma     chi-sq/it

   1        5.2059e-04   1.01e-06          5.2059e-04      1.01e-06    0.00e+00
   2        5.1997e-04   9.71e-07          5.2027e-04      6.99e-07    1.93e-01
   3        5.2028e-04   9.42e-07          5.2027e-04      5.61e-07    9.68e-02
   4        5.2033e-04   1.00e-06          5.2029e-04      4.90e-07    6.55e-02
   5        5.1858e-04   1.01e-06          5.1996e-04      4.41e-07    6.27e-01
   5        5.1810e-04   1.01e-06          5.1966e-04      4.04e-07    1.07e+00
   5        5.1915e-04   1.00e-06          5.1959e-04      3.75e-07    9.33e-01
   5        5.1807e-04   1.03e-06          5.1941e-04      3.52e-07    1.07e+00
   5        5.1911e-04   1.05e-06          5.1938e-04      3.34e-07    9.50e-01
   5        5.1765e-04   1.07e-06          5.1923e-04      3.19e-07    1.11e+00
   5        5.1962e-04   1.08e-06          5.1926e-04      3.06e-07    1.01e+00
   5        5.1949e-04   1.11e-06          5.1928e-04      2.95e-07    9.22e-01
   5        5.2034e-04   1.15e-06          5.1934e-04      2.85e-07    9.11e-01
   5        5.2018e-04   1.21e-06          5.1939e-04      2.78e-07    8.76e-01
   5        5.2078e-04   1.26e-06          5.1945e-04      2.71e-07    8.97e-01
   5        5.1865e-04   1.30e-06          5.1942e-04      2.66e-07    8.61e-01
   5        5.1803e-04   1.33e-06          5.1936e-04      2.60e-07    8.73e-01
   5        5.2029e-04   1.37e-06          5.1940e-04      2.56e-07    8.47e-01
   5        5.2087e-04   1.45e-06          5.1944e-04      2.52e-07    8.56e-01
   5        5.2072e-04   1.47e-06          5.1948e-04      2.48e-07    8.49e-01
   5        5.1710e-04   1.52e-06          5.1942e-04      2.45e-07    9.26e-01
   5        5.2062e-04   1.59e-06          5.1944e-04      2.42e-07    9.08e-01
   5        5.2009e-04   1.60e-06          5.1946e-04      2.39e-07    8.74e-01
   5        5.2070e-04   1.64e-06          5.1948e-04      2.37e-07    8.61e-01
   5        5.2115e-04   1.65e-06          5.1952e-04      2.35e-07    8.66e-01
   5        5.1737e-04   1.62e-06          5.1947e-04      2.32e-07    9.01e-01
   5        5.2224e-04   1.69e-06          5.1952e-04      2.30e-07    9.68e-01
   5        5.1922e-04   1.69e-06          5.1952e-04      2.28e-07    9.33e-01
   5        5.2003e-04   1.77e-06          5.1953e-04      2.26e-07    9.03e-01
   5        5.2004e-04   1.71e-06          5.1954e-04      2.24e-07    8.75e-01
   5        5.1929e-04   1.72e-06          5.1953e-04      2.22e-07    8.46e-01
   5        5.1985e-04   1.77e-06          5.1954e-04      2.20e-07    8.20e-01
   5        5.2120e-04   1.77e-06          5.1956e-04      2.19e-07    8.22e-01
   5        5.1841e-04   1.79e-06          5.1955e-04      2.17e-07    8.09e-01
   5        5.1649e-04   1.76e-06          5.1950e-04      2.16e-07    8.73e-01
   5        5.2167e-04   1.81e-06          5.1953e-04      2.14e-07    8.88e-01
   5        5.1599e-04   1.88e-06          5.1948e-04      2.13e-07    9.61e-01
   5        5.1779e-04   1.93e-06          5.1946e-04      2.11e-07    9.56e-01
   5        5.1987e-04   1.94e-06          5.1947e-04      2.10e-07    9.32e-01
   5        5.1859e-04   1.94e-06          5.1946e-04      2.09e-07    9.13e-01
   5        5.1905e-04   1.93e-06          5.1945e-04      2.08e-07    8.92e-01
   5        5.1777e-04   1.96e-06          5.1944e-04      2.07e-07    8.88e-01
   5        5.2504e-04   2.02e-06          5.1949e-04      2.05e-07    1.05e+00
   5        5.2051e-04   1.85e-06          5.1951e-04      2.04e-07    1.03e+00
   5        5.1650e-04   1.87e-06          5.1947e-04      2.03e-07    1.06e+00
   5        5.1928e-04   1.89e-06          5.1947e-04      2.02e-07    1.04e+00
   5        5.2170e-04   1.93e-06          5.1949e-04      2.01e-07    1.05e+00
   5        5.1535e-04   1.93e-06          5.1945e-04      2.00e-07    1.12e+00
   5        5.2338e-04   1.95e-06          5.1949e-04      1.99e-07    1.18e+00
   5        5.2244e-04   2.02e-06          5.1952e-04      1.98e-07    1.20e+00
   5        5.1913e-04   2.02e-06          5.1951e-04      1.97e-07    1.18e+00
   5        5.1718e-04   2.05e-06          5.1949e-04      1.96e-07    1.18e+00
   5        5.2003e-04   1.94e-06          5.1950e-04      1.95e-07    1.16e+00
   5        5.2106e-04   1.95e-06          5.1951e-04      1.94e-07    1.15e+00
   5        5.2157e-04   1.86e-06          5.1953e-04      1.93e-07    1.15e+00
LO = (5.1953439e-04 +- 1.9282616e-07) pb

*******************************************
* virtual corrections + integrated dipole *
*******************************************
The limits of integration are:

xl[0]=0.000000    xu[0]=1.000000
xl[1]=0.000000    xu[1]=1.000000
xl[2]=0.000000    xu[2]=1.000000

num_dim=3, calls=240, it_num=1, max_it_num=5 verb=0, alph=1.50,
mode=0, bins=50, boxes=1

       single.......iteration                   accumulated......results   
iteration     integral    sigma             integral         sigma     chi-sq/it

   1        1.7869e-05   2.11e-06          1.7869e-05      2.11e-06    0.00e+00
   2        1.8670e-05   9.01e-07          1.8547e-05      8.29e-07    1.22e-01
   3        1.9392e-05   5.90e-07          1.9108e-05      4.81e-07    4.06e-01
   4        1.9562e-05   4.86e-07          1.9332e-05      3.42e-07    4.18e-01
   5        1.9938e-05   4.56e-07          1.9550e-05      2.73e-07    5.95e-01

num_dim=3, calls=1200, it_num=1, max_it_num=3 verb=0, alph=1.50,
mode=0, bins=50, boxes=1

       single.......iteration                   accumulated......results   
iteration     integral    sigma             integral         sigma     chi-sq/it

   1        1.8668e-05   1.95e-07          1.8668e-05      1.95e-07    0.00e+00
   2        1.9083e-05   1.66e-07          1.8908e-05      1.26e-07    2.63e+00
   3        1.9008e-05   1.59e-07          1.8947e-05      9.88e-08    1.43e+00
vNLO = (1.8947037e-05 +- 9.8817200e-08) pb

*****************************
* collinear remainder (P+K) *
*****************************
The limits of integration are:

xl[0]=0.000000    xu[0]=1.000000
xl[1]=0.000000    xu[1]=1.000000
xl[2]=0.000000    xu[2]=1.000000
xl[3]=0.000000    xu[3]=1.000000

num_dim=4, calls=2500, it_num=1, max_it_num=5 verb=0, alph=1.50,
mode=0, bins=50, boxes=1

       single.......iteration                   accumulated......results   
iteration     integral    sigma             integral         sigma     chi-sq/it

   1        7.3699e-05   5.53e-06          7.3699e-05      5.53e-06    0.00e+00
   2        7.3835e-05   1.59e-06          7.3825e-05      1.53e-06    5.59e-04
   3        7.0189e-05   1.23e-06          7.1625e-05      9.60e-07    1.72e+00
   4        7.2116e-05   1.07e-06          7.1845e-05      7.13e-07    1.18e+00
   5        7.1925e-05   1.05e-06          7.1871e-05      5.90e-07    8.88e-01

num_dim=4, calls=25000, it_num=1, max_it_num=3 verb=0, alph=1.50,
mode=0, bins=50, boxes=1

       single.......iteration                   accumulated......results   
iteration     integral    sigma             integral         sigma     chi-sq/it

   1        7.0690e-05   3.43e-07          7.0690e-05      3.43e-07    0.00e+00
   2        7.0415e-05   3.49e-07          7.0555e-05      2.45e-07    3.17e-01
   3        7.0291e-05   3.45e-07          7.0466e-05      1.99e-07    3.52e-01
   3        7.0525e-05   3.45e-07          7.0481e-05      1.73e-07    2.42e-01
   3        7.0125e-05   3.51e-07          7.0412e-05      1.55e-07    3.88e-01
   3        6.9970e-05   3.48e-07          7.0339e-05      1.42e-07    5.79e-01
P+K = (7.0338587e-05 +- 1.4155734e-07) pb

********************************
* real gluon emission - dipole *
********************************
The limits of integration are:

xl[0]=0.000000    xu[0]=1.000000
xl[1]=0.000000    xu[1]=1.000000
xl[2]=0.000000    xu[2]=1.000000
xl[3]=0.000000    xu[3]=1.000000
xl[4]=0.000000    xu[4]=1.000000
xl[5]=0.000000    xu[5]=1.000000

num_dim=6, calls=250, it_num=1, max_it_num=5 verb=0, alph=1.50,
mode=0, bins=50, boxes=1

       single.......iteration                   accumulated......results   
iteration     integral    sigma             integral         sigma     chi-sq/it

   1        -1.1314e-06   2.48e-07          -1.1314e-06      2.48e-07    0.00e+00
   2        -1.3315e-06   2.66e-07          -1.2247e-06      1.81e-07    3.03e-01
   3        -1.3514e-06   1.80e-07          -1.2886e-06      1.28e-07    2.75e-01
   4        -1.5771e-06   2.80e-07          -1.3384e-06      1.16e-07    4.77e-01
   5        -1.5632e-06   1.92e-07          -1.3984e-06      9.95e-08    6.07e-01

num_dim=6, calls=2500, it_num=1, max_it_num=3 verb=0, alph=1.50,
mode=0, bins=50, boxes=1

       single.......iteration                   accumulated......results   
iteration     integral    sigma             integral         sigma     chi-sq/it

   1        -1.3390e-06   5.11e-08          -1.3390e-06      5.11e-08    0.00e+00
   2        -1.3331e-06   2.39e-08          -1.3341e-06      2.16e-08    1.12e-02
   3        -1.3225e-06   1.53e-08          -1.3264e-06      1.25e-08    1.02e-01
   3        -1.3233e-06   1.33e-08          -1.3249e-06      9.12e-09    7.77e-02
   3        -1.3376e-06   1.19e-08          -1.3296e-06      7.24e-09    2.36e-01
   3        -1.3140e-06   1.14e-08          -1.3251e-06      6.12e-09    4.53e-01
   3        -1.3185e-06   1.20e-08          -1.3238e-06      5.45e-09    4.19e-01
   3        -1.3301e-06   1.14e-08          -1.3249e-06      4.91e-09    3.95e-01
   3        -1.3174e-06   1.07e-08          -1.3236e-06      4.46e-09    3.98e-01
   3        -1.3310e-06   1.08e-08          -1.3247e-06      4.12e-09    3.98e-01
   3        -1.3176e-06   1.08e-08          -1.3238e-06      3.85e-09    3.97e-01
   3        -1.3081e-06   1.11e-08          -1.3221e-06      3.64e-09    5.23e-01
rNLOg = (-1.3221130e-06 +- 3.6400538e-09) pb

**************************************************
* real light quark emission - dipole - (onshell) *
**************************************************
The limits of integration are:

xl[0]=0.000000    xu[0]=1.000000
xl[1]=0.000000    xu[1]=1.000000
xl[2]=0.000000    xu[2]=1.000000
xl[3]=0.000000    xu[3]=1.000000
xl[4]=0.000000    xu[4]=1.000000
xl[5]=0.000000    xu[5]=1.000000

num_dim=6, calls=5000, it_num=1, max_it_num=5 verb=0, alph=1.50,
mode=0, bins=50, boxes=1

       single.......iteration                   accumulated......results   
iteration     integral    sigma             integral         sigma     chi-sq/it

   1        3.3967e-06   1.75e-07          3.3967e-06      1.75e-07    0.00e+00
   2        3.3802e-06   6.38e-08          3.3822e-06      6.00e-08    7.82e-03
   3        3.3601e-06   3.59e-08          3.3659e-06      3.08e-08    5.37e-02
   4        3.3728e-06   2.35e-08          3.3702e-06      1.87e-08    4.62e-02
   5        3.3772e-06   1.99e-08          3.3735e-06      1.36e-08    5.11e-02

num_dim=6, calls=50000, it_num=1, max_it_num=5 verb=0, alph=1.50,
mode=0, bins=50, boxes=1

       single.......iteration                   accumulated......results   
iteration     integral    sigma             integral         sigma     chi-sq/it

   1        3.3714e-06   6.09e-09          3.3714e-06      6.09e-09    0.00e+00
   2        3.3797e-06   7.56e-09          3.3747e-06      4.74e-09    7.31e-01
   3        3.3852e-06   8.00e-09          3.3774e-06      4.08e-09    1.00e+00
   4        3.3803e-06   6.59e-09          3.3782e-06      3.47e-09    7.15e-01
   5        3.3824e-06   7.21e-09          3.3790e-06      3.13e-09    6.04e-01
rNLOq = (3.3790198e-06 +- 3.1252820e-09) pb
NLO = (6.1087692e-04 +- 2.5885955e-07) pb
#chisq/dof = 2.33674e-09
#status = success
#chisq/dof = 8.20572e-09
#status = success
#chisq/dof = 1.34516e-09
#status = success
#chisq/dof = 4.30997e-09
#status = success
#chisq/dof = 3.58258e-10
#status = success
#chisq/dof = 3.43327e-12
#status = success
#chisq/dof = 3.61808e-10
#status = success
#chisq/dof = 1.68955e-10
#status = success

*******************************************************
* threshold resummation (unimproved nnll) - expansion *
*******************************************************
The limits of integration are:

xl[0]=0.000000    xu[0]=1.000000
xl[1]=0.000000    xu[1]=1.000000
xl[2]=0.000000    xu[2]=1.000000

num_dim=3, calls=7000, it_num=1, max_it_num=5 verb=0, alph=1.50,
mode=0, bins=50, boxes=1

       single.......iteration                   accumulated......results   
iteration     integral    sigma             integral         sigma     chi-sq/it

   1        8.0883e-06   8.18e-07          8.0883e-06      8.18e-07    0.00e+00
   2        7.4901e-06   4.51e-07          7.6293e-06      3.95e-07    4.10e-01
   3        6.2948e-06   4.34e-07          7.0247e-06      2.92e-07    2.79e+00
   4        7.2813e-06   4.32e-07          7.1052e-06      2.42e-07    1.94e+00
   5        6.0591e-06   4.31e-07          6.8549e-06      2.11e-07    2.58e+00

num_dim=3, calls=35000, it_num=1, max_it_num=5 verb=0, alph=1.50,
mode=0, bins=50, boxes=1

       single.......iteration                   accumulated......results   
iteration     integral    sigma             integral         sigma     chi-sq/it

   1        7.0312e-06   1.91e-07          7.0312e-06      1.91e-07    0.00e+00
   2        7.0152e-06   1.93e-07          7.0233e-06      1.36e-07    3.45e-03
   3        7.0826e-06   1.92e-07          7.0430e-06      1.11e-07    3.36e-02
   4        7.0743e-06   1.92e-07          7.0508e-06      9.59e-08    2.90e-02
   5        6.8800e-06   1.92e-07          7.0166e-06      8.58e-08    1.81e-01
   5        6.9845e-06   1.91e-07          7.0112e-06      7.82e-08    1.49e-01
   5        7.2307e-06   1.91e-07          7.0427e-06      7.24e-08    3.13e-01
   5        7.2440e-06   1.91e-07          7.0679e-06      6.77e-08    4.06e-01
   5        7.1107e-06   1.95e-07          7.0725e-06      6.40e-08    3.61e-01
   5        6.7645e-06   1.92e-07          7.0417e-06      6.07e-08    5.78e-01
aNNLO+NNLL = (6.1791863e-04 +- 2.6587727e-07) pb

Results:
LO = (5.2732503e-04 +- 1.9272804e-07) pb
NLO = (6.1087692e-04 +- 2.5885955e-07) pb
aNNLO+NNLL = (6.1791863e-04 +- 2.6587727e-07) pb
Thanks for using LHAPDF 6.2.3. Please make sure to cite the paper:
  Eur.Phys.J. C75 (2015) 3, 132  (http://arxiv.org/abs/1412.7420)
 ====================================================
   FF 2.0, a package to evaluate one-loop integrals
 written by G. J. van Oldenborgh, NIKHEF-H, Amsterdam
 ====================================================
 for the algorithms used see preprint NIKHEF-H 89/17,
 'New Algorithms for One-loop Integrals', by G.J. van
 Oldenborgh and J.A.M. Vermaseren, published in 
 Zeitschrift fuer Physik C46(1990)425.
 ====================================================
 
total number of errors and warnings
===================================
fferr: no errors
 
