
  Welcome to Resummino git-latest
  Copyright 2008-2010 Jonathan Debove.
  Copyright 2011-2014 David R. Lamprea.
  Copyright 2011-2016 Marcel Rothering.

  Licensed under the EUPL 1.1 or later.
  See http://www.resummino.org/ for more information.

  If using Resummino for slepton pair production, please cite.
  - G. Bozzi, B. Fuks, M. Klasen, PRD 74, 015001 (2006); NPB 777, 157 (2007); NPB 794, 46 (2007).
  - B. Fuks, M. Klasen, D. R. Lamprea, M. Rothering, EPJC 73, 2480 (2013).

  For gaugino pair production, please cite:
  - J. Debove, B. Fuks, M. Klasen, PLB 688, 208 (2010); NPB 842, 51 (2011); NPB 849, 64 (2011).
  - B. Fuks, M. Klasen, D. R. Lamprea, M. Rothering, JHEP 1210, 081 (2012); EPJC 73, 2480 (2013).

  For associated gaugino gluino production, please cite:
  - B. Fuks, M. Klasen, M. Rothering, JHEP 07:053, (2016).
  - B. Fuks, M. Klasen, D. R. Lamprea, M. Rothering, EPJC 73, 2480 (2013).

LHAPDF 6.2.3 loading /pool/condor/dir_12347/resummino-releases/lhapdf-prefix/share/LHAPDF/PDF4LHC21_40/PDF4LHC21_40_0000.dat
PDF4LHC21_40 PDF set, member #0, version 1
 alpha_s(M_Z^2) = 0.1180 	 for LO PDF set 
 alpha_s(400.000^2) = 0.0965 	 for LO PDF set 

********************
* LO cross section *
********************
The limits of integration are:

xl[0]=0.000000    xu[0]=1.000000
xl[1]=0.000000    xu[1]=1.000000
xl[2]=0.000000    xu[2]=1.000000

num_dim=3, calls=2000, it_num=1, max_it_num=5 verb=0, alph=1.50,
mode=0, bins=50, boxes=1

       single.......iteration                   accumulated......results   
iteration     integral    sigma             integral         sigma     chi-sq/it

   1        4.8642e-02   1.88e-03          4.8642e-02      1.88e-03    0.00e+00
   2        5.2117e-02   6.34e-04          5.1763e-02      6.01e-04    3.06e+00
   3        5.2365e-02   3.78e-04          5.2194e-02      3.20e-04    1.89e+00
   4        5.1860e-02   3.61e-04          5.2047e-02      2.39e-04    1.42e+00
   5        5.1976e-02   3.66e-04          5.2026e-02      2.00e-04    1.07e+00

num_dim=3, calls=20000, it_num=1, max_it_num=5 verb=0, alph=1.50,
mode=0, bins=50, boxes=1

       single.......iteration                   accumulated......results   
iteration     integral    sigma             integral         sigma     chi-sq/it

   1        5.2422e-02   1.13e-04          5.2422e-02      1.13e-04    0.00e+00
   2        5.2325e-02   1.09e-04          5.2372e-02      7.83e-05    3.82e-01
   3        5.2341e-02   1.07e-04          5.2361e-02      6.31e-05    2.19e-01
   4        5.2352e-02   1.12e-04          5.2359e-02      5.50e-05    1.48e-01
   5        5.2191e-02   1.13e-04          5.2327e-02      4.94e-05    5.59e-01
   5        5.2111e-02   1.13e-04          5.2292e-02      4.53e-05    1.06e+00
   5        5.2224e-02   1.11e-04          5.2282e-02      4.19e-05    9.35e-01
   5        5.2085e-02   1.15e-04          5.2259e-02      3.94e-05    1.17e+00
   5        5.2235e-02   1.16e-04          5.2257e-02      3.73e-05    1.03e+00
   5        5.2097e-02   1.19e-04          5.2242e-02      3.56e-05    1.10e+00
   5        5.2309e-02   1.20e-04          5.2248e-02      3.41e-05    1.02e+00
   5        5.2265e-02   1.23e-04          5.2249e-02      3.29e-05    9.27e-01
   5        5.2345e-02   1.26e-04          5.2255e-02      3.18e-05    8.96e-01
   5        5.2395e-02   1.33e-04          5.2263e-02      3.09e-05    9.08e-01
   5        5.2401e-02   1.36e-04          5.2270e-02      3.02e-05    9.13e-01
   5        5.2179e-02   1.39e-04          5.2265e-02      2.95e-05    8.79e-01
   5        5.2166e-02   1.43e-04          5.2261e-02      2.89e-05    8.53e-01
   5        5.2330e-02   1.47e-04          5.2264e-02      2.83e-05    8.15e-01
   5        5.2403e-02   1.53e-04          5.2269e-02      2.79e-05    8.14e-01
   5        5.2416e-02   1.56e-04          5.2273e-02      2.74e-05    8.17e-01
   5        5.1990e-02   1.59e-04          5.2265e-02      2.70e-05    9.30e-01
   5        5.2430e-02   1.63e-04          5.2269e-02      2.67e-05    9.33e-01
   5        5.2318e-02   1.65e-04          5.2271e-02      2.63e-05    8.95e-01
   5        5.2397e-02   1.69e-04          5.2274e-02      2.60e-05    8.80e-01
   5        5.2451e-02   1.69e-04          5.2278e-02      2.57e-05    8.88e-01
   5        5.2006e-02   1.67e-04          5.2271e-02      2.54e-05    9.56e-01
   5        5.2544e-02   1.73e-04          5.2277e-02      2.51e-05    1.01e+00
   5        5.2266e-02   1.74e-04          5.2277e-02      2.49e-05    9.75e-01
   5        5.2359e-02   1.82e-04          5.2278e-02      2.46e-05    9.47e-01
   5        5.2306e-02   1.75e-04          5.2279e-02      2.44e-05    9.15e-01
   5        5.2213e-02   1.74e-04          5.2278e-02      2.42e-05    8.89e-01
   5        5.2296e-02   1.79e-04          5.2278e-02      2.40e-05    8.61e-01
   5        5.2453e-02   1.80e-04          5.2281e-02      2.37e-05    8.63e-01
   5        5.2162e-02   1.81e-04          5.2279e-02      2.35e-05    8.50e-01
   5        5.1922e-02   1.79e-04          5.2273e-02      2.33e-05    9.39e-01
   5        5.2466e-02   1.85e-04          5.2276e-02      2.32e-05    9.43e-01
   5        5.2004e-02   1.92e-04          5.2272e-02      2.30e-05    9.72e-01
   5        5.2149e-02   1.97e-04          5.2270e-02      2.28e-05    9.56e-01
   5        5.2300e-02   1.97e-04          5.2271e-02      2.27e-05    9.32e-01
   5        5.2174e-02   1.97e-04          5.2270e-02      2.25e-05    9.14e-01
   5        5.2185e-02   1.96e-04          5.2268e-02      2.24e-05    8.96e-01
   5        5.2057e-02   1.99e-04          5.2266e-02      2.22e-05    9.01e-01
   5        5.2813e-02   2.06e-04          5.2272e-02      2.21e-05    1.05e+00
   5        5.2402e-02   1.89e-04          5.2274e-02      2.20e-05    1.03e+00
   5        5.1928e-02   1.90e-04          5.2269e-02      2.18e-05    1.08e+00
   5        5.2258e-02   1.90e-04          5.2269e-02      2.17e-05    1.06e+00
   5        5.2509e-02   1.94e-04          5.2272e-02      2.15e-05    1.07e+00
   5        5.1847e-02   1.97e-04          5.2267e-02      2.14e-05    1.14e+00
   5        5.2633e-02   1.98e-04          5.2271e-02      2.13e-05    1.19e+00
   5        5.2532e-02   2.04e-04          5.2274e-02      2.12e-05    1.20e+00
   5        5.2232e-02   2.04e-04          5.2274e-02      2.11e-05    1.18e+00
   5        5.2066e-02   2.08e-04          5.2272e-02      2.10e-05    1.17e+00
   5        5.2349e-02   1.97e-04          5.2272e-02      2.08e-05    1.15e+00
   5        5.2420e-02   1.98e-04          5.2274e-02      2.07e-05    1.14e+00
   5        5.2437e-02   1.91e-04          5.2276e-02      2.06e-05    1.13e+00
LO = (5.2275986e-02 +- 2.0605534e-05) pb
LHAPDF 6.2.3 loading /pool/condor/dir_12347/resummino-releases/lhapdf-prefix/share/LHAPDF/PDF4LHC21_40/PDF4LHC21_40_0002.dat
PDF4LHC21_40 PDF set, member #2, version 1
 alpha_s(M_Z^2) = 0.1180 	 for NLO PDF set 
 alpha_s(400.000^2) = 0.0965 	 for NLO PDF set 

********************
* LO cross section *
********************
The limits of integration are:

xl[0]=0.000000    xu[0]=1.000000
xl[1]=0.000000    xu[1]=1.000000
xl[2]=0.000000    xu[2]=1.000000

num_dim=3, calls=2000, it_num=1, max_it_num=5 verb=0, alph=1.50,
mode=0, bins=50, boxes=1

       single.......iteration                   accumulated......results   
iteration     integral    sigma             integral         sigma     chi-sq/it

   1        4.8466e-02   1.88e-03          4.8466e-02      1.88e-03    0.00e+00
   2        5.1941e-02   6.32e-04          5.1587e-02      5.99e-04    3.08e+00
   3        5.2196e-02   3.76e-04          5.2024e-02      3.18e-04    1.91e+00
   4        5.1690e-02   3.58e-04          5.1877e-02      2.38e-04    1.44e+00
   5        5.1805e-02   3.63e-04          5.1855e-02      1.99e-04    1.08e+00

num_dim=3, calls=20000, it_num=1, max_it_num=5 verb=0, alph=1.50,
mode=0, bins=50, boxes=1

       single.......iteration                   accumulated......results   
iteration     integral    sigma             integral         sigma     chi-sq/it

   1        5.2245e-02   1.12e-04          5.2245e-02      1.12e-04    0.00e+00
   2        5.2147e-02   1.08e-04          5.2195e-02      7.78e-05    3.98e-01
   3        5.2165e-02   1.06e-04          5.2184e-02      6.27e-05    2.25e-01
   4        5.2176e-02   1.11e-04          5.2182e-02      5.46e-05    1.51e-01
   5        5.2017e-02   1.12e-04          5.2150e-02      4.91e-05    5.53e-01
   5        5.1935e-02   1.12e-04          5.2116e-02      4.50e-05    1.06e+00
   5        5.2050e-02   1.11e-04          5.2106e-02      4.17e-05    9.33e-01
   5        5.1910e-02   1.14e-04          5.2083e-02      3.91e-05    1.17e+00
   5        5.2059e-02   1.16e-04          5.2081e-02      3.71e-05    1.03e+00
   5        5.1920e-02   1.18e-04          5.2066e-02      3.54e-05    1.10e+00
   5        5.2133e-02   1.19e-04          5.2072e-02      3.39e-05    1.02e+00
   5        5.2088e-02   1.22e-04          5.2073e-02      3.27e-05    9.31e-01
   5        5.2170e-02   1.25e-04          5.2079e-02      3.16e-05    9.01e-01
   5        5.2218e-02   1.32e-04          5.2087e-02      3.07e-05    9.12e-01
   5        5.2227e-02   1.35e-04          5.2094e-02      3.00e-05    9.20e-01
   5        5.2002e-02   1.39e-04          5.2090e-02      2.93e-05    8.87e-01
   5        5.1991e-02   1.42e-04          5.2086e-02      2.87e-05    8.60e-01
   5        5.2154e-02   1.46e-04          5.2088e-02      2.81e-05    8.22e-01
   5        5.2227e-02   1.53e-04          5.2093e-02      2.77e-05    8.21e-01
   5        5.2240e-02   1.55e-04          5.2097e-02      2.72e-05    8.24e-01
   5        5.1813e-02   1.58e-04          5.2089e-02      2.68e-05    9.39e-01
   5        5.2252e-02   1.62e-04          5.2093e-02      2.65e-05    9.41e-01
   5        5.2144e-02   1.64e-04          5.2095e-02      2.61e-05    9.03e-01
   5        5.2221e-02   1.68e-04          5.2098e-02      2.58e-05    8.88e-01
   5        5.2273e-02   1.68e-04          5.2102e-02      2.55e-05    8.95e-01
   5        5.1831e-02   1.66e-04          5.2095e-02      2.52e-05    9.63e-01
   5        5.2366e-02   1.72e-04          5.2101e-02      2.50e-05    1.02e+00
   5        5.2090e-02   1.73e-04          5.2101e-02      2.47e-05    9.81e-01
   5        5.2184e-02   1.81e-04          5.2102e-02      2.45e-05    9.53e-01
   5        5.2131e-02   1.74e-04          5.2103e-02      2.43e-05    9.22e-01
   5        5.2038e-02   1.74e-04          5.2102e-02      2.40e-05    8.95e-01
   5        5.2122e-02   1.79e-04          5.2102e-02      2.38e-05    8.67e-01
   5        5.2276e-02   1.80e-04          5.2105e-02      2.36e-05    8.69e-01
   5        5.1986e-02   1.81e-04          5.2103e-02      2.34e-05    8.55e-01
   5        5.1749e-02   1.79e-04          5.2097e-02      2.32e-05    9.44e-01
   5        5.2288e-02   1.84e-04          5.2100e-02      2.30e-05    9.47e-01
   5        5.1829e-02   1.91e-04          5.2096e-02      2.29e-05    9.76e-01
   5        5.1972e-02   1.96e-04          5.2095e-02      2.27e-05    9.60e-01
   5        5.2122e-02   1.96e-04          5.2095e-02      2.26e-05    9.35e-01
   5        5.1999e-02   1.97e-04          5.2094e-02      2.24e-05    9.17e-01
   5        5.2006e-02   1.95e-04          5.2093e-02      2.23e-05    8.99e-01
   5        5.1883e-02   1.98e-04          5.2090e-02      2.21e-05    9.04e-01
   5        5.2637e-02   2.05e-04          5.2096e-02      2.20e-05    1.05e+00
   5        5.2226e-02   1.88e-04          5.2098e-02      2.18e-05    1.04e+00
   5        5.1753e-02   1.89e-04          5.2093e-02      2.17e-05    1.09e+00
   5        5.2081e-02   1.89e-04          5.2093e-02      2.16e-05    1.06e+00
   5        5.2331e-02   1.93e-04          5.2096e-02      2.14e-05    1.07e+00
   5        5.1672e-02   1.96e-04          5.2091e-02      2.13e-05    1.15e+00
   5        5.2456e-02   1.97e-04          5.2095e-02      2.12e-05    1.20e+00
   5        5.2357e-02   2.03e-04          5.2098e-02      2.11e-05    1.20e+00
   5        5.2057e-02   2.03e-04          5.2098e-02      2.09e-05    1.18e+00
   5        5.1891e-02   2.07e-04          5.2096e-02      2.08e-05    1.18e+00
   5        5.2172e-02   1.96e-04          5.2097e-02      2.07e-05    1.16e+00
   5        5.2246e-02   1.98e-04          5.2098e-02      2.06e-05    1.15e+00
   5        5.2260e-02   1.90e-04          5.2100e-02      2.05e-05    1.14e+00
LO = (5.2100030e-02 +- 2.0491776e-05) pb

*******************************************
* virtual corrections + integrated dipole *
*******************************************
The limits of integration are:

xl[0]=0.000000    xu[0]=1.000000
xl[1]=0.000000    xu[1]=1.000000
xl[2]=0.000000    xu[2]=1.000000

num_dim=3, calls=240, it_num=1, max_it_num=5 verb=0, alph=1.50,
mode=0, bins=50, boxes=1

       single.......iteration                   accumulated......results   
iteration     integral    sigma             integral         sigma     chi-sq/it

   1        2.0622e-03   2.38e-04          2.0622e-03      2.38e-04    0.00e+00
   2        2.0981e-03   9.36e-05          2.0933e-03      8.71e-05    1.97e-02
   3        2.1794e-03   6.84e-05          2.1466e-03      5.38e-05    3.13e-01
   4        2.2067e-03   5.84e-05          2.1741e-03      3.96e-05    3.99e-01
   5        2.2328e-03   5.48e-05          2.1943e-03      3.21e-05    4.88e-01

num_dim=3, calls=1200, it_num=1, max_it_num=3 verb=0, alph=1.50,
mode=0, bins=50, boxes=1

       single.......iteration                   accumulated......results   
iteration     integral    sigma             integral         sigma     chi-sq/it

   1        2.0832e-03   2.36e-05          2.0832e-03      2.36e-05    0.00e+00
   2        2.1281e-03   2.04e-05          2.1089e-03      1.54e-05    2.07e+00
   3        2.1159e-03   1.95e-05          2.1116e-03      1.21e-05    1.08e+00
vNLO = (2.1115976e-03 +- 1.2080132e-05) pb

*****************************
* collinear remainder (P+K) *
*****************************
The limits of integration are:

xl[0]=0.000000    xu[0]=1.000000
xl[1]=0.000000    xu[1]=1.000000
xl[2]=0.000000    xu[2]=1.000000
xl[3]=0.000000    xu[3]=1.000000

num_dim=4, calls=2500, it_num=1, max_it_num=5 verb=0, alph=1.50,
mode=0, bins=50, boxes=1

       single.......iteration                   accumulated......results   
iteration     integral    sigma             integral         sigma     chi-sq/it

   1        5.7891e-03   4.74e-04          5.7891e-03      4.74e-04    0.00e+00
   2        5.6682e-03   1.83e-04          5.6839e-03      1.71e-04    5.67e-02
   3        5.5692e-03   1.56e-04          5.6215e-03      1.15e-04    1.52e-01
   4        5.6535e-03   1.52e-04          5.6331e-03      9.18e-05    1.10e-01
   5        5.7504e-03   1.53e-04          5.6642e-03      7.87e-05    1.91e-01

num_dim=4, calls=25000, it_num=1, max_it_num=3 verb=0, alph=1.50,
mode=0, bins=50, boxes=1

       single.......iteration                   accumulated......results   
iteration     integral    sigma             integral         sigma     chi-sq/it

   1        5.5098e-03   4.83e-05          5.5098e-03      4.83e-05    0.00e+00
   2        5.5317e-03   4.75e-05          5.5210e-03      3.39e-05    1.04e-01
   3        5.5430e-03   4.76e-05          5.5284e-03      2.76e-05    1.23e-01
   3        5.5537e-03   4.73e-05          5.5348e-03      2.38e-05    1.53e-01
   3        5.5667e-03   4.75e-05          5.5412e-03      2.13e-05    2.05e-01
   3        5.4882e-03   4.77e-05          5.5324e-03      1.95e-05    3.70e-01
   3        5.5271e-03   4.77e-05          5.5316e-03      1.80e-05    3.10e-01
   3        5.4807e-03   4.82e-05          5.5254e-03      1.69e-05    4.06e-01
   3        5.5103e-03   4.74e-05          5.5237e-03      1.59e-05    3.66e-01
   3        5.5939e-03   4.76e-05          5.5307e-03      1.51e-05    5.43e-01
P+K = (5.5307374e-03 +- 1.5076977e-05) pb

********************************
* real gluon emission - dipole *
********************************
The limits of integration are:

xl[0]=0.000000    xu[0]=1.000000
xl[1]=0.000000    xu[1]=1.000000
xl[2]=0.000000    xu[2]=1.000000
xl[3]=0.000000    xu[3]=1.000000
xl[4]=0.000000    xu[4]=1.000000
xl[5]=0.000000    xu[5]=1.000000

num_dim=6, calls=250, it_num=1, max_it_num=5 verb=0, alph=1.50,
mode=0, bins=50, boxes=1

       single.......iteration                   accumulated......results   
iteration     integral    sigma             integral         sigma     chi-sq/it

   1        -2.4696e-04   4.95e-05          -2.4696e-04      4.95e-05    0.00e+00
   2        -2.5762e-04   3.87e-05          -2.5358e-04      3.05e-05    2.88e-02
   3        -2.7061e-04   3.11e-05          -2.6194e-04      2.18e-05    9.10e-02
   4        -3.3547e-04   4.55e-05          -2.7560e-04      1.96e-05    7.68e-01
   5        -2.8520e-04   2.82e-05          -2.7873e-04      1.61e-05    5.96e-01

num_dim=6, calls=2500, it_num=1, max_it_num=3 verb=0, alph=1.50,
mode=0, bins=50, boxes=1

       single.......iteration                   accumulated......results   
iteration     integral    sigma             integral         sigma     chi-sq/it

   1        -3.0044e-04   8.46e-06          -3.0044e-04      8.46e-06    0.00e+00
   2        -2.8976e-04   4.23e-06          -2.9190e-04      3.79e-06    1.27e+00
   3        -2.9084e-04   3.96e-06          -2.9140e-04      2.74e-06    6.56e-01
rNLOg = (-2.9139524e-04 +- 2.7371755e-06) pb

**************************************************
* real light quark emission - dipole - (onshell) *
**************************************************
The limits of integration are:

xl[0]=0.000000    xu[0]=1.000000
xl[1]=0.000000    xu[1]=1.000000
xl[2]=0.000000    xu[2]=1.000000
xl[3]=0.000000    xu[3]=1.000000
xl[4]=0.000000    xu[4]=1.000000
xl[5]=0.000000    xu[5]=1.000000

num_dim=6, calls=5000, it_num=1, max_it_num=5 verb=0, alph=1.50,
mode=0, bins=50, boxes=1

       single.......iteration                   accumulated......results   
iteration     integral    sigma             integral         sigma     chi-sq/it

   1        8.4862e-04   5.00e-05          8.4862e-04      5.00e-05    0.00e+00
   2        8.5281e-04   1.59e-05          8.5242e-04      1.51e-05    6.39e-03
   3        8.3907e-04   8.48e-06          8.4226e-04      7.40e-06    2.99e-01
   4        8.4565e-04   6.59e-06          8.4415e-04      4.92e-06    2.39e-01
   5        8.4394e-04   5.86e-06          8.4406e-04      3.77e-06    1.79e-01

num_dim=6, calls=50000, it_num=1, max_it_num=5 verb=0, alph=1.50,
mode=0, bins=50, boxes=1

       single.......iteration                   accumulated......results   
iteration     integral    sigma             integral         sigma     chi-sq/it

   1        8.4131e-04   1.82e-06          8.4131e-04      1.82e-06    0.00e+00
   2        8.4468e-04   2.00e-06          8.4283e-04      1.35e-06    1.55e+00
   3        8.4631e-04   2.17e-06          8.4380e-04      1.15e-06    1.70e+00
   4        8.4448e-04   1.92e-06          8.4398e-04      9.83e-07    1.16e+00
   5        8.4568e-04   2.10e-06          8.4428e-04      8.91e-07    1.01e+00
rNLOq = (8.4428491e-04 +- 8.9076475e-07) pb
NLO = (6.0295255e-02 +- 2.8309775e-05) pb
#chisq/dof = 1.93562e-08
#status = success
#chisq/dof = 1.08724e-08
#status = success
#chisq/dof = 1.17766e-09
#status = success
#chisq/dof = 1.47211e-09
#status = success
#chisq/dof = 1.28199e-09
#status = success
#chisq/dof = 1.16424e-11
#status = success
#chisq/dof = 7.39693e-10
#status = success
#chisq/dof = 1.46211e-10
#status = success

*******************************************************
* threshold resummation (unimproved nnll) - expansion *
*******************************************************
The limits of integration are:

xl[0]=0.000000    xu[0]=1.000000
xl[1]=0.000000    xu[1]=1.000000
xl[2]=0.000000    xu[2]=1.000000

num_dim=3, calls=7000, it_num=1, max_it_num=5 verb=0, alph=1.50,
mode=0, bins=50, boxes=1

       single.......iteration                   accumulated......results   
iteration     integral    sigma             integral         sigma     chi-sq/it

   1        3.7432e-04   5.08e-05          3.7432e-04      5.08e-05    0.00e+00
   2        3.4927e-04   1.62e-05          3.5159e-04      1.55e-05    2.21e-01
   3        3.3217e-04   1.39e-05          3.4087e-04      1.03e-05    5.46e-01
   4        3.7739e-04   1.40e-05          3.5374e-04      8.32e-06    1.83e+00
   5        3.4962e-04   1.40e-05          3.5267e-04      7.15e-06    1.39e+00

num_dim=3, calls=35000, it_num=1, max_it_num=5 verb=0, alph=1.50,
mode=0, bins=50, boxes=1

       single.......iteration                   accumulated......results   
iteration     integral    sigma             integral         sigma     chi-sq/it

   1        3.4885e-04   6.23e-06          3.4885e-04      6.23e-06    0.00e+00
   2        3.5191e-04   6.24e-06          3.5038e-04      4.41e-06    1.21e-01
   3        3.5473e-04   6.25e-06          3.5182e-04      3.60e-06    2.22e-01
   4        3.4714e-04   6.29e-06          3.5067e-04      3.13e-06    2.87e-01
   5        3.6406e-04   6.22e-06          3.5337e-04      2.79e-06    1.14e+00
aNNLO+NNLL = (6.0648626e-02 +- 2.8447225e-05) pb

Results:
LO = (5.2275986e-02 +- 2.0605534e-05) pb
NLO = (6.0295255e-02 +- 2.8309775e-05) pb
aNNLO+NNLL = (6.0648626e-02 +- 2.8447225e-05) pb
Thanks for using LHAPDF 6.2.3. Please make sure to cite the paper:
  Eur.Phys.J. C75 (2015) 3, 132  (http://arxiv.org/abs/1412.7420)
 ====================================================
   FF 2.0, a package to evaluate one-loop integrals
 written by G. J. van Oldenborgh, NIKHEF-H, Amsterdam
 ====================================================
 for the algorithms used see preprint NIKHEF-H 89/17,
 'New Algorithms for One-loop Integrals', by G.J. van
 Oldenborgh and J.A.M. Vermaseren, published in 
 Zeitschrift fuer Physik C46(1990)425.
 ====================================================
 
total number of errors and warnings
===================================
fferr: no errors
 
