
  Welcome to Resummino git-latest
  Copyright 2008-2010 Jonathan Debove.
  Copyright 2011-2014 David R. Lamprea.
  Copyright 2011-2016 Marcel Rothering.

  Licensed under the EUPL 1.1 or later.
  See http://www.resummino.org/ for more information.

  If using Resummino for slepton pair production, please cite.
  - G. Bozzi, B. Fuks, M. Klasen, PRD 74, 015001 (2006); NPB 777, 157 (2007); NPB 794, 46 (2007).
  - B. Fuks, M. Klasen, D. R. Lamprea, M. Rothering, EPJC 73, 2480 (2013).

  For gaugino pair production, please cite:
  - J. Debove, B. Fuks, M. Klasen, PLB 688, 208 (2010); NPB 842, 51 (2011); NPB 849, 64 (2011).
  - B. Fuks, M. Klasen, D. R. Lamprea, M. Rothering, JHEP 1210, 081 (2012); EPJC 73, 2480 (2013).

  For associated gaugino gluino production, please cite:
  - B. Fuks, M. Klasen, M. Rothering, JHEP 07:053, (2016).
  - B. Fuks, M. Klasen, D. R. Lamprea, M. Rothering, EPJC 73, 2480 (2013).

LHAPDF 6.2.3 loading /pool/condor/dir_223845/resummino-releases/lhapdf-prefix/share/LHAPDF/PDF4LHC21_40/PDF4LHC21_40_0000.dat
PDF4LHC21_40 PDF set, member #0, version 1
 alpha_s(M_Z^2) = 0.1180 	 for LO PDF set 
 alpha_s(1800.000^2) = 0.0816 	 for LO PDF set 

********************
* LO cross section *
********************
The limits of integration are:

xl[0]=0.000000    xu[0]=1.000000
xl[1]=0.000000    xu[1]=1.000000
xl[2]=0.000000    xu[2]=1.000000

num_dim=3, calls=2000, it_num=1, max_it_num=5 verb=0, alph=1.50,
mode=0, bins=50, boxes=1

       single.......iteration                   accumulated......results   
iteration     integral    sigma             integral         sigma     chi-sq/it

   1        6.8383e-06   2.59e-07          6.8383e-06      2.59e-07    0.00e+00
   2        7.4822e-06   8.82e-08          7.4154e-06      8.35e-08    5.53e+00
   3        7.5032e-06   4.52e-08          7.4833e-06      3.97e-08    3.19e+00
   4        7.4496e-06   4.19e-08          7.4674e-06      2.88e-08    2.24e+00
   5        7.4591e-06   4.04e-08          7.4646e-06      2.35e-08    1.69e+00

num_dim=3, calls=20000, it_num=1, max_it_num=5 verb=0, alph=1.50,
mode=0, bins=50, boxes=1

       single.......iteration                   accumulated......results   
iteration     integral    sigma             integral         sigma     chi-sq/it

   1        7.4987e-06   1.27e-08          7.4987e-06      1.27e-08    0.00e+00
   2        7.4880e-06   1.22e-08          7.4932e-06      8.80e-09    3.68e-01
   3        7.4947e-06   1.17e-08          7.4937e-06      7.03e-09    1.90e-01
   4        7.4934e-06   1.25e-08          7.4936e-06      6.12e-09    1.27e-01
   5        7.4689e-06   1.31e-08          7.4892e-06      5.54e-09    8.31e-01
   5        7.4631e-06   1.27e-08          7.4850e-06      5.08e-09    1.37e+00
   5        7.4861e-06   1.28e-08          7.4852e-06      4.72e-09    1.14e+00
   5        7.4619e-06   1.32e-08          7.4825e-06      4.45e-09    1.37e+00
   5        7.4815e-06   1.34e-08          7.4824e-06      4.22e-09    1.20e+00
   5        7.4649e-06   1.36e-08          7.4809e-06      4.03e-09    1.24e+00
   5        7.4837e-06   1.39e-08          7.4811e-06      3.87e-09    1.12e+00
   5        7.4860e-06   1.43e-08          7.4814e-06      3.74e-09    1.03e+00
   5        7.4967e-06   1.49e-08          7.4823e-06      3.63e-09    1.02e+00
   5        7.4894e-06   1.56e-08          7.4827e-06      3.53e-09    9.59e-01
   5        7.5018e-06   1.65e-08          7.4835e-06      3.45e-09    9.82e-01
   5        7.4722e-06   1.71e-08          7.4831e-06      3.39e-09    9.45e-01
   5        7.4591e-06   1.75e-08          7.4822e-06      3.32e-09    9.98e-01
   5        7.5012e-06   1.82e-08          7.4828e-06      3.27e-09    1.00e+00
   5        7.5002e-06   1.91e-08          7.4833e-06      3.22e-09    9.90e-01
   5        7.4898e-06   1.98e-08          7.4835e-06      3.18e-09    9.43e-01
   5        7.4533e-06   2.09e-08          7.4828e-06      3.15e-09    9.98e-01
   5        7.4915e-06   2.16e-08          7.4830e-06      3.11e-09    9.58e-01
   5        7.4942e-06   2.22e-08          7.4832e-06      3.08e-09    9.26e-01
   5        7.5014e-06   2.32e-08          7.4835e-06      3.06e-09    9.11e-01
   5        7.5018e-06   2.29e-08          7.4838e-06      3.03e-09    8.99e-01
   5        7.4550e-06   2.29e-08          7.4834e-06      3.00e-09    9.26e-01
   5        7.5197e-06   2.41e-08          7.4839e-06      2.98e-09    9.77e-01
   5        7.4784e-06   2.40e-08          7.4838e-06      2.96e-09    9.42e-01
   5        7.4862e-06   2.49e-08          7.4839e-06      2.94e-09    9.09e-01
   5        7.4930e-06   2.43e-08          7.4840e-06      2.92e-09    8.82e-01
   5        7.4850e-06   2.46e-08          7.4840e-06      2.89e-09    8.53e-01
   5        7.4911e-06   2.53e-08          7.4841e-06      2.88e-09    8.28e-01
   5        7.5086e-06   2.53e-08          7.4844e-06      2.86e-09    8.31e-01
   5        7.4693e-06   2.57e-08          7.4842e-06      2.84e-09    8.16e-01
   5        7.4474e-06   2.55e-08          7.4838e-06      2.82e-09    8.53e-01
   5        7.5121e-06   2.62e-08          7.4841e-06      2.81e-09    8.62e-01
   5        7.4280e-06   2.68e-08          7.4835e-06      2.79e-09    9.58e-01
   5        7.4468e-06   2.73e-08          7.4831e-06      2.78e-09    9.81e-01
   5        7.4848e-06   2.78e-08          7.4831e-06      2.76e-09    9.55e-01
   5        7.4736e-06   2.79e-08          7.4830e-06      2.75e-09    9.33e-01
   5        7.4755e-06   2.69e-08          7.4830e-06      2.74e-09    9.12e-01
   5        7.4581e-06   2.78e-08          7.4827e-06      2.72e-09    9.09e-01
   5        7.5654e-06   2.88e-08          7.4834e-06      2.71e-09    1.08e+00
   5        7.4985e-06   2.69e-08          7.4836e-06      2.70e-09    1.06e+00
   5        7.4505e-06   2.73e-08          7.4833e-06      2.68e-09    1.07e+00
   5        7.4772e-06   2.76e-08          7.4832e-06      2.67e-09    1.05e+00
   5        7.5168e-06   2.76e-08          7.4835e-06      2.66e-09    1.06e+00
   5        7.4233e-06   2.75e-08          7.4830e-06      2.65e-09    1.14e+00
   5        7.5389e-06   2.80e-08          7.4835e-06      2.63e-09    1.20e+00
   5        7.5317e-06   2.86e-08          7.4839e-06      2.62e-09    1.23e+00
   5        7.4832e-06   2.88e-08          7.4839e-06      2.61e-09    1.20e+00
   5        7.4503e-06   2.93e-08          7.4836e-06      2.60e-09    1.21e+00
   5        7.4890e-06   2.79e-08          7.4837e-06      2.59e-09    1.18e+00
   5        7.5101e-06   2.74e-08          7.4839e-06      2.58e-09    1.18e+00
   5        7.5114e-06   2.63e-08          7.4841e-06      2.57e-09    1.18e+00
LO = (7.4841488e-06 +- 2.5670395e-09) pb
LHAPDF 6.2.3 loading /pool/condor/dir_223845/resummino-releases/lhapdf-prefix/share/LHAPDF/PDF4LHC21_40/PDF4LHC21_40_0003.dat
PDF4LHC21_40 PDF set, member #3, version 1
 alpha_s(M_Z^2) = 0.1180 	 for NLO PDF set 
 alpha_s(1800.000^2) = 0.0816 	 for NLO PDF set 

********************
* LO cross section *
********************
The limits of integration are:

xl[0]=0.000000    xu[0]=1.000000
xl[1]=0.000000    xu[1]=1.000000
xl[2]=0.000000    xu[2]=1.000000

num_dim=3, calls=2000, it_num=1, max_it_num=5 verb=0, alph=1.50,
mode=0, bins=50, boxes=1

       single.......iteration                   accumulated......results   
iteration     integral    sigma             integral         sigma     chi-sq/it

   1        7.2714e-06   2.53e-07          7.2714e-06      2.53e-07    0.00e+00
   2        7.8763e-06   9.01e-08          7.8081e-06      8.49e-08    5.08e+00
   3        7.8546e-06   5.33e-08          7.8415e-06      4.51e-08    2.65e+00
   4        7.7946e-06   5.14e-08          7.8210e-06      3.39e-08    1.92e+00
   5        7.8351e-06   4.84e-08          7.8257e-06      2.78e-08    1.46e+00

num_dim=3, calls=20000, it_num=1, max_it_num=5 verb=0, alph=1.50,
mode=0, bins=50, boxes=1

       single.......iteration                   accumulated......results   
iteration     integral    sigma             integral         sigma     chi-sq/it

   1        7.8778e-06   1.54e-08          7.8778e-06      1.54e-08    0.00e+00
   2        7.8712e-06   1.48e-08          7.8743e-06      1.07e-08    9.61e-02
   3        7.8601e-06   1.41e-08          7.8691e-06      8.50e-09    3.75e-01
   4        7.8673e-06   1.50e-08          7.8687e-06      7.40e-09    2.54e-01
   5        7.8427e-06   1.55e-08          7.8639e-06      6.68e-09    7.62e-01
   5        7.8327e-06   1.52e-08          7.8588e-06      6.12e-09    1.31e+00
   5        7.8630e-06   1.51e-08          7.8594e-06      5.67e-09    1.11e+00
   5        7.8383e-06   1.56e-08          7.8569e-06      5.33e-09    1.18e+00
   5        7.8651e-06   1.58e-08          7.8578e-06      5.05e-09    1.06e+00
   5        7.8477e-06   1.61e-08          7.8569e-06      4.82e-09    9.86e-01
   5        7.8568e-06   1.63e-08          7.8569e-06      4.62e-09    8.87e-01
   5        7.8719e-06   1.66e-08          7.8579e-06      4.45e-09    8.76e-01
   5        7.8724e-06   1.69e-08          7.8589e-06      4.30e-09    8.60e-01
   5        7.8742e-06   1.75e-08          7.8598e-06      4.18e-09    8.50e-01
   5        7.8745e-06   1.82e-08          7.8605e-06      4.07e-09    8.34e-01
   5        7.8519e-06   1.87e-08          7.8601e-06      3.98e-09    7.92e-01
   5        7.8296e-06   1.89e-08          7.8588e-06      3.89e-09    8.98e-01
   5        7.8788e-06   1.96e-08          7.8596e-06      3.82e-09    9.04e-01
   5        7.8703e-06   2.02e-08          7.8599e-06      3.75e-09    8.69e-01
   5        7.8456e-06   2.07e-08          7.8595e-06      3.69e-09    8.48e-01
   5        7.8218e-06   2.20e-08          7.8585e-06      3.64e-09    9.49e-01
   5        7.8627e-06   2.23e-08          7.8586e-06      3.59e-09    9.05e-01
   5        7.8760e-06   2.32e-08          7.8590e-06      3.55e-09    8.89e-01
   5        7.8851e-06   2.47e-08          7.8595e-06      3.52e-09    8.98e-01
   5        7.8636e-06   2.49e-08          7.8596e-06      3.48e-09    8.62e-01
   5        7.8197e-06   2.54e-08          7.8588e-06      3.45e-09    9.24e-01
   5        7.8970e-06   2.68e-08          7.8595e-06      3.42e-09    9.65e-01
   5        7.8531e-06   2.64e-08          7.8594e-06      3.39e-09    9.32e-01
   5        7.8566e-06   2.71e-08          7.8593e-06      3.37e-09    8.99e-01
   5        7.8567e-06   2.69e-08          7.8593e-06      3.34e-09    8.68e-01
   5        7.8510e-06   2.78e-08          7.8592e-06      3.32e-09    8.42e-01
   5        7.8550e-06   2.79e-08          7.8591e-06      3.29e-09    8.15e-01
   5        7.8799e-06   2.81e-08          7.8594e-06      3.27e-09    8.07e-01
   5        7.8453e-06   2.87e-08          7.8592e-06      3.25e-09    7.90e-01
   5        7.8191e-06   2.90e-08          7.8587e-06      3.23e-09    8.22e-01
   5        7.8880e-06   2.94e-08          7.8591e-06      3.21e-09    8.26e-01
   5        7.8063e-06   3.01e-08          7.8585e-06      3.19e-09    8.87e-01
   5        7.8076e-06   2.98e-08          7.8579e-06      3.17e-09    9.41e-01
   5        7.8594e-06   3.02e-08          7.8579e-06      3.16e-09    9.17e-01
   5        7.8427e-06   3.06e-08          7.8577e-06      3.14e-09    8.99e-01
   5        7.8403e-06   2.90e-08          7.8575e-06      3.12e-09    8.86e-01
   5        7.8218e-06   2.95e-08          7.8572e-06      3.10e-09    9.00e-01
   5        7.9418e-06   3.05e-08          7.8580e-06      3.09e-09    1.06e+00
   5        7.8789e-06   2.91e-08          7.8583e-06      3.07e-09    1.05e+00
   5        7.8364e-06   2.90e-08          7.8580e-06      3.05e-09    1.04e+00
   5        7.8553e-06   2.91e-08          7.8580e-06      3.04e-09    1.01e+00
   5        7.8930e-06   2.95e-08          7.8583e-06      3.02e-09    1.02e+00
   5        7.7992e-06   3.04e-08          7.8578e-06      3.01e-09    1.08e+00
   5        7.9032e-06   3.14e-08          7.8582e-06      2.99e-09    1.10e+00
   5        7.9123e-06   3.17e-08          7.8587e-06      2.98e-09    1.14e+00
   5        7.8626e-06   3.17e-08          7.8587e-06      2.97e-09    1.11e+00
   5        7.8318e-06   3.24e-08          7.8585e-06      2.95e-09    1.11e+00
   5        7.8606e-06   3.10e-08          7.8585e-06      2.94e-09    1.09e+00
   5        7.8834e-06   3.03e-08          7.8587e-06      2.93e-09    1.08e+00
   5        7.8774e-06   2.90e-08          7.8589e-06      2.91e-09    1.06e+00
LO = (7.8589088e-06 +- 2.9121713e-09) pb

*******************************************
* virtual corrections + integrated dipole *
*******************************************
The limits of integration are:

xl[0]=0.000000    xu[0]=1.000000
xl[1]=0.000000    xu[1]=1.000000
xl[2]=0.000000    xu[2]=1.000000

num_dim=3, calls=240, it_num=1, max_it_num=5 verb=0, alph=1.50,
mode=0, bins=50, boxes=1

       single.......iteration                   accumulated......results   
iteration     integral    sigma             integral         sigma     chi-sq/it

   1        2.5150e-07   2.62e-08          2.5150e-07      2.62e-08    0.00e+00
   2        2.6220e-07   1.13e-08          2.6052e-07      1.04e-08    1.40e-01
   3        2.8028e-07   8.04e-09          2.7289e-07      6.36e-09    1.20e+00
   4        2.8279e-07   8.21e-09          2.7661e-07      5.03e-09    1.10e+00
   5        2.7889e-07   6.97e-09          2.7739e-07      4.08e-09    8.44e-01

num_dim=3, calls=1200, it_num=1, max_it_num=3 verb=0, alph=1.50,
mode=0, bins=50, boxes=1

       single.......iteration                   accumulated......results   
iteration     integral    sigma             integral         sigma     chi-sq/it

   1        2.6583e-07   2.66e-09          2.6583e-07      2.66e-09    0.00e+00
   2        2.7124e-07   2.23e-09          2.6900e-07      1.71e-09    2.43e+00
   3        2.7065e-07   2.44e-09          2.6954e-07      1.40e-09    1.37e+00
vNLO = (2.6954407e-07 +- 1.3997476e-09) pb

*****************************
* collinear remainder (P+K) *
*****************************
The limits of integration are:

xl[0]=0.000000    xu[0]=1.000000
xl[1]=0.000000    xu[1]=1.000000
xl[2]=0.000000    xu[2]=1.000000
xl[3]=0.000000    xu[3]=1.000000

num_dim=4, calls=2500, it_num=1, max_it_num=5 verb=0, alph=1.50,
mode=0, bins=50, boxes=1

       single.......iteration                   accumulated......results   
iteration     integral    sigma             integral         sigma     chi-sq/it

   1        1.4562e-06   9.00e-08          1.4562e-06      9.00e-08    0.00e+00
   2        1.4334e-06   2.47e-08          1.4350e-06      2.38e-08    5.94e-02
   3        1.3898e-06   1.72e-08          1.4053e-06      1.39e-08    1.21e+00
   4        1.4227e-06   1.46e-08          1.4136e-06      1.01e-08    1.06e+00
   5        1.4125e-06   1.44e-08          1.4133e-06      8.26e-09    7.93e-01

num_dim=4, calls=25000, it_num=1, max_it_num=3 verb=0, alph=1.50,
mode=0, bins=50, boxes=1

       single.......iteration                   accumulated......results   
iteration     integral    sigma             integral         sigma     chi-sq/it

   1        1.3968e-06   4.65e-09          1.3968e-06      4.65e-09    0.00e+00
   2        1.4000e-06   4.69e-09          1.3984e-06      3.30e-09    2.42e-01
   3        1.3968e-06   4.72e-09          1.3979e-06      2.71e-09    1.58e-01
   3        1.3957e-06   4.63e-09          1.3973e-06      2.34e-09    1.58e-01
   3        1.3899e-06   4.77e-09          1.3959e-06      2.10e-09    6.10e-01
P+K = (1.3958972e-06 +- 2.0983969e-09) pb

********************************
* real gluon emission - dipole *
********************************
The limits of integration are:

xl[0]=0.000000    xu[0]=1.000000
xl[1]=0.000000    xu[1]=1.000000
xl[2]=0.000000    xu[2]=1.000000
xl[3]=0.000000    xu[3]=1.000000
xl[4]=0.000000    xu[4]=1.000000
xl[5]=0.000000    xu[5]=1.000000

num_dim=6, calls=250, it_num=1, max_it_num=5 verb=0, alph=1.50,
mode=0, bins=50, boxes=1

       single.......iteration                   accumulated......results   
iteration     integral    sigma             integral         sigma     chi-sq/it

   1        -1.0208e-08   1.98e-09          -1.0208e-08      1.98e-09    0.00e+00
   2        -1.1224e-08   1.45e-09          -1.0870e-08      1.17e-09    1.71e-01
   3        -1.1408e-08   1.06e-09          -1.1165e-08      7.85e-10    1.44e-01
   4        -1.1207e-08   1.09e-09          -1.1180e-08      6.37e-10    9.62e-02
   5        -1.1762e-08   1.14e-09          -1.1318e-08      5.55e-10    1.22e-01

num_dim=6, calls=2500, it_num=1, max_it_num=3 verb=0, alph=1.50,
mode=0, bins=50, boxes=1

       single.......iteration                   accumulated......results   
iteration     integral    sigma             integral         sigma     chi-sq/it

   1        -1.2039e-08   3.42e-10          -1.2039e-08      3.42e-10    0.00e+00
   2        -1.1551e-08   1.66e-10          -1.1644e-08      1.49e-10    1.65e+00
   3        -1.1765e-08   1.34e-10          -1.1711e-08      9.95e-11    1.01e+00
rNLOg = (-1.1711057e-08 +- 9.9530816e-11) pb

**************************************************
* real light quark emission - dipole - (onshell) *
**************************************************
The limits of integration are:

xl[0]=0.000000    xu[0]=1.000000
xl[1]=0.000000    xu[1]=1.000000
xl[2]=0.000000    xu[2]=1.000000
xl[3]=0.000000    xu[3]=1.000000
xl[4]=0.000000    xu[4]=1.000000
xl[5]=0.000000    xu[5]=1.000000

num_dim=6, calls=5000, it_num=1, max_it_num=5 verb=0, alph=1.50,
mode=0, bins=50, boxes=1

       single.......iteration                   accumulated......results   
iteration     integral    sigma             integral         sigma     chi-sq/it

   1        2.2680e-08   1.07e-09          2.2680e-08      1.07e-09    0.00e+00
   2        2.2664e-08   7.02e-10          2.2669e-08      5.87e-10    1.49e-04
   3        2.2684e-08   3.91e-10          2.2679e-08      3.25e-10    2.98e-04
   4        2.2500e-08   1.79e-10          2.2542e-08      1.57e-10    7.79e-02
   5        2.2542e-08   1.26e-10          2.2542e-08      9.84e-11    5.84e-02

num_dim=6, calls=50000, it_num=1, max_it_num=5 verb=0, alph=1.50,
mode=0, bins=50, boxes=1

       single.......iteration                   accumulated......results   
iteration     integral    sigma             integral         sigma     chi-sq/it

   1        2.2414e-08   3.80e-11          2.2414e-08      3.80e-11    0.00e+00
   2        2.2437e-08   5.22e-11          2.2422e-08      3.07e-11    1.19e-01
   3        2.2494e-08   5.29e-11          2.2440e-08      2.66e-11    7.49e-01
   4        2.2440e-08   4.06e-11          2.2440e-08      2.22e-11    5.00e-01
   5        2.2458e-08   4.38e-11          2.2444e-08      1.98e-11    4.10e-01
   5        2.2417e-08   3.72e-11          2.2438e-08      1.75e-11    4.10e-01
   5        2.2341e-08   3.45e-11          2.2418e-08      1.56e-11    1.39e+00
rNLOq = (2.2417946e-08 +- 1.5600596e-11) pb
NLO = (9.5350570e-06 +- 3.8540179e-09) pb
#chisq/dof = 2.05081e-09
#status = success
#chisq/dof = 3.42534e-09
#status = success
#chisq/dof = 1.57068e-09
#status = success
#chisq/dof = 1.96108e-09
#status = success
#chisq/dof = 2.96029e-09
#status = success
#chisq/dof = 3.443e-12
#status = success
#chisq/dof = 1.86124e-10
#status = success
#chisq/dof = 5.56258e-11
#status = success

*******************************************************
* threshold resummation (unimproved nnll) - expansion *
*******************************************************
The limits of integration are:

xl[0]=0.000000    xu[0]=1.000000
xl[1]=0.000000    xu[1]=1.000000
xl[2]=0.000000    xu[2]=1.000000

num_dim=3, calls=7000, it_num=1, max_it_num=5 verb=0, alph=1.50,
mode=0, bins=50, boxes=1

       single.......iteration                   accumulated......results   
iteration     integral    sigma             integral         sigma     chi-sq/it

   1        2.1292e-07   9.78e-09          2.1292e-07      9.78e-09    0.00e+00
   2        2.0719e-07   4.91e-09          2.0834e-07      4.39e-09    2.75e-01
   3        2.1109e-07   3.57e-09          2.0999e-07      2.77e-09    2.55e-01
   4        2.1960e-07   3.50e-09          2.1368e-07      2.17e-09    1.71e+00
   5        2.1285e-07   3.42e-09          2.1344e-07      1.83e-09    1.29e+00

num_dim=3, calls=35000, it_num=1, max_it_num=5 verb=0, alph=1.50,
mode=0, bins=50, boxes=1

       single.......iteration                   accumulated......results   
iteration     integral    sigma             integral         sigma     chi-sq/it

   1        2.1153e-07   1.49e-09          2.1153e-07      1.49e-09    0.00e+00
   2        2.1578e-07   1.57e-09          2.1355e-07      1.08e-09    3.86e+00
   3        2.1653e-07   1.50e-09          2.1457e-07      8.76e-10    3.23e+00
   4        2.1289e-07   1.51e-09          2.1415e-07      7.57e-10    2.46e+00
   5        2.1612e-07   1.48e-09          2.1456e-07      6.75e-10    2.20e+00
   5        2.1186e-07   1.47e-09          2.1409e-07      6.13e-10    2.31e+00
   5        2.1352e-07   1.48e-09          2.1400e-07      5.67e-10    1.95e+00
   5        2.1428e-07   1.50e-09          2.1404e-07      5.30e-10    1.67e+00
   5        2.1157e-07   1.51e-09          2.1377e-07      5.00e-10    1.76e+00
   5        2.1347e-07   1.48e-09          2.1374e-07      4.74e-10    1.57e+00
   5        2.1358e-07   1.50e-09          2.1372e-07      4.52e-10    1.42e+00
aNNLO+NNLL = (9.7487792e-06 +- 3.8803955e-09) pb

Results:
LO = (7.4841488e-06 +- 2.5670395e-09) pb
NLO = (9.5350570e-06 +- 3.8540179e-09) pb
aNNLO+NNLL = (9.7487792e-06 +- 3.8803955e-09) pb
Thanks for using LHAPDF 6.2.3. Please make sure to cite the paper:
  Eur.Phys.J. C75 (2015) 3, 132  (http://arxiv.org/abs/1412.7420)
 ====================================================
   FF 2.0, a package to evaluate one-loop integrals
 written by G. J. van Oldenborgh, NIKHEF-H, Amsterdam
 ====================================================
 for the algorithms used see preprint NIKHEF-H 89/17,
 'New Algorithms for One-loop Integrals', by G.J. van
 Oldenborgh and J.A.M. Vermaseren, published in 
 Zeitschrift fuer Physik C46(1990)425.
 ====================================================
 
total number of errors and warnings
===================================
fferr: no errors
 
