
  Welcome to Resummino git-latest
  Copyright 2008-2010 Jonathan Debove.
  Copyright 2011-2014 David R. Lamprea.
  Copyright 2011-2016 Marcel Rothering.

  Licensed under the EUPL 1.1 or later.
  See http://www.resummino.org/ for more information.

  If using Resummino for slepton pair production, please cite.
  - G. Bozzi, B. Fuks, M. Klasen, PRD 74, 015001 (2006); NPB 777, 157 (2007); NPB 794, 46 (2007).
  - B. Fuks, M. Klasen, D. R. Lamprea, M. Rothering, EPJC 73, 2480 (2013).

  For gaugino pair production, please cite:
  - J. Debove, B. Fuks, M. Klasen, PLB 688, 208 (2010); NPB 842, 51 (2011); NPB 849, 64 (2011).
  - B. Fuks, M. Klasen, D. R. Lamprea, M. Rothering, JHEP 1210, 081 (2012); EPJC 73, 2480 (2013).

  For associated gaugino gluino production, please cite:
  - B. Fuks, M. Klasen, M. Rothering, JHEP 07:053, (2016).
  - B. Fuks, M. Klasen, D. R. Lamprea, M. Rothering, EPJC 73, 2480 (2013).

LHAPDF 6.2.3 loading /pool/condor/dir_44186/resummino-releases/lhapdf-prefix/share/LHAPDF/PDF4LHC21_40/PDF4LHC21_40_0000.dat
PDF4LHC21_40 PDF set, member #0, version 1
 alpha_s(M_Z^2) = 0.1180 	 for LO PDF set 
 alpha_s(1100.000^2) = 0.0859 	 for LO PDF set 

********************
* LO cross section *
********************
The limits of integration are:

xl[0]=0.000000    xu[0]=1.000000
xl[1]=0.000000    xu[1]=1.000000
xl[2]=0.000000    xu[2]=1.000000

num_dim=3, calls=2000, it_num=1, max_it_num=5 verb=0, alph=1.50,
mode=0, bins=50, boxes=1

       single.......iteration                   accumulated......results   
iteration     integral    sigma             integral         sigma     chi-sq/it

   1        2.6520e-04   1.05e-05          2.6520e-04      1.05e-05    0.00e+00
   2        2.8994e-04   3.50e-06          2.8748e-04      3.32e-06    4.98e+00
   3        2.9108e-04   1.86e-06          2.9022e-04      1.62e-06    2.94e+00
   4        2.8875e-04   1.74e-06          2.8953e-04      1.19e-06    2.08e+00
   5        2.8900e-04   1.75e-06          2.8936e-04      9.81e-07    1.58e+00

num_dim=3, calls=20000, it_num=1, max_it_num=5 verb=0, alph=1.50,
mode=0, bins=50, boxes=1

       single.......iteration                   accumulated......results   
iteration     integral    sigma             integral         sigma     chi-sq/it

   1        2.9091e-04   5.40e-07          2.9091e-04      5.40e-07    0.00e+00
   2        2.9052e-04   5.21e-07          2.9071e-04      3.75e-07    2.75e-01
   3        2.9069e-04   5.05e-07          2.9070e-04      3.01e-07    1.38e-01
   4        2.9072e-04   5.38e-07          2.9071e-04      2.63e-07    9.22e-02
   5        2.8975e-04   5.48e-07          2.9053e-04      2.37e-07    6.84e-01
   5        2.8948e-04   5.42e-07          2.9036e-04      2.17e-07    1.17e+00
   5        2.9017e-04   5.39e-07          2.9033e-04      2.01e-07    9.93e-01
   5        2.8947e-04   5.57e-07          2.9023e-04      1.89e-07    1.16e+00
   5        2.9009e-04   5.66e-07          2.9022e-04      1.80e-07    1.02e+00
   5        2.8936e-04   5.76e-07          2.9014e-04      1.71e-07    1.13e+00
   5        2.9034e-04   5.85e-07          2.9016e-04      1.65e-07    1.03e+00
   5        2.9028e-04   6.02e-07          2.9017e-04      1.59e-07    9.40e-01
   5        2.9077e-04   6.24e-07          2.9020e-04      1.54e-07    9.36e-01
   5        2.9063e-04   6.58e-07          2.9023e-04      1.50e-07    8.94e-01
   5        2.9100e-04   6.87e-07          2.9026e-04      1.46e-07    9.16e-01
   5        2.8983e-04   7.05e-07          2.9024e-04      1.43e-07    8.79e-01
   5        2.8942e-04   7.25e-07          2.9021e-04      1.41e-07    9.03e-01
   5        2.9082e-04   7.51e-07          2.9023e-04      1.38e-07    8.87e-01
   5        2.9101e-04   7.90e-07          2.9026e-04      1.36e-07    8.90e-01
   5        2.9083e-04   8.09e-07          2.9027e-04      1.34e-07    8.69e-01
   5        2.8893e-04   8.39e-07          2.9024e-04      1.33e-07    9.50e-01
   5        2.9088e-04   8.75e-07          2.9025e-04      1.31e-07    9.30e-01
   5        2.9064e-04   8.83e-07          2.9026e-04      1.30e-07    8.96e-01
   5        2.9097e-04   9.04e-07          2.9028e-04      1.28e-07    8.84e-01
   5        2.9116e-04   9.11e-07          2.9029e-04      1.27e-07    8.85e-01
   5        2.8915e-04   8.92e-07          2.9027e-04      1.26e-07    9.14e-01
   5        2.9179e-04   9.33e-07          2.9030e-04      1.25e-07    9.79e-01
   5        2.9012e-04   9.37e-07          2.9029e-04      1.24e-07    9.44e-01
   5        2.9056e-04   9.78e-07          2.9030e-04      1.23e-07    9.13e-01
   5        2.9061e-04   9.46e-07          2.9030e-04      1.22e-07    8.85e-01
   5        2.9020e-04   9.50e-07          2.9030e-04      1.21e-07    8.56e-01
   5        2.9052e-04   9.82e-07          2.9030e-04      1.20e-07    8.30e-01
   5        2.9125e-04   9.81e-07          2.9032e-04      1.19e-07    8.32e-01
   5        2.8971e-04   9.91e-07          2.9031e-04      1.18e-07    8.19e-01
   5        2.8867e-04   9.77e-07          2.9029e-04      1.17e-07    8.76e-01
   5        2.9146e-04   1.01e-06          2.9030e-04      1.16e-07    8.90e-01
   5        2.8830e-04   1.04e-06          2.9028e-04      1.16e-07    9.67e-01
   5        2.8923e-04   1.07e-06          2.9027e-04      1.15e-07    9.67e-01
   5        2.9047e-04   1.07e-06          2.9027e-04      1.14e-07    9.42e-01
   5        2.8985e-04   1.08e-06          2.9026e-04      1.14e-07    9.22e-01
   5        2.9006e-04   1.06e-06          2.9026e-04      1.13e-07    9.00e-01
   5        2.8931e-04   1.08e-06          2.9025e-04      1.12e-07    8.96e-01
   5        2.9342e-04   1.13e-06          2.9028e-04      1.12e-07    1.06e+00
   5        2.9083e-04   1.04e-06          2.9029e-04      1.11e-07    1.04e+00
   5        2.8871e-04   1.05e-06          2.9027e-04      1.11e-07    1.07e+00
   5        2.9013e-04   1.05e-06          2.9027e-04      1.10e-07    1.05e+00
   5        2.9148e-04   1.06e-06          2.9028e-04      1.09e-07    1.05e+00
   5        2.8801e-04   1.07e-06          2.9026e-04      1.09e-07    1.12e+00
   5        2.9236e-04   1.08e-06          2.9028e-04      1.08e-07    1.18e+00
   5        2.9200e-04   1.11e-06          2.9030e-04      1.08e-07    1.20e+00
   5        2.9022e-04   1.11e-06          2.9029e-04      1.07e-07    1.18e+00
   5        2.8901e-04   1.13e-06          2.9028e-04      1.07e-07    1.18e+00
   5        2.9062e-04   1.08e-06          2.9029e-04      1.06e-07    1.16e+00
   5        2.9121e-04   1.09e-06          2.9029e-04      1.06e-07    1.15e+00
   5        2.9135e-04   1.05e-06          2.9031e-04      1.05e-07    1.15e+00
LO = (2.9030552e-04 +- 1.0521719e-07) pb
LHAPDF 6.2.3 loading /pool/condor/dir_44186/resummino-releases/lhapdf-prefix/share/LHAPDF/PDF4LHC21_40/PDF4LHC21_40_0018.dat
PDF4LHC21_40 PDF set, member #18, version 1
 alpha_s(M_Z^2) = 0.1180 	 for NLO PDF set 
 alpha_s(1100.000^2) = 0.0859 	 for NLO PDF set 

********************
* LO cross section *
********************
The limits of integration are:

xl[0]=0.000000    xu[0]=1.000000
xl[1]=0.000000    xu[1]=1.000000
xl[2]=0.000000    xu[2]=1.000000

num_dim=3, calls=2000, it_num=1, max_it_num=5 verb=0, alph=1.50,
mode=0, bins=50, boxes=1

       single.......iteration                   accumulated......results   
iteration     integral    sigma             integral         sigma     chi-sq/it

   1        2.6338e-04   1.05e-05          2.6338e-04      1.05e-05    0.00e+00
   2        2.8807e-04   3.49e-06          2.8562e-04      3.31e-06    4.98e+00
   3        2.8930e-04   1.85e-06          2.8842e-04      1.62e-06    2.96e+00
   4        2.8695e-04   1.73e-06          2.8774e-04      1.18e-06    2.10e+00
   5        2.8728e-04   1.73e-06          2.8759e-04      9.77e-07    1.59e+00

num_dim=3, calls=20000, it_num=1, max_it_num=5 verb=0, alph=1.50,
mode=0, bins=50, boxes=1

       single.......iteration                   accumulated......results   
iteration     integral    sigma             integral         sigma     chi-sq/it

   1        2.8911e-04   5.39e-07          2.8911e-04      5.39e-07    0.00e+00
   2        2.8870e-04   5.19e-07          2.8890e-04      3.74e-07    2.98e-01
   3        2.8890e-04   5.02e-07          2.8890e-04      3.00e-07    1.49e-01
   4        2.8890e-04   5.34e-07          2.8890e-04      2.62e-07    9.94e-02
   5        2.8796e-04   5.47e-07          2.8872e-04      2.36e-07    6.66e-01
   5        2.8766e-04   5.40e-07          2.8855e-04      2.16e-07    1.18e+00
   5        2.8841e-04   5.38e-07          2.8853e-04      2.01e-07    9.94e-01
   5        2.8764e-04   5.55e-07          2.8843e-04      1.89e-07    1.18e+00
   5        2.8830e-04   5.65e-07          2.8842e-04      1.79e-07    1.04e+00
   5        2.8754e-04   5.74e-07          2.8834e-04      1.71e-07    1.16e+00
   5        2.8854e-04   5.84e-07          2.8836e-04      1.64e-07    1.05e+00
   5        2.8850e-04   6.01e-07          2.8837e-04      1.58e-07    9.63e-01
   5        2.8898e-04   6.23e-07          2.8840e-04      1.53e-07    9.59e-01
   5        2.8882e-04   6.57e-07          2.8843e-04      1.49e-07    9.15e-01
   5        2.8922e-04   6.85e-07          2.8846e-04      1.46e-07    9.41e-01
   5        2.8804e-04   7.03e-07          2.8844e-04      1.43e-07    9.01e-01
   5        2.8761e-04   7.22e-07          2.8841e-04      1.40e-07    9.26e-01
   5        2.8901e-04   7.47e-07          2.8843e-04      1.38e-07    9.08e-01
   5        2.8921e-04   7.86e-07          2.8846e-04      1.36e-07    9.11e-01
   5        2.8905e-04   8.06e-07          2.8847e-04      1.34e-07    8.90e-01
   5        2.8711e-04   8.36e-07          2.8844e-04      1.32e-07    9.75e-01
   5        2.8907e-04   8.70e-07          2.8845e-04      1.31e-07    9.53e-01
   5        2.8888e-04   8.77e-07          2.8846e-04      1.29e-07    9.21e-01
   5        2.8917e-04   8.96e-07          2.8848e-04      1.28e-07    9.07e-01
   5        2.8934e-04   9.04e-07          2.8849e-04      1.27e-07    9.06e-01
   5        2.8733e-04   8.88e-07          2.8847e-04      1.25e-07    9.38e-01
   5        2.8997e-04   9.28e-07          2.8850e-04      1.24e-07    1.00e+00
   5        2.8835e-04   9.29e-07          2.8849e-04      1.23e-07    9.64e-01
   5        2.8878e-04   9.70e-07          2.8850e-04      1.22e-07    9.33e-01
   5        2.8882e-04   9.41e-07          2.8850e-04      1.21e-07    9.05e-01
   5        2.8839e-04   9.45e-07          2.8850e-04      1.20e-07    8.75e-01
   5        2.8871e-04   9.75e-07          2.8851e-04      1.19e-07    8.48e-01
   5        2.8943e-04   9.76e-07          2.8852e-04      1.18e-07    8.49e-01
   5        2.8789e-04   9.86e-07          2.8851e-04      1.18e-07    8.35e-01
   5        2.8690e-04   9.73e-07          2.8849e-04      1.17e-07    8.91e-01
   5        2.8965e-04   1.00e-06          2.8850e-04      1.16e-07    9.03e-01
   5        2.8653e-04   1.03e-06          2.8848e-04      1.15e-07    9.78e-01
   5        2.8739e-04   1.06e-06          2.8847e-04      1.14e-07    9.79e-01
   5        2.8865e-04   1.07e-06          2.8847e-04      1.14e-07    9.54e-01
   5        2.8804e-04   1.07e-06          2.8846e-04      1.13e-07    9.34e-01
   5        2.8821e-04   1.05e-06          2.8846e-04      1.13e-07    9.12e-01
   5        2.8751e-04   1.08e-06          2.8845e-04      1.12e-07    9.08e-01
   5        2.9159e-04   1.12e-06          2.8848e-04      1.11e-07    1.07e+00
   5        2.8905e-04   1.03e-06          2.8849e-04      1.11e-07    1.05e+00
   5        2.8687e-04   1.04e-06          2.8847e-04      1.10e-07    1.09e+00
   5        2.8834e-04   1.04e-06          2.8847e-04      1.09e-07    1.06e+00
   5        2.8966e-04   1.06e-06          2.8848e-04      1.09e-07    1.07e+00
   5        2.8618e-04   1.06e-06          2.8846e-04      1.08e-07    1.14e+00
   5        2.9059e-04   1.07e-06          2.8848e-04      1.08e-07    1.20e+00
   5        2.9020e-04   1.11e-06          2.8849e-04      1.07e-07    1.22e+00
   5        2.8839e-04   1.10e-06          2.8849e-04      1.07e-07    1.20e+00
   5        2.8725e-04   1.12e-06          2.8848e-04      1.06e-07    1.20e+00
   5        2.8879e-04   1.07e-06          2.8848e-04      1.06e-07    1.18e+00
   5        2.8945e-04   1.08e-06          2.8849e-04      1.05e-07    1.17e+00
   5        2.8957e-04   1.03e-06          2.8850e-04      1.05e-07    1.17e+00
LO = (2.8850462e-04 +- 1.0473490e-07) pb

*******************************************
* virtual corrections + integrated dipole *
*******************************************
The limits of integration are:

xl[0]=0.000000    xu[0]=1.000000
xl[1]=0.000000    xu[1]=1.000000
xl[2]=0.000000    xu[2]=1.000000

num_dim=3, calls=240, it_num=1, max_it_num=5 verb=0, alph=1.50,
mode=0, bins=50, boxes=1

       single.......iteration                   accumulated......results   
iteration     integral    sigma             integral         sigma     chi-sq/it

   1        9.7841e-06   1.16e-06          9.7841e-06      1.16e-06    0.00e+00
   2        1.0256e-05   4.98e-07          1.0182e-05      4.58e-07    1.40e-01
   3        1.0683e-05   3.20e-07          1.0519e-05      2.62e-07    4.72e-01
   4        1.0746e-05   2.64e-07          1.0632e-05      1.86e-07    4.39e-01
   5        1.0958e-05   2.47e-07          1.0750e-05      1.49e-07    6.07e-01

num_dim=3, calls=1200, it_num=1, max_it_num=3 verb=0, alph=1.50,
mode=0, bins=50, boxes=1

       single.......iteration                   accumulated......results   
iteration     integral    sigma             integral         sigma     chi-sq/it

   1        1.0261e-05   1.04e-07          1.0261e-05      1.04e-07    0.00e+00
   2        1.0497e-05   8.78e-08          1.0399e-05      6.70e-08    3.03e+00
   3        1.0462e-05   8.51e-08          1.0423e-05      5.26e-08    1.69e+00
   3        1.0670e-05   8.09e-08          1.0496e-05      4.41e-08    3.30e+00
   3        1.0401e-05   8.80e-08          1.0477e-05      3.94e-08    2.71e+00
   3        1.0492e-05   8.59e-08          1.0480e-05      3.58e-08    2.17e+00
   3        1.0412e-05   8.78e-08          1.0470e-05      3.32e-08    1.90e+00
   3        1.0584e-05   8.33e-08          1.0486e-05      3.08e-08    1.85e+00
   3        1.0612e-05   8.73e-08          1.0500e-05      2.91e-08    1.86e+00
   3        1.0534e-05   8.30e-08          1.0503e-05      2.74e-08    1.67e+00
   3        1.0471e-05   8.28e-08          1.0500e-05      2.60e-08    1.51e+00
   3        1.0502e-05   8.40e-08          1.0500e-05      2.49e-08    1.38e+00
vNLO = (1.0500275e-05 +- 2.4874718e-08) pb

*****************************
* collinear remainder (P+K) *
*****************************
The limits of integration are:

xl[0]=0.000000    xu[0]=1.000000
xl[1]=0.000000    xu[1]=1.000000
xl[2]=0.000000    xu[2]=1.000000
xl[3]=0.000000    xu[3]=1.000000

num_dim=4, calls=2500, it_num=1, max_it_num=5 verb=0, alph=1.50,
mode=0, bins=50, boxes=1

       single.......iteration                   accumulated......results   
iteration     integral    sigma             integral         sigma     chi-sq/it

   1        4.2883e-05   3.16e-06          4.2883e-05      3.16e-06    0.00e+00
   2        4.2890e-05   8.87e-07          4.2890e-05      8.54e-07    5.04e-06
   3        4.0624e-05   6.79e-07          4.1501e-05      5.32e-07    2.16e+00
   4        4.2026e-05   5.69e-07          4.1745e-05      3.88e-07    1.59e+00
   5        4.1843e-05   5.61e-07          4.1777e-05      3.19e-07    1.20e+00

num_dim=4, calls=25000, it_num=1, max_it_num=3 verb=0, alph=1.50,
mode=0, bins=50, boxes=1

       single.......iteration                   accumulated......results   
iteration     integral    sigma             integral         sigma     chi-sq/it

   1        4.1148e-05   1.86e-07          4.1148e-05      1.86e-07    0.00e+00
   2        4.1008e-05   1.89e-07          4.1079e-05      1.32e-07    2.79e-01
   3        4.0965e-05   1.86e-07          4.1041e-05      1.08e-07    2.65e-01
   3        4.1069e-05   1.86e-07          4.1048e-05      9.32e-08    1.82e-01
   3        4.0818e-05   1.90e-07          4.1003e-05      8.37e-08    4.32e-01
   3        4.0734e-05   1.88e-07          4.0959e-05      7.64e-08    6.90e-01
P+K = (4.0958765e-05 +- 7.6442054e-08) pb

********************************
* real gluon emission - dipole *
********************************
The limits of integration are:

xl[0]=0.000000    xu[0]=1.000000
xl[1]=0.000000    xu[1]=1.000000
xl[2]=0.000000    xu[2]=1.000000
xl[3]=0.000000    xu[3]=1.000000
xl[4]=0.000000    xu[4]=1.000000
xl[5]=0.000000    xu[5]=1.000000

num_dim=6, calls=250, it_num=1, max_it_num=5 verb=0, alph=1.50,
mode=0, bins=50, boxes=1

       single.......iteration                   accumulated......results   
iteration     integral    sigma             integral         sigma     chi-sq/it

   1        -5.6657e-07   1.24e-07          -5.6657e-07      1.24e-07    0.00e+00
   2        -6.6698e-07   1.25e-07          -6.1621e-07      8.79e-08    3.26e-01
   3        -6.2977e-07   7.19e-08          -6.2433e-07      5.56e-08    1.70e-01
   4        -7.2595e-07   9.01e-08          -6.5237e-07      4.73e-08    4.20e-01
   5        -6.6466e-07   5.17e-08          -6.5798e-07      3.49e-08    3.23e-01

num_dim=6, calls=2500, it_num=1, max_it_num=3 verb=0, alph=1.50,
mode=0, bins=50, boxes=1

       single.......iteration                   accumulated......results   
iteration     integral    sigma             integral         sigma     chi-sq/it

   1        -6.6360e-07   1.38e-08          -6.6360e-07      1.38e-08    0.00e+00
   2        -6.5649e-07   8.30e-09          -6.5838e-07      7.11e-09    1.95e-01
   3        -6.6270e-07   6.44e-09          -6.6076e-07      4.77e-09    1.99e-01
   3        -6.6158e-07   6.43e-09          -6.6105e-07      3.83e-09    1.36e-01
   3        -6.7084e-07   5.95e-09          -6.6392e-07      3.22e-09    5.81e-01
rNLOg = (-6.6391884e-07 +- 3.2211247e-09) pb

**************************************************
* real light quark emission - dipole - (onshell) *
**************************************************
The limits of integration are:

xl[0]=0.000000    xu[0]=1.000000
xl[1]=0.000000    xu[1]=1.000000
xl[2]=0.000000    xu[2]=1.000000
xl[3]=0.000000    xu[3]=1.000000
xl[4]=0.000000    xu[4]=1.000000
xl[5]=0.000000    xu[5]=1.000000

num_dim=6, calls=5000, it_num=1, max_it_num=5 verb=0, alph=1.50,
mode=0, bins=50, boxes=1

       single.......iteration                   accumulated......results   
iteration     integral    sigma             integral         sigma     chi-sq/it

   1        1.6660e-06   8.44e-08          1.6660e-06      8.44e-08    0.00e+00
   2        1.6525e-06   3.14e-08          1.6542e-06      2.94e-08    2.24e-02
   3        1.6476e-06   1.77e-08          1.6493e-06      1.52e-08    2.96e-02
   4        1.6532e-06   1.14e-08          1.6518e-06      9.09e-09    3.35e-02
   5        1.6562e-06   9.55e-09          1.6539e-06      6.58e-09    5.27e-02

num_dim=6, calls=50000, it_num=1, max_it_num=5 verb=0, alph=1.50,
mode=0, bins=50, boxes=1

       single.......iteration                   accumulated......results   
iteration     integral    sigma             integral         sigma     chi-sq/it

   1        1.6528e-06   2.93e-09          1.6528e-06      2.93e-09    0.00e+00
   2        1.6564e-06   3.69e-09          1.6542e-06      2.29e-09    5.97e-01
   3        1.6594e-06   3.91e-09          1.6555e-06      1.98e-09    9.53e-01
   4        1.6568e-06   3.19e-09          1.6559e-06      1.68e-09    6.71e-01
   5        1.6577e-06   3.50e-09          1.6562e-06      1.52e-09    5.61e-01
rNLOq = (1.6562250e-06 +- 1.5160911e-09) pb
NLO = (3.4095596e-04 +- 1.3207654e-07) pb
#chisq/dof = 1.77223e-09
#status = success
#chisq/dof = 1.56826e-09
#status = success
#chisq/dof = 7.34513e-10
#status = success
#chisq/dof = 1.85776e-09
#status = success
#chisq/dof = 1.7578e-10
#status = success
#chisq/dof = 3.00532e-12
#status = success
#chisq/dof = 2.69107e-10
#status = success
#chisq/dof = 1.144e-10
#status = success

*******************************************************
* threshold resummation (unimproved nnll) - expansion *
*******************************************************
The limits of integration are:

xl[0]=0.000000    xu[0]=1.000000
xl[1]=0.000000    xu[1]=1.000000
xl[2]=0.000000    xu[2]=1.000000

num_dim=3, calls=7000, it_num=1, max_it_num=5 verb=0, alph=1.50,
mode=0, bins=50, boxes=1

       single.......iteration                   accumulated......results   
iteration     integral    sigma             integral         sigma     chi-sq/it

   1        4.4621e-06   2.25e-07          4.4621e-06      2.25e-07    0.00e+00
   2        4.4013e-06   1.26e-07          4.4158e-06      1.10e-07    5.57e-02
   3        4.3802e-06   1.18e-07          4.3992e-06      8.04e-08    5.22e-02
   4        4.5695e-06   1.18e-07          4.4535e-06      6.63e-08    5.12e-01
   5        4.2090e-06   1.19e-07          4.3956e-06      5.80e-08    1.19e+00

num_dim=3, calls=35000, it_num=1, max_it_num=5 verb=0, alph=1.50,
mode=0, bins=50, boxes=1

       single.......iteration                   accumulated......results   
iteration     integral    sigma             integral         sigma     chi-sq/it

   1        4.3492e-06   5.27e-08          4.3492e-06      5.27e-08    0.00e+00
   2        4.4185e-06   5.28e-08          4.3838e-06      3.73e-08    8.65e-01
   3        4.4463e-06   5.24e-08          4.4048e-06      3.04e-08    9.04e-01
   4        4.4088e-06   5.28e-08          4.4058e-06      2.63e-08    6.04e-01
   5        4.4339e-06   5.27e-08          4.4114e-06      2.36e-08    5.10e-01
aNNLO+NNLL = (3.4536736e-04 +- 1.3415998e-07) pb

Results:
LO = (2.9030552e-04 +- 1.0521719e-07) pb
NLO = (3.4095596e-04 +- 1.3207654e-07) pb
aNNLO+NNLL = (3.4536736e-04 +- 1.3415998e-07) pb
Thanks for using LHAPDF 6.2.3. Please make sure to cite the paper:
  Eur.Phys.J. C75 (2015) 3, 132  (http://arxiv.org/abs/1412.7420)
 ====================================================
   FF 2.0, a package to evaluate one-loop integrals
 written by G. J. van Oldenborgh, NIKHEF-H, Amsterdam
 ====================================================
 for the algorithms used see preprint NIKHEF-H 89/17,
 'New Algorithms for One-loop Integrals', by G.J. van
 Oldenborgh and J.A.M. Vermaseren, published in 
 Zeitschrift fuer Physik C46(1990)425.
 ====================================================
 
total number of errors and warnings
===================================
fferr: no errors
 
