
  Welcome to Resummino git-latest
  Copyright 2008-2010 Jonathan Debove.
  Copyright 2011-2014 David R. Lamprea.
  Copyright 2011-2016 Marcel Rothering.

  Licensed under the EUPL 1.1 or later.
  See http://www.resummino.org/ for more information.

  If using Resummino for slepton pair production, please cite.
  - G. Bozzi, B. Fuks, M. Klasen, PRD 74, 015001 (2006); NPB 777, 157 (2007); NPB 794, 46 (2007).
  - B. Fuks, M. Klasen, D. R. Lamprea, M. Rothering, EPJC 73, 2480 (2013).

  For gaugino pair production, please cite:
  - J. Debove, B. Fuks, M. Klasen, PLB 688, 208 (2010); NPB 842, 51 (2011); NPB 849, 64 (2011).
  - B. Fuks, M. Klasen, D. R. Lamprea, M. Rothering, JHEP 1210, 081 (2012); EPJC 73, 2480 (2013).

  For associated gaugino gluino production, please cite:
  - B. Fuks, M. Klasen, M. Rothering, JHEP 07:053, (2016).
  - B. Fuks, M. Klasen, D. R. Lamprea, M. Rothering, EPJC 73, 2480 (2013).

LHAPDF 6.2.3 loading /pool/condor/dir_1774/resummino-releases/lhapdf-prefix/share/LHAPDF/PDF4LHC21_40/PDF4LHC21_40_0000.dat
PDF4LHC21_40 PDF set, member #0, version 1
 alpha_s(M_Z^2) = 0.1180 	 for LO PDF set 
 alpha_s(600.000^2) = 0.0920 	 for LO PDF set 

********************
* LO cross section *
********************
The limits of integration are:

xl[0]=0.000000    xu[0]=1.000000
xl[1]=0.000000    xu[1]=1.000000
xl[2]=0.000000    xu[2]=1.000000

num_dim=3, calls=2000, it_num=1, max_it_num=5 verb=0, alph=1.50,
mode=0, bins=50, boxes=1

       single.......iteration                   accumulated......results   
iteration     integral    sigma             integral         sigma     chi-sq/it

   1        7.7259e-03   3.02e-04          7.7259e-03      3.02e-04    0.00e+00
   2        8.3569e-03   1.01e-04          8.2932e-03      9.59e-05    3.93e+00
   3        8.3948e-03   5.76e-05          8.3679e-03      4.94e-05    2.38e+00
   4        8.3200e-03   5.44e-05          8.3463e-03      3.66e-05    1.73e+00
   5        8.3340e-03   5.52e-05          8.3425e-03      3.05e-05    1.30e+00

num_dim=3, calls=20000, it_num=1, max_it_num=5 verb=0, alph=1.50,
mode=0, bins=50, boxes=1

       single.......iteration                   accumulated......results   
iteration     integral    sigma             integral         sigma     chi-sq/it

   1        8.3974e-03   1.70e-05          8.3974e-03      1.70e-05    0.00e+00
   2        8.3836e-03   1.65e-05          8.3903e-03      1.18e-05    3.44e-01
   3        8.3877e-03   1.60e-05          8.3894e-03      9.52e-06    1.80e-01
   4        8.3891e-03   1.69e-05          8.3893e-03      8.30e-06    1.20e-01
   5        8.3612e-03   1.71e-05          8.3840e-03      7.46e-06    6.37e-01
   5        8.3523e-03   1.71e-05          8.3789e-03      6.84e-06    1.09e+00
   5        8.3697e-03   1.69e-05          8.3776e-03      6.34e-06    9.48e-01
   5        8.3496e-03   1.74e-05          8.3743e-03      5.95e-06    1.14e+00
   5        8.3703e-03   1.77e-05          8.3739e-03      5.64e-06    1.00e+00
   5        8.3474e-03   1.80e-05          8.3715e-03      5.38e-06    1.11e+00
   5        8.3796e-03   1.82e-05          8.3722e-03      5.16e-06    1.02e+00
   5        8.3751e-03   1.86e-05          8.3724e-03      4.97e-06    9.27e-01
   5        8.3872e-03   1.92e-05          8.3733e-03      4.81e-06    8.96e-01
   5        8.3918e-03   2.02e-05          8.3743e-03      4.68e-06    8.88e-01
   5        8.3976e-03   2.09e-05          8.3754e-03      4.57e-06    9.09e-01
   5        8.3614e-03   2.14e-05          8.3748e-03      4.47e-06    8.76e-01
   5        8.3567e-03   2.20e-05          8.3741e-03      4.38e-06    8.62e-01
   5        8.3878e-03   2.27e-05          8.3746e-03      4.30e-06    8.32e-01
   5        8.3983e-03   2.38e-05          8.3753e-03      4.23e-06    8.40e-01
   5        8.3974e-03   2.43e-05          8.3760e-03      4.17e-06    8.38e-01
   5        8.3331e-03   2.49e-05          8.3748e-03      4.11e-06    9.40e-01
   5        8.3979e-03   2.57e-05          8.3754e-03      4.06e-06    9.33e-01
   5        8.3838e-03   2.61e-05          8.3756e-03      4.01e-06    8.95e-01
   5        8.3951e-03   2.67e-05          8.3760e-03      3.97e-06    8.79e-01
   5        8.4029e-03   2.66e-05          8.3766e-03      3.92e-06    8.84e-01
   5        8.3377e-03   2.62e-05          8.3757e-03      3.88e-06    9.35e-01
   5        8.4193e-03   2.72e-05          8.3766e-03      3.84e-06    9.95e-01
   5        8.3725e-03   2.73e-05          8.3765e-03      3.80e-06    9.59e-01
   5        8.3880e-03   2.85e-05          8.3767e-03      3.77e-06    9.31e-01
   5        8.3834e-03   2.77e-05          8.3769e-03      3.74e-06    9.01e-01
   5        8.3690e-03   2.78e-05          8.3767e-03      3.70e-06    8.73e-01
   5        8.3804e-03   2.87e-05          8.3768e-03      3.67e-06    8.46e-01
   5        8.4046e-03   2.88e-05          8.3772e-03      3.64e-06    8.48e-01
   5        8.3585e-03   2.89e-05          8.3769e-03      3.61e-06    8.35e-01
   5        8.3239e-03   2.85e-05          8.3761e-03      3.59e-06    9.10e-01
   5        8.4084e-03   2.93e-05          8.3766e-03      3.56e-06    9.18e-01
   5        8.3260e-03   3.05e-05          8.3759e-03      3.54e-06    9.68e-01
   5        8.3526e-03   3.14e-05          8.3756e-03      3.51e-06    9.57e-01
   5        8.3806e-03   3.14e-05          8.3757e-03      3.49e-06    9.32e-01
   5        8.3610e-03   3.14e-05          8.3755e-03      3.47e-06    9.14e-01
   5        8.3653e-03   3.12e-05          8.3754e-03      3.45e-06    8.93e-01
   5        8.3439e-03   3.16e-05          8.3750e-03      3.43e-06    8.96e-01
   5        8.4628e-03   3.27e-05          8.3759e-03      3.41e-06    1.04e+00
   5        8.3955e-03   3.00e-05          8.3762e-03      3.39e-06    1.03e+00
   5        8.3228e-03   3.03e-05          8.3755e-03      3.37e-06    1.08e+00
   5        8.3733e-03   3.04e-05          8.3755e-03      3.35e-06    1.05e+00
   5        8.4140e-03   3.11e-05          8.3759e-03      3.33e-06    1.06e+00
   5        8.3061e-03   3.14e-05          8.3752e-03      3.31e-06    1.14e+00
   5        8.4377e-03   3.17e-05          8.3758e-03      3.29e-06    1.20e+00
   5        8.4216e-03   3.27e-05          8.3763e-03      3.27e-06    1.22e+00
   5        8.3687e-03   3.24e-05          8.3762e-03      3.26e-06    1.19e+00
   5        8.3413e-03   3.29e-05          8.3759e-03      3.24e-06    1.19e+00
   5        8.3861e-03   3.15e-05          8.3760e-03      3.22e-06    1.17e+00
   5        8.4017e-03   3.19e-05          8.3762e-03      3.21e-06    1.16e+00
   5        8.4048e-03   3.07e-05          8.3766e-03      3.19e-06    1.15e+00
LO = (8.3765574e-03 +- 3.1910183e-06) pb
LHAPDF 6.2.3 loading /pool/condor/dir_1774/resummino-releases/lhapdf-prefix/share/LHAPDF/PDF4LHC21_40/PDF4LHC21_40_0011.dat
PDF4LHC21_40 PDF set, member #11, version 1
 alpha_s(M_Z^2) = 0.1180 	 for NLO PDF set 
 alpha_s(600.000^2) = 0.0920 	 for NLO PDF set 

********************
* LO cross section *
********************
The limits of integration are:

xl[0]=0.000000    xu[0]=1.000000
xl[1]=0.000000    xu[1]=1.000000
xl[2]=0.000000    xu[2]=1.000000

num_dim=3, calls=2000, it_num=1, max_it_num=5 verb=0, alph=1.50,
mode=0, bins=50, boxes=1

       single.......iteration                   accumulated......results   
iteration     integral    sigma             integral         sigma     chi-sq/it

   1        7.7452e-03   3.02e-04          7.7452e-03      3.02e-04    0.00e+00
   2        8.3775e-03   1.01e-04          8.3137e-03      9.60e-05    3.93e+00
   3        8.4155e-03   5.77e-05          8.3885e-03      4.95e-05    2.38e+00
   4        8.3407e-03   5.46e-05          8.3669e-03      3.67e-05    1.72e+00
   5        8.3549e-03   5.54e-05          8.3633e-03      3.06e-05    1.30e+00

num_dim=3, calls=20000, it_num=1, max_it_num=5 verb=0, alph=1.50,
mode=0, bins=50, boxes=1

       single.......iteration                   accumulated......results   
iteration     integral    sigma             integral         sigma     chi-sq/it

   1        8.4184e-03   1.71e-05          8.4184e-03      1.71e-05    0.00e+00
   2        8.4045e-03   1.65e-05          8.4112e-03      1.19e-05    3.41e-01
   3        8.4086e-03   1.61e-05          8.4103e-03      9.54e-06    1.79e-01
   4        8.4100e-03   1.70e-05          8.4102e-03      8.32e-06    1.20e-01
   5        8.3820e-03   1.71e-05          8.4049e-03      7.49e-06    6.37e-01
   5        8.3732e-03   1.71e-05          8.3998e-03      6.86e-06    1.08e+00
   5        8.3905e-03   1.69e-05          8.3985e-03      6.35e-06    9.47e-01
   5        8.3705e-03   1.75e-05          8.3952e-03      5.97e-06    1.14e+00
   5        8.3912e-03   1.77e-05          8.3948e-03      5.66e-06    9.99e-01
   5        8.3683e-03   1.80e-05          8.3924e-03      5.40e-06    1.11e+00
   5        8.4005e-03   1.82e-05          8.3931e-03      5.18e-06    1.02e+00
   5        8.3961e-03   1.87e-05          8.3933e-03      4.99e-06    9.25e-01
   5        8.4081e-03   1.92e-05          8.3942e-03      4.83e-06    8.94e-01
   5        8.4128e-03   2.03e-05          8.3952e-03      4.70e-06    8.87e-01
   5        8.4186e-03   2.09e-05          8.3963e-03      4.58e-06    9.08e-01
   5        8.3823e-03   2.14e-05          8.3957e-03      4.48e-06    8.75e-01
   5        8.3775e-03   2.20e-05          8.3950e-03      4.39e-06    8.61e-01
   5        8.4088e-03   2.27e-05          8.3955e-03      4.31e-06    8.32e-01
   5        8.4193e-03   2.38e-05          8.3962e-03      4.24e-06    8.39e-01
   5        8.4182e-03   2.43e-05          8.3969e-03      4.18e-06    8.37e-01
   5        8.3539e-03   2.49e-05          8.3957e-03      4.12e-06    9.40e-01
   5        8.4188e-03   2.58e-05          8.3963e-03      4.07e-06    9.32e-01
   5        8.4047e-03   2.61e-05          8.3965e-03      4.02e-06    8.94e-01
   5        8.4162e-03   2.68e-05          8.3969e-03      3.98e-06    8.78e-01
   5        8.4238e-03   2.67e-05          8.3975e-03      3.93e-06    8.83e-01
   5        8.3584e-03   2.63e-05          8.3966e-03      3.89e-06    9.34e-01
   5        8.4402e-03   2.73e-05          8.3975e-03      3.85e-06    9.95e-01
   5        8.3934e-03   2.74e-05          8.3974e-03      3.81e-06    9.59e-01
   5        8.4089e-03   2.86e-05          8.3976e-03      3.78e-06    9.30e-01
   5        8.4042e-03   2.78e-05          8.3978e-03      3.75e-06    9.00e-01
   5        8.3899e-03   2.78e-05          8.3976e-03      3.71e-06    8.72e-01
   5        8.4012e-03   2.87e-05          8.3977e-03      3.68e-06    8.45e-01
   5        8.4255e-03   2.89e-05          8.3981e-03      3.65e-06    8.47e-01
   5        8.3792e-03   2.90e-05          8.3978e-03      3.62e-06    8.34e-01
   5        8.3447e-03   2.86e-05          8.3970e-03      3.60e-06    9.09e-01
   5        8.4295e-03   2.94e-05          8.3975e-03      3.57e-06    9.18e-01
   5        8.3467e-03   3.06e-05          8.3968e-03      3.54e-06    9.68e-01
   5        8.3733e-03   3.15e-05          8.3965e-03      3.52e-06    9.56e-01
   5        8.4015e-03   3.15e-05          8.3965e-03      3.50e-06    9.32e-01
   5        8.3817e-03   3.15e-05          8.3964e-03      3.48e-06    9.13e-01
   5        8.3862e-03   3.13e-05          8.3962e-03      3.46e-06    8.93e-01
   5        8.3646e-03   3.17e-05          8.3959e-03      3.44e-06    8.95e-01
   5        8.4840e-03   3.28e-05          8.3968e-03      3.42e-06    1.04e+00
   5        8.4165e-03   3.01e-05          8.3971e-03      3.40e-06    1.03e+00
   5        8.3437e-03   3.03e-05          8.3964e-03      3.38e-06    1.08e+00
   5        8.3942e-03   3.04e-05          8.3964e-03      3.36e-06    1.05e+00
   5        8.4349e-03   3.12e-05          8.3968e-03      3.34e-06    1.06e+00
   5        8.3272e-03   3.14e-05          8.3961e-03      3.32e-06    1.14e+00
   5        8.4586e-03   3.17e-05          8.3967e-03      3.30e-06    1.20e+00
   5        8.4425e-03   3.28e-05          8.3972e-03      3.28e-06    1.21e+00
   5        8.3896e-03   3.25e-05          8.3971e-03      3.27e-06    1.19e+00
   5        8.3621e-03   3.30e-05          8.3968e-03      3.25e-06    1.19e+00
   5        8.4071e-03   3.16e-05          8.3969e-03      3.23e-06    1.17e+00
   5        8.4227e-03   3.20e-05          8.3971e-03      3.22e-06    1.16e+00
   5        8.4257e-03   3.07e-05          8.3975e-03      3.20e-06    1.15e+00
LO = (8.3974525e-03 +- 3.1992763e-06) pb

*******************************************
* virtual corrections + integrated dipole *
*******************************************
The limits of integration are:

xl[0]=0.000000    xu[0]=1.000000
xl[1]=0.000000    xu[1]=1.000000
xl[2]=0.000000    xu[2]=1.000000

num_dim=3, calls=240, it_num=1, max_it_num=5 verb=0, alph=1.50,
mode=0, bins=50, boxes=1

       single.......iteration                   accumulated......results   
iteration     integral    sigma             integral         sigma     chi-sq/it

   1        3.1105e-04   3.62e-05          3.1105e-04      3.62e-05    0.00e+00
   2        3.2031e-04   1.50e-05          3.1895e-04      1.39e-05    5.59e-02
   3        3.3312e-04   1.02e-05          3.2818e-04      8.20e-06    3.67e-01
   4        3.3627e-04   8.56e-06          3.3205e-04      5.92e-06    4.00e-01
   5        3.4232e-04   8.06e-06          3.3565e-04      4.77e-06    5.63e-01

num_dim=3, calls=1200, it_num=1, max_it_num=3 verb=0, alph=1.50,
mode=0, bins=50, boxes=1

       single.......iteration                   accumulated......results   
iteration     integral    sigma             integral         sigma     chi-sq/it

   1        3.1955e-04   3.44e-06          3.1955e-04      3.44e-06    0.00e+00
   2        3.2667e-04   2.96e-06          3.2364e-04      2.25e-06    2.46e+00
   3        3.2534e-04   2.83e-06          3.2430e-04      1.76e-06    1.34e+00
vNLO = (3.2429848e-04 +- 1.7602233e-06) pb

*****************************
* collinear remainder (P+K) *
*****************************
The limits of integration are:

xl[0]=0.000000    xu[0]=1.000000
xl[1]=0.000000    xu[1]=1.000000
xl[2]=0.000000    xu[2]=1.000000
xl[3]=0.000000    xu[3]=1.000000

num_dim=4, calls=2500, it_num=1, max_it_num=5 verb=0, alph=1.50,
mode=0, bins=50, boxes=1

       single.......iteration                   accumulated......results   
iteration     integral    sigma             integral         sigma     chi-sq/it

   1        9.9434e-04   7.91e-05          9.9434e-04      7.91e-05    0.00e+00
   2        9.9169e-04   2.64e-05          9.9195e-04      2.50e-05    1.01e-03
   3        9.6727e-04   2.12e-05          9.7760e-04      1.62e-05    2.83e-01
   4        9.6284e-04   2.02e-05          9.7183e-04      1.26e-05    2.97e-01
   5        9.8382e-04   2.03e-05          9.7517e-04      1.07e-05    2.85e-01

num_dim=4, calls=25000, it_num=1, max_it_num=3 verb=0, alph=1.50,
mode=0, bins=50, boxes=1

       single.......iteration                   accumulated......results   
iteration     integral    sigma             integral         sigma     chi-sq/it

   1        9.4621e-04   6.50e-06          9.4621e-04      6.50e-06    0.00e+00
   2        9.4713e-04   6.46e-06          9.4667e-04      4.58e-06    1.02e-02
   3        9.4554e-04   6.41e-06          9.4629e-04      3.73e-06    1.55e-02
   3        9.4645e-04   6.38e-06          9.4633e-04      3.22e-06    1.05e-02
   3        9.5229e-04   6.39e-06          9.4754e-04      2.87e-06    1.81e-01
   3        9.3922e-04   6.40e-06          9.4614e-04      2.62e-06    4.26e-01
   3        9.4786e-04   6.44e-06          9.4639e-04      2.43e-06    3.65e-01
   3        9.4404e-04   6.48e-06          9.4610e-04      2.27e-06    3.29e-01
   3        9.4740e-04   6.46e-06          9.4624e-04      2.14e-06    2.93e-01
   3        9.5600e-04   6.36e-06          9.4724e-04      2.03e-06    4.95e-01
   3        9.3842e-04   6.51e-06          9.4646e-04      1.94e-06    6.13e-01
P+K = (9.4645602e-04 +- 1.9399358e-06) pb

********************************
* real gluon emission - dipole *
********************************
The limits of integration are:

xl[0]=0.000000    xu[0]=1.000000
xl[1]=0.000000    xu[1]=1.000000
xl[2]=0.000000    xu[2]=1.000000
xl[3]=0.000000    xu[3]=1.000000
xl[4]=0.000000    xu[4]=1.000000
xl[5]=0.000000    xu[5]=1.000000

num_dim=6, calls=250, it_num=1, max_it_num=5 verb=0, alph=1.50,
mode=0, bins=50, boxes=1

       single.......iteration                   accumulated......results   
iteration     integral    sigma             integral         sigma     chi-sq/it

   1        -2.9538e-05   6.19e-06          -2.9538e-05      6.19e-06    0.00e+00
   2        -3.4211e-05   7.00e-06          -3.1588e-05      4.64e-06    2.50e-01
   3        -3.6942e-05   5.32e-06          -3.3899e-05      3.50e-06    4.12e-01
   4        -4.0507e-05   7.65e-06          -3.5043e-05      3.18e-06    4.81e-01
   5        -3.6322e-05   4.42e-06          -3.5479e-05      2.58e-06    3.74e-01

num_dim=6, calls=2500, it_num=1, max_it_num=3 verb=0, alph=1.50,
mode=0, bins=50, boxes=1

       single.......iteration                   accumulated......results   
iteration     integral    sigma             integral         sigma     chi-sq/it

   1        -3.5918e-05   1.19e-06          -3.5918e-05      1.19e-06    0.00e+00
   2        -3.4607e-05   5.48e-07          -3.4835e-05      4.98e-07    9.97e-01
   3        -3.4795e-05   4.11e-07          -3.4811e-05      3.17e-07    5.01e-01
rNLOg = (-3.4811215e-05 +- 3.1706274e-07) pb

**************************************************
* real light quark emission - dipole - (onshell) *
**************************************************
The limits of integration are:

xl[0]=0.000000    xu[0]=1.000000
xl[1]=0.000000    xu[1]=1.000000
xl[2]=0.000000    xu[2]=1.000000
xl[3]=0.000000    xu[3]=1.000000
xl[4]=0.000000    xu[4]=1.000000
xl[5]=0.000000    xu[5]=1.000000

num_dim=6, calls=5000, it_num=1, max_it_num=5 verb=0, alph=1.50,
mode=0, bins=50, boxes=1

       single.......iteration                   accumulated......results   
iteration     integral    sigma             integral         sigma     chi-sq/it

   1        9.1517e-05   5.19e-06          9.1517e-05      5.19e-06    0.00e+00
   2        9.1967e-05   1.72e-06          9.1922e-05      1.63e-06    6.76e-03
   3        9.0805e-05   9.31e-07          9.1080e-05      8.08e-07    1.81e-01
   4        9.1404e-05   6.75e-07          9.1271e-05      5.18e-07    1.52e-01
   5        9.1084e-05   5.87e-07          9.1189e-05      3.88e-07    1.28e-01

num_dim=6, calls=50000, it_num=1, max_it_num=5 verb=0, alph=1.50,
mode=0, bins=50, boxes=1

       single.......iteration                   accumulated......results   
iteration     integral    sigma             integral         sigma     chi-sq/it

   1        9.0951e-05   1.82e-07          9.0951e-05      1.82e-07    0.00e+00
   2        9.1215e-05   2.08e-07          9.1065e-05      1.37e-07    9.10e-01
   3        9.1422e-05   2.24e-07          9.1163e-05      1.17e-07    1.38e+00
   4        9.1251e-05   1.94e-07          9.1187e-05      1.00e-07    9.71e-01
   5        9.1331e-05   2.11e-07          9.1213e-05      9.05e-08    8.24e-01
rNLOq = (9.1213058e-05 +- 9.0508427e-08) pb
NLO = (9.7246089e-03 +- 4.1479906e-06) pb
#chisq/dof = 2.40663e-09
#status = success
#chisq/dof = 5.58347e-09
#status = success
#chisq/dof = 6.5263e-10
#status = success
#chisq/dof = 1.3199e-09
#status = success
#chisq/dof = 5.22305e-10
#status = success
#chisq/dof = 3.32592e-12
#status = success
#chisq/dof = 3.07113e-10
#status = success
#chisq/dof = 6.17513e-11
#status = success

*******************************************************
* threshold resummation (unimproved nnll) - expansion *
*******************************************************
The limits of integration are:

xl[0]=0.000000    xu[0]=1.000000
xl[1]=0.000000    xu[1]=1.000000
xl[2]=0.000000    xu[2]=1.000000

num_dim=3, calls=7000, it_num=1, max_it_num=5 verb=0, alph=1.50,
mode=0, bins=50, boxes=1

       single.......iteration                   accumulated......results   
iteration     integral    sigma             integral         sigma     chi-sq/it

   1        7.5932e-05   8.93e-06          7.5932e-05      8.93e-06    0.00e+00
   2        6.9439e-05   3.50e-06          7.0306e-05      3.26e-06    4.58e-01
   3        6.7479e-05   3.19e-06          6.8862e-05      2.28e-06    4.21e-01
   4        7.3183e-05   3.20e-06          7.0319e-05      1.86e-06    6.84e-01
   5        6.5517e-05   3.20e-06          6.9111e-05      1.61e-06    9.33e-01

num_dim=3, calls=35000, it_num=1, max_it_num=5 verb=0, alph=1.50,
mode=0, bins=50, boxes=1

       single.......iteration                   accumulated......results   
iteration     integral    sigma             integral         sigma     chi-sq/it

   1        6.7147e-05   1.44e-06          6.7147e-05      1.44e-06    0.00e+00
   2        6.9614e-05   1.44e-06          6.8381e-05      1.02e-06    1.48e+00
   3        6.9011e-05   1.43e-06          6.8592e-05      8.28e-07    8.02e-01
   4        6.7786e-05   1.43e-06          6.8391e-05      7.17e-07    6.14e-01
   5        7.0478e-05   1.43e-06          6.8811e-05      6.41e-07    8.87e-01
aNNLO+NNLL = (9.7934202e-03 +- 4.1972145e-06) pb

Results:
LO = (8.3765574e-03 +- 3.1910183e-06) pb
NLO = (9.7246089e-03 +- 4.1479906e-06) pb
aNNLO+NNLL = (9.7934202e-03 +- 4.1972145e-06) pb
Thanks for using LHAPDF 6.2.3. Please make sure to cite the paper:
  Eur.Phys.J. C75 (2015) 3, 132  (http://arxiv.org/abs/1412.7420)
 ====================================================
   FF 2.0, a package to evaluate one-loop integrals
 written by G. J. van Oldenborgh, NIKHEF-H, Amsterdam
 ====================================================
 for the algorithms used see preprint NIKHEF-H 89/17,
 'New Algorithms for One-loop Integrals', by G.J. van
 Oldenborgh and J.A.M. Vermaseren, published in 
 Zeitschrift fuer Physik C46(1990)425.
 ====================================================
 
total number of errors and warnings
===================================
fferr: no errors
 
