
  Welcome to Resummino git-latest
  Copyright 2008-2010 Jonathan Debove.
  Copyright 2011-2014 David R. Lamprea.
  Copyright 2011-2016 Marcel Rothering.

  Licensed under the EUPL 1.1 or later.
  See http://www.resummino.org/ for more information.

  If using Resummino for slepton pair production, please cite.
  - G. Bozzi, B. Fuks, M. Klasen, PRD 74, 015001 (2006); NPB 777, 157 (2007); NPB 794, 46 (2007).
  - B. Fuks, M. Klasen, D. R. Lamprea, M. Rothering, EPJC 73, 2480 (2013).

  For gaugino pair production, please cite:
  - J. Debove, B. Fuks, M. Klasen, PLB 688, 208 (2010); NPB 842, 51 (2011); NPB 849, 64 (2011).
  - B. Fuks, M. Klasen, D. R. Lamprea, M. Rothering, JHEP 1210, 081 (2012); EPJC 73, 2480 (2013).

  For associated gaugino gluino production, please cite:
  - B. Fuks, M. Klasen, M. Rothering, JHEP 07:053, (2016).
  - B. Fuks, M. Klasen, D. R. Lamprea, M. Rothering, EPJC 73, 2480 (2013).

LHAPDF 6.2.3 loading /pool/condor/dir_97002/resummino-releases/lhapdf-prefix/share/LHAPDF/PDF4LHC21_40/PDF4LHC21_40_0000.dat
PDF4LHC21_40 PDF set, member #0, version 1
 alpha_s(M_Z^2) = 0.1180 	 for LO PDF set 
 alpha_s(3600.000^2) = 0.0761 	 for LO PDF set 

********************
* LO cross section *
********************
The limits of integration are:

xl[0]=0.000000    xu[0]=1.000000
xl[1]=0.000000    xu[1]=1.000000
xl[2]=0.000000    xu[2]=1.000000

num_dim=3, calls=2000, it_num=1, max_it_num=5 verb=0, alph=1.50,
mode=0, bins=50, boxes=1

       single.......iteration                   accumulated......results   
iteration     integral    sigma             integral         sigma     chi-sq/it

   1        6.8383e-06   2.59e-07          6.8383e-06      2.59e-07    0.00e+00
   2        7.4822e-06   8.82e-08          7.4154e-06      8.35e-08    5.53e+00
   3        7.5032e-06   4.52e-08          7.4833e-06      3.97e-08    3.19e+00
   4        7.4496e-06   4.19e-08          7.4674e-06      2.88e-08    2.24e+00
   5        7.4591e-06   4.04e-08          7.4646e-06      2.35e-08    1.69e+00

num_dim=3, calls=20000, it_num=1, max_it_num=5 verb=0, alph=1.50,
mode=0, bins=50, boxes=1

       single.......iteration                   accumulated......results   
iteration     integral    sigma             integral         sigma     chi-sq/it

   1        7.4987e-06   1.27e-08          7.4987e-06      1.27e-08    0.00e+00
   2        7.4880e-06   1.22e-08          7.4932e-06      8.80e-09    3.68e-01
   3        7.4947e-06   1.17e-08          7.4937e-06      7.03e-09    1.90e-01
   4        7.4934e-06   1.25e-08          7.4936e-06      6.12e-09    1.27e-01
   5        7.4689e-06   1.31e-08          7.4892e-06      5.54e-09    8.31e-01
   5        7.4631e-06   1.27e-08          7.4850e-06      5.08e-09    1.37e+00
   5        7.4861e-06   1.28e-08          7.4852e-06      4.72e-09    1.14e+00
   5        7.4619e-06   1.32e-08          7.4825e-06      4.45e-09    1.37e+00
   5        7.4815e-06   1.34e-08          7.4824e-06      4.22e-09    1.20e+00
   5        7.4649e-06   1.36e-08          7.4809e-06      4.03e-09    1.24e+00
   5        7.4837e-06   1.39e-08          7.4811e-06      3.87e-09    1.12e+00
   5        7.4860e-06   1.43e-08          7.4814e-06      3.74e-09    1.03e+00
   5        7.4967e-06   1.49e-08          7.4823e-06      3.63e-09    1.02e+00
   5        7.4894e-06   1.56e-08          7.4827e-06      3.53e-09    9.59e-01
   5        7.5018e-06   1.65e-08          7.4835e-06      3.45e-09    9.82e-01
   5        7.4722e-06   1.71e-08          7.4831e-06      3.39e-09    9.45e-01
   5        7.4591e-06   1.75e-08          7.4822e-06      3.32e-09    9.98e-01
   5        7.5012e-06   1.82e-08          7.4828e-06      3.27e-09    1.00e+00
   5        7.5002e-06   1.91e-08          7.4833e-06      3.22e-09    9.90e-01
   5        7.4898e-06   1.98e-08          7.4835e-06      3.18e-09    9.43e-01
   5        7.4533e-06   2.09e-08          7.4828e-06      3.15e-09    9.98e-01
   5        7.4915e-06   2.16e-08          7.4830e-06      3.11e-09    9.58e-01
   5        7.4942e-06   2.22e-08          7.4832e-06      3.08e-09    9.26e-01
   5        7.5014e-06   2.32e-08          7.4835e-06      3.06e-09    9.11e-01
   5        7.5018e-06   2.29e-08          7.4838e-06      3.03e-09    8.99e-01
   5        7.4550e-06   2.29e-08          7.4834e-06      3.00e-09    9.26e-01
   5        7.5197e-06   2.41e-08          7.4839e-06      2.98e-09    9.77e-01
   5        7.4784e-06   2.40e-08          7.4838e-06      2.96e-09    9.42e-01
   5        7.4862e-06   2.49e-08          7.4839e-06      2.94e-09    9.09e-01
   5        7.4930e-06   2.43e-08          7.4840e-06      2.92e-09    8.82e-01
   5        7.4850e-06   2.46e-08          7.4840e-06      2.89e-09    8.53e-01
   5        7.4911e-06   2.53e-08          7.4841e-06      2.88e-09    8.28e-01
   5        7.5086e-06   2.53e-08          7.4844e-06      2.86e-09    8.31e-01
   5        7.4693e-06   2.57e-08          7.4842e-06      2.84e-09    8.16e-01
   5        7.4474e-06   2.55e-08          7.4838e-06      2.82e-09    8.53e-01
   5        7.5121e-06   2.62e-08          7.4841e-06      2.81e-09    8.62e-01
   5        7.4280e-06   2.68e-08          7.4835e-06      2.79e-09    9.58e-01
   5        7.4468e-06   2.73e-08          7.4831e-06      2.78e-09    9.81e-01
   5        7.4848e-06   2.78e-08          7.4831e-06      2.76e-09    9.55e-01
   5        7.4736e-06   2.79e-08          7.4830e-06      2.75e-09    9.33e-01
   5        7.4755e-06   2.69e-08          7.4830e-06      2.74e-09    9.12e-01
   5        7.4581e-06   2.78e-08          7.4827e-06      2.72e-09    9.09e-01
   5        7.5654e-06   2.88e-08          7.4834e-06      2.71e-09    1.08e+00
   5        7.4985e-06   2.69e-08          7.4836e-06      2.70e-09    1.06e+00
   5        7.4505e-06   2.73e-08          7.4833e-06      2.68e-09    1.07e+00
   5        7.4772e-06   2.76e-08          7.4832e-06      2.67e-09    1.05e+00
   5        7.5168e-06   2.76e-08          7.4835e-06      2.66e-09    1.06e+00
   5        7.4233e-06   2.75e-08          7.4830e-06      2.65e-09    1.14e+00
   5        7.5389e-06   2.80e-08          7.4835e-06      2.63e-09    1.20e+00
   5        7.5317e-06   2.86e-08          7.4839e-06      2.62e-09    1.23e+00
   5        7.4832e-06   2.88e-08          7.4839e-06      2.61e-09    1.20e+00
   5        7.4503e-06   2.93e-08          7.4836e-06      2.60e-09    1.21e+00
   5        7.4890e-06   2.79e-08          7.4837e-06      2.59e-09    1.18e+00
   5        7.5101e-06   2.74e-08          7.4839e-06      2.58e-09    1.18e+00
   5        7.5114e-06   2.63e-08          7.4841e-06      2.57e-09    1.18e+00
LO = (7.4841488e-06 +- 2.5670395e-09) pb
LHAPDF 6.2.3 loading /pool/condor/dir_97002/resummino-releases/lhapdf-prefix/share/LHAPDF/PDF4LHC21_40/PDF4LHC21_40_0000.dat
PDF4LHC21_40 PDF set, member #0, version 1
 alpha_s(M_Z^2) = 0.1180 	 for NLO PDF set 
 alpha_s(3600.000^2) = 0.0761 	 for NLO PDF set 

********************
* LO cross section *
********************
The limits of integration are:

xl[0]=0.000000    xu[0]=1.000000
xl[1]=0.000000    xu[1]=1.000000
xl[2]=0.000000    xu[2]=1.000000

num_dim=3, calls=2000, it_num=1, max_it_num=5 verb=0, alph=1.50,
mode=0, bins=50, boxes=1

       single.......iteration                   accumulated......results   
iteration     integral    sigma             integral         sigma     chi-sq/it

   1        6.8383e-06   2.59e-07          6.8383e-06      2.59e-07    0.00e+00
   2        7.4822e-06   8.82e-08          7.4154e-06      8.35e-08    5.53e+00
   3        7.5032e-06   4.52e-08          7.4833e-06      3.97e-08    3.19e+00
   4        7.4496e-06   4.19e-08          7.4674e-06      2.88e-08    2.24e+00
   5        7.4591e-06   4.04e-08          7.4646e-06      2.35e-08    1.69e+00

num_dim=3, calls=20000, it_num=1, max_it_num=5 verb=0, alph=1.50,
mode=0, bins=50, boxes=1

       single.......iteration                   accumulated......results   
iteration     integral    sigma             integral         sigma     chi-sq/it

   1        7.4987e-06   1.27e-08          7.4987e-06      1.27e-08    0.00e+00
   2        7.4880e-06   1.22e-08          7.4932e-06      8.80e-09    3.68e-01
   3        7.4947e-06   1.17e-08          7.4937e-06      7.03e-09    1.90e-01
   4        7.4934e-06   1.25e-08          7.4936e-06      6.12e-09    1.27e-01
   5        7.4689e-06   1.31e-08          7.4892e-06      5.54e-09    8.31e-01
   5        7.4631e-06   1.27e-08          7.4850e-06      5.08e-09    1.37e+00
   5        7.4861e-06   1.28e-08          7.4852e-06      4.72e-09    1.14e+00
   5        7.4619e-06   1.32e-08          7.4825e-06      4.45e-09    1.37e+00
   5        7.4815e-06   1.34e-08          7.4824e-06      4.22e-09    1.20e+00
   5        7.4649e-06   1.36e-08          7.4809e-06      4.03e-09    1.24e+00
   5        7.4837e-06   1.39e-08          7.4811e-06      3.87e-09    1.12e+00
   5        7.4860e-06   1.43e-08          7.4814e-06      3.74e-09    1.03e+00
   5        7.4967e-06   1.49e-08          7.4823e-06      3.63e-09    1.02e+00
   5        7.4894e-06   1.56e-08          7.4827e-06      3.53e-09    9.59e-01
   5        7.5018e-06   1.65e-08          7.4835e-06      3.45e-09    9.82e-01
   5        7.4722e-06   1.71e-08          7.4831e-06      3.39e-09    9.45e-01
   5        7.4591e-06   1.75e-08          7.4822e-06      3.32e-09    9.98e-01
   5        7.5012e-06   1.82e-08          7.4828e-06      3.27e-09    1.00e+00
   5        7.5002e-06   1.91e-08          7.4833e-06      3.22e-09    9.90e-01
   5        7.4898e-06   1.98e-08          7.4835e-06      3.18e-09    9.43e-01
   5        7.4533e-06   2.09e-08          7.4828e-06      3.15e-09    9.98e-01
   5        7.4915e-06   2.16e-08          7.4830e-06      3.11e-09    9.58e-01
   5        7.4942e-06   2.22e-08          7.4832e-06      3.08e-09    9.26e-01
   5        7.5014e-06   2.32e-08          7.4835e-06      3.06e-09    9.11e-01
   5        7.5018e-06   2.29e-08          7.4838e-06      3.03e-09    8.99e-01
   5        7.4550e-06   2.29e-08          7.4834e-06      3.00e-09    9.26e-01
   5        7.5197e-06   2.41e-08          7.4839e-06      2.98e-09    9.77e-01
   5        7.4784e-06   2.40e-08          7.4838e-06      2.96e-09    9.42e-01
   5        7.4862e-06   2.49e-08          7.4839e-06      2.94e-09    9.09e-01
   5        7.4930e-06   2.43e-08          7.4840e-06      2.92e-09    8.82e-01
   5        7.4850e-06   2.46e-08          7.4840e-06      2.89e-09    8.53e-01
   5        7.4911e-06   2.53e-08          7.4841e-06      2.88e-09    8.28e-01
   5        7.5086e-06   2.53e-08          7.4844e-06      2.86e-09    8.31e-01
   5        7.4693e-06   2.57e-08          7.4842e-06      2.84e-09    8.16e-01
   5        7.4474e-06   2.55e-08          7.4838e-06      2.82e-09    8.53e-01
   5        7.5121e-06   2.62e-08          7.4841e-06      2.81e-09    8.62e-01
   5        7.4280e-06   2.68e-08          7.4835e-06      2.79e-09    9.58e-01
   5        7.4468e-06   2.73e-08          7.4831e-06      2.78e-09    9.81e-01
   5        7.4848e-06   2.78e-08          7.4831e-06      2.76e-09    9.55e-01
   5        7.4736e-06   2.79e-08          7.4830e-06      2.75e-09    9.33e-01
   5        7.4755e-06   2.69e-08          7.4830e-06      2.74e-09    9.12e-01
   5        7.4581e-06   2.78e-08          7.4827e-06      2.72e-09    9.09e-01
   5        7.5654e-06   2.88e-08          7.4834e-06      2.71e-09    1.08e+00
   5        7.4985e-06   2.69e-08          7.4836e-06      2.70e-09    1.06e+00
   5        7.4505e-06   2.73e-08          7.4833e-06      2.68e-09    1.07e+00
   5        7.4772e-06   2.76e-08          7.4832e-06      2.67e-09    1.05e+00
   5        7.5168e-06   2.76e-08          7.4835e-06      2.66e-09    1.06e+00
   5        7.4233e-06   2.75e-08          7.4830e-06      2.65e-09    1.14e+00
   5        7.5389e-06   2.80e-08          7.4835e-06      2.63e-09    1.20e+00
   5        7.5317e-06   2.86e-08          7.4839e-06      2.62e-09    1.23e+00
   5        7.4832e-06   2.88e-08          7.4839e-06      2.61e-09    1.20e+00
   5        7.4503e-06   2.93e-08          7.4836e-06      2.60e-09    1.21e+00
   5        7.4890e-06   2.79e-08          7.4837e-06      2.59e-09    1.18e+00
   5        7.5101e-06   2.74e-08          7.4839e-06      2.58e-09    1.18e+00
   5        7.5114e-06   2.63e-08          7.4841e-06      2.57e-09    1.18e+00
LO = (7.4841488e-06 +- 2.5670395e-09) pb

*******************************************
* virtual corrections + integrated dipole *
*******************************************
The limits of integration are:

xl[0]=0.000000    xu[0]=1.000000
xl[1]=0.000000    xu[1]=1.000000
xl[2]=0.000000    xu[2]=1.000000

num_dim=3, calls=240, it_num=1, max_it_num=5 verb=0, alph=1.50,
mode=0, bins=50, boxes=1

       single.......iteration                   accumulated......results   
iteration     integral    sigma             integral         sigma     chi-sq/it

   1        2.2263e-07   2.51e-08          2.2263e-07      2.51e-08    0.00e+00
   2        2.3303e-07   1.09e-08          2.3137e-07      1.00e-08    1.44e-01
   3        2.4757e-07   6.97e-09          2.4228e-07      5.72e-09    9.56e-01
   4        2.4854e-07   5.57e-09          2.4549e-07      3.99e-09    8.43e-01
   5        2.4926e-07   5.14e-09          2.4691e-07      3.15e-09    7.16e-01

num_dim=3, calls=1200, it_num=1, max_it_num=3 verb=0, alph=1.50,
mode=0, bins=50, boxes=1

       single.......iteration                   accumulated......results   
iteration     integral    sigma             integral         sigma     chi-sq/it

   1        2.3636e-07   2.18e-09          2.3636e-07      2.18e-09    0.00e+00
   2        2.4112e-07   1.85e-09          2.3913e-07      1.41e-09    2.76e+00
   3        2.4086e-07   1.81e-09          2.3978e-07      1.11e-09    1.67e+00
   3        2.4406e-07   1.67e-09          2.4110e-07      9.26e-10    2.63e+00
   3        2.3897e-07   1.86e-09          2.4068e-07      8.29e-10    2.23e+00
   3        2.4077e-07   1.78e-09          2.4069e-07      7.52e-10    1.79e+00
   3        2.3958e-07   1.83e-09          2.4053e-07      6.95e-10    1.54e+00
   3        2.4250e-07   1.73e-09          2.4081e-07      6.45e-10    1.48e+00
vNLO = (2.4080748e-07 +- 6.4494677e-10) pb

*****************************
* collinear remainder (P+K) *
*****************************
The limits of integration are:

xl[0]=0.000000    xu[0]=1.000000
xl[1]=0.000000    xu[1]=1.000000
xl[2]=0.000000    xu[2]=1.000000
xl[3]=0.000000    xu[3]=1.000000

num_dim=4, calls=2500, it_num=1, max_it_num=5 verb=0, alph=1.50,
mode=0, bins=50, boxes=1

       single.......iteration                   accumulated......results   
iteration     integral    sigma             integral         sigma     chi-sq/it

   1        1.3217e-06   8.54e-08          1.3217e-06      8.54e-08    0.00e+00
   2        1.3079e-06   2.28e-08          1.3088e-06      2.21e-08    2.43e-02
   3        1.2601e-06   1.55e-08          1.2762e-06      1.27e-08    1.65e+00
   4        1.2972e-06   1.31e-08          1.2864e-06      9.10e-09    1.54e+00
   5        1.2857e-06   1.29e-08          1.2862e-06      7.43e-09    1.16e+00

num_dim=4, calls=25000, it_num=1, max_it_num=3 verb=0, alph=1.50,
mode=0, bins=50, boxes=1

       single.......iteration                   accumulated......results   
iteration     integral    sigma             integral         sigma     chi-sq/it

   1        1.2726e-06   4.18e-09          1.2726e-06      4.18e-09    0.00e+00
   2        1.2762e-06   4.19e-09          1.2744e-06      2.96e-09    3.76e-01
   3        1.2724e-06   4.16e-09          1.2737e-06      2.41e-09    2.63e-01
   3        1.2718e-06   4.12e-09          1.2732e-06      2.08e-09    2.29e-01
   3        1.2671e-06   4.25e-09          1.2720e-06      1.87e-09    5.90e-01
P+K = (1.2720494e-06 +- 1.8672715e-09) pb

********************************
* real gluon emission - dipole *
********************************
The limits of integration are:

xl[0]=0.000000    xu[0]=1.000000
xl[1]=0.000000    xu[1]=1.000000
xl[2]=0.000000    xu[2]=1.000000
xl[3]=0.000000    xu[3]=1.000000
xl[4]=0.000000    xu[4]=1.000000
xl[5]=0.000000    xu[5]=1.000000

num_dim=6, calls=250, it_num=1, max_it_num=5 verb=0, alph=1.50,
mode=0, bins=50, boxes=1

       single.......iteration                   accumulated......results   
iteration     integral    sigma             integral         sigma     chi-sq/it

   1        -8.3572e-09   1.77e-09          -8.3572e-09      1.77e-09    0.00e+00
   2        -9.0384e-09   1.25e-09          -8.8114e-09      1.02e-09    9.88e-02
   3        -9.2844e-09   8.55e-10          -9.0895e-09      6.56e-10    1.12e-01
   4        -9.3883e-09   1.12e-09          -9.1654e-09      5.66e-10    9.25e-02
   5        -9.3373e-09   8.27e-10          -9.2203e-09      4.67e-10    7.67e-02

num_dim=6, calls=2500, it_num=1, max_it_num=3 verb=0, alph=1.50,
mode=0, bins=50, boxes=1

       single.......iteration                   accumulated......results   
iteration     integral    sigma             integral         sigma     chi-sq/it

   1        -9.4090e-09   2.28e-10          -9.4090e-09      2.28e-10    0.00e+00
   2        -9.5247e-09   1.21e-10          -9.4992e-09      1.07e-10    2.01e-01
   3        -9.6289e-09   9.25e-11          -9.5734e-09      7.00e-11    5.21e-01
rNLOg = (-9.5734087e-09 +- 6.9978012e-11) pb

**************************************************
* real light quark emission - dipole - (onshell) *
**************************************************
The limits of integration are:

xl[0]=0.000000    xu[0]=1.000000
xl[1]=0.000000    xu[1]=1.000000
xl[2]=0.000000    xu[2]=1.000000
xl[3]=0.000000    xu[3]=1.000000
xl[4]=0.000000    xu[4]=1.000000
xl[5]=0.000000    xu[5]=1.000000

num_dim=6, calls=5000, it_num=1, max_it_num=5 verb=0, alph=1.50,
mode=0, bins=50, boxes=1

       single.......iteration                   accumulated......results   
iteration     integral    sigma             integral         sigma     chi-sq/it

   1        2.1493e-08   1.01e-09          2.1493e-08      1.01e-09    0.00e+00
   2        2.1478e-08   6.68e-10          2.1483e-08      5.58e-10    1.39e-04
   3        2.1509e-08   3.71e-10          2.1501e-08      3.09e-10    8.29e-04
   4        2.1318e-08   1.69e-10          2.1360e-08      1.48e-10    9.10e-02
   5        2.1382e-08   1.19e-10          2.1374e-08      9.29e-11    7.18e-02

num_dim=6, calls=50000, it_num=1, max_it_num=5 verb=0, alph=1.50,
mode=0, bins=50, boxes=1

       single.......iteration                   accumulated......results   
iteration     integral    sigma             integral         sigma     chi-sq/it

   1        2.1249e-08   3.55e-11          2.1249e-08      3.55e-11    0.00e+00
   2        2.1267e-08   4.92e-11          2.1256e-08      2.88e-11    8.78e-02
   3        2.1322e-08   4.99e-11          2.1272e-08      2.49e-11    7.15e-01
   4        2.1279e-08   3.84e-11          2.1274e-08      2.09e-11    4.83e-01
   5        2.1289e-08   4.12e-11          2.1277e-08      1.87e-11    3.89e-01
   5        2.1252e-08   3.51e-11          2.1272e-08      1.65e-11    3.93e-01
   5        2.1185e-08   3.24e-11          2.1254e-08      1.47e-11    1.27e+00
rNLOq = (2.1253922e-08 +- 1.4681746e-11) pb
NLO = (9.0086862e-06 +- 3.2399790e-09) pb
#chisq/dof = 2.05223e-09
#status = success
#chisq/dof = 8.19628e-10
#status = success
#chisq/dof = 5.85103e-10
#status = success
#chisq/dof = 1.91412e-09
#status = success
#chisq/dof = 7.86793e-11
#status = success
#chisq/dof = 3.47348e-12
#status = success
#chisq/dof = 1.77349e-10
#status = success
#chisq/dof = 2.9498e-11
#status = success

*******************************************************
* threshold resummation (unimproved nnll) - expansion *
*******************************************************
The limits of integration are:

xl[0]=0.000000    xu[0]=1.000000
xl[1]=0.000000    xu[1]=1.000000
xl[2]=0.000000    xu[2]=1.000000

num_dim=3, calls=7000, it_num=1, max_it_num=5 verb=0, alph=1.50,
mode=0, bins=50, boxes=1

       single.......iteration                   accumulated......results   
iteration     integral    sigma             integral         sigma     chi-sq/it

   1        3.2669e-07   9.98e-09          3.2669e-07      9.98e-09    0.00e+00
   2        3.2201e-07   4.67e-09          3.2285e-07      4.23e-09    1.81e-01
   3        3.2005e-07   3.87e-09          3.2133e-07      2.85e-09    2.09e-01
   4        3.2003e-07   3.80e-09          3.2086e-07      2.28e-09    1.64e-01
   5        3.1894e-07   3.77e-09          3.2034e-07      1.95e-09    1.71e-01

num_dim=3, calls=35000, it_num=1, max_it_num=5 verb=0, alph=1.50,
mode=0, bins=50, boxes=1

       single.......iteration                   accumulated......results   
iteration     integral    sigma             integral         sigma     chi-sq/it

   1        3.1968e-07   1.66e-09          3.1968e-07      1.66e-09    0.00e+00
   2        3.2291e-07   1.65e-09          3.2131e-07      1.17e-09    1.89e+00
   3        3.2459e-07   1.63e-09          3.2242e-07      9.52e-10    2.28e+00
   4        3.1893e-07   1.67e-09          3.2157e-07      8.27e-10    2.62e+00
   5        3.2280e-07   1.65e-09          3.2182e-07      7.39e-10    2.08e+00
   5        3.2125e-07   1.67e-09          3.2172e-07      6.76e-10    1.68e+00
   5        3.2047e-07   1.66e-09          3.2155e-07      6.26e-10    1.48e+00
aNNLO+NNLL = (9.3302321e-06 +- 3.2999155e-09) pb

Results:
LO = (7.4841488e-06 +- 2.5670395e-09) pb
NLO = (9.0086862e-06 +- 3.2399790e-09) pb
aNNLO+NNLL = (9.3302321e-06 +- 3.2999155e-09) pb
Thanks for using LHAPDF 6.2.3. Please make sure to cite the paper:
  Eur.Phys.J. C75 (2015) 3, 132  (http://arxiv.org/abs/1412.7420)
 ====================================================
   FF 2.0, a package to evaluate one-loop integrals
 written by G. J. van Oldenborgh, NIKHEF-H, Amsterdam
 ====================================================
 for the algorithms used see preprint NIKHEF-H 89/17,
 'New Algorithms for One-loop Integrals', by G.J. van
 Oldenborgh and J.A.M. Vermaseren, published in 
 Zeitschrift fuer Physik C46(1990)425.
 ====================================================
 
total number of errors and warnings
===================================
fferr: no errors
 
