
  Welcome to Resummino git-latest
  Copyright 2008-2010 Jonathan Debove.
  Copyright 2011-2014 David R. Lamprea.
  Copyright 2011-2016 Marcel Rothering.

  Licensed under the EUPL 1.1 or later.
  See http://www.resummino.org/ for more information.

  If using Resummino for slepton pair production, please cite.
  - G. Bozzi, B. Fuks, M. Klasen, PRD 74, 015001 (2006); NPB 777, 157 (2007); NPB 794, 46 (2007).
  - B. Fuks, M. Klasen, D. R. Lamprea, M. Rothering, EPJC 73, 2480 (2013).

  For gaugino pair production, please cite:
  - J. Debove, B. Fuks, M. Klasen, PLB 688, 208 (2010); NPB 842, 51 (2011); NPB 849, 64 (2011).
  - B. Fuks, M. Klasen, D. R. Lamprea, M. Rothering, JHEP 1210, 081 (2012); EPJC 73, 2480 (2013).

  For associated gaugino gluino production, please cite:
  - B. Fuks, M. Klasen, M. Rothering, JHEP 07:053, (2016).
  - B. Fuks, M. Klasen, D. R. Lamprea, M. Rothering, EPJC 73, 2480 (2013).

LHAPDF 6.2.3 loading /pool/condor/dir_44360/resummino-releases/lhapdf-prefix/share/LHAPDF/PDF4LHC21_40/PDF4LHC21_40_0000.dat
PDF4LHC21_40 PDF set, member #0, version 1
 alpha_s(M_Z^2) = 0.1180 	 for LO PDF set 
 alpha_s(1400.000^2) = 0.0837 	 for LO PDF set 

********************
* LO cross section *
********************
The limits of integration are:

xl[0]=0.000000    xu[0]=1.000000
xl[1]=0.000000    xu[1]=1.000000
xl[2]=0.000000    xu[2]=1.000000

num_dim=3, calls=2000, it_num=1, max_it_num=5 verb=0, alph=1.50,
mode=0, bins=50, boxes=1

       single.......iteration                   accumulated......results   
iteration     integral    sigma             integral         sigma     chi-sq/it

   1        5.0359e-05   1.98e-06          5.0359e-05      1.98e-06    0.00e+00
   2        5.5138e-05   6.61e-07          5.4658e-05      6.27e-07    5.24e+00
   3        5.5331e-05   3.44e-07          5.5176e-05      3.02e-07    3.06e+00
   4        5.4911e-05   3.19e-07          5.5051e-05      2.19e-07    2.16e+00
   5        5.4949e-05   3.17e-07          5.5018e-05      1.80e-07    1.64e+00

num_dim=3, calls=20000, it_num=1, max_it_num=5 verb=0, alph=1.50,
mode=0, bins=50, boxes=1

       single.......iteration                   accumulated......results   
iteration     integral    sigma             integral         sigma     chi-sq/it

   1        5.5289e-05   9.84e-08          5.5289e-05      9.84e-08    0.00e+00
   2        5.5216e-05   9.49e-08          5.5251e-05      6.83e-08    2.84e-01
   3        5.5257e-05   9.16e-08          5.5253e-05      5.48e-08    1.43e-01
   4        5.5256e-05   9.77e-08          5.5254e-05      4.78e-08    9.58e-02
   5        5.5076e-05   1.01e-07          5.5221e-05      4.31e-08    7.08e-01
   5        5.5024e-05   9.90e-08          5.5190e-05      3.96e-08    1.24e+00
   5        5.5169e-05   9.88e-08          5.5187e-05      3.67e-08    1.04e+00
   5        5.5020e-05   1.02e-07          5.5167e-05      3.45e-08    1.23e+00
   5        5.5142e-05   1.04e-07          5.5165e-05      3.28e-08    1.08e+00
   5        5.5016e-05   1.06e-07          5.5152e-05      3.13e-08    1.16e+00
   5        5.5185e-05   1.08e-07          5.5154e-05      3.01e-08    1.05e+00
   5        5.5183e-05   1.11e-07          5.5156e-05      2.90e-08    9.65e-01
   5        5.5278e-05   1.15e-07          5.5164e-05      2.81e-08    9.72e-01
   5        5.5228e-05   1.21e-07          5.5167e-05      2.74e-08    9.17e-01
   5        5.5312e-05   1.28e-07          5.5173e-05      2.68e-08    9.40e-01
   5        5.5092e-05   1.31e-07          5.5170e-05      2.63e-08    9.02e-01
   5        5.5000e-05   1.35e-07          5.5164e-05      2.58e-08    9.42e-01
   5        5.5290e-05   1.40e-07          5.5168e-05      2.53e-08    9.32e-01
   5        5.5309e-05   1.47e-07          5.5172e-05      2.50e-08    9.30e-01
   5        5.5259e-05   1.51e-07          5.5174e-05      2.46e-08    8.98e-01
   5        5.4933e-05   1.58e-07          5.5169e-05      2.44e-08    9.67e-01
   5        5.5275e-05   1.64e-07          5.5171e-05      2.41e-08    9.40e-01
   5        5.5252e-05   1.67e-07          5.5173e-05      2.38e-08    9.08e-01
   5        5.5312e-05   1.71e-07          5.5175e-05      2.36e-08    8.97e-01
   5        5.5334e-05   1.72e-07          5.5178e-05      2.34e-08    8.94e-01
   5        5.4971e-05   1.69e-07          5.5174e-05      2.32e-08    9.17e-01
   5        5.5459e-05   1.77e-07          5.5179e-05      2.30e-08    9.80e-01
   5        5.5144e-05   1.77e-07          5.5178e-05      2.28e-08    9.45e-01
   5        5.5213e-05   1.85e-07          5.5179e-05      2.26e-08    9.13e-01
   5        5.5243e-05   1.79e-07          5.5180e-05      2.24e-08    8.86e-01
   5        5.5174e-05   1.81e-07          5.5180e-05      2.23e-08    8.56e-01
   5        5.5230e-05   1.86e-07          5.5181e-05      2.21e-08    8.31e-01
   5        5.5362e-05   1.86e-07          5.5183e-05      2.20e-08    8.34e-01
   5        5.5069e-05   1.88e-07          5.5182e-05      2.18e-08    8.20e-01
   5        5.4887e-05   1.86e-07          5.5178e-05      2.17e-08    8.69e-01
   5        5.5400e-05   1.91e-07          5.5180e-05      2.15e-08    8.82e-01
   5        5.4784e-05   1.96e-07          5.5176e-05      2.14e-08    9.70e-01
   5        5.4947e-05   2.01e-07          5.5173e-05      2.13e-08    9.78e-01
   5        5.5206e-05   2.03e-07          5.5174e-05      2.12e-08    9.53e-01
   5        5.5105e-05   2.05e-07          5.5173e-05      2.10e-08    9.31e-01
   5        5.5140e-05   1.99e-07          5.5172e-05      2.09e-08    9.09e-01
   5        5.4998e-05   2.04e-07          5.5171e-05      2.08e-08    9.04e-01
   5        5.5770e-05   2.12e-07          5.5176e-05      2.07e-08    1.07e+00
   5        5.5288e-05   1.97e-07          5.5178e-05      2.06e-08    1.05e+00
   5        5.4896e-05   2.00e-07          5.5175e-05      2.05e-08    1.07e+00
   5        5.5142e-05   2.02e-07          5.5174e-05      2.04e-08    1.05e+00
   5        5.5425e-05   2.04e-07          5.5177e-05      2.03e-08    1.06e+00
   5        5.4732e-05   2.03e-07          5.5172e-05      2.02e-08    1.14e+00
   5        5.5590e-05   2.06e-07          5.5176e-05      2.01e-08    1.20e+00
   5        5.5511e-05   2.12e-07          5.5179e-05      2.00e-08    1.23e+00
   5        5.5161e-05   2.13e-07          5.5179e-05      1.99e-08    1.20e+00
   5        5.4927e-05   2.16e-07          5.5177e-05      1.98e-08    1.20e+00
   5        5.5222e-05   2.05e-07          5.5177e-05      1.97e-08    1.18e+00
   5        5.5358e-05   2.04e-07          5.5179e-05      1.96e-08    1.17e+00
   5        5.5390e-05   1.97e-07          5.5181e-05      1.96e-08    1.17e+00
LO = (5.5181216e-05 +- 1.9550619e-08) pb
LHAPDF 6.2.3 loading /pool/condor/dir_44360/resummino-releases/lhapdf-prefix/share/LHAPDF/PDF4LHC21_40/PDF4LHC21_40_0004.dat
PDF4LHC21_40 PDF set, member #4, version 1
 alpha_s(M_Z^2) = 0.1180 	 for NLO PDF set 
 alpha_s(1400.000^2) = 0.0837 	 for NLO PDF set 

********************
* LO cross section *
********************
The limits of integration are:

xl[0]=0.000000    xu[0]=1.000000
xl[1]=0.000000    xu[1]=1.000000
xl[2]=0.000000    xu[2]=1.000000

num_dim=3, calls=2000, it_num=1, max_it_num=5 verb=0, alph=1.50,
mode=0, bins=50, boxes=1

       single.......iteration                   accumulated......results   
iteration     integral    sigma             integral         sigma     chi-sq/it

   1        5.0057e-05   1.95e-06          5.0057e-05      1.95e-06    0.00e+00
   2        5.4789e-05   6.53e-07          5.4311e-05      6.19e-07    5.31e+00
   3        5.4965e-05   3.39e-07          5.4815e-05      2.97e-07    3.08e+00
   4        5.4552e-05   3.14e-07          5.4690e-05      2.16e-07    2.18e+00
   5        5.4581e-05   3.13e-07          5.4655e-05      1.78e-07    1.66e+00

num_dim=3, calls=20000, it_num=1, max_it_num=5 verb=0, alph=1.50,
mode=0, bins=50, boxes=1

       single.......iteration                   accumulated......results   
iteration     integral    sigma             integral         sigma     chi-sq/it

   1        5.4922e-05   9.67e-08          5.4922e-05      9.67e-08    0.00e+00
   2        5.4852e-05   9.33e-08          5.4886e-05      6.71e-08    2.74e-01
   3        5.4892e-05   9.00e-08          5.4888e-05      5.38e-08    1.39e-01
   4        5.4894e-05   9.63e-08          5.4889e-05      4.70e-08    9.32e-02
   5        5.4709e-05   9.88e-08          5.4856e-05      4.24e-08    7.46e-01
   5        5.4665e-05   9.74e-08          5.4826e-05      3.89e-08    1.24e+00
   5        5.4801e-05   9.72e-08          5.4822e-05      3.61e-08    1.05e+00
   5        5.4659e-05   1.00e-07          5.4804e-05      3.40e-08    1.23e+00
   5        5.4778e-05   1.02e-07          5.4801e-05      3.22e-08    1.09e+00
   5        5.4656e-05   1.04e-07          5.4788e-05      3.08e-08    1.16e+00
   5        5.4820e-05   1.06e-07          5.4791e-05      2.96e-08    1.06e+00
   5        5.4818e-05   1.10e-07          5.4793e-05      2.86e-08    9.65e-01
   5        5.4909e-05   1.14e-07          5.4799e-05      2.77e-08    9.67e-01
   5        5.4861e-05   1.20e-07          5.4803e-05      2.70e-08    9.12e-01
   5        5.4945e-05   1.26e-07          5.4809e-05      2.64e-08    9.35e-01
   5        5.4728e-05   1.30e-07          5.4806e-05      2.59e-08    8.97e-01
   5        5.4637e-05   1.33e-07          5.4800e-05      2.54e-08    9.37e-01
   5        5.4925e-05   1.38e-07          5.4804e-05      2.50e-08    9.29e-01
   5        5.4942e-05   1.46e-07          5.4808e-05      2.46e-08    9.26e-01
   5        5.4889e-05   1.50e-07          5.4810e-05      2.43e-08    8.92e-01
   5        5.4577e-05   1.57e-07          5.4804e-05      2.40e-08    9.56e-01
   5        5.4905e-05   1.63e-07          5.4806e-05      2.37e-08    9.28e-01
   5        5.4882e-05   1.65e-07          5.4808e-05      2.35e-08    8.95e-01
   5        5.4948e-05   1.70e-07          5.4811e-05      2.33e-08    8.85e-01
   5        5.4968e-05   1.71e-07          5.4813e-05      2.31e-08    8.83e-01
   5        5.4609e-05   1.68e-07          5.4810e-05      2.28e-08    9.06e-01
   5        5.5092e-05   1.76e-07          5.4814e-05      2.27e-08    9.69e-01
   5        5.4776e-05   1.76e-07          5.4814e-05      2.25e-08    9.35e-01
   5        5.4843e-05   1.84e-07          5.4814e-05      2.23e-08    9.02e-01
   5        5.4874e-05   1.78e-07          5.4815e-05      2.21e-08    8.75e-01
   5        5.4814e-05   1.80e-07          5.4815e-05      2.20e-08    8.46e-01
   5        5.4861e-05   1.86e-07          5.4816e-05      2.18e-08    8.20e-01
   5        5.4997e-05   1.85e-07          5.4818e-05      2.17e-08    8.24e-01
   5        5.4704e-05   1.87e-07          5.4817e-05      2.15e-08    8.10e-01
   5        5.4526e-05   1.85e-07          5.4813e-05      2.14e-08    8.58e-01
   5        5.5035e-05   1.90e-07          5.4816e-05      2.12e-08    8.72e-01
   5        5.4412e-05   1.95e-07          5.4811e-05      2.11e-08    9.66e-01
   5        5.4583e-05   2.00e-07          5.4808e-05      2.10e-08    9.74e-01
   5        5.4843e-05   2.02e-07          5.4809e-05      2.09e-08    9.49e-01
   5        5.4745e-05   2.04e-07          5.4808e-05      2.08e-08    9.27e-01
   5        5.4782e-05   1.98e-07          5.4808e-05      2.07e-08    9.05e-01
   5        5.4633e-05   2.03e-07          5.4806e-05      2.06e-08    9.00e-01
   5        5.5407e-05   2.11e-07          5.4812e-05      2.05e-08    1.07e+00
   5        5.4921e-05   1.96e-07          5.4813e-05      2.04e-08    1.05e+00
   5        5.4546e-05   1.98e-07          5.4810e-05      2.02e-08    1.07e+00
   5        5.4773e-05   2.01e-07          5.4810e-05      2.01e-08    1.05e+00
   5        5.5059e-05   2.02e-07          5.4812e-05      2.00e-08    1.06e+00
   5        5.4377e-05   2.02e-07          5.4808e-05      1.99e-08    1.13e+00
   5        5.5217e-05   2.05e-07          5.4812e-05      1.99e-08    1.19e+00
   5        5.5145e-05   2.10e-07          5.4815e-05      1.98e-08    1.22e+00
   5        5.4800e-05   2.12e-07          5.4814e-05      1.97e-08    1.19e+00
   5        5.4557e-05   2.15e-07          5.4812e-05      1.96e-08    1.20e+00
   5        5.4858e-05   2.05e-07          5.4813e-05      1.95e-08    1.18e+00
   5        5.4992e-05   2.03e-07          5.4814e-05      1.94e-08    1.17e+00
   5        5.5018e-05   1.96e-07          5.4816e-05      1.93e-08    1.17e+00
LO = (5.4816331e-05 +- 1.9324315e-08) pb

*******************************************
* virtual corrections + integrated dipole *
*******************************************
The limits of integration are:

xl[0]=0.000000    xu[0]=1.000000
xl[1]=0.000000    xu[1]=1.000000
xl[2]=0.000000    xu[2]=1.000000

num_dim=3, calls=240, it_num=1, max_it_num=5 verb=0, alph=1.50,
mode=0, bins=50, boxes=1

       single.......iteration                   accumulated......results   
iteration     integral    sigma             integral         sigma     chi-sq/it

   1        1.7995e-06   2.08e-07          1.7995e-06      2.08e-07    0.00e+00
   2        1.8977e-06   9.19e-08          1.8817e-06      8.40e-08    1.86e-01
   3        1.9781e-06   5.72e-08          1.9476e-06      4.73e-08    5.42e-01
   4        1.9930e-06   4.50e-08          1.9714e-06      3.26e-08    5.23e-01
   5        2.0251e-06   4.33e-08          1.9908e-06      2.60e-08    6.38e-01

num_dim=3, calls=1200, it_num=1, max_it_num=3 verb=0, alph=1.50,
mode=0, bins=50, boxes=1

       single.......iteration                   accumulated......results   
iteration     integral    sigma             integral         sigma     chi-sq/it

   1        1.9016e-06   1.84e-08          1.9016e-06      1.84e-08    0.00e+00
   2        1.9421e-06   1.53e-08          1.9254e-06      1.18e-08    2.87e+00
   3        1.9387e-06   1.49e-08          1.9305e-06      9.24e-09    1.68e+00
   3        1.9720e-06   1.42e-08          1.9429e-06      7.74e-09    3.13e+00
   3        1.9258e-06   1.55e-08          1.9395e-06      6.92e-09    2.59e+00
   3        1.9425e-06   1.51e-08          1.9400e-06      6.29e-09    2.08e+00
   3        1.9275e-06   1.55e-08          1.9382e-06      5.83e-09    1.83e+00
   3        1.9564e-06   1.47e-08          1.9407e-06      5.42e-09    1.75e+00
   3        1.9652e-06   1.52e-08          1.9435e-06      5.10e-09    1.82e+00
   3        1.9489e-06   1.45e-08          1.9441e-06      4.81e-09    1.64e+00
   3        1.9402e-06   1.46e-08          1.9437e-06      4.57e-09    1.48e+00
vNLO = (1.9436792e-06 +- 4.5688233e-09) pb

*****************************
* collinear remainder (P+K) *
*****************************
The limits of integration are:

xl[0]=0.000000    xu[0]=1.000000
xl[1]=0.000000    xu[1]=1.000000
xl[2]=0.000000    xu[2]=1.000000
xl[3]=0.000000    xu[3]=1.000000

num_dim=4, calls=2500, it_num=1, max_it_num=5 verb=0, alph=1.50,
mode=0, bins=50, boxes=1

       single.......iteration                   accumulated......results   
iteration     integral    sigma             integral         sigma     chi-sq/it

   1        9.0067e-06   6.29e-07          9.0067e-06      6.29e-07    0.00e+00
   2        8.9545e-06   1.72e-07          8.9581e-06      1.66e-07    6.41e-03
   3        8.5109e-06   1.27e-07          8.6753e-06      1.01e-07    2.30e+00
   4        8.8483e-06   1.04e-07          8.7588e-06      7.24e-08    2.01e+00
   5        8.7752e-06   1.03e-07          8.7642e-06      5.93e-08    1.51e+00

num_dim=4, calls=25000, it_num=1, max_it_num=3 verb=0, alph=1.50,
mode=0, bins=50, boxes=1

       single.......iteration                   accumulated......results   
iteration     integral    sigma             integral         sigma     chi-sq/it

   1        8.6424e-06   3.43e-08          8.6424e-06      3.43e-08    0.00e+00
   2        8.6345e-06   3.47e-08          8.6385e-06      2.44e-08    2.60e-02
   3        8.6275e-06   3.41e-08          8.6348e-06      1.98e-08    4.75e-02
   3        8.6356e-06   3.38e-08          8.6350e-06      1.71e-08    3.18e-02
   3        8.5817e-06   3.50e-08          8.6247e-06      1.54e-08    4.92e-01
   3        8.5726e-06   3.44e-08          8.6160e-06      1.40e-08    7.78e-01
P+K = (8.6160011e-06 +- 1.4035232e-08) pb

********************************
* real gluon emission - dipole *
********************************
The limits of integration are:

xl[0]=0.000000    xu[0]=1.000000
xl[1]=0.000000    xu[1]=1.000000
xl[2]=0.000000    xu[2]=1.000000
xl[3]=0.000000    xu[3]=1.000000
xl[4]=0.000000    xu[4]=1.000000
xl[5]=0.000000    xu[5]=1.000000

num_dim=6, calls=250, it_num=1, max_it_num=5 verb=0, alph=1.50,
mode=0, bins=50, boxes=1

       single.......iteration                   accumulated......results   
iteration     integral    sigma             integral         sigma     chi-sq/it

   1        -8.7892e-08   1.90e-08          -8.7892e-08      1.90e-08    0.00e+00
   2        -9.8460e-08   1.65e-08          -9.3913e-08      1.24e-08    1.77e-01
   3        -9.2709e-08   9.18e-09          -9.3133e-08      7.39e-09    9.14e-02
   4        -9.7238e-08   1.08e-08          -9.4445e-08      6.09e-09    9.38e-02
   5        -1.0194e-07   1.16e-08          -9.6058e-08      5.40e-09    1.52e-01

num_dim=6, calls=2500, it_num=1, max_it_num=3 verb=0, alph=1.50,
mode=0, bins=50, boxes=1

       single.......iteration                   accumulated......results   
iteration     integral    sigma             integral         sigma     chi-sq/it

   1        -9.6283e-08   2.98e-09          -9.6283e-08      2.98e-09    0.00e+00
   2        -1.0311e-07   1.46e-09          -1.0178e-07      1.31e-09    4.23e+00
   3        -1.0261e-07   1.18e-09          -1.0224e-07      8.77e-10    2.22e+00
   3        -1.0251e-07   9.98e-10          -1.0235e-07      6.59e-10    1.50e+00
rNLOg = (-1.0235388e-07 +- 6.5901008e-10) pb

**************************************************
* real light quark emission - dipole - (onshell) *
**************************************************
The limits of integration are:

xl[0]=0.000000    xu[0]=1.000000
xl[1]=0.000000    xu[1]=1.000000
xl[2]=0.000000    xu[2]=1.000000
xl[3]=0.000000    xu[3]=1.000000
xl[4]=0.000000    xu[4]=1.000000
xl[5]=0.000000    xu[5]=1.000000

num_dim=6, calls=5000, it_num=1, max_it_num=5 verb=0, alph=1.50,
mode=0, bins=50, boxes=1

       single.......iteration                   accumulated......results   
iteration     integral    sigma             integral         sigma     chi-sq/it

   1        2.4292e-07   1.18e-08          2.4292e-07      1.18e-08    0.00e+00
   2        2.4068e-07   5.26e-09          2.4105e-07      4.81e-09    3.01e-02
   3        2.4136e-07   2.99e-09          2.4127e-07      2.54e-09    1.66e-02
   4        2.4121e-07   1.68e-09          2.4123e-07      1.40e-09    1.12e-02
   5        2.4091e-07   1.32e-09          2.4106e-07      9.62e-10    1.55e-02

num_dim=6, calls=50000, it_num=1, max_it_num=5 verb=0, alph=1.50,
mode=0, bins=50, boxes=1

       single.......iteration                   accumulated......results   
iteration     integral    sigma             integral         sigma     chi-sq/it

   1        2.4062e-07   4.10e-10          2.4062e-07      4.10e-10    0.00e+00
   2        2.4110e-07   5.32e-10          2.4080e-07      3.25e-10    5.11e-01
   3        2.4159e-07   5.64e-10          2.4100e-07      2.82e-10    9.98e-01
   4        2.4112e-07   4.49e-10          2.4103e-07      2.39e-10    6.84e-01
   5        2.4125e-07   4.89e-10          2.4108e-07      2.14e-10    5.53e-01
rNLOq = (2.4107556e-07 +- 2.1437584e-10) pb
NLO = (6.5514733e-05 +- 2.4326350e-08) pb
#chisq/dof = 2.13375e-09
#status = success
#chisq/dof = 9.75727e-10
#status = success
#chisq/dof = 5.51892e-10
#status = success
#chisq/dof = 5.46401e-10
#status = success
#chisq/dof = 2.88397e-11
#status = success
#chisq/dof = 3.34562e-12
#status = success
#chisq/dof = 2.306e-10
#status = cannot reach the specified tolerance in X
#chisq/dof = 2.02043e-11
#status = success

*******************************************************
* threshold resummation (unimproved nnll) - expansion *
*******************************************************
The limits of integration are:

xl[0]=0.000000    xu[0]=1.000000
xl[1]=0.000000    xu[1]=1.000000
xl[2]=0.000000    xu[2]=1.000000

num_dim=3, calls=7000, it_num=1, max_it_num=5 verb=0, alph=1.50,
mode=0, bins=50, boxes=1

       single.......iteration                   accumulated......results   
iteration     integral    sigma             integral         sigma     chi-sq/it

   1        1.1048e-06   4.19e-08          1.1048e-06      4.19e-08    0.00e+00
   2        1.1244e-06   2.29e-08          1.1199e-06      2.01e-08    1.67e-01
   3        1.0991e-06   2.18e-08          1.1103e-06      1.48e-08    3.28e-01
   4        1.1370e-06   2.12e-08          1.1191e-06      1.21e-08    5.75e-01
   5        1.0904e-06   2.14e-08          1.1121e-06      1.05e-08    7.73e-01

num_dim=3, calls=35000, it_num=1, max_it_num=5 verb=0, alph=1.50,
mode=0, bins=50, boxes=1

       single.......iteration                   accumulated......results   
iteration     integral    sigma             integral         sigma     chi-sq/it

   1        1.1046e-06   9.39e-09          1.1046e-06      9.39e-09    0.00e+00
   2        1.1121e-06   9.44e-09          1.1083e-06      6.66e-09    3.15e-01
   3        1.1340e-06   9.37e-09          1.1169e-06      5.43e-09    2.67e+00
   4        1.1070e-06   9.49e-09          1.1145e-06      4.71e-09    2.05e+00
   5        1.1214e-06   9.43e-09          1.1159e-06      4.21e-09    1.65e+00
   5        1.1020e-06   9.35e-09          1.1135e-06      3.84e-09    1.68e+00
   5        1.1174e-06   9.41e-09          1.1141e-06      3.56e-09    1.43e+00
aNNLO+NNLL = (6.6628807e-05 +- 2.4585029e-08) pb

Results:
LO = (5.5181216e-05 +- 1.9550619e-08) pb
NLO = (6.5514733e-05 +- 2.4326350e-08) pb
aNNLO+NNLL = (6.6628807e-05 +- 2.4585029e-08) pb
Thanks for using LHAPDF 6.2.3. Please make sure to cite the paper:
  Eur.Phys.J. C75 (2015) 3, 132  (http://arxiv.org/abs/1412.7420)
 ====================================================
   FF 2.0, a package to evaluate one-loop integrals
 written by G. J. van Oldenborgh, NIKHEF-H, Amsterdam
 ====================================================
 for the algorithms used see preprint NIKHEF-H 89/17,
 'New Algorithms for One-loop Integrals', by G.J. van
 Oldenborgh and J.A.M. Vermaseren, published in 
 Zeitschrift fuer Physik C46(1990)425.
 ====================================================
 
total number of errors and warnings
===================================
fferr: no errors
 
