
  Welcome to Resummino git-latest
  Copyright 2008-2010 Jonathan Debove.
  Copyright 2011-2014 David R. Lamprea.
  Copyright 2011-2016 Marcel Rothering.

  Licensed under the EUPL 1.1 or later.
  See http://www.resummino.org/ for more information.

  If using Resummino for slepton pair production, please cite.
  - G. Bozzi, B. Fuks, M. Klasen, PRD 74, 015001 (2006); NPB 777, 157 (2007); NPB 794, 46 (2007).
  - B. Fuks, M. Klasen, D. R. Lamprea, M. Rothering, EPJC 73, 2480 (2013).

  For gaugino pair production, please cite:
  - J. Debove, B. Fuks, M. Klasen, PLB 688, 208 (2010); NPB 842, 51 (2011); NPB 849, 64 (2011).
  - B. Fuks, M. Klasen, D. R. Lamprea, M. Rothering, JHEP 1210, 081 (2012); EPJC 73, 2480 (2013).

  For associated gaugino gluino production, please cite:
  - B. Fuks, M. Klasen, M. Rothering, JHEP 07:053, (2016).
  - B. Fuks, M. Klasen, D. R. Lamprea, M. Rothering, EPJC 73, 2480 (2013).

LHAPDF 6.2.3 loading /pool/condor/dir_29701/resummino-releases/lhapdf-prefix/share/LHAPDF/PDF4LHC21_40/PDF4LHC21_40_0000.dat
PDF4LHC21_40 PDF set, member #0, version 1
 alpha_s(M_Z^2) = 0.1180 	 for LO PDF set 
 alpha_s(900.000^2) = 0.0878 	 for LO PDF set 

********************
* LO cross section *
********************
The limits of integration are:

xl[0]=0.000000    xu[0]=1.000000
xl[1]=0.000000    xu[1]=1.000000
xl[2]=0.000000    xu[2]=1.000000

num_dim=3, calls=2000, it_num=1, max_it_num=5 verb=0, alph=1.50,
mode=0, bins=50, boxes=1

       single.......iteration                   accumulated......results   
iteration     integral    sigma             integral         sigma     chi-sq/it

   1        9.0296e-04   3.57e-05          9.0296e-04      3.57e-05    0.00e+00
   2        9.8468e-04   1.19e-05          9.7652e-04      1.13e-05    4.71e+00
   3        9.8863e-04   6.47e-06          9.8564e-04      5.62e-06    2.79e+00
   4        9.8045e-04   6.06e-06          9.8324e-04      4.12e-06    1.99e+00
   5        9.8147e-04   6.13e-06          9.8269e-04      3.42e-06    1.51e+00

num_dim=3, calls=20000, it_num=1, max_it_num=5 verb=0, alph=1.50,
mode=0, bins=50, boxes=1

       single.......iteration                   accumulated......results   
iteration     integral    sigma             integral         sigma     chi-sq/it

   1        9.8827e-04   1.89e-06          9.8827e-04      1.89e-06    0.00e+00
   2        9.8686e-04   1.83e-06          9.8754e-04      1.31e-06    2.89e-01
   3        9.8742e-04   1.77e-06          9.8750e-04      1.06e-06    1.46e-01
   4        9.8757e-04   1.88e-06          9.8751e-04      9.21e-07    9.79e-02
   5        9.8422e-04   1.91e-06          9.8689e-04      8.29e-07    6.76e-01
   5        9.8333e-04   1.90e-06          9.8632e-04      7.60e-07    1.13e+00
   5        9.8551e-04   1.88e-06          9.8621e-04      7.05e-07    9.70e-01
   5        9.8320e-04   1.94e-06          9.8586e-04      6.62e-07    1.13e+00
   5        9.8535e-04   1.97e-06          9.8581e-04      6.28e-07    1.00e+00
   5        9.8278e-04   2.01e-06          9.8554e-04      5.99e-07    1.12e+00
   5        9.8627e-04   2.04e-06          9.8560e-04      5.75e-07    1.02e+00
   5        9.8598e-04   2.09e-06          9.8562e-04      5.54e-07    9.29e-01
   5        9.8755e-04   2.17e-06          9.8574e-04      5.37e-07    9.14e-01
   5        9.8744e-04   2.28e-06          9.8583e-04      5.23e-07    8.84e-01
   5        9.8855e-04   2.37e-06          9.8596e-04      5.11e-07    9.11e-01
   5        9.8444e-04   2.43e-06          9.8589e-04      5.00e-07    8.75e-01
   5        9.8333e-04   2.50e-06          9.8579e-04      4.90e-07    8.83e-01
   5        9.8773e-04   2.59e-06          9.8586e-04      4.81e-07    8.63e-01
   5        9.8859e-04   2.72e-06          9.8594e-04      4.74e-07    8.69e-01
   5        9.8815e-04   2.78e-06          9.8601e-04      4.67e-07    8.55e-01
   5        9.8128e-04   2.88e-06          9.8589e-04      4.61e-07    9.44e-01
   5        9.8824e-04   2.99e-06          9.8594e-04      4.56e-07    9.28e-01
   5        9.8710e-04   3.03e-06          9.8597e-04      4.51e-07    8.92e-01
   5        9.8832e-04   3.10e-06          9.8601e-04      4.46e-07    8.78e-01
   5        9.8907e-04   3.11e-06          9.8608e-04      4.42e-07    8.81e-01
   5        9.8202e-04   3.05e-06          9.8599e-04      4.37e-07    9.15e-01
   5        9.9115e-04   3.18e-06          9.8609e-04      4.33e-07    9.79e-01
   5        9.8548e-04   3.20e-06          9.8608e-04      4.29e-07    9.44e-01
   5        9.8715e-04   3.34e-06          9.8609e-04      4.26e-07    9.14e-01
   5        9.8706e-04   3.23e-06          9.8611e-04      4.22e-07    8.86e-01
   5        9.8559e-04   3.24e-06          9.8610e-04      4.18e-07    8.57e-01
   5        9.8671e-04   3.35e-06          9.8611e-04      4.15e-07    8.30e-01
   5        9.8933e-04   3.36e-06          9.8616e-04      4.12e-07    8.33e-01
   5        9.8404e-04   3.38e-06          9.8613e-04      4.09e-07    8.19e-01
   5        9.8034e-04   3.33e-06          9.8604e-04      4.06e-07    8.83e-01
   5        9.9001e-04   3.43e-06          9.8610e-04      4.03e-07    8.95e-01
   5        9.7953e-04   3.55e-06          9.8601e-04      4.01e-07    9.64e-01
   5        9.8278e-04   3.66e-06          9.8598e-04      3.98e-07    9.59e-01
   5        9.8669e-04   3.67e-06          9.8598e-04      3.96e-07    9.35e-01
   5        9.8442e-04   3.68e-06          9.8597e-04      3.94e-07    9.15e-01
   5        9.8509e-04   3.64e-06          9.8596e-04      3.91e-07    8.94e-01
   5        9.8260e-04   3.71e-06          9.8592e-04      3.89e-07    8.92e-01
   5        9.9650e-04   3.84e-06          9.8603e-04      3.87e-07    1.05e+00
   5        9.8803e-04   3.51e-06          9.8605e-04      3.85e-07    1.03e+00
   5        9.8038e-04   3.54e-06          9.8599e-04      3.83e-07    1.07e+00
   5        9.8558e-04   3.57e-06          9.8598e-04      3.80e-07    1.04e+00
   5        9.9029e-04   3.64e-06          9.8603e-04      3.78e-07    1.05e+00
   5        9.7814e-04   3.65e-06          9.8594e-04      3.76e-07    1.13e+00
   5        9.9336e-04   3.68e-06          9.8602e-04      3.74e-07    1.19e+00
   5        9.9165e-04   3.81e-06          9.8607e-04      3.73e-07    1.21e+00
   5        9.8543e-04   3.80e-06          9.8607e-04      3.71e-07    1.18e+00
   5        9.8174e-04   3.85e-06          9.8603e-04      3.69e-07    1.19e+00
   5        9.8712e-04   3.67e-06          9.8604e-04      3.67e-07    1.16e+00
   5        9.8913e-04   3.71e-06          9.8607e-04      3.65e-07    1.16e+00
   5        9.8970e-04   3.53e-06          9.8611e-04      3.63e-07    1.15e+00
LO = (9.8610736e-04 +- 3.6349991e-07) pb
LHAPDF 6.2.3 loading /pool/condor/dir_29701/resummino-releases/lhapdf-prefix/share/LHAPDF/PDF4LHC21_40/PDF4LHC21_40_0008.dat
PDF4LHC21_40 PDF set, member #8, version 1
 alpha_s(M_Z^2) = 0.1180 	 for NLO PDF set 
 alpha_s(900.000^2) = 0.0878 	 for NLO PDF set 

********************
* LO cross section *
********************
The limits of integration are:

xl[0]=0.000000    xu[0]=1.000000
xl[1]=0.000000    xu[1]=1.000000
xl[2]=0.000000    xu[2]=1.000000

num_dim=3, calls=2000, it_num=1, max_it_num=5 verb=0, alph=1.50,
mode=0, bins=50, boxes=1

       single.......iteration                   accumulated......results   
iteration     integral    sigma             integral         sigma     chi-sq/it

   1        9.0619e-04   3.59e-05          9.0619e-04      3.59e-05    0.00e+00
   2        9.8841e-04   1.19e-05          9.8023e-04      1.13e-05    4.71e+00
   3        9.9251e-04   6.49e-06          9.8948e-04      5.63e-06    2.80e+00
   4        9.8428e-04   6.08e-06          9.8707e-04      4.13e-06    2.00e+00
   5        9.8524e-04   6.15e-06          9.8650e-04      3.43e-06    1.51e+00

num_dim=3, calls=20000, it_num=1, max_it_num=5 verb=0, alph=1.50,
mode=0, bins=50, boxes=1

       single.......iteration                   accumulated......results   
iteration     integral    sigma             integral         sigma     chi-sq/it

   1        9.9208e-04   1.90e-06          9.9208e-04      1.90e-06    0.00e+00
   2        9.9066e-04   1.83e-06          9.9135e-04      1.32e-06    2.89e-01
   3        9.9127e-04   1.78e-06          9.9132e-04      1.06e-06    1.45e-01
   4        9.9142e-04   1.89e-06          9.9134e-04      9.25e-07    9.73e-02
   5        9.8804e-04   1.92e-06          9.9072e-04      8.33e-07    6.75e-01
   5        9.8716e-04   1.90e-06          9.9015e-04      7.63e-07    1.13e+00
   5        9.8933e-04   1.89e-06          9.9003e-04      7.07e-07    9.67e-01
   5        9.8703e-04   1.95e-06          9.8968e-04      6.65e-07    1.13e+00
   5        9.8915e-04   1.98e-06          9.8963e-04      6.31e-07    9.96e-01
   5        9.8657e-04   2.02e-06          9.8936e-04      6.02e-07    1.12e+00
   5        9.9008e-04   2.04e-06          9.8941e-04      5.77e-07    1.02e+00
   5        9.8980e-04   2.10e-06          9.8944e-04      5.57e-07    9.29e-01
   5        9.9138e-04   2.17e-06          9.8956e-04      5.39e-07    9.14e-01
   5        9.9124e-04   2.29e-06          9.8965e-04      5.25e-07    8.83e-01
   5        9.9239e-04   2.38e-06          9.8978e-04      5.13e-07    9.10e-01
   5        9.8825e-04   2.44e-06          9.8971e-04      5.02e-07    8.74e-01
   5        9.8715e-04   2.51e-06          9.8961e-04      4.92e-07    8.82e-01
   5        9.9154e-04   2.60e-06          9.8968e-04      4.83e-07    8.61e-01
   5        9.9244e-04   2.73e-06          9.8976e-04      4.76e-07    8.68e-01
   5        9.9204e-04   2.79e-06          9.8983e-04      4.69e-07    8.56e-01
   5        9.8510e-04   2.88e-06          9.8971e-04      4.63e-07    9.45e-01
   5        9.9205e-04   3.00e-06          9.8976e-04      4.58e-07    9.28e-01
   5        9.9092e-04   3.04e-06          9.8979e-04      4.53e-07    8.92e-01
   5        9.9214e-04   3.11e-06          9.8984e-04      4.48e-07    8.78e-01
   5        9.9294e-04   3.12e-06          9.8990e-04      4.43e-07    8.82e-01
   5        9.8587e-04   3.06e-06          9.8982e-04      4.39e-07    9.14e-01
   5        9.9503e-04   3.20e-06          9.8991e-04      4.35e-07    9.79e-01
   5        9.8931e-04   3.21e-06          9.8990e-04      4.31e-07    9.44e-01
   5        9.9098e-04   3.36e-06          9.8992e-04      4.27e-07    9.14e-01
   5        9.9091e-04   3.24e-06          9.8994e-04      4.24e-07    8.86e-01
   5        9.8940e-04   3.25e-06          9.8993e-04      4.20e-07    8.57e-01
   5        9.9056e-04   3.36e-06          9.8994e-04      4.17e-07    8.31e-01
   5        9.9316e-04   3.37e-06          9.8998e-04      4.14e-07    8.33e-01
   5        9.8785e-04   3.39e-06          9.8995e-04      4.11e-07    8.20e-01
   5        9.8415e-04   3.33e-06          9.8987e-04      4.08e-07    8.83e-01
   5        9.9384e-04   3.43e-06          9.8992e-04      4.05e-07    8.96e-01
   5        9.8333e-04   3.56e-06          9.8984e-04      4.02e-07    9.65e-01
   5        9.8663e-04   3.66e-06          9.8980e-04      4.00e-07    9.60e-01
   5        9.9052e-04   3.68e-06          9.8981e-04      3.97e-07    9.35e-01
   5        9.8822e-04   3.68e-06          9.8979e-04      3.95e-07    9.16e-01
   5        9.8894e-04   3.65e-06          9.8978e-04      3.93e-07    8.94e-01
   5        9.8643e-04   3.72e-06          9.8974e-04      3.91e-07    8.92e-01
   5        1.0003e-03   3.85e-06          9.8985e-04      3.89e-07    1.05e+00
   5        9.9186e-04   3.52e-06          9.8988e-04      3.86e-07    1.03e+00
   5        9.8416e-04   3.55e-06          9.8981e-04      3.84e-07    1.07e+00
   5        9.8942e-04   3.58e-06          9.8980e-04      3.82e-07    1.04e+00
   5        9.9415e-04   3.66e-06          9.8985e-04      3.80e-07    1.05e+00
   5        9.8189e-04   3.66e-06          9.8977e-04      3.78e-07    1.13e+00
   5        9.9724e-04   3.70e-06          9.8984e-04      3.76e-07    1.19e+00
   5        9.9551e-04   3.83e-06          9.8990e-04      3.74e-07    1.21e+00
   5        9.8925e-04   3.81e-06          9.8989e-04      3.72e-07    1.18e+00
   5        9.8552e-04   3.86e-06          9.8985e-04      3.70e-07    1.19e+00
   5        9.9094e-04   3.69e-06          9.8986e-04      3.69e-07    1.17e+00
   5        9.9297e-04   3.73e-06          9.8989e-04      3.67e-07    1.16e+00
   5        9.9357e-04   3.55e-06          9.8993e-04      3.65e-07    1.15e+00
LO = (9.8993073e-04 +- 3.6487921e-07) pb

*******************************************
* virtual corrections + integrated dipole *
*******************************************
The limits of integration are:

xl[0]=0.000000    xu[0]=1.000000
xl[1]=0.000000    xu[1]=1.000000
xl[2]=0.000000    xu[2]=1.000000

num_dim=3, calls=240, it_num=1, max_it_num=5 verb=0, alph=1.50,
mode=0, bins=50, boxes=1

       single.......iteration                   accumulated......results   
iteration     integral    sigma             integral         sigma     chi-sq/it

   1        3.4512e-05   4.07e-06          3.4512e-05      4.07e-06    0.00e+00
   2        3.5986e-05   1.74e-06          3.5759e-05      1.60e-06    1.11e-01
   3        3.7459e-05   1.13e-06          3.6895e-05      9.20e-07    4.34e-01
   4        3.7703e-05   9.25e-07          3.7297e-05      6.52e-07    4.17e-01
   5        3.8496e-05   8.74e-07          3.7726e-05      5.23e-07    6.16e-01

num_dim=3, calls=1200, it_num=1, max_it_num=3 verb=0, alph=1.50,
mode=0, bins=50, boxes=1

       single.......iteration                   accumulated......results   
iteration     integral    sigma             integral         sigma     chi-sq/it

   1        3.5991e-05   3.71e-07          3.5991e-05      3.71e-07    0.00e+00
   2        3.6801e-05   3.16e-07          3.6460e-05      2.41e-07    2.77e+00
   3        3.6667e-05   3.03e-07          3.6540e-05      1.88e-07    1.53e+00
   3        3.7467e-05   2.93e-07          3.6811e-05      1.58e-07    3.38e+00
   3        3.6492e-05   3.14e-07          3.6746e-05      1.41e-07    2.74e+00
   3        3.6825e-05   3.09e-07          3.6760e-05      1.29e-07    2.20e+00
   3        3.6486e-05   3.16e-07          3.6721e-05      1.19e-07    1.94e+00
   3        3.7160e-05   3.00e-07          3.6781e-05      1.11e-07    1.93e+00
   3        3.7247e-05   3.12e-07          3.6833e-05      1.04e-07    1.94e+00
   3        3.6978e-05   2.96e-07          3.6849e-05      9.84e-08    1.74e+00
   3        3.6739e-05   2.95e-07          3.6838e-05      9.33e-08    1.58e+00
   3        3.6865e-05   3.02e-07          3.6840e-05      8.92e-08    1.44e+00
vNLO = (3.6840323e-05 +- 8.9188597e-08) pb

*****************************
* collinear remainder (P+K) *
*****************************
The limits of integration are:

xl[0]=0.000000    xu[0]=1.000000
xl[1]=0.000000    xu[1]=1.000000
xl[2]=0.000000    xu[2]=1.000000
xl[3]=0.000000    xu[3]=1.000000

num_dim=4, calls=2500, it_num=1, max_it_num=5 verb=0, alph=1.50,
mode=0, bins=50, boxes=1

       single.......iteration                   accumulated......results   
iteration     integral    sigma             integral         sigma     chi-sq/it

   1        1.3397e-04   1.02e-05          1.3397e-04      1.02e-05    0.00e+00
   2        1.3419e-04   3.00e-06          1.3418e-04      2.88e-06    4.43e-04
   3        1.2862e-04   2.33e-06          1.3082e-04      1.81e-06    1.13e+00
   4        1.3080e-04   2.07e-06          1.3081e-04      1.36e-06    7.51e-01
   5        1.3057e-04   2.07e-06          1.3074e-04      1.14e-06    5.66e-01

num_dim=4, calls=25000, it_num=1, max_it_num=3 verb=0, alph=1.50,
mode=0, bins=50, boxes=1

       single.......iteration                   accumulated......results   
iteration     integral    sigma             integral         sigma     chi-sq/it

   1        1.2829e-04   6.68e-07          1.2829e-04      6.68e-07    0.00e+00
   2        1.2785e-04   6.76e-07          1.2807e-04      4.75e-07    2.09e-01
   3        1.2752e-04   6.67e-07          1.2789e-04      3.87e-07    3.31e-01
   3        1.2802e-04   6.69e-07          1.2792e-04      3.35e-07    2.30e-01
   3        1.2738e-04   6.79e-07          1.2781e-04      3.00e-07    3.00e-01
   3        1.2711e-04   6.70e-07          1.2770e-04      2.74e-07    4.23e-01
   3        1.2849e-04   6.70e-07          1.2781e-04      2.54e-07    5.55e-01
P+K = (1.2781037e-04 +- 2.5376577e-07) pb

********************************
* real gluon emission - dipole *
********************************
The limits of integration are:

xl[0]=0.000000    xu[0]=1.000000
xl[1]=0.000000    xu[1]=1.000000
xl[2]=0.000000    xu[2]=1.000000
xl[3]=0.000000    xu[3]=1.000000
xl[4]=0.000000    xu[4]=1.000000
xl[5]=0.000000    xu[5]=1.000000

num_dim=6, calls=250, it_num=1, max_it_num=5 verb=0, alph=1.50,
mode=0, bins=50, boxes=1

       single.......iteration                   accumulated......results   
iteration     integral    sigma             integral         sigma     chi-sq/it

   1        -2.4081e-06   5.20e-07          -2.4081e-06      5.20e-07    0.00e+00
   2        -2.8828e-06   5.92e-07          -2.6149e-06      3.91e-07    3.63e-01
   3        -3.0745e-06   4.49e-07          -2.8126e-06      2.95e-07    4.79e-01
   4        -3.3152e-06   6.53e-07          -2.8977e-06      2.69e-07    4.84e-01
   5        -2.5117e-06   3.22e-07          -2.7392e-06      2.06e-07    5.75e-01

num_dim=6, calls=2500, it_num=1, max_it_num=3 verb=0, alph=1.50,
mode=0, bins=50, boxes=1

       single.......iteration                   accumulated......results   
iteration     integral    sigma             integral         sigma     chi-sq/it

   1        -2.7050e-06   1.00e-07          -2.7050e-06      1.00e-07    0.00e+00
   2        -2.8733e-06   5.00e-08          -2.8397e-06      4.47e-08    2.26e+00
   3        -2.8500e-06   3.22e-08          -2.8465e-06      2.61e-08    1.15e+00
rNLOg = (-2.8464633e-06 +- 2.6124731e-08) pb

**************************************************
* real light quark emission - dipole - (onshell) *
**************************************************
The limits of integration are:

xl[0]=0.000000    xu[0]=1.000000
xl[1]=0.000000    xu[1]=1.000000
xl[2]=0.000000    xu[2]=1.000000
xl[3]=0.000000    xu[3]=1.000000
xl[4]=0.000000    xu[4]=1.000000
xl[5]=0.000000    xu[5]=1.000000

num_dim=6, calls=5000, it_num=1, max_it_num=5 verb=0, alph=1.50,
mode=0, bins=50, boxes=1

       single.......iteration                   accumulated......results   
iteration     integral    sigma             integral         sigma     chi-sq/it

   1        7.1731e-06   3.79e-07          7.1731e-06      3.79e-07    0.00e+00
   2        7.1631e-06   1.31e-07          7.1642e-06      1.24e-07    6.24e-04
   3        7.0960e-06   7.27e-08          7.1134e-06      6.27e-08    1.13e-01
   4        7.1349e-06   5.00e-08          7.1266e-06      3.91e-08    9.90e-02
   5        7.1369e-06   4.26e-08          7.1313e-06      2.88e-08    8.22e-02

num_dim=6, calls=50000, it_num=1, max_it_num=5 verb=0, alph=1.50,
mode=0, bins=50, boxes=1

       single.......iteration                   accumulated......results   
iteration     integral    sigma             integral         sigma     chi-sq/it

   1        7.1270e-06   1.31e-08          7.1270e-06      1.31e-08    0.00e+00
   2        7.1448e-06   1.58e-08          7.1343e-06      1.01e-08    7.45e-01
   3        7.1569e-06   1.69e-08          7.1402e-06      8.67e-09    1.03e+00
   4        7.1466e-06   1.41e-08          7.1420e-06      7.39e-09    7.38e-01
   5        7.1514e-06   1.55e-08          7.1437e-06      6.67e-09    6.28e-01
rNLOq = (7.1437049e-06 +- 6.6708074e-09) pb
NLO = (1.1588787e-03 +- 4.5410958e-07) pb
#chisq/dof = 1.87839e-09
#status = success
#chisq/dof = 1.63122e-09
#status = success
#chisq/dof = 4.95783e-10
#status = success
#chisq/dof = 4.3834e-10
#status = success
#chisq/dof = 1.41621e-10
#status = success
#chisq/dof = 3.20309e-12
#status = success
#chisq/dof = 3.54984e-10
#status = success
#chisq/dof = 6.47725e-11
#status = success

*******************************************************
* threshold resummation (unimproved nnll) - expansion *
*******************************************************
The limits of integration are:

xl[0]=0.000000    xu[0]=1.000000
xl[1]=0.000000    xu[1]=1.000000
xl[2]=0.000000    xu[2]=1.000000

num_dim=3, calls=7000, it_num=1, max_it_num=5 verb=0, alph=1.50,
mode=0, bins=50, boxes=1

       single.......iteration                   accumulated......results   
iteration     integral    sigma             integral         sigma     chi-sq/it

   1        1.3015e-05   9.86e-07          1.3015e-05      9.86e-07    0.00e+00
   2        1.1985e-05   5.23e-07          1.2211e-05      4.62e-07    8.52e-01
   3        1.1368e-05   4.90e-07          1.1814e-05      3.36e-07    1.21e+00
   4        1.2056e-05   4.97e-07          1.1890e-05      2.78e-07    8.62e-01
   5        1.0941e-05   5.01e-07          1.1666e-05      2.43e-07    1.33e+00

num_dim=3, calls=35000, it_num=1, max_it_num=5 verb=0, alph=1.50,
mode=0, bins=50, boxes=1

       single.......iteration                   accumulated......results   
iteration     integral    sigma             integral         sigma     chi-sq/it

   1        1.1642e-05   2.19e-07          1.1642e-05      2.19e-07    0.00e+00
   2        1.1852e-05   2.22e-07          1.1746e-05      1.56e-07    4.50e-01
   3        1.1833e-05   2.22e-07          1.1775e-05      1.28e-07    2.77e-01
   4        1.1740e-05   2.22e-07          1.1766e-05      1.11e-07    1.91e-01
   5        1.1790e-05   2.21e-07          1.1771e-05      9.89e-08    1.45e-01
   5        1.1811e-05   2.20e-07          1.1778e-05      9.03e-08    1.22e-01
   5        1.2050e-05   2.20e-07          1.1817e-05      8.35e-08    3.20e-01
   5        1.1879e-05   2.22e-07          1.1825e-05      7.81e-08    2.84e-01
   5        1.1886e-05   2.24e-07          1.1831e-05      7.38e-08    2.57e-01
   5        1.1458e-05   2.21e-07          1.1794e-05      7.00e-08    5.12e-01
aNNLO+NNLL = (1.1706727e-03 +- 4.5947000e-07) pb

Results:
LO = (9.8610736e-04 +- 3.6349991e-07) pb
NLO = (1.1588787e-03 +- 4.5410958e-07) pb
aNNLO+NNLL = (1.1706727e-03 +- 4.5947000e-07) pb
Thanks for using LHAPDF 6.2.3. Please make sure to cite the paper:
  Eur.Phys.J. C75 (2015) 3, 132  (http://arxiv.org/abs/1412.7420)
 ====================================================
   FF 2.0, a package to evaluate one-loop integrals
 written by G. J. van Oldenborgh, NIKHEF-H, Amsterdam
 ====================================================
 for the algorithms used see preprint NIKHEF-H 89/17,
 'New Algorithms for One-loop Integrals', by G.J. van
 Oldenborgh and J.A.M. Vermaseren, published in 
 Zeitschrift fuer Physik C46(1990)425.
 ====================================================
 
total number of errors and warnings
===================================
fferr: no errors
 
