
  Welcome to Resummino git-latest
  Copyright 2008-2010 Jonathan Debove.
  Copyright 2011-2014 David R. Lamprea.
  Copyright 2011-2016 Marcel Rothering.

  Licensed under the EUPL 1.1 or later.
  See http://www.resummino.org/ for more information.

  If using Resummino for slepton pair production, please cite.
  - G. Bozzi, B. Fuks, M. Klasen, PRD 74, 015001 (2006); NPB 777, 157 (2007); NPB 794, 46 (2007).
  - B. Fuks, M. Klasen, D. R. Lamprea, M. Rothering, EPJC 73, 2480 (2013).

  For gaugino pair production, please cite:
  - J. Debove, B. Fuks, M. Klasen, PLB 688, 208 (2010); NPB 842, 51 (2011); NPB 849, 64 (2011).
  - B. Fuks, M. Klasen, D. R. Lamprea, M. Rothering, JHEP 1210, 081 (2012); EPJC 73, 2480 (2013).

  For associated gaugino gluino production, please cite:
  - B. Fuks, M. Klasen, M. Rothering, JHEP 07:053, (2016).
  - B. Fuks, M. Klasen, D. R. Lamprea, M. Rothering, EPJC 73, 2480 (2013).

LHAPDF 6.2.3 loading /pool/condor/dir_48630/resummino-releases/lhapdf-prefix/share/LHAPDF/PDF4LHC21_40/PDF4LHC21_40_0000.dat
PDF4LHC21_40 PDF set, member #0, version 1
 alpha_s(M_Z^2) = 0.1180 	 for LO PDF set 
 alpha_s(1200.000^2) = 0.0851 	 for LO PDF set 

********************
* LO cross section *
********************
The limits of integration are:

xl[0]=0.000000    xu[0]=1.000000
xl[1]=0.000000    xu[1]=1.000000
xl[2]=0.000000    xu[2]=1.000000

num_dim=3, calls=2000, it_num=1, max_it_num=5 verb=0, alph=1.50,
mode=0, bins=50, boxes=1

       single.......iteration                   accumulated......results   
iteration     integral    sigma             integral         sigma     chi-sq/it

   1        7.2156e-03   2.85e-04          7.2156e-03      2.85e-04    0.00e+00
   2        7.8087e-03   9.47e-05          7.7495e-03      8.99e-05    3.91e+00
   3        7.8467e-03   5.39e-05          7.8210e-03      4.62e-05    2.39e+00
   4        7.7763e-03   5.09e-05          7.8008e-03      3.42e-05    1.73e+00
   5        7.7890e-03   5.16e-05          7.7972e-03      2.85e-05    1.31e+00

num_dim=3, calls=20000, it_num=1, max_it_num=5 verb=0, alph=1.50,
mode=0, bins=50, boxes=1

       single.......iteration                   accumulated......results   
iteration     integral    sigma             integral         sigma     chi-sq/it

   1        7.8486e-03   1.59e-05          7.8486e-03      1.59e-05    0.00e+00
   2        7.8358e-03   1.54e-05          7.8420e-03      1.11e-05    3.35e-01
   3        7.8396e-03   1.50e-05          7.8412e-03      8.89e-06    1.76e-01
   4        7.8411e-03   1.58e-05          7.8411e-03      7.76e-06    1.18e-01
   5        7.8149e-03   1.60e-05          7.8361e-03      6.98e-06    6.35e-01
   5        7.8065e-03   1.59e-05          7.8314e-03      6.39e-06    1.09e+00
   5        7.8228e-03   1.57e-05          7.8301e-03      5.92e-06    9.50e-01
   5        7.8042e-03   1.63e-05          7.8271e-03      5.57e-06    1.13e+00
   5        7.8234e-03   1.65e-05          7.8267e-03      5.27e-06    9.98e-01
   5        7.8019e-03   1.68e-05          7.8245e-03      5.03e-06    1.11e+00
   5        7.8320e-03   1.70e-05          7.8251e-03      4.82e-06    1.02e+00
   5        7.8277e-03   1.74e-05          7.8253e-03      4.65e-06    9.25e-01
   5        7.8396e-03   1.79e-05          7.8262e-03      4.50e-06    8.97e-01
   5        7.8433e-03   1.89e-05          7.8271e-03      4.38e-06    8.88e-01
   5        7.8490e-03   1.95e-05          7.8282e-03      4.27e-06    9.10e-01
   5        7.8151e-03   2.00e-05          7.8276e-03      4.18e-06    8.77e-01
   5        7.8106e-03   2.05e-05          7.8269e-03      4.09e-06    8.63e-01
   5        7.8398e-03   2.12e-05          7.8274e-03      4.02e-06    8.33e-01
   5        7.8495e-03   2.22e-05          7.8281e-03      3.95e-06    8.40e-01
   5        7.8485e-03   2.27e-05          7.8287e-03      3.89e-06    8.38e-01
   5        7.7889e-03   2.32e-05          7.8276e-03      3.84e-06    9.39e-01
   5        7.8491e-03   2.40e-05          7.8281e-03      3.79e-06    9.32e-01
   5        7.8362e-03   2.43e-05          7.8283e-03      3.75e-06    8.94e-01
   5        7.8466e-03   2.49e-05          7.8287e-03      3.71e-06    8.78e-01
   5        7.8540e-03   2.49e-05          7.8293e-03      3.67e-06    8.83e-01
   5        7.7928e-03   2.45e-05          7.8285e-03      3.62e-06    9.35e-01
   5        7.8689e-03   2.54e-05          7.8293e-03      3.59e-06    9.95e-01
   5        7.8255e-03   2.55e-05          7.8292e-03      3.55e-06    9.59e-01
   5        7.8399e-03   2.66e-05          7.8294e-03      3.52e-06    9.30e-01
   5        7.8357e-03   2.59e-05          7.8295e-03      3.49e-06    9.00e-01
   5        7.8224e-03   2.59e-05          7.8294e-03      3.46e-06    8.72e-01
   5        7.8331e-03   2.68e-05          7.8294e-03      3.43e-06    8.45e-01
   5        7.8553e-03   2.69e-05          7.8299e-03      3.40e-06    8.47e-01
   5        7.8123e-03   2.70e-05          7.8296e-03      3.38e-06    8.34e-01
   5        7.7802e-03   2.66e-05          7.8288e-03      3.35e-06    9.09e-01
   5        7.8591e-03   2.74e-05          7.8293e-03      3.32e-06    9.18e-01
   5        7.7820e-03   2.85e-05          7.8286e-03      3.30e-06    9.68e-01
   5        7.8067e-03   2.94e-05          7.8283e-03      3.28e-06    9.56e-01
   5        7.8334e-03   2.93e-05          7.8284e-03      3.26e-06    9.32e-01
   5        7.8145e-03   2.93e-05          7.8282e-03      3.24e-06    9.14e-01
   5        7.8190e-03   2.91e-05          7.8281e-03      3.22e-06    8.93e-01
   5        7.7990e-03   2.96e-05          7.8278e-03      3.20e-06    8.95e-01
   5        7.9100e-03   3.05e-05          7.8287e-03      3.18e-06    1.04e+00
   5        7.8467e-03   2.80e-05          7.8289e-03      3.16e-06    1.03e+00
   5        7.7793e-03   2.83e-05          7.8283e-03      3.14e-06    1.08e+00
   5        7.8264e-03   2.84e-05          7.8283e-03      3.13e-06    1.05e+00
   5        7.8640e-03   2.91e-05          7.8287e-03      3.11e-06    1.06e+00
   5        7.7636e-03   2.93e-05          7.8280e-03      3.09e-06    1.14e+00
   5        7.8865e-03   2.96e-05          7.8286e-03      3.07e-06    1.20e+00
   5        7.8712e-03   3.06e-05          7.8290e-03      3.06e-06    1.22e+00
   5        7.8218e-03   3.02e-05          7.8289e-03      3.04e-06    1.19e+00
   5        7.7965e-03   3.07e-05          7.8286e-03      3.03e-06    1.19e+00
   5        7.8380e-03   2.94e-05          7.8287e-03      3.01e-06    1.17e+00
   5        7.8529e-03   2.98e-05          7.8290e-03      3.00e-06    1.16e+00
   5        7.8557e-03   2.86e-05          7.8293e-03      2.98e-06    1.15e+00
LO = (7.8292556e-03 +- 2.9802242e-06) pb
LHAPDF 6.2.3 loading /pool/condor/dir_48630/resummino-releases/lhapdf-prefix/share/LHAPDF/PDF4LHC21_40/PDF4LHC21_40_0000.dat
PDF4LHC21_40 PDF set, member #0, version 1
 alpha_s(M_Z^2) = 0.1180 	 for NLO PDF set 
 alpha_s(1200.000^2) = 0.0851 	 for NLO PDF set 

********************
* LO cross section *
********************
The limits of integration are:

xl[0]=0.000000    xu[0]=1.000000
xl[1]=0.000000    xu[1]=1.000000
xl[2]=0.000000    xu[2]=1.000000

num_dim=3, calls=2000, it_num=1, max_it_num=5 verb=0, alph=1.50,
mode=0, bins=50, boxes=1

       single.......iteration                   accumulated......results   
iteration     integral    sigma             integral         sigma     chi-sq/it

   1        7.2156e-03   2.85e-04          7.2156e-03      2.85e-04    0.00e+00
   2        7.8087e-03   9.47e-05          7.7495e-03      8.99e-05    3.91e+00
   3        7.8467e-03   5.39e-05          7.8210e-03      4.62e-05    2.39e+00
   4        7.7763e-03   5.09e-05          7.8008e-03      3.42e-05    1.73e+00
   5        7.7890e-03   5.16e-05          7.7972e-03      2.85e-05    1.31e+00

num_dim=3, calls=20000, it_num=1, max_it_num=5 verb=0, alph=1.50,
mode=0, bins=50, boxes=1

       single.......iteration                   accumulated......results   
iteration     integral    sigma             integral         sigma     chi-sq/it

   1        7.8486e-03   1.59e-05          7.8486e-03      1.59e-05    0.00e+00
   2        7.8358e-03   1.54e-05          7.8420e-03      1.11e-05    3.35e-01
   3        7.8396e-03   1.50e-05          7.8412e-03      8.89e-06    1.76e-01
   4        7.8411e-03   1.58e-05          7.8411e-03      7.76e-06    1.18e-01
   5        7.8149e-03   1.60e-05          7.8361e-03      6.98e-06    6.35e-01
   5        7.8065e-03   1.59e-05          7.8314e-03      6.39e-06    1.09e+00
   5        7.8228e-03   1.57e-05          7.8301e-03      5.92e-06    9.50e-01
   5        7.8042e-03   1.63e-05          7.8271e-03      5.57e-06    1.13e+00
   5        7.8234e-03   1.65e-05          7.8267e-03      5.27e-06    9.98e-01
   5        7.8019e-03   1.68e-05          7.8245e-03      5.03e-06    1.11e+00
   5        7.8320e-03   1.70e-05          7.8251e-03      4.82e-06    1.02e+00
   5        7.8277e-03   1.74e-05          7.8253e-03      4.65e-06    9.25e-01
   5        7.8396e-03   1.79e-05          7.8262e-03      4.50e-06    8.97e-01
   5        7.8433e-03   1.89e-05          7.8271e-03      4.38e-06    8.88e-01
   5        7.8490e-03   1.95e-05          7.8282e-03      4.27e-06    9.10e-01
   5        7.8151e-03   2.00e-05          7.8276e-03      4.18e-06    8.77e-01
   5        7.8106e-03   2.05e-05          7.8269e-03      4.09e-06    8.63e-01
   5        7.8398e-03   2.12e-05          7.8274e-03      4.02e-06    8.33e-01
   5        7.8495e-03   2.22e-05          7.8281e-03      3.95e-06    8.40e-01
   5        7.8485e-03   2.27e-05          7.8287e-03      3.89e-06    8.38e-01
   5        7.7889e-03   2.32e-05          7.8276e-03      3.84e-06    9.39e-01
   5        7.8491e-03   2.40e-05          7.8281e-03      3.79e-06    9.32e-01
   5        7.8362e-03   2.43e-05          7.8283e-03      3.75e-06    8.94e-01
   5        7.8466e-03   2.49e-05          7.8287e-03      3.71e-06    8.78e-01
   5        7.8540e-03   2.49e-05          7.8293e-03      3.67e-06    8.83e-01
   5        7.7928e-03   2.45e-05          7.8285e-03      3.62e-06    9.35e-01
   5        7.8689e-03   2.54e-05          7.8293e-03      3.59e-06    9.95e-01
   5        7.8255e-03   2.55e-05          7.8292e-03      3.55e-06    9.59e-01
   5        7.8399e-03   2.66e-05          7.8294e-03      3.52e-06    9.30e-01
   5        7.8357e-03   2.59e-05          7.8295e-03      3.49e-06    9.00e-01
   5        7.8224e-03   2.59e-05          7.8294e-03      3.46e-06    8.72e-01
   5        7.8331e-03   2.68e-05          7.8294e-03      3.43e-06    8.45e-01
   5        7.8553e-03   2.69e-05          7.8299e-03      3.40e-06    8.47e-01
   5        7.8123e-03   2.70e-05          7.8296e-03      3.38e-06    8.34e-01
   5        7.7802e-03   2.66e-05          7.8288e-03      3.35e-06    9.09e-01
   5        7.8591e-03   2.74e-05          7.8293e-03      3.32e-06    9.18e-01
   5        7.7820e-03   2.85e-05          7.8286e-03      3.30e-06    9.68e-01
   5        7.8067e-03   2.94e-05          7.8283e-03      3.28e-06    9.56e-01
   5        7.8334e-03   2.93e-05          7.8284e-03      3.26e-06    9.32e-01
   5        7.8145e-03   2.93e-05          7.8282e-03      3.24e-06    9.14e-01
   5        7.8190e-03   2.91e-05          7.8281e-03      3.22e-06    8.93e-01
   5        7.7990e-03   2.96e-05          7.8278e-03      3.20e-06    8.95e-01
   5        7.9100e-03   3.05e-05          7.8287e-03      3.18e-06    1.04e+00
   5        7.8467e-03   2.80e-05          7.8289e-03      3.16e-06    1.03e+00
   5        7.7793e-03   2.83e-05          7.8283e-03      3.14e-06    1.08e+00
   5        7.8264e-03   2.84e-05          7.8283e-03      3.13e-06    1.05e+00
   5        7.8640e-03   2.91e-05          7.8287e-03      3.11e-06    1.06e+00
   5        7.7636e-03   2.93e-05          7.8280e-03      3.09e-06    1.14e+00
   5        7.8865e-03   2.96e-05          7.8286e-03      3.07e-06    1.20e+00
   5        7.8712e-03   3.06e-05          7.8290e-03      3.06e-06    1.22e+00
   5        7.8218e-03   3.02e-05          7.8289e-03      3.04e-06    1.19e+00
   5        7.7965e-03   3.07e-05          7.8286e-03      3.03e-06    1.19e+00
   5        7.8380e-03   2.94e-05          7.8287e-03      3.01e-06    1.17e+00
   5        7.8529e-03   2.98e-05          7.8290e-03      3.00e-06    1.16e+00
   5        7.8557e-03   2.86e-05          7.8293e-03      2.98e-06    1.15e+00
LO = (7.8292556e-03 +- 2.9802242e-06) pb

*******************************************
* virtual corrections + integrated dipole *
*******************************************
The limits of integration are:

xl[0]=0.000000    xu[0]=1.000000
xl[1]=0.000000    xu[1]=1.000000
xl[2]=0.000000    xu[2]=1.000000

num_dim=3, calls=240, it_num=1, max_it_num=5 verb=0, alph=1.50,
mode=0, bins=50, boxes=1

       single.......iteration                   accumulated......results   
iteration     integral    sigma             integral         sigma     chi-sq/it

   1        2.6883e-04   3.15e-05          2.6883e-04      3.15e-05    0.00e+00
   2        2.7591e-04   1.31e-05          2.7487e-04      1.21e-05    4.30e-02
   3        2.8751e-04   8.84e-06          2.8312e-04      7.14e-06    3.77e-01
   4        2.9009e-04   7.46e-06          2.8646e-04      5.16e-06    4.04e-01
   5        2.9544e-04   6.99e-06          2.8963e-04      4.15e-06    5.70e-01

num_dim=3, calls=1200, it_num=1, max_it_num=3 verb=0, alph=1.50,
mode=0, bins=50, boxes=1

       single.......iteration                   accumulated......results   
iteration     integral    sigma             integral         sigma     chi-sq/it

   1        2.7580e-04   2.98e-06          2.7580e-04      2.98e-06    0.00e+00
   2        2.8199e-04   2.57e-06          2.7936e-04      1.95e-06    2.47e+00
   3        2.8071e-04   2.45e-06          2.7988e-04      1.52e-06    1.33e+00
vNLO = (2.7987938e-04 +- 1.5232603e-06) pb

*****************************
* collinear remainder (P+K) *
*****************************
The limits of integration are:

xl[0]=0.000000    xu[0]=1.000000
xl[1]=0.000000    xu[1]=1.000000
xl[2]=0.000000    xu[2]=1.000000
xl[3]=0.000000    xu[3]=1.000000

num_dim=4, calls=2500, it_num=1, max_it_num=5 verb=0, alph=1.50,
mode=0, bins=50, boxes=1

       single.......iteration                   accumulated......results   
iteration     integral    sigma             integral         sigma     chi-sq/it

   1        1.3753e-03   1.06e-04          1.3753e-03      1.06e-04    0.00e+00
   2        1.3864e-03   3.39e-05          1.3854e-03      3.23e-05    1.01e-02
   3        1.3182e-03   2.75e-05          1.3465e-03      2.09e-05    1.26e+00
   4        1.3592e-03   2.47e-05          1.3518e-03      1.60e-05    8.93e-01
   5        1.3473e-03   2.49e-05          1.3505e-03      1.34e-05    6.75e-01

num_dim=4, calls=25000, it_num=1, max_it_num=3 verb=0, alph=1.50,
mode=0, bins=50, boxes=1

       single.......iteration                   accumulated......results   
iteration     integral    sigma             integral         sigma     chi-sq/it

   1        1.3198e-03   8.02e-06          1.3198e-03      8.02e-06    0.00e+00
   2        1.3140e-03   8.11e-06          1.3169e-03      5.70e-06    2.61e-01
   3        1.3110e-03   8.02e-06          1.3149e-03      4.65e-06    3.12e-01
   3        1.3187e-03   8.02e-06          1.3159e-03      4.02e-06    2.64e-01
   3        1.3114e-03   8.12e-06          1.3150e-03      3.60e-06    2.59e-01
   3        1.3073e-03   8.03e-06          1.3137e-03      3.29e-06    3.62e-01
   3        1.3272e-03   8.02e-06          1.3156e-03      3.04e-06    7.03e-01
   3        1.3105e-03   8.04e-06          1.3150e-03      2.84e-06    6.53e-01
   3        1.3064e-03   8.22e-06          1.3141e-03      2.69e-06    6.93e-01
   3        1.3130e-03   8.04e-06          1.3140e-03      2.55e-06    6.17e-01
P+K = (1.3139762e-03 +- 2.5492590e-06) pb

********************************
* real gluon emission - dipole *
********************************
The limits of integration are:

xl[0]=0.000000    xu[0]=1.000000
xl[1]=0.000000    xu[1]=1.000000
xl[2]=0.000000    xu[2]=1.000000
xl[3]=0.000000    xu[3]=1.000000
xl[4]=0.000000    xu[4]=1.000000
xl[5]=0.000000    xu[5]=1.000000

num_dim=6, calls=250, it_num=1, max_it_num=5 verb=0, alph=1.50,
mode=0, bins=50, boxes=1

       single.......iteration                   accumulated......results   
iteration     integral    sigma             integral         sigma     chi-sq/it

   1        -2.4905e-05   5.20e-06          -2.4905e-05      5.20e-06    0.00e+00
   2        -2.8411e-05   5.66e-06          -2.6510e-05      3.83e-06    2.08e-01
   3        -3.0557e-05   4.26e-06          -2.8318e-05      2.85e-06    3.53e-01
   4        -3.2789e-05   5.64e-06          -2.9227e-05      2.54e-06    4.02e-01
   5        -3.2318e-05   3.83e-06          -3.0174e-05      2.12e-06    4.15e-01

num_dim=6, calls=2500, it_num=1, max_it_num=3 verb=0, alph=1.50,
mode=0, bins=50, boxes=1

       single.......iteration                   accumulated......results   
iteration     integral    sigma             integral         sigma     chi-sq/it

   1        -3.0556e-05   9.57e-07          -3.0556e-05      9.57e-07    0.00e+00
   2        -2.9908e-05   4.87e-07          -3.0041e-05      4.34e-07    3.64e-01
   3        -2.9417e-05   3.35e-07          -2.9650e-05      2.65e-07    8.29e-01
rNLOg = (-2.9650215e-05 +- 2.6527348e-07) pb

**************************************************
* real light quark emission - dipole - (onshell) *
**************************************************
The limits of integration are:

xl[0]=0.000000    xu[0]=1.000000
xl[1]=0.000000    xu[1]=1.000000
xl[2]=0.000000    xu[2]=1.000000
xl[3]=0.000000    xu[3]=1.000000
xl[4]=0.000000    xu[4]=1.000000
xl[5]=0.000000    xu[5]=1.000000

num_dim=6, calls=5000, it_num=1, max_it_num=5 verb=0, alph=1.50,
mode=0, bins=50, boxes=1

       single.......iteration                   accumulated......results   
iteration     integral    sigma             integral         sigma     chi-sq/it

   1        7.5591e-05   4.29e-06          7.5591e-05      4.29e-06    0.00e+00
   2        7.5818e-05   1.39e-06          7.5797e-05      1.32e-06    2.55e-03
   3        7.4961e-05   7.51e-07          7.5165e-05      6.53e-07    1.52e-01
   4        7.5461e-05   5.59e-07          7.5336e-05      4.25e-07    1.41e-01
   5        7.5277e-05   4.88e-07          7.5310e-05      3.20e-07    1.08e-01

num_dim=6, calls=50000, it_num=1, max_it_num=5 verb=0, alph=1.50,
mode=0, bins=50, boxes=1

       single.......iteration                   accumulated......results   
iteration     integral    sigma             integral         sigma     chi-sq/it

   1        7.5103e-05   1.50e-07          7.5103e-05      1.50e-07    0.00e+00
   2        7.5336e-05   1.72e-07          7.5204e-05      1.13e-07    1.05e+00
   3        7.5493e-05   1.84e-07          7.5283e-05      9.64e-08    1.42e+00
   4        7.5360e-05   1.60e-07          7.5304e-05      8.25e-08    1.00e+00
   5        7.5419e-05   1.74e-07          7.5325e-05      7.46e-08    8.40e-01
rNLOq = (7.5324749e-05 +- 7.4564335e-08) pb
NLO = (9.4687857e-03 +- 4.2162436e-06) pb
#chisq/dof = 2.30492e-09
#status = success
#chisq/dof = 4.37556e-09
#status = success
#chisq/dof = 4.42756e-10
#status = success
#chisq/dof = 6.15928e-10
#status = success
#chisq/dof = 1.62433e-10
#status = success
#chisq/dof = 3.17364e-12
#status = success
#chisq/dof = 2.77771e-10
#status = success
#chisq/dof = 9.13345e-11
#status = success

*******************************************************
* threshold resummation (unimproved nnll) - expansion *
*******************************************************
The limits of integration are:

xl[0]=0.000000    xu[0]=1.000000
xl[1]=0.000000    xu[1]=1.000000
xl[2]=0.000000    xu[2]=1.000000

num_dim=3, calls=7000, it_num=1, max_it_num=5 verb=0, alph=1.50,
mode=0, bins=50, boxes=1

       single.......iteration                   accumulated......results   
iteration     integral    sigma             integral         sigma     chi-sq/it

   1        3.3372e-04   1.65e-05          3.3372e-04      1.65e-05    0.00e+00
   2        3.1594e-04   4.68e-06          3.1726e-04      4.50e-06    1.07e+00
   3        3.1705e-04   3.71e-06          3.1714e-04      2.86e-06    5.36e-01
   4        3.2234e-04   3.58e-06          3.1917e-04      2.24e-06    7.87e-01
   5        3.1743e-04   3.67e-06          3.1870e-04      1.91e-06    6.31e-01

num_dim=3, calls=35000, it_num=1, max_it_num=5 verb=0, alph=1.50,
mode=0, bins=50, boxes=1

       single.......iteration                   accumulated......results   
iteration     integral    sigma             integral         sigma     chi-sq/it

   1        3.2126e-04   1.61e-06          3.2126e-04      1.61e-06    0.00e+00
   2        3.2315e-04   1.60e-06          3.2221e-04      1.14e-06    6.89e-01
   3        3.2700e-04   1.57e-06          3.2385e-04      9.22e-07    3.39e+00
   4        3.1995e-04   1.61e-06          3.2289e-04      8.00e-07    3.74e+00
   5        3.2399e-04   1.61e-06          3.2310e-04      7.17e-07    2.90e+00
   5        3.2183e-04   1.62e-06          3.2289e-04      6.55e-07    2.42e+00
   5        3.2163e-04   1.62e-06          3.2272e-04      6.07e-07    2.10e+00
   5        3.2242e-04   1.62e-06          3.2268e-04      5.68e-07    1.81e+00
   5        3.1986e-04   1.64e-06          3.2238e-04      5.37e-07    1.91e+00
   5        3.2390e-04   1.60e-06          3.2253e-04      5.09e-07    1.79e+00
   5        3.2432e-04   1.62e-06          3.2269e-04      4.86e-07    1.72e+00
   5        3.2525e-04   1.61e-06          3.2291e-04      4.65e-07    1.77e+00
   5        3.2314e-04   1.64e-06          3.2292e-04      4.48e-07    1.63e+00
   5        3.2128e-04   1.64e-06          3.2281e-04      4.32e-07    1.57e+00
   5        3.2211e-04   1.64e-06          3.2276e-04      4.18e-07    1.47e+00
aNNLO+NNLL = (9.7915506e-03 +- 4.2368761e-06) pb

Results:
LO = (7.8292556e-03 +- 2.9802242e-06) pb
NLO = (9.4687857e-03 +- 4.2162436e-06) pb
aNNLO+NNLL = (9.7915506e-03 +- 4.2368761e-06) pb
Thanks for using LHAPDF 6.2.3. Please make sure to cite the paper:
  Eur.Phys.J. C75 (2015) 3, 132  (http://arxiv.org/abs/1412.7420)
 ====================================================
   FF 2.0, a package to evaluate one-loop integrals
 written by G. J. van Oldenborgh, NIKHEF-H, Amsterdam
 ====================================================
 for the algorithms used see preprint NIKHEF-H 89/17,
 'New Algorithms for One-loop Integrals', by G.J. van
 Oldenborgh and J.A.M. Vermaseren, published in 
 Zeitschrift fuer Physik C46(1990)425.
 ====================================================
 
total number of errors and warnings
===================================
fferr: no errors
 
