
  Welcome to Resummino git-latest
  Copyright 2008-2010 Jonathan Debove.
  Copyright 2011-2014 David R. Lamprea.
  Copyright 2011-2016 Marcel Rothering.

  Licensed under the EUPL 1.1 or later.
  See http://www.resummino.org/ for more information.

  If using Resummino for slepton pair production, please cite.
  - G. Bozzi, B. Fuks, M. Klasen, PRD 74, 015001 (2006); NPB 777, 157 (2007); NPB 794, 46 (2007).
  - B. Fuks, M. Klasen, D. R. Lamprea, M. Rothering, EPJC 73, 2480 (2013).

  For gaugino pair production, please cite:
  - J. Debove, B. Fuks, M. Klasen, PLB 688, 208 (2010); NPB 842, 51 (2011); NPB 849, 64 (2011).
  - B. Fuks, M. Klasen, D. R. Lamprea, M. Rothering, JHEP 1210, 081 (2012); EPJC 73, 2480 (2013).

  For associated gaugino gluino production, please cite:
  - B. Fuks, M. Klasen, M. Rothering, JHEP 07:053, (2016).
  - B. Fuks, M. Klasen, D. R. Lamprea, M. Rothering, EPJC 73, 2480 (2013).

LHAPDF 6.2.3 loading /pool/condor/dir_137235/resummino-releases/lhapdf-prefix/share/LHAPDF/PDF4LHC21_40/PDF4LHC21_40_0000.dat
PDF4LHC21_40 PDF set, member #0, version 1
 alpha_s(M_Z^2) = 0.1180 	 for LO PDF set 
 alpha_s(400.000^2) = 0.0965 	 for LO PDF set 

********************
* LO cross section *
********************
The limits of integration are:

xl[0]=0.000000    xu[0]=1.000000
xl[1]=0.000000    xu[1]=1.000000
xl[2]=0.000000    xu[2]=1.000000

num_dim=3, calls=2000, it_num=1, max_it_num=5 verb=0, alph=1.50,
mode=0, bins=50, boxes=1

       single.......iteration                   accumulated......results   
iteration     integral    sigma             integral         sigma     chi-sq/it

   1        5.1069e-02   1.95e-03          5.1069e-02      1.95e-03    0.00e+00
   2        5.4691e-02   6.63e-04          5.4317e-02      6.28e-04    3.08e+00
   3        5.4929e-02   3.96e-04          5.4755e-02      3.35e-04    1.88e+00
   4        5.4402e-02   3.78e-04          5.4600e-02      2.51e-04    1.42e+00
   5        5.4532e-02   3.84e-04          5.4580e-02      2.10e-04    1.07e+00

num_dim=3, calls=20000, it_num=1, max_it_num=5 verb=0, alph=1.50,
mode=0, bins=50, boxes=1

       single.......iteration                   accumulated......results   
iteration     integral    sigma             integral         sigma     chi-sq/it

   1        5.4993e-02   1.18e-04          5.4993e-02      1.18e-04    0.00e+00
   2        5.4890e-02   1.14e-04          5.4940e-02      8.21e-05    3.92e-01
   3        5.4906e-02   1.12e-04          5.4928e-02      6.62e-05    2.25e-01
   4        5.4918e-02   1.17e-04          5.4925e-02      5.77e-05    1.52e-01
   5        5.4748e-02   1.18e-04          5.4891e-02      5.18e-05    5.71e-01
   5        5.4666e-02   1.18e-04          5.4855e-02      4.75e-05    1.07e+00
   5        5.4783e-02   1.17e-04          5.4845e-02      4.40e-05    9.42e-01
   5        5.4638e-02   1.21e-04          5.4821e-02      4.13e-05    1.18e+00
   5        5.4797e-02   1.22e-04          5.4818e-02      3.91e-05    1.03e+00
   5        5.4649e-02   1.24e-04          5.4803e-02      3.73e-05    1.11e+00
   5        5.4873e-02   1.26e-04          5.4809e-02      3.58e-05    1.02e+00
   5        5.4827e-02   1.29e-04          5.4810e-02      3.45e-05    9.33e-01
   5        5.4905e-02   1.32e-04          5.4816e-02      3.34e-05    8.96e-01
   5        5.4964e-02   1.39e-04          5.4824e-02      3.24e-05    9.09e-01
   5        5.4968e-02   1.43e-04          5.4831e-02      3.16e-05    9.14e-01
   5        5.4735e-02   1.46e-04          5.4827e-02      3.09e-05    8.80e-01
   5        5.4722e-02   1.50e-04          5.4823e-02      3.03e-05    8.55e-01
   5        5.4893e-02   1.54e-04          5.4825e-02      2.97e-05    8.16e-01
   5        5.4972e-02   1.61e-04          5.4830e-02      2.92e-05    8.16e-01
   5        5.4987e-02   1.64e-04          5.4835e-02      2.88e-05    8.19e-01
   5        5.4537e-02   1.67e-04          5.4826e-02      2.83e-05    9.32e-01
   5        5.4999e-02   1.71e-04          5.4831e-02      2.80e-05    9.35e-01
   5        5.4881e-02   1.73e-04          5.4832e-02      2.76e-05    8.97e-01
   5        5.4965e-02   1.77e-04          5.4835e-02      2.73e-05    8.81e-01
   5        5.5020e-02   1.78e-04          5.4840e-02      2.70e-05    8.89e-01
   5        5.4556e-02   1.75e-04          5.4833e-02      2.66e-05    9.55e-01
   5        5.5122e-02   1.82e-04          5.4839e-02      2.64e-05    1.01e+00
   5        5.4827e-02   1.83e-04          5.4839e-02      2.61e-05    9.76e-01
   5        5.4927e-02   1.91e-04          5.4840e-02      2.59e-05    9.48e-01
   5        5.4867e-02   1.84e-04          5.4841e-02      2.56e-05    9.16e-01
   5        5.4767e-02   1.83e-04          5.4840e-02      2.54e-05    8.91e-01
   5        5.4856e-02   1.88e-04          5.4840e-02      2.51e-05    8.63e-01
   5        5.5024e-02   1.89e-04          5.4843e-02      2.49e-05    8.65e-01
   5        5.4716e-02   1.90e-04          5.4841e-02      2.47e-05    8.52e-01
   5        5.4464e-02   1.88e-04          5.4835e-02      2.45e-05    9.43e-01
   5        5.5035e-02   1.94e-04          5.4838e-02      2.43e-05    9.46e-01
   5        5.4554e-02   2.01e-04          5.4834e-02      2.41e-05    9.74e-01
   5        5.4706e-02   2.07e-04          5.4832e-02      2.40e-05    9.58e-01
   5        5.4859e-02   2.06e-04          5.4832e-02      2.38e-05    9.33e-01
   5        5.4733e-02   2.07e-04          5.4831e-02      2.36e-05    9.15e-01
   5        5.4740e-02   2.06e-04          5.4830e-02      2.35e-05    8.97e-01
   5        5.4606e-02   2.09e-04          5.4827e-02      2.33e-05    9.03e-01
   5        5.5399e-02   2.16e-04          5.4834e-02      2.32e-05    1.05e+00
   5        5.4973e-02   1.98e-04          5.4835e-02      2.30e-05    1.03e+00
   5        5.4470e-02   2.00e-04          5.4831e-02      2.29e-05    1.09e+00
   5        5.4817e-02   2.00e-04          5.4830e-02      2.27e-05    1.06e+00
   5        5.5083e-02   2.04e-04          5.4834e-02      2.26e-05    1.07e+00
   5        5.4387e-02   2.07e-04          5.4828e-02      2.25e-05    1.15e+00
   5        5.5211e-02   2.08e-04          5.4833e-02      2.23e-05    1.19e+00
   5        5.5107e-02   2.14e-04          5.4836e-02      2.22e-05    1.20e+00
   5        5.4792e-02   2.14e-04          5.4835e-02      2.21e-05    1.18e+00
   5        5.4617e-02   2.18e-04          5.4833e-02      2.20e-05    1.17e+00
   5        5.4915e-02   2.07e-04          5.4834e-02      2.19e-05    1.15e+00
   5        5.4988e-02   2.09e-04          5.4836e-02      2.17e-05    1.14e+00
   5        5.5004e-02   2.01e-04          5.4838e-02      2.16e-05    1.13e+00
LO = (5.4837520e-02 +- 2.1621234e-05) pb
LHAPDF 6.2.3 loading /pool/condor/dir_137235/resummino-releases/lhapdf-prefix/share/LHAPDF/PDF4LHC21_40/PDF4LHC21_40_0000.dat
PDF4LHC21_40 PDF set, member #0, version 1
 alpha_s(M_Z^2) = 0.1180 	 for NLO PDF set 
 alpha_s(400.000^2) = 0.0965 	 for NLO PDF set 

********************
* LO cross section *
********************
The limits of integration are:

xl[0]=0.000000    xu[0]=1.000000
xl[1]=0.000000    xu[1]=1.000000
xl[2]=0.000000    xu[2]=1.000000

num_dim=3, calls=2000, it_num=1, max_it_num=5 verb=0, alph=1.50,
mode=0, bins=50, boxes=1

       single.......iteration                   accumulated......results   
iteration     integral    sigma             integral         sigma     chi-sq/it

   1        5.1069e-02   1.95e-03          5.1069e-02      1.95e-03    0.00e+00
   2        5.4691e-02   6.63e-04          5.4317e-02      6.28e-04    3.08e+00
   3        5.4929e-02   3.96e-04          5.4755e-02      3.35e-04    1.88e+00
   4        5.4402e-02   3.78e-04          5.4600e-02      2.51e-04    1.42e+00
   5        5.4532e-02   3.84e-04          5.4580e-02      2.10e-04    1.07e+00

num_dim=3, calls=20000, it_num=1, max_it_num=5 verb=0, alph=1.50,
mode=0, bins=50, boxes=1

       single.......iteration                   accumulated......results   
iteration     integral    sigma             integral         sigma     chi-sq/it

   1        5.4993e-02   1.18e-04          5.4993e-02      1.18e-04    0.00e+00
   2        5.4890e-02   1.14e-04          5.4940e-02      8.21e-05    3.92e-01
   3        5.4906e-02   1.12e-04          5.4928e-02      6.62e-05    2.25e-01
   4        5.4918e-02   1.17e-04          5.4925e-02      5.77e-05    1.52e-01
   5        5.4748e-02   1.18e-04          5.4891e-02      5.18e-05    5.71e-01
   5        5.4666e-02   1.18e-04          5.4855e-02      4.75e-05    1.07e+00
   5        5.4783e-02   1.17e-04          5.4845e-02      4.40e-05    9.42e-01
   5        5.4638e-02   1.21e-04          5.4821e-02      4.13e-05    1.18e+00
   5        5.4797e-02   1.22e-04          5.4818e-02      3.91e-05    1.03e+00
   5        5.4649e-02   1.24e-04          5.4803e-02      3.73e-05    1.11e+00
   5        5.4873e-02   1.26e-04          5.4809e-02      3.58e-05    1.02e+00
   5        5.4827e-02   1.29e-04          5.4810e-02      3.45e-05    9.33e-01
   5        5.4905e-02   1.32e-04          5.4816e-02      3.34e-05    8.96e-01
   5        5.4964e-02   1.39e-04          5.4824e-02      3.24e-05    9.09e-01
   5        5.4968e-02   1.43e-04          5.4831e-02      3.16e-05    9.14e-01
   5        5.4735e-02   1.46e-04          5.4827e-02      3.09e-05    8.80e-01
   5        5.4722e-02   1.50e-04          5.4823e-02      3.03e-05    8.55e-01
   5        5.4893e-02   1.54e-04          5.4825e-02      2.97e-05    8.16e-01
   5        5.4972e-02   1.61e-04          5.4830e-02      2.92e-05    8.16e-01
   5        5.4987e-02   1.64e-04          5.4835e-02      2.88e-05    8.19e-01
   5        5.4537e-02   1.67e-04          5.4826e-02      2.83e-05    9.32e-01
   5        5.4999e-02   1.71e-04          5.4831e-02      2.80e-05    9.35e-01
   5        5.4881e-02   1.73e-04          5.4832e-02      2.76e-05    8.97e-01
   5        5.4965e-02   1.77e-04          5.4835e-02      2.73e-05    8.81e-01
   5        5.5020e-02   1.78e-04          5.4840e-02      2.70e-05    8.89e-01
   5        5.4556e-02   1.75e-04          5.4833e-02      2.66e-05    9.55e-01
   5        5.5122e-02   1.82e-04          5.4839e-02      2.64e-05    1.01e+00
   5        5.4827e-02   1.83e-04          5.4839e-02      2.61e-05    9.76e-01
   5        5.4927e-02   1.91e-04          5.4840e-02      2.59e-05    9.48e-01
   5        5.4867e-02   1.84e-04          5.4841e-02      2.56e-05    9.16e-01
   5        5.4767e-02   1.83e-04          5.4840e-02      2.54e-05    8.91e-01
   5        5.4856e-02   1.88e-04          5.4840e-02      2.51e-05    8.63e-01
   5        5.5024e-02   1.89e-04          5.4843e-02      2.49e-05    8.65e-01
   5        5.4716e-02   1.90e-04          5.4841e-02      2.47e-05    8.52e-01
   5        5.4464e-02   1.88e-04          5.4835e-02      2.45e-05    9.43e-01
   5        5.5035e-02   1.94e-04          5.4838e-02      2.43e-05    9.46e-01
   5        5.4554e-02   2.01e-04          5.4834e-02      2.41e-05    9.74e-01
   5        5.4706e-02   2.07e-04          5.4832e-02      2.40e-05    9.58e-01
   5        5.4859e-02   2.06e-04          5.4832e-02      2.38e-05    9.33e-01
   5        5.4733e-02   2.07e-04          5.4831e-02      2.36e-05    9.15e-01
   5        5.4740e-02   2.06e-04          5.4830e-02      2.35e-05    8.97e-01
   5        5.4606e-02   2.09e-04          5.4827e-02      2.33e-05    9.03e-01
   5        5.5399e-02   2.16e-04          5.4834e-02      2.32e-05    1.05e+00
   5        5.4973e-02   1.98e-04          5.4835e-02      2.30e-05    1.03e+00
   5        5.4470e-02   2.00e-04          5.4831e-02      2.29e-05    1.09e+00
   5        5.4817e-02   2.00e-04          5.4830e-02      2.27e-05    1.06e+00
   5        5.5083e-02   2.04e-04          5.4834e-02      2.26e-05    1.07e+00
   5        5.4387e-02   2.07e-04          5.4828e-02      2.25e-05    1.15e+00
   5        5.5211e-02   2.08e-04          5.4833e-02      2.23e-05    1.19e+00
   5        5.5107e-02   2.14e-04          5.4836e-02      2.22e-05    1.20e+00
   5        5.4792e-02   2.14e-04          5.4835e-02      2.21e-05    1.18e+00
   5        5.4617e-02   2.18e-04          5.4833e-02      2.20e-05    1.17e+00
   5        5.4915e-02   2.07e-04          5.4834e-02      2.19e-05    1.15e+00
   5        5.4988e-02   2.09e-04          5.4836e-02      2.17e-05    1.14e+00
   5        5.5004e-02   2.01e-04          5.4838e-02      2.16e-05    1.13e+00
LO = (5.4837520e-02 +- 2.1621234e-05) pb

*******************************************
* virtual corrections + integrated dipole *
*******************************************
The limits of integration are:

xl[0]=0.000000    xu[0]=1.000000
xl[1]=0.000000    xu[1]=1.000000
xl[2]=0.000000    xu[2]=1.000000

num_dim=3, calls=240, it_num=1, max_it_num=5 verb=0, alph=1.50,
mode=0, bins=50, boxes=1

       single.......iteration                   accumulated......results   
iteration     integral    sigma             integral         sigma     chi-sq/it

   1        2.1668e-03   2.47e-04          2.1668e-03      2.47e-04    0.00e+00
   2        2.2140e-03   9.77e-05          2.2076e-03      9.09e-05    3.15e-02
   3        2.2935e-03   7.13e-05          2.2608e-03      5.61e-05    2.92e-01
   4        2.3207e-03   6.10e-05          2.2882e-03      4.13e-05    3.69e-01
   5        2.3468e-03   5.75e-05          2.3081e-03      3.35e-05    4.48e-01

num_dim=3, calls=1200, it_num=1, max_it_num=3 verb=0, alph=1.50,
mode=0, bins=50, boxes=1

       single.......iteration                   accumulated......results   
iteration     integral    sigma             integral         sigma     chi-sq/it

   1        2.1920e-03   2.48e-05          2.1920e-03      2.48e-05    0.00e+00
   2        2.2380e-03   2.14e-05          2.2184e-03      1.62e-05    1.97e+00
   3        2.2261e-03   2.05e-05          2.2214e-03      1.27e-05    1.03e+00
vNLO = (2.2213559e-03 +- 1.2702357e-05) pb

*****************************
* collinear remainder (P+K) *
*****************************
The limits of integration are:

xl[0]=0.000000    xu[0]=1.000000
xl[1]=0.000000    xu[1]=1.000000
xl[2]=0.000000    xu[2]=1.000000
xl[3]=0.000000    xu[3]=1.000000

num_dim=4, calls=2500, it_num=1, max_it_num=5 verb=0, alph=1.50,
mode=0, bins=50, boxes=1

       single.......iteration                   accumulated......results   
iteration     integral    sigma             integral         sigma     chi-sq/it

   1        3.6247e-03   3.03e-04          3.6247e-03      3.03e-04    0.00e+00
   2        3.5113e-03   1.71e-04          3.5386e-03      1.49e-04    1.06e-01
   3        3.3272e-03   1.55e-04          3.4370e-03      1.07e-04    5.38e-01
   4        3.5134e-03   1.50e-04          3.4628e-03      8.73e-05    4.16e-01
   5        3.2004e-03   1.53e-04          3.3982e-03      7.58e-05    8.67e-01

num_dim=4, calls=25000, it_num=1, max_it_num=3 verb=0, alph=1.50,
mode=0, bins=50, boxes=1

       single.......iteration                   accumulated......results   
iteration     integral    sigma             integral         sigma     chi-sq/it

   1        3.3942e-03   4.82e-05          3.3942e-03      4.82e-05    0.00e+00
   2        3.4953e-03   4.77e-05          3.4452e-03      3.39e-05    2.22e+00
   3        3.4910e-03   4.77e-05          3.4606e-03      2.76e-05    1.42e+00
   3        3.5809e-03   4.78e-05          3.4907e-03      2.39e-05    2.53e+00
   3        3.5027e-03   4.80e-05          3.4931e-03      2.14e-05    1.91e+00
   3        3.4814e-03   4.80e-05          3.4911e-03      1.95e-05    1.54e+00
   3        3.4221e-03   4.81e-05          3.4814e-03      1.81e-05    1.57e+00
   3        3.5900e-03   4.75e-05          3.4952e-03      1.69e-05    2.00e+00
   3        3.5943e-03   4.78e-05          3.5062e-03      1.60e-05    2.23e+00
   3        3.5469e-03   4.84e-05          3.5102e-03      1.51e-05    2.05e+00
   3        3.5319e-03   4.80e-05          3.5122e-03      1.44e-05    1.87e+00
   3        3.4810e-03   4.83e-05          3.5096e-03      1.38e-05    1.73e+00
   3        3.4487e-03   4.88e-05          3.5051e-03      1.33e-05    1.71e+00
   3        3.5500e-03   4.86e-05          3.5082e-03      1.28e-05    1.64e+00
   3        3.5074e-03   4.90e-05          3.5082e-03      1.24e-05    1.52e+00
   3        3.5965e-03   4.93e-05          3.5134e-03      1.20e-05    1.62e+00
   3        3.5984e-03   4.91e-05          3.5183e-03      1.17e-05    1.70e+00
   3        3.5727e-03   4.95e-05          3.5211e-03      1.14e-05    1.66e+00
   3        3.4917e-03   4.94e-05          3.5197e-03      1.11e-05    1.59e+00
   3        3.5334e-03   5.04e-05          3.5203e-03      1.08e-05    1.51e+00
   3        3.5251e-03   5.04e-05          3.5205e-03      1.06e-05    1.43e+00
P+K = (3.5205125e-03 +- 1.0592584e-05) pb

********************************
* real gluon emission - dipole *
********************************
The limits of integration are:

xl[0]=0.000000    xu[0]=1.000000
xl[1]=0.000000    xu[1]=1.000000
xl[2]=0.000000    xu[2]=1.000000
xl[3]=0.000000    xu[3]=1.000000
xl[4]=0.000000    xu[4]=1.000000
xl[5]=0.000000    xu[5]=1.000000

num_dim=6, calls=250, it_num=1, max_it_num=5 verb=0, alph=1.50,
mode=0, bins=50, boxes=1

       single.......iteration                   accumulated......results   
iteration     integral    sigma             integral         sigma     chi-sq/it

   1        -2.6693e-04   5.37e-05          -2.6693e-04      5.37e-05    0.00e+00
   2        -2.8261e-04   4.42e-05          -2.7627e-04      3.41e-05    5.08e-02
   3        -3.0190e-04   3.65e-05          -2.8823e-04      2.49e-05    1.57e-01
   4        -3.8563e-04   5.92e-05          -3.0289e-04      2.30e-05    8.71e-01
   5        -2.9793e-04   2.67e-05          -3.0078e-04      1.74e-05    6.58e-01

num_dim=6, calls=2500, it_num=1, max_it_num=3 verb=0, alph=1.50,
mode=0, bins=50, boxes=1

       single.......iteration                   accumulated......results   
iteration     integral    sigma             integral         sigma     chi-sq/it

   1        -3.1282e-04   7.81e-06          -3.1282e-04      7.81e-06    0.00e+00
   2        -3.0876e-04   4.29e-06          -3.0970e-04      3.76e-06    2.08e-01
   3        -3.1221e-04   4.04e-06          -3.1087e-04      2.75e-06    2.07e-01
   3        -3.0948e-04   3.43e-06          -3.1032e-04      2.15e-06    1.72e-01
   3        -3.1479e-04   3.07e-06          -3.1179e-04      1.76e-06    4.84e-01
   3        -3.1094e-04   2.88e-06          -3.1156e-04      1.50e-06    4.00e-01
   3        -3.1099e-04   2.92e-06          -3.1144e-04      1.33e-06    3.38e-01
   3        -3.1338e-04   2.86e-06          -3.1179e-04      1.21e-06    3.44e-01
   3        -3.1055e-04   2.73e-06          -3.1158e-04      1.11e-06    3.22e-01
   3        -3.1385e-04   2.80e-06          -3.1189e-04      1.03e-06    3.50e-01
   3        -3.1070e-04   2.83e-06          -3.1175e-04      9.67e-07    3.30e-01
   3        -3.0790e-04   2.80e-06          -3.1134e-04      9.14e-07    4.54e-01
   3        -3.1319e-04   2.76e-06          -3.1152e-04      8.67e-07    4.50e-01
   3        -3.1280e-04   2.72e-06          -3.1164e-04      8.26e-07    4.31e-01
   3        -3.0811e-04   2.66e-06          -3.1133e-04      7.89e-07    5.15e-01
rNLOg = (-3.1133122e-04 +- 7.8908652e-07) pb

**************************************************
* real light quark emission - dipole - (onshell) *
**************************************************
The limits of integration are:

xl[0]=0.000000    xu[0]=1.000000
xl[1]=0.000000    xu[1]=1.000000
xl[2]=0.000000    xu[2]=1.000000
xl[3]=0.000000    xu[3]=1.000000
xl[4]=0.000000    xu[4]=1.000000
xl[5]=0.000000    xu[5]=1.000000

num_dim=6, calls=5000, it_num=1, max_it_num=5 verb=0, alph=1.50,
mode=0, bins=50, boxes=1

       single.......iteration                   accumulated......results   
iteration     integral    sigma             integral         sigma     chi-sq/it

   1        9.3356e-04   5.52e-05          9.3356e-04      5.52e-05    0.00e+00
   2        9.4086e-04   1.79e-05          9.4017e-04      1.70e-05    1.58e-02
   3        9.2502e-04   9.62e-06          9.2870e-04      8.37e-06    3.08e-01
   4        9.3158e-04   7.27e-06          9.3034e-04      5.49e-06    2.28e-01
   5        9.2944e-04   6.40e-06          9.2996e-04      4.17e-06    1.74e-01

num_dim=6, calls=50000, it_num=1, max_it_num=5 verb=0, alph=1.50,
mode=0, bins=50, boxes=1

       single.......iteration                   accumulated......results   
iteration     integral    sigma             integral         sigma     chi-sq/it

   1        9.2663e-04   2.01e-06          9.2663e-04      2.01e-06    0.00e+00
   2        9.3049e-04   2.22e-06          9.2837e-04      1.49e-06    1.66e+00
   3        9.3237e-04   2.40e-06          9.2948e-04      1.27e-06    1.83e+00
   4        9.3034e-04   2.11e-06          9.2971e-04      1.09e-06    1.26e+00
   5        9.3170e-04   2.33e-06          9.3006e-04      9.84e-07    1.10e+00
rNLOq = (9.3006424e-04 +- 9.8386950e-07) pb
NLO = (6.1198122e-02 +- 2.7251076e-05) pb
#chisq/dof = 2.69797e-08
#status = success
#chisq/dof = 7.388e-09
#status = success
#chisq/dof = 8.70643e-10
#status = success
#chisq/dof = 1.02062e-09
#status = success
#chisq/dof = 3.17968e-10
#status = success
#chisq/dof = 6.9863e-12
#status = success
#chisq/dof = 6.54908e-10
#status = success
#chisq/dof = 1.21238e-10
#status = success

*******************************************************
* threshold resummation (unimproved nnll) - expansion *
*******************************************************
The limits of integration are:

xl[0]=0.000000    xu[0]=1.000000
xl[1]=0.000000    xu[1]=1.000000
xl[2]=0.000000    xu[2]=1.000000

num_dim=3, calls=7000, it_num=1, max_it_num=5 verb=0, alph=1.50,
mode=0, bins=50, boxes=1

       single.......iteration                   accumulated......results   
iteration     integral    sigma             integral         sigma     chi-sq/it

   1        -6.6016e-04   2.80e-05          -6.6016e-04      2.80e-05    0.00e+00
   2        -6.1177e-04   1.36e-05          -6.2107e-04      1.23e-05    2.42e+00
   3        -6.1147e-04   1.27e-05          -6.1642e-04      8.81e-06    1.36e+00
   4        -6.2894e-04   1.25e-05          -6.2059e-04      7.19e-06    1.13e+00
   5        -6.2903e-04   1.26e-05          -6.2267e-04      6.24e-06    9.32e-01

num_dim=3, calls=35000, it_num=1, max_it_num=5 verb=0, alph=1.50,
mode=0, bins=50, boxes=1

       single.......iteration                   accumulated......results   
iteration     integral    sigma             integral         sigma     chi-sq/it

   1        -6.1699e-04   5.60e-06          -6.1699e-04      5.60e-06    0.00e+00
   2        -6.3281e-04   5.62e-06          -6.2487e-04      3.97e-06    3.97e+00
   3        -6.3201e-04   5.60e-06          -6.2726e-04      3.24e-06    2.53e+00
   4        -6.2070e-04   5.68e-06          -6.2565e-04      2.81e-06    2.02e+00
   5        -6.3424e-04   5.62e-06          -6.2737e-04      2.52e-06    1.98e+00
   5        -6.2438e-04   5.63e-06          -6.2687e-04      2.30e-06    1.63e+00
   5        -6.3293e-04   5.59e-06          -6.2775e-04      2.12e-06    1.53e+00
   5        -6.2157e-04   5.63e-06          -6.2698e-04      1.99e-06    1.46e+00
aNNLO+NNLL = (6.0571146e-02 +- 2.7323479e-05) pb

Results:
LO = (5.4837520e-02 +- 2.1621234e-05) pb
NLO = (6.1198122e-02 +- 2.7251076e-05) pb
aNNLO+NNLL = (6.0571146e-02 +- 2.7323479e-05) pb
Thanks for using LHAPDF 6.2.3. Please make sure to cite the paper:
  Eur.Phys.J. C75 (2015) 3, 132  (http://arxiv.org/abs/1412.7420)
 ====================================================
   FF 2.0, a package to evaluate one-loop integrals
 written by G. J. van Oldenborgh, NIKHEF-H, Amsterdam
 ====================================================
 for the algorithms used see preprint NIKHEF-H 89/17,
 'New Algorithms for One-loop Integrals', by G.J. van
 Oldenborgh and J.A.M. Vermaseren, published in 
 Zeitschrift fuer Physik C46(1990)425.
 ====================================================
 
total number of errors and warnings
===================================
fferr: no errors
 
