
  Welcome to Resummino git-latest
  Copyright 2008-2010 Jonathan Debove.
  Copyright 2011-2014 David R. Lamprea.
  Copyright 2011-2016 Marcel Rothering.

  Licensed under the EUPL 1.1 or later.
  See http://www.resummino.org/ for more information.

  If using Resummino for slepton pair production, please cite.
  - G. Bozzi, B. Fuks, M. Klasen, PRD 74, 015001 (2006); NPB 777, 157 (2007); NPB 794, 46 (2007).
  - B. Fuks, M. Klasen, D. R. Lamprea, M. Rothering, EPJC 73, 2480 (2013).

  For gaugino pair production, please cite:
  - J. Debove, B. Fuks, M. Klasen, PLB 688, 208 (2010); NPB 842, 51 (2011); NPB 849, 64 (2011).
  - B. Fuks, M. Klasen, D. R. Lamprea, M. Rothering, JHEP 1210, 081 (2012); EPJC 73, 2480 (2013).

  For associated gaugino gluino production, please cite:
  - B. Fuks, M. Klasen, M. Rothering, JHEP 07:053, (2016).
  - B. Fuks, M. Klasen, D. R. Lamprea, M. Rothering, EPJC 73, 2480 (2013).

LHAPDF 6.2.3 loading /pool/condor/dir_128129/resummino-releases/lhapdf-prefix/share/LHAPDF/PDF4LHC21_40/PDF4LHC21_40_0000.dat
PDF4LHC21_40 PDF set, member #0, version 1
 alpha_s(M_Z^2) = 0.1180 	 for LO PDF set 
 alpha_s(100.000^2) = 0.1164 	 for LO PDF set 

********************
* LO cross section *
********************
The limits of integration are:

xl[0]=0.000000    xu[0]=1.000000
xl[1]=0.000000    xu[1]=1.000000
xl[2]=0.000000    xu[2]=1.000000

num_dim=3, calls=2000, it_num=1, max_it_num=5 verb=0, alph=1.50,
mode=0, bins=50, boxes=1

       single.......iteration                   accumulated......results   
iteration     integral    sigma             integral         sigma     chi-sq/it

   1        9.3906e+00   3.90e-01          9.3906e+00      3.90e-01    0.00e+00
   2        9.7539e+00   1.28e-01          9.7186e+00      1.21e-01    7.85e-01
   3        9.8043e+00   8.72e-02          9.7751e+00      7.09e-02    5.57e-01
   4        9.7167e+00   8.35e-02          9.7507e+00      5.40e-02    4.66e-01
   5        9.7417e+00   8.40e-02          9.7480e+00      4.54e-02    3.52e-01

num_dim=3, calls=20000, it_num=1, max_it_num=5 verb=0, alph=1.50,
mode=0, bins=50, boxes=1

       single.......iteration                   accumulated......results   
iteration     integral    sigma             integral         sigma     chi-sq/it

   1        9.8628e+00   2.61e-02          9.8628e+00      2.61e-02    0.00e+00
   2        9.8356e+00   2.53e-02          9.8487e+00      1.82e-02    5.60e-01
   3        9.8226e+00   2.48e-02          9.8397e+00      1.47e-02    6.40e-01
   4        9.8285e+00   2.56e-02          9.8369e+00      1.27e-02    4.74e-01
   5        9.8095e+00   2.59e-02          9.8316e+00      1.14e-02    5.82e-01
   5        9.7759e+00   2.60e-02          9.8226e+00      1.05e-02    1.23e+00
   5        9.8064e+00   2.55e-02          9.8202e+00      9.68e-03    1.09e+00
   5        9.7700e+00   2.63e-02          9.8143e+00      9.08e-03    1.39e+00
   5        9.8197e+00   2.67e-02          9.8148e+00      8.60e-03    1.22e+00
   5        9.7940e+00   2.69e-02          9.8129e+00      8.19e-03    1.14e+00
   5        9.8342e+00   2.70e-02          9.8147e+00      7.84e-03    1.09e+00
   5        9.8175e+00   2.75e-02          9.8149e+00      7.54e-03    9.90e-01
   5        9.8395e+00   2.79e-02          9.8166e+00      7.28e-03    9.68e-01
   5        9.8549e+00   2.91e-02          9.8188e+00      7.06e-03    1.02e+00
   5        9.8394e+00   2.94e-02          9.8200e+00      6.86e-03    9.79e-01
   5        9.7997e+00   3.01e-02          9.8190e+00      6.69e-03    9.42e-01
   5        9.7938e+00   3.03e-02          9.8178e+00      6.54e-03    9.24e-01
   5        9.8262e+00   3.07e-02          9.8182e+00      6.39e-03    8.74e-01
   5        9.8325e+00   3.16e-02          9.8187e+00      6.27e-03    8.37e-01
   5        9.8400e+00   3.26e-02          9.8195e+00      6.15e-03    8.14e-01
   5        9.7532e+00   3.37e-02          9.8173e+00      6.05e-03    9.61e-01
   5        9.8694e+00   3.29e-02          9.8190e+00      5.95e-03    1.03e+00
   5        9.8275e+00   3.30e-02          9.8193e+00      5.86e-03    9.86e-01
   5        9.8569e+00   3.37e-02          9.8204e+00      5.77e-03    9.96e-01
   5        9.8466e+00   3.40e-02          9.8211e+00      5.69e-03    9.79e-01
   5        9.7486e+00   3.38e-02          9.8191e+00      5.61e-03    1.12e+00
   5        9.8653e+00   3.48e-02          9.8203e+00      5.54e-03    1.14e+00
   5        9.8262e+00   3.50e-02          9.8205e+00      5.47e-03    1.10e+00
   5        9.8426e+00   3.60e-02          9.8210e+00      5.41e-03    1.07e+00
   5        9.8116e+00   3.53e-02          9.8207e+00      5.35e-03    1.04e+00
   5        9.8004e+00   3.59e-02          9.8203e+00      5.29e-03    1.02e+00
   5        9.8156e+00   3.64e-02          9.8202e+00      5.23e-03    9.83e-01
   5        9.8539e+00   3.68e-02          9.8209e+00      5.18e-03    9.78e-01
   5        9.7982e+00   3.69e-02          9.8204e+00      5.13e-03    9.60e-01
   5        9.7393e+00   3.61e-02          9.8188e+00      5.08e-03    1.08e+00
   5        9.8531e+00   3.71e-02          9.8195e+00      5.03e-03    1.07e+00
   5        9.8038e+00   3.76e-02          9.8192e+00      4.99e-03    1.05e+00
   5        9.8030e+00   3.80e-02          9.8189e+00      4.95e-03    1.02e+00
   5        9.8219e+00   3.84e-02          9.8190e+00      4.91e-03    9.95e-01
   5        9.8019e+00   3.84e-02          9.8187e+00      4.87e-03    9.74e-01
   5        9.7899e+00   3.79e-02          9.8182e+00      4.83e-03    9.64e-01
   5        9.7761e+00   3.87e-02          9.8176e+00      4.79e-03    9.69e-01
   5        9.9163e+00   3.98e-02          9.8190e+00      4.76e-03    1.09e+00
   5        9.8444e+00   3.64e-02          9.8194e+00      4.72e-03    1.08e+00
   5        9.7635e+00   3.63e-02          9.8185e+00      4.68e-03    1.10e+00
   5        9.8223e+00   3.65e-02          9.8185e+00      4.64e-03    1.08e+00
   5        9.8586e+00   3.65e-02          9.8192e+00      4.60e-03    1.08e+00
   5        9.7373e+00   3.74e-02          9.8180e+00      4.57e-03    1.16e+00
   5        9.8697e+00   3.77e-02          9.8187e+00      4.53e-03    1.17e+00
   5        9.8540e+00   3.83e-02          9.8192e+00      4.50e-03    1.17e+00
   5        9.8194e+00   3.82e-02          9.8192e+00      4.47e-03    1.14e+00
   5        9.8047e+00   3.96e-02          9.8190e+00      4.44e-03    1.12e+00
   5        9.8354e+00   3.88e-02          9.8192e+00      4.41e-03    1.11e+00
   5        9.8448e+00   3.89e-02          9.8195e+00      4.39e-03    1.09e+00
   5        9.8255e+00   3.75e-02          9.8196e+00      4.36e-03    1.07e+00
LO = (9.8196297e+00 +- 4.3564788e-03) pb
LHAPDF 6.2.3 loading /pool/condor/dir_128129/resummino-releases/lhapdf-prefix/share/LHAPDF/PDF4LHC21_40/PDF4LHC21_40_0002.dat
PDF4LHC21_40 PDF set, member #2, version 1
 alpha_s(M_Z^2) = 0.1180 	 for NLO PDF set 
 alpha_s(100.000^2) = 0.1164 	 for NLO PDF set 

********************
* LO cross section *
********************
The limits of integration are:

xl[0]=0.000000    xu[0]=1.000000
xl[1]=0.000000    xu[1]=1.000000
xl[2]=0.000000    xu[2]=1.000000

num_dim=3, calls=2000, it_num=1, max_it_num=5 verb=0, alph=1.50,
mode=0, bins=50, boxes=1

       single.......iteration                   accumulated......results   
iteration     integral    sigma             integral         sigma     chi-sq/it

   1        9.3721e+00   3.89e-01          9.3721e+00      3.89e-01    0.00e+00
   2        9.7356e+00   1.28e-01          9.7003e+00      1.21e-01    7.87e-01
   3        9.7868e+00   8.69e-02          9.7575e+00      7.07e-02    5.61e-01
   4        9.6993e+00   8.32e-02          9.7331e+00      5.39e-02    4.69e-01
   5        9.7240e+00   8.36e-02          9.7304e+00      4.53e-02    3.54e-01

num_dim=3, calls=20000, it_num=1, max_it_num=5 verb=0, alph=1.50,
mode=0, bins=50, boxes=1

       single.......iteration                   accumulated......results   
iteration     integral    sigma             integral         sigma     chi-sq/it

   1        9.8447e+00   2.60e-02          9.8447e+00      2.60e-02    0.00e+00
   2        9.8173e+00   2.52e-02          9.8305e+00      1.81e-02    5.74e-01
   3        9.8046e+00   2.47e-02          9.8215e+00      1.46e-02    6.46e-01
   4        9.8103e+00   2.55e-02          9.8187e+00      1.27e-02    4.79e-01
   5        9.7915e+00   2.58e-02          9.8135e+00      1.14e-02    5.84e-01
   5        9.7576e+00   2.59e-02          9.8044e+00      1.04e-02    1.25e+00
   5        9.7887e+00   2.54e-02          9.8022e+00      9.64e-03    1.09e+00
   5        9.7521e+00   2.62e-02          9.7962e+00      9.04e-03    1.40e+00
   5        9.8016e+00   2.66e-02          9.7968e+00      8.56e-03    1.23e+00
   5        9.7759e+00   2.68e-02          9.7948e+00      8.16e-03    1.15e+00
   5        9.8161e+00   2.69e-02          9.7966e+00      7.81e-03    1.09e+00
   5        9.7995e+00   2.74e-02          9.7968e+00      7.51e-03    9.95e-01
   5        9.8217e+00   2.78e-02          9.7985e+00      7.25e-03    9.74e-01
   5        9.8365e+00   2.91e-02          9.8008e+00      7.03e-03    1.02e+00
   5        9.8214e+00   2.93e-02          9.8019e+00      6.84e-03    9.83e-01
   5        9.7816e+00   3.00e-02          9.8009e+00      6.67e-03    9.47e-01
   5        9.7754e+00   3.02e-02          9.7997e+00      6.51e-03    9.30e-01
   5        9.8081e+00   3.06e-02          9.8001e+00      6.37e-03    8.79e-01
   5        9.8143e+00   3.15e-02          9.8006e+00      6.24e-03    8.41e-01
   5        9.8217e+00   3.25e-02          9.8014e+00      6.13e-03    8.18e-01
   5        9.7352e+00   3.36e-02          9.7992e+00      6.03e-03    9.65e-01
   5        9.8512e+00   3.29e-02          9.8009e+00      5.93e-03    1.03e+00
   5        9.8097e+00   3.29e-02          9.8012e+00      5.84e-03    9.91e-01
   5        9.8388e+00   3.36e-02          9.8023e+00      5.75e-03    1.00e+00
   5        9.8285e+00   3.39e-02          9.8030e+00      5.67e-03    9.83e-01
   5        9.7307e+00   3.37e-02          9.8010e+00      5.59e-03    1.12e+00
   5        9.8472e+00   3.47e-02          9.8022e+00      5.52e-03    1.15e+00
   5        9.8082e+00   3.48e-02          9.8024e+00      5.45e-03    1.10e+00
   5        9.8246e+00   3.59e-02          9.8029e+00      5.39e-03    1.08e+00
   5        9.7936e+00   3.52e-02          9.8027e+00      5.33e-03    1.04e+00
   5        9.7825e+00   3.58e-02          9.8022e+00      5.27e-03    1.02e+00
   5        9.7977e+00   3.63e-02          9.8021e+00      5.22e-03    9.87e-01
   5        9.8357e+00   3.67e-02          9.8028e+00      5.16e-03    9.82e-01
   5        9.7802e+00   3.68e-02          9.8024e+00      5.11e-03    9.63e-01
   5        9.7216e+00   3.60e-02          9.8008e+00      5.06e-03    1.08e+00
   5        9.8349e+00   3.70e-02          9.8014e+00      5.02e-03    1.07e+00
   5        9.7857e+00   3.75e-02          9.8011e+00      4.97e-03    1.05e+00
   5        9.7846e+00   3.78e-02          9.8008e+00      4.93e-03    1.02e+00
   5        9.8038e+00   3.83e-02          9.8009e+00      4.89e-03    9.98e-01
   5        9.7838e+00   3.83e-02          9.8006e+00      4.85e-03    9.77e-01
   5        9.7719e+00   3.78e-02          9.8001e+00      4.81e-03    9.67e-01
   5        9.7579e+00   3.86e-02          9.7995e+00      4.77e-03    9.72e-01
   5        9.8987e+00   3.97e-02          9.8009e+00      4.74e-03    1.10e+00
   5        9.8262e+00   3.63e-02          9.8013e+00      4.70e-03    1.08e+00
   5        9.7452e+00   3.62e-02          9.8004e+00      4.66e-03    1.11e+00
   5        9.8042e+00   3.64e-02          9.8005e+00      4.62e-03    1.09e+00
   5        9.8403e+00   3.65e-02          9.8011e+00      4.59e-03    1.09e+00
   5        9.7198e+00   3.73e-02          9.7999e+00      4.55e-03    1.16e+00
   5        9.8515e+00   3.76e-02          9.8006e+00      4.52e-03    1.18e+00
   5        9.8362e+00   3.82e-02          9.8011e+00      4.49e-03    1.17e+00
   5        9.8015e+00   3.82e-02          9.8011e+00      4.46e-03    1.15e+00
   5        9.7865e+00   3.95e-02          9.8009e+00      4.43e-03    1.13e+00
   5        9.8170e+00   3.87e-02          9.8011e+00      4.40e-03    1.11e+00
   5        9.8268e+00   3.88e-02          9.8015e+00      4.37e-03    1.10e+00
   5        9.8074e+00   3.75e-02          9.8015e+00      4.34e-03    1.08e+00
LO = (9.8015472e+00 +- 4.3424534e-03) pb

*******************************************
* virtual corrections + integrated dipole *
*******************************************
The limits of integration are:

xl[0]=0.000000    xu[0]=1.000000
xl[1]=0.000000    xu[1]=1.000000
xl[2]=0.000000    xu[2]=1.000000

num_dim=3, calls=240, it_num=1, max_it_num=5 verb=0, alph=1.50,
mode=0, bins=50, boxes=1

       single.......iteration                   accumulated......results   
iteration     integral    sigma             integral         sigma     chi-sq/it

   1        5.0764e-01   6.20e-02          5.0764e-01      6.20e-02    0.00e+00
   2        4.8986e-01   2.30e-02          4.9201e-01      2.16e-02    7.24e-02
   3        4.9454e-01   1.78e-02          4.9352e-01      1.37e-02    4.03e-02
   4        5.0251e-01   1.54e-02          4.9750e-01      1.02e-02    9.03e-02
   5        5.0550e-01   1.47e-02          5.0012e-01      8.40e-03    1.18e-01

num_dim=3, calls=1200, it_num=1, max_it_num=3 verb=0, alph=1.50,
mode=0, bins=50, boxes=1

       single.......iteration                   accumulated......results   
iteration     integral    sigma             integral         sigma     chi-sq/it

   1        4.7191e-01   6.10e-03          4.7191e-01      6.10e-03    0.00e+00
   2        4.8187e-01   5.44e-03          4.7746e-01      4.06e-03    1.48e+00
   3        4.7803e-01   5.34e-03          4.7767e-01      3.23e-03    7.46e-01
vNLO = (4.7766993e-01 +- 3.2323055e-03) pb

*****************************
* collinear remainder (P+K) *
*****************************
The limits of integration are:

xl[0]=0.000000    xu[0]=1.000000
xl[1]=0.000000    xu[1]=1.000000
xl[2]=0.000000    xu[2]=1.000000
xl[3]=0.000000    xu[3]=1.000000

num_dim=4, calls=2500, it_num=1, max_it_num=5 verb=0, alph=1.50,
mode=0, bins=50, boxes=1

       single.......iteration                   accumulated......results   
iteration     integral    sigma             integral         sigma     chi-sq/it

   1        1.3642e+00   1.31e-01          1.3642e+00      1.31e-01    0.00e+00
   2        1.3512e+00   6.98e-02          1.3541e+00      6.16e-02    7.70e-03
   3        1.2770e+00   6.29e-02          1.3163e+00      4.40e-02    3.88e-01
   4        1.3528e+00   6.14e-02          1.3287e+00      3.58e-02    3.36e-01
   5        1.1992e+00   6.18e-02          1.2962e+00      3.10e-02    1.07e+00

num_dim=4, calls=25000, it_num=1, max_it_num=3 verb=0, alph=1.50,
mode=0, bins=50, boxes=1

       single.......iteration                   accumulated......results   
iteration     integral    sigma             integral         sigma     chi-sq/it

   1        1.2878e+00   1.94e-02          1.2878e+00      1.94e-02    0.00e+00
   2        1.3244e+00   1.92e-02          1.3063e+00      1.37e-02    1.79e+00
   3        1.3273e+00   1.93e-02          1.3133e+00      1.12e-02    1.29e+00
   3        1.3544e+00   1.93e-02          1.3236e+00      9.66e-03    1.99e+00
   3        1.3366e+00   1.93e-02          1.3262e+00      8.64e-03    1.58e+00
   3        1.3310e+00   1.92e-02          1.3270e+00      7.88e-03    1.28e+00
   3        1.3256e+00   1.93e-02          1.3268e+00      7.29e-03    1.06e+00
   3        1.3493e+00   1.93e-02          1.3296e+00      6.82e-03    1.08e+00
   3        1.3624e+00   1.94e-02          1.3332e+00      6.43e-03    1.27e+00
   3        1.3610e+00   1.94e-02          1.3360e+00      6.10e-03    1.33e+00
   3        1.3550e+00   1.94e-02          1.3377e+00      5.82e-03    1.29e+00
   3        1.3143e+00   1.95e-02          1.3358e+00      5.58e-03    1.29e+00
   3        1.3203e+00   1.96e-02          1.3346e+00      5.37e-03    1.23e+00
   3        1.3458e+00   1.96e-02          1.3354e+00      5.18e-03    1.16e+00
   3        1.3375e+00   1.97e-02          1.3356e+00      5.01e-03    1.08e+00
   3        1.3573e+00   1.98e-02          1.3369e+00      4.85e-03    1.08e+00
   3        1.3644e+00   1.97e-02          1.3384e+00      4.71e-03    1.13e+00
   3        1.3478e+00   1.99e-02          1.3389e+00      4.59e-03    1.07e+00
   3        1.3410e+00   1.98e-02          1.3390e+00      4.47e-03    1.01e+00
   3        1.3649e+00   2.01e-02          1.3402e+00      4.36e-03    1.04e+00
   3        1.3204e+00   2.01e-02          1.3394e+00      4.26e-03    1.04e+00
   3        1.3352e+00   2.03e-02          1.3392e+00      4.17e-03    9.90e-01
   3        1.3231e+00   2.03e-02          1.3385e+00      4.09e-03    9.72e-01
   3        1.3841e+00   2.02e-02          1.3403e+00      4.00e-03    1.14e+00
   3        1.3285e+00   2.06e-02          1.3399e+00      3.93e-03    1.11e+00
   3        1.3473e+00   2.03e-02          1.3402e+00      3.86e-03    1.07e+00
   3        1.3720e+00   2.02e-02          1.3413e+00      3.79e-03    1.12e+00
   3        1.3233e+00   2.07e-02          1.3407e+00      3.73e-03    1.11e+00
   3        1.3245e+00   2.05e-02          1.3402e+00      3.67e-03    1.09e+00
   3        1.3153e+00   2.04e-02          1.3394e+00      3.61e-03    1.10e+00
   3        1.3333e+00   2.02e-02          1.3392e+00      3.55e-03    1.07e+00
   3        1.3689e+00   2.06e-02          1.3401e+00      3.50e-03    1.10e+00
   3        1.3841e+00   2.05e-02          1.3413e+00      3.45e-03    1.20e+00
   3        1.3243e+00   2.08e-02          1.3409e+00      3.41e-03    1.19e+00
   3        1.3637e+00   2.07e-02          1.3415e+00      3.36e-03    1.19e+00
   3        1.3202e+00   2.07e-02          1.3409e+00      3.32e-03    1.18e+00
   3        1.3031e+00   2.11e-02          1.3400e+00      3.28e-03    1.24e+00
   3        1.3659e+00   2.09e-02          1.3406e+00      3.24e-03    1.24e+00
P+K = (1.3406278e+00 +- 3.2365211e-03) pb

********************************
* real gluon emission - dipole *
********************************
The limits of integration are:

xl[0]=0.000000    xu[0]=1.000000
xl[1]=0.000000    xu[1]=1.000000
xl[2]=0.000000    xu[2]=1.000000
xl[3]=0.000000    xu[3]=1.000000
xl[4]=0.000000    xu[4]=1.000000
xl[5]=0.000000    xu[5]=1.000000

num_dim=6, calls=250, it_num=1, max_it_num=5 verb=0, alph=1.50,
mode=0, bins=50, boxes=1

       single.......iteration                   accumulated......results   
iteration     integral    sigma             integral         sigma     chi-sq/it

   1        -8.7699e-02   1.31e-02          -8.7699e-02      1.31e-02    0.00e+00
   2        -9.9076e-02   1.32e-02          -9.3357e-02      9.32e-03    3.72e-01
   3        -9.9610e-02   1.36e-02          -9.5350e-02      7.70e-03    2.58e-01
   4        -1.0179e-01   1.45e-02          -9.6762e-02      6.80e-03    2.23e-01
   5        -1.2156e-01   2.57e-02          -9.8381e-02      6.57e-03    3.84e-01

num_dim=6, calls=2500, it_num=1, max_it_num=3 verb=0, alph=1.50,
mode=0, bins=50, boxes=1

       single.......iteration                   accumulated......results   
iteration     integral    sigma             integral         sigma     chi-sq/it

   1        -1.0733e-01   5.69e-03          -1.0733e-01      5.69e-03    0.00e+00
   2        -1.0537e-01   2.75e-03          -1.0574e-01      2.47e-03    9.61e-02
   3        -1.0617e-01   1.53e-03          -1.0605e-01      1.30e-03    5.87e-02
   3        -1.0331e-01   1.19e-03          -1.0456e-01      8.80e-04    8.41e-01
rNLOg = (-1.0455814e-01 +- 8.8044961e-04) pb

**************************************************
* real light quark emission - dipole - (onshell) *
**************************************************
The limits of integration are:

xl[0]=0.000000    xu[0]=1.000000
xl[1]=0.000000    xu[1]=1.000000
xl[2]=0.000000    xu[2]=1.000000
xl[3]=0.000000    xu[3]=1.000000
xl[4]=0.000000    xu[4]=1.000000
xl[5]=0.000000    xu[5]=1.000000

num_dim=6, calls=5000, it_num=1, max_it_num=5 verb=0, alph=1.50,
mode=0, bins=50, boxes=1

       single.......iteration                   accumulated......results   
iteration     integral    sigma             integral         sigma     chi-sq/it

   1        4.9050e-01   2.63e-02          4.9050e-01      2.63e-02    0.00e+00
   2        4.8426e-01   8.13e-03          4.8480e-01      7.77e-03    5.14e-02
   3        4.7181e-01   4.89e-03          4.7550e-01      4.14e-03    1.03e+00
   4        4.7874e-01   4.18e-03          4.7710e-01      2.94e-03    7.86e-01
   5        4.7781e-01   3.85e-03          4.7736e-01      2.34e-03    5.95e-01

num_dim=6, calls=50000, it_num=1, max_it_num=5 verb=0, alph=1.50,
mode=0, bins=50, boxes=1

       single.......iteration                   accumulated......results   
iteration     integral    sigma             integral         sigma     chi-sq/it

   1        4.7492e-01   1.20e-03          4.7492e-01      1.20e-03    0.00e+00
   2        4.7702e-01   1.26e-03          4.7592e-01      8.69e-04    1.45e+00
   3        4.7833e-01   1.39e-03          4.7660e-01      7.36e-04    1.81e+00
   4        4.7686e-01   1.26e-03          4.7667e-01      6.35e-04    1.22e+00
   5        4.7840e-01   1.40e-03          4.7696e-01      5.78e-04    1.23e+00
rNLOq = (4.7696380e-01 +- 5.7831151e-04) pb
NLO = (1.1992251e+01 +- 6.3944824e-03) pb
#chisq/dof = 7.21543e-07
#status = success
#chisq/dof = 2.69595e-08
#status = success
#chisq/dof = 1.8636e-09
#status = success
#chisq/dof = 1.26845e-08
#status = success
#chisq/dof = 1.78431e-09
#status = success
#chisq/dof = 4.16089e-10
#status = success
#chisq/dof = 4.08021e-09
#status = success
#chisq/dof = 1.06435e-09
#status = success

*******************************************************
* threshold resummation (unimproved nnll) - expansion *
*******************************************************
The limits of integration are:

xl[0]=0.000000    xu[0]=1.000000
xl[1]=0.000000    xu[1]=1.000000
xl[2]=0.000000    xu[2]=1.000000

num_dim=3, calls=7000, it_num=1, max_it_num=5 verb=0, alph=1.50,
mode=0, bins=50, boxes=1

       single.......iteration                   accumulated......results   
iteration     integral    sigma             integral         sigma     chi-sq/it

   1        7.5264e-02   1.80e-02          7.5264e-02      1.80e-02    0.00e+00
   2        8.0840e-02   4.11e-03          8.0564e-02      4.00e-03    9.15e-02
   3        7.5792e-02   3.25e-03          7.7691e-02      2.53e-03    4.73e-01
   4        8.4371e-02   3.16e-03          8.0294e-02      1.97e-03    1.22e+00
   5        8.4343e-02   3.12e-03          8.1449e-02      1.67e-03    1.22e+00

num_dim=3, calls=35000, it_num=1, max_it_num=5 verb=0, alph=1.50,
mode=0, bins=50, boxes=1

       single.......iteration                   accumulated......results   
iteration     integral    sigma             integral         sigma     chi-sq/it

   1        8.1171e-02   1.40e-03          8.1171e-02      1.40e-03    0.00e+00
   2        8.2314e-02   1.40e-03          8.1742e-02      9.93e-04    3.31e-01
   3        8.3708e-02   1.41e-03          8.2397e-02      8.11e-04    8.18e-01
   4        8.0987e-02   1.41e-03          8.2046e-02      7.03e-04    7.96e-01
   5        8.2711e-02   1.41e-03          8.2178e-02      6.29e-04    6.42e-01
aNNLO+NNLL = (1.2074429e+01 +- 6.4253526e-03) pb

Results:
LO = (9.8196297e+00 +- 4.3564788e-03) pb
NLO = (1.1992251e+01 +- 6.3944824e-03) pb
aNNLO+NNLL = (1.2074429e+01 +- 6.4253526e-03) pb
Thanks for using LHAPDF 6.2.3. Please make sure to cite the paper:
  Eur.Phys.J. C75 (2015) 3, 132  (http://arxiv.org/abs/1412.7420)
 ====================================================
   FF 2.0, a package to evaluate one-loop integrals
 written by G. J. van Oldenborgh, NIKHEF-H, Amsterdam
 ====================================================
 for the algorithms used see preprint NIKHEF-H 89/17,
 'New Algorithms for One-loop Integrals', by G.J. van
 Oldenborgh and J.A.M. Vermaseren, published in 
 Zeitschrift fuer Physik C46(1990)425.
 ====================================================
 
total number of errors and warnings
===================================
fferr: no errors
 
