
  Welcome to Resummino git-latest
  Copyright 2008-2010 Jonathan Debove.
  Copyright 2011-2014 David R. Lamprea.
  Copyright 2011-2016 Marcel Rothering.

  Licensed under the EUPL 1.1 or later.
  See http://www.resummino.org/ for more information.

  If using Resummino for slepton pair production, please cite.
  - G. Bozzi, B. Fuks, M. Klasen, PRD 74, 015001 (2006); NPB 777, 157 (2007); NPB 794, 46 (2007).
  - B. Fuks, M. Klasen, D. R. Lamprea, M. Rothering, EPJC 73, 2480 (2013).

  For gaugino pair production, please cite:
  - J. Debove, B. Fuks, M. Klasen, PLB 688, 208 (2010); NPB 842, 51 (2011); NPB 849, 64 (2011).
  - B. Fuks, M. Klasen, D. R. Lamprea, M. Rothering, JHEP 1210, 081 (2012); EPJC 73, 2480 (2013).

  For associated gaugino gluino production, please cite:
  - B. Fuks, M. Klasen, M. Rothering, JHEP 07:053, (2016).
  - B. Fuks, M. Klasen, D. R. Lamprea, M. Rothering, EPJC 73, 2480 (2013).

LHAPDF 6.2.3 loading /pool/condor/dir_170771/resummino-releases/lhapdf-prefix/share/LHAPDF/PDF4LHC21_40/PDF4LHC21_40_0000.dat
PDF4LHC21_40 PDF set, member #0, version 1
 alpha_s(M_Z^2) = 0.1180 	 for LO PDF set 
 alpha_s(300.000^2) = 0.1001 	 for LO PDF set 

********************
* LO cross section *
********************
The limits of integration are:

xl[0]=0.000000    xu[0]=1.000000
xl[1]=0.000000    xu[1]=1.000000
xl[2]=0.000000    xu[2]=1.000000

num_dim=3, calls=2000, it_num=1, max_it_num=5 verb=0, alph=1.50,
mode=0, bins=50, boxes=1

       single.......iteration                   accumulated......results   
iteration     integral    sigma             integral         sigma     chi-sq/it

   1        1.5866e-01   6.14e-03          1.5866e-01      6.14e-03    0.00e+00
   2        1.6880e-01   2.07e-03          1.6777e-01      1.96e-03    2.45e+00
   3        1.6963e-01   1.28e-03          1.6908e-01      1.07e-03    1.54e+00
   4        1.6795e-01   1.22e-03          1.6859e-01      8.05e-04    1.19e+00
   5        1.6836e-01   1.24e-03          1.6852e-01      6.75e-04    8.98e-01

num_dim=3, calls=20000, it_num=1, max_it_num=5 verb=0, alph=1.50,
mode=0, bins=50, boxes=1

       single.......iteration                   accumulated......results   
iteration     integral    sigma             integral         sigma     chi-sq/it

   1        1.6994e-01   3.81e-04          1.6994e-01      3.81e-04    0.00e+00
   2        1.6961e-01   3.70e-04          1.6977e-01      2.65e-04    3.82e-01
   3        1.6962e-01   3.62e-04          1.6972e-01      2.14e-04    2.48e-01
   4        1.6967e-01   3.78e-04          1.6971e-01      1.86e-04    1.69e-01
   5        1.6920e-01   3.82e-04          1.6961e-01      1.67e-04    4.86e-01
   5        1.6886e-01   3.82e-04          1.6949e-01      1.53e-04    1.03e+00
   5        1.6924e-01   3.76e-04          1.6945e-01      1.42e-04    9.22e-01
   5        1.6876e-01   3.88e-04          1.6937e-01      1.33e-04    1.20e+00
   5        1.6929e-01   3.93e-04          1.6936e-01      1.26e-04    1.05e+00
   5        1.6888e-01   4.00e-04          1.6932e-01      1.20e-04    1.09e+00
   5        1.6958e-01   4.03e-04          1.6934e-01      1.15e-04    1.01e+00
   5        1.6939e-01   4.13e-04          1.6934e-01      1.11e-04    9.23e-01
   5        1.6969e-01   4.23e-04          1.6937e-01      1.07e-04    8.99e-01
   5        1.6988e-01   4.47e-04          1.6939e-01      1.05e-04    9.26e-01
   5        1.6981e-01   4.56e-04          1.6941e-01      1.02e-04    9.17e-01
   5        1.6913e-01   4.67e-04          1.6940e-01      9.95e-05    8.80e-01
   5        1.6909e-01   4.75e-04          1.6939e-01      9.74e-05    8.51e-01
   5        1.6958e-01   4.87e-04          1.6940e-01      9.55e-05    8.10e-01
   5        1.6981e-01   5.07e-04          1.6941e-01      9.39e-05    8.00e-01
   5        1.6988e-01   5.18e-04          1.6942e-01      9.24e-05    8.00e-01
   5        1.6847e-01   5.28e-04          1.6940e-01      9.10e-05    9.20e-01
   5        1.7000e-01   5.35e-04          1.6941e-01      8.97e-05    9.35e-01
   5        1.6957e-01   5.40e-04          1.6942e-01      8.85e-05    8.96e-01
   5        1.6986e-01   5.52e-04          1.6943e-01      8.74e-05    8.84e-01
   5        1.7002e-01   5.57e-04          1.6944e-01      8.63e-05    8.93e-01
   5        1.6849e-01   5.51e-04          1.6942e-01      8.53e-05    9.75e-01
   5        1.7029e-01   5.71e-04          1.6944e-01      8.43e-05    1.02e+00
   5        1.6945e-01   5.74e-04          1.6944e-01      8.34e-05    9.86e-01
   5        1.6972e-01   6.00e-04          1.6944e-01      8.26e-05    9.59e-01
   5        1.6949e-01   5.71e-04          1.6945e-01      8.18e-05    9.26e-01
   5        1.6921e-01   5.70e-04          1.6944e-01      8.10e-05    9.01e-01
   5        1.6950e-01   5.85e-04          1.6944e-01      8.02e-05    8.72e-01
   5        1.7002e-01   5.87e-04          1.6945e-01      7.95e-05    8.74e-01
   5        1.6907e-01   5.91e-04          1.6945e-01      7.88e-05    8.60e-01
   5        1.6823e-01   5.86e-04          1.6942e-01      7.81e-05    9.59e-01
   5        1.7003e-01   6.04e-04          1.6943e-01      7.74e-05    9.60e-01
   5        1.6868e-01   6.22e-04          1.6942e-01      7.68e-05    9.74e-01
   5        1.6907e-01   6.38e-04          1.6942e-01      7.63e-05    9.55e-01
   5        1.6953e-01   6.40e-04          1.6942e-01      7.57e-05    9.31e-01
   5        1.6911e-01   6.44e-04          1.6941e-01      7.52e-05    9.13e-01
   5        1.6908e-01   6.40e-04          1.6941e-01      7.47e-05    8.97e-01
   5        1.6870e-01   6.53e-04          1.6940e-01      7.42e-05    9.04e-01
   5        1.7118e-01   6.72e-04          1.6942e-01      7.38e-05    1.05e+00
   5        1.6985e-01   6.13e-04          1.6943e-01      7.32e-05    1.03e+00
   5        1.6833e-01   6.15e-04          1.6941e-01      7.27e-05    1.08e+00
   5        1.6939e-01   6.18e-04          1.6941e-01      7.22e-05    1.06e+00
   5        1.7018e-01   6.29e-04          1.6942e-01      7.18e-05    1.07e+00
   5        1.6810e-01   6.37e-04          1.6941e-01      7.13e-05    1.14e+00
   5        1.7053e-01   6.40e-04          1.6942e-01      7.09e-05    1.17e+00
   5        1.7020e-01   6.59e-04          1.6943e-01      7.05e-05    1.18e+00
   5        1.6931e-01   6.59e-04          1.6943e-01      7.01e-05    1.16e+00
   5        1.6881e-01   6.73e-04          1.6942e-01      6.97e-05    1.15e+00
   5        1.6968e-01   6.44e-04          1.6942e-01      6.93e-05    1.13e+00
   5        1.6990e-01   6.49e-04          1.6943e-01      6.89e-05    1.12e+00
   5        1.6987e-01   6.26e-04          1.6943e-01      6.85e-05    1.11e+00
LO = (1.6943465e-01 +- 6.8473541e-05) pb
LHAPDF 6.2.3 loading /pool/condor/dir_170771/resummino-releases/lhapdf-prefix/share/LHAPDF/PDF4LHC21_40/PDF4LHC21_40_0016.dat
PDF4LHC21_40 PDF set, member #16, version 1
 alpha_s(M_Z^2) = 0.1180 	 for NLO PDF set 
 alpha_s(300.000^2) = 0.1001 	 for NLO PDF set 

********************
* LO cross section *
********************
The limits of integration are:

xl[0]=0.000000    xu[0]=1.000000
xl[1]=0.000000    xu[1]=1.000000
xl[2]=0.000000    xu[2]=1.000000

num_dim=3, calls=2000, it_num=1, max_it_num=5 verb=0, alph=1.50,
mode=0, bins=50, boxes=1

       single.......iteration                   accumulated......results   
iteration     integral    sigma             integral         sigma     chi-sq/it

   1        1.5892e-01   6.14e-03          1.5892e-01      6.14e-03    0.00e+00
   2        1.6909e-01   2.07e-03          1.6805e-01      1.96e-03    2.46e+00
   3        1.6992e-01   1.28e-03          1.6937e-01      1.07e-03    1.55e+00
   4        1.6824e-01   1.22e-03          1.6888e-01      8.06e-04    1.19e+00
   5        1.6865e-01   1.24e-03          1.6881e-01      6.76e-04    9.00e-01

num_dim=3, calls=20000, it_num=1, max_it_num=5 verb=0, alph=1.50,
mode=0, bins=50, boxes=1

       single.......iteration                   accumulated......results   
iteration     integral    sigma             integral         sigma     chi-sq/it

   1        1.7023e-01   3.82e-04          1.7023e-01      3.82e-04    0.00e+00
   2        1.6990e-01   3.70e-04          1.7006e-01      2.66e-04    3.80e-01
   3        1.6991e-01   3.63e-04          1.7001e-01      2.14e-04    2.46e-01
   4        1.6996e-01   3.79e-04          1.7000e-01      1.87e-04    1.68e-01
   5        1.6949e-01   3.82e-04          1.6990e-01      1.68e-04    4.88e-01
   5        1.6915e-01   3.83e-04          1.6978e-01      1.54e-04    1.03e+00
   5        1.6953e-01   3.77e-04          1.6974e-01      1.42e-04    9.22e-01
   5        1.6904e-01   3.89e-04          1.6966e-01      1.34e-04    1.20e+00
   5        1.6958e-01   3.94e-04          1.6965e-01      1.26e-04    1.05e+00
   5        1.6916e-01   4.01e-04          1.6961e-01      1.21e-04    1.09e+00
   5        1.6986e-01   4.04e-04          1.6963e-01      1.16e-04    1.01e+00
   5        1.6968e-01   4.14e-04          1.6963e-01      1.11e-04    9.23e-01
   5        1.6998e-01   4.24e-04          1.6965e-01      1.08e-04    8.99e-01
   5        1.7017e-01   4.47e-04          1.6968e-01      1.05e-04    9.25e-01
   5        1.7010e-01   4.56e-04          1.6970e-01      1.02e-04    9.17e-01
   5        1.6942e-01   4.68e-04          1.6969e-01      9.97e-05    8.79e-01
   5        1.6938e-01   4.76e-04          1.6968e-01      9.76e-05    8.51e-01
   5        1.6987e-01   4.88e-04          1.6968e-01      9.57e-05    8.09e-01
   5        1.7010e-01   5.07e-04          1.6970e-01      9.40e-05    8.00e-01
   5        1.7017e-01   5.18e-04          1.6971e-01      9.25e-05    8.00e-01
   5        1.6875e-01   5.29e-04          1.6969e-01      9.11e-05    9.20e-01
   5        1.7029e-01   5.36e-04          1.6970e-01      8.98e-05    9.34e-01
   5        1.6986e-01   5.41e-04          1.6971e-01      8.86e-05    8.96e-01
   5        1.7015e-01   5.53e-04          1.6972e-01      8.75e-05    8.83e-01
   5        1.7031e-01   5.58e-04          1.6973e-01      8.64e-05    8.92e-01
   5        1.6877e-01   5.52e-04          1.6971e-01      8.54e-05    9.74e-01
   5        1.7058e-01   5.72e-04          1.6973e-01      8.45e-05    1.02e+00
   5        1.6974e-01   5.75e-04          1.6973e-01      8.36e-05    9.86e-01
   5        1.7001e-01   6.01e-04          1.6973e-01      8.28e-05    9.59e-01
   5        1.6978e-01   5.72e-04          1.6973e-01      8.19e-05    9.26e-01
   5        1.6950e-01   5.71e-04          1.6973e-01      8.11e-05    9.00e-01
   5        1.6979e-01   5.86e-04          1.6973e-01      8.03e-05    8.72e-01
   5        1.7031e-01   5.88e-04          1.6974e-01      7.96e-05    8.74e-01
   5        1.6936e-01   5.92e-04          1.6973e-01      7.89e-05    8.60e-01
   5        1.6852e-01   5.87e-04          1.6971e-01      7.82e-05    9.59e-01
   5        1.7032e-01   6.04e-04          1.6972e-01      7.75e-05    9.60e-01
   5        1.6897e-01   6.23e-04          1.6971e-01      7.69e-05    9.74e-01
   5        1.6936e-01   6.39e-04          1.6971e-01      7.64e-05    9.55e-01
   5        1.6982e-01   6.41e-04          1.6971e-01      7.58e-05    9.31e-01
   5        1.6939e-01   6.45e-04          1.6970e-01      7.53e-05    9.13e-01
   5        1.6937e-01   6.41e-04          1.6970e-01      7.48e-05    8.97e-01
   5        1.6899e-01   6.54e-04          1.6969e-01      7.43e-05    9.03e-01
   5        1.7147e-01   6.73e-04          1.6971e-01      7.39e-05    1.05e+00
   5        1.7014e-01   6.14e-04          1.6972e-01      7.33e-05    1.03e+00
   5        1.6862e-01   6.16e-04          1.6970e-01      7.28e-05    1.08e+00
   5        1.6968e-01   6.19e-04          1.6970e-01      7.23e-05    1.06e+00
   5        1.7047e-01   6.31e-04          1.6971e-01      7.19e-05    1.07e+00
   5        1.6838e-01   6.38e-04          1.6969e-01      7.14e-05    1.14e+00
   5        1.7082e-01   6.42e-04          1.6971e-01      7.10e-05    1.17e+00
   5        1.7049e-01   6.61e-04          1.6972e-01      7.06e-05    1.18e+00
   5        1.6960e-01   6.60e-04          1.6972e-01      7.02e-05    1.16e+00
   5        1.6909e-01   6.74e-04          1.6971e-01      6.98e-05    1.15e+00
   5        1.6997e-01   6.45e-04          1.6971e-01      6.94e-05    1.13e+00
   5        1.7019e-01   6.50e-04          1.6972e-01      6.90e-05    1.12e+00
   5        1.7016e-01   6.27e-04          1.6972e-01      6.86e-05    1.11e+00
LO = (1.6972333e-01 +- 6.8577242e-05) pb

*******************************************
* virtual corrections + integrated dipole *
*******************************************
The limits of integration are:

xl[0]=0.000000    xu[0]=1.000000
xl[1]=0.000000    xu[1]=1.000000
xl[2]=0.000000    xu[2]=1.000000

num_dim=3, calls=240, it_num=1, max_it_num=5 verb=0, alph=1.50,
mode=0, bins=50, boxes=1

       single.......iteration                   accumulated......results   
iteration     integral    sigma             integral         sigma     chi-sq/it

   1        7.0640e-03   8.13e-04          7.0640e-03      8.13e-04    0.00e+00
   2        7.0940e-03   3.08e-04          7.0902e-03      2.88e-04    1.19e-03
   3        7.3934e-03   2.40e-04          7.2695e-03      1.84e-04    3.28e-01
   4        7.4826e-03   1.98e-04          7.3684e-03      1.35e-04    4.25e-01
   5        7.5454e-03   1.92e-04          7.4268e-03      1.10e-04    4.61e-01

num_dim=3, calls=1200, it_num=1, max_it_num=3 verb=0, alph=1.50,
mode=0, bins=50, boxes=1

       single.......iteration                   accumulated......results   
iteration     integral    sigma             integral         sigma     chi-sq/it

   1        7.0308e-03   8.24e-05          7.0308e-03      8.24e-05    0.00e+00
   2        7.1795e-03   7.12e-05          7.1159e-03      5.39e-05    1.87e+00
   3        7.1317e-03   6.87e-05          7.1219e-03      4.24e-05    9.50e-01
vNLO = (7.1218995e-03 +- 4.2383031e-05) pb

*****************************
* collinear remainder (P+K) *
*****************************
The limits of integration are:

xl[0]=0.000000    xu[0]=1.000000
xl[1]=0.000000    xu[1]=1.000000
xl[2]=0.000000    xu[2]=1.000000
xl[3]=0.000000    xu[3]=1.000000

num_dim=4, calls=2500, it_num=1, max_it_num=5 verb=0, alph=1.50,
mode=0, bins=50, boxes=1

       single.......iteration                   accumulated......results   
iteration     integral    sigma             integral         sigma     chi-sq/it

   1        1.8919e-02   1.56e-03          1.8919e-02      1.56e-03    0.00e+00
   2        1.8551e-02   6.75e-04          1.8609e-02      6.20e-04    4.65e-02
   3        1.8007e-02   5.90e-04          1.8293e-02      4.27e-04    2.71e-01
   4        1.8301e-02   5.72e-04          1.8296e-02      3.42e-04    1.81e-01
   5        1.8326e-02   5.72e-04          1.8304e-02      2.94e-04    1.36e-01

num_dim=4, calls=25000, it_num=1, max_it_num=3 verb=0, alph=1.50,
mode=0, bins=50, boxes=1

       single.......iteration                   accumulated......results   
iteration     integral    sigma             integral         sigma     chi-sq/it

   1        1.7930e-02   1.81e-04          1.7930e-02      1.81e-04    0.00e+00
   2        1.8042e-02   1.79e-04          1.7987e-02      1.27e-04    1.94e-01
   3        1.8132e-02   1.79e-04          1.8036e-02      1.04e-04    3.16e-01
   3        1.8180e-02   1.78e-04          1.8072e-02      8.96e-05    3.73e-01
   3        1.8332e-02   1.78e-04          1.8125e-02      8.01e-05    7.05e-01
   3        1.8042e-02   1.79e-04          1.8111e-02      7.31e-05    6.00e-01
   3        1.8114e-02   1.78e-04          1.8111e-02      6.76e-05    5.00e-01
   3        1.7978e-02   1.80e-04          1.8095e-02      6.33e-05    4.97e-01
   3        1.8026e-02   1.79e-04          1.8087e-02      5.97e-05    4.51e-01
   3        1.8445e-02   1.79e-04          1.8123e-02      5.66e-05    8.00e-01
   3        1.7868e-02   1.81e-04          1.8100e-02      5.40e-05    8.99e-01
P+K = (1.8100172e-02 +- 5.4035604e-05) pb

********************************
* real gluon emission - dipole *
********************************
The limits of integration are:

xl[0]=0.000000    xu[0]=1.000000
xl[1]=0.000000    xu[1]=1.000000
xl[2]=0.000000    xu[2]=1.000000
xl[3]=0.000000    xu[3]=1.000000
xl[4]=0.000000    xu[4]=1.000000
xl[5]=0.000000    xu[5]=1.000000

num_dim=6, calls=250, it_num=1, max_it_num=5 verb=0, alph=1.50,
mode=0, bins=50, boxes=1

       single.......iteration                   accumulated......results   
iteration     integral    sigma             integral         sigma     chi-sq/it

   1        -9.5810e-04   1.84e-04          -9.5810e-04      1.84e-04    0.00e+00
   2        -9.5928e-04   1.12e-04          -9.5896e-04      9.60e-05    3.04e-05
   3        -9.8662e-04   9.58e-05          -9.7281e-04      6.78e-05    2.08e-02
   4        -1.1462e-03   1.25e-04          -1.0122e-03      5.96e-05    5.10e-01
   5        -1.2077e-03   9.99e-05          -1.0636e-03      5.12e-05    1.09e+00

num_dim=6, calls=2500, it_num=1, max_it_num=3 verb=0, alph=1.50,
mode=0, bins=50, boxes=1

       single.......iteration                   accumulated......results   
iteration     integral    sigma             integral         sigma     chi-sq/it

   1        -1.1306e-03   2.90e-05          -1.1306e-03      2.90e-05    0.00e+00
   2        -1.1272e-03   1.54e-05          -1.1280e-03      1.36e-05    1.08e-02
   3        -1.1177e-03   1.36e-05          -1.1228e-03      9.63e-06    1.48e-01
   3        -1.1128e-03   1.15e-05          -1.1187e-03      7.39e-06    2.46e-01
   3        -1.1329e-03   1.08e-05          -1.1232e-03      6.10e-06    4.77e-01
   3        -1.1255e-03   1.05e-05          -1.1238e-03      5.28e-06    3.89e-01
   3        -1.1231e-03   1.10e-05          -1.1237e-03      4.76e-06    3.24e-01
   3        -1.1300e-03   1.06e-05          -1.1247e-03      4.35e-06    3.20e-01
   3        -1.1215e-03   1.02e-05          -1.1242e-03      4.00e-06    2.90e-01
   3        -1.1321e-03   1.03e-05          -1.1253e-03      3.73e-06    3.14e-01
   3        -1.1185e-03   1.05e-05          -1.1245e-03      3.52e-06    3.19e-01
   3        -1.1100e-03   1.03e-05          -1.1230e-03      3.33e-06    4.53e-01
   3        -1.1294e-03   1.02e-05          -1.1236e-03      3.16e-06    4.45e-01
   3        -1.1312e-03   1.01e-05          -1.1243e-03      3.02e-06    4.50e-01
   3        -1.1135e-03   9.87e-06          -1.1234e-03      2.89e-06    4.95e-01
   3        -1.1322e-03   1.09e-05          -1.1239e-03      2.79e-06    5.04e-01
rNLOg = (-1.1239464e-03 +- 2.7900294e-06) pb

**************************************************
* real light quark emission - dipole - (onshell) *
**************************************************
The limits of integration are:

xl[0]=0.000000    xu[0]=1.000000
xl[1]=0.000000    xu[1]=1.000000
xl[2]=0.000000    xu[2]=1.000000
xl[3]=0.000000    xu[3]=1.000000
xl[4]=0.000000    xu[4]=1.000000
xl[5]=0.000000    xu[5]=1.000000

num_dim=6, calls=5000, it_num=1, max_it_num=5 verb=0, alph=1.50,
mode=0, bins=50, boxes=1

       single.......iteration                   accumulated......results   
iteration     integral    sigma             integral         sigma     chi-sq/it

   1        3.5819e-03   2.13e-04          3.5819e-03      2.13e-04    0.00e+00
   2        3.5945e-03   6.74e-05          3.5934e-03      6.43e-05    3.16e-03
   3        3.5319e-03   3.60e-05          3.5466e-03      3.14e-05    3.50e-01
   4        3.5617e-03   2.86e-05          3.5548e-03      2.11e-05    2.76e-01
   5        3.5525e-03   2.57e-05          3.5539e-03      1.63e-05    2.08e-01

num_dim=6, calls=50000, it_num=1, max_it_num=5 verb=0, alph=1.50,
mode=0, bins=50, boxes=1

       single.......iteration                   accumulated......results   
iteration     integral    sigma             integral         sigma     chi-sq/it

   1        3.5437e-03   8.04e-06          3.5437e-03      8.04e-06    0.00e+00
   2        3.5583e-03   8.69e-06          3.5505e-03      5.90e-06    1.52e+00
   3        3.5663e-03   9.50e-06          3.5549e-03      5.01e-06    1.76e+00
   4        3.5574e-03   8.46e-06          3.5555e-03      4.31e-06    1.19e+00
   5        3.5640e-03   9.30e-06          3.5570e-03      3.91e-06    1.07e+00
rNLOq = (3.5570356e-03 +- 3.9128006e-06) pb
NLO = (1.9737849e-01 +- 9.7170470e-05) pb
#chisq/dof = 8.9376e-08
#status = success
#chisq/dof = 1.7807e-08
#status = success
#chisq/dof = 7.10763e-10
#status = success
#chisq/dof = 4.5823e-09
#status = success
#chisq/dof = 5.03002e-10
#status = success
#chisq/dof = 2.24637e-11
#status = success
#chisq/dof = 1.37286e-09
#status = success
#chisq/dof = 9.25591e-11
#status = success

*******************************************************
* threshold resummation (unimproved nnll) - expansion *
*******************************************************
The limits of integration are:

xl[0]=0.000000    xu[0]=1.000000
xl[1]=0.000000    xu[1]=1.000000
xl[2]=0.000000    xu[2]=1.000000

num_dim=3, calls=7000, it_num=1, max_it_num=5 verb=0, alph=1.50,
mode=0, bins=50, boxes=1

       single.......iteration                   accumulated......results   
iteration     integral    sigma             integral         sigma     chi-sq/it

   1        1.1194e-03   2.34e-04          1.1194e-03      2.34e-04    0.00e+00
   2        1.1232e-03   6.86e-05          1.1229e-03      6.58e-05    2.50e-04
   3        1.0133e-03   5.75e-05          1.0607e-03      4.33e-05    7.87e-01
   4        1.1603e-03   5.69e-05          1.0972e-03      3.44e-05    1.17e+00
   5        1.0829e-03   5.63e-05          1.0933e-03      2.94e-05    8.90e-01

num_dim=3, calls=35000, it_num=1, max_it_num=5 verb=0, alph=1.50,
mode=0, bins=50, boxes=1

       single.......iteration                   accumulated......results   
iteration     integral    sigma             integral         sigma     chi-sq/it

   1        1.0756e-03   2.53e-05          1.0756e-03      2.53e-05    0.00e+00
   2        1.1406e-03   2.56e-05          1.1077e-03      1.80e-05    3.26e+00
   3        1.1020e-03   2.55e-05          1.1058e-03      1.47e-05    1.65e+00
   4        1.0966e-03   2.54e-05          1.1035e-03      1.27e-05    1.13e+00
   5        1.1359e-03   2.55e-05          1.1100e-03      1.14e-05    1.17e+00
aNNLO+NNLL = (1.9848845e-01 +- 9.7834375e-05) pb

Results:
LO = (1.6943465e-01 +- 6.8473541e-05) pb
NLO = (1.9737849e-01 +- 9.7170470e-05) pb
aNNLO+NNLL = (1.9848845e-01 +- 9.7834375e-05) pb
Thanks for using LHAPDF 6.2.3. Please make sure to cite the paper:
  Eur.Phys.J. C75 (2015) 3, 132  (http://arxiv.org/abs/1412.7420)
 ====================================================
   FF 2.0, a package to evaluate one-loop integrals
 written by G. J. van Oldenborgh, NIKHEF-H, Amsterdam
 ====================================================
 for the algorithms used see preprint NIKHEF-H 89/17,
 'New Algorithms for One-loop Integrals', by G.J. van
 Oldenborgh and J.A.M. Vermaseren, published in 
 Zeitschrift fuer Physik C46(1990)425.
 ====================================================
 
total number of errors and warnings
===================================
fferr: no errors
 
