
  Welcome to Resummino git-latest
  Copyright 2008-2010 Jonathan Debove.
  Copyright 2011-2014 David R. Lamprea.
  Copyright 2011-2016 Marcel Rothering.

  Licensed under the EUPL 1.1 or later.
  See http://www.resummino.org/ for more information.

  If using Resummino for slepton pair production, please cite.
  - G. Bozzi, B. Fuks, M. Klasen, PRD 74, 015001 (2006); NPB 777, 157 (2007); NPB 794, 46 (2007).
  - B. Fuks, M. Klasen, D. R. Lamprea, M. Rothering, EPJC 73, 2480 (2013).

  For gaugino pair production, please cite:
  - J. Debove, B. Fuks, M. Klasen, PLB 688, 208 (2010); NPB 842, 51 (2011); NPB 849, 64 (2011).
  - B. Fuks, M. Klasen, D. R. Lamprea, M. Rothering, JHEP 1210, 081 (2012); EPJC 73, 2480 (2013).

  For associated gaugino gluino production, please cite:
  - B. Fuks, M. Klasen, M. Rothering, JHEP 07:053, (2016).
  - B. Fuks, M. Klasen, D. R. Lamprea, M. Rothering, EPJC 73, 2480 (2013).

LHAPDF 6.2.3 loading /pool/condor/dir_14601/resummino-releases/lhapdf-prefix/share/LHAPDF/PDF4LHC21_40/PDF4LHC21_40_0000.dat
PDF4LHC21_40 PDF set, member #0, version 1
 alpha_s(M_Z^2) = 0.1180 	 for LO PDF set 
 alpha_s(400.000^2) = 0.0965 	 for LO PDF set 

********************
* LO cross section *
********************
The limits of integration are:

xl[0]=0.000000    xu[0]=1.000000
xl[1]=0.000000    xu[1]=1.000000
xl[2]=0.000000    xu[2]=1.000000

num_dim=3, calls=2000, it_num=1, max_it_num=5 verb=0, alph=1.50,
mode=0, bins=50, boxes=1

       single.......iteration                   accumulated......results   
iteration     integral    sigma             integral         sigma     chi-sq/it

   1        4.8642e-02   1.88e-03          4.8642e-02      1.88e-03    0.00e+00
   2        5.2117e-02   6.34e-04          5.1763e-02      6.01e-04    3.06e+00
   3        5.2365e-02   3.78e-04          5.2194e-02      3.20e-04    1.89e+00
   4        5.1860e-02   3.61e-04          5.2047e-02      2.39e-04    1.42e+00
   5        5.1976e-02   3.66e-04          5.2026e-02      2.00e-04    1.07e+00

num_dim=3, calls=20000, it_num=1, max_it_num=5 verb=0, alph=1.50,
mode=0, bins=50, boxes=1

       single.......iteration                   accumulated......results   
iteration     integral    sigma             integral         sigma     chi-sq/it

   1        5.2422e-02   1.13e-04          5.2422e-02      1.13e-04    0.00e+00
   2        5.2325e-02   1.09e-04          5.2372e-02      7.83e-05    3.82e-01
   3        5.2341e-02   1.07e-04          5.2361e-02      6.31e-05    2.19e-01
   4        5.2352e-02   1.12e-04          5.2359e-02      5.50e-05    1.48e-01
   5        5.2191e-02   1.13e-04          5.2327e-02      4.94e-05    5.59e-01
   5        5.2111e-02   1.13e-04          5.2292e-02      4.53e-05    1.06e+00
   5        5.2224e-02   1.11e-04          5.2282e-02      4.19e-05    9.35e-01
   5        5.2085e-02   1.15e-04          5.2259e-02      3.94e-05    1.17e+00
   5        5.2235e-02   1.16e-04          5.2257e-02      3.73e-05    1.03e+00
   5        5.2097e-02   1.19e-04          5.2242e-02      3.56e-05    1.10e+00
   5        5.2309e-02   1.20e-04          5.2248e-02      3.41e-05    1.02e+00
   5        5.2265e-02   1.23e-04          5.2249e-02      3.29e-05    9.27e-01
   5        5.2345e-02   1.26e-04          5.2255e-02      3.18e-05    8.96e-01
   5        5.2395e-02   1.33e-04          5.2263e-02      3.09e-05    9.08e-01
   5        5.2401e-02   1.36e-04          5.2270e-02      3.02e-05    9.13e-01
   5        5.2179e-02   1.39e-04          5.2265e-02      2.95e-05    8.79e-01
   5        5.2166e-02   1.43e-04          5.2261e-02      2.89e-05    8.53e-01
   5        5.2330e-02   1.47e-04          5.2264e-02      2.83e-05    8.15e-01
   5        5.2403e-02   1.53e-04          5.2269e-02      2.79e-05    8.14e-01
   5        5.2416e-02   1.56e-04          5.2273e-02      2.74e-05    8.17e-01
   5        5.1990e-02   1.59e-04          5.2265e-02      2.70e-05    9.30e-01
   5        5.2430e-02   1.63e-04          5.2269e-02      2.67e-05    9.33e-01
   5        5.2318e-02   1.65e-04          5.2271e-02      2.63e-05    8.95e-01
   5        5.2397e-02   1.69e-04          5.2274e-02      2.60e-05    8.80e-01
   5        5.2451e-02   1.69e-04          5.2278e-02      2.57e-05    8.88e-01
   5        5.2006e-02   1.67e-04          5.2271e-02      2.54e-05    9.56e-01
   5        5.2544e-02   1.73e-04          5.2277e-02      2.51e-05    1.01e+00
   5        5.2266e-02   1.74e-04          5.2277e-02      2.49e-05    9.75e-01
   5        5.2359e-02   1.82e-04          5.2278e-02      2.46e-05    9.47e-01
   5        5.2306e-02   1.75e-04          5.2279e-02      2.44e-05    9.15e-01
   5        5.2213e-02   1.74e-04          5.2278e-02      2.42e-05    8.89e-01
   5        5.2296e-02   1.79e-04          5.2278e-02      2.40e-05    8.61e-01
   5        5.2453e-02   1.80e-04          5.2281e-02      2.37e-05    8.63e-01
   5        5.2162e-02   1.81e-04          5.2279e-02      2.35e-05    8.50e-01
   5        5.1922e-02   1.79e-04          5.2273e-02      2.33e-05    9.39e-01
   5        5.2466e-02   1.85e-04          5.2276e-02      2.32e-05    9.43e-01
   5        5.2004e-02   1.92e-04          5.2272e-02      2.30e-05    9.72e-01
   5        5.2149e-02   1.97e-04          5.2270e-02      2.28e-05    9.56e-01
   5        5.2300e-02   1.97e-04          5.2271e-02      2.27e-05    9.32e-01
   5        5.2174e-02   1.97e-04          5.2270e-02      2.25e-05    9.14e-01
   5        5.2185e-02   1.96e-04          5.2268e-02      2.24e-05    8.96e-01
   5        5.2057e-02   1.99e-04          5.2266e-02      2.22e-05    9.01e-01
   5        5.2813e-02   2.06e-04          5.2272e-02      2.21e-05    1.05e+00
   5        5.2402e-02   1.89e-04          5.2274e-02      2.20e-05    1.03e+00
   5        5.1928e-02   1.90e-04          5.2269e-02      2.18e-05    1.08e+00
   5        5.2258e-02   1.90e-04          5.2269e-02      2.17e-05    1.06e+00
   5        5.2509e-02   1.94e-04          5.2272e-02      2.15e-05    1.07e+00
   5        5.1847e-02   1.97e-04          5.2267e-02      2.14e-05    1.14e+00
   5        5.2633e-02   1.98e-04          5.2271e-02      2.13e-05    1.19e+00
   5        5.2532e-02   2.04e-04          5.2274e-02      2.12e-05    1.20e+00
   5        5.2232e-02   2.04e-04          5.2274e-02      2.11e-05    1.18e+00
   5        5.2066e-02   2.08e-04          5.2272e-02      2.10e-05    1.17e+00
   5        5.2349e-02   1.97e-04          5.2272e-02      2.08e-05    1.15e+00
   5        5.2420e-02   1.98e-04          5.2274e-02      2.07e-05    1.14e+00
   5        5.2437e-02   1.91e-04          5.2276e-02      2.06e-05    1.13e+00
LO = (5.2275986e-02 +- 2.0605534e-05) pb
LHAPDF 6.2.3 loading /pool/condor/dir_14601/resummino-releases/lhapdf-prefix/share/LHAPDF/PDF4LHC21_40/PDF4LHC21_40_0030.dat
PDF4LHC21_40 PDF set, member #30, version 1
 alpha_s(M_Z^2) = 0.1180 	 for NLO PDF set 
 alpha_s(400.000^2) = 0.0965 	 for NLO PDF set 

********************
* LO cross section *
********************
The limits of integration are:

xl[0]=0.000000    xu[0]=1.000000
xl[1]=0.000000    xu[1]=1.000000
xl[2]=0.000000    xu[2]=1.000000

num_dim=3, calls=2000, it_num=1, max_it_num=5 verb=0, alph=1.50,
mode=0, bins=50, boxes=1

       single.......iteration                   accumulated......results   
iteration     integral    sigma             integral         sigma     chi-sq/it

   1        4.8606e-02   1.88e-03          4.8606e-02      1.88e-03    0.00e+00
   2        5.2066e-02   6.33e-04          5.1714e-02      6.00e-04    3.04e+00
   3        5.2318e-02   3.78e-04          5.2146e-02      3.20e-04    1.88e+00
   4        5.1810e-02   3.61e-04          5.1998e-02      2.40e-04    1.42e+00
   5        5.1927e-02   3.66e-04          5.1977e-02      2.00e-04    1.07e+00

num_dim=3, calls=20000, it_num=1, max_it_num=5 verb=0, alph=1.50,
mode=0, bins=50, boxes=1

       single.......iteration                   accumulated......results   
iteration     integral    sigma             integral         sigma     chi-sq/it

   1        5.2374e-02   1.13e-04          5.2374e-02      1.13e-04    0.00e+00
   2        5.2277e-02   1.09e-04          5.2324e-02      7.84e-05    3.80e-01
   3        5.2292e-02   1.07e-04          5.2313e-02      6.32e-05    2.19e-01
   4        5.2304e-02   1.12e-04          5.2311e-02      5.51e-05    1.48e-01
   5        5.2144e-02   1.13e-04          5.2279e-02      4.95e-05    5.49e-01
   5        5.2063e-02   1.13e-04          5.2244e-02      4.53e-05    1.05e+00
   5        5.2177e-02   1.11e-04          5.2234e-02      4.20e-05    9.27e-01
   5        5.2037e-02   1.15e-04          5.2211e-02      3.95e-05    1.17e+00
   5        5.2187e-02   1.17e-04          5.2209e-02      3.74e-05    1.02e+00
   5        5.2049e-02   1.19e-04          5.2194e-02      3.56e-05    1.09e+00
   5        5.2261e-02   1.20e-04          5.2200e-02      3.42e-05    1.01e+00
   5        5.2217e-02   1.23e-04          5.2201e-02      3.29e-05    9.23e-01
   5        5.2298e-02   1.26e-04          5.2207e-02      3.18e-05    8.93e-01
   5        5.2348e-02   1.33e-04          5.2215e-02      3.10e-05    9.06e-01
   5        5.2353e-02   1.36e-04          5.2222e-02      3.02e-05    9.11e-01
   5        5.2131e-02   1.40e-04          5.2218e-02      2.95e-05    8.77e-01
   5        5.2118e-02   1.43e-04          5.2214e-02      2.89e-05    8.51e-01
   5        5.2281e-02   1.47e-04          5.2216e-02      2.84e-05    8.13e-01
   5        5.2355e-02   1.53e-04          5.2221e-02      2.79e-05    8.12e-01
   5        5.2368e-02   1.56e-04          5.2225e-02      2.74e-05    8.15e-01
   5        5.1941e-02   1.59e-04          5.2217e-02      2.70e-05    9.29e-01
   5        5.2382e-02   1.63e-04          5.2221e-02      2.67e-05    9.32e-01
   5        5.2271e-02   1.65e-04          5.2223e-02      2.63e-05    8.94e-01
   5        5.2350e-02   1.69e-04          5.2226e-02      2.60e-05    8.79e-01
   5        5.2403e-02   1.69e-04          5.2230e-02      2.57e-05    8.87e-01
   5        5.1957e-02   1.67e-04          5.2224e-02      2.54e-05    9.56e-01
   5        5.2495e-02   1.73e-04          5.2229e-02      2.52e-05    1.01e+00
   5        5.2219e-02   1.74e-04          5.2229e-02      2.49e-05    9.74e-01
   5        5.2311e-02   1.82e-04          5.2231e-02      2.47e-05    9.46e-01
   5        5.2258e-02   1.75e-04          5.2231e-02      2.44e-05    9.15e-01
   5        5.2165e-02   1.74e-04          5.2230e-02      2.42e-05    8.89e-01
   5        5.2248e-02   1.79e-04          5.2230e-02      2.40e-05    8.61e-01
   5        5.2406e-02   1.80e-04          5.2233e-02      2.38e-05    8.63e-01
   5        5.2115e-02   1.81e-04          5.2231e-02      2.36e-05    8.49e-01
   5        5.1874e-02   1.79e-04          5.2225e-02      2.34e-05    9.39e-01
   5        5.2417e-02   1.85e-04          5.2228e-02      2.32e-05    9.42e-01
   5        5.1957e-02   1.92e-04          5.2224e-02      2.30e-05    9.71e-01
   5        5.2101e-02   1.97e-04          5.2223e-02      2.29e-05    9.55e-01
   5        5.2252e-02   1.97e-04          5.2223e-02      2.27e-05    9.30e-01
   5        5.2125e-02   1.97e-04          5.2222e-02      2.25e-05    9.13e-01
   5        5.2135e-02   1.96e-04          5.2221e-02      2.24e-05    8.95e-01
   5        5.2009e-02   1.99e-04          5.2218e-02      2.23e-05    9.00e-01
   5        5.2766e-02   2.06e-04          5.2224e-02      2.21e-05    1.05e+00
   5        5.2355e-02   1.89e-04          5.2226e-02      2.20e-05    1.03e+00
   5        5.1880e-02   1.90e-04          5.2221e-02      2.18e-05    1.08e+00
   5        5.2210e-02   1.90e-04          5.2221e-02      2.17e-05    1.06e+00
   5        5.2460e-02   1.94e-04          5.2224e-02      2.16e-05    1.07e+00
   5        5.1801e-02   1.97e-04          5.2219e-02      2.14e-05    1.14e+00
   5        5.2584e-02   1.98e-04          5.2223e-02      2.13e-05    1.19e+00
   5        5.2483e-02   2.04e-04          5.2226e-02      2.12e-05    1.20e+00
   5        5.2185e-02   2.03e-04          5.2226e-02      2.11e-05    1.17e+00
   5        5.2019e-02   2.08e-04          5.2224e-02      2.10e-05    1.17e+00
   5        5.2301e-02   1.97e-04          5.2225e-02      2.09e-05    1.15e+00
   5        5.2373e-02   1.98e-04          5.2226e-02      2.07e-05    1.14e+00
   5        5.2388e-02   1.91e-04          5.2228e-02      2.06e-05    1.13e+00
LO = (5.2228063e-02 +- 2.0615771e-05) pb

*******************************************
* virtual corrections + integrated dipole *
*******************************************
The limits of integration are:

xl[0]=0.000000    xu[0]=1.000000
xl[1]=0.000000    xu[1]=1.000000
xl[2]=0.000000    xu[2]=1.000000

num_dim=3, calls=240, it_num=1, max_it_num=5 verb=0, alph=1.50,
mode=0, bins=50, boxes=1

       single.......iteration                   accumulated......results   
iteration     integral    sigma             integral         sigma     chi-sq/it

   1        2.0690e-03   2.39e-04          2.0690e-03      2.39e-04    0.00e+00
   2        2.1034e-03   9.37e-05          2.0988e-03      8.72e-05    1.80e-02
   3        2.1847e-03   6.87e-05          2.1518e-03      5.40e-05    3.09e-01
   4        2.2128e-03   5.87e-05          2.1798e-03      3.97e-05    4.01e-01
   5        2.2381e-03   5.51e-05          2.1997e-03      3.22e-05    4.85e-01

num_dim=3, calls=1200, it_num=1, max_it_num=3 verb=0, alph=1.50,
mode=0, bins=50, boxes=1

       single.......iteration                   accumulated......results   
iteration     integral    sigma             integral         sigma     chi-sq/it

   1        2.0882e-03   2.37e-05          2.0882e-03      2.37e-05    0.00e+00
   2        2.1331e-03   2.05e-05          2.1140e-03      1.55e-05    2.05e+00
   3        2.1204e-03   1.96e-05          2.1164e-03      1.22e-05    1.06e+00
vNLO = (2.1164453e-03 +- 1.2168794e-05) pb

*****************************
* collinear remainder (P+K) *
*****************************
The limits of integration are:

xl[0]=0.000000    xu[0]=1.000000
xl[1]=0.000000    xu[1]=1.000000
xl[2]=0.000000    xu[2]=1.000000
xl[3]=0.000000    xu[3]=1.000000

num_dim=4, calls=2500, it_num=1, max_it_num=5 verb=0, alph=1.50,
mode=0, bins=50, boxes=1

       single.......iteration                   accumulated......results   
iteration     integral    sigma             integral         sigma     chi-sq/it

   1        5.8156e-03   4.75e-04          5.8156e-03      4.75e-04    0.00e+00
   2        5.6965e-03   1.83e-04          5.7119e-03      1.71e-04    5.47e-02
   3        5.5974e-03   1.56e-04          5.6496e-03      1.15e-04    1.50e-01
   4        5.6813e-03   1.52e-04          5.6611e-03      9.19e-05    1.09e-01
   5        5.7802e-03   1.53e-04          5.6926e-03      7.88e-05    1.93e-01

num_dim=4, calls=25000, it_num=1, max_it_num=3 verb=0, alph=1.50,
mode=0, bins=50, boxes=1

       single.......iteration                   accumulated......results   
iteration     integral    sigma             integral         sigma     chi-sq/it

   1        5.5368e-03   4.84e-05          5.5368e-03      4.84e-05    0.00e+00
   2        5.5583e-03   4.75e-05          5.5477e-03      3.39e-05    1.00e-01
   3        5.5694e-03   4.77e-05          5.5550e-03      2.76e-05    1.19e-01
   3        5.5798e-03   4.74e-05          5.5613e-03      2.39e-05    1.47e-01
   3        5.5934e-03   4.75e-05          5.5678e-03      2.13e-05    2.01e-01
   3        5.5141e-03   4.78e-05          5.5589e-03      1.95e-05    3.71e-01
   3        5.5531e-03   4.77e-05          5.5580e-03      1.80e-05    3.12e-01
   3        5.5070e-03   4.82e-05          5.5518e-03      1.69e-05    4.07e-01
   3        5.5371e-03   4.75e-05          5.5501e-03      1.59e-05    3.67e-01
   3        5.6202e-03   4.77e-05          5.5571e-03      1.51e-05    5.42e-01
P+K = (5.5571424e-03 +- 1.5097573e-05) pb

********************************
* real gluon emission - dipole *
********************************
The limits of integration are:

xl[0]=0.000000    xu[0]=1.000000
xl[1]=0.000000    xu[1]=1.000000
xl[2]=0.000000    xu[2]=1.000000
xl[3]=0.000000    xu[3]=1.000000
xl[4]=0.000000    xu[4]=1.000000
xl[5]=0.000000    xu[5]=1.000000

num_dim=6, calls=250, it_num=1, max_it_num=5 verb=0, alph=1.50,
mode=0, bins=50, boxes=1

       single.......iteration                   accumulated......results   
iteration     integral    sigma             integral         sigma     chi-sq/it

   1        -2.4705e-04   4.94e-05          -2.4705e-04      4.94e-05    0.00e+00
   2        -2.5602e-04   3.76e-05          -2.5273e-04      2.99e-05    2.08e-02
   3        -2.6416e-04   2.89e-05          -2.5865e-04      2.08e-05    4.81e-02
   4        -3.0821e-04   3.47e-05          -2.7173e-04      1.78e-05    5.32e-01
   5        -3.3255e-04   2.85e-05          -2.8881e-04      1.51e-05    1.22e+00

num_dim=6, calls=2500, it_num=1, max_it_num=3 verb=0, alph=1.50,
mode=0, bins=50, boxes=1

       single.......iteration                   accumulated......results   
iteration     integral    sigma             integral         sigma     chi-sq/it

   1        -2.9386e-04   6.92e-06          -2.9386e-04      6.92e-06    0.00e+00
   2        -2.8957e-04   3.78e-06          -2.9056e-04      3.31e-06    2.97e-01
   3        -2.8893e-04   3.62e-06          -2.8981e-04      2.44e-06    2.04e-01
   3        -2.8809e-04   3.07e-06          -2.8915e-04      1.91e-06    2.00e-01
   3        -2.9174e-04   2.77e-06          -2.8998e-04      1.57e-06    2.98e-01
   3        -2.8957e-04   2.61e-06          -2.8987e-04      1.35e-06    2.42e-01
   3        -2.8857e-04   2.68e-06          -2.8961e-04      1.20e-06    2.33e-01
   3        -2.9090e-04   2.60e-06          -2.8984e-04      1.09e-06    2.29e-01
   3        -2.8884e-04   2.50e-06          -2.8968e-04      1.00e-06    2.17e-01
   3        -2.9184e-04   2.56e-06          -2.8996e-04      9.32e-07    2.62e-01
   3        -2.8891e-04   2.58e-06          -2.8984e-04      8.77e-07    2.50e-01
   3        -2.8616e-04   2.54e-06          -2.8945e-04      8.29e-07    3.97e-01
   3        -2.9071e-04   2.50e-06          -2.8958e-04      7.87e-07    3.83e-01
   3        -2.9110e-04   2.48e-06          -2.8971e-04      7.50e-07    3.80e-01
   3        -2.8667e-04   2.42e-06          -2.8945e-04      7.16e-07    4.56e-01
   3        -2.9105e-04   2.67e-06          -2.8955e-04      6.92e-07    4.48e-01
   3        -2.8908e-04   2.96e-06          -2.8953e-04      6.74e-07    4.22e-01
   3        -2.8650e-04   2.65e-06          -2.8935e-04      6.53e-07    4.69e-01
   3        -2.9127e-04   2.75e-06          -2.8945e-04      6.35e-07    4.69e-01
   3        -2.8482e-04   2.61e-06          -2.8919e-04      6.17e-07    6.00e-01
rNLOg = (-2.8919017e-04 +- 6.1747625e-07) pb

**************************************************
* real light quark emission - dipole - (onshell) *
**************************************************
The limits of integration are:

xl[0]=0.000000    xu[0]=1.000000
xl[1]=0.000000    xu[1]=1.000000
xl[2]=0.000000    xu[2]=1.000000
xl[3]=0.000000    xu[3]=1.000000
xl[4]=0.000000    xu[4]=1.000000
xl[5]=0.000000    xu[5]=1.000000

num_dim=6, calls=5000, it_num=1, max_it_num=5 verb=0, alph=1.50,
mode=0, bins=50, boxes=1

       single.......iteration                   accumulated......results   
iteration     integral    sigma             integral         sigma     chi-sq/it

   1        8.4795e-04   5.00e-05          8.4795e-04      5.00e-05    0.00e+00
   2        8.5216e-04   1.59e-05          8.5178e-04      1.51e-05    6.44e-03
   3        8.3842e-04   8.48e-06          8.4162e-04      7.40e-06    3.00e-01
   4        8.4507e-04   6.59e-06          8.4354e-04      4.92e-06    2.41e-01
   5        8.4316e-04   5.87e-06          8.4338e-04      3.77e-06    1.81e-01

num_dim=6, calls=50000, it_num=1, max_it_num=5 verb=0, alph=1.50,
mode=0, bins=50, boxes=1

       single.......iteration                   accumulated......results   
iteration     integral    sigma             integral         sigma     chi-sq/it

   1        8.4066e-04   1.82e-06          8.4066e-04      1.82e-06    0.00e+00
   2        8.4404e-04   2.00e-06          8.4219e-04      1.35e-06    1.56e+00
   3        8.4568e-04   2.17e-06          8.4316e-04      1.15e-06    1.71e+00
   4        8.4385e-04   1.92e-06          8.4334e-04      9.84e-07    1.17e+00
   5        8.4506e-04   2.10e-06          8.4365e-04      8.91e-07    1.01e+00
rNLOq = (8.4365187e-04 +- 8.9097744e-07) pb
NLO = (6.0456113e-02 +- 2.8323160e-05) pb
#chisq/dof = 4.2105e-08
#status = cannot reach the specified tolerance in X
#chisq/dof = 1.49357e-08
#status = success
#chisq/dof = 1.27538e-09
#status = success
#chisq/dof = 1.91806e-09
#status = success
#chisq/dof = 2.45944e-10
#status = success
#chisq/dof = 2.56628e-11
#status = success
#chisq/dof = 7.319e-10
#status = success
#chisq/dof = 2.21266e-10
#status = success

*******************************************************
* threshold resummation (unimproved nnll) - expansion *
*******************************************************
The limits of integration are:

xl[0]=0.000000    xu[0]=1.000000
xl[1]=0.000000    xu[1]=1.000000
xl[2]=0.000000    xu[2]=1.000000

num_dim=3, calls=7000, it_num=1, max_it_num=5 verb=0, alph=1.50,
mode=0, bins=50, boxes=1

       single.......iteration                   accumulated......results   
iteration     integral    sigma             integral         sigma     chi-sq/it

   1        3.8375e-04   3.77e-05          3.8375e-04      3.77e-05    0.00e+00
   2        3.4507e-04   1.22e-05          3.4874e-04      1.16e-05    9.52e-01
   3        3.4394e-04   1.06e-05          3.4612e-04      7.83e-06    5.23e-01
   4        3.8010e-04   1.05e-05          3.5822e-04      6.28e-06    2.58e+00
   5        3.6326e-04   1.05e-05          3.5954e-04      5.40e-06    1.98e+00

num_dim=3, calls=35000, it_num=1, max_it_num=5 verb=0, alph=1.50,
mode=0, bins=50, boxes=1

       single.......iteration                   accumulated......results   
iteration     integral    sigma             integral         sigma     chi-sq/it

   1        3.5314e-04   4.73e-06          3.5314e-04      4.73e-06    0.00e+00
   2        3.5607e-04   4.74e-06          3.5460e-04      3.35e-06    1.92e-01
   3        3.5918e-04   4.77e-06          3.5611e-04      2.74e-06    4.05e-01
   4        3.5182e-04   4.80e-06          3.5506e-04      2.38e-06    4.71e-01
   5        3.6473e-04   4.74e-06          3.5701e-04      2.13e-06    1.19e+00
aNNLO+NNLL = (6.0813120e-02 +- 2.8402811e-05) pb

Results:
LO = (5.2275986e-02 +- 2.0605534e-05) pb
NLO = (6.0456113e-02 +- 2.8323160e-05) pb
aNNLO+NNLL = (6.0813120e-02 +- 2.8402811e-05) pb
Thanks for using LHAPDF 6.2.3. Please make sure to cite the paper:
  Eur.Phys.J. C75 (2015) 3, 132  (http://arxiv.org/abs/1412.7420)
 ====================================================
   FF 2.0, a package to evaluate one-loop integrals
 written by G. J. van Oldenborgh, NIKHEF-H, Amsterdam
 ====================================================
 for the algorithms used see preprint NIKHEF-H 89/17,
 'New Algorithms for One-loop Integrals', by G.J. van
 Oldenborgh and J.A.M. Vermaseren, published in 
 Zeitschrift fuer Physik C46(1990)425.
 ====================================================
 
total number of errors and warnings
===================================
fferr: no errors
 
