
  Welcome to Resummino git-latest
  Copyright 2008-2010 Jonathan Debove.
  Copyright 2011-2014 David R. Lamprea.
  Copyright 2011-2016 Marcel Rothering.

  Licensed under the EUPL 1.1 or later.
  See http://www.resummino.org/ for more information.

  If using Resummino for slepton pair production, please cite.
  - G. Bozzi, B. Fuks, M. Klasen, PRD 74, 015001 (2006); NPB 777, 157 (2007); NPB 794, 46 (2007).
  - B. Fuks, M. Klasen, D. R. Lamprea, M. Rothering, EPJC 73, 2480 (2013).

  For gaugino pair production, please cite:
  - J. Debove, B. Fuks, M. Klasen, PLB 688, 208 (2010); NPB 842, 51 (2011); NPB 849, 64 (2011).
  - B. Fuks, M. Klasen, D. R. Lamprea, M. Rothering, JHEP 1210, 081 (2012); EPJC 73, 2480 (2013).

  For associated gaugino gluino production, please cite:
  - B. Fuks, M. Klasen, M. Rothering, JHEP 07:053, (2016).
  - B. Fuks, M. Klasen, D. R. Lamprea, M. Rothering, EPJC 73, 2480 (2013).

LHAPDF 6.2.3 loading /pool/condor/dir_11677/resummino-releases/lhapdf-prefix/share/LHAPDF/PDF4LHC21_40/PDF4LHC21_40_0000.dat
PDF4LHC21_40 PDF set, member #0, version 1
 alpha_s(M_Z^2) = 0.1180 	 for LO PDF set 
 alpha_s(1400.000^2) = 0.0837 	 for LO PDF set 

********************
* LO cross section *
********************
The limits of integration are:

xl[0]=0.000000    xu[0]=1.000000
xl[1]=0.000000    xu[1]=1.000000
xl[2]=0.000000    xu[2]=1.000000

num_dim=3, calls=2000, it_num=1, max_it_num=5 verb=0, alph=1.50,
mode=0, bins=50, boxes=1

       single.......iteration                   accumulated......results   
iteration     integral    sigma             integral         sigma     chi-sq/it

   1        6.3425e-05   2.50e-06          6.3425e-05      2.50e-06    0.00e+00
   2        6.9438e-05   8.35e-07          6.8836e-05      7.92e-07    5.19e+00
   3        6.9687e-05   4.36e-07          6.9489e-05      3.82e-07    3.04e+00
   4        6.9155e-05   4.05e-07          6.9332e-05      2.78e-07    2.15e+00
   5        6.9203e-05   4.03e-07          6.9290e-05      2.29e-07    1.63e+00

num_dim=3, calls=20000, it_num=1, max_it_num=5 verb=0, alph=1.50,
mode=0, bins=50, boxes=1

       single.......iteration                   accumulated......results   
iteration     integral    sigma             integral         sigma     chi-sq/it

   1        6.9637e-05   1.25e-07          6.9637e-05      1.25e-07    0.00e+00
   2        6.9546e-05   1.21e-07          6.9589e-05      8.68e-08    2.74e-01
   3        6.9594e-05   1.16e-07          6.9591e-05      6.96e-08    1.38e-01
   4        6.9596e-05   1.24e-07          6.9592e-05      6.07e-08    9.23e-02
   5        6.9368e-05   1.28e-07          6.9551e-05      5.48e-08    6.98e-01
   5        6.9301e-05   1.26e-07          6.9511e-05      5.02e-08    1.22e+00
   5        6.9481e-05   1.25e-07          6.9507e-05      4.66e-08    1.03e+00
   5        6.9298e-05   1.29e-07          6.9483e-05      4.39e-08    1.21e+00
   5        6.9449e-05   1.32e-07          6.9480e-05      4.16e-08    1.07e+00
   5        6.9288e-05   1.34e-07          6.9463e-05      3.98e-08    1.16e+00
   5        6.9506e-05   1.37e-07          6.9466e-05      3.82e-08    1.05e+00
   5        6.9501e-05   1.41e-07          6.9468e-05      3.68e-08    9.59e-01
   5        6.9622e-05   1.46e-07          6.9478e-05      3.57e-08    9.65e-01
   5        6.9562e-05   1.54e-07          6.9482e-05      3.48e-08    9.13e-01
   5        6.9665e-05   1.61e-07          6.9490e-05      3.40e-08    9.35e-01
   5        6.9388e-05   1.66e-07          6.9486e-05      3.33e-08    8.97e-01
   5        6.9275e-05   1.70e-07          6.9478e-05      3.27e-08    9.33e-01
   5        6.9634e-05   1.77e-07          6.9483e-05      3.22e-08    9.23e-01
   5        6.9662e-05   1.86e-07          6.9488e-05      3.17e-08    9.21e-01
   5        6.9603e-05   1.91e-07          6.9492e-05      3.13e-08    8.91e-01
   5        6.9183e-05   1.99e-07          6.9484e-05      3.09e-08    9.63e-01
   5        6.9623e-05   2.08e-07          6.9487e-05      3.05e-08    9.38e-01
   5        6.9588e-05   2.10e-07          6.9489e-05      3.02e-08    9.06e-01
   5        6.9664e-05   2.15e-07          6.9493e-05      2.99e-08    8.94e-01
   5        6.9695e-05   2.17e-07          6.9496e-05      2.97e-08    8.93e-01
   5        6.9235e-05   2.12e-07          6.9491e-05      2.94e-08    9.17e-01
   5        6.9852e-05   2.22e-07          6.9498e-05      2.91e-08    9.81e-01
   5        6.9454e-05   2.23e-07          6.9497e-05      2.89e-08    9.46e-01
   5        6.9545e-05   2.33e-07          6.9498e-05      2.86e-08    9.13e-01
   5        6.9576e-05   2.26e-07          6.9499e-05      2.84e-08    8.86e-01
   5        6.9487e-05   2.27e-07          6.9499e-05      2.82e-08    8.57e-01
   5        6.9561e-05   2.35e-07          6.9500e-05      2.80e-08    8.31e-01
   5        6.9727e-05   2.34e-07          6.9503e-05      2.78e-08    8.34e-01
   5        6.9357e-05   2.37e-07          6.9501e-05      2.76e-08    8.20e-01
   5        6.9126e-05   2.34e-07          6.9496e-05      2.74e-08    8.71e-01
   5        6.9777e-05   2.41e-07          6.9499e-05      2.72e-08    8.84e-01
   5        6.9003e-05   2.47e-07          6.9493e-05      2.71e-08    9.70e-01
   5        6.9213e-05   2.54e-07          6.9490e-05      2.69e-08    9.77e-01
   5        6.9534e-05   2.56e-07          6.9491e-05      2.68e-08    9.52e-01
   5        6.9401e-05   2.58e-07          6.9490e-05      2.66e-08    9.30e-01
   5        6.9449e-05   2.51e-07          6.9489e-05      2.65e-08    9.08e-01
   5        6.9268e-05   2.57e-07          6.9487e-05      2.64e-08    9.03e-01
   5        7.0245e-05   2.68e-07          6.9494e-05      2.62e-08    1.07e+00
   5        6.9632e-05   2.48e-07          6.9496e-05      2.61e-08    1.05e+00
   5        6.9138e-05   2.52e-07          6.9492e-05      2.59e-08    1.07e+00
   5        6.9452e-05   2.54e-07          6.9491e-05      2.58e-08    1.05e+00
   5        6.9798e-05   2.55e-07          6.9495e-05      2.57e-08    1.06e+00
   5        6.8940e-05   2.56e-07          6.9489e-05      2.55e-08    1.14e+00
   5        7.0007e-05   2.59e-07          6.9494e-05      2.54e-08    1.19e+00
   5        6.9914e-05   2.67e-07          6.9498e-05      2.53e-08    1.22e+00
   5        6.9476e-05   2.67e-07          6.9498e-05      2.52e-08    1.20e+00
   5        6.9185e-05   2.71e-07          6.9495e-05      2.51e-08    1.20e+00
   5        6.9557e-05   2.59e-07          6.9495e-05      2.50e-08    1.18e+00
   5        6.9725e-05   2.60e-07          6.9498e-05      2.49e-08    1.17e+00
   5        6.9755e-05   2.50e-07          6.9500e-05      2.47e-08    1.17e+00
LO = (6.9500114e-05 +- 2.4733872e-08) pb
LHAPDF 6.2.3 loading /pool/condor/dir_11677/resummino-releases/lhapdf-prefix/share/LHAPDF/PDF4LHC21_40/PDF4LHC21_40_0007.dat
PDF4LHC21_40 PDF set, member #7, version 1
 alpha_s(M_Z^2) = 0.1180 	 for NLO PDF set 
 alpha_s(1400.000^2) = 0.0837 	 for NLO PDF set 

********************
* LO cross section *
********************
The limits of integration are:

xl[0]=0.000000    xu[0]=1.000000
xl[1]=0.000000    xu[1]=1.000000
xl[2]=0.000000    xu[2]=1.000000

num_dim=3, calls=2000, it_num=1, max_it_num=5 verb=0, alph=1.50,
mode=0, bins=50, boxes=1

       single.......iteration                   accumulated......results   
iteration     integral    sigma             integral         sigma     chi-sq/it

   1        5.7619e-05   2.44e-06          5.7619e-05      2.44e-06    0.00e+00
   2        6.3263e-05   8.98e-07          6.2590e-05      8.43e-07    4.71e+00
   3        6.3587e-05   5.76e-07          6.3269e-05      4.76e-07    2.83e+00
   4        6.3296e-05   5.36e-07          6.3281e-05      3.56e-07    1.89e+00
   5        6.3044e-05   5.43e-07          6.3210e-05      2.97e-07    1.45e+00

num_dim=3, calls=20000, it_num=1, max_it_num=5 verb=0, alph=1.50,
mode=0, bins=50, boxes=1

       single.......iteration                   accumulated......results   
iteration     integral    sigma             integral         sigma     chi-sq/it

   1        6.3559e-05   1.62e-07          6.3559e-05      1.62e-07    0.00e+00
   2        6.3695e-05   1.55e-07          6.3630e-05      1.12e-07    3.67e-01
   3        6.3823e-05   1.54e-07          6.3697e-05      9.06e-08    6.95e-01
   4        6.3695e-05   1.55e-07          6.3696e-05      7.83e-08    4.63e-01
   5        6.3430e-05   1.62e-07          6.3646e-05      7.05e-08    8.97e-01
   5        6.3471e-05   1.57e-07          6.3616e-05      6.43e-08    9.26e-01
   5        6.3466e-05   1.68e-07          6.3597e-05      6.00e-08    8.88e-01
   5        6.3377e-05   1.64e-07          6.3571e-05      5.64e-08    9.87e-01
   5        6.3493e-05   1.64e-07          6.3563e-05      5.33e-08    8.89e-01
   5        6.3174e-05   1.67e-07          6.3527e-05      5.08e-08    1.34e+00
   5        6.3632e-05   1.65e-07          6.3536e-05      4.86e-08    1.24e+00
   5        6.3575e-05   1.68e-07          6.3539e-05      4.67e-08    1.13e+00
   5        6.3635e-05   1.75e-07          6.3545e-05      4.51e-08    1.06e+00
   5        6.3565e-05   1.77e-07          6.3547e-05      4.37e-08    9.79e-01
   5        6.3711e-05   1.78e-07          6.3556e-05      4.24e-08    9.66e-01
   5        6.3432e-05   1.82e-07          6.3550e-05      4.13e-08    9.31e-01
   5        6.3521e-05   1.83e-07          6.3548e-05      4.03e-08    8.74e-01
   5        6.3582e-05   1.94e-07          6.3550e-05      3.95e-08    8.25e-01
   5        6.3907e-05   1.91e-07          6.3564e-05      3.86e-08    9.66e-01
   5        6.3880e-05   1.94e-07          6.3576e-05      3.79e-08    1.05e+00
   5        6.3384e-05   1.98e-07          6.3570e-05      3.72e-08    1.04e+00
   5        6.3655e-05   2.08e-07          6.3572e-05      3.66e-08    1.00e+00
   5        6.3606e-05   2.14e-07          6.3573e-05      3.61e-08    9.56e-01
   5        6.3733e-05   2.12e-07          6.3578e-05      3.56e-08    9.38e-01
   5        6.3819e-05   2.18e-07          6.3584e-05      3.51e-08    9.49e-01
   5        6.3249e-05   2.18e-07          6.3575e-05      3.47e-08    1.00e+00
   5        6.3892e-05   2.23e-07          6.3583e-05      3.43e-08    1.04e+00
   5        6.3527e-05   2.27e-07          6.3582e-05      3.39e-08    1.00e+00
   5        6.3623e-05   2.36e-07          6.3583e-05      3.36e-08    9.69e-01
   5        6.3635e-05   2.32e-07          6.3584e-05      3.32e-08    9.37e-01
   5        6.3429e-05   2.30e-07          6.3580e-05      3.29e-08    9.21e-01
   5        6.3539e-05   2.39e-07          6.3580e-05      3.26e-08    8.92e-01
   5        6.3796e-05   2.37e-07          6.3584e-05      3.23e-08    8.89e-01
   5        6.3370e-05   2.38e-07          6.3580e-05      3.20e-08    8.86e-01
   5        6.3236e-05   2.36e-07          6.3574e-05      3.17e-08    9.22e-01
   5        6.3938e-05   2.37e-07          6.3580e-05      3.14e-08    9.62e-01
   5        6.2988e-05   2.51e-07          6.3571e-05      3.12e-08    1.09e+00
   5        6.3384e-05   2.47e-07          6.3568e-05      3.09e-08    1.07e+00
   5        6.3684e-05   2.49e-07          6.3570e-05      3.07e-08    1.05e+00
   5        6.3396e-05   2.52e-07          6.3567e-05      3.04e-08    1.04e+00
   5        6.3589e-05   2.49e-07          6.3567e-05      3.02e-08    1.01e+00
   5        6.3312e-05   2.53e-07          6.3564e-05      3.00e-08    1.01e+00
   5        6.4163e-05   2.61e-07          6.3572e-05      2.98e-08    1.11e+00
   5        6.3697e-05   2.50e-07          6.3573e-05      2.96e-08    1.09e+00
   5        6.3034e-05   2.56e-07          6.3566e-05      2.94e-08    1.16e+00
   5        6.3621e-05   2.51e-07          6.3567e-05      2.92e-08    1.14e+00
   5        6.3702e-05   2.55e-07          6.3569e-05      2.90e-08    1.12e+00
   5        6.3018e-05   2.54e-07          6.3562e-05      2.88e-08    1.20e+00
   5        6.4033e-05   2.62e-07          6.3567e-05      2.87e-08    1.24e+00
   5        6.3792e-05   2.61e-07          6.3570e-05      2.85e-08    1.23e+00
   5        6.3447e-05   2.54e-07          6.3568e-05      2.83e-08    1.21e+00
   5        6.3233e-05   2.53e-07          6.3564e-05      2.81e-08    1.22e+00
   5        6.3697e-05   2.53e-07          6.3566e-05      2.80e-08    1.20e+00
   5        6.3643e-05   2.65e-07          6.3567e-05      2.78e-08    1.18e+00
   5        6.4033e-05   2.50e-07          6.3572e-05      2.76e-08    1.22e+00
LO = (6.3572457e-05 +- 2.7636850e-08) pb

*******************************************
* virtual corrections + integrated dipole *
*******************************************
The limits of integration are:

xl[0]=0.000000    xu[0]=1.000000
xl[1]=0.000000    xu[1]=1.000000
xl[2]=0.000000    xu[2]=1.000000

num_dim=3, calls=240, it_num=1, max_it_num=5 verb=0, alph=1.50,
mode=0, bins=50, boxes=1

       single.......iteration                   accumulated......results   
iteration     integral    sigma             integral         sigma     chi-sq/it

   1        2.0951e-06   2.62e-07          2.0951e-06      2.62e-07    0.00e+00
   2        2.1935e-06   1.18e-07          2.1769e-06      1.08e-07    1.17e-01
   3        2.2608e-06   8.63e-08          2.2280e-06      6.74e-08    2.43e-01
   4        2.2815e-06   5.12e-08          2.2619e-06      4.08e-08    2.95e-01
   5        2.3434e-06   7.13e-08          2.2820e-06      3.54e-08    4.67e-01

num_dim=3, calls=1200, it_num=1, max_it_num=3 verb=0, alph=1.50,
mode=0, bins=50, boxes=1

       single.......iteration                   accumulated......results   
iteration     integral    sigma             integral         sigma     chi-sq/it

   1        2.1869e-06   2.98e-08          2.1869e-06      2.98e-08    0.00e+00
   2        2.2416e-06   2.82e-08          2.2157e-06      2.05e-08    1.77e+00
   3        2.2151e-06   2.75e-08          2.2155e-06      1.64e-08    8.87e-01
vNLO = (2.2154991e-06 +- 1.6424141e-08) pb

*****************************
* collinear remainder (P+K) *
*****************************
The limits of integration are:

xl[0]=0.000000    xu[0]=1.000000
xl[1]=0.000000    xu[1]=1.000000
xl[2]=0.000000    xu[2]=1.000000
xl[3]=0.000000    xu[3]=1.000000

num_dim=4, calls=2500, it_num=1, max_it_num=5 verb=0, alph=1.50,
mode=0, bins=50, boxes=1

       single.......iteration                   accumulated......results   
iteration     integral    sigma             integral         sigma     chi-sq/it

   1        1.0663e-05   7.78e-07          1.0663e-05      7.78e-07    0.00e+00
   2        1.0658e-05   2.16e-07          1.0658e-05      2.09e-07    3.17e-05
   3        1.0077e-05   1.61e-07          1.0294e-05      1.27e-07    2.44e+00
   4        1.0497e-05   1.33e-07          1.0391e-05      9.19e-08    2.04e+00
   5        1.0381e-05   1.30e-07          1.0388e-05      7.50e-08    1.53e+00

num_dim=4, calls=25000, it_num=1, max_it_num=3 verb=0, alph=1.50,
mode=0, bins=50, boxes=1

       single.......iteration                   accumulated......results   
iteration     integral    sigma             integral         sigma     chi-sq/it

   1        1.0253e-05   4.37e-08          1.0253e-05      4.37e-08    0.00e+00
   2        1.0226e-05   4.39e-08          1.0240e-05      3.10e-08    2.01e-01
   3        1.0216e-05   4.33e-08          1.0232e-05      2.52e-08    2.01e-01
   3        1.0238e-05   4.32e-08          1.0233e-05      2.18e-08    1.40e-01
   3        1.0182e-05   4.44e-08          1.0223e-05      1.95e-08    3.73e-01
   3        1.0165e-05   4.36e-08          1.0214e-05      1.78e-08    6.00e-01
P+K = (1.0213537e-05 +- 1.7832284e-08) pb

********************************
* real gluon emission - dipole *
********************************
The limits of integration are:

xl[0]=0.000000    xu[0]=1.000000
xl[1]=0.000000    xu[1]=1.000000
xl[2]=0.000000    xu[2]=1.000000
xl[3]=0.000000    xu[3]=1.000000
xl[4]=0.000000    xu[4]=1.000000
xl[5]=0.000000    xu[5]=1.000000

num_dim=6, calls=250, it_num=1, max_it_num=5 verb=0, alph=1.50,
mode=0, bins=50, boxes=1

       single.......iteration                   accumulated......results   
iteration     integral    sigma             integral         sigma     chi-sq/it

   1        -8.8002e-08   2.17e-08          -8.8002e-08      2.17e-08    0.00e+00
   2        -8.8747e-08   2.03e-08          -8.8399e-08      1.48e-08    6.32e-04
   3        -1.0196e-07   1.31e-08          -9.5995e-08      9.81e-09    2.36e-01
   4        -1.2019e-07   1.59e-08          -1.0269e-07      8.34e-09    7.18e-01
   5        -1.0023e-07   1.26e-08          -1.0194e-07      6.95e-09    5.45e-01

num_dim=6, calls=2500, it_num=1, max_it_num=3 verb=0, alph=1.50,
mode=0, bins=50, boxes=1

       single.......iteration                   accumulated......results   
iteration     integral    sigma             integral         sigma     chi-sq/it

   1        -1.0630e-07   3.04e-09          -1.0630e-07      3.04e-09    0.00e+00
   2        -1.0318e-07   1.98e-09          -1.0411e-07      1.66e-09    7.39e-01
   3        -1.0178e-07   1.80e-09          -1.0304e-07      1.22e-09    8.23e-01
rNLOg = (-1.0304079e-07 +- 1.2187398e-09) pb

**************************************************
* real light quark emission - dipole - (onshell) *
**************************************************
The limits of integration are:

xl[0]=0.000000    xu[0]=1.000000
xl[1]=0.000000    xu[1]=1.000000
xl[2]=0.000000    xu[2]=1.000000
xl[3]=0.000000    xu[3]=1.000000
xl[4]=0.000000    xu[4]=1.000000
xl[5]=0.000000    xu[5]=1.000000

num_dim=6, calls=5000, it_num=1, max_it_num=5 verb=0, alph=1.50,
mode=0, bins=50, boxes=1

       single.......iteration                   accumulated......results   
iteration     integral    sigma             integral         sigma     chi-sq/it

   1        3.0957e-07   1.53e-08          3.0957e-07      1.53e-08    0.00e+00
   2        3.0646e-07   6.25e-09          3.0691e-07      5.79e-09    3.55e-02
   3        3.0684e-07   3.52e-09          3.0686e-07      3.01e-09    1.78e-02
   4        3.0734e-07   2.13e-09          3.0718e-07      1.74e-09    1.76e-02
   5        3.0688e-07   1.72e-09          3.0703e-07      1.22e-09    1.70e-02

num_dim=6, calls=50000, it_num=1, max_it_num=5 verb=0, alph=1.50,
mode=0, bins=50, boxes=1

       single.......iteration                   accumulated......results   
iteration     integral    sigma             integral         sigma     chi-sq/it

   1        3.0680e-07   5.33e-10          3.0680e-07      5.33e-10    0.00e+00
   2        3.0750e-07   6.87e-10          3.0706e-07      4.21e-10    6.56e-01
   3        3.0804e-07   7.26e-10          3.0731e-07      3.64e-10    1.01e+00
   4        3.0745e-07   5.84e-10          3.0735e-07      3.09e-10    6.86e-01
   5        3.0764e-07   6.36e-10          3.0740e-07      2.78e-10    5.59e-01
rNLOq = (3.0740374e-07 +- 2.7801753e-10) pb
NLO = (7.6205857e-05 +- 3.6784519e-08) pb
#chisq/dof = 2.64596e-09
#status = success
#chisq/dof = 2.69962e-09
#status = success
#chisq/dof = 1.05018e-09
#status = success
#chisq/dof = 1.6368e-09
#status = success
#chisq/dof = 1.9752e-10
#status = the iteration has not converged yet
#chisq/dof = 4.46184e-12
#status = success
#chisq/dof = 1.90746e-10
#status = success
#chisq/dof = 5.68521e-11
#status = success

*******************************************************
* threshold resummation (unimproved nnll) - expansion *
*******************************************************
The limits of integration are:

xl[0]=0.000000    xu[0]=1.000000
xl[1]=0.000000    xu[1]=1.000000
xl[2]=0.000000    xu[2]=1.000000

num_dim=3, calls=7000, it_num=1, max_it_num=5 verb=0, alph=1.50,
mode=0, bins=50, boxes=1

       single.......iteration                   accumulated......results   
iteration     integral    sigma             integral         sigma     chi-sq/it

   1        1.3289e-06   5.18e-08          1.3289e-06      5.18e-08    0.00e+00
   2        1.3525e-06   2.93e-08          1.3468e-06      2.55e-08    1.58e-01
   3        1.3331e-06   2.78e-08          1.3405e-06      1.88e-08    1.45e-01
   4        1.3757e-06   2.72e-08          1.3518e-06      1.55e-08    4.73e-01
   5        1.3064e-06   2.76e-08          1.3410e-06      1.35e-08    8.69e-01

num_dim=3, calls=35000, it_num=1, max_it_num=5 verb=0, alph=1.50,
mode=0, bins=50, boxes=1

       single.......iteration                   accumulated......results   
iteration     integral    sigma             integral         sigma     chi-sq/it

   1        1.3249e-06   1.21e-08          1.3249e-06      1.21e-08    0.00e+00
   2        1.3370e-06   1.22e-08          1.3309e-06      8.60e-09    4.96e-01
   3        1.3613e-06   1.21e-08          1.3410e-06      7.02e-09    2.33e+00
   4        1.3310e-06   1.23e-08          1.3386e-06      6.09e-09    1.72e+00
   5        1.3480e-06   1.22e-08          1.3405e-06      5.45e-09    1.41e+00
aNNLO+NNLL = (7.7546309e-05 +- 3.7185977e-08) pb

Results:
LO = (6.9500114e-05 +- 2.4733872e-08) pb
NLO = (7.6205857e-05 +- 3.6784519e-08) pb
aNNLO+NNLL = (7.7546309e-05 +- 3.7185977e-08) pb
Thanks for using LHAPDF 6.2.3. Please make sure to cite the paper:
  Eur.Phys.J. C75 (2015) 3, 132  (http://arxiv.org/abs/1412.7420)
 ====================================================
   FF 2.0, a package to evaluate one-loop integrals
 written by G. J. van Oldenborgh, NIKHEF-H, Amsterdam
 ====================================================
 for the algorithms used see preprint NIKHEF-H 89/17,
 'New Algorithms for One-loop Integrals', by G.J. van
 Oldenborgh and J.A.M. Vermaseren, published in 
 Zeitschrift fuer Physik C46(1990)425.
 ====================================================
 
total number of errors and warnings
===================================
fferr: no errors
 
