
  Welcome to Resummino git-latest
  Copyright 2008-2010 Jonathan Debove.
  Copyright 2011-2014 David R. Lamprea.
  Copyright 2011-2016 Marcel Rothering.

  Licensed under the EUPL 1.1 or later.
  See http://www.resummino.org/ for more information.

  If using Resummino for slepton pair production, please cite.
  - G. Bozzi, B. Fuks, M. Klasen, PRD 74, 015001 (2006); NPB 777, 157 (2007); NPB 794, 46 (2007).
  - B. Fuks, M. Klasen, D. R. Lamprea, M. Rothering, EPJC 73, 2480 (2013).

  For gaugino pair production, please cite:
  - J. Debove, B. Fuks, M. Klasen, PLB 688, 208 (2010); NPB 842, 51 (2011); NPB 849, 64 (2011).
  - B. Fuks, M. Klasen, D. R. Lamprea, M. Rothering, JHEP 1210, 081 (2012); EPJC 73, 2480 (2013).

  For associated gaugino gluino production, please cite:
  - B. Fuks, M. Klasen, M. Rothering, JHEP 07:053, (2016).
  - B. Fuks, M. Klasen, D. R. Lamprea, M. Rothering, EPJC 73, 2480 (2013).

LHAPDF 6.2.3 loading /pool/condor/dir_699/resummino-releases/lhapdf-prefix/share/LHAPDF/PDF4LHC21_40/PDF4LHC21_40_0000.dat
PDF4LHC21_40 PDF set, member #0, version 1
 alpha_s(M_Z^2) = 0.1180 	 for LO PDF set 
 alpha_s(500.000^2) = 0.0940 	 for LO PDF set 

********************
* LO cross section *
********************
The limits of integration are:

xl[0]=0.000000    xu[0]=1.000000
xl[1]=0.000000    xu[1]=1.000000
xl[2]=0.000000    xu[2]=1.000000

num_dim=3, calls=2000, it_num=1, max_it_num=5 verb=0, alph=1.50,
mode=0, bins=50, boxes=1

       single.......iteration                   accumulated......results   
iteration     integral    sigma             integral         sigma     chi-sq/it

   1        2.0316e-02   7.89e-04          2.0316e-02      7.89e-04    0.00e+00
   2        2.1861e-02   2.65e-04          2.1705e-02      2.51e-04    3.45e+00
   3        2.1964e-02   1.55e-04          2.1893e-02      1.32e-04    2.11e+00
   4        2.1759e-02   1.47e-04          2.1833e-02      9.83e-05    1.56e+00
   5        2.1803e-02   1.50e-04          2.1824e-02      8.21e-05    1.18e+00

num_dim=3, calls=20000, it_num=1, max_it_num=5 verb=0, alph=1.50,
mode=0, bins=50, boxes=1

       single.......iteration                   accumulated......results   
iteration     integral    sigma             integral         sigma     chi-sq/it

   1        2.1980e-02   4.60e-05          2.1980e-02      4.60e-05    0.00e+00
   2        2.1941e-02   4.45e-05          2.1960e-02      3.20e-05    3.66e-01
   3        2.1950e-02   4.35e-05          2.1956e-02      2.58e-05    2.01e-01
   4        2.1954e-02   4.58e-05          2.1956e-02      2.25e-05    1.34e-01
   5        2.1883e-02   4.61e-05          2.1942e-02      2.02e-05    5.99e-01
   5        2.1855e-02   4.61e-05          2.1928e-02      1.85e-05    1.07e+00
   5        2.1901e-02   4.55e-05          2.1924e-02      1.71e-05    9.43e-01
   5        2.1846e-02   4.70e-05          2.1915e-02      1.61e-05    1.15e+00
   5        2.1905e-02   4.76e-05          2.1914e-02      1.53e-05    1.01e+00
   5        2.1845e-02   4.85e-05          2.1908e-02      1.45e-05    1.10e+00
   5        2.1933e-02   4.90e-05          2.1910e-02      1.39e-05    1.02e+00
   5        2.1917e-02   5.02e-05          2.1910e-02      1.34e-05    9.26e-01
   5        2.1949e-02   5.16e-05          2.1913e-02      1.30e-05    8.93e-01
   5        2.1967e-02   5.43e-05          2.1916e-02      1.26e-05    8.97e-01
   5        2.1977e-02   5.59e-05          2.1919e-02      1.23e-05    9.14e-01
   5        2.1880e-02   5.72e-05          2.1917e-02      1.21e-05    8.82e-01
   5        2.1874e-02   5.87e-05          2.1915e-02      1.18e-05    8.58e-01
   5        2.1947e-02   6.05e-05          2.1917e-02      1.16e-05    8.23e-01
   5        2.1977e-02   6.34e-05          2.1918e-02      1.14e-05    8.27e-01
   5        2.1979e-02   6.46e-05          2.1920e-02      1.12e-05    8.28e-01
   5        2.1805e-02   6.59e-05          2.1917e-02      1.11e-05    9.37e-01
   5        2.1982e-02   6.78e-05          2.1919e-02      1.09e-05    9.35e-01
   5        2.1940e-02   6.86e-05          2.1919e-02      1.08e-05    8.96e-01
   5        2.1971e-02   7.03e-05          2.1920e-02      1.07e-05    8.80e-01
   5        2.1993e-02   7.03e-05          2.1922e-02      1.05e-05    8.87e-01
   5        2.1813e-02   6.94e-05          2.1920e-02      1.04e-05    9.48e-01
   5        2.2034e-02   7.20e-05          2.1922e-02      1.03e-05    1.01e+00
   5        2.1914e-02   7.23e-05          2.1922e-02      1.02e-05    9.69e-01
   5        2.1954e-02   7.56e-05          2.1922e-02      1.01e-05    9.41e-01
   5        2.1937e-02   7.30e-05          2.1923e-02      1.00e-05    9.10e-01
   5        2.1897e-02   7.29e-05          2.1922e-02      9.93e-06    8.83e-01
   5        2.1930e-02   7.51e-05          2.1922e-02      9.85e-06    8.55e-01
   5        2.1995e-02   7.55e-05          2.1924e-02      9.76e-06    8.57e-01
   5        2.1874e-02   7.58e-05          2.1923e-02      9.68e-06    8.44e-01
   5        2.1778e-02   7.49e-05          2.1920e-02      9.60e-06    9.28e-01
   5        2.2003e-02   7.72e-05          2.1922e-02      9.53e-06    9.33e-01
   5        2.1799e-02   8.02e-05          2.1920e-02      9.46e-06    9.72e-01
   5        2.1864e-02   8.26e-05          2.1919e-02      9.40e-06    9.58e-01
   5        2.1931e-02   8.24e-05          2.1919e-02      9.34e-06    9.33e-01
   5        2.1879e-02   8.24e-05          2.1919e-02      9.28e-06    9.15e-01
   5        2.1888e-02   8.20e-05          2.1918e-02      9.22e-06    8.96e-01
   5        2.1832e-02   8.30e-05          2.1917e-02      9.17e-06    9.00e-01
   5        2.2147e-02   8.59e-05          2.1920e-02      9.11e-06    1.05e+00
   5        2.1973e-02   7.90e-05          2.1921e-02      9.05e-06    1.03e+00
   5        2.1776e-02   7.96e-05          2.1919e-02      9.00e-06    1.08e+00
   5        2.1914e-02   7.96e-05          2.1919e-02      8.94e-06    1.06e+00
   5        2.2020e-02   8.14e-05          2.1920e-02      8.89e-06    1.07e+00
   5        2.1739e-02   8.24e-05          2.1918e-02      8.83e-06    1.15e+00
   5        2.2076e-02   8.31e-05          2.1920e-02      8.79e-06    1.20e+00
   5        2.2034e-02   8.56e-05          2.1921e-02      8.74e-06    1.21e+00
   5        2.1902e-02   8.53e-05          2.1921e-02      8.69e-06    1.19e+00
   5        2.1831e-02   8.70e-05          2.1920e-02      8.65e-06    1.18e+00
   5        2.1950e-02   8.25e-05          2.1920e-02      8.60e-06    1.16e+00
   5        2.1983e-02   8.30e-05          2.1921e-02      8.56e-06    1.15e+00
   5        2.1994e-02   7.97e-05          2.1922e-02      8.51e-06    1.15e+00
LO = (2.1921573e-02 +- 8.5087830e-06) pb
LHAPDF 6.2.3 loading /pool/condor/dir_699/resummino-releases/lhapdf-prefix/share/LHAPDF/PDF4LHC21_40/PDF4LHC21_40_0034.dat
PDF4LHC21_40 PDF set, member #34, version 1
 alpha_s(M_Z^2) = 0.1180 	 for NLO PDF set 
 alpha_s(500.000^2) = 0.0940 	 for NLO PDF set 

********************
* LO cross section *
********************
The limits of integration are:

xl[0]=0.000000    xu[0]=1.000000
xl[1]=0.000000    xu[1]=1.000000
xl[2]=0.000000    xu[2]=1.000000

num_dim=3, calls=2000, it_num=1, max_it_num=5 verb=0, alph=1.50,
mode=0, bins=50, boxes=1

       single.......iteration                   accumulated......results   
iteration     integral    sigma             integral         sigma     chi-sq/it

   1        2.0468e-02   7.91e-04          2.0468e-02      7.91e-04    0.00e+00
   2        2.2025e-02   2.68e-04          2.1865e-02      2.54e-04    3.48e+00
   3        2.2120e-02   1.56e-04          2.2050e-02      1.33e-04    2.11e+00
   4        2.1912e-02   1.48e-04          2.1989e-02      9.87e-05    1.57e+00
   5        2.1964e-02   1.49e-04          2.1981e-02      8.22e-05    1.18e+00

num_dim=3, calls=20000, it_num=1, max_it_num=5 verb=0, alph=1.50,
mode=0, bins=50, boxes=1

       single.......iteration                   accumulated......results   
iteration     integral    sigma             integral         sigma     chi-sq/it

   1        2.2137e-02   4.58e-05          2.2137e-02      4.58e-05    0.00e+00
   2        2.2095e-02   4.44e-05          2.2115e-02      3.19e-05    4.26e-01
   3        2.2103e-02   4.33e-05          2.2111e-02      2.57e-05    2.40e-01
   4        2.2107e-02   4.56e-05          2.2110e-02      2.24e-05    1.62e-01
   5        2.2038e-02   4.61e-05          2.2096e-02      2.01e-05    6.09e-01
   5        2.2007e-02   4.60e-05          2.2082e-02      1.84e-05    1.12e+00
   5        2.2060e-02   4.55e-05          2.2079e-02      1.71e-05    9.62e-01
   5        2.1999e-02   4.70e-05          2.2069e-02      1.61e-05    1.19e+00
   5        2.2061e-02   4.76e-05          2.2069e-02      1.52e-05    1.04e+00
   5        2.2002e-02   4.84e-05          2.2063e-02      1.45e-05    1.12e+00
   5        2.2087e-02   4.89e-05          2.2065e-02      1.39e-05    1.03e+00
   5        2.2073e-02   5.01e-05          2.2065e-02      1.34e-05    9.40e-01
   5        2.2104e-02   5.15e-05          2.2068e-02      1.30e-05    9.07e-01
   5        2.2122e-02   5.43e-05          2.2071e-02      1.26e-05    9.09e-01
   5        2.2133e-02   5.57e-05          2.2074e-02      1.23e-05    9.29e-01
   5        2.2035e-02   5.71e-05          2.2072e-02      1.20e-05    8.97e-01
   5        2.2026e-02   5.87e-05          2.2070e-02      1.18e-05    8.77e-01
   5        2.2104e-02   6.05e-05          2.2071e-02      1.16e-05    8.43e-01
   5        2.2131e-02   6.33e-05          2.2073e-02      1.14e-05    8.44e-01
   5        2.2129e-02   6.47e-05          2.2075e-02      1.12e-05    8.38e-01
   5        2.1957e-02   6.62e-05          2.2072e-02      1.11e-05    9.50e-01
   5        2.2137e-02   6.80e-05          2.2073e-02      1.09e-05    9.48e-01
   5        2.2097e-02   6.88e-05          2.2074e-02      1.08e-05    9.10e-01
   5        2.2128e-02   7.05e-05          2.2075e-02      1.07e-05    8.96e-01
   5        2.2147e-02   7.07e-05          2.2077e-02      1.05e-05    9.01e-01
   5        2.1968e-02   6.97e-05          2.2074e-02      1.04e-05    9.61e-01
   5        2.2189e-02   7.24e-05          2.2077e-02      1.03e-05    1.02e+00
   5        2.2070e-02   7.27e-05          2.2076e-02      1.02e-05    9.81e-01
   5        2.2111e-02   7.60e-05          2.2077e-02      1.01e-05    9.54e-01
   5        2.2091e-02   7.33e-05          2.2077e-02      1.00e-05    9.22e-01
   5        2.2052e-02   7.31e-05          2.2077e-02      9.93e-06    8.95e-01
   5        2.2088e-02   7.53e-05          2.2077e-02      9.84e-06    8.67e-01
   5        2.2149e-02   7.58e-05          2.2078e-02      9.76e-06    8.68e-01
   5        2.2029e-02   7.61e-05          2.2077e-02      9.68e-06    8.54e-01
   5        2.1933e-02   7.54e-05          2.2075e-02      9.60e-06    9.35e-01
   5        2.2156e-02   7.78e-05          2.2076e-02      9.53e-06    9.38e-01
   5        2.1955e-02   8.05e-05          2.2075e-02      9.46e-06    9.75e-01
   5        2.2014e-02   8.26e-05          2.2074e-02      9.40e-06    9.63e-01
   5        2.2084e-02   8.28e-05          2.2074e-02      9.34e-06    9.38e-01
   5        2.2037e-02   8.30e-05          2.2074e-02      9.28e-06    9.19e-01
   5        2.2033e-02   8.23e-05          2.2073e-02      9.22e-06    9.02e-01
   5        2.1987e-02   8.41e-05          2.2072e-02      9.17e-06    9.05e-01
   5        2.2307e-02   8.65e-05          2.2075e-02      9.12e-06    1.06e+00
   5        2.2128e-02   7.86e-05          2.2075e-02      9.06e-06    1.04e+00
   5        2.1939e-02   7.89e-05          2.2074e-02      9.00e-06    1.09e+00
   5        2.2065e-02   7.95e-05          2.2073e-02      8.94e-06    1.06e+00
   5        2.2172e-02   8.13e-05          2.2075e-02      8.89e-06    1.07e+00
   5        2.1902e-02   8.19e-05          2.2073e-02      8.84e-06    1.14e+00
   5        2.2228e-02   8.24e-05          2.2074e-02      8.79e-06    1.19e+00
   5        2.2189e-02   8.53e-05          2.2076e-02      8.74e-06    1.20e+00
   5        2.2058e-02   8.47e-05          2.2075e-02      8.69e-06    1.18e+00
   5        2.1988e-02   8.63e-05          2.2075e-02      8.65e-06    1.18e+00
   5        2.2103e-02   8.27e-05          2.2075e-02      8.60e-06    1.16e+00
   5        2.2144e-02   8.36e-05          2.2076e-02      8.56e-06    1.15e+00
   5        2.2141e-02   8.03e-05          2.2076e-02      8.51e-06    1.14e+00
LO = (2.2076309e-02 +- 8.5093130e-06) pb

*******************************************
* virtual corrections + integrated dipole *
*******************************************
The limits of integration are:

xl[0]=0.000000    xu[0]=1.000000
xl[1]=0.000000    xu[1]=1.000000
xl[2]=0.000000    xu[2]=1.000000

num_dim=3, calls=240, it_num=1, max_it_num=5 verb=0, alph=1.50,
mode=0, bins=50, boxes=1

       single.......iteration                   accumulated......results   
iteration     integral    sigma             integral         sigma     chi-sq/it

   1        8.4378e-04   9.72e-05          8.4378e-04      9.72e-05    0.00e+00
   2        8.6368e-04   3.91e-05          8.6091e-04      3.63e-05    3.61e-02
   3        8.9871e-04   2.78e-05          8.8475e-04      2.21e-05    3.60e-01
   4        9.0753e-04   2.40e-05          8.9518e-04      1.62e-05    4.03e-01
   5        9.1978e-04   2.21e-05          9.0381e-04      1.31e-05    5.03e-01

num_dim=3, calls=1200, it_num=1, max_it_num=3 verb=0, alph=1.50,
mode=0, bins=50, boxes=1

       single.......iteration                   accumulated......results   
iteration     integral    sigma             integral         sigma     chi-sq/it

   1        8.5910e-04   9.44e-06          8.5910e-04      9.44e-06    0.00e+00
   2        8.7819e-04   8.15e-06          8.7004e-04      6.17e-06    2.34e+00
   3        8.7376e-04   7.80e-06          8.7147e-04      4.84e-06    1.24e+00
vNLO = (8.7147277e-04 +- 4.8379616e-06) pb

*****************************
* collinear remainder (P+K) *
*****************************
The limits of integration are:

xl[0]=0.000000    xu[0]=1.000000
xl[1]=0.000000    xu[1]=1.000000
xl[2]=0.000000    xu[2]=1.000000
xl[3]=0.000000    xu[3]=1.000000

num_dim=4, calls=2500, it_num=1, max_it_num=5 verb=0, alph=1.50,
mode=0, bins=50, boxes=1

       single.......iteration                   accumulated......results   
iteration     integral    sigma             integral         sigma     chi-sq/it

   1        2.4910e-03   2.01e-04          2.4910e-03      2.01e-04    0.00e+00
   2        2.4608e-03   7.23e-05          2.4643e-03      6.80e-05    2.00e-02
   3        2.4157e-03   6.03e-05          2.4371e-03      4.51e-05    1.53e-01
   4        2.4231e-03   5.86e-05          2.4319e-03      3.58e-05    1.14e-01
   5        2.4867e-03   5.95e-05          2.4464e-03      3.07e-05    2.41e-01

num_dim=4, calls=25000, it_num=1, max_it_num=3 verb=0, alph=1.50,
mode=0, bins=50, boxes=1

       single.......iteration                   accumulated......results   
iteration     integral    sigma             integral         sigma     chi-sq/it

   1        2.3710e-03   1.87e-05          2.3710e-03      1.87e-05    0.00e+00
   2        2.3784e-03   1.84e-05          2.3747e-03      1.31e-05    8.01e-02
   3        2.3812e-03   1.83e-05          2.3769e-03      1.07e-05    8.06e-02
   3        2.3792e-03   1.82e-05          2.3775e-03      9.20e-06    5.75e-02
   3        2.3933e-03   1.83e-05          2.3807e-03      8.22e-06    1.93e-01
   3        2.3503e-03   1.85e-05          2.3757e-03      7.51e-06    6.06e-01
   3        2.3718e-03   1.84e-05          2.3751e-03      6.96e-06    5.11e-01
P+K = (2.3751164e-03 +- 6.9556710e-06) pb

********************************
* real gluon emission - dipole *
********************************
The limits of integration are:

xl[0]=0.000000    xu[0]=1.000000
xl[1]=0.000000    xu[1]=1.000000
xl[2]=0.000000    xu[2]=1.000000
xl[3]=0.000000    xu[3]=1.000000
xl[4]=0.000000    xu[4]=1.000000
xl[5]=0.000000    xu[5]=1.000000

num_dim=6, calls=250, it_num=1, max_it_num=5 verb=0, alph=1.50,
mode=0, bins=50, boxes=1

       single.......iteration                   accumulated......results   
iteration     integral    sigma             integral         sigma     chi-sq/it

   1        -9.2502e-05   1.88e-05          -9.2502e-05      1.88e-05    0.00e+00
   2        -1.0248e-04   1.86e-05          -9.7561e-05      1.32e-05    1.42e-01
   3        -1.0713e-04   1.32e-05          -1.0234e-04      9.35e-06    2.02e-01
   4        -1.1123e-04   1.36e-05          -1.0521e-04      7.70e-06    2.32e-01
   5        -1.1496e-04   8.89e-06          -1.0939e-04      5.82e-06    3.46e-01

num_dim=6, calls=2500, it_num=1, max_it_num=3 verb=0, alph=1.50,
mode=0, bins=50, boxes=1

       single.......iteration                   accumulated......results   
iteration     integral    sigma             integral         sigma     chi-sq/it

   1        -1.0870e-04   2.40e-06          -1.0870e-04      2.40e-06    0.00e+00
   2        -1.0880e-04   1.48e-06          -1.0877e-04      1.26e-06    1.27e-03
   3        -1.0788e-04   1.24e-06          -1.0832e-04      8.82e-07    1.28e-01
   3        -1.0813e-04   1.14e-06          -1.0825e-04      6.99e-07    9.12e-02
   3        -1.0936e-04   1.11e-06          -1.0857e-04      5.92e-07    2.48e-01
   3        -1.0827e-04   1.00e-06          -1.0849e-04      5.09e-07    2.12e-01
   3        -1.0839e-04   1.01e-06          -1.0847e-04      4.55e-07    1.78e-01
   3        -1.0927e-04   9.66e-07          -1.0861e-04      4.12e-07    2.32e-01
   3        -1.0793e-04   9.06e-07          -1.0850e-04      3.75e-07    2.62e-01
   3        -1.0924e-04   9.20e-07          -1.0860e-04      3.47e-07    2.95e-01
   3        -1.0823e-04   9.29e-07          -1.0856e-04      3.25e-07    2.79e-01
   3        -1.0728e-04   9.27e-07          -1.0842e-04      3.07e-07    4.06e-01
   3        -1.0899e-04   9.06e-07          -1.0848e-04      2.91e-07    4.03e-01
   3        -1.0908e-04   9.00e-07          -1.0853e-04      2.77e-07    4.03e-01
   3        -1.0735e-04   8.81e-07          -1.0843e-04      2.64e-07    4.93e-01
   3        -1.0924e-04   9.89e-07          -1.0848e-04      2.55e-07    5.02e-01
rNLOg = (-1.0848140e-04 +- 2.5494648e-07) pb

**************************************************
* real light quark emission - dipole - (onshell) *
**************************************************
The limits of integration are:

xl[0]=0.000000    xu[0]=1.000000
xl[1]=0.000000    xu[1]=1.000000
xl[2]=0.000000    xu[2]=1.000000
xl[3]=0.000000    xu[3]=1.000000
xl[4]=0.000000    xu[4]=1.000000
xl[5]=0.000000    xu[5]=1.000000

num_dim=6, calls=5000, it_num=1, max_it_num=5 verb=0, alph=1.50,
mode=0, bins=50, boxes=1

       single.......iteration                   accumulated......results   
iteration     integral    sigma             integral         sigma     chi-sq/it

   1        3.0008e-04   1.74e-05          3.0008e-04      1.74e-05    0.00e+00
   2        3.0186e-04   5.66e-06          3.0169e-04      5.39e-06    9.44e-03
   3        2.9741e-04   3.05e-06          2.9845e-04      2.66e-06    2.44e-01
   4        2.9936e-04   2.29e-06          2.9897e-04      1.73e-06    1.85e-01
   5        2.9878e-04   2.00e-06          2.9889e-04      1.31e-06    1.40e-01

num_dim=6, calls=50000, it_num=1, max_it_num=5 verb=0, alph=1.50,
mode=0, bins=50, boxes=1

       single.......iteration                   accumulated......results   
iteration     integral    sigma             integral         sigma     chi-sq/it

   1        2.9789e-04   6.22e-07          2.9789e-04      6.22e-07    0.00e+00
   2        2.9899e-04   6.97e-07          2.9838e-04      4.64e-07    1.41e+00
   3        2.9960e-04   7.50e-07          2.9872e-04      3.95e-07    1.67e+00
   4        2.9898e-04   6.57e-07          2.9879e-04      3.38e-07    1.15e+00
   5        2.9932e-04   7.19e-07          2.9888e-04      3.06e-07    9.79e-01
rNLOq = (2.9888449e-04 +- 3.0608910e-07) pb
NLO = (2.5513302e-02 +- 1.2014755e-05) pb
#chisq/dof = 7.25873e-09
#status = success
#chisq/dof = 6.72653e-09
#status = success
#chisq/dof = 8.68014e-10
#status = success
#chisq/dof = 1.82897e-08
#status = success
#chisq/dof = 1.41962e-09
#status = success
#chisq/dof = 3.28992e-12
#status = success
#chisq/dof = 6.06407e-10
#status = success
#chisq/dof = 9.40364e-11
#status = success

*******************************************************
* threshold resummation (unimproved nnll) - expansion *
*******************************************************
The limits of integration are:

xl[0]=0.000000    xu[0]=1.000000
xl[1]=0.000000    xu[1]=1.000000
xl[2]=0.000000    xu[2]=1.000000

num_dim=3, calls=7000, it_num=1, max_it_num=5 verb=0, alph=1.50,
mode=0, bins=50, boxes=1

       single.......iteration                   accumulated......results   
iteration     integral    sigma             integral         sigma     chi-sq/it

   1        1.7037e-04   2.14e-05          1.7037e-04      2.14e-05    0.00e+00
   2        1.5783e-04   7.68e-06          1.5926e-04      7.23e-06    3.04e-01
   3        1.5191e-04   6.84e-06          1.5538e-04      4.97e-06    4.24e-01
   4        1.7261e-04   6.76e-06          1.6142e-04      4.00e-06    1.69e+00
   5        1.5098e-04   6.91e-06          1.5879e-04      3.46e-06    1.69e+00

num_dim=3, calls=35000, it_num=1, max_it_num=5 verb=0, alph=1.50,
mode=0, bins=50, boxes=1

       single.......iteration                   accumulated......results   
iteration     integral    sigma             integral         sigma     chi-sq/it

   1        1.5505e-04   3.05e-06          1.5505e-04      3.05e-06    0.00e+00
   2        1.5998e-04   3.08e-06          1.5749e-04      2.17e-06    1.30e+00
   3        1.5931e-04   3.07e-06          1.5810e-04      1.77e-06    7.66e-01
   4        1.5511e-04   3.10e-06          1.5736e-04      1.54e-06    7.44e-01
   5        1.6411e-04   3.07e-06          1.5872e-04      1.37e-06    1.52e+00
   5        1.5609e-04   3.07e-06          1.5828e-04      1.25e-06    1.34e+00
aNNLO+NNLL = (2.5671582e-02 +- 1.2080087e-05) pb

Results:
LO = (2.1921573e-02 +- 8.5087830e-06) pb
NLO = (2.5513302e-02 +- 1.2014755e-05) pb
aNNLO+NNLL = (2.5671582e-02 +- 1.2080087e-05) pb
Thanks for using LHAPDF 6.2.3. Please make sure to cite the paper:
  Eur.Phys.J. C75 (2015) 3, 132  (http://arxiv.org/abs/1412.7420)
 ====================================================
   FF 2.0, a package to evaluate one-loop integrals
 written by G. J. van Oldenborgh, NIKHEF-H, Amsterdam
 ====================================================
 for the algorithms used see preprint NIKHEF-H 89/17,
 'New Algorithms for One-loop Integrals', by G.J. van
 Oldenborgh and J.A.M. Vermaseren, published in 
 Zeitschrift fuer Physik C46(1990)425.
 ====================================================
 
total number of errors and warnings
===================================
fferr: no errors
 
