
  Welcome to Resummino git-latest
  Copyright 2008-2010 Jonathan Debove.
  Copyright 2011-2014 David R. Lamprea.
  Copyright 2011-2016 Marcel Rothering.

  Licensed under the EUPL 1.1 or later.
  See http://www.resummino.org/ for more information.

  If using Resummino for slepton pair production, please cite.
  - G. Bozzi, B. Fuks, M. Klasen, PRD 74, 015001 (2006); NPB 777, 157 (2007); NPB 794, 46 (2007).
  - B. Fuks, M. Klasen, D. R. Lamprea, M. Rothering, EPJC 73, 2480 (2013).

  For gaugino pair production, please cite:
  - J. Debove, B. Fuks, M. Klasen, PLB 688, 208 (2010); NPB 842, 51 (2011); NPB 849, 64 (2011).
  - B. Fuks, M. Klasen, D. R. Lamprea, M. Rothering, JHEP 1210, 081 (2012); EPJC 73, 2480 (2013).

  For associated gaugino gluino production, please cite:
  - B. Fuks, M. Klasen, M. Rothering, JHEP 07:053, (2016).
  - B. Fuks, M. Klasen, D. R. Lamprea, M. Rothering, EPJC 73, 2480 (2013).

LHAPDF 6.2.3 loading /pool/condor/dir_33451/resummino-releases/lhapdf-prefix/share/LHAPDF/PDF4LHC21_40/PDF4LHC21_40_0000.dat
PDF4LHC21_40 PDF set, member #0, version 1
 alpha_s(M_Z^2) = 0.1180 	 for LO PDF set 
 alpha_s(500.000^2) = 0.0940 	 for LO PDF set 

********************
* LO cross section *
********************
The limits of integration are:

xl[0]=0.000000    xu[0]=1.000000
xl[1]=0.000000    xu[1]=1.000000
xl[2]=0.000000    xu[2]=1.000000

num_dim=3, calls=2000, it_num=1, max_it_num=5 verb=0, alph=1.50,
mode=0, bins=50, boxes=1

       single.......iteration                   accumulated......results   
iteration     integral    sigma             integral         sigma     chi-sq/it

   1        2.0316e-02   7.89e-04          2.0316e-02      7.89e-04    0.00e+00
   2        2.1861e-02   2.65e-04          2.1705e-02      2.51e-04    3.45e+00
   3        2.1964e-02   1.55e-04          2.1893e-02      1.32e-04    2.11e+00
   4        2.1759e-02   1.47e-04          2.1833e-02      9.83e-05    1.56e+00
   5        2.1803e-02   1.50e-04          2.1824e-02      8.21e-05    1.18e+00

num_dim=3, calls=20000, it_num=1, max_it_num=5 verb=0, alph=1.50,
mode=0, bins=50, boxes=1

       single.......iteration                   accumulated......results   
iteration     integral    sigma             integral         sigma     chi-sq/it

   1        2.1980e-02   4.60e-05          2.1980e-02      4.60e-05    0.00e+00
   2        2.1941e-02   4.45e-05          2.1960e-02      3.20e-05    3.66e-01
   3        2.1950e-02   4.35e-05          2.1956e-02      2.58e-05    2.01e-01
   4        2.1954e-02   4.58e-05          2.1956e-02      2.25e-05    1.34e-01
   5        2.1883e-02   4.61e-05          2.1942e-02      2.02e-05    5.99e-01
   5        2.1855e-02   4.61e-05          2.1928e-02      1.85e-05    1.07e+00
   5        2.1901e-02   4.55e-05          2.1924e-02      1.71e-05    9.43e-01
   5        2.1846e-02   4.70e-05          2.1915e-02      1.61e-05    1.15e+00
   5        2.1905e-02   4.76e-05          2.1914e-02      1.53e-05    1.01e+00
   5        2.1845e-02   4.85e-05          2.1908e-02      1.45e-05    1.10e+00
   5        2.1933e-02   4.90e-05          2.1910e-02      1.39e-05    1.02e+00
   5        2.1917e-02   5.02e-05          2.1910e-02      1.34e-05    9.26e-01
   5        2.1949e-02   5.16e-05          2.1913e-02      1.30e-05    8.93e-01
   5        2.1967e-02   5.43e-05          2.1916e-02      1.26e-05    8.97e-01
   5        2.1977e-02   5.59e-05          2.1919e-02      1.23e-05    9.14e-01
   5        2.1880e-02   5.72e-05          2.1917e-02      1.21e-05    8.82e-01
   5        2.1874e-02   5.87e-05          2.1915e-02      1.18e-05    8.58e-01
   5        2.1947e-02   6.05e-05          2.1917e-02      1.16e-05    8.23e-01
   5        2.1977e-02   6.34e-05          2.1918e-02      1.14e-05    8.27e-01
   5        2.1979e-02   6.46e-05          2.1920e-02      1.12e-05    8.28e-01
   5        2.1805e-02   6.59e-05          2.1917e-02      1.11e-05    9.37e-01
   5        2.1982e-02   6.78e-05          2.1919e-02      1.09e-05    9.35e-01
   5        2.1940e-02   6.86e-05          2.1919e-02      1.08e-05    8.96e-01
   5        2.1971e-02   7.03e-05          2.1920e-02      1.07e-05    8.80e-01
   5        2.1993e-02   7.03e-05          2.1922e-02      1.05e-05    8.87e-01
   5        2.1813e-02   6.94e-05          2.1920e-02      1.04e-05    9.48e-01
   5        2.2034e-02   7.20e-05          2.1922e-02      1.03e-05    1.01e+00
   5        2.1914e-02   7.23e-05          2.1922e-02      1.02e-05    9.69e-01
   5        2.1954e-02   7.56e-05          2.1922e-02      1.01e-05    9.41e-01
   5        2.1937e-02   7.30e-05          2.1923e-02      1.00e-05    9.10e-01
   5        2.1897e-02   7.29e-05          2.1922e-02      9.93e-06    8.83e-01
   5        2.1930e-02   7.51e-05          2.1922e-02      9.85e-06    8.55e-01
   5        2.1995e-02   7.55e-05          2.1924e-02      9.76e-06    8.57e-01
   5        2.1874e-02   7.58e-05          2.1923e-02      9.68e-06    8.44e-01
   5        2.1778e-02   7.49e-05          2.1920e-02      9.60e-06    9.28e-01
   5        2.2003e-02   7.72e-05          2.1922e-02      9.53e-06    9.33e-01
   5        2.1799e-02   8.02e-05          2.1920e-02      9.46e-06    9.72e-01
   5        2.1864e-02   8.26e-05          2.1919e-02      9.40e-06    9.58e-01
   5        2.1931e-02   8.24e-05          2.1919e-02      9.34e-06    9.33e-01
   5        2.1879e-02   8.24e-05          2.1919e-02      9.28e-06    9.15e-01
   5        2.1888e-02   8.20e-05          2.1918e-02      9.22e-06    8.96e-01
   5        2.1832e-02   8.30e-05          2.1917e-02      9.17e-06    9.00e-01
   5        2.2147e-02   8.59e-05          2.1920e-02      9.11e-06    1.05e+00
   5        2.1973e-02   7.90e-05          2.1921e-02      9.05e-06    1.03e+00
   5        2.1776e-02   7.96e-05          2.1919e-02      9.00e-06    1.08e+00
   5        2.1914e-02   7.96e-05          2.1919e-02      8.94e-06    1.06e+00
   5        2.2020e-02   8.14e-05          2.1920e-02      8.89e-06    1.07e+00
   5        2.1739e-02   8.24e-05          2.1918e-02      8.83e-06    1.15e+00
   5        2.2076e-02   8.31e-05          2.1920e-02      8.79e-06    1.20e+00
   5        2.2034e-02   8.56e-05          2.1921e-02      8.74e-06    1.21e+00
   5        2.1902e-02   8.53e-05          2.1921e-02      8.69e-06    1.19e+00
   5        2.1831e-02   8.70e-05          2.1920e-02      8.65e-06    1.18e+00
   5        2.1950e-02   8.25e-05          2.1920e-02      8.60e-06    1.16e+00
   5        2.1983e-02   8.30e-05          2.1921e-02      8.56e-06    1.15e+00
   5        2.1994e-02   7.97e-05          2.1922e-02      8.51e-06    1.15e+00
LO = (2.1921573e-02 +- 8.5087830e-06) pb
LHAPDF 6.2.3 loading /pool/condor/dir_33451/resummino-releases/lhapdf-prefix/share/LHAPDF/PDF4LHC21_40/PDF4LHC21_40_0027.dat
PDF4LHC21_40 PDF set, member #27, version 1
 alpha_s(M_Z^2) = 0.1180 	 for NLO PDF set 
 alpha_s(500.000^2) = 0.0940 	 for NLO PDF set 

********************
* LO cross section *
********************
The limits of integration are:

xl[0]=0.000000    xu[0]=1.000000
xl[1]=0.000000    xu[1]=1.000000
xl[2]=0.000000    xu[2]=1.000000

num_dim=3, calls=2000, it_num=1, max_it_num=5 verb=0, alph=1.50,
mode=0, bins=50, boxes=1

       single.......iteration                   accumulated......results   
iteration     integral    sigma             integral         sigma     chi-sq/it

   1        2.0293e-02   7.88e-04          2.0293e-02      7.88e-04    0.00e+00
   2        2.1832e-02   2.65e-04          2.1676e-02      2.51e-04    3.43e+00
   3        2.1934e-02   1.55e-04          2.1863e-02      1.32e-04    2.10e+00
   4        2.1729e-02   1.47e-04          2.1803e-02      9.82e-05    1.55e+00
   5        2.1773e-02   1.49e-04          2.1794e-02      8.20e-05    1.17e+00

num_dim=3, calls=20000, it_num=1, max_it_num=5 verb=0, alph=1.50,
mode=0, bins=50, boxes=1

       single.......iteration                   accumulated......results   
iteration     integral    sigma             integral         sigma     chi-sq/it

   1        2.1950e-02   4.59e-05          2.1950e-02      4.59e-05    0.00e+00
   2        2.1912e-02   4.45e-05          2.1930e-02      3.20e-05    3.65e-01
   3        2.1920e-02   4.34e-05          2.1927e-02      2.57e-05    2.01e-01
   4        2.1925e-02   4.58e-05          2.1926e-02      2.24e-05    1.35e-01
   5        2.1854e-02   4.61e-05          2.1912e-02      2.02e-05    5.98e-01
   5        2.1826e-02   4.61e-05          2.1898e-02      1.85e-05    1.07e+00
   5        2.1872e-02   4.55e-05          2.1895e-02      1.71e-05    9.41e-01
   5        2.1817e-02   4.70e-05          2.1886e-02      1.61e-05    1.15e+00
   5        2.1876e-02   4.76e-05          2.1885e-02      1.52e-05    1.01e+00
   5        2.1816e-02   4.84e-05          2.1878e-02      1.45e-05    1.10e+00
   5        2.1903e-02   4.89e-05          2.1880e-02      1.39e-05    1.01e+00
   5        2.1888e-02   5.01e-05          2.1881e-02      1.34e-05    9.23e-01
   5        2.1920e-02   5.15e-05          2.1883e-02      1.30e-05    8.90e-01
   5        2.1938e-02   5.43e-05          2.1886e-02      1.26e-05    8.94e-01
   5        2.1947e-02   5.58e-05          2.1889e-02      1.23e-05    9.11e-01
   5        2.1851e-02   5.72e-05          2.1888e-02      1.20e-05    8.79e-01
   5        2.1845e-02   5.87e-05          2.1886e-02      1.18e-05    8.56e-01
   5        2.1917e-02   6.04e-05          2.1887e-02      1.16e-05    8.21e-01
   5        2.1947e-02   6.33e-05          2.1889e-02      1.14e-05    8.24e-01
   5        2.1949e-02   6.45e-05          2.1891e-02      1.12e-05    8.24e-01
   5        2.1775e-02   6.58e-05          2.1888e-02      1.11e-05    9.33e-01
   5        2.1952e-02   6.77e-05          2.1889e-02      1.09e-05    9.31e-01
   5        2.1910e-02   6.85e-05          2.1890e-02      1.08e-05    8.93e-01
   5        2.1942e-02   7.02e-05          2.1891e-02      1.07e-05    8.78e-01
   5        2.1963e-02   7.02e-05          2.1893e-02      1.05e-05    8.84e-01
   5        2.1784e-02   6.93e-05          2.1890e-02      1.04e-05    9.45e-01
   5        2.2004e-02   7.19e-05          2.1892e-02      1.03e-05    1.00e+00
   5        2.1885e-02   7.23e-05          2.1892e-02      1.02e-05    9.67e-01
   5        2.1925e-02   7.55e-05          2.1893e-02      1.01e-05    9.39e-01
   5        2.1907e-02   7.30e-05          2.1893e-02      1.00e-05    9.08e-01
   5        2.1868e-02   7.28e-05          2.1893e-02      9.92e-06    8.81e-01
   5        2.1901e-02   7.50e-05          2.1893e-02      9.84e-06    8.53e-01
   5        2.1966e-02   7.54e-05          2.1894e-02      9.75e-06    8.55e-01
   5        2.1844e-02   7.58e-05          2.1893e-02      9.67e-06    8.42e-01
   5        2.1748e-02   7.49e-05          2.1891e-02      9.59e-06    9.26e-01
   5        2.1973e-02   7.71e-05          2.1892e-02      9.52e-06    9.31e-01
   5        2.1769e-02   8.02e-05          2.1890e-02      9.45e-06    9.70e-01
   5        2.1835e-02   8.25e-05          2.1890e-02      9.39e-06    9.56e-01
   5        2.1902e-02   8.23e-05          2.1890e-02      9.33e-06    9.31e-01
   5        2.1850e-02   8.24e-05          2.1889e-02      9.27e-06    9.13e-01
   5        2.1858e-02   8.19e-05          2.1889e-02      9.21e-06    8.94e-01
   5        2.1803e-02   8.30e-05          2.1888e-02      9.16e-06    8.98e-01
   5        2.2117e-02   8.58e-05          2.1890e-02      9.11e-06    1.04e+00
   5        2.1944e-02   7.89e-05          2.1891e-02      9.05e-06    1.03e+00
   5        2.1748e-02   7.95e-05          2.1889e-02      8.99e-06    1.08e+00
   5        2.1884e-02   7.96e-05          2.1889e-02      8.93e-06    1.06e+00
   5        2.1990e-02   8.13e-05          2.1890e-02      8.88e-06    1.07e+00
   5        2.1710e-02   8.23e-05          2.1888e-02      8.83e-06    1.14e+00
   5        2.2046e-02   8.30e-05          2.1890e-02      8.78e-06    1.20e+00
   5        2.2004e-02   8.55e-05          2.1891e-02      8.73e-06    1.21e+00
   5        2.1873e-02   8.52e-05          2.1891e-02      8.69e-06    1.18e+00
   5        2.1802e-02   8.69e-05          2.1890e-02      8.64e-06    1.18e+00
   5        2.1921e-02   8.24e-05          2.1891e-02      8.60e-06    1.16e+00
   5        2.1953e-02   8.29e-05          2.1891e-02      8.55e-06    1.15e+00
   5        2.1963e-02   7.96e-05          2.1892e-02      8.50e-06    1.14e+00
LO = (2.1892069e-02 +- 8.5011369e-06) pb

*******************************************
* virtual corrections + integrated dipole *
*******************************************
The limits of integration are:

xl[0]=0.000000    xu[0]=1.000000
xl[1]=0.000000    xu[1]=1.000000
xl[2]=0.000000    xu[2]=1.000000

num_dim=3, calls=240, it_num=1, max_it_num=5 verb=0, alph=1.50,
mode=0, bins=50, boxes=1

       single.......iteration                   accumulated......results   
iteration     integral    sigma             integral         sigma     chi-sq/it

   1        8.3703e-04   9.68e-05          8.3703e-04      9.68e-05    0.00e+00
   2        8.5626e-04   3.90e-05          8.5357e-04      3.62e-05    3.40e-02
   3        8.8891e-04   2.75e-05          8.7595e-04      2.19e-05    3.19e-01
   4        8.9952e-04   2.36e-05          8.8684e-04      1.61e-05    3.91e-01
   5        9.1164e-04   2.20e-05          8.9547e-04      1.30e-05    5.00e-01

num_dim=3, calls=1200, it_num=1, max_it_num=3 verb=0, alph=1.50,
mode=0, bins=50, boxes=1

       single.......iteration                   accumulated......results   
iteration     integral    sigma             integral         sigma     chi-sq/it

   1        8.5178e-04   9.47e-06          8.5178e-04      9.47e-06    0.00e+00
   2        8.7035e-04   8.16e-06          8.6243e-04      6.18e-06    2.21e+00
   3        8.6588e-04   7.79e-06          8.6376e-04      4.84e-06    1.16e+00
vNLO = (8.6376300e-04 +- 4.8428042e-06) pb

*****************************
* collinear remainder (P+K) *
*****************************
The limits of integration are:

xl[0]=0.000000    xu[0]=1.000000
xl[1]=0.000000    xu[1]=1.000000
xl[2]=0.000000    xu[2]=1.000000
xl[3]=0.000000    xu[3]=1.000000

num_dim=4, calls=2500, it_num=1, max_it_num=5 verb=0, alph=1.50,
mode=0, bins=50, boxes=1

       single.......iteration                   accumulated......results   
iteration     integral    sigma             integral         sigma     chi-sq/it

   1        2.4713e-03   2.00e-04          2.4713e-03      2.00e-04    0.00e+00
   2        2.4436e-03   7.17e-05          2.4467e-03      6.75e-05    1.71e-02
   3        2.3974e-03   5.99e-05          2.4191e-03      4.48e-05    1.58e-01
   4        2.4042e-03   5.82e-05          2.4136e-03      3.55e-05    1.19e-01
   5        2.4664e-03   5.91e-05          2.4276e-03      3.04e-05    2.36e-01

num_dim=4, calls=25000, it_num=1, max_it_num=3 verb=0, alph=1.50,
mode=0, bins=50, boxes=1

       single.......iteration                   accumulated......results   
iteration     integral    sigma             integral         sigma     chi-sq/it

   1        2.3517e-03   1.86e-05          2.3517e-03      1.86e-05    0.00e+00
   2        2.3588e-03   1.83e-05          2.3553e-03      1.30e-05    7.54e-02
   3        2.3617e-03   1.82e-05          2.3575e-03      1.06e-05    7.80e-02
   3        2.3597e-03   1.81e-05          2.3580e-03      9.14e-06    5.57e-02
   3        2.3741e-03   1.82e-05          2.3613e-03      8.17e-06    1.98e-01
   3        2.3309e-03   1.84e-05          2.3563e-03      7.46e-06    6.16e-01
   3        2.3525e-03   1.83e-05          2.3557e-03      6.91e-06    5.19e-01
P+K = (2.3557231e-03 +- 6.9108767e-06) pb

********************************
* real gluon emission - dipole *
********************************
The limits of integration are:

xl[0]=0.000000    xu[0]=1.000000
xl[1]=0.000000    xu[1]=1.000000
xl[2]=0.000000    xu[2]=1.000000
xl[3]=0.000000    xu[3]=1.000000
xl[4]=0.000000    xu[4]=1.000000
xl[5]=0.000000    xu[5]=1.000000

num_dim=6, calls=250, it_num=1, max_it_num=5 verb=0, alph=1.50,
mode=0, bins=50, boxes=1

       single.......iteration                   accumulated......results   
iteration     integral    sigma             integral         sigma     chi-sq/it

   1        -9.1167e-05   1.86e-05          -9.1167e-05      1.86e-05    0.00e+00
   2        -9.9578e-05   1.76e-05          -9.5609e-05      1.28e-05    1.07e-01
   3        -1.0841e-04   1.41e-05          -1.0139e-04      9.49e-06    2.79e-01
   4        -1.3632e-04   2.25e-05          -1.0665e-04      8.74e-06    8.67e-01
   5        -1.1014e-04   1.26e-05          -1.0779e-04      7.18e-06    6.63e-01

num_dim=6, calls=2500, it_num=1, max_it_num=3 verb=0, alph=1.50,
mode=0, bins=50, boxes=1

       single.......iteration                   accumulated......results   
iteration     integral    sigma             integral         sigma     chi-sq/it

   1        -1.0599e-04   3.32e-06          -1.0599e-04      3.32e-06    0.00e+00
   2        -1.0713e-04   1.96e-06          -1.0683e-04      1.69e-06    8.76e-02
   3        -1.0740e-04   1.35e-06          -1.0718e-04      1.06e-06    7.81e-02
   3        -1.0715e-04   1.16e-06          -1.0717e-04      7.83e-07    5.21e-02
   3        -1.0811e-04   1.04e-06          -1.0751e-04      6.25e-07    1.71e-01
   3        -1.0686e-04   9.56e-07          -1.0731e-04      5.23e-07    2.02e-01
   3        -1.0668e-04   9.95e-07          -1.0718e-04      4.63e-07    2.22e-01
   3        -1.0748e-04   9.62e-07          -1.0723e-04      4.17e-07    2.02e-01
   3        -1.0651e-04   9.08e-07          -1.0711e-04      3.79e-07    2.41e-01
   3        -1.0746e-04   9.18e-07          -1.0716e-04      3.50e-07    2.28e-01
   3        -1.0648e-04   9.25e-07          -1.0707e-04      3.28e-07    2.53e-01
   3        -1.0559e-04   9.24e-07          -1.0691e-04      3.09e-07    4.37e-01
   3        -1.0748e-04   9.05e-07          -1.0697e-04      2.92e-07    4.30e-01
   3        -1.0743e-04   9.00e-07          -1.0701e-04      2.78e-07    4.15e-01
   3        -1.0575e-04   8.85e-07          -1.0690e-04      2.65e-07    5.17e-01
rNLOg = (-1.0689757e-04 +- 2.6524894e-07) pb

**************************************************
* real light quark emission - dipole - (onshell) *
**************************************************
The limits of integration are:

xl[0]=0.000000    xu[0]=1.000000
xl[1]=0.000000    xu[1]=1.000000
xl[2]=0.000000    xu[2]=1.000000
xl[3]=0.000000    xu[3]=1.000000
xl[4]=0.000000    xu[4]=1.000000
xl[5]=0.000000    xu[5]=1.000000

num_dim=6, calls=5000, it_num=1, max_it_num=5 verb=0, alph=1.50,
mode=0, bins=50, boxes=1

       single.......iteration                   accumulated......results   
iteration     integral    sigma             integral         sigma     chi-sq/it

   1        2.9722e-04   1.73e-05          2.9722e-04      1.73e-05    0.00e+00
   2        2.9881e-04   5.57e-06          2.9866e-04      5.30e-06    7.67e-03
   3        2.9459e-04   3.00e-06          2.9558e-04      2.61e-06    2.28e-01
   4        2.9657e-04   2.27e-06          2.9614e-04      1.71e-06    1.79e-01
   5        2.9598e-04   1.99e-06          2.9608e-04      1.30e-06    1.35e-01

num_dim=6, calls=50000, it_num=1, max_it_num=5 verb=0, alph=1.50,
mode=0, bins=50, boxes=1

       single.......iteration                   accumulated......results   
iteration     integral    sigma             integral         sigma     chi-sq/it

   1        2.9510e-04   6.18e-07          2.9510e-04      6.18e-07    0.00e+00
   2        2.9622e-04   6.90e-07          2.9560e-04      4.60e-07    1.45e+00
   3        2.9679e-04   7.44e-07          2.9593e-04      3.91e-07    1.65e+00
   4        2.9620e-04   6.53e-07          2.9600e-04      3.36e-07    1.14e+00
   5        2.9654e-04   7.13e-07          2.9610e-04      3.04e-07    9.74e-01
rNLOq = (2.9609893e-04 +- 3.0370632e-07) pb
NLO = (2.5300757e-02 +- 1.1985195e-05) pb
#chisq/dof = 7.23097e-09
#status = success
#chisq/dof = 1.53285e-08
#status = success
#chisq/dof = 6.18921e-10
#status = success
#chisq/dof = 7.48125e-10
#status = success
#chisq/dof = 1.4366e-10
#status = success
#chisq/dof = 4.6818e-12
#status = success
#chisq/dof = 5.48907e-10
#status = success
#chisq/dof = 1.46015e-10
#status = success

*******************************************************
* threshold resummation (unimproved nnll) - expansion *
*******************************************************
The limits of integration are:

xl[0]=0.000000    xu[0]=1.000000
xl[1]=0.000000    xu[1]=1.000000
xl[2]=0.000000    xu[2]=1.000000

num_dim=3, calls=7000, it_num=1, max_it_num=5 verb=0, alph=1.50,
mode=0, bins=50, boxes=1

       single.......iteration                   accumulated......results   
iteration     integral    sigma             integral         sigma     chi-sq/it

   1        1.6904e-04   1.69e-05          1.6904e-04      1.69e-05    0.00e+00
   2        1.5466e-04   5.59e-06          1.5609e-04      5.31e-06    6.53e-01
   3        1.5515e-04   4.97e-06          1.5559e-04      3.63e-06    3.35e-01
   4        1.6720e-04   4.95e-06          1.5965e-04      2.93e-06    1.42e+00
   5        1.5648e-04   4.97e-06          1.5883e-04      2.52e-06    1.14e+00

num_dim=3, calls=35000, it_num=1, max_it_num=5 verb=0, alph=1.50,
mode=0, bins=50, boxes=1

       single.......iteration                   accumulated......results   
iteration     integral    sigma             integral         sigma     chi-sq/it

   1        1.5493e-04   2.21e-06          1.5493e-04      2.21e-06    0.00e+00
   2        1.5705e-04   2.25e-06          1.5597e-04      1.58e-06    4.52e-01
   3        1.5878e-04   2.23e-06          1.5691e-04      1.29e-06    7.57e-01
   4        1.5686e-04   2.25e-06          1.5690e-04      1.12e-06    5.05e-01
   5        1.6224e-04   2.22e-06          1.5797e-04      9.98e-07    1.54e+00
   5        1.5501e-04   2.23e-06          1.5748e-04      9.11e-07    1.52e+00
   5        1.5893e-04   2.22e-06          1.5769e-04      8.43e-07    1.33e+00
aNNLO+NNLL = (2.5458446e-02 +- 1.2014798e-05) pb

Results:
LO = (2.1921573e-02 +- 8.5087830e-06) pb
NLO = (2.5300757e-02 +- 1.1985195e-05) pb
aNNLO+NNLL = (2.5458446e-02 +- 1.2014798e-05) pb
Thanks for using LHAPDF 6.2.3. Please make sure to cite the paper:
  Eur.Phys.J. C75 (2015) 3, 132  (http://arxiv.org/abs/1412.7420)
 ====================================================
   FF 2.0, a package to evaluate one-loop integrals
 written by G. J. van Oldenborgh, NIKHEF-H, Amsterdam
 ====================================================
 for the algorithms used see preprint NIKHEF-H 89/17,
 'New Algorithms for One-loop Integrals', by G.J. van
 Oldenborgh and J.A.M. Vermaseren, published in 
 Zeitschrift fuer Physik C46(1990)425.
 ====================================================
 
total number of errors and warnings
===================================
fferr: no errors
 
