
  Welcome to Resummino git-latest
  Copyright 2008-2010 Jonathan Debove.
  Copyright 2011-2014 David R. Lamprea.
  Copyright 2011-2016 Marcel Rothering.

  Licensed under the EUPL 1.1 or later.
  See http://www.resummino.org/ for more information.

  If using Resummino for slepton pair production, please cite.
  - G. Bozzi, B. Fuks, M. Klasen, PRD 74, 015001 (2006); NPB 777, 157 (2007); NPB 794, 46 (2007).
  - B. Fuks, M. Klasen, D. R. Lamprea, M. Rothering, EPJC 73, 2480 (2013).

  For gaugino pair production, please cite:
  - J. Debove, B. Fuks, M. Klasen, PLB 688, 208 (2010); NPB 842, 51 (2011); NPB 849, 64 (2011).
  - B. Fuks, M. Klasen, D. R. Lamprea, M. Rothering, JHEP 1210, 081 (2012); EPJC 73, 2480 (2013).

  For associated gaugino gluino production, please cite:
  - B. Fuks, M. Klasen, M. Rothering, JHEP 07:053, (2016).
  - B. Fuks, M. Klasen, D. R. Lamprea, M. Rothering, EPJC 73, 2480 (2013).

LHAPDF 6.2.3 loading /pool/condor/dir_15141/resummino-releases/lhapdf-prefix/share/LHAPDF/PDF4LHC21_40/PDF4LHC21_40_0000.dat
PDF4LHC21_40 PDF set, member #0, version 1
 alpha_s(M_Z^2) = 0.1180 	 for LO PDF set 
 alpha_s(1400.000^2) = 0.0837 	 for LO PDF set 

********************
* LO cross section *
********************
The limits of integration are:

xl[0]=0.000000    xu[0]=1.000000
xl[1]=0.000000    xu[1]=1.000000
xl[2]=0.000000    xu[2]=1.000000

num_dim=3, calls=2000, it_num=1, max_it_num=5 verb=0, alph=1.50,
mode=0, bins=50, boxes=1

       single.......iteration                   accumulated......results   
iteration     integral    sigma             integral         sigma     chi-sq/it

   1        6.3425e-05   2.50e-06          6.3425e-05      2.50e-06    0.00e+00
   2        6.9438e-05   8.35e-07          6.8836e-05      7.92e-07    5.19e+00
   3        6.9687e-05   4.36e-07          6.9489e-05      3.82e-07    3.04e+00
   4        6.9155e-05   4.05e-07          6.9332e-05      2.78e-07    2.15e+00
   5        6.9203e-05   4.03e-07          6.9290e-05      2.29e-07    1.63e+00

num_dim=3, calls=20000, it_num=1, max_it_num=5 verb=0, alph=1.50,
mode=0, bins=50, boxes=1

       single.......iteration                   accumulated......results   
iteration     integral    sigma             integral         sigma     chi-sq/it

   1        6.9637e-05   1.25e-07          6.9637e-05      1.25e-07    0.00e+00
   2        6.9546e-05   1.21e-07          6.9589e-05      8.68e-08    2.74e-01
   3        6.9594e-05   1.16e-07          6.9591e-05      6.96e-08    1.38e-01
   4        6.9596e-05   1.24e-07          6.9592e-05      6.07e-08    9.23e-02
   5        6.9368e-05   1.28e-07          6.9551e-05      5.48e-08    6.98e-01
   5        6.9301e-05   1.26e-07          6.9511e-05      5.02e-08    1.22e+00
   5        6.9481e-05   1.25e-07          6.9507e-05      4.66e-08    1.03e+00
   5        6.9298e-05   1.29e-07          6.9483e-05      4.39e-08    1.21e+00
   5        6.9449e-05   1.32e-07          6.9480e-05      4.16e-08    1.07e+00
   5        6.9288e-05   1.34e-07          6.9463e-05      3.98e-08    1.16e+00
   5        6.9506e-05   1.37e-07          6.9466e-05      3.82e-08    1.05e+00
   5        6.9501e-05   1.41e-07          6.9468e-05      3.68e-08    9.59e-01
   5        6.9622e-05   1.46e-07          6.9478e-05      3.57e-08    9.65e-01
   5        6.9562e-05   1.54e-07          6.9482e-05      3.48e-08    9.13e-01
   5        6.9665e-05   1.61e-07          6.9490e-05      3.40e-08    9.35e-01
   5        6.9388e-05   1.66e-07          6.9486e-05      3.33e-08    8.97e-01
   5        6.9275e-05   1.70e-07          6.9478e-05      3.27e-08    9.33e-01
   5        6.9634e-05   1.77e-07          6.9483e-05      3.22e-08    9.23e-01
   5        6.9662e-05   1.86e-07          6.9488e-05      3.17e-08    9.21e-01
   5        6.9603e-05   1.91e-07          6.9492e-05      3.13e-08    8.91e-01
   5        6.9183e-05   1.99e-07          6.9484e-05      3.09e-08    9.63e-01
   5        6.9623e-05   2.08e-07          6.9487e-05      3.05e-08    9.38e-01
   5        6.9588e-05   2.10e-07          6.9489e-05      3.02e-08    9.06e-01
   5        6.9664e-05   2.15e-07          6.9493e-05      2.99e-08    8.94e-01
   5        6.9695e-05   2.17e-07          6.9496e-05      2.97e-08    8.93e-01
   5        6.9235e-05   2.12e-07          6.9491e-05      2.94e-08    9.17e-01
   5        6.9852e-05   2.22e-07          6.9498e-05      2.91e-08    9.81e-01
   5        6.9454e-05   2.23e-07          6.9497e-05      2.89e-08    9.46e-01
   5        6.9545e-05   2.33e-07          6.9498e-05      2.86e-08    9.13e-01
   5        6.9576e-05   2.26e-07          6.9499e-05      2.84e-08    8.86e-01
   5        6.9487e-05   2.27e-07          6.9499e-05      2.82e-08    8.57e-01
   5        6.9561e-05   2.35e-07          6.9500e-05      2.80e-08    8.31e-01
   5        6.9727e-05   2.34e-07          6.9503e-05      2.78e-08    8.34e-01
   5        6.9357e-05   2.37e-07          6.9501e-05      2.76e-08    8.20e-01
   5        6.9126e-05   2.34e-07          6.9496e-05      2.74e-08    8.71e-01
   5        6.9777e-05   2.41e-07          6.9499e-05      2.72e-08    8.84e-01
   5        6.9003e-05   2.47e-07          6.9493e-05      2.71e-08    9.70e-01
   5        6.9213e-05   2.54e-07          6.9490e-05      2.69e-08    9.77e-01
   5        6.9534e-05   2.56e-07          6.9491e-05      2.68e-08    9.52e-01
   5        6.9401e-05   2.58e-07          6.9490e-05      2.66e-08    9.30e-01
   5        6.9449e-05   2.51e-07          6.9489e-05      2.65e-08    9.08e-01
   5        6.9268e-05   2.57e-07          6.9487e-05      2.64e-08    9.03e-01
   5        7.0245e-05   2.68e-07          6.9494e-05      2.62e-08    1.07e+00
   5        6.9632e-05   2.48e-07          6.9496e-05      2.61e-08    1.05e+00
   5        6.9138e-05   2.52e-07          6.9492e-05      2.59e-08    1.07e+00
   5        6.9452e-05   2.54e-07          6.9491e-05      2.58e-08    1.05e+00
   5        6.9798e-05   2.55e-07          6.9495e-05      2.57e-08    1.06e+00
   5        6.8940e-05   2.56e-07          6.9489e-05      2.55e-08    1.14e+00
   5        7.0007e-05   2.59e-07          6.9494e-05      2.54e-08    1.19e+00
   5        6.9914e-05   2.67e-07          6.9498e-05      2.53e-08    1.22e+00
   5        6.9476e-05   2.67e-07          6.9498e-05      2.52e-08    1.20e+00
   5        6.9185e-05   2.71e-07          6.9495e-05      2.51e-08    1.20e+00
   5        6.9557e-05   2.59e-07          6.9495e-05      2.50e-08    1.18e+00
   5        6.9725e-05   2.60e-07          6.9498e-05      2.49e-08    1.17e+00
   5        6.9755e-05   2.50e-07          6.9500e-05      2.47e-08    1.17e+00
LO = (6.9500114e-05 +- 2.4733872e-08) pb
LHAPDF 6.2.3 loading /pool/condor/dir_15141/resummino-releases/lhapdf-prefix/share/LHAPDF/PDF4LHC21_40/PDF4LHC21_40_0018.dat
PDF4LHC21_40 PDF set, member #18, version 1
 alpha_s(M_Z^2) = 0.1180 	 for NLO PDF set 
 alpha_s(1400.000^2) = 0.0837 	 for NLO PDF set 

********************
* LO cross section *
********************
The limits of integration are:

xl[0]=0.000000    xu[0]=1.000000
xl[1]=0.000000    xu[1]=1.000000
xl[2]=0.000000    xu[2]=1.000000

num_dim=3, calls=2000, it_num=1, max_it_num=5 verb=0, alph=1.50,
mode=0, bins=50, boxes=1

       single.......iteration                   accumulated......results   
iteration     integral    sigma             integral         sigma     chi-sq/it

   1        6.2485e-05   2.49e-06          6.2485e-05      2.49e-06    0.00e+00
   2        6.8464e-05   8.27e-07          6.7869e-05      7.85e-07    5.20e+00
   3        6.8745e-05   4.32e-07          6.8541e-05      3.79e-07    3.08e+00
   4        6.8204e-05   4.03e-07          6.8383e-05      2.76e-07    2.17e+00
   5        6.8297e-05   3.98e-07          6.8355e-05      2.27e-07    1.64e+00

num_dim=3, calls=20000, it_num=1, max_it_num=5 verb=0, alph=1.50,
mode=0, bins=50, boxes=1

       single.......iteration                   accumulated......results   
iteration     integral    sigma             integral         sigma     chi-sq/it

   1        6.8694e-05   1.25e-07          6.8694e-05      1.25e-07    0.00e+00
   2        6.8601e-05   1.20e-07          6.8645e-05      8.64e-08    2.90e-01
   3        6.8651e-05   1.15e-07          6.8647e-05      6.92e-08    1.45e-01
   4        6.8643e-05   1.23e-07          6.8646e-05      6.03e-08    9.74e-02
   5        6.8424e-05   1.27e-07          6.8606e-05      5.45e-08    6.93e-01
   5        6.8352e-05   1.25e-07          6.8565e-05      4.99e-08    1.25e+00
   5        6.8549e-05   1.25e-07          6.8563e-05      4.64e-08    1.04e+00
   5        6.8350e-05   1.29e-07          6.8538e-05      4.36e-08    1.24e+00
   5        6.8514e-05   1.31e-07          6.8536e-05      4.14e-08    1.09e+00
   5        6.8339e-05   1.33e-07          6.8518e-05      3.95e-08    1.19e+00
   5        6.8560e-05   1.35e-07          6.8522e-05      3.79e-08    1.08e+00
   5        6.8564e-05   1.39e-07          6.8525e-05      3.66e-08    9.89e-01
   5        6.8677e-05   1.45e-07          6.8534e-05      3.55e-08    9.94e-01
   5        6.8620e-05   1.52e-07          6.8538e-05      3.45e-08    9.41e-01
   5        6.8726e-05   1.59e-07          6.8547e-05      3.38e-08    9.69e-01
   5        6.8447e-05   1.64e-07          6.8543e-05      3.31e-08    9.28e-01
   5        6.8333e-05   1.68e-07          6.8535e-05      3.24e-08    9.63e-01
   5        6.8689e-05   1.75e-07          6.8540e-05      3.19e-08    9.51e-01
   5        6.8718e-05   1.83e-07          6.8545e-05      3.14e-08    9.50e-01
   5        6.8660e-05   1.89e-07          6.8548e-05      3.10e-08    9.18e-01
   5        6.8234e-05   1.97e-07          6.8541e-05      3.06e-08    9.97e-01
   5        6.8676e-05   2.04e-07          6.8544e-05      3.03e-08    9.70e-01
   5        6.8655e-05   2.07e-07          6.8546e-05      3.00e-08    9.39e-01
   5        6.8718e-05   2.12e-07          6.8549e-05      2.97e-08    9.26e-01
   5        6.8743e-05   2.14e-07          6.8553e-05      2.94e-08    9.21e-01
   5        6.8283e-05   2.09e-07          6.8548e-05      2.91e-08    9.49e-01
   5        6.8896e-05   2.19e-07          6.8554e-05      2.88e-08    1.01e+00
   5        6.8520e-05   2.20e-07          6.8553e-05      2.86e-08    9.72e-01
   5        6.8611e-05   2.29e-07          6.8554e-05      2.84e-08    9.39e-01
   5        6.8637e-05   2.23e-07          6.8555e-05      2.82e-08    9.12e-01
   5        6.8539e-05   2.24e-07          6.8555e-05      2.79e-08    8.81e-01
   5        6.8620e-05   2.31e-07          6.8556e-05      2.77e-08    8.55e-01
   5        6.8776e-05   2.31e-07          6.8559e-05      2.75e-08    8.56e-01
   5        6.8411e-05   2.34e-07          6.8557e-05      2.73e-08    8.42e-01
   5        6.8195e-05   2.31e-07          6.8552e-05      2.72e-08    8.89e-01
   5        6.8829e-05   2.39e-07          6.8556e-05      2.70e-08    9.01e-01
   5        6.8076e-05   2.44e-07          6.8550e-05      2.68e-08    9.82e-01
   5        6.8258e-05   2.50e-07          6.8547e-05      2.67e-08    9.92e-01
   5        6.8589e-05   2.53e-07          6.8547e-05      2.65e-08    9.67e-01
   5        6.8454e-05   2.55e-07          6.8546e-05      2.64e-08    9.45e-01
   5        6.8490e-05   2.46e-07          6.8546e-05      2.62e-08    9.23e-01
   5        6.8322e-05   2.53e-07          6.8543e-05      2.61e-08    9.19e-01
   5        6.9276e-05   2.61e-07          6.8550e-05      2.60e-08    1.08e+00
   5        6.8694e-05   2.44e-07          6.8552e-05      2.58e-08    1.07e+00
   5        6.8183e-05   2.47e-07          6.8548e-05      2.57e-08    1.09e+00
   5        6.8521e-05   2.49e-07          6.8548e-05      2.55e-08    1.07e+00
   5        6.8858e-05   2.53e-07          6.8551e-05      2.54e-08    1.08e+00
   5        6.7982e-05   2.53e-07          6.8545e-05      2.53e-08    1.16e+00
   5        6.9076e-05   2.57e-07          6.8550e-05      2.52e-08    1.22e+00
   5        6.8967e-05   2.63e-07          6.8554e-05      2.50e-08    1.25e+00
   5        6.8522e-05   2.63e-07          6.8554e-05      2.49e-08    1.23e+00
   5        6.8256e-05   2.68e-07          6.8551e-05      2.48e-08    1.23e+00
   5        6.8603e-05   2.53e-07          6.8552e-05      2.47e-08    1.20e+00
   5        6.8783e-05   2.52e-07          6.8554e-05      2.46e-08    1.20e+00
   5        6.8826e-05   2.43e-07          6.8557e-05      2.45e-08    1.20e+00
LO = (6.8556668e-05 +- 2.4465002e-08) pb

*******************************************
* virtual corrections + integrated dipole *
*******************************************
The limits of integration are:

xl[0]=0.000000    xu[0]=1.000000
xl[1]=0.000000    xu[1]=1.000000
xl[2]=0.000000    xu[2]=1.000000

num_dim=3, calls=240, it_num=1, max_it_num=5 verb=0, alph=1.50,
mode=0, bins=50, boxes=1

       single.......iteration                   accumulated......results   
iteration     integral    sigma             integral         sigma     chi-sq/it

   1        2.2570e-06   2.67e-07          2.2570e-06      2.67e-07    0.00e+00
   2        2.3738e-06   1.15e-07          2.3554e-06      1.06e-07    1.61e-01
   3        2.4750e-06   7.33e-08          2.4363e-06      6.03e-08    5.12e-01
   4        2.4890e-06   6.04e-08          2.4626e-06      4.27e-08    4.69e-01
   5        2.5316e-06   5.64e-08          2.4877e-06      3.40e-08    5.90e-01

num_dim=3, calls=1200, it_num=1, max_it_num=3 verb=0, alph=1.50,
mode=0, bins=50, boxes=1

       single.......iteration                   accumulated......results   
iteration     integral    sigma             integral         sigma     chi-sq/it

   1        2.3750e-06   2.34e-08          2.3750e-06      2.34e-08    0.00e+00
   2        2.4309e-06   1.98e-08          2.4076e-06      1.51e-08    3.32e+00
   3        2.4245e-06   1.94e-08          2.4140e-06      1.19e-08    1.90e+00
   3        2.4669e-06   1.82e-08          2.4298e-06      9.98e-09    3.23e+00
   3        2.4074e-06   2.01e-08          2.4254e-06      8.94e-09    2.68e+00
   3        2.4272e-06   1.94e-08          2.4257e-06      8.12e-09    2.14e+00
   3        2.4122e-06   1.99e-08          2.4238e-06      7.51e-09    1.85e+00
   3        2.4482e-06   1.89e-08          2.4271e-06      6.98e-09    1.79e+00
   3        2.4567e-06   1.99e-08          2.4304e-06      6.59e-09    1.81e+00
   3        2.4366e-06   1.89e-08          2.4310e-06      6.22e-09    1.62e+00
   3        2.4239e-06   1.88e-08          2.4303e-06      5.91e-09    1.47e+00
vNLO = (2.4303378e-06 +- 5.9059927e-09) pb

*****************************
* collinear remainder (P+K) *
*****************************
The limits of integration are:

xl[0]=0.000000    xu[0]=1.000000
xl[1]=0.000000    xu[1]=1.000000
xl[2]=0.000000    xu[2]=1.000000
xl[3]=0.000000    xu[3]=1.000000

num_dim=4, calls=2500, it_num=1, max_it_num=5 verb=0, alph=1.50,
mode=0, bins=50, boxes=1

       single.......iteration                   accumulated......results   
iteration     integral    sigma             integral         sigma     chi-sq/it

   1        1.1207e-05   7.95e-07          1.1207e-05      7.95e-07    0.00e+00
   2        1.1153e-05   2.17e-07          1.1156e-05      2.09e-07    4.38e-03
   3        1.0587e-05   1.60e-07          1.0797e-05      1.27e-07    2.33e+00
   4        1.1002e-05   1.31e-07          1.0896e-05      9.14e-08    1.97e+00
   5        1.0914e-05   1.30e-07          1.0902e-05      7.48e-08    1.48e+00

num_dim=4, calls=25000, it_num=1, max_it_num=3 verb=0, alph=1.50,
mode=0, bins=50, boxes=1

       single.......iteration                   accumulated......results   
iteration     integral    sigma             integral         sigma     chi-sq/it

   1        1.0753e-05   4.33e-08          1.0753e-05      4.33e-08    0.00e+00
   2        1.0741e-05   4.38e-08          1.0747e-05      3.08e-08    3.88e-02
   3        1.0734e-05   4.30e-08          1.0743e-05      2.50e-08    5.06e-02
   3        1.0745e-05   4.27e-08          1.0743e-05      2.16e-08    3.46e-02
   3        1.0678e-05   4.42e-08          1.0731e-05      1.94e-08    4.68e-01
   3        1.0664e-05   4.34e-08          1.0720e-05      1.77e-08    7.61e-01
P+K = (1.0719576e-05 +- 1.7721332e-08) pb

********************************
* real gluon emission - dipole *
********************************
The limits of integration are:

xl[0]=0.000000    xu[0]=1.000000
xl[1]=0.000000    xu[1]=1.000000
xl[2]=0.000000    xu[2]=1.000000
xl[3]=0.000000    xu[3]=1.000000
xl[4]=0.000000    xu[4]=1.000000
xl[5]=0.000000    xu[5]=1.000000

num_dim=6, calls=250, it_num=1, max_it_num=5 verb=0, alph=1.50,
mode=0, bins=50, boxes=1

       single.......iteration                   accumulated......results   
iteration     integral    sigma             integral         sigma     chi-sq/it

   1        -1.0783e-07   2.35e-08          -1.0783e-07      2.35e-08    0.00e+00
   2        -1.2416e-07   2.10e-08          -1.1690e-07      1.57e-08    2.68e-01
   3        -1.2188e-07   1.29e-08          -1.1986e-07      9.97e-09    1.64e-01
   4        -1.3157e-07   1.46e-08          -1.2360e-07      8.23e-09    2.56e-01
   5        -1.4070e-07   1.57e-08          -1.2728e-07      7.29e-09    4.24e-01

num_dim=6, calls=2500, it_num=1, max_it_num=3 verb=0, alph=1.50,
mode=0, bins=50, boxes=1

       single.......iteration                   accumulated......results   
iteration     integral    sigma             integral         sigma     chi-sq/it

   1        -1.2640e-07   3.75e-09          -1.2640e-07      3.75e-09    0.00e+00
   2        -1.2706e-07   1.79e-09          -1.2693e-07      1.62e-09    2.51e-02
   3        -1.2581e-07   1.23e-09          -1.2622e-07      9.80e-10    1.67e-01
   3        -1.2581e-07   1.14e-09          -1.2604e-07      7.42e-10    1.36e-01
   3        -1.2714e-07   9.74e-10          -1.2645e-07      5.90e-10    3.04e-01
   3        -1.2505e-07   9.36e-10          -1.2605e-07      4.99e-10    5.60e-01
rNLOg = (-1.2605185e-07 +- 4.9924271e-10) pb

**************************************************
* real light quark emission - dipole - (onshell) *
**************************************************
The limits of integration are:

xl[0]=0.000000    xu[0]=1.000000
xl[1]=0.000000    xu[1]=1.000000
xl[2]=0.000000    xu[2]=1.000000
xl[3]=0.000000    xu[3]=1.000000
xl[4]=0.000000    xu[4]=1.000000
xl[5]=0.000000    xu[5]=1.000000

num_dim=6, calls=5000, it_num=1, max_it_num=5 verb=0, alph=1.50,
mode=0, bins=50, boxes=1

       single.......iteration                   accumulated......results   
iteration     integral    sigma             integral         sigma     chi-sq/it

   1        3.1652e-07   1.55e-08          3.1652e-07      1.55e-08    0.00e+00
   2        3.1345e-07   6.66e-09          3.1393e-07      6.11e-09    3.32e-02
   3        3.1426e-07   3.78e-09          3.1417e-07      3.22e-09    1.77e-02
   4        3.1428e-07   2.19e-09          3.1425e-07      1.81e-09    1.21e-02
   5        3.1386e-07   1.73e-09          3.1405e-07      1.25e-09    1.51e-02

num_dim=6, calls=50000, it_num=1, max_it_num=5 verb=0, alph=1.50,
mode=0, bins=50, boxes=1

       single.......iteration                   accumulated......results   
iteration     integral    sigma             integral         sigma     chi-sq/it

   1        3.1358e-07   5.37e-10          3.1358e-07      5.37e-10    0.00e+00
   2        3.1420e-07   6.87e-10          3.1382e-07      4.23e-10    5.16e-01
   3        3.1482e-07   7.30e-10          3.1407e-07      3.66e-10    9.68e-01
   4        3.1420e-07   5.86e-10          3.1411e-07      3.10e-10    6.58e-01
   5        3.1438e-07   6.41e-10          3.1416e-07      2.79e-10    5.30e-01
rNLOq = (3.1415754e-07 +- 2.7941140e-10) pb
NLO = (8.1894687e-05 +- 3.0786198e-08) pb
#chisq/dof = 2.24343e-09
#status = success
#chisq/dof = 1.38373e-09
#status = success
#chisq/dof = 5.70402e-10
#status = success
#chisq/dof = 1.5718e-09
#status = success
#chisq/dof = 8.74659e-11
#status = success
#chisq/dof = 3.05646e-12
#status = success
#chisq/dof = 2.72558e-10
#status = success
#chisq/dof = 6.07131e-11
#status = success

*******************************************************
* threshold resummation (unimproved nnll) - expansion *
*******************************************************
The limits of integration are:

xl[0]=0.000000    xu[0]=1.000000
xl[1]=0.000000    xu[1]=1.000000
xl[2]=0.000000    xu[2]=1.000000

num_dim=3, calls=7000, it_num=1, max_it_num=5 verb=0, alph=1.50,
mode=0, bins=50, boxes=1

       single.......iteration                   accumulated......results   
iteration     integral    sigma             integral         sigma     chi-sq/it

   1        1.3536e-06   3.56e-08          1.3536e-06      3.56e-08    0.00e+00
   2        1.3678e-06   1.24e-08          1.3663e-06      1.17e-08    1.42e-01
   3        1.3590e-06   8.70e-09          1.3616e-06      6.99e-09    1.94e-01
   4        1.3628e-06   7.86e-09          1.3621e-06      5.22e-09    1.34e-01
   5        1.3612e-06   7.74e-09          1.3618e-06      4.33e-09    1.03e-01

num_dim=3, calls=35000, it_num=1, max_it_num=5 verb=0, alph=1.50,
mode=0, bins=50, boxes=1

       single.......iteration                   accumulated......results   
iteration     integral    sigma             integral         sigma     chi-sq/it

   1        1.3561e-06   3.50e-09          1.3561e-06      3.50e-09    0.00e+00
   2        1.3628e-06   3.52e-09          1.3594e-06      2.48e-09    1.81e+00
   3        1.3679e-06   3.39e-09          1.3624e-06      2.00e-09    2.92e+00
   4        1.3619e-06   3.47e-09          1.3623e-06      1.74e-09    1.95e+00
   5        1.3614e-06   3.50e-09          1.3621e-06      1.55e-09    1.47e+00
aNNLO+NNLL = (8.3256784e-05 +- 3.0825429e-08) pb

Results:
LO = (6.9500114e-05 +- 2.4733872e-08) pb
NLO = (8.1894687e-05 +- 3.0786198e-08) pb
aNNLO+NNLL = (8.3256784e-05 +- 3.0825429e-08) pb
Thanks for using LHAPDF 6.2.3. Please make sure to cite the paper:
  Eur.Phys.J. C75 (2015) 3, 132  (http://arxiv.org/abs/1412.7420)
 ====================================================
   FF 2.0, a package to evaluate one-loop integrals
 written by G. J. van Oldenborgh, NIKHEF-H, Amsterdam
 ====================================================
 for the algorithms used see preprint NIKHEF-H 89/17,
 'New Algorithms for One-loop Integrals', by G.J. van
 Oldenborgh and J.A.M. Vermaseren, published in 
 Zeitschrift fuer Physik C46(1990)425.
 ====================================================
 
total number of errors and warnings
===================================
fferr: no errors
 
