
  Welcome to Resummino git-latest
  Copyright 2008-2010 Jonathan Debove.
  Copyright 2011-2014 David R. Lamprea.
  Copyright 2011-2016 Marcel Rothering.

  Licensed under the EUPL 1.1 or later.
  See http://www.resummino.org/ for more information.

  If using Resummino for slepton pair production, please cite.
  - G. Bozzi, B. Fuks, M. Klasen, PRD 74, 015001 (2006); NPB 777, 157 (2007); NPB 794, 46 (2007).
  - B. Fuks, M. Klasen, D. R. Lamprea, M. Rothering, EPJC 73, 2480 (2013).

  For gaugino pair production, please cite:
  - J. Debove, B. Fuks, M. Klasen, PLB 688, 208 (2010); NPB 842, 51 (2011); NPB 849, 64 (2011).
  - B. Fuks, M. Klasen, D. R. Lamprea, M. Rothering, JHEP 1210, 081 (2012); EPJC 73, 2480 (2013).

  For associated gaugino gluino production, please cite:
  - B. Fuks, M. Klasen, M. Rothering, JHEP 07:053, (2016).
  - B. Fuks, M. Klasen, D. R. Lamprea, M. Rothering, EPJC 73, 2480 (2013).

LHAPDF 6.2.3 loading /pool/condor/dir_39554/resummino-releases/lhapdf-prefix/share/LHAPDF/PDF4LHC21_40/PDF4LHC21_40_0000.dat
PDF4LHC21_40 PDF set, member #0, version 1
 alpha_s(M_Z^2) = 0.1180 	 for LO PDF set 
 alpha_s(1700.000^2) = 0.0820 	 for LO PDF set 

********************
* LO cross section *
********************
The limits of integration are:

xl[0]=0.000000    xu[0]=1.000000
xl[1]=0.000000    xu[1]=1.000000
xl[2]=0.000000    xu[2]=1.000000

num_dim=3, calls=2000, it_num=1, max_it_num=5 verb=0, alph=1.50,
mode=0, bins=50, boxes=1

       single.......iteration                   accumulated......results   
iteration     integral    sigma             integral         sigma     chi-sq/it

   1        1.4471e-05   5.59e-07          1.4471e-05      5.59e-07    0.00e+00
   2        1.5844e-05   1.89e-07          1.5704e-05      1.79e-07    5.40e+00
   3        1.5896e-05   9.68e-08          1.5852e-05      8.51e-08    3.15e+00
   4        1.5776e-05   8.98e-08          1.5816e-05      6.18e-08    2.23e+00
   5        1.5790e-05   8.79e-08          1.5807e-05      5.06e-08    1.69e+00

num_dim=3, calls=20000, it_num=1, max_it_num=5 verb=0, alph=1.50,
mode=0, bins=50, boxes=1

       single.......iteration                   accumulated......results   
iteration     integral    sigma             integral         sigma     chi-sq/it

   1        1.5882e-05   2.74e-08          1.5882e-05      2.74e-08    0.00e+00
   2        1.5860e-05   2.64e-08          1.5870e-05      1.90e-08    3.29e-01
   3        1.5873e-05   2.54e-08          1.5871e-05      1.52e-08    1.69e-01
   4        1.5871e-05   2.71e-08          1.5871e-05      1.33e-08    1.13e-01
   5        1.5820e-05   2.82e-08          1.5862e-05      1.20e-08    7.74e-01
   5        1.5806e-05   2.76e-08          1.5853e-05      1.10e-08    1.31e+00
   5        1.5851e-05   2.77e-08          1.5853e-05      1.02e-08    1.09e+00
   5        1.5803e-05   2.85e-08          1.5847e-05      9.63e-09    1.32e+00
   5        1.5842e-05   2.91e-08          1.5847e-05      9.14e-09    1.16e+00
   5        1.5807e-05   2.95e-08          1.5843e-05      8.73e-09    1.22e+00
   5        1.5851e-05   3.02e-08          1.5844e-05      8.39e-09    1.10e+00
   5        1.5853e-05   3.12e-08          1.5844e-05      8.10e-09    1.01e+00
   5        1.5879e-05   3.24e-08          1.5846e-05      7.86e-09    1.01e+00
   5        1.5862e-05   3.40e-08          1.5847e-05      7.66e-09    9.50e-01
   5        1.5889e-05   3.59e-08          1.5849e-05      7.49e-09    9.72e-01
   5        1.5825e-05   3.70e-08          1.5848e-05      7.34e-09    9.34e-01
   5        1.5797e-05   3.80e-08          1.5846e-05      7.21e-09    9.84e-01
   5        1.5884e-05   3.95e-08          1.5847e-05      7.09e-09    9.78e-01
   5        1.5886e-05   4.15e-08          1.5849e-05      6.99e-09    9.70e-01
   5        1.5868e-05   4.28e-08          1.5849e-05      6.90e-09    9.30e-01
   5        1.5783e-05   4.49e-08          1.5848e-05      6.82e-09    9.90e-01
   5        1.5873e-05   4.66e-08          1.5848e-05      6.75e-09    9.57e-01
   5        1.5872e-05   4.76e-08          1.5849e-05      6.68e-09    9.24e-01
   5        1.5888e-05   4.92e-08          1.5849e-05      6.62e-09    9.12e-01
   5        1.5891e-05   4.89e-08          1.5850e-05      6.56e-09    9.04e-01
   5        1.5790e-05   4.84e-08          1.5849e-05      6.50e-09    9.28e-01
   5        1.5928e-05   5.08e-08          1.5850e-05      6.45e-09    9.85e-01
   5        1.5840e-05   5.09e-08          1.5850e-05      6.40e-09    9.50e-01
   5        1.5857e-05   5.30e-08          1.5850e-05      6.35e-09    9.16e-01
   5        1.5870e-05   5.16e-08          1.5850e-05      6.30e-09    8.90e-01
   5        1.5851e-05   5.21e-08          1.5850e-05      6.26e-09    8.60e-01
   5        1.5866e-05   5.36e-08          1.5851e-05      6.21e-09    8.35e-01
   5        1.5903e-05   5.35e-08          1.5851e-05      6.17e-09    8.38e-01
   5        1.5820e-05   5.43e-08          1.5851e-05      6.13e-09    8.23e-01
   5        1.5770e-05   5.36e-08          1.5850e-05      6.09e-09    8.65e-01
   5        1.5912e-05   5.53e-08          1.5851e-05      6.06e-09    8.76e-01
   5        1.5734e-05   5.64e-08          1.5849e-05      6.02e-09    9.69e-01
   5        1.5777e-05   5.76e-08          1.5849e-05      5.99e-09    9.85e-01
   5        1.5857e-05   5.85e-08          1.5849e-05      5.96e-09    9.60e-01
   5        1.5830e-05   5.88e-08          1.5848e-05      5.93e-09    9.37e-01
   5        1.5835e-05   5.69e-08          1.5848e-05      5.90e-09    9.15e-01
   5        1.5798e-05   5.87e-08          1.5848e-05      5.87e-09    9.11e-01
   5        1.6017e-05   6.04e-08          1.5849e-05      5.84e-09    1.08e+00
   5        1.5883e-05   5.68e-08          1.5850e-05      5.81e-09    1.06e+00
   5        1.5771e-05   5.77e-08          1.5849e-05      5.78e-09    1.08e+00
   5        1.5838e-05   5.84e-08          1.5849e-05      5.75e-09    1.05e+00
   5        1.5924e-05   5.91e-08          1.5850e-05      5.72e-09    1.07e+00
   5        1.5717e-05   5.88e-08          1.5848e-05      5.70e-09    1.15e+00
   5        1.5973e-05   5.98e-08          1.5849e-05      5.67e-09    1.22e+00
   5        1.5950e-05   6.09e-08          1.5850e-05      5.65e-09    1.24e+00
   5        1.5844e-05   6.14e-08          1.5850e-05      5.62e-09    1.22e+00
   5        1.5778e-05   6.24e-08          1.5850e-05      5.60e-09    1.22e+00
   5        1.5860e-05   5.90e-08          1.5850e-05      5.58e-09    1.20e+00
   5        1.5904e-05   5.82e-08          1.5850e-05      5.55e-09    1.19e+00
   5        1.5911e-05   5.61e-08          1.5851e-05      5.52e-09    1.19e+00
LO = (1.5850812e-05 +- 5.5230728e-09) pb
LHAPDF 6.2.3 loading /pool/condor/dir_39554/resummino-releases/lhapdf-prefix/share/LHAPDF/PDF4LHC21_40/PDF4LHC21_40_0022.dat
PDF4LHC21_40 PDF set, member #22, version 1
 alpha_s(M_Z^2) = 0.1180 	 for NLO PDF set 
 alpha_s(1700.000^2) = 0.0820 	 for NLO PDF set 

********************
* LO cross section *
********************
The limits of integration are:

xl[0]=0.000000    xu[0]=1.000000
xl[1]=0.000000    xu[1]=1.000000
xl[2]=0.000000    xu[2]=1.000000

num_dim=3, calls=2000, it_num=1, max_it_num=5 verb=0, alph=1.50,
mode=0, bins=50, boxes=1

       single.......iteration                   accumulated......results   
iteration     integral    sigma             integral         sigma     chi-sq/it

   1        1.4563e-05   5.59e-07          1.4563e-05      5.59e-07    0.00e+00
   2        1.5927e-05   1.89e-07          1.5787e-05      1.79e-07    5.35e+00
   3        1.5974e-05   9.76e-08          1.5931e-05      8.57e-08    3.10e+00
   4        1.5855e-05   9.07e-08          1.5895e-05      6.23e-08    2.19e+00
   5        1.5872e-05   8.84e-08          1.5888e-05      5.09e-08    1.65e+00

num_dim=3, calls=20000, it_num=1, max_it_num=5 verb=0, alph=1.50,
mode=0, bins=50, boxes=1

       single.......iteration                   accumulated......results   
iteration     integral    sigma             integral         sigma     chi-sq/it

   1        1.5964e-05   2.77e-08          1.5964e-05      2.77e-08    0.00e+00
   2        1.5942e-05   2.66e-08          1.5953e-05      1.92e-08    3.28e-01
   3        1.5954e-05   2.55e-08          1.5953e-05      1.53e-08    1.66e-01
   4        1.5953e-05   2.73e-08          1.5953e-05      1.34e-08    1.10e-01
   5        1.5902e-05   2.84e-08          1.5944e-05      1.21e-08    7.61e-01
   5        1.5887e-05   2.78e-08          1.5935e-05      1.11e-08    1.31e+00
   5        1.5934e-05   2.78e-08          1.5935e-05      1.03e-08    1.09e+00
   5        1.5885e-05   2.87e-08          1.5929e-05      9.70e-09    1.32e+00
   5        1.5926e-05   2.92e-08          1.5929e-05      9.20e-09    1.16e+00
   5        1.5891e-05   2.96e-08          1.5925e-05      8.79e-09    1.20e+00
   5        1.5933e-05   3.04e-08          1.5926e-05      8.44e-09    1.08e+00
   5        1.5937e-05   3.12e-08          1.5927e-05      8.15e-09    9.94e-01
   5        1.5960e-05   3.24e-08          1.5929e-05      7.90e-09    9.97e-01
   5        1.5945e-05   3.40e-08          1.5930e-05      7.70e-09    9.38e-01
   5        1.5971e-05   3.58e-08          1.5931e-05      7.53e-09    9.60e-01
   5        1.5907e-05   3.70e-08          1.5930e-05      7.38e-09    9.24e-01
   5        1.5879e-05   3.80e-08          1.5928e-05      7.24e-09    9.78e-01
   5        1.5967e-05   3.95e-08          1.5930e-05      7.12e-09    9.74e-01
   5        1.5967e-05   4.14e-08          1.5931e-05      7.02e-09    9.64e-01
   5        1.5947e-05   4.28e-08          1.5931e-05      6.93e-09    9.21e-01
   5        1.5864e-05   4.51e-08          1.5930e-05      6.85e-09    9.83e-01
   5        1.5953e-05   4.65e-08          1.5930e-05      6.77e-09    9.48e-01
   5        1.5953e-05   4.79e-08          1.5931e-05      6.71e-09    9.15e-01
   5        1.5971e-05   4.97e-08          1.5931e-05      6.65e-09    9.03e-01
   5        1.5970e-05   4.90e-08          1.5932e-05      6.59e-09    8.91e-01
   5        1.5868e-05   4.87e-08          1.5931e-05      6.53e-09    9.23e-01
   5        1.6009e-05   5.11e-08          1.5932e-05      6.47e-09    9.75e-01
   5        1.5921e-05   5.11e-08          1.5932e-05      6.42e-09    9.40e-01
   5        1.5937e-05   5.30e-08          1.5932e-05      6.38e-09    9.07e-01
   5        1.5951e-05   5.20e-08          1.5932e-05      6.33e-09    8.80e-01
   5        1.5933e-05   5.27e-08          1.5932e-05      6.28e-09    8.51e-01
   5        1.5946e-05   5.42e-08          1.5932e-05      6.24e-09    8.25e-01
   5        1.5986e-05   5.42e-08          1.5933e-05      6.20e-09    8.29e-01
   5        1.5902e-05   5.50e-08          1.5933e-05      6.16e-09    8.14e-01
   5        1.5851e-05   5.44e-08          1.5932e-05      6.12e-09    8.55e-01
   5        1.5993e-05   5.60e-08          1.5932e-05      6.09e-09    8.65e-01
   5        1.5815e-05   5.72e-08          1.5931e-05      6.05e-09    9.57e-01
   5        1.5856e-05   5.83e-08          1.5930e-05      6.02e-09    9.76e-01
   5        1.5937e-05   5.94e-08          1.5930e-05      5.99e-09    9.51e-01
   5        1.5910e-05   5.94e-08          1.5930e-05      5.96e-09    9.29e-01
   5        1.5915e-05   5.77e-08          1.5930e-05      5.93e-09    9.08e-01
   5        1.5878e-05   5.96e-08          1.5930e-05      5.90e-09    9.04e-01
   5        1.6102e-05   6.14e-08          1.5931e-05      5.87e-09    1.07e+00
   5        1.5965e-05   5.77e-08          1.5931e-05      5.84e-09    1.05e+00
   5        1.5852e-05   5.85e-08          1.5931e-05      5.81e-09    1.07e+00
   5        1.5919e-05   5.90e-08          1.5931e-05      5.78e-09    1.05e+00
   5        1.6003e-05   5.94e-08          1.5931e-05      5.76e-09    1.06e+00
   5        1.5799e-05   5.91e-08          1.5930e-05      5.73e-09    1.14e+00
   5        1.6053e-05   6.01e-08          1.5931e-05      5.70e-09    1.20e+00
   5        1.6032e-05   6.13e-08          1.5932e-05      5.68e-09    1.23e+00
   5        1.5928e-05   6.18e-08          1.5932e-05      5.66e-09    1.21e+00
   5        1.5861e-05   6.27e-08          1.5931e-05      5.63e-09    1.21e+00
   5        1.5943e-05   5.94e-08          1.5931e-05      5.61e-09    1.19e+00
   5        1.5985e-05   5.81e-08          1.5932e-05      5.58e-09    1.18e+00
   5        1.5993e-05   5.60e-08          1.5933e-05      5.55e-09    1.18e+00
LO = (1.5932596e-05 +- 5.5541690e-09) pb

*******************************************
* virtual corrections + integrated dipole *
*******************************************
The limits of integration are:

xl[0]=0.000000    xu[0]=1.000000
xl[1]=0.000000    xu[1]=1.000000
xl[2]=0.000000    xu[2]=1.000000

num_dim=3, calls=240, it_num=1, max_it_num=5 verb=0, alph=1.50,
mode=0, bins=50, boxes=1

       single.......iteration                   accumulated......results   
iteration     integral    sigma             integral         sigma     chi-sq/it

   1        5.1252e-07   5.85e-08          5.1252e-07      5.85e-08    0.00e+00
   2        5.3676e-07   2.56e-08          5.3285e-07      2.35e-08    1.44e-01
   3        5.6614e-07   1.60e-08          5.5555e-07      1.32e-08    7.58e-01
   4        5.6890e-07   1.30e-08          5.6235e-07      9.27e-09    6.78e-01
   5        5.7426e-07   1.22e-08          5.6671e-07      7.38e-09    6.60e-01

num_dim=3, calls=1200, it_num=1, max_it_num=3 verb=0, alph=1.50,
mode=0, bins=50, boxes=1

       single.......iteration                   accumulated......results   
iteration     integral    sigma             integral         sigma     chi-sq/it

   1        5.4170e-07   5.13e-09          5.4170e-07      5.13e-09    0.00e+00
   2        5.5316e-07   4.31e-09          5.4842e-07      3.30e-09    2.92e+00
   3        5.5250e-07   4.24e-09          5.4995e-07      2.60e-09    1.75e+00
   3        5.6041e-07   3.95e-09          5.5313e-07      2.17e-09    2.80e+00
   3        5.4809e-07   4.37e-09          5.5213e-07      1.95e-09    2.36e+00
   3        5.5250e-07   4.20e-09          5.5219e-07      1.77e-09    1.89e+00
   3        5.4927e-07   4.30e-09          5.5177e-07      1.63e-09    1.64e+00
   3        5.5654e-07   4.08e-09          5.5243e-07      1.52e-09    1.58e+00
   3        5.5903e-07   4.24e-09          5.5318e-07      1.43e-09    1.65e+00
   3        5.5443e-07   4.08e-09          5.5332e-07      1.35e-09    1.47e+00
vNLO = (5.5331552e-07 +- 1.3477966e-09) pb

*****************************
* collinear remainder (P+K) *
*****************************
The limits of integration are:

xl[0]=0.000000    xu[0]=1.000000
xl[1]=0.000000    xu[1]=1.000000
xl[2]=0.000000    xu[2]=1.000000
xl[3]=0.000000    xu[3]=1.000000

num_dim=4, calls=2500, it_num=1, max_it_num=5 verb=0, alph=1.50,
mode=0, bins=50, boxes=1

       single.......iteration                   accumulated......results   
iteration     integral    sigma             integral         sigma     chi-sq/it

   1        2.8373e-06   1.90e-07          2.8373e-06      1.90e-07    0.00e+00
   2        2.8122e-06   5.13e-08          2.8139e-06      4.95e-08    1.63e-02
   3        2.6904e-06   3.63e-08          2.7334e-06      2.93e-08    2.03e+00
   4        2.7871e-06   3.01e-08          2.7595e-06      2.10e-08    1.90e+00
   5        2.7601e-06   2.98e-08          2.7597e-06      1.72e-08    1.42e+00

num_dim=4, calls=25000, it_num=1, max_it_num=3 verb=0, alph=1.50,
mode=0, bins=50, boxes=1

       single.......iteration                   accumulated......results   
iteration     integral    sigma             integral         sigma     chi-sq/it

   1        2.7263e-06   9.78e-09          2.7263e-06      9.78e-09    0.00e+00
   2        2.7302e-06   9.84e-09          2.7283e-06      6.94e-09    8.15e-02
   3        2.7252e-06   9.72e-09          2.7272e-06      5.65e-09    7.41e-02
   3        2.7250e-06   9.63e-09          2.7266e-06      4.87e-09    6.30e-02
   3        2.7106e-06   9.97e-09          2.7235e-06      4.38e-09    5.69e-01
P+K = (2.7235437e-06 +- 4.3769019e-09) pb

********************************
* real gluon emission - dipole *
********************************
The limits of integration are:

xl[0]=0.000000    xu[0]=1.000000
xl[1]=0.000000    xu[1]=1.000000
xl[2]=0.000000    xu[2]=1.000000
xl[3]=0.000000    xu[3]=1.000000
xl[4]=0.000000    xu[4]=1.000000
xl[5]=0.000000    xu[5]=1.000000

num_dim=6, calls=250, it_num=1, max_it_num=5 verb=0, alph=1.50,
mode=0, bins=50, boxes=1

       single.......iteration                   accumulated......results   
iteration     integral    sigma             integral         sigma     chi-sq/it

   1        -2.1372e-08   4.57e-09          -2.1372e-08      4.57e-09    0.00e+00
   2        -2.3396e-08   3.62e-09          -2.2615e-08      2.84e-09    1.20e-01
   3        -2.2880e-08   2.22e-09          -2.2780e-08      1.75e-09    6.29e-02
   4        -2.3479e-08   2.40e-09          -2.3022e-08      1.41e-09    6.04e-02
   5        -2.4548e-08   2.50e-09          -2.3392e-08      1.23e-09    1.16e-01

num_dim=6, calls=2500, it_num=1, max_it_num=3 verb=0, alph=1.50,
mode=0, bins=50, boxes=1

       single.......iteration                   accumulated......results   
iteration     integral    sigma             integral         sigma     chi-sq/it

   1        -2.4484e-08   6.53e-10          -2.4484e-08      6.53e-10    0.00e+00
   2        -2.5024e-08   3.23e-10          -2.4918e-08      2.90e-10    5.47e-01
   3        -2.4396e-08   2.23e-10          -2.4590e-08      1.77e-10    1.29e+00
rNLOg = (-2.4590224e-08 +- 1.7673133e-10) pb

**************************************************
* real light quark emission - dipole - (onshell) *
**************************************************
The limits of integration are:

xl[0]=0.000000    xu[0]=1.000000
xl[1]=0.000000    xu[1]=1.000000
xl[2]=0.000000    xu[2]=1.000000
xl[3]=0.000000    xu[3]=1.000000
xl[4]=0.000000    xu[4]=1.000000
xl[5]=0.000000    xu[5]=1.000000

num_dim=6, calls=5000, it_num=1, max_it_num=5 verb=0, alph=1.50,
mode=0, bins=50, boxes=1

       single.......iteration                   accumulated......results   
iteration     integral    sigma             integral         sigma     chi-sq/it

   1        5.7736e-08   2.76e-09          5.7736e-08      2.76e-09    0.00e+00
   2        5.7509e-08   1.54e-09          5.7563e-08      1.35e-09    5.19e-03
   3        5.7577e-08   8.82e-10          5.7573e-08      7.38e-10    2.63e-03
   4        5.7350e-08   4.34e-10          5.7407e-08      3.74e-10    2.45e-02
   5        5.7417e-08   3.21e-10          5.7413e-08      2.44e-10    1.84e-02

num_dim=6, calls=50000, it_num=1, max_it_num=5 verb=0, alph=1.50,
mode=0, bins=50, boxes=1

       single.......iteration                   accumulated......results   
iteration     integral    sigma             integral         sigma     chi-sq/it

   1        5.7149e-08   9.65e-11          5.7149e-08      9.65e-11    0.00e+00
   2        5.7235e-08   1.35e-10          5.7178e-08      7.84e-11    2.69e-01
   3        5.7365e-08   1.37e-10          5.7224e-08      6.80e-11    8.42e-01
   4        5.7250e-08   1.05e-10          5.7232e-08      5.72e-11    5.75e-01
   5        5.7277e-08   1.12e-10          5.7241e-08      5.09e-11    4.64e-01
   5        5.7169e-08   9.55e-11          5.7225e-08      4.49e-11    4.59e-01
   5        5.7002e-08   8.82e-11          5.7179e-08      4.01e-11    1.23e+00
rNLOq = (5.7179237e-08 +- 4.0051307e-11) pb
NLO = (1.9242044e-05 +- 7.2010733e-09) pb
#chisq/dof = 2.96624e-09
#status = success
#chisq/dof = 7.04612e-10
#status = success
#chisq/dof = 5.06486e-10
#status = success
#chisq/dof = 5.10071e-09
#status = success
#chisq/dof = 1.24208e-10
#status = success
#chisq/dof = 3.79525e-12
#status = success
#chisq/dof = 3.8979e-10
#status = success
#chisq/dof = 5.78326e-11
#status = success

*******************************************************
* threshold resummation (unimproved nnll) - expansion *
*******************************************************
The limits of integration are:

xl[0]=0.000000    xu[0]=1.000000
xl[1]=0.000000    xu[1]=1.000000
xl[2]=0.000000    xu[2]=1.000000

num_dim=3, calls=7000, it_num=1, max_it_num=5 verb=0, alph=1.50,
mode=0, bins=50, boxes=1

       single.......iteration                   accumulated......results   
iteration     integral    sigma             integral         sigma     chi-sq/it

   1        3.9999e-07   1.99e-08          3.9999e-07      1.99e-08    0.00e+00
   2        3.8977e-07   1.43e-08          3.9324e-07      1.16e-08    1.74e-01
   3        3.6413e-07   1.35e-08          3.8083e-07      8.79e-09    1.43e+00
   4        4.1584e-07   1.33e-08          3.9146e-07      7.33e-09    2.56e+00
   5        3.9893e-07   1.32e-08          3.9321e-07      6.41e-09    1.98e+00

num_dim=3, calls=35000, it_num=1, max_it_num=5 verb=0, alph=1.50,
mode=0, bins=50, boxes=1

       single.......iteration                   accumulated......results   
iteration     integral    sigma             integral         sigma     chi-sq/it

   1        3.9261e-07   5.87e-09          3.9261e-07      5.87e-09    0.00e+00
   2        4.0704e-07   5.85e-09          3.9985e-07      4.15e-09    3.03e+00
   3        4.0351e-07   5.86e-09          4.0107e-07      3.38e-09    1.64e+00
   4        3.8511e-07   5.91e-09          3.9713e-07      2.94e-09    2.93e+00
   5        4.0045e-07   5.86e-09          3.9779e-07      2.63e-09    2.26e+00
   5        3.9771e-07   5.87e-09          3.9778e-07      2.40e-09    1.81e+00
   5        4.0267e-07   5.89e-09          3.9847e-07      2.22e-09    1.61e+00
   5        4.0769e-07   5.87e-09          3.9963e-07      2.08e-09    1.68e+00
   5        3.9424e-07   5.91e-09          3.9903e-07      1.96e-09    1.57e+00
   5        3.9082e-07   5.86e-09          3.9821e-07      1.86e-09    1.59e+00
   5        3.9266e-07   5.91e-09          3.9771e-07      1.77e-09    1.51e+00
   5        4.0486e-07   5.90e-09          3.9830e-07      1.70e-09    1.49e+00
aNNLO+NNLL = (1.9640347e-05 +- 7.3985627e-09) pb

Results:
LO = (1.5850812e-05 +- 5.5230728e-09) pb
NLO = (1.9242044e-05 +- 7.2010733e-09) pb
aNNLO+NNLL = (1.9640347e-05 +- 7.3985627e-09) pb
Thanks for using LHAPDF 6.2.3. Please make sure to cite the paper:
  Eur.Phys.J. C75 (2015) 3, 132  (http://arxiv.org/abs/1412.7420)
 ====================================================
   FF 2.0, a package to evaluate one-loop integrals
 written by G. J. van Oldenborgh, NIKHEF-H, Amsterdam
 ====================================================
 for the algorithms used see preprint NIKHEF-H 89/17,
 'New Algorithms for One-loop Integrals', by G.J. van
 Oldenborgh and J.A.M. Vermaseren, published in 
 Zeitschrift fuer Physik C46(1990)425.
 ====================================================
 
total number of errors and warnings
===================================
fferr: no errors
 
