
  Welcome to Resummino git-latest
  Copyright 2008-2010 Jonathan Debove.
  Copyright 2011-2014 David R. Lamprea.
  Copyright 2011-2016 Marcel Rothering.

  Licensed under the EUPL 1.1 or later.
  See http://www.resummino.org/ for more information.

  If using Resummino for slepton pair production, please cite.
  - G. Bozzi, B. Fuks, M. Klasen, PRD 74, 015001 (2006); NPB 777, 157 (2007); NPB 794, 46 (2007).
  - B. Fuks, M. Klasen, D. R. Lamprea, M. Rothering, EPJC 73, 2480 (2013).

  For gaugino pair production, please cite:
  - J. Debove, B. Fuks, M. Klasen, PLB 688, 208 (2010); NPB 842, 51 (2011); NPB 849, 64 (2011).
  - B. Fuks, M. Klasen, D. R. Lamprea, M. Rothering, JHEP 1210, 081 (2012); EPJC 73, 2480 (2013).

  For associated gaugino gluino production, please cite:
  - B. Fuks, M. Klasen, M. Rothering, JHEP 07:053, (2016).
  - B. Fuks, M. Klasen, D. R. Lamprea, M. Rothering, EPJC 73, 2480 (2013).

LHAPDF 6.2.3 loading /pool/condor/dir_11175/resummino-releases/lhapdf-prefix/share/LHAPDF/PDF4LHC21_40/PDF4LHC21_40_0000.dat
PDF4LHC21_40 PDF set, member #0, version 1
 alpha_s(M_Z^2) = 0.1180 	 for LO PDF set 
 alpha_s(900.000^2) = 0.0878 	 for LO PDF set 

********************
* LO cross section *
********************
The limits of integration are:

xl[0]=0.000000    xu[0]=1.000000
xl[1]=0.000000    xu[1]=1.000000
xl[2]=0.000000    xu[2]=1.000000

num_dim=3, calls=2000, it_num=1, max_it_num=5 verb=0, alph=1.50,
mode=0, bins=50, boxes=1

       single.......iteration                   accumulated......results   
iteration     integral    sigma             integral         sigma     chi-sq/it

   1        1.0622e-03   4.20e-05          1.0622e-03      4.20e-05    0.00e+00
   2        1.1575e-03   1.40e-05          1.1480e-03      1.33e-05    4.64e+00
   3        1.1622e-03   7.65e-06          1.1586e-03      6.63e-06    2.75e+00
   4        1.1525e-03   7.17e-06          1.1558e-03      4.87e-06    1.96e+00
   5        1.1538e-03   7.25e-06          1.1552e-03      4.04e-06    1.49e+00

num_dim=3, calls=20000, it_num=1, max_it_num=5 verb=0, alph=1.50,
mode=0, bins=50, boxes=1

       single.......iteration                   accumulated......results   
iteration     integral    sigma             integral         sigma     chi-sq/it

   1        1.1618e-03   2.24e-06          1.1618e-03      2.24e-06    0.00e+00
   2        1.1602e-03   2.16e-06          1.1610e-03      1.55e-06    2.95e-01
   3        1.1608e-03   2.10e-06          1.1609e-03      1.25e-06    1.49e-01
   4        1.1610e-03   2.23e-06          1.1609e-03      1.09e-06    9.99e-02
   5        1.1571e-03   2.26e-06          1.1602e-03      9.81e-07    6.73e-01
   5        1.1560e-03   2.24e-06          1.1595e-03      8.99e-07    1.12e+00
   5        1.1585e-03   2.23e-06          1.1594e-03      8.34e-07    9.66e-01
   5        1.1558e-03   2.30e-06          1.1590e-03      7.84e-07    1.13e+00
   5        1.1584e-03   2.33e-06          1.1589e-03      7.43e-07    9.97e-01
   5        1.1553e-03   2.38e-06          1.1586e-03      7.09e-07    1.12e+00
   5        1.1595e-03   2.41e-06          1.1587e-03      6.80e-07    1.02e+00
   5        1.1591e-03   2.47e-06          1.1587e-03      6.56e-07    9.28e-01
   5        1.1609e-03   2.56e-06          1.1588e-03      6.35e-07    9.10e-01
   5        1.1609e-03   2.69e-06          1.1589e-03      6.18e-07    8.83e-01
   5        1.1622e-03   2.80e-06          1.1591e-03      6.04e-07    9.09e-01
   5        1.1573e-03   2.87e-06          1.1590e-03      5.91e-07    8.73e-01
   5        1.1561e-03   2.95e-06          1.1589e-03      5.79e-07    8.79e-01
   5        1.1611e-03   3.05e-06          1.1590e-03      5.69e-07    8.58e-01
   5        1.1622e-03   3.21e-06          1.1591e-03      5.60e-07    8.65e-01
   5        1.1617e-03   3.28e-06          1.1592e-03      5.52e-07    8.53e-01
   5        1.1536e-03   3.39e-06          1.1590e-03      5.45e-07    9.43e-01
   5        1.1618e-03   3.52e-06          1.1591e-03      5.39e-07    9.28e-01
   5        1.1604e-03   3.57e-06          1.1591e-03      5.33e-07    8.92e-01
   5        1.1619e-03   3.65e-06          1.1592e-03      5.27e-07    8.77e-01
   5        1.1628e-03   3.66e-06          1.1592e-03      5.22e-07    8.80e-01
   5        1.1544e-03   3.59e-06          1.1591e-03      5.16e-07    9.15e-01
   5        1.1652e-03   3.74e-06          1.1593e-03      5.12e-07    9.80e-01
   5        1.1585e-03   3.76e-06          1.1592e-03      5.07e-07    9.45e-01
   5        1.1606e-03   3.93e-06          1.1593e-03      5.03e-07    9.15e-01
   5        1.1604e-03   3.80e-06          1.1593e-03      4.98e-07    8.86e-01
   5        1.1586e-03   3.82e-06          1.1593e-03      4.94e-07    8.58e-01
   5        1.1600e-03   3.94e-06          1.1593e-03      4.90e-07    8.31e-01
   5        1.1631e-03   3.96e-06          1.1593e-03      4.87e-07    8.33e-01
   5        1.1568e-03   3.98e-06          1.1593e-03      4.83e-07    8.20e-01
   5        1.1524e-03   3.92e-06          1.1592e-03      4.79e-07    8.85e-01
   5        1.1638e-03   4.03e-06          1.1593e-03      4.76e-07    8.97e-01
   5        1.1516e-03   4.18e-06          1.1592e-03      4.73e-07    9.64e-01
   5        1.1554e-03   4.30e-06          1.1591e-03      4.70e-07    9.58e-01
   5        1.1599e-03   4.32e-06          1.1591e-03      4.67e-07    9.33e-01
   5        1.1573e-03   4.32e-06          1.1591e-03      4.65e-07    9.14e-01
   5        1.1580e-03   4.29e-06          1.1591e-03      4.62e-07    8.93e-01
   5        1.1551e-03   4.38e-06          1.1590e-03      4.59e-07    8.91e-01
   5        1.1714e-03   4.51e-06          1.1592e-03      4.57e-07    1.05e+00
   5        1.1616e-03   4.12e-06          1.1592e-03      4.54e-07    1.03e+00
   5        1.1525e-03   4.15e-06          1.1591e-03      4.52e-07    1.07e+00
   5        1.1587e-03   4.19e-06          1.1591e-03      4.49e-07    1.04e+00
   5        1.1642e-03   4.29e-06          1.1592e-03      4.47e-07    1.05e+00
   5        1.1499e-03   4.29e-06          1.1591e-03      4.44e-07    1.13e+00
   5        1.1679e-03   4.33e-06          1.1592e-03      4.42e-07    1.19e+00
   5        1.1657e-03   4.48e-06          1.1592e-03      4.40e-07    1.21e+00
   5        1.1584e-03   4.47e-06          1.1592e-03      4.38e-07    1.19e+00
   5        1.1541e-03   4.53e-06          1.1592e-03      4.36e-07    1.19e+00
   5        1.1604e-03   4.31e-06          1.1592e-03      4.33e-07    1.17e+00
   5        1.1628e-03   4.35e-06          1.1592e-03      4.31e-07    1.16e+00
   5        1.1635e-03   4.15e-06          1.1593e-03      4.29e-07    1.15e+00
LO = (1.1592698e-03 +- 4.2887388e-07) pb
LHAPDF 6.2.3 loading /pool/condor/dir_11175/resummino-releases/lhapdf-prefix/share/LHAPDF/PDF4LHC21_40/PDF4LHC21_40_0019.dat
PDF4LHC21_40 PDF set, member #19, version 1
 alpha_s(M_Z^2) = 0.1180 	 for NLO PDF set 
 alpha_s(900.000^2) = 0.0878 	 for NLO PDF set 

********************
* LO cross section *
********************
The limits of integration are:

xl[0]=0.000000    xu[0]=1.000000
xl[1]=0.000000    xu[1]=1.000000
xl[2]=0.000000    xu[2]=1.000000

num_dim=3, calls=2000, it_num=1, max_it_num=5 verb=0, alph=1.50,
mode=0, bins=50, boxes=1

       single.......iteration                   accumulated......results   
iteration     integral    sigma             integral         sigma     chi-sq/it

   1        1.0448e-03   4.12e-05          1.0448e-03      4.12e-05    0.00e+00
   2        1.1369e-03   1.38e-05          1.1277e-03      1.31e-05    4.49e+00
   3        1.1414e-03   7.59e-06          1.1379e-03      6.56e-06    2.66e+00
   4        1.1318e-03   7.12e-06          1.1351e-03      4.83e-06    1.90e+00
   5        1.1329e-03   7.23e-06          1.1344e-03      4.01e-06    1.44e+00

num_dim=3, calls=20000, it_num=1, max_it_num=5 verb=0, alph=1.50,
mode=0, bins=50, boxes=1

       single.......iteration                   accumulated......results   
iteration     integral    sigma             integral         sigma     chi-sq/it

   1        1.1412e-03   2.22e-06          1.1412e-03      2.22e-06    0.00e+00
   2        1.1396e-03   2.15e-06          1.1404e-03      1.55e-06    2.90e-01
   3        1.1402e-03   2.09e-06          1.1403e-03      1.24e-06    1.49e-01
   4        1.1404e-03   2.22e-06          1.1403e-03      1.08e-06    9.98e-02
   5        1.1366e-03   2.24e-06          1.1396e-03      9.77e-07    6.37e-01
   5        1.1354e-03   2.23e-06          1.1389e-03      8.95e-07    1.10e+00
   5        1.1379e-03   2.21e-06          1.1388e-03      8.30e-07    9.49e-01
   5        1.1353e-03   2.28e-06          1.1384e-03      7.80e-07    1.11e+00
   5        1.1378e-03   2.32e-06          1.1383e-03      7.39e-07    9.81e-01
   5        1.1348e-03   2.36e-06          1.1380e-03      7.05e-07    1.10e+00
   5        1.1389e-03   2.39e-06          1.1381e-03      6.77e-07    1.00e+00
   5        1.1385e-03   2.46e-06          1.1381e-03      6.52e-07    9.13e-01
   5        1.1403e-03   2.54e-06          1.1382e-03      6.32e-07    8.95e-01
   5        1.1403e-03   2.67e-06          1.1384e-03      6.15e-07    8.70e-01
   5        1.1414e-03   2.78e-06          1.1385e-03      6.00e-07    8.89e-01
   5        1.1367e-03   2.85e-06          1.1384e-03      5.87e-07    8.56e-01
   5        1.1355e-03   2.93e-06          1.1383e-03      5.76e-07    8.61e-01
   5        1.1404e-03   3.03e-06          1.1384e-03      5.66e-07    8.38e-01
   5        1.1416e-03   3.19e-06          1.1385e-03      5.57e-07    8.45e-01
   5        1.1412e-03   3.25e-06          1.1386e-03      5.49e-07    8.36e-01
   5        1.1330e-03   3.35e-06          1.1384e-03      5.42e-07    9.28e-01
   5        1.1413e-03   3.48e-06          1.1385e-03      5.35e-07    9.16e-01
   5        1.1397e-03   3.53e-06          1.1385e-03      5.29e-07    8.80e-01
   5        1.1412e-03   3.61e-06          1.1386e-03      5.24e-07    8.65e-01
   5        1.1421e-03   3.61e-06          1.1386e-03      5.18e-07    8.68e-01
   5        1.1339e-03   3.54e-06          1.1385e-03      5.13e-07    9.04e-01
   5        1.1446e-03   3.69e-06          1.1386e-03      5.08e-07    9.70e-01
   5        1.1379e-03   3.71e-06          1.1386e-03      5.03e-07    9.35e-01
   5        1.1398e-03   3.87e-06          1.1387e-03      4.99e-07    9.05e-01
   5        1.1398e-03   3.75e-06          1.1387e-03      4.95e-07    8.77e-01
   5        1.1380e-03   3.77e-06          1.1387e-03      4.90e-07    8.49e-01
   5        1.1393e-03   3.89e-06          1.1387e-03      4.87e-07    8.23e-01
   5        1.1425e-03   3.91e-06          1.1387e-03      4.83e-07    8.26e-01
   5        1.1364e-03   3.93e-06          1.1387e-03      4.79e-07    8.12e-01
   5        1.1318e-03   3.86e-06          1.1386e-03      4.76e-07    8.81e-01
   5        1.1432e-03   3.97e-06          1.1387e-03      4.72e-07    8.93e-01
   5        1.1313e-03   4.13e-06          1.1386e-03      4.69e-07    9.56e-01
   5        1.1351e-03   4.25e-06          1.1385e-03      4.66e-07    9.49e-01
   5        1.1393e-03   4.26e-06          1.1385e-03      4.64e-07    9.24e-01
   5        1.1366e-03   4.27e-06          1.1385e-03      4.61e-07    9.06e-01
   5        1.1375e-03   4.23e-06          1.1385e-03      4.58e-07    8.85e-01
   5        1.1346e-03   4.31e-06          1.1384e-03      4.56e-07    8.83e-01
   5        1.1505e-03   4.44e-06          1.1386e-03      4.53e-07    1.03e+00
   5        1.1410e-03   4.06e-06          1.1386e-03      4.50e-07    1.02e+00
   5        1.1318e-03   4.09e-06          1.1385e-03      4.48e-07    1.06e+00
   5        1.1381e-03   4.13e-06          1.1385e-03      4.45e-07    1.03e+00
   5        1.1437e-03   4.23e-06          1.1386e-03      4.43e-07    1.04e+00
   5        1.1292e-03   4.24e-06          1.1385e-03      4.40e-07    1.12e+00
   5        1.1472e-03   4.28e-06          1.1386e-03      4.38e-07    1.19e+00
   5        1.1449e-03   4.43e-06          1.1386e-03      4.36e-07    1.20e+00
   5        1.1376e-03   4.42e-06          1.1386e-03      4.34e-07    1.18e+00
   5        1.1336e-03   4.47e-06          1.1386e-03      4.32e-07    1.18e+00
   5        1.1398e-03   4.25e-06          1.1386e-03      4.30e-07    1.16e+00
   5        1.1420e-03   4.30e-06          1.1386e-03      4.27e-07    1.15e+00
   5        1.1428e-03   4.11e-06          1.1387e-03      4.25e-07    1.15e+00
LO = (1.1386611e-03 +- 4.2509866e-07) pb

*******************************************
* virtual corrections + integrated dipole *
*******************************************
The limits of integration are:

xl[0]=0.000000    xu[0]=1.000000
xl[1]=0.000000    xu[1]=1.000000
xl[2]=0.000000    xu[2]=1.000000

num_dim=3, calls=240, it_num=1, max_it_num=5 verb=0, alph=1.50,
mode=0, bins=50, boxes=1

       single.......iteration                   accumulated......results   
iteration     integral    sigma             integral         sigma     chi-sq/it

   1        3.9865e-05   4.68e-06          3.9865e-05      4.68e-06    0.00e+00
   2        4.1374e-05   1.98e-06          4.1144e-05      1.83e-06    8.81e-02
   3        4.3088e-05   1.30e-06          4.2433e-05      1.06e-06    4.19e-01
   4        4.3396e-05   1.08e-06          4.2908e-05      7.55e-07    4.15e-01
   5        4.4325e-05   1.01e-06          4.3413e-05      6.06e-07    6.26e-01

num_dim=3, calls=1200, it_num=1, max_it_num=3 verb=0, alph=1.50,
mode=0, bins=50, boxes=1

       single.......iteration                   accumulated......results   
iteration     integral    sigma             integral         sigma     chi-sq/it

   1        4.1394e-05   4.33e-07          4.1394e-05      4.33e-07    0.00e+00
   2        4.2318e-05   3.71e-07          4.1927e-05      2.82e-07    2.63e+00
   3        4.2150e-05   3.53e-07          4.2014e-05      2.20e-07    1.44e+00
vNLO = (4.2013617e-05 +- 2.2019862e-07) pb

*****************************
* collinear remainder (P+K) *
*****************************
The limits of integration are:

xl[0]=0.000000    xu[0]=1.000000
xl[1]=0.000000    xu[1]=1.000000
xl[2]=0.000000    xu[2]=1.000000
xl[3]=0.000000    xu[3]=1.000000

num_dim=4, calls=2500, it_num=1, max_it_num=5 verb=0, alph=1.50,
mode=0, bins=50, boxes=1

       single.......iteration                   accumulated......results   
iteration     integral    sigma             integral         sigma     chi-sq/it

   1        1.5082e-04   1.16e-05          1.5082e-04      1.16e-05    0.00e+00
   2        1.5118e-04   3.45e-06          1.5115e-04      3.30e-06    8.98e-04
   3        1.4541e-04   2.69e-06          1.4769e-04      2.08e-06    9.10e-01
   4        1.4720e-04   2.42e-06          1.4748e-04      1.58e-06    6.15e-01
   5        1.4698e-04   2.42e-06          1.4734e-04      1.32e-06    4.69e-01

num_dim=4, calls=25000, it_num=1, max_it_num=3 verb=0, alph=1.50,
mode=0, bins=50, boxes=1

       single.......iteration                   accumulated......results   
iteration     integral    sigma             integral         sigma     chi-sq/it

   1        1.4437e-04   7.81e-07          1.4437e-04      7.81e-07    0.00e+00
   2        1.4392e-04   7.89e-07          1.4415e-04      5.55e-07    1.69e-01
   3        1.4349e-04   7.78e-07          1.4393e-04      4.52e-07    3.23e-01
   3        1.4407e-04   7.80e-07          1.4396e-04      3.91e-07    2.24e-01
   3        1.4343e-04   7.92e-07          1.4386e-04      3.51e-07    2.60e-01
   3        1.4314e-04   7.79e-07          1.4374e-04      3.20e-07    3.50e-01
   3        1.4467e-04   7.82e-07          1.4387e-04      2.96e-07    4.96e-01
   3        1.4340e-04   7.85e-07          1.4381e-04      2.77e-07    4.69e-01
   3        1.4328e-04   7.93e-07          1.4375e-04      2.61e-07    4.60e-01
   3        1.4390e-04   7.78e-07          1.4377e-04      2.48e-07    4.13e-01
   3        1.4217e-04   8.06e-07          1.4363e-04      2.37e-07    7.30e-01
P+K = (1.4363163e-04 +- 2.3686608e-07) pb

********************************
* real gluon emission - dipole *
********************************
The limits of integration are:

xl[0]=0.000000    xu[0]=1.000000
xl[1]=0.000000    xu[1]=1.000000
xl[2]=0.000000    xu[2]=1.000000
xl[3]=0.000000    xu[3]=1.000000
xl[4]=0.000000    xu[4]=1.000000
xl[5]=0.000000    xu[5]=1.000000

num_dim=6, calls=250, it_num=1, max_it_num=5 verb=0, alph=1.50,
mode=0, bins=50, boxes=1

       single.......iteration                   accumulated......results   
iteration     integral    sigma             integral         sigma     chi-sq/it

   1        -2.8753e-06   6.20e-07          -2.8753e-06      6.20e-07    0.00e+00
   2        -3.4094e-06   7.17e-07          -3.1035e-06      4.69e-07    3.18e-01
   3        -3.8183e-06   6.06e-07          -3.3711e-06      3.71e-07    5.94e-01
   4        -3.9313e-06   9.34e-07          -3.4474e-06      3.45e-07    4.99e-01
   5        -3.2190e-06   4.07e-07          -3.3519e-06      2.63e-07    4.20e-01

num_dim=6, calls=2500, it_num=1, max_it_num=3 verb=0, alph=1.50,
mode=0, bins=50, boxes=1

       single.......iteration                   accumulated......results   
iteration     integral    sigma             integral         sigma     chi-sq/it

   1        -3.4294e-06   1.24e-07          -3.4294e-06      1.24e-07    0.00e+00
   2        -3.3881e-06   5.21e-08          -3.3943e-06      4.80e-08    9.45e-02
   3        -3.4049e-06   5.16e-08          -3.3992e-06      3.51e-08    5.86e-02
   3        -3.3733e-06   4.16e-08          -3.3884e-06      2.69e-08    1.15e-01
   3        -3.3861e-06   3.26e-08          -3.3875e-06      2.07e-08    8.68e-02
   3        -3.3673e-06   2.91e-08          -3.3807e-06      1.69e-08    1.33e-01
   3        -3.3565e-06   2.97e-08          -3.3748e-06      1.47e-08    1.95e-01
   3        -3.3867e-06   2.86e-08          -3.3772e-06      1.31e-08    1.87e-01
   3        -3.3522e-06   2.67e-08          -3.3724e-06      1.17e-08    2.52e-01
   3        -3.3847e-06   2.73e-08          -3.3743e-06      1.08e-08    2.43e-01
   3        -3.3653e-06   2.74e-08          -3.3731e-06      1.00e-08    2.28e-01
   3        -3.3350e-06   2.77e-08          -3.3687e-06      9.43e-09    3.60e-01
   3        -3.3860e-06   2.67e-08          -3.3706e-06      8.89e-09    3.61e-01
   3        -3.3742e-06   2.64e-08          -3.3710e-06      8.43e-09    3.35e-01
   3        -3.3272e-06   2.59e-08          -3.3668e-06      8.01e-09    4.95e-01
   3        -3.3877e-06   2.97e-08          -3.3682e-06      7.74e-09    4.93e-01
   3        -3.3708e-06   3.26e-08          -3.3684e-06      7.53e-09    4.62e-01
   3        -3.3381e-06   2.82e-08          -3.3663e-06      7.27e-09    4.98e-01
   3        -3.3955e-06   3.02e-08          -3.3679e-06      7.07e-09    5.20e-01
rNLOg = (-3.3679376e-06 +- 7.0720846e-09) pb

**************************************************
* real light quark emission - dipole - (onshell) *
**************************************************
The limits of integration are:

xl[0]=0.000000    xu[0]=1.000000
xl[1]=0.000000    xu[1]=1.000000
xl[2]=0.000000    xu[2]=1.000000
xl[3]=0.000000    xu[3]=1.000000
xl[4]=0.000000    xu[4]=1.000000
xl[5]=0.000000    xu[5]=1.000000

num_dim=6, calls=5000, it_num=1, max_it_num=5 verb=0, alph=1.50,
mode=0, bins=50, boxes=1

       single.......iteration                   accumulated......results   
iteration     integral    sigma             integral         sigma     chi-sq/it

   1        8.6647e-06   4.62e-07          8.6647e-06      4.62e-07    0.00e+00
   2        8.6635e-06   1.59e-07          8.6637e-06      1.50e-07    6.05e-06
   3        8.5758e-06   8.73e-08          8.5981e-06      7.55e-08    1.28e-01
   4        8.6237e-06   6.08e-08          8.6136e-06      4.73e-08    1.09e-01
   5        8.6211e-06   5.20e-08          8.6170e-06      3.50e-08    8.44e-02

num_dim=6, calls=50000, it_num=1, max_it_num=5 verb=0, alph=1.50,
mode=0, bins=50, boxes=1

       single.......iteration                   accumulated......results   
iteration     integral    sigma             integral         sigma     chi-sq/it

   1        8.6105e-06   1.60e-08          8.6105e-06      1.60e-08    0.00e+00
   2        8.6322e-06   1.92e-08          8.6194e-06      1.23e-08    7.51e-01
   3        8.6476e-06   2.04e-08          8.6269e-06      1.05e-08    1.07e+00
   4        8.6350e-06   1.72e-08          8.6291e-06      8.99e-09    7.67e-01
   5        8.6403e-06   1.89e-08          8.6312e-06      8.12e-09    6.47e-01
rNLOq = (8.6311830e-06 +- 8.1198465e-09) pb
NLO = (1.3295696e-03 +- 5.3424507e-07) pb
#chisq/dof = 1.63256e-09
#status = success
#chisq/dof = 3.64097e-10
#status = success
#chisq/dof = 8.41941e-10
#status = success
#chisq/dof = 5.34205e-10
#status = success
#chisq/dof = 2.74469e-10
#status = success
#chisq/dof = 2.56321e-12
#status = success
#chisq/dof = 6.35877e-10
#status = success
#chisq/dof = 4.75385e-11
#status = success

*******************************************************
* threshold resummation (unimproved nnll) - expansion *
*******************************************************
The limits of integration are:

xl[0]=0.000000    xu[0]=1.000000
xl[1]=0.000000    xu[1]=1.000000
xl[2]=0.000000    xu[2]=1.000000

num_dim=3, calls=7000, it_num=1, max_it_num=5 verb=0, alph=1.50,
mode=0, bins=50, boxes=1

       single.......iteration                   accumulated......results   
iteration     integral    sigma             integral         sigma     chi-sq/it

   1        1.4559e-05   1.26e-06          1.4559e-05      1.26e-06    0.00e+00
   2        1.3301e-05   6.46e-07          1.3563e-05      5.75e-07    7.90e-01
   3        1.2493e-05   6.06e-07          1.3057e-05      4.17e-07    1.22e+00
   4        1.3238e-05   6.06e-07          1.3115e-05      3.43e-07    8.31e-01
   5        1.1968e-05   6.16e-07          1.2843e-05      3.00e-07    1.28e+00

num_dim=3, calls=35000, it_num=1, max_it_num=5 verb=0, alph=1.50,
mode=0, bins=50, boxes=1

       single.......iteration                   accumulated......results   
iteration     integral    sigma             integral         sigma     chi-sq/it

   1        1.2814e-05   2.70e-07          1.2814e-05      2.70e-07    0.00e+00
   2        1.3023e-05   2.74e-07          1.2917e-05      1.92e-07    2.96e-01
   3        1.2909e-05   2.74e-07          1.2914e-05      1.57e-07    1.48e-01
   4        1.2903e-05   2.75e-07          1.2912e-05      1.37e-07    9.93e-02
   5        1.2942e-05   2.73e-07          1.2918e-05      1.22e-07    7.70e-02
   5        1.2993e-05   2.73e-07          1.2930e-05      1.11e-07    7.42e-02
   5        1.3299e-05   2.71e-07          1.2983e-05      1.03e-07    3.24e-01
   5        1.3136e-05   2.74e-07          1.3002e-05      9.65e-08    3.17e-01
   5        1.3103e-05   2.74e-07          1.3013e-05      9.10e-08    2.92e-01
   5        1.2508e-05   2.73e-07          1.2963e-05      8.63e-08    6.02e-01
aNNLO+NNLL = (1.3425325e-03 +- 5.4117632e-07) pb

Results:
LO = (1.1592698e-03 +- 4.2887388e-07) pb
NLO = (1.3295696e-03 +- 5.3424507e-07) pb
aNNLO+NNLL = (1.3425325e-03 +- 5.4117632e-07) pb
Thanks for using LHAPDF 6.2.3. Please make sure to cite the paper:
  Eur.Phys.J. C75 (2015) 3, 132  (http://arxiv.org/abs/1412.7420)
 ====================================================
   FF 2.0, a package to evaluate one-loop integrals
 written by G. J. van Oldenborgh, NIKHEF-H, Amsterdam
 ====================================================
 for the algorithms used see preprint NIKHEF-H 89/17,
 'New Algorithms for One-loop Integrals', by G.J. van
 Oldenborgh and J.A.M. Vermaseren, published in 
 Zeitschrift fuer Physik C46(1990)425.
 ====================================================
 
total number of errors and warnings
===================================
fferr: no errors
 
