
  Welcome to Resummino git-latest
  Copyright 2008-2010 Jonathan Debove.
  Copyright 2011-2014 David R. Lamprea.
  Copyright 2011-2016 Marcel Rothering.

  Licensed under the EUPL 1.1 or later.
  See http://www.resummino.org/ for more information.

  If using Resummino for slepton pair production, please cite.
  - G. Bozzi, B. Fuks, M. Klasen, PRD 74, 015001 (2006); NPB 777, 157 (2007); NPB 794, 46 (2007).
  - B. Fuks, M. Klasen, D. R. Lamprea, M. Rothering, EPJC 73, 2480 (2013).

  For gaugino pair production, please cite:
  - J. Debove, B. Fuks, M. Klasen, PLB 688, 208 (2010); NPB 842, 51 (2011); NPB 849, 64 (2011).
  - B. Fuks, M. Klasen, D. R. Lamprea, M. Rothering, JHEP 1210, 081 (2012); EPJC 73, 2480 (2013).

  For associated gaugino gluino production, please cite:
  - B. Fuks, M. Klasen, M. Rothering, JHEP 07:053, (2016).
  - B. Fuks, M. Klasen, D. R. Lamprea, M. Rothering, EPJC 73, 2480 (2013).

LHAPDF 6.2.3 loading /pool/condor/dir_87518/resummino-releases/lhapdf-prefix/share/LHAPDF/PDF4LHC21_40/PDF4LHC21_40_0000.dat
PDF4LHC21_40 PDF set, member #0, version 1
 alpha_s(M_Z^2) = 0.1180 	 for LO PDF set 
 alpha_s(200.000^2) = 0.1055 	 for LO PDF set 

********************
* LO cross section *
********************
The limits of integration are:

xl[0]=0.000000    xu[0]=1.000000
xl[1]=0.000000    xu[1]=1.000000
xl[2]=0.000000    xu[2]=1.000000

num_dim=3, calls=2000, it_num=1, max_it_num=5 verb=0, alph=1.50,
mode=0, bins=50, boxes=1

       single.......iteration                   accumulated......results   
iteration     integral    sigma             integral         sigma     chi-sq/it

   1        1.9185e-11   6.28e-13          1.9185e-11      6.28e-13    0.00e+00
   2        1.9470e-11   2.07e-13          1.9442e-11      1.96e-13    1.85e-01
   3        1.9793e-11   1.19e-13          1.9699e-11      1.02e-13    1.26e+00
   4        1.9499e-11   1.10e-13          1.9607e-11      7.49e-14    1.42e+00
   5        1.9485e-11   1.15e-13          1.9571e-11      6.27e-14    1.26e+00

num_dim=3, calls=20000, it_num=1, max_it_num=5 verb=0, alph=1.50,
mode=0, bins=50, boxes=1

       single.......iteration                   accumulated......results   
iteration     integral    sigma             integral         sigma     chi-sq/it

   1        1.9589e-11   3.50e-14          1.9589e-11      3.50e-14    0.00e+00
   2        1.9596e-11   3.46e-14          1.9593e-11      2.46e-14    2.14e-02
   3        1.9671e-11   3.41e-14          1.9620e-11      2.00e-14    1.73e+00
   4        1.9644e-11   3.56e-14          1.9625e-11      1.74e-14    1.27e+00
   5        1.9561e-11   3.57e-14          1.9613e-11      1.56e-14    1.60e+00
   5        1.9596e-11   3.58e-14          1.9610e-11      1.43e-14    1.32e+00
   5        1.9624e-11   3.62e-14          1.9612e-11      1.33e-14    1.12e+00
   5        1.9577e-11   3.65e-14          1.9608e-11      1.25e-14    1.07e+00
   5        1.9565e-11   3.75e-14          1.9604e-11      1.19e-14    1.09e+00
   5        1.9530e-11   3.84e-14          1.9597e-11      1.13e-14    1.34e+00
   5        1.9589e-11   4.01e-14          1.9597e-11      1.09e-14    1.21e+00
   5        1.9585e-11   4.02e-14          1.9596e-11      1.05e-14    1.11e+00
   5        1.9636e-11   4.22e-14          1.9598e-11      1.02e-14    1.09e+00
   5        1.9589e-11   4.40e-14          1.9598e-11      9.96e-15    1.01e+00
LO = (1.9597663e-11 +- 9.9566038e-15) pb
LHAPDF 6.2.3 loading /pool/condor/dir_87518/resummino-releases/lhapdf-prefix/share/LHAPDF/PDF4LHC21_40/PDF4LHC21_40_0010.dat
PDF4LHC21_40 PDF set, member #10, version 1
 alpha_s(M_Z^2) = 0.1180 	 for NLO PDF set 
 alpha_s(200.000^2) = 0.1055 	 for NLO PDF set 

********************
* LO cross section *
********************
The limits of integration are:

xl[0]=0.000000    xu[0]=1.000000
xl[1]=0.000000    xu[1]=1.000000
xl[2]=0.000000    xu[2]=1.000000

num_dim=3, calls=2000, it_num=1, max_it_num=5 verb=0, alph=1.50,
mode=0, bins=50, boxes=1

       single.......iteration                   accumulated......results   
iteration     integral    sigma             integral         sigma     chi-sq/it

   1        1.9112e-11   6.28e-13          1.9112e-11      6.28e-13    0.00e+00
   2        1.9390e-11   2.06e-13          1.9363e-11      1.96e-13    1.77e-01
   3        1.9712e-11   1.20e-13          1.9617e-11      1.02e-13    1.24e+00
   4        1.9421e-11   1.11e-13          1.9527e-11      7.53e-14    1.39e+00
   5        1.9403e-11   1.16e-13          1.9490e-11      6.31e-14    1.24e+00

num_dim=3, calls=20000, it_num=1, max_it_num=5 verb=0, alph=1.50,
mode=0, bins=50, boxes=1

       single.......iteration                   accumulated......results   
iteration     integral    sigma             integral         sigma     chi-sq/it

   1        1.9513e-11   3.53e-14          1.9513e-11      3.53e-14    0.00e+00
   2        1.9519e-11   3.49e-14          1.9516e-11      2.48e-14    1.44e-02
   3        1.9592e-11   3.43e-14          1.9542e-11      2.01e-14    1.65e+00
   4        1.9566e-11   3.59e-14          1.9548e-11      1.75e-14    1.21e+00
   5        1.9483e-11   3.59e-14          1.9535e-11      1.58e-14    1.56e+00
   5        1.9517e-11   3.60e-14          1.9532e-11      1.44e-14    1.29e+00
   5        1.9545e-11   3.65e-14          1.9534e-11      1.34e-14    1.09e+00
   5        1.9498e-11   3.67e-14          1.9530e-11      1.26e-14    1.06e+00
   5        1.9486e-11   3.77e-14          1.9525e-11      1.20e-14    1.08e+00
   5        1.9447e-11   3.87e-14          1.9519e-11      1.14e-14    1.37e+00
   5        1.9513e-11   4.03e-14          1.9518e-11      1.10e-14    1.24e+00
   5        1.9506e-11   4.05e-14          1.9517e-11      1.06e-14    1.13e+00
   5        1.9559e-11   4.24e-14          1.9520e-11      1.03e-14    1.11e+00
   5        1.9513e-11   4.43e-14          1.9519e-11      1.00e-14    1.03e+00
   5        1.9524e-11   4.70e-14          1.9520e-11      9.80e-15    9.56e-01
   5        1.9483e-11   4.82e-14          1.9518e-11      9.61e-15    9.30e-01
   5        1.9501e-11   4.88e-14          1.9518e-11      9.43e-15    8.79e-01
   5        1.9563e-11   5.01e-14          1.9519e-11      9.26e-15    8.73e-01
   5        1.9599e-11   5.29e-14          1.9521e-11      9.12e-15    9.47e-01
   5        1.9610e-11   5.28e-14          1.9524e-11      8.99e-15    1.04e+00
   5        1.9476e-11   5.36e-14          1.9523e-11      8.87e-15    1.03e+00
   5        1.9546e-11   5.59e-14          1.9523e-11      8.76e-15    9.88e-01
   5        1.9555e-11   5.75e-14          1.9524e-11      8.66e-15    9.56e-01
   5        1.9481e-11   5.78e-14          1.9523e-11      8.56e-15    9.38e-01
   5        1.9624e-11   5.92e-14          1.9525e-11      8.47e-15    1.02e+00
   5        1.9497e-11   5.83e-14          1.9525e-11      8.39e-15    9.85e-01
   5        1.9642e-11   5.94e-14          1.9527e-11      8.30e-15    1.10e+00
   5        1.9558e-11   5.82e-14          1.9527e-11      8.22e-15    1.06e+00
   5        1.9518e-11   6.01e-14          1.9527e-11      8.14e-15    1.03e+00
   5        1.9589e-11   6.36e-14          1.9528e-11      8.08e-15    1.02e+00
   5        1.9476e-11   6.04e-14          1.9527e-11      8.01e-15    1.02e+00
   5        1.9538e-11   6.12e-14          1.9528e-11      7.94e-15    9.84e-01
   5        1.9634e-11   6.13e-14          1.9529e-11      7.87e-15    1.05e+00
   5        1.9457e-11   6.37e-14          1.9528e-11      7.81e-15    1.05e+00
   5        1.9439e-11   6.53e-14          1.9527e-11      7.76e-15    1.08e+00
   5        1.9592e-11   6.55e-14          1.9528e-11      7.71e-15    1.07e+00
   5        1.9389e-11   6.49e-14          1.9526e-11      7.65e-15    1.17e+00
   5        1.9486e-11   6.81e-14          1.9525e-11      7.60e-15    1.15e+00
   5        1.9583e-11   6.45e-14          1.9526e-11      7.55e-15    1.14e+00
   5        1.9548e-11   6.43e-14          1.9527e-11      7.50e-15    1.11e+00
   5        1.9577e-11   6.61e-14          1.9527e-11      7.45e-15    1.10e+00
   5        1.9552e-11   6.75e-14          1.9527e-11      7.41e-15    1.07e+00
   5        1.9613e-11   6.88e-14          1.9528e-11      7.36e-15    1.08e+00
   5        1.9561e-11   6.98e-14          1.9529e-11      7.32e-15    1.06e+00
   5        1.9456e-11   7.12e-14          1.9528e-11      7.29e-15    1.06e+00
   5        1.9521e-11   7.40e-14          1.9528e-11      7.25e-15    1.04e+00
   5        1.9581e-11   7.27e-14          1.9528e-11      7.21e-15    1.03e+00
   5        1.9299e-11   6.91e-14          1.9526e-11      7.18e-15    1.24e+00
   5        1.9656e-11   6.94e-14          1.9527e-11      7.14e-15    1.28e+00
   5        1.9637e-11   7.06e-14          1.9528e-11      7.10e-15    1.31e+00
   5        1.9522e-11   6.93e-14          1.9528e-11      7.06e-15    1.28e+00
   5        1.9419e-11   6.99e-14          1.9527e-11      7.03e-15    1.30e+00
   5        1.9564e-11   7.25e-14          1.9528e-11      7.00e-15    1.28e+00
   5        1.9454e-11   7.37e-14          1.9527e-11      6.96e-15    1.28e+00
   5        1.9688e-11   7.17e-14          1.9528e-11      6.93e-15    1.35e+00
LO = (1.9528495e-11 +- 6.9317450e-15) pb

*******************************************
* virtual corrections + integrated dipole *
*******************************************
The limits of integration are:

xl[0]=0.000000    xu[0]=1.000000
xl[1]=0.000000    xu[1]=1.000000
xl[2]=0.000000    xu[2]=1.000000

num_dim=3, calls=240, it_num=1, max_it_num=5 verb=0, alph=1.50,
mode=0, bins=50, boxes=1

       single.......iteration                   accumulated......results   
iteration     integral    sigma             integral         sigma     chi-sq/it

   1        2.8901e-12   2.92e-13          2.8901e-12      2.92e-13    0.00e+00
   2        2.7758e-12   1.08e-13          2.7895e-12      1.01e-13    1.35e-01
   3        3.0384e-12   7.79e-14          2.9460e-12      6.17e-14    1.97e+00
   4        3.0566e-12   6.53e-14          2.9981e-12      4.49e-14    1.82e+00
   5        3.2054e-12   7.36e-14          3.0542e-12      3.83e-14    2.80e+00

num_dim=3, calls=1200, it_num=1, max_it_num=3 verb=0, alph=1.50,
mode=0, bins=50, boxes=1

       single.......iteration                   accumulated......results   
iteration     integral    sigma             integral         sigma     chi-sq/it

   1        2.9957e-12   3.08e-14          2.9957e-12      3.08e-14    0.00e+00
   2        3.0719e-12   2.65e-14          3.0394e-12      2.01e-14    3.53e+00
   3        3.0483e-12   2.41e-14          3.0430e-12      1.54e-14    1.80e+00
   3        3.1197e-12   2.54e-14          3.0637e-12      1.32e-14    3.41e+00
   3        3.0275e-12   2.43e-14          3.0555e-12      1.16e-14    2.99e+00
   3        3.0622e-12   2.43e-14          3.0567e-12      1.05e-14    2.40e+00
   3        3.0301e-12   2.57e-14          3.0529e-12      9.70e-15    2.15e+00
   3        3.0850e-12   2.40e-14          3.0574e-12      8.99e-15    2.07e+00
   3        3.0652e-12   2.33e-14          3.0584e-12      8.39e-15    1.82e+00
   3        3.0642e-12   2.41e-14          3.0591e-12      7.92e-15    1.62e+00
   3        3.0360e-12   2.45e-14          3.0569e-12      7.54e-15    1.54e+00
   3        3.0562e-12   2.53e-14          3.0568e-12      7.22e-15    1.40e+00
   3        3.0788e-12   2.39e-14          3.0587e-12      6.91e-15    1.35e+00
   3        3.0691e-12   2.50e-14          3.0594e-12      6.66e-15    1.26e+00
   3        3.0744e-12   2.57e-14          3.0603e-12      6.45e-15    1.19e+00
vNLO = (3.0603486e-12 +- 6.4497909e-15) pb

*****************************
* collinear remainder (P+K) *
*****************************
The limits of integration are:

xl[0]=0.000000    xu[0]=1.000000
xl[1]=0.000000    xu[1]=1.000000
xl[2]=0.000000    xu[2]=1.000000
xl[3]=0.000000    xu[3]=1.000000

num_dim=4, calls=2500, it_num=1, max_it_num=5 verb=0, alph=1.50,
mode=0, bins=50, boxes=1

       single.......iteration                   accumulated......results   
iteration     integral    sigma             integral         sigma     chi-sq/it

   1        5.2320e-13   1.97e-13          5.2320e-13      1.97e-13    0.00e+00
   2        3.1638e-13   1.00e-13          3.5885e-13      8.93e-14    8.75e-01
   3        2.9168e-13   8.37e-14          3.2310e-13      6.11e-14    5.88e-01
   4        2.2191e-13   8.19e-14          2.8694e-13      4.90e-14    7.19e-01
   5        1.7974e-13   8.28e-14          2.5917e-13      4.21e-14    8.50e-01

num_dim=4, calls=25000, it_num=1, max_it_num=3 verb=0, alph=1.50,
mode=0, bins=50, boxes=1

       single.......iteration                   accumulated......results   
iteration     integral    sigma             integral         sigma     chi-sq/it

   1        2.1042e-13   2.61e-14          2.1042e-13      2.61e-14    0.00e+00
   2        1.9229e-13   2.62e-14          2.0138e-13      1.85e-14    2.41e-01
   3        2.1737e-13   2.59e-14          2.0676e-13      1.50e-14    2.47e-01
   3        2.0754e-13   2.61e-14          2.0696e-13      1.30e-14    1.65e-01
   3        2.3213e-13   2.62e-14          2.1195e-13      1.17e-14    3.09e-01
   3        2.2238e-13   2.61e-14          2.1369e-13      1.06e-14    2.74e-01
   3        2.3180e-13   2.61e-14          2.1628e-13      9.86e-15    2.97e-01
   3        1.7810e-13   2.61e-14          2.1153e-13      9.22e-15    5.22e-01
   3        1.8280e-13   2.62e-14          2.0835e-13      8.70e-15    5.91e-01
   3        2.1141e-13   2.62e-14          2.0866e-13      8.25e-15    5.26e-01
   3        2.0002e-13   2.62e-14          2.0787e-13      7.87e-15    4.84e-01
   3        2.2930e-13   2.62e-14          2.0965e-13      7.54e-15    4.95e-01
   3        2.2449e-13   2.62e-14          2.1078e-13      7.25e-15    4.79e-01
   3        1.9056e-13   2.64e-14          2.0936e-13      6.99e-15    4.84e-01
   3        1.9450e-13   2.64e-14          2.0838e-13      6.75e-15    4.71e-01
   3        1.7816e-13   2.66e-14          2.0656e-13      6.55e-15    5.20e-01
   3        2.0952e-13   2.67e-14          2.0673e-13      6.36e-15    4.88e-01
   3        1.7478e-13   2.67e-14          2.0501e-13      6.18e-15    5.39e-01
P+K = (2.0501418e-13 +- 6.1847057e-15) pb

********************************
* real gluon emission - dipole *
********************************
The limits of integration are:

xl[0]=0.000000    xu[0]=1.000000
xl[1]=0.000000    xu[1]=1.000000
xl[2]=0.000000    xu[2]=1.000000
xl[3]=0.000000    xu[3]=1.000000
xl[4]=0.000000    xu[4]=1.000000
xl[5]=0.000000    xu[5]=1.000000

num_dim=6, calls=250, it_num=1, max_it_num=5 verb=0, alph=1.50,
mode=0, bins=50, boxes=1

       single.......iteration                   accumulated......results   
iteration     integral    sigma             integral         sigma     chi-sq/it

   1        -1.1212e-13   2.74e-14          -1.1212e-13      2.74e-14    0.00e+00
   2        -1.3906e-13   3.71e-14          -1.2162e-13      2.20e-14    3.42e-01
   3        -1.0878e-13   1.67e-14          -1.1348e-13      1.33e-14    2.79e-01
   4        -9.1885e-14   1.03e-14          -9.9998e-14      8.17e-15    7.33e-01
   5        -1.2699e-13   1.74e-14          -1.0488e-13      7.39e-15    1.04e+00

num_dim=6, calls=2500, it_num=1, max_it_num=3 verb=0, alph=1.50,
mode=0, bins=50, boxes=1

       single.......iteration                   accumulated......results   
iteration     integral    sigma             integral         sigma     chi-sq/it

   1        -1.0680e-13   4.14e-15          -1.0680e-13      4.14e-15    0.00e+00
   2        -1.0380e-13   2.33e-15          -1.0452e-13      2.03e-15    3.99e-01
   3        -1.0855e-13   2.12e-15          -1.0645e-13      1.47e-15    1.14e+00
rNLOg = (-1.0644870e-13 +- 1.4652492e-15) pb

**************************************************
* real light quark emission - dipole - (onshell) *
**************************************************
The limits of integration are:

xl[0]=0.000000    xu[0]=1.000000
xl[1]=0.000000    xu[1]=1.000000
xl[2]=0.000000    xu[2]=1.000000
xl[3]=0.000000    xu[3]=1.000000
xl[4]=0.000000    xu[4]=1.000000
xl[5]=0.000000    xu[5]=1.000000

num_dim=6, calls=5000, it_num=1, max_it_num=5 verb=0, alph=1.50,
mode=0, bins=50, boxes=1

       single.......iteration                   accumulated......results   
iteration     integral    sigma             integral         sigma     chi-sq/it

   1        2.6991e-13   1.93e-14          2.6991e-13      1.93e-14    0.00e+00
   2        2.8015e-13   6.45e-15          2.7913e-13      6.12e-15    2.52e-01
   3        2.7001e-13   3.55e-15          2.7231e-13      3.07e-15    9.56e-01
   4        2.6523e-13   2.93e-15          2.6860e-13      2.12e-15    1.56e+00
   5        2.6754e-13   2.68e-15          2.6819e-13      1.66e-15    1.20e+00

num_dim=6, calls=50000, it_num=1, max_it_num=5 verb=0, alph=1.50,
mode=0, bins=50, boxes=1

       single.......iteration                   accumulated......results   
iteration     integral    sigma             integral         sigma     chi-sq/it

   1        2.6767e-13   8.40e-16          2.6767e-13      8.40e-16    0.00e+00
   2        2.6906e-13   8.64e-16          2.6835e-13      6.02e-16    1.34e+00
   3        2.7055e-13   9.61e-16          2.6897e-13      5.10e-16    2.55e+00
   4        2.6901e-13   9.21e-16          2.6898e-13      4.46e-16    1.70e+00
   5        2.6913e-13   9.25e-16          2.6901e-13      4.02e-16    1.28e+00
rNLOq = (2.6900906e-13 +- 4.0205740e-16) pb
NLO = (2.2956419e-11 +- 1.1410876e-14) pb
#chisq/dof = 2.63525e-07
#status = success
#chisq/dof = 1.85425e-08
#status = success
#chisq/dof = 7.54158e-10
#status = success
#chisq/dof = 4.69409e-09
#status = success
#chisq/dof = 7.50492e-10
#status = success
#chisq/dof = 5.88879e-11
#status = success
#chisq/dof = 2.91399e-09
#status = cannot reach the specified tolerance in F
#chisq/dof = 1.94346e-10
#status = success

*******************************************************
* threshold resummation (unimproved nnll) - expansion *
*******************************************************
The limits of integration are:

xl[0]=0.000000    xu[0]=1.000000
xl[1]=0.000000    xu[1]=1.000000
xl[2]=0.000000    xu[2]=1.000000

num_dim=3, calls=7000, it_num=1, max_it_num=5 verb=0, alph=1.50,
mode=0, bins=50, boxes=1

       single.......iteration                   accumulated......results   
iteration     integral    sigma             integral         sigma     chi-sq/it

   1        5.2524e-12   3.58e-12          5.2524e-12      3.58e-12    0.00e+00
   2        -8.4309e-13   8.76e-13          -4.9862e-13      8.51e-13    2.74e+00
   3        9.3655e-13   7.38e-13          3.2049e-13      5.57e-13    2.18e+00
   4        -1.3618e-12   7.26e-13          -3.0385e-13      4.42e-13    2.58e+00
   5        -6.2027e-13   7.37e-13          -3.8753e-13      3.79e-13    1.97e+00

num_dim=3, calls=35000, it_num=1, max_it_num=5 verb=0, alph=1.50,
mode=0, bins=50, boxes=1

       single.......iteration                   accumulated......results   
iteration     integral    sigma             integral         sigma     chi-sq/it

   1        -1.1853e-13   3.28e-13          -1.1853e-13      3.28e-13    0.00e+00
   2        -7.9969e-13   3.26e-13          -4.6167e-13      2.31e-13    2.17e+00
   3        -8.4295e-13   3.28e-13          -5.8813e-13      1.89e-13    1.53e+00
   4        -7.1823e-13   3.28e-13          -6.2051e-13      1.64e-13    1.06e+00
   5        2.1256e-13   3.27e-13          -4.5288e-13      1.46e-13    2.10e+00
   5        -1.7287e-13   3.28e-13          -4.0622e-13      1.34e-13    1.80e+00
   5        -3.5074e-13   3.29e-13          -3.9836e-13      1.24e-13    1.50e+00
   5        -5.5034e-14   3.26e-13          -3.5505e-13      1.16e-13    1.43e+00
   5        -2.6403e-14   3.28e-13          -3.1855e-13      1.09e-13    1.36e+00
   5        3.2095e-15   3.29e-13          -2.8665e-13      1.04e-13    1.30e+00
   5        -1.7338e-13   3.26e-13          -2.7627e-13      9.88e-14    1.19e+00
   5        -2.1457e-13   3.28e-13          -2.7114e-13      9.46e-14    1.08e+00
   5        -4.1247e-13   3.29e-13          -2.8192e-13      9.09e-14    1.00e+00
   5        -4.1043e-13   3.29e-13          -2.9103e-13      8.76e-14    9.38e-01
   5        -1.8201e-13   3.31e-13          -2.8388e-13      8.47e-14    8.78e-01
   5        -5.9620e-13   3.28e-13          -3.0342e-13      8.20e-14    8.77e-01
   5        2.1414e-14   3.29e-13          -2.8439e-13      7.96e-14    8.79e-01
   5        2.5441e-13   3.29e-13          -2.5469e-13      7.73e-14    9.76e-01
   5        -8.4428e-13   3.28e-13          -2.8581e-13      7.53e-14    1.09e+00
   5        -4.8149e-13   3.30e-13          -2.9546e-13      7.34e-14    1.05e+00
   5        -1.5673e-13   3.32e-13          -2.8900e-13      7.17e-14    1.01e+00
   5        -3.1793e-14   3.30e-13          -2.7745e-13      7.00e-14    9.88e-01
   5        -8.9395e-14   3.32e-13          -2.6942e-13      6.85e-14    9.57e-01
   5        -7.4900e-14   3.34e-13          -2.6156e-13      6.71e-14    9.29e-01
   5        -1.3589e-13   3.33e-13          -2.5666e-13      6.58e-14    8.96e-01
   5        -5.6762e-13   3.36e-13          -2.6815e-13      6.46e-14    8.94e-01
   5        -3.7184e-13   3.33e-13          -2.7192e-13      6.34e-14    8.63e-01
   5        -5.0417e-13   3.35e-13          -2.7993e-13      6.23e-14    8.48e-01
   5        -2.7985e-13   3.36e-13          -2.7993e-13      6.12e-14    8.18e-01
   5        5.9978e-14   3.35e-13          -2.6893e-13      6.02e-14    8.24e-01
   5        -2.9712e-13   3.37e-13          -2.6981e-13      5.93e-14    7.97e-01
   5        -9.1372e-13   3.38e-13          -2.8907e-13      5.84e-14    8.85e-01
   5        -3.1601e-13   3.38e-13          -2.8985e-13      5.76e-14    8.57e-01
   5        -8.8809e-14   3.38e-13          -2.8419e-13      5.67e-14    8.42e-01
   5        -4.0821e-13   3.38e-13          -2.8758e-13      5.60e-14    8.21e-01
   5        -4.5267e-13   3.37e-13          -2.9201e-13      5.52e-14    8.04e-01
   5        5.7958e-14   3.38e-13          -2.8292e-13      5.45e-14    8.11e-01
   5        -1.6714e-13   3.39e-13          -2.8000e-13      5.38e-14    7.92e-01
   5        -2.9830e-13   3.39e-13          -2.8045e-13      5.31e-14    7.71e-01
   5        2.9366e-13   3.42e-13          -2.6693e-13      5.25e-14    8.22e-01
   5        -2.9344e-14   3.45e-13          -2.6157e-13      5.19e-14    8.13e-01
   5        4.6978e-13   3.44e-13          -2.4527e-13      5.13e-14    9.01e-01
   5        -4.4204e-14   3.43e-13          -2.4087e-13      5.08e-14    8.87e-01
   5        6.8439e-13   3.44e-13          -2.2121e-13      5.02e-14    1.03e+00
   5        2.5001e-13   3.48e-13          -2.1163e-13      4.97e-14    1.05e+00
   5        2.4924e-13   3.44e-13          -2.0220e-13      4.92e-14    1.06e+00
   5        -7.2607e-13   3.47e-13          -2.1254e-13      4.87e-14    1.09e+00
   5        -2.5879e-13   3.47e-13          -2.1343e-13      4.82e-14    1.07e+00
   5        -1.4136e-13   3.47e-13          -2.1207e-13      4.78e-14    1.05e+00
   5        2.7730e-13   3.46e-13          -2.0292e-13      4.73e-14    1.06e+00
   5        5.2287e-14   3.48e-13          -1.9828e-13      4.69e-14    1.05e+00
   5        -1.7402e-13   3.50e-13          -1.9785e-13      4.65e-14    1.03e+00
   5        -2.2033e-13   3.50e-13          -1.9824e-13      4.61e-14    1.01e+00
   5        5.1712e-14   3.48e-13          -1.9392e-13      4.57e-14    1.00e+00
   5        -8.9544e-14   3.50e-13          -1.9218e-13      4.53e-14    9.87e-01
aNNLO+NNLL = (2.2764238e-11 +- 4.6701571e-14) pb

Results:
LO = (1.9597663e-11 +- 9.9566038e-15) pb
NLO = (2.2956419e-11 +- 1.1410876e-14) pb
aNNLO+NNLL = (2.2764238e-11 +- 4.6701571e-14) pb
Thanks for using LHAPDF 6.2.3. Please make sure to cite the paper:
  Eur.Phys.J. C75 (2015) 3, 132  (http://arxiv.org/abs/1412.7420)
 ====================================================
   FF 2.0, a package to evaluate one-loop integrals
 written by G. J. van Oldenborgh, NIKHEF-H, Amsterdam
 ====================================================
 for the algorithms used see preprint NIKHEF-H 89/17,
 'New Algorithms for One-loop Integrals', by G.J. van
 Oldenborgh and J.A.M. Vermaseren, published in 
 Zeitschrift fuer Physik C46(1990)425.
 ====================================================
 
total number of errors and warnings
===================================
fferr: no errors
 
