
  Welcome to Resummino git-latest
  Copyright 2008-2010 Jonathan Debove.
  Copyright 2011-2014 David R. Lamprea.
  Copyright 2011-2016 Marcel Rothering.

  Licensed under the EUPL 1.1 or later.
  See http://www.resummino.org/ for more information.

  If using Resummino for slepton pair production, please cite.
  - G. Bozzi, B. Fuks, M. Klasen, PRD 74, 015001 (2006); NPB 777, 157 (2007); NPB 794, 46 (2007).
  - B. Fuks, M. Klasen, D. R. Lamprea, M. Rothering, EPJC 73, 2480 (2013).

  For gaugino pair production, please cite:
  - J. Debove, B. Fuks, M. Klasen, PLB 688, 208 (2010); NPB 842, 51 (2011); NPB 849, 64 (2011).
  - B. Fuks, M. Klasen, D. R. Lamprea, M. Rothering, JHEP 1210, 081 (2012); EPJC 73, 2480 (2013).

  For associated gaugino gluino production, please cite:
  - B. Fuks, M. Klasen, M. Rothering, JHEP 07:053, (2016).
  - B. Fuks, M. Klasen, D. R. Lamprea, M. Rothering, EPJC 73, 2480 (2013).

LHAPDF 6.2.3 loading /pool/condor/dir_32313/resummino-releases/lhapdf-prefix/share/LHAPDF/PDF4LHC21_40/PDF4LHC21_40_0000.dat
PDF4LHC21_40 PDF set, member #0, version 1
 alpha_s(M_Z^2) = 0.1180 	 for LO PDF set 
 alpha_s(1800.000^2) = 0.0816 	 for LO PDF set 

********************
* LO cross section *
********************
The limits of integration are:

xl[0]=0.000000    xu[0]=1.000000
xl[1]=0.000000    xu[1]=1.000000
xl[2]=0.000000    xu[2]=1.000000

num_dim=3, calls=2000, it_num=1, max_it_num=5 verb=0, alph=1.50,
mode=0, bins=50, boxes=1

       single.......iteration                   accumulated......results   
iteration     integral    sigma             integral         sigma     chi-sq/it

   1        8.1576e-14   2.40e-15          8.1576e-14      2.40e-15    0.00e+00
   2        8.5712e-14   8.71e-16          8.5231e-14      8.19e-16    2.62e+00
   3        8.6871e-14   4.73e-16          8.6461e-14      4.10e-16    2.81e+00
   4        8.5783e-14   4.48e-16          8.6151e-14      3.02e-16    2.29e+00
   5        8.5695e-14   4.63e-16          8.6015e-14      2.53e-16    1.89e+00

num_dim=3, calls=20000, it_num=1, max_it_num=5 verb=0, alph=1.50,
mode=0, bins=50, boxes=1

       single.......iteration                   accumulated......results   
iteration     integral    sigma             integral         sigma     chi-sq/it

   1        8.6105e-14   1.42e-16          8.6105e-14      1.42e-16    0.00e+00
   2        8.6082e-14   1.38e-16          8.6093e-14      9.88e-17    1.38e-02
   3        8.6289e-14   1.36e-16          8.6161e-14      8.00e-17    6.85e-01
   4        8.6276e-14   1.44e-16          8.6188e-14      6.99e-17    6.21e-01
   5        8.5922e-14   1.45e-16          8.6138e-14      6.30e-17    1.15e+00
LO = (8.6137647e-14 +- 6.3009355e-17) pb
LHAPDF 6.2.3 loading /pool/condor/dir_32313/resummino-releases/lhapdf-prefix/share/LHAPDF/PDF4LHC21_40/PDF4LHC21_40_0016.dat
PDF4LHC21_40 PDF set, member #16, version 1
 alpha_s(M_Z^2) = 0.1180 	 for NLO PDF set 
 alpha_s(1800.000^2) = 0.0816 	 for NLO PDF set 

********************
* LO cross section *
********************
The limits of integration are:

xl[0]=0.000000    xu[0]=1.000000
xl[1]=0.000000    xu[1]=1.000000
xl[2]=0.000000    xu[2]=1.000000

num_dim=3, calls=2000, it_num=1, max_it_num=5 verb=0, alph=1.50,
mode=0, bins=50, boxes=1

       single.......iteration                   accumulated......results   
iteration     integral    sigma             integral         sigma     chi-sq/it

   1        7.9729e-14   2.36e-15          7.9729e-14      2.36e-15    0.00e+00
   2        8.3942e-14   8.58e-16          8.3451e-14      8.06e-16    2.81e+00
   3        8.5018e-14   4.50e-16          8.4645e-14      3.93e-16    2.84e+00
   4        8.3976e-14   4.19e-16          8.4332e-14      2.87e-16    2.35e+00
   5        8.4004e-14   4.27e-16          8.4230e-14      2.38e-16    1.86e+00

num_dim=3, calls=20000, it_num=1, max_it_num=5 verb=0, alph=1.50,
mode=0, bins=50, boxes=1

       single.......iteration                   accumulated......results   
iteration     integral    sigma             integral         sigma     chi-sq/it

   1        8.4305e-14   1.32e-16          8.4305e-14      1.32e-16    0.00e+00
   2        8.4253e-14   1.29e-16          8.4278e-14      9.22e-17    8.20e-02
   3        8.4443e-14   1.27e-16          8.4335e-14      7.46e-17    5.92e-01
   4        8.4451e-14   1.34e-16          8.4363e-14      6.52e-17    5.83e-01
   5        8.4118e-14   1.36e-16          8.4317e-14      5.88e-17    1.10e+00
   5        8.4176e-14   1.36e-16          8.4294e-14      5.40e-17    1.06e+00
   5        8.4422e-14   1.36e-16          8.4312e-14      5.01e-17    1.01e+00
   5        8.4114e-14   1.40e-16          8.4289e-14      4.72e-17    1.12e+00
   5        8.4145e-14   1.43e-16          8.4275e-14      4.48e-17    1.09e+00
   5        8.4080e-14   1.46e-16          8.4258e-14      4.28e-17    1.15e+00
   5        8.4202e-14   1.54e-16          8.4254e-14      4.13e-17    1.05e+00
   5        8.4202e-14   1.58e-16          8.4251e-14      3.99e-17    9.65e-01
   5        8.4411e-14   1.67e-16          8.4259e-14      3.89e-17    9.57e-01
   5        8.4200e-14   1.76e-16          8.4257e-14      3.79e-17    8.92e-01
   5        8.4297e-14   1.88e-16          8.4258e-14      3.72e-17    8.31e-01
   5        8.4044e-14   1.94e-16          8.4251e-14      3.65e-17    8.54e-01
   5        8.4089e-14   1.96e-16          8.4245e-14      3.59e-17    8.41e-01
   5        8.4459e-14   2.00e-16          8.4252e-14      3.53e-17    8.57e-01
   5        8.4499e-14   2.17e-16          8.4258e-14      3.49e-17    8.79e-01
   5        8.4584e-14   2.12e-16          8.4267e-14      3.44e-17    9.53e-01
   5        8.4026e-14   2.16e-16          8.4261e-14      3.40e-17    9.66e-01
   5        8.4396e-14   2.24e-16          8.4264e-14      3.36e-17    9.37e-01
   5        8.4410e-14   2.33e-16          8.4267e-14      3.33e-17    9.12e-01
   5        8.4250e-14   2.45e-16          8.4267e-14      3.30e-17    8.73e-01
   5        8.4561e-14   2.44e-16          8.4272e-14      3.27e-17    8.96e-01
   5        8.4093e-14   2.47e-16          8.4269e-14      3.24e-17    8.81e-01
   5        8.4870e-14   2.60e-16          8.4278e-14      3.21e-17    1.05e+00
   5        8.4299e-14   2.48e-16          8.4278e-14      3.19e-17    1.01e+00
   5        8.4280e-14   2.55e-16          8.4278e-14      3.16e-17    9.74e-01
   5        8.4376e-14   2.62e-16          8.4280e-14      3.14e-17    9.45e-01
   5        8.4205e-14   2.58e-16          8.4279e-14      3.12e-17    9.17e-01
   5        8.4244e-14   2.69e-16          8.4278e-14      3.10e-17    8.87e-01
   5        8.4565e-14   2.59e-16          8.4282e-14      3.07e-17    8.97e-01
   5        8.3986e-14   2.66e-16          8.4278e-14      3.05e-17    9.07e-01
   5        8.3804e-14   2.65e-16          8.4272e-14      3.03e-17    9.74e-01
   5        8.4512e-14   2.71e-16          8.4275e-14      3.01e-17    9.68e-01
   5        8.3651e-14   2.71e-16          8.4267e-14      3.00e-17    1.09e+00
   5        8.4029e-14   2.81e-16          8.4265e-14      2.98e-17    1.08e+00
   5        8.4509e-14   2.77e-16          8.4268e-14      2.96e-17    1.07e+00
   5        8.4248e-14   2.79e-16          8.4267e-14      2.95e-17    1.04e+00
   5        8.4372e-14   2.86e-16          8.4269e-14      2.93e-17    1.02e+00
   5        8.4099e-14   2.82e-16          8.4267e-14      2.91e-17    1.00e+00
   5        8.4851e-14   2.89e-16          8.4273e-14      2.90e-17    1.07e+00
   5        8.4481e-14   2.89e-16          8.4275e-14      2.89e-17    1.06e+00
   5        8.3971e-14   2.94e-16          8.4272e-14      2.87e-17    1.06e+00
   5        8.4207e-14   3.01e-16          8.4271e-14      2.86e-17    1.04e+00
LO = (8.4271174e-14 +- 2.8586222e-17) pb

*******************************************
* virtual corrections + integrated dipole *
*******************************************
The limits of integration are:

xl[0]=0.000000    xu[0]=1.000000
xl[1]=0.000000    xu[1]=1.000000
xl[2]=0.000000    xu[2]=1.000000

num_dim=3, calls=240, it_num=1, max_it_num=5 verb=0, alph=1.50,
mode=0, bins=50, boxes=1

       single.......iteration                   accumulated......results   
iteration     integral    sigma             integral         sigma     chi-sq/it

   1        8.8782e-15   7.80e-16          8.8782e-15      7.80e-16    0.00e+00
   2        9.5466e-15   4.41e-16          9.3850e-15      3.84e-16    5.57e-01
   3        1.0391e-14   2.60e-16          1.0074e-14      2.15e-16    2.63e+00
   4        1.0411e-14   1.86e-16          1.0267e-14      1.41e-16    2.22e+00
   5        1.0724e-14   2.24e-16          1.0396e-14      1.19e-16    2.41e+00

num_dim=3, calls=1200, it_num=1, max_it_num=3 verb=0, alph=1.50,
mode=0, bins=50, boxes=1

       single.......iteration                   accumulated......results   
iteration     integral    sigma             integral         sigma     chi-sq/it

   1        1.0063e-14   9.44e-17          1.0063e-14      9.44e-17    0.00e+00
   2        1.0281e-14   7.41e-17          1.0198e-14      5.83e-17    3.30e+00
   3        1.0226e-14   6.85e-17          1.0210e-14      4.44e-17    1.70e+00
   3        1.0410e-14   6.89e-17          1.0269e-14      3.73e-17    3.11e+00
   3        1.0148e-14   7.18e-17          1.0243e-14      3.31e-17    2.89e+00
   3        1.0278e-14   6.86e-17          1.0249e-14      2.98e-17    2.36e+00
   3        1.0179e-14   7.30e-17          1.0239e-14      2.76e-17    2.10e+00
   3        1.0334e-14   6.90e-17          1.0252e-14      2.56e-17    2.03e+00
   3        1.0300e-14   6.88e-17          1.0258e-14      2.40e-17    1.82e+00
   3        1.0231e-14   6.88e-17          1.0255e-14      2.27e-17    1.64e+00
   3        1.0240e-14   7.16e-17          1.0254e-14      2.16e-17    1.48e+00
vNLO = (1.0253898e-14 +- 2.1616635e-17) pb

*****************************
* collinear remainder (P+K) *
*****************************
The limits of integration are:

xl[0]=0.000000    xu[0]=1.000000
xl[1]=0.000000    xu[1]=1.000000
xl[2]=0.000000    xu[2]=1.000000
xl[3]=0.000000    xu[3]=1.000000

num_dim=4, calls=2500, it_num=1, max_it_num=5 verb=0, alph=1.50,
mode=0, bins=50, boxes=1

       single.......iteration                   accumulated......results   
iteration     integral    sigma             integral         sigma     chi-sq/it

   1        1.4505e-14   7.31e-16          1.4505e-14      7.31e-16    0.00e+00
   2        1.4603e-14   2.88e-16          1.4589e-14      2.68e-16    1.54e-02
   3        1.4611e-14   2.27e-16          1.4602e-14      1.73e-16    9.51e-03
   4        1.4677e-14   2.18e-16          1.4631e-14      1.35e-16    3.09e-02
   5        1.4783e-14   2.16e-16          1.4674e-14      1.15e-16    1.12e-01

num_dim=4, calls=25000, it_num=1, max_it_num=3 verb=0, alph=1.50,
mode=0, bins=50, boxes=1

       single.......iteration                   accumulated......results   
iteration     integral    sigma             integral         sigma     chi-sq/it

   1        1.4826e-14   6.69e-17          1.4826e-14      6.69e-17    0.00e+00
   2        1.4836e-14   6.64e-17          1.4831e-14      4.71e-17    1.28e-02
   3        1.4662e-14   6.69e-17          1.4775e-14      3.85e-17    2.13e+00
   3        1.4730e-14   6.74e-17          1.4764e-14      3.34e-17    1.53e+00
   3        1.4653e-14   6.77e-17          1.4742e-14      3.00e-17    1.69e+00
   3        1.4630e-14   6.74e-17          1.4724e-14      2.74e-17    1.82e+00
   3        1.4679e-14   6.71e-17          1.4717e-14      2.54e-17    1.58e+00
   3        1.4702e-14   6.76e-17          1.4715e-14      2.37e-17    1.36e+00
P+K = (1.4715241e-14 +- 2.3749449e-17) pb

********************************
* real gluon emission - dipole *
********************************
The limits of integration are:

xl[0]=0.000000    xu[0]=1.000000
xl[1]=0.000000    xu[1]=1.000000
xl[2]=0.000000    xu[2]=1.000000
xl[3]=0.000000    xu[3]=1.000000
xl[4]=0.000000    xu[4]=1.000000
xl[5]=0.000000    xu[5]=1.000000

num_dim=6, calls=250, it_num=1, max_it_num=5 verb=0, alph=1.50,
mode=0, bins=50, boxes=1

       single.......iteration                   accumulated......results   
iteration     integral    sigma             integral         sigma     chi-sq/it

   1        -1.0193e-16   3.53e-17          -1.0193e-16      3.53e-17    0.00e+00
   2        -1.1298e-16   2.53e-17          -1.0924e-16      2.05e-17    6.49e-02
   3        -6.9332e-17   7.61e-18          -7.4148e-17      7.14e-18    1.69e+00
   4        -8.7399e-17   8.95e-18          -7.9297e-17      5.58e-18    1.57e+00
   5        -8.3340e-17   4.78e-18          -8.1629e-17      3.63e-18    1.26e+00

num_dim=6, calls=2500, it_num=1, max_it_num=3 verb=0, alph=1.50,
mode=0, bins=50, boxes=1

       single.......iteration                   accumulated......results   
iteration     integral    sigma             integral         sigma     chi-sq/it

   1        -9.4039e-17   2.16e-18          -9.4039e-17      2.16e-18    0.00e+00
   2        -8.9267e-17   1.13e-18          -9.0291e-17      1.00e-18    3.84e+00
   3        -9.1886e-17   1.17e-18          -9.0963e-17      7.61e-19    2.45e+00
rNLOg = (-9.0962805e-17 +- 7.6116057e-19) pb

**************************************************
* real light quark emission - dipole - (onshell) *
**************************************************
The limits of integration are:

xl[0]=0.000000    xu[0]=1.000000
xl[1]=0.000000    xu[1]=1.000000
xl[2]=0.000000    xu[2]=1.000000
xl[3]=0.000000    xu[3]=1.000000
xl[4]=0.000000    xu[4]=1.000000
xl[5]=0.000000    xu[5]=1.000000

num_dim=6, calls=5000, it_num=1, max_it_num=5 verb=0, alph=1.50,
mode=0, bins=50, boxes=1

       single.......iteration                   accumulated......results   
iteration     integral    sigma             integral         sigma     chi-sq/it

   1        1.9227e-16   1.21e-17          1.9227e-16      1.21e-17    0.00e+00
   2        1.8653e-16   3.39e-18          1.8695e-16      3.27e-18    2.07e-01
   3        1.8372e-16   1.89e-18          1.8453e-16      1.64e-18    4.69e-01
   4        1.8272e-16   1.47e-18          1.8353e-16      1.09e-18    5.36e-01
   5        1.8367e-16   1.29e-18          1.8359e-16      8.35e-19    4.04e-01

num_dim=6, calls=50000, it_num=1, max_it_num=5 verb=0, alph=1.50,
mode=0, bins=50, boxes=1

       single.......iteration                   accumulated......results   
iteration     integral    sigma             integral         sigma     chi-sq/it

   1        1.8361e-16   3.92e-19          1.8361e-16      3.92e-19    0.00e+00
   2        1.8461e-16   5.02e-19          1.8399e-16      3.09e-19    2.49e+00
   3        1.8497e-16   5.12e-19          1.8425e-16      2.65e-19    2.59e+00
   4        1.8431e-16   4.29e-19          1.8426e-16      2.25e-19    1.73e+00
   5        1.8460e-16   5.04e-19          1.8432e-16      2.06e-19    1.39e+00
rNLOq = (1.8432011e-16 +- 2.0553494e-19) pb
NLO = (1.0933367e-13 +- 4.3001267e-17) pb
#chisq/dof = 2.04194e-09
#status = iteration is not making progress towards solution
#chisq/dof = 5.89009e-10
#status = success
#chisq/dof = 6.24311e-10
#status = success
#chisq/dof = 1.53236e-09
#status = success
#chisq/dof = 9.73815e-11
#status = success
#chisq/dof = 3.46352e-12
#status = success
#chisq/dof = 1.19485e-10
#status = iteration is not making progress towards solution
#chisq/dof = 3.4903e-11
#status = success

*******************************************************
* threshold resummation (unimproved nnll) - expansion *
*******************************************************
The limits of integration are:

xl[0]=0.000000    xu[0]=1.000000
xl[1]=0.000000    xu[1]=1.000000
xl[2]=0.000000    xu[2]=1.000000

num_dim=3, calls=7000, it_num=1, max_it_num=5 verb=0, alph=1.50,
mode=0, bins=50, boxes=1

       single.......iteration                   accumulated......results   
iteration     integral    sigma             integral         sigma     chi-sq/it

   1        2.5083e-15   6.74e-16          2.5083e-15      6.74e-16    0.00e+00
   2        2.0270e-15   2.27e-16          2.0761e-15      2.15e-16    4.59e-01
   3        1.3582e-15   2.05e-16          1.7000e-15      1.48e-16    3.15e+00
   4        1.8007e-15   2.02e-16          1.7352e-15      1.20e-16    2.15e+00
   5        1.7592e-15   2.04e-16          1.7413e-15      1.03e-16    1.62e+00

num_dim=3, calls=35000, it_num=1, max_it_num=5 verb=0, alph=1.50,
mode=0, bins=50, boxes=1

       single.......iteration                   accumulated......results   
iteration     integral    sigma             integral         sigma     chi-sq/it

   1        1.9888e-15   8.96e-17          1.9888e-15      8.96e-17    0.00e+00
   2        2.1248e-15   8.93e-17          2.0571e-15      6.33e-17    1.16e+00
   3        2.0943e-15   8.91e-17          2.0695e-15      5.16e-17    6.36e-01
   4        2.0335e-15   8.96e-17          2.0606e-15      4.47e-17    4.65e-01
   5        1.8140e-15   8.94e-17          2.0112e-15      4.00e-17    1.87e+00
   5        1.8709e-15   8.98e-17          1.9880e-15      3.65e-17    1.90e+00
   5        1.9746e-15   8.95e-17          1.9861e-15      3.38e-17    1.59e+00
   5        2.0686e-15   8.96e-17          1.9964e-15      3.16e-17    1.47e+00
   5        1.9776e-15   8.96e-17          1.9943e-15      2.98e-17    1.29e+00
   5        1.9726e-15   8.96e-17          1.9921e-15      2.83e-17    1.15e+00
aNNLO+NNLL = (1.1132580e-13 +- 5.1481644e-17) pb

Results:
LO = (8.6137647e-14 +- 6.3009355e-17) pb
NLO = (1.0933367e-13 +- 4.3001267e-17) pb
aNNLO+NNLL = (1.1132580e-13 +- 5.1481644e-17) pb
Thanks for using LHAPDF 6.2.3. Please make sure to cite the paper:
  Eur.Phys.J. C75 (2015) 3, 132  (http://arxiv.org/abs/1412.7420)
 ====================================================
   FF 2.0, a package to evaluate one-loop integrals
 written by G. J. van Oldenborgh, NIKHEF-H, Amsterdam
 ====================================================
 for the algorithms used see preprint NIKHEF-H 89/17,
 'New Algorithms for One-loop Integrals', by G.J. van
 Oldenborgh and J.A.M. Vermaseren, published in 
 Zeitschrift fuer Physik C46(1990)425.
 ====================================================
 
total number of errors and warnings
===================================
fferr: no errors
 
