
  Welcome to Resummino git-latest
  Copyright 2008-2010 Jonathan Debove.
  Copyright 2011-2014 David R. Lamprea.
  Copyright 2011-2016 Marcel Rothering.

  Licensed under the EUPL 1.1 or later.
  See http://www.resummino.org/ for more information.

  If using Resummino for slepton pair production, please cite.
  - G. Bozzi, B. Fuks, M. Klasen, PRD 74, 015001 (2006); NPB 777, 157 (2007); NPB 794, 46 (2007).
  - B. Fuks, M. Klasen, D. R. Lamprea, M. Rothering, EPJC 73, 2480 (2013).

  For gaugino pair production, please cite:
  - J. Debove, B. Fuks, M. Klasen, PLB 688, 208 (2010); NPB 842, 51 (2011); NPB 849, 64 (2011).
  - B. Fuks, M. Klasen, D. R. Lamprea, M. Rothering, JHEP 1210, 081 (2012); EPJC 73, 2480 (2013).

  For associated gaugino gluino production, please cite:
  - B. Fuks, M. Klasen, M. Rothering, JHEP 07:053, (2016).
  - B. Fuks, M. Klasen, D. R. Lamprea, M. Rothering, EPJC 73, 2480 (2013).

LHAPDF 6.2.3 loading /pool/condor/dir_34757/resummino-releases/lhapdf-prefix/share/LHAPDF/PDF4LHC21_40/PDF4LHC21_40_0000.dat
PDF4LHC21_40 PDF set, member #0, version 1
 alpha_s(M_Z^2) = 0.1180 	 for LO PDF set 
 alpha_s(100.000^2) = 0.1164 	 for LO PDF set 

********************
* LO cross section *
********************
The limits of integration are:

xl[0]=0.000000    xu[0]=1.000000
xl[1]=0.000000    xu[1]=1.000000
xl[2]=0.000000    xu[2]=1.000000

num_dim=3, calls=2000, it_num=1, max_it_num=5 verb=0, alph=1.50,
mode=0, bins=50, boxes=1

       single.......iteration                   accumulated......results   
iteration     integral    sigma             integral         sigma     chi-sq/it

   1        2.7823e-11   9.83e-13          2.7823e-11      9.83e-13    0.00e+00
   2        2.8405e-11   3.19e-13          2.8350e-11      3.04e-13    3.18e-01
   3        2.8903e-11   1.83e-13          2.8755e-11      1.57e-13    1.38e+00
   4        2.8460e-11   1.66e-13          2.8617e-11      1.14e-13    1.47e+00
   5        2.8420e-11   1.73e-13          2.8557e-11      9.52e-14    1.33e+00

num_dim=3, calls=20000, it_num=1, max_it_num=5 verb=0, alph=1.50,
mode=0, bins=50, boxes=1

       single.......iteration                   accumulated......results   
iteration     integral    sigma             integral         sigma     chi-sq/it

   1        2.8586e-11   5.27e-14          2.8586e-11      5.27e-14    0.00e+00
   2        2.8605e-11   5.24e-14          2.8596e-11      3.71e-14    6.71e-02
   3        2.8719e-11   5.13e-14          2.8638e-11      3.01e-14    1.92e+00
   4        2.8668e-11   5.35e-14          2.8645e-11      2.62e-14    1.36e+00
   5        2.8543e-11   5.34e-14          2.8625e-11      2.35e-14    1.76e+00
   5        2.8607e-11   5.36e-14          2.8622e-11      2.16e-14    1.43e+00
   5        2.8647e-11   5.44e-14          2.8626e-11      2.00e-14    1.22e+00
   5        2.8583e-11   5.46e-14          2.8621e-11      1.88e-14    1.12e+00
   5        2.8562e-11   5.61e-14          2.8615e-11      1.78e-14    1.11e+00
   5        2.8500e-11   5.73e-14          2.8605e-11      1.70e-14    1.39e+00
   5        2.8588e-11   5.97e-14          2.8603e-11      1.64e-14    1.26e+00
   5        2.8591e-11   5.96e-14          2.8603e-11      1.58e-14    1.15e+00
   5        2.8665e-11   6.19e-14          2.8606e-11      1.53e-14    1.13e+00
   5        2.8601e-11   6.45e-14          2.8606e-11      1.49e-14    1.05e+00
   5        2.8600e-11   6.78e-14          2.8606e-11      1.45e-14    9.71e-01
   5        2.8556e-11   6.84e-14          2.8604e-11      1.42e-14    9.40e-01
   5        2.8583e-11   7.00e-14          2.8603e-11      1.39e-14    8.87e-01
   5        2.8672e-11   7.15e-14          2.8605e-11      1.37e-14    8.88e-01
   5        2.8712e-11   7.56e-14          2.8609e-11      1.35e-14    9.46e-01
   5        2.8740e-11   7.58e-14          2.8613e-11      1.33e-14    1.05e+00
   5        2.8542e-11   7.72e-14          2.8611e-11      1.31e-14    1.04e+00
   5        2.8641e-11   8.05e-14          2.8612e-11      1.29e-14    9.95e-01
   5        2.8657e-11   8.30e-14          2.8613e-11      1.27e-14    9.63e-01
   5        2.8536e-11   8.29e-14          2.8611e-11      1.26e-14    9.57e-01
   5        2.8757e-11   8.50e-14          2.8614e-11      1.25e-14    1.04e+00
   5        2.8583e-11   8.36e-14          2.8613e-11      1.23e-14    1.00e+00
   5        2.8759e-11   8.54e-14          2.8616e-11      1.22e-14    1.07e+00
   5        2.8679e-11   8.46e-14          2.8618e-11      1.21e-14    1.05e+00
   5        2.8596e-11   8.75e-14          2.8617e-11      1.20e-14    1.02e+00
   5        2.8703e-11   9.29e-14          2.8619e-11      1.19e-14    1.01e+00
   5        2.8516e-11   8.86e-14          2.8617e-11      1.18e-14    1.02e+00
   5        2.8635e-11   9.06e-14          2.8617e-11      1.17e-14    9.89e-01
   5        2.8792e-11   9.15e-14          2.8620e-11      1.16e-14    1.07e+00
   5        2.8512e-11   9.41e-14          2.8618e-11      1.15e-14    1.08e+00
   5        2.8516e-11   9.76e-14          2.8617e-11      1.14e-14    1.08e+00
   5        2.8703e-11   9.92e-14          2.8618e-11      1.13e-14    1.07e+00
   5        2.8426e-11   9.56e-14          2.8615e-11      1.12e-14    1.15e+00
   5        2.8562e-11   9.96e-14          2.8615e-11      1.12e-14    1.12e+00
   5        2.8724e-11   9.60e-14          2.8616e-11      1.11e-14    1.13e+00
   5        2.8648e-11   9.60e-14          2.8617e-11      1.10e-14    1.10e+00
   5        2.8702e-11   9.89e-14          2.8618e-11      1.10e-14    1.09e+00
   5        2.8677e-11   1.01e-13          2.8618e-11      1.09e-14    1.08e+00
   5        2.8724e-11   1.04e-13          2.8619e-11      1.08e-14    1.07e+00
   5        2.8644e-11   1.05e-13          2.8620e-11      1.08e-14    1.05e+00
   5        2.8545e-11   1.05e-13          2.8619e-11      1.07e-14    1.04e+00
   5        2.8595e-11   1.10e-13          2.8619e-11      1.07e-14    1.02e+00
   5        2.8690e-11   1.08e-13          2.8619e-11      1.06e-14    1.00e+00
   5        2.8262e-11   1.03e-13          2.8616e-11      1.06e-14    1.24e+00
   5        2.8793e-11   1.03e-13          2.8617e-11      1.05e-14    1.27e+00
   5        2.8783e-11   1.06e-13          2.8619e-11      1.05e-14    1.29e+00
   5        2.8616e-11   1.04e-13          2.8619e-11      1.04e-14    1.27e+00
   5        2.8457e-11   1.04e-13          2.8617e-11      1.04e-14    1.29e+00
   5        2.8685e-11   1.08e-13          2.8618e-11      1.03e-14    1.27e+00
   5        2.8514e-11   1.09e-13          2.8617e-11      1.03e-14    1.27e+00
   5        2.8819e-11   1.06e-13          2.8619e-11      1.02e-14    1.31e+00
LO = (2.8618958e-11 +- 1.0212467e-14) pb
LHAPDF 6.2.3 loading /pool/condor/dir_34757/resummino-releases/lhapdf-prefix/share/LHAPDF/PDF4LHC21_40/PDF4LHC21_40_0002.dat
PDF4LHC21_40 PDF set, member #2, version 1
 alpha_s(M_Z^2) = 0.1180 	 for NLO PDF set 
 alpha_s(100.000^2) = 0.1164 	 for NLO PDF set 

********************
* LO cross section *
********************
The limits of integration are:

xl[0]=0.000000    xu[0]=1.000000
xl[1]=0.000000    xu[1]=1.000000
xl[2]=0.000000    xu[2]=1.000000

num_dim=3, calls=2000, it_num=1, max_it_num=5 verb=0, alph=1.50,
mode=0, bins=50, boxes=1

       single.......iteration                   accumulated......results   
iteration     integral    sigma             integral         sigma     chi-sq/it

   1        2.7758e-11   9.80e-13          2.7758e-11      9.80e-13    0.00e+00
   2        2.8356e-11   3.19e-13          2.8298e-11      3.04e-13    3.36e-01
   3        2.8848e-11   1.83e-13          2.8701e-11      1.57e-13    1.37e+00
   4        2.8397e-11   1.67e-13          2.8559e-11      1.14e-13    1.50e+00
   5        2.8365e-11   1.73e-13          2.8500e-11      9.54e-14    1.34e+00

num_dim=3, calls=20000, it_num=1, max_it_num=5 verb=0, alph=1.50,
mode=0, bins=50, boxes=1

       single.......iteration                   accumulated......results   
iteration     integral    sigma             integral         sigma     chi-sq/it

   1        2.8529e-11   5.27e-14          2.8529e-11      5.27e-14    0.00e+00
   2        2.8550e-11   5.24e-14          2.8539e-11      3.72e-14    8.07e-02
   3        2.8664e-11   5.15e-14          2.8582e-11      3.01e-14    1.96e+00
   4        2.8611e-11   5.36e-14          2.8589e-11      2.63e-14    1.38e+00
   5        2.8487e-11   5.35e-14          2.8569e-11      2.36e-14    1.76e+00
   5        2.8552e-11   5.37e-14          2.8566e-11      2.16e-14    1.43e+00
   5        2.8591e-11   5.45e-14          2.8570e-11      2.01e-14    1.22e+00
   5        2.8527e-11   5.46e-14          2.8565e-11      1.88e-14    1.12e+00
   5        2.8506e-11   5.60e-14          2.8559e-11      1.79e-14    1.11e+00
   5        2.8444e-11   5.73e-14          2.8548e-11      1.70e-14    1.39e+00
   5        2.8531e-11   5.96e-14          2.8547e-11      1.64e-14    1.26e+00
   5        2.8536e-11   5.94e-14          2.8546e-11      1.58e-14    1.15e+00
   5        2.8608e-11   6.18e-14          2.8550e-11      1.53e-14    1.13e+00
   5        2.8543e-11   6.43e-14          2.8550e-11      1.49e-14    1.05e+00
   5        2.8544e-11   6.75e-14          2.8549e-11      1.45e-14    9.71e-01
   5        2.8501e-11   6.82e-14          2.8547e-11      1.42e-14    9.39e-01
   5        2.8525e-11   6.98e-14          2.8546e-11      1.39e-14    8.86e-01
   5        2.8614e-11   7.14e-14          2.8549e-11      1.37e-14    8.84e-01
   5        2.8654e-11   7.53e-14          2.8552e-11      1.35e-14    9.39e-01
   5        2.8681e-11   7.55e-14          2.8556e-11      1.32e-14    1.04e+00
   5        2.8487e-11   7.71e-14          2.8554e-11      1.31e-14    1.03e+00
   5        2.8581e-11   8.03e-14          2.8555e-11      1.29e-14    9.82e-01
   5        2.8602e-11   8.26e-14          2.8556e-11      1.27e-14    9.52e-01
   5        2.8481e-11   8.29e-14          2.8554e-11      1.26e-14    9.45e-01
   5        2.8699e-11   8.52e-14          2.8557e-11      1.25e-14    1.02e+00
   5        2.8527e-11   8.38e-14          2.8557e-11      1.23e-14    9.88e-01
   5        2.8705e-11   8.56e-14          2.8560e-11      1.22e-14    1.06e+00
   5        2.8623e-11   8.46e-14          2.8561e-11      1.21e-14    1.04e+00
   5        2.8539e-11   8.74e-14          2.8561e-11      1.20e-14    1.01e+00
   5        2.8645e-11   9.29e-14          2.8562e-11      1.19e-14    1.00e+00
   5        2.8455e-11   8.88e-14          2.8560e-11      1.18e-14    1.02e+00
   5        2.8580e-11   9.09e-14          2.8560e-11      1.17e-14    9.84e-01
   5        2.8735e-11   9.18e-14          2.8563e-11      1.16e-14    1.06e+00
   5        2.8458e-11   9.45e-14          2.8562e-11      1.15e-14    1.07e+00
   5        2.8460e-11   9.79e-14          2.8560e-11      1.14e-14    1.07e+00
   5        2.8648e-11   9.96e-14          2.8561e-11      1.13e-14    1.06e+00
   5        2.8365e-11   9.53e-14          2.8559e-11      1.12e-14    1.15e+00
   5        2.8503e-11   9.92e-14          2.8558e-11      1.12e-14    1.12e+00
   5        2.8668e-11   9.65e-14          2.8559e-11      1.11e-14    1.13e+00
   5        2.8591e-11   9.67e-14          2.8560e-11      1.10e-14    1.10e+00
   5        2.8650e-11   9.98e-14          2.8561e-11      1.10e-14    1.10e+00
   5        2.8619e-11   1.01e-13          2.8562e-11      1.09e-14    1.08e+00
   5        2.8676e-11   1.05e-13          2.8563e-11      1.08e-14    1.08e+00
   5        2.8592e-11   1.05e-13          2.8563e-11      1.08e-14    1.06e+00
   5        2.8476e-11   1.05e-13          2.8562e-11      1.07e-14    1.05e+00
   5        2.8538e-11   1.09e-13          2.8562e-11      1.07e-14    1.02e+00
   5        2.8636e-11   1.08e-13          2.8563e-11      1.06e-14    1.01e+00
   5        2.8204e-11   1.04e-13          2.8559e-11      1.06e-14    1.24e+00
   5        2.8731e-11   1.05e-13          2.8561e-11      1.05e-14    1.27e+00
   5        2.8727e-11   1.08e-13          2.8562e-11      1.05e-14    1.29e+00
   5        2.8566e-11   1.05e-13          2.8562e-11      1.04e-14    1.27e+00
   5        2.8397e-11   1.05e-13          2.8561e-11      1.04e-14    1.29e+00
   5        2.8625e-11   1.09e-13          2.8561e-11      1.03e-14    1.27e+00
   5        2.8450e-11   1.11e-13          2.8560e-11      1.03e-14    1.27e+00
   5        2.8770e-11   1.08e-13          2.8562e-11      1.02e-14    1.31e+00
LO = (2.8562279e-11 +- 1.0223128e-14) pb

*******************************************
* virtual corrections + integrated dipole *
*******************************************
The limits of integration are:

xl[0]=0.000000    xu[0]=1.000000
xl[1]=0.000000    xu[1]=1.000000
xl[2]=0.000000    xu[2]=1.000000

num_dim=3, calls=240, it_num=1, max_it_num=5 verb=0, alph=1.50,
mode=0, bins=50, boxes=1

       single.......iteration                   accumulated......results   
iteration     integral    sigma             integral         sigma     chi-sq/it

   1        4.5484e-12   4.81e-13          4.5484e-12      4.81e-13    0.00e+00
   2        4.4082e-12   1.77e-13          4.4250e-12      1.66e-13    7.47e-02
   3        4.9171e-12   1.40e-13          4.7133e-12      1.07e-13    2.60e+00
   4        4.9820e-12   1.03e-13          4.8534e-12      7.41e-14    2.83e+00
   5        5.1541e-12   1.23e-13          4.9338e-12      6.34e-14    3.22e+00

num_dim=3, calls=1200, it_num=1, max_it_num=3 verb=0, alph=1.50,
mode=0, bins=50, boxes=1

       single.......iteration                   accumulated......results   
iteration     integral    sigma             integral         sigma     chi-sq/it

   1        4.8425e-12   5.12e-14          4.8425e-12      5.12e-14    0.00e+00
   2        4.9723e-12   4.41e-14          4.9170e-12      3.34e-14    3.69e+00
   3        4.9288e-12   4.03e-14          4.9218e-12      2.57e-14    1.87e+00
   3        5.0301e-12   4.05e-14          4.9529e-12      2.17e-14    2.94e+00
   3        4.8929e-12   4.01e-14          4.9393e-12      1.91e-14    2.64e+00
   3        4.9367e-12   4.00e-14          4.9388e-12      1.72e-14    2.11e+00
   3        4.8879e-12   4.21e-14          4.9315e-12      1.59e-14    1.97e+00
   3        4.9661e-12   3.95e-14          4.9364e-12      1.48e-14    1.78e+00
   3        4.9327e-12   3.81e-14          4.9359e-12      1.38e-14    1.56e+00
   3        4.9434e-12   3.99e-14          4.9367e-12      1.30e-14    1.39e+00
   3        4.8901e-12   4.01e-14          4.9323e-12      1.24e-14    1.37e+00
   3        4.9257e-12   4.14e-14          4.9317e-12      1.19e-14    1.25e+00
   3        4.9635e-12   3.90e-14          4.9344e-12      1.14e-14    1.20e+00
   3        4.9522e-12   4.07e-14          4.9357e-12      1.09e-14    1.12e+00
   3        4.9650e-12   4.18e-14          4.9376e-12      1.06e-14    1.07e+00
   3        4.8750e-12   4.06e-14          4.9336e-12      1.02e-14    1.15e+00
   3        4.9194e-12   3.87e-14          4.9327e-12      9.90e-15    1.08e+00
   3        4.9064e-12   4.11e-14          4.9312e-12      9.62e-15    1.04e+00
   3        4.9741e-12   4.03e-14          4.9335e-12      9.36e-15    1.05e+00
vNLO = (4.9335177e-12 +- 9.3616236e-15) pb

*****************************
* collinear remainder (P+K) *
*****************************
The limits of integration are:

xl[0]=0.000000    xu[0]=1.000000
xl[1]=0.000000    xu[1]=1.000000
xl[2]=0.000000    xu[2]=1.000000
xl[3]=0.000000    xu[3]=1.000000

num_dim=4, calls=2500, it_num=1, max_it_num=5 verb=0, alph=1.50,
mode=0, bins=50, boxes=1

       single.......iteration                   accumulated......results   
iteration     integral    sigma             integral         sigma     chi-sq/it

   1        5.1112e-13   4.46e-13          5.1112e-13      4.46e-13    0.00e+00
   2        -3.8843e-13   2.27e-13          -2.0291e-13      2.03e-13    3.22e+00
   3        -5.1087e-13   1.94e-13          -3.6347e-13      1.40e-13    2.21e+00
   4        -5.1657e-13   1.90e-13          -4.1743e-13      1.13e-13    1.62e+00
   5        -6.9271e-13   1.90e-13          -4.8895e-13      9.71e-14    1.60e+00

num_dim=4, calls=25000, it_num=1, max_it_num=3 verb=0, alph=1.50,
mode=0, bins=50, boxes=1

       single.......iteration                   accumulated......results   
iteration     integral    sigma             integral         sigma     chi-sq/it

   1        -5.6398e-13   6.06e-14          -5.6398e-13      6.06e-14    0.00e+00
   2        -5.7838e-13   6.00e-14          -5.7125e-13      4.26e-14    2.85e-02
   3        -5.2818e-13   5.98e-14          -5.5675e-13      3.47e-14    1.86e-01
   3        -5.4668e-13   6.03e-14          -5.5424e-13      3.01e-14    1.31e-01
   3        -4.8571e-13   6.00e-14          -5.4047e-13      2.69e-14    3.59e-01
   3        -5.6793e-13   6.03e-14          -5.4503e-13      2.46e-14    3.22e-01
   3        -5.3779e-13   5.97e-14          -5.4398e-13      2.27e-14    2.70e-01
   3        -5.9306e-13   6.00e-14          -5.5013e-13      2.12e-14    3.15e-01
   3        -6.4595e-13   6.00e-14          -5.6083e-13      2.00e-14    5.59e-01
   3        -5.6755e-13   6.00e-14          -5.6150e-13      1.90e-14    4.98e-01
   3        -5.2172e-13   6.03e-14          -5.5791e-13      1.81e-14    4.88e-01
   3        -5.3626e-13   6.01e-14          -5.5610e-13      1.73e-14    4.55e-01
   3        -5.8071e-13   6.04e-14          -5.5798e-13      1.67e-14    4.30e-01
   3        -6.0798e-13   6.00e-14          -5.6157e-13      1.61e-14    4.46e-01
   3        -5.9197e-13   6.11e-14          -5.6353e-13      1.55e-14    4.31e-01
   3        -5.4226e-13   6.07e-14          -5.6223e-13      1.51e-14    4.10e-01
   3        -5.5701e-13   6.13e-14          -5.6193e-13      1.46e-14    3.85e-01
   3        -6.1506e-13   6.08e-14          -5.6483e-13      1.42e-14    4.04e-01
   3        -5.7721e-13   6.06e-14          -5.6548e-13      1.38e-14    3.84e-01
   3        -5.1558e-13   6.14e-14          -5.6307e-13      1.35e-14    3.97e-01
   3        -6.1335e-13   6.15e-14          -5.6538e-13      1.32e-14    4.09e-01
   3        -5.1177e-13   6.24e-14          -5.6308e-13      1.29e-14    4.23e-01
   3        -5.9701e-13   6.18e-14          -5.6450e-13      1.26e-14    4.17e-01
   3        -5.9956e-13   6.19e-14          -5.6590e-13      1.24e-14    4.12e-01
   3        -6.1160e-13   6.21e-14          -5.6764e-13      1.21e-14    4.17e-01
   3        -5.1649e-13   6.23e-14          -5.6577e-13      1.19e-14    4.26e-01
   3        -5.1946e-13   6.20e-14          -5.6412e-13      1.17e-14    4.30e-01
   3        -6.2794e-13   6.23e-14          -5.6630e-13      1.15e-14    4.52e-01
   3        -5.9627e-13   6.27e-14          -5.6727e-13      1.13e-14    4.44e-01
   3        -5.8279e-13   6.23e-14          -5.6777e-13      1.11e-14    4.31e-01
   3        -5.5754e-13   6.33e-14          -5.6746e-13      1.10e-14    4.17e-01
   3        -5.3268e-13   6.31e-14          -5.6644e-13      1.08e-14    4.13e-01
   3        -5.1640e-13   6.27e-14          -5.6500e-13      1.06e-14    4.20e-01
   3        -4.7307e-13   6.28e-14          -5.6243e-13      1.05e-14    4.70e-01
   3        -5.0412e-13   6.47e-14          -5.6094e-13      1.04e-14    4.79e-01
   3        -5.5504e-13   6.35e-14          -5.6079e-13      1.02e-14    4.66e-01
   3        -6.1380e-13   6.33e-14          -5.6213e-13      1.01e-14    4.72e-01
   3        -5.7138e-13   6.37e-14          -5.6236e-13      9.97e-15    4.60e-01
   3        -5.5226e-13   6.37e-14          -5.6212e-13      9.85e-15    4.48e-01
   3        -6.2799e-13   6.41e-14          -5.6364e-13      9.73e-15    4.63e-01
   3        -5.1779e-13   6.51e-14          -5.6263e-13      9.62e-15    4.64e-01
   3        -4.6572e-13   6.42e-14          -5.6051e-13      9.52e-15    5.07e-01
P+K = (-5.6050573e-13 +- 9.5181752e-15) pb

********************************
* real gluon emission - dipole *
********************************
The limits of integration are:

xl[0]=0.000000    xu[0]=1.000000
xl[1]=0.000000    xu[1]=1.000000
xl[2]=0.000000    xu[2]=1.000000
xl[3]=0.000000    xu[3]=1.000000
xl[4]=0.000000    xu[4]=1.000000
xl[5]=0.000000    xu[5]=1.000000

num_dim=6, calls=250, it_num=1, max_it_num=5 verb=0, alph=1.50,
mode=0, bins=50, boxes=1

       single.......iteration                   accumulated......results   
iteration     integral    sigma             integral         sigma     chi-sq/it

   1        -1.9530e-13   4.32e-14          -1.9530e-13      4.32e-14    0.00e+00
   2        -2.4458e-13   6.21e-14          -2.1138e-13      3.55e-14    4.24e-01
   3        -1.9776e-13   4.06e-14          -2.0548e-13      2.67e-14    2.44e-01
   4        -1.8273e-13   2.84e-14          -1.9479e-13      1.94e-14    2.76e-01
   5        -1.8714e-13   1.92e-14          -1.9092e-13      1.37e-14    2.27e-01

num_dim=6, calls=2500, it_num=1, max_it_num=3 verb=0, alph=1.50,
mode=0, bins=50, boxes=1

       single.......iteration                   accumulated......results   
iteration     integral    sigma             integral         sigma     chi-sq/it

   1        -2.0410e-13   7.24e-15          -2.0410e-13      7.24e-15    0.00e+00
   2        -1.9324e-13   3.92e-15          -1.9570e-13      3.45e-15    1.74e+00
   3        -2.0280e-13   3.48e-15          -1.9922e-13      2.45e-15    1.92e+00
   3        -2.0036e-13   3.52e-15          -1.9959e-13      2.01e-15    1.30e+00
rNLOg = (-1.9959086e-13 +- 2.0120286e-15) pb

**************************************************
* real light quark emission - dipole - (onshell) *
**************************************************
The limits of integration are:

xl[0]=0.000000    xu[0]=1.000000
xl[1]=0.000000    xu[1]=1.000000
xl[2]=0.000000    xu[2]=1.000000
xl[3]=0.000000    xu[3]=1.000000
xl[4]=0.000000    xu[4]=1.000000
xl[5]=0.000000    xu[5]=1.000000

num_dim=6, calls=5000, it_num=1, max_it_num=5 verb=0, alph=1.50,
mode=0, bins=50, boxes=1

       single.......iteration                   accumulated......results   
iteration     integral    sigma             integral         sigma     chi-sq/it

   1        5.8062e-13   3.88e-14          5.8062e-13      3.88e-14    0.00e+00
   2        5.8631e-13   1.49e-14          5.8557e-13      1.39e-14    1.87e-02
   3        5.7372e-13   8.94e-15          5.7717e-13      7.52e-15    2.66e-01
   4        5.5815e-13   6.58e-15          5.6640e-13      4.96e-15    1.38e+00
   5        5.5948e-13   5.87e-15          5.6352e-13      3.79e-15    1.24e+00

num_dim=6, calls=50000, it_num=1, max_it_num=5 verb=0, alph=1.50,
mode=0, bins=50, boxes=1

       single.......iteration                   accumulated......results   
iteration     integral    sigma             integral         sigma     chi-sq/it

   1        5.6203e-13   1.89e-15          5.6203e-13      1.89e-15    0.00e+00
   2        5.6475e-13   1.92e-15          5.6337e-13      1.35e-15    1.02e+00
   3        5.6839e-13   2.12e-15          5.6481e-13      1.14e-15    2.50e+00
   4        5.6448e-13   1.97e-15          5.6473e-13      9.86e-16    1.67e+00
   5        5.6464e-13   2.02e-15          5.6471e-13      8.87e-16    1.25e+00
rNLOq = (5.6471171e-13 +- 8.8663708e-16) pb
NLO = (3.3300412e-11 +- 1.6958254e-14) pb
#chisq/dof = 7.21543e-07
#status = success
#chisq/dof = 2.69595e-08
#status = success
#chisq/dof = 1.8636e-09
#status = success
#chisq/dof = 1.26845e-08
#status = success
#chisq/dof = 1.78431e-09
#status = success
#chisq/dof = 4.16089e-10
#status = success
#chisq/dof = 4.08021e-09
#status = success
#chisq/dof = 1.06435e-09
#status = success

*******************************************************
* threshold resummation (unimproved nnll) - expansion *
*******************************************************
The limits of integration are:

xl[0]=0.000000    xu[0]=1.000000
xl[1]=0.000000    xu[1]=1.000000
xl[2]=0.000000    xu[2]=1.000000

num_dim=3, calls=7000, it_num=1, max_it_num=5 verb=0, alph=1.50,
mode=0, bins=50, boxes=1

       single.......iteration                   accumulated......results   
iteration     integral    sigma             integral         sigma     chi-sq/it

   1        1.2684e-11   8.61e-12          1.2684e-11      8.61e-12    0.00e+00
   2        -1.9072e-12   2.19e-12          -1.0209e-12      2.12e-12    2.70e+00
   3        4.2724e-12   1.84e-12          2.0001e-12      1.39e-12    3.13e+00
   4        -1.5908e-12   1.80e-12          6.6250e-13      1.10e-12    2.91e+00
   5        2.1958e-12   1.80e-12          1.0813e-12      9.39e-13    2.32e+00

num_dim=3, calls=35000, it_num=1, max_it_num=5 verb=0, alph=1.50,
mode=0, bins=50, boxes=1

       single.......iteration                   accumulated......results   
iteration     integral    sigma             integral         sigma     chi-sq/it

   1        -3.8875e-13   8.01e-13          -3.8875e-13      8.01e-13    0.00e+00
   2        -2.4560e-13   8.01e-13          -3.1722e-13      5.66e-13    1.60e-02
   3        -1.4238e-12   8.01e-13          -6.8604e-13      4.62e-13    6.44e-01
   4        -1.3776e-12   8.04e-13          -8.5804e-13      4.01e-13    6.15e-01
   5        1.0323e-12   8.03e-13          -4.8121e-13      3.59e-13    1.57e+00
   5        1.6528e-13   8.06e-13          -3.7430e-13      3.28e-13    1.36e+00
   5        -5.8593e-13   8.02e-13          -4.0454e-13      3.03e-13    1.15e+00
   5        -1.4272e-12   8.08e-13          -5.3083e-13      2.84e-13    1.18e+00
   5        -2.9296e-13   8.03e-13          -5.0441e-13      2.68e-13    1.04e+00
   5        -4.6885e-13   8.07e-13          -5.0089e-13      2.54e-13    9.29e-01
   5        3.2979e-13   8.07e-13          -4.2593e-13      2.42e-13    9.32e-01
   5        6.2503e-13   8.09e-13          -3.3926e-13      2.32e-13    9.89e-01
   5        -2.6153e-13   8.11e-13          -3.3336e-13      2.23e-13    9.07e-01
   5        2.5251e-13   8.10e-13          -2.9197e-13      2.15e-13    8.75e-01
   5        -8.2741e-13   8.17e-13          -3.2668e-13      2.08e-13    8.41e-01
   5        -1.4665e-12   8.17e-13          -3.9619e-13      2.02e-13    9.07e-01
   5        1.1540e-12   8.20e-13          -3.0774e-13      1.96e-13    1.06e+00
   5        -3.2790e-13   8.22e-13          -3.0882e-13      1.90e-13    9.98e-01
   5        -1.2279e-12   8.21e-13          -3.5571e-13      1.86e-13    1.01e+00
   5        -9.7523e-13   8.35e-13          -3.8485e-13      1.81e-13    9.83e-01
   5        1.0544e-12   8.27e-13          -3.1893e-13      1.77e-13    1.08e+00
   5        -3.9246e-13   8.36e-13          -3.2209e-13      1.73e-13    1.03e+00
   5        1.9023e-13   8.41e-13          -3.0127e-13      1.70e-13    9.97e-01
   5        2.7320e-13   8.43e-13          -2.7892e-13      1.66e-13    9.73e-01
   5        4.8574e-14   8.43e-13          -2.6665e-13      1.63e-13    9.39e-01
   5        -2.2826e-12   8.40e-13          -3.3980e-13      1.60e-13    1.12e+00
   5        -4.5188e-14   8.41e-13          -3.2951e-13      1.57e-13    1.08e+00
   5        -4.7834e-13   8.43e-13          -3.3451e-13      1.55e-13    1.05e+00
   5        1.1533e-13   8.45e-13          -3.1996e-13      1.52e-13    1.02e+00
   5        -6.5885e-13   8.51e-13          -3.3045e-13      1.50e-13    9.88e-01
   5        -3.8447e-13   8.49e-13          -3.3208e-13      1.47e-13    9.55e-01
   5        -2.0633e-12   8.54e-13          -3.8215e-13      1.45e-13    1.05e+00
   5        -9.8125e-13   8.58e-13          -3.9884e-13      1.43e-13    1.04e+00
   5        2.6092e-13   8.50e-13          -3.8064e-13      1.41e-13    1.02e+00
   5        -2.2691e-13   8.50e-13          -3.7651e-13      1.39e-13    9.92e-01
   5        -2.9427e-14   8.51e-13          -3.6745e-13      1.38e-13    9.69e-01
   5        5.6046e-13   8.49e-13          -3.4375e-13      1.36e-13    9.74e-01
   5        1.0914e-12   8.51e-13          -3.0814e-13      1.34e-13    1.02e+00
   5        -4.3988e-13   8.53e-13          -3.1132e-13      1.32e-13    9.96e-01
   5        1.8687e-12   8.59e-13          -2.6072e-13      1.31e-13    1.13e+00
   5        3.5963e-13   8.64e-13          -2.4681e-13      1.29e-13    1.12e+00
   5        -3.8423e-13   8.72e-13          -2.4977e-13      1.28e-13    1.09e+00
   5        3.7461e-13   8.59e-13          -2.3620e-13      1.27e-13    1.08e+00
   5        6.9199e-13   8.58e-13          -2.1644e-13      1.25e-13    1.08e+00
   5        6.9255e-13   8.63e-13          -1.9767e-13      1.24e-13    1.08e+00
   5        8.9735e-13   8.58e-13          -1.7530e-13      1.23e-13    1.09e+00
   5        -2.0542e-12   8.59e-13          -2.1286e-13      1.21e-13    1.17e+00
   5        4.5132e-14   8.74e-13          -2.0797e-13      1.20e-13    1.14e+00
   5        -1.2171e-13   8.63e-13          -2.0633e-13      1.19e-13    1.12e+00
   5        -2.0317e-13   8.68e-13          -2.0627e-13      1.18e-13    1.10e+00
   5        1.9232e-13   8.77e-13          -1.9917e-13      1.17e-13    1.08e+00
   5        -1.1858e-12   8.86e-13          -2.1608e-13      1.16e-13    1.08e+00
   5        9.6491e-13   8.69e-13          -1.9540e-13      1.15e-13    1.10e+00
   5        -7.8493e-14   8.80e-13          -1.9344e-13      1.14e-13    1.08e+00
   5        2.5839e-13   8.92e-13          -1.8617e-13      1.13e-13    1.06e+00
aNNLO+NNLL = (3.3114240e-11 +- 1.1432534e-13) pb

Results:
LO = (2.8618958e-11 +- 1.0212467e-14) pb
NLO = (3.3300412e-11 +- 1.6958254e-14) pb
aNNLO+NNLL = (3.3114240e-11 +- 1.1432534e-13) pb
Thanks for using LHAPDF 6.2.3. Please make sure to cite the paper:
  Eur.Phys.J. C75 (2015) 3, 132  (http://arxiv.org/abs/1412.7420)
 ====================================================
   FF 2.0, a package to evaluate one-loop integrals
 written by G. J. van Oldenborgh, NIKHEF-H, Amsterdam
 ====================================================
 for the algorithms used see preprint NIKHEF-H 89/17,
 'New Algorithms for One-loop Integrals', by G.J. van
 Oldenborgh and J.A.M. Vermaseren, published in 
 Zeitschrift fuer Physik C46(1990)425.
 ====================================================
 
total number of errors and warnings
===================================
fferr: no errors
 
