
  Welcome to Resummino git-latest
  Copyright 2008-2010 Jonathan Debove.
  Copyright 2011-2014 David R. Lamprea.
  Copyright 2011-2016 Marcel Rothering.

  Licensed under the EUPL 1.1 or later.
  See http://www.resummino.org/ for more information.

  If using Resummino for slepton pair production, please cite.
  - G. Bozzi, B. Fuks, M. Klasen, PRD 74, 015001 (2006); NPB 777, 157 (2007); NPB 794, 46 (2007).
  - B. Fuks, M. Klasen, D. R. Lamprea, M. Rothering, EPJC 73, 2480 (2013).

  For gaugino pair production, please cite:
  - J. Debove, B. Fuks, M. Klasen, PLB 688, 208 (2010); NPB 842, 51 (2011); NPB 849, 64 (2011).
  - B. Fuks, M. Klasen, D. R. Lamprea, M. Rothering, JHEP 1210, 081 (2012); EPJC 73, 2480 (2013).

  For associated gaugino gluino production, please cite:
  - B. Fuks, M. Klasen, M. Rothering, JHEP 07:053, (2016).
  - B. Fuks, M. Klasen, D. R. Lamprea, M. Rothering, EPJC 73, 2480 (2013).

LHAPDF 6.2.3 loading /pool/condor/dir_78385/resummino-releases/lhapdf-prefix/share/LHAPDF/PDF4LHC21_40/PDF4LHC21_40_0000.dat
PDF4LHC21_40 PDF set, member #0, version 1
 alpha_s(M_Z^2) = 0.1180 	 for LO PDF set 
 alpha_s(1400.000^2) = 0.0837 	 for LO PDF set 

********************
* LO cross section *
********************
The limits of integration are:

xl[0]=0.000000    xu[0]=1.000000
xl[1]=0.000000    xu[1]=1.000000
xl[2]=0.000000    xu[2]=1.000000

num_dim=3, calls=2000, it_num=1, max_it_num=5 verb=0, alph=1.50,
mode=0, bins=50, boxes=1

       single.......iteration                   accumulated......results   
iteration     integral    sigma             integral         sigma     chi-sq/it

   1        3.3446e-12   1.06e-13          3.3446e-12      1.06e-13    0.00e+00
   2        3.4557e-12   3.63e-14          3.4441e-12      3.43e-14    9.82e-01
   3        3.5103e-12   2.03e-14          3.4932e-12      1.74e-14    1.87e+00
   4        3.4653e-12   1.89e-14          3.4803e-12      1.28e-14    1.64e+00
   5        3.4561e-12   1.98e-14          3.4732e-12      1.08e-14    1.49e+00

num_dim=3, calls=20000, it_num=1, max_it_num=5 verb=0, alph=1.50,
mode=0, bins=50, boxes=1

       single.......iteration                   accumulated......results   
iteration     integral    sigma             integral         sigma     chi-sq/it

   1        3.4801e-12   6.03e-15          3.4801e-12      6.03e-15    0.00e+00
   2        3.4813e-12   5.89e-15          3.4807e-12      4.21e-15    2.17e-02
   3        3.4905e-12   5.84e-15          3.4841e-12      3.42e-15    9.34e-01
   4        3.4889e-12   6.15e-15          3.4852e-12      2.99e-15    7.79e-01
   5        3.4755e-12   6.16e-15          3.4834e-12      2.69e-15    1.09e+00
LO = (3.4833746e-12 +- 2.6871303e-15) pb
LHAPDF 6.2.3 loading /pool/condor/dir_78385/resummino-releases/lhapdf-prefix/share/LHAPDF/PDF4LHC21_40/PDF4LHC21_40_0000.dat
PDF4LHC21_40 PDF set, member #0, version 1
 alpha_s(M_Z^2) = 0.1180 	 for NLO PDF set 
 alpha_s(1400.000^2) = 0.0837 	 for NLO PDF set 

********************
* LO cross section *
********************
The limits of integration are:

xl[0]=0.000000    xu[0]=1.000000
xl[1]=0.000000    xu[1]=1.000000
xl[2]=0.000000    xu[2]=1.000000

num_dim=3, calls=2000, it_num=1, max_it_num=5 verb=0, alph=1.50,
mode=0, bins=50, boxes=1

       single.......iteration                   accumulated......results   
iteration     integral    sigma             integral         sigma     chi-sq/it

   1        3.3446e-12   1.06e-13          3.3446e-12      1.06e-13    0.00e+00
   2        3.4557e-12   3.63e-14          3.4441e-12      3.43e-14    9.82e-01
   3        3.5103e-12   2.03e-14          3.4932e-12      1.74e-14    1.87e+00
   4        3.4653e-12   1.89e-14          3.4803e-12      1.28e-14    1.64e+00
   5        3.4561e-12   1.98e-14          3.4732e-12      1.08e-14    1.49e+00

num_dim=3, calls=20000, it_num=1, max_it_num=5 verb=0, alph=1.50,
mode=0, bins=50, boxes=1

       single.......iteration                   accumulated......results   
iteration     integral    sigma             integral         sigma     chi-sq/it

   1        3.4801e-12   6.03e-15          3.4801e-12      6.03e-15    0.00e+00
   2        3.4813e-12   5.89e-15          3.4807e-12      4.21e-15    2.17e-02
   3        3.4905e-12   5.84e-15          3.4841e-12      3.42e-15    9.34e-01
   4        3.4889e-12   6.15e-15          3.4852e-12      2.99e-15    7.79e-01
   5        3.4755e-12   6.16e-15          3.4834e-12      2.69e-15    1.09e+00
   5        3.4777e-12   6.16e-15          3.4825e-12      2.46e-15    1.01e+00
   5        3.4844e-12   6.17e-15          3.4827e-12      2.29e-15    8.57e-01
   5        3.4752e-12   6.24e-15          3.4819e-12      2.15e-15    9.17e-01
   5        3.4760e-12   6.40e-15          3.4813e-12      2.04e-15    8.96e-01
   5        3.4722e-12   6.54e-15          3.4805e-12      1.94e-15    9.90e-01
   5        3.4799e-12   6.82e-15          3.4804e-12      1.87e-15    8.92e-01
   5        3.4792e-12   6.90e-15          3.4803e-12      1.80e-15    8.14e-01
   5        3.4872e-12   7.24e-15          3.4807e-12      1.75e-15    8.16e-01
   5        3.4772e-12   7.60e-15          3.4806e-12      1.71e-15    7.69e-01
   5        3.4817e-12   8.06e-15          3.4806e-12      1.67e-15    7.16e-01
   5        3.4731e-12   8.34e-15          3.4803e-12      1.64e-15    7.20e-01
   5        3.4732e-12   8.46e-15          3.4801e-12      1.61e-15    7.17e-01
   5        3.4867e-12   8.68e-15          3.4803e-12      1.58e-15    7.08e-01
   5        3.4919e-12   9.31e-15          3.4806e-12      1.56e-15    7.53e-01
   5        3.4938e-12   9.09e-15          3.4810e-12      1.54e-15    8.20e-01
   5        3.4723e-12   9.27e-15          3.4807e-12      1.52e-15    8.21e-01
   5        3.4842e-12   9.58e-15          3.4808e-12      1.50e-15    7.88e-01
   5        3.4856e-12   9.96e-15          3.4809e-12      1.48e-15    7.62e-01
   5        3.4808e-12   1.04e-14          3.4809e-12      1.47e-15    7.29e-01
   5        3.4948e-12   1.06e-14          3.4812e-12      1.45e-15    7.69e-01
   5        3.4747e-12   1.06e-14          3.4811e-12      1.44e-15    7.53e-01
   5        3.5065e-12   1.09e-14          3.4815e-12      1.43e-15    9.31e-01
   5        3.4825e-12   1.06e-14          3.4815e-12      1.41e-15    8.97e-01
   5        3.4801e-12   1.09e-14          3.4815e-12      1.40e-15    8.65e-01
   5        3.4894e-12   1.12e-14          3.4816e-12      1.39e-15    8.52e-01
   5        3.4746e-12   1.11e-14          3.4815e-12      1.38e-15    8.37e-01
   5        3.4815e-12   1.16e-14          3.4815e-12      1.37e-15    8.10e-01
   5        3.4972e-12   1.14e-14          3.4817e-12      1.36e-15    8.43e-01
   5        3.4741e-12   1.19e-14          3.4816e-12      1.35e-15    8.30e-01
   5        3.4606e-12   1.15e-14          3.4814e-12      1.34e-15    9.03e-01
   5        3.4938e-12   1.18e-14          3.4815e-12      1.33e-15    9.08e-01
   5        3.4503e-12   1.17e-14          3.4811e-12      1.32e-15    1.08e+00
   5        3.4674e-12   1.21e-14          3.4810e-12      1.32e-15    1.08e+00
   5        3.4915e-12   1.18e-14          3.4811e-12      1.31e-15    1.08e+00
   5        3.4819e-12   1.21e-14          3.4811e-12      1.30e-15    1.05e+00
   5        3.4869e-12   1.23e-14          3.4812e-12      1.29e-15    1.03e+00
   5        3.4789e-12   1.22e-14          3.4811e-12      1.29e-15    1.00e+00
   5        3.5072e-12   1.26e-14          3.4814e-12      1.28e-15    1.08e+00
   5        3.4914e-12   1.24e-14          3.4815e-12      1.27e-15    1.07e+00
   5        3.4631e-12   1.27e-14          3.4813e-12      1.27e-15    1.09e+00
   5        3.4776e-12   1.30e-14          3.4813e-12      1.26e-15    1.07e+00
   5        3.4994e-12   1.34e-14          3.4814e-12      1.26e-15    1.09e+00
   5        3.4514e-12   1.30e-14          3.4812e-12      1.25e-15    1.18e+00
   5        3.5105e-12   1.35e-14          3.4814e-12      1.24e-15    1.25e+00
   5        3.5011e-12   1.31e-14          3.4816e-12      1.24e-15    1.27e+00
   5        3.4773e-12   1.30e-14          3.4816e-12      1.23e-15    1.25e+00
   5        3.4537e-12   1.30e-14          3.4813e-12      1.23e-15    1.31e+00
   5        3.4829e-12   1.33e-14          3.4813e-12      1.22e-15    1.29e+00
   5        3.4847e-12   1.37e-14          3.4813e-12      1.22e-15    1.26e+00
   5        3.5058e-12   1.33e-14          3.4816e-12      1.21e-15    1.30e+00
LO = (3.4815511e-12 +- 1.2125029e-15) pb

*******************************************
* virtual corrections + integrated dipole *
*******************************************
The limits of integration are:

xl[0]=0.000000    xu[0]=1.000000
xl[1]=0.000000    xu[1]=1.000000
xl[2]=0.000000    xu[2]=1.000000

num_dim=3, calls=240, it_num=1, max_it_num=5 verb=0, alph=1.50,
mode=0, bins=50, boxes=1

       single.......iteration                   accumulated......results   
iteration     integral    sigma             integral         sigma     chi-sq/it

   1        3.8835e-13   3.72e-14          3.8835e-13      3.72e-14    0.00e+00
   2        4.0667e-13   1.92e-14          4.0282e-13      1.70e-14    1.92e-01
   3        4.4280e-13   1.17e-14          4.3000e-13      9.65e-15    1.97e+00
   4        4.4093e-13   8.03e-15          4.3646e-13      6.17e-15    1.56e+00
   5        4.5136e-13   1.01e-14          4.4052e-13      5.26e-15    1.57e+00

num_dim=3, calls=1200, it_num=1, max_it_num=3 verb=0, alph=1.50,
mode=0, bins=50, boxes=1

       single.......iteration                   accumulated......results   
iteration     integral    sigma             integral         sigma     chi-sq/it

   1        4.2442e-13   4.25e-15          4.2442e-13      4.25e-15    0.00e+00
   2        4.3527e-13   3.53e-15          4.3084e-13      2.72e-15    3.85e+00
   3        4.3069e-13   3.22e-15          4.3078e-13      2.08e-15    1.92e+00
   3        4.4085e-13   3.34e-15          4.3359e-13      1.76e-15    3.47e+00
   3        4.2854e-13   3.31e-15          4.3247e-13      1.56e-15    3.05e+00
   3        4.3399e-13   3.28e-15          4.3275e-13      1.41e-15    2.48e+00
   3        4.2877e-13   3.51e-15          4.3220e-13      1.31e-15    2.25e+00
   3        4.3702e-13   3.29e-15          4.3285e-13      1.21e-15    2.19e+00
   3        4.3654e-13   3.26e-15          4.3330e-13      1.14e-15    2.06e+00
   3        4.3379e-13   3.24e-15          4.3336e-13      1.07e-15    1.83e+00
   3        4.3151e-13   3.35e-15          4.3318e-13      1.02e-15    1.68e+00
   3        4.3355e-13   3.43e-15          4.3321e-13      9.79e-16    1.53e+00
   3        4.3618e-13   3.36e-15          4.3344e-13      9.40e-16    1.46e+00
vNLO = (4.3344499e-13 +- 9.4027157e-16) pb

*****************************
* collinear remainder (P+K) *
*****************************
The limits of integration are:

xl[0]=0.000000    xu[0]=1.000000
xl[1]=0.000000    xu[1]=1.000000
xl[2]=0.000000    xu[2]=1.000000
xl[3]=0.000000    xu[3]=1.000000

num_dim=4, calls=2500, it_num=1, max_it_num=5 verb=0, alph=1.50,
mode=0, bins=50, boxes=1

       single.......iteration                   accumulated......results   
iteration     integral    sigma             integral         sigma     chi-sq/it

   1        2.5579e-13   2.40e-14          2.5579e-13      2.40e-14    0.00e+00
   2        2.5528e-13   1.03e-14          2.5536e-13      9.50e-15    3.86e-04
   3        2.5821e-13   9.00e-15          2.5686e-13      6.53e-15    2.40e-02
   4        2.6516e-13   8.50e-15          2.5994e-13      5.18e-15    2.16e-01
   5        2.7441e-13   8.57e-15          2.6381e-13      4.43e-15    6.83e-01

num_dim=4, calls=25000, it_num=1, max_it_num=3 verb=0, alph=1.50,
mode=0, bins=50, boxes=1

       single.......iteration                   accumulated......results   
iteration     integral    sigma             integral         sigma     chi-sq/it

   1        2.6903e-13   2.72e-15          2.6903e-13      2.72e-15    0.00e+00
   2        2.6726e-13   2.70e-15          2.6814e-13      1.92e-15    2.14e-01
   3        2.6223e-13   2.71e-15          2.6618e-13      1.57e-15    1.69e+00
   3        2.6664e-13   2.71e-15          2.6629e-13      1.36e-15    1.13e+00
   3        2.6188e-13   2.71e-15          2.6541e-13      1.21e-15    1.38e+00
   3        2.6222e-13   2.70e-15          2.6488e-13      1.11e-15    1.34e+00
P+K = (2.6487781e-13 +- 1.1064568e-15) pb

********************************
* real gluon emission - dipole *
********************************
The limits of integration are:

xl[0]=0.000000    xu[0]=1.000000
xl[1]=0.000000    xu[1]=1.000000
xl[2]=0.000000    xu[2]=1.000000
xl[3]=0.000000    xu[3]=1.000000
xl[4]=0.000000    xu[4]=1.000000
xl[5]=0.000000    xu[5]=1.000000

num_dim=6, calls=250, it_num=1, max_it_num=5 verb=0, alph=1.50,
mode=0, bins=50, boxes=1

       single.......iteration                   accumulated......results   
iteration     integral    sigma             integral         sigma     chi-sq/it

   1        -9.9214e-15   3.33e-15          -9.9214e-15      3.33e-15    0.00e+00
   2        -1.2537e-14   2.68e-15          -1.1511e-14      2.09e-15    3.74e-01
   3        -8.1829e-15   1.13e-15          -8.9377e-15      9.94e-16    1.17e+00
   4        -8.3128e-15   7.68e-16          -8.5463e-15      6.08e-16    8.62e-01
   5        -8.9684e-15   7.42e-16          -8.7159e-15      4.70e-16    6.95e-01

num_dim=6, calls=2500, it_num=1, max_it_num=3 verb=0, alph=1.50,
mode=0, bins=50, boxes=1

       single.......iteration                   accumulated......results   
iteration     integral    sigma             integral         sigma     chi-sq/it

   1        -8.2424e-15   1.89e-16          -8.2424e-15      1.89e-16    0.00e+00
   2        -8.3861e-15   1.25e-16          -8.3422e-15      1.04e-16    4.02e-01
   3        -8.6235e-15   1.20e-16          -8.4634e-15      7.87e-17    1.77e+00
   3        -8.4238e-15   1.11e-16          -8.4501e-15      6.42e-17    1.21e+00
rNLOg = (-8.4500955e-15 +- 6.4177547e-17) pb

**************************************************
* real light quark emission - dipole - (onshell) *
**************************************************
The limits of integration are:

xl[0]=0.000000    xu[0]=1.000000
xl[1]=0.000000    xu[1]=1.000000
xl[2]=0.000000    xu[2]=1.000000
xl[3]=0.000000    xu[3]=1.000000
xl[4]=0.000000    xu[4]=1.000000
xl[5]=0.000000    xu[5]=1.000000

num_dim=6, calls=5000, it_num=1, max_it_num=5 verb=0, alph=1.50,
mode=0, bins=50, boxes=1

       single.......iteration                   accumulated......results   
iteration     integral    sigma             integral         sigma     chi-sq/it

   1        1.7693e-14   1.40e-15          1.7693e-14      1.40e-15    0.00e+00
   2        1.8912e-14   4.31e-16          1.8806e-14      4.12e-16    6.96e-01
   3        1.8153e-14   2.16e-16          1.8294e-14      1.92e-16    1.33e+00
   4        1.7862e-14   1.70e-16          1.8052e-14      1.27e-16    1.84e+00
   5        1.8028e-14   1.52e-16          1.8042e-14      9.76e-17    1.38e+00

num_dim=6, calls=50000, it_num=1, max_it_num=5 verb=0, alph=1.50,
mode=0, bins=50, boxes=1

       single.......iteration                   accumulated......results   
iteration     integral    sigma             integral         sigma     chi-sq/it

   1        1.7962e-14   4.62e-17          1.7962e-14      4.62e-17    0.00e+00
   2        1.8081e-14   5.18e-17          1.8015e-14      3.45e-17    2.93e+00
   3        1.8135e-14   5.53e-17          1.8048e-14      2.93e-17    3.18e+00
   4        1.8053e-14   5.37e-17          1.8049e-14      2.57e-17    2.12e+00
   5        1.8078e-14   5.57e-17          1.8055e-14      2.33e-17    1.65e+00
   5        1.8021e-14   4.90e-17          1.8048e-14      2.11e-17    1.39e+00
rNLOq = (1.8048432e-14 +- 2.1067705e-17) pb
NLO = (4.1894722e-12 +- 1.8929033e-15) pb
#chisq/dof = 2.021e-09
#status = success
#chisq/dof = 3.28835e-09
#status = success
#chisq/dof = 4.88861e-10
#status = success
#chisq/dof = 7.43679e-10
#status = success
#chisq/dof = 1.88479e-10
#status = success
#chisq/dof = 2.53776e-12
#status = success
#chisq/dof = 3.32225e-10
#status = success
#chisq/dof = 1.02476e-10
#status = success

*******************************************************
* threshold resummation (unimproved nnll) - expansion *
*******************************************************
The limits of integration are:

xl[0]=0.000000    xu[0]=1.000000
xl[1]=0.000000    xu[1]=1.000000
xl[2]=0.000000    xu[2]=1.000000

num_dim=3, calls=7000, it_num=1, max_it_num=5 verb=0, alph=1.50,
mode=0, bins=50, boxes=1

       single.......iteration                   accumulated......results   
iteration     integral    sigma             integral         sigma     chi-sq/it

   1        2.6358e-13   4.42e-13          2.6358e-13      4.42e-13    0.00e+00
   2        8.1249e-14   1.15e-13          9.2802e-14      1.11e-13    1.59e-01
   3        3.6891e-14   1.01e-13          6.2106e-14      7.48e-14    1.49e-01
   4        6.2644e-14   9.98e-14          6.2300e-14      5.98e-14    9.92e-02
   5        9.5950e-14   9.92e-14          7.1283e-14      5.12e-14    9.55e-02

num_dim=3, calls=35000, it_num=1, max_it_num=5 verb=0, alph=1.50,
mode=0, bins=50, boxes=1

       single.......iteration                   accumulated......results   
iteration     integral    sigma             integral         sigma     chi-sq/it

   1        -4.6718e-15   4.42e-14          -4.6718e-15      4.42e-14    0.00e+00
   2        1.5867e-14   4.41e-14          5.6240e-15      3.12e-14    1.08e-01
   3        -6.8871e-14   4.42e-14          -1.9158e-14      2.55e-14    1.00e+00
   4        1.1410e-14   4.43e-14          -1.1563e-14      2.21e-14    7.87e-01
   5        -3.0649e-14   4.41e-14          -1.5388e-14      1.98e-14    6.28e-01
   5        -2.3160e-14   4.42e-14          -1.6683e-14      1.80e-14    5.07e-01
   5        3.0021e-14   4.44e-14          -1.0076e-14      1.67e-14    5.81e-01
   5        -7.5657e-14   4.43e-14          -1.8253e-14      1.56e-14    7.72e-01
   5        8.0556e-15   4.44e-14          -1.5349e-14      1.48e-14    7.15e-01
   5        -8.9766e-14   4.45e-14          -2.2716e-14      1.40e-14    9.15e-01
   5        2.2815e-15   4.44e-14          -2.0457e-14      1.34e-14    8.52e-01
   5        3.4485e-14   4.45e-14          -1.5916e-14      1.28e-14    9.02e-01
   5        2.1701e-14   4.48e-14          -1.3079e-14      1.23e-14    8.81e-01
   5        6.7722e-14   4.48e-14          -7.4163e-15      1.19e-14    1.05e+00
   5        1.9330e-15   4.50e-14          -6.8086e-15      1.15e-14    9.74e-01
   5        9.7471e-15   4.51e-14          -5.8033e-15      1.11e-14    9.18e-01
   5        8.3328e-14   4.50e-14          -6.8058e-16      1.08e-14    1.09e+00
aNNLO+NNLL = (4.1887916e-12 +- 1.0954754e-14) pb

Results:
LO = (3.4833746e-12 +- 2.6871303e-15) pb
NLO = (4.1894722e-12 +- 1.8929033e-15) pb
aNNLO+NNLL = (4.1887916e-12 +- 1.0954754e-14) pb
Thanks for using LHAPDF 6.2.3. Please make sure to cite the paper:
  Eur.Phys.J. C75 (2015) 3, 132  (http://arxiv.org/abs/1412.7420)
 ====================================================
   FF 2.0, a package to evaluate one-loop integrals
 written by G. J. van Oldenborgh, NIKHEF-H, Amsterdam
 ====================================================
 for the algorithms used see preprint NIKHEF-H 89/17,
 'New Algorithms for One-loop Integrals', by G.J. van
 Oldenborgh and J.A.M. Vermaseren, published in 
 Zeitschrift fuer Physik C46(1990)425.
 ====================================================
 
total number of errors and warnings
===================================
fferr: no errors
 
