
  Welcome to Resummino git-latest
  Copyright 2008-2010 Jonathan Debove.
  Copyright 2011-2014 David R. Lamprea.
  Copyright 2011-2016 Marcel Rothering.

  Licensed under the EUPL 1.1 or later.
  See http://www.resummino.org/ for more information.

  If using Resummino for slepton pair production, please cite.
  - G. Bozzi, B. Fuks, M. Klasen, PRD 74, 015001 (2006); NPB 777, 157 (2007); NPB 794, 46 (2007).
  - B. Fuks, M. Klasen, D. R. Lamprea, M. Rothering, EPJC 73, 2480 (2013).

  For gaugino pair production, please cite:
  - J. Debove, B. Fuks, M. Klasen, PLB 688, 208 (2010); NPB 842, 51 (2011); NPB 849, 64 (2011).
  - B. Fuks, M. Klasen, D. R. Lamprea, M. Rothering, JHEP 1210, 081 (2012); EPJC 73, 2480 (2013).

  For associated gaugino gluino production, please cite:
  - B. Fuks, M. Klasen, M. Rothering, JHEP 07:053, (2016).
  - B. Fuks, M. Klasen, D. R. Lamprea, M. Rothering, EPJC 73, 2480 (2013).

LHAPDF 6.2.3 loading /pool/condor/dir_17161/resummino-releases/lhapdf-prefix/share/LHAPDF/PDF4LHC21_40/PDF4LHC21_40_0000.dat
PDF4LHC21_40 PDF set, member #0, version 1
 alpha_s(M_Z^2) = 0.1180 	 for LO PDF set 
 alpha_s(1700.000^2) = 0.0820 	 for LO PDF set 

********************
* LO cross section *
********************
The limits of integration are:

xl[0]=0.000000    xu[0]=1.000000
xl[1]=0.000000    xu[1]=1.000000
xl[2]=0.000000    xu[2]=1.000000

num_dim=3, calls=2000, it_num=1, max_it_num=5 verb=0, alph=1.50,
mode=0, bins=50, boxes=1

       single.......iteration                   accumulated......results   
iteration     integral    sigma             integral         sigma     chi-sq/it

   1        1.1300e-13   3.35e-15          1.1300e-13      3.35e-15    0.00e+00
   2        1.1888e-13   1.21e-15          1.1820e-13      1.14e-15    2.73e+00
   3        1.2049e-13   6.63e-16          1.1991e-13      5.73e-16    2.87e+00
   4        1.1899e-13   6.27e-16          1.1949e-13      4.23e-16    2.31e+00
   5        1.1880e-13   6.49e-16          1.1928e-13      3.54e-16    1.93e+00

num_dim=3, calls=20000, it_num=1, max_it_num=5 verb=0, alph=1.50,
mode=0, bins=50, boxes=1

       single.......iteration                   accumulated......results   
iteration     integral    sigma             integral         sigma     chi-sq/it

   1        1.1944e-13   1.99e-16          1.1944e-13      1.99e-16    0.00e+00
   2        1.1940e-13   1.93e-16          1.1942e-13      1.38e-16    1.57e-02
   3        1.1970e-13   1.91e-16          1.1951e-13      1.12e-16    7.03e-01
   4        1.1968e-13   2.03e-16          1.1955e-13      9.81e-17    6.33e-01
   5        1.1919e-13   2.03e-16          1.1948e-13      8.83e-17    1.12e+00
LO = (1.1948358e-13 +- 8.8349781e-17) pb
LHAPDF 6.2.3 loading /pool/condor/dir_17161/resummino-releases/lhapdf-prefix/share/LHAPDF/PDF4LHC21_40/PDF4LHC21_40_0039.dat
PDF4LHC21_40 PDF set, member #39, version 1
 alpha_s(M_Z^2) = 0.1180 	 for NLO PDF set 
 alpha_s(1700.000^2) = 0.0820 	 for NLO PDF set 

********************
* LO cross section *
********************
The limits of integration are:

xl[0]=0.000000    xu[0]=1.000000
xl[1]=0.000000    xu[1]=1.000000
xl[2]=0.000000    xu[2]=1.000000

num_dim=3, calls=2000, it_num=1, max_it_num=5 verb=0, alph=1.50,
mode=0, bins=50, boxes=1

       single.......iteration                   accumulated......results   
iteration     integral    sigma             integral         sigma     chi-sq/it

   1        1.0930e-13   3.28e-15          1.0930e-13      3.28e-15    0.00e+00
   2        1.1520e-13   1.19e-15          1.1452e-13      1.12e-15    2.86e+00
   3        1.1673e-13   6.27e-16          1.1620e-13      5.47e-16    2.92e+00
   4        1.1532e-13   5.82e-16          1.1578e-13      3.98e-16    2.35e+00
   5        1.1527e-13   5.96e-16          1.1563e-13      3.31e-16    1.89e+00

num_dim=3, calls=20000, it_num=1, max_it_num=5 verb=0, alph=1.50,
mode=0, bins=50, boxes=1

       single.......iteration                   accumulated......results   
iteration     integral    sigma             integral         sigma     chi-sq/it

   1        1.1575e-13   1.84e-16          1.1575e-13      1.84e-16    0.00e+00
   2        1.1567e-13   1.80e-16          1.1571e-13      1.29e-16    9.01e-02
   3        1.1594e-13   1.77e-16          1.1579e-13      1.04e-16    6.24e-01
   4        1.1595e-13   1.88e-16          1.1583e-13      9.10e-17    5.93e-01
   5        1.1549e-13   1.89e-16          1.1576e-13      8.20e-17    1.08e+00
   5        1.1557e-13   1.90e-16          1.1573e-13      7.53e-17    1.05e+00
   5        1.1591e-13   1.90e-16          1.1576e-13      7.00e-17    9.94e-01
   5        1.1548e-13   1.94e-16          1.1572e-13      6.58e-17    1.11e+00
   5        1.1553e-13   1.99e-16          1.1570e-13      6.25e-17    1.08e+00
   5        1.1543e-13   2.03e-16          1.1568e-13      5.98e-17    1.14e+00
   5        1.1562e-13   2.15e-16          1.1568e-13      5.76e-17    1.04e+00
   5        1.1560e-13   2.21e-16          1.1567e-13      5.57e-17    9.52e-01
   5        1.1590e-13   2.34e-16          1.1568e-13      5.42e-17    9.46e-01
   5        1.1560e-13   2.46e-16          1.1568e-13      5.29e-17    8.82e-01
   5        1.1574e-13   2.62e-16          1.1568e-13      5.19e-17    8.23e-01
   5        1.1539e-13   2.70e-16          1.1567e-13      5.09e-17    8.45e-01
   5        1.1545e-13   2.73e-16          1.1566e-13      5.01e-17    8.30e-01
   5        1.1593e-13   2.78e-16          1.1567e-13      4.93e-17    8.35e-01
   5        1.1600e-13   3.01e-16          1.1568e-13      4.86e-17    8.54e-01
   5        1.1615e-13   2.94e-16          1.1569e-13      4.80e-17    9.40e-01
   5        1.1535e-13   2.99e-16          1.1569e-13      4.74e-17    9.57e-01
   5        1.1589e-13   3.09e-16          1.1569e-13      4.68e-17    9.32e-01
   5        1.1586e-13   3.22e-16          1.1569e-13      4.63e-17    9.02e-01
   5        1.1569e-13   3.38e-16          1.1569e-13      4.59e-17    8.63e-01
   5        1.1611e-13   3.37e-16          1.1570e-13      4.55e-17    8.90e-01
   5        1.1545e-13   3.43e-16          1.1570e-13      4.51e-17    8.75e-01
   5        1.1656e-13   3.60e-16          1.1571e-13      4.47e-17    1.06e+00
   5        1.1574e-13   3.44e-16          1.1571e-13      4.44e-17    1.02e+00
   5        1.1573e-13   3.53e-16          1.1571e-13      4.40e-17    9.83e-01
   5        1.1586e-13   3.63e-16          1.1571e-13      4.37e-17    9.54e-01
   5        1.1560e-13   3.54e-16          1.1571e-13      4.34e-17    9.26e-01
   5        1.1567e-13   3.67e-16          1.1571e-13      4.31e-17    8.96e-01
   5        1.1610e-13   3.55e-16          1.1572e-13      4.28e-17    9.05e-01
   5        1.1527e-13   3.61e-16          1.1571e-13      4.25e-17    9.24e-01
   5        1.1505e-13   3.61e-16          1.1570e-13      4.22e-17    9.95e-01
   5        1.1603e-13   3.69e-16          1.1571e-13      4.19e-17    9.90e-01
   5        1.1492e-13   3.69e-16          1.1570e-13      4.16e-17    1.09e+00
   5        1.1542e-13   3.84e-16          1.1569e-13      4.14e-17    1.07e+00
   5        1.1604e-13   3.77e-16          1.1570e-13      4.11e-17    1.07e+00
   5        1.1569e-13   3.77e-16          1.1570e-13      4.09e-17    1.04e+00
   5        1.1586e-13   3.89e-16          1.1570e-13      4.07e-17    1.02e+00
   5        1.1552e-13   3.84e-16          1.1570e-13      4.05e-17    9.99e-01
   5        1.1645e-13   3.92e-16          1.1570e-13      4.02e-17    1.06e+00
   5        1.1599e-13   3.91e-16          1.1571e-13      4.00e-17    1.05e+00
   5        1.1537e-13   4.00e-16          1.1570e-13      3.98e-17    1.04e+00
   5        1.1561e-13   4.09e-16          1.1570e-13      3.96e-17    1.02e+00
LO = (1.1570285e-13 +- 3.9641208e-17) pb

*******************************************
* virtual corrections + integrated dipole *
*******************************************
The limits of integration are:

xl[0]=0.000000    xu[0]=1.000000
xl[1]=0.000000    xu[1]=1.000000
xl[2]=0.000000    xu[2]=1.000000

num_dim=3, calls=240, it_num=1, max_it_num=5 verb=0, alph=1.50,
mode=0, bins=50, boxes=1

       single.......iteration                   accumulated......results   
iteration     integral    sigma             integral         sigma     chi-sq/it

   1        1.2188e-14   1.08e-15          1.2188e-14      1.08e-15    0.00e+00
   2        1.3234e-14   6.18e-16          1.2976e-14      5.36e-16    7.06e-01
   3        1.4356e-14   3.63e-16          1.3922e-14      3.01e-16    2.62e+00
   4        1.4391e-14   2.60e-16          1.4190e-14      1.97e-16    2.21e+00
   5        1.4818e-14   3.11e-16          1.4369e-14      1.66e-16    2.38e+00

num_dim=3, calls=1200, it_num=1, max_it_num=3 verb=0, alph=1.50,
mode=0, bins=50, boxes=1

       single.......iteration                   accumulated......results   
iteration     integral    sigma             integral         sigma     chi-sq/it

   1        1.3880e-14   1.32e-16          1.3880e-14      1.32e-16    0.00e+00
   2        1.4188e-14   1.04e-16          1.4070e-14      8.14e-17    3.39e+00
   3        1.4117e-14   9.56e-17          1.4090e-14      6.20e-17    1.76e+00
   3        1.4376e-14   9.71e-17          1.4173e-14      5.23e-17    3.24e+00
   3        1.4017e-14   1.01e-16          1.4139e-14      4.64e-17    2.90e+00
   3        1.4192e-14   9.64e-17          1.4149e-14      4.18e-17    2.37e+00
   3        1.4037e-14   1.03e-16          1.4133e-14      3.87e-17    2.14e+00
   3        1.4280e-14   9.70e-17          1.4154e-14      3.60e-17    2.12e+00
   3        1.4234e-14   9.67e-17          1.4163e-14      3.37e-17    1.93e+00
   3        1.4131e-14   9.62e-17          1.4160e-14      3.18e-17    1.73e+00
   3        1.4137e-14   1.00e-16          1.4158e-14      3.03e-17    1.56e+00
   3        1.4176e-14   1.01e-16          1.4159e-14      2.90e-17    1.42e+00
vNLO = (1.4159246e-14 +- 2.9048427e-17) pb

*****************************
* collinear remainder (P+K) *
*****************************
The limits of integration are:

xl[0]=0.000000    xu[0]=1.000000
xl[1]=0.000000    xu[1]=1.000000
xl[2]=0.000000    xu[2]=1.000000
xl[3]=0.000000    xu[3]=1.000000

num_dim=4, calls=2500, it_num=1, max_it_num=5 verb=0, alph=1.50,
mode=0, bins=50, boxes=1

       single.......iteration                   accumulated......results   
iteration     integral    sigma             integral         sigma     chi-sq/it

   1        1.9231e-14   1.00e-15          1.9231e-14      1.00e-15    0.00e+00
   2        1.9373e-14   3.92e-16          1.9354e-14      3.65e-16    1.75e-02
   3        1.9376e-14   3.10e-16          1.9367e-14      2.36e-16    9.81e-03
   4        1.9453e-14   2.98e-16          1.9400e-14      1.85e-16    2.36e-02
   5        1.9613e-14   2.96e-16          1.9460e-14      1.57e-16    1.11e-01

num_dim=4, calls=25000, it_num=1, max_it_num=3 verb=0, alph=1.50,
mode=0, bins=50, boxes=1

       single.......iteration                   accumulated......results   
iteration     integral    sigma             integral         sigma     chi-sq/it

   1        1.9670e-14   9.15e-17          1.9670e-14      9.15e-17    0.00e+00
   2        1.9678e-14   9.08e-17          1.9674e-14      6.44e-17    3.48e-03
   3        1.9438e-14   9.16e-17          1.9596e-14      5.27e-17    2.22e+00
   3        1.9535e-14   9.21e-17          1.9581e-14      4.57e-17    1.59e+00
   3        1.9424e-14   9.27e-17          1.9550e-14      4.10e-17    1.77e+00
   3        1.9395e-14   9.22e-17          1.9524e-14      3.75e-17    1.89e+00
   3        1.9461e-14   9.18e-17          1.9515e-14      3.47e-17    1.64e+00
   3        1.9498e-14   9.24e-17          1.9513e-14      3.25e-17    1.41e+00
P+K = (1.9513306e-14 +- 3.2484631e-17) pb

********************************
* real gluon emission - dipole *
********************************
The limits of integration are:

xl[0]=0.000000    xu[0]=1.000000
xl[1]=0.000000    xu[1]=1.000000
xl[2]=0.000000    xu[2]=1.000000
xl[3]=0.000000    xu[3]=1.000000
xl[4]=0.000000    xu[4]=1.000000
xl[5]=0.000000    xu[5]=1.000000

num_dim=6, calls=250, it_num=1, max_it_num=5 verb=0, alph=1.50,
mode=0, bins=50, boxes=1

       single.......iteration                   accumulated......results   
iteration     integral    sigma             integral         sigma     chi-sq/it

   1        -1.4926e-16   5.29e-17          -1.4926e-16      5.29e-17    0.00e+00
   2        -1.6094e-16   3.67e-17          -1.5715e-16      3.02e-17    3.29e-02
   3        -9.9877e-17   1.01e-17          -1.0569e-16      9.61e-18    1.64e+00
   4        -1.2147e-16   1.44e-17          -1.1053e-16      8.00e-18    1.37e+00
   5        -1.4780e-16   1.30e-17          -1.2080e-16      6.81e-18    2.52e+00

num_dim=6, calls=2500, it_num=1, max_it_num=3 verb=0, alph=1.50,
mode=0, bins=50, boxes=1

       single.......iteration                   accumulated......results   
iteration     integral    sigma             integral         sigma     chi-sq/it

   1        -1.3327e-16   2.72e-18          -1.3327e-16      2.72e-18    0.00e+00
   2        -1.2931e-16   1.53e-18          -1.3026e-16      1.33e-18    1.62e+00
   3        -1.3286e-16   1.64e-18          -1.3129e-16      1.03e-18    1.57e+00
rNLOg = (-1.3129467e-16 +- 1.0324650e-18) pb

**************************************************
* real light quark emission - dipole - (onshell) *
**************************************************
The limits of integration are:

xl[0]=0.000000    xu[0]=1.000000
xl[1]=0.000000    xu[1]=1.000000
xl[2]=0.000000    xu[2]=1.000000
xl[3]=0.000000    xu[3]=1.000000
xl[4]=0.000000    xu[4]=1.000000
xl[5]=0.000000    xu[5]=1.000000

num_dim=6, calls=5000, it_num=1, max_it_num=5 verb=0, alph=1.50,
mode=0, bins=50, boxes=1

       single.......iteration                   accumulated......results   
iteration     integral    sigma             integral         sigma     chi-sq/it

   1        2.9295e-16   1.82e-17          2.9295e-16      1.82e-17    0.00e+00
   2        2.8798e-16   5.44e-18          2.8839e-16      5.21e-18    6.86e-02
   3        2.8257e-16   2.99e-18          2.8401e-16      2.59e-18    5.03e-01
   4        2.8046e-16   2.21e-18          2.8196e-16      1.68e-18    6.98e-01
   5        2.8205e-16   1.97e-18          2.8200e-16      1.28e-18    5.24e-01

num_dim=6, calls=50000, it_num=1, max_it_num=5 verb=0, alph=1.50,
mode=0, bins=50, boxes=1

       single.......iteration                   accumulated......results   
iteration     integral    sigma             integral         sigma     chi-sq/it

   1        2.8178e-16   6.05e-19          2.8178e-16      6.05e-19    0.00e+00
   2        2.8337e-16   7.96e-19          2.8236e-16      4.82e-19    2.53e+00
   3        2.8392e-16   8.03e-19          2.8277e-16      4.13e-19    2.65e+00
   4        2.8278e-16   6.77e-19          2.8278e-16      3.53e-19    1.77e+00
   5        2.8333e-16   7.86e-19          2.8287e-16      3.22e-19    1.43e+00
rNLOq = (2.8286872e-16 +- 3.2172674e-19) pb
NLO = (1.4952697e-13 +- 5.8920771e-17) pb
#chisq/dof = 2.08278e-09
#status = success
#chisq/dof = 6.40143e-10
#status = success
#chisq/dof = 5.52274e-10
#status = success
#chisq/dof = 2.87388e-09
#status = success
#chisq/dof = 8.33249e-11
#status = success
#chisq/dof = 3.44583e-12
#status = success
#chisq/dof = 1.85672e-10
#status = success
#chisq/dof = 2.79994e-11
#status = success

*******************************************************
* threshold resummation (unimproved nnll) - expansion *
*******************************************************
The limits of integration are:

xl[0]=0.000000    xu[0]=1.000000
xl[1]=0.000000    xu[1]=1.000000
xl[2]=0.000000    xu[2]=1.000000

num_dim=3, calls=7000, it_num=1, max_it_num=5 verb=0, alph=1.50,
mode=0, bins=50, boxes=1

       single.......iteration                   accumulated......results   
iteration     integral    sigma             integral         sigma     chi-sq/it

   1        -4.2030e-15   5.53e-15          -4.2030e-15      5.53e-15    0.00e+00
   2        5.4530e-15   2.22e-15          4.1168e-15      2.06e-15    2.63e+00
   3        -2.4042e-15   1.98e-15          7.3903e-16      1.43e-15    3.91e+00
   4        2.3774e-15   1.97e-15          1.3054e-15      1.16e-15    2.76e+00
   5        8.7310e-16   1.99e-15          1.1961e-15      9.99e-16    2.08e+00

num_dim=3, calls=35000, it_num=1, max_it_num=5 verb=0, alph=1.50,
mode=0, bins=50, boxes=1

       single.......iteration                   accumulated......results   
iteration     integral    sigma             integral         sigma     chi-sq/it

   1        3.1366e-15   8.80e-16          3.1366e-15      8.80e-16    0.00e+00
   2        3.3283e-15   8.81e-16          3.2324e-15      6.23e-16    2.37e-02
   3        4.5047e-15   8.80e-16          3.6565e-15      5.08e-16    7.08e-01
   4        3.4506e-15   8.81e-16          3.6051e-15      4.40e-16    4.86e-01
   5        1.6144e-15   8.84e-16          3.2091e-15      3.94e-16    1.38e+00
   5        2.6440e-15   8.82e-16          3.1150e-15      3.60e-16    1.17e+00
   5        2.7605e-15   8.82e-16          3.0644e-15      3.33e-16    1.00e+00
   5        3.5238e-15   8.83e-16          3.1216e-15      3.12e-16    8.92e-01
   5        1.9584e-15   8.83e-16          2.9927e-15      2.94e-16    9.73e-01
   5        2.7386e-15   8.84e-16          2.9674e-15      2.79e-16    8.73e-01
   5        2.4382e-15   8.82e-16          2.9193e-15      2.66e-16    8.19e-01
   5        2.3728e-15   8.89e-16          2.8744e-15      2.55e-16    7.76e-01
   5        3.4383e-15   8.90e-16          2.9171e-15      2.45e-16    7.42e-01
   5        3.2935e-15   8.89e-16          2.9437e-15      2.36e-16    6.98e-01
   5        3.9412e-15   8.88e-16          3.0095e-15      2.28e-16    7.32e-01
   5        3.4283e-15   8.92e-16          3.0353e-15      2.21e-16    6.97e-01
   5        2.2929e-15   8.93e-16          2.9924e-15      2.15e-16    6.94e-01
   5        2.3157e-15   8.91e-16          2.9553e-15      2.09e-16    6.86e-01
   5        3.6856e-15   8.98e-16          2.9927e-15      2.03e-16    6.82e-01
   5        3.3144e-15   8.97e-16          3.0084e-15      1.98e-16    6.53e-01
   5        1.7009e-15   9.07e-16          2.9488e-15      1.94e-16    7.19e-01
   5        3.4723e-15   9.05e-16          2.9717e-15      1.89e-16    7.00e-01
   5        3.0856e-15   9.02e-16          2.9765e-15      1.85e-16    6.69e-01
   5        3.5760e-15   9.15e-16          3.0001e-15      1.82e-16    6.58e-01
   5        1.8298e-15   9.10e-16          2.9553e-15      1.78e-16    6.97e-01
   5        3.0772e-15   9.14e-16          2.9598e-15      1.75e-16    6.70e-01
   5        1.8413e-15   9.15e-16          2.9204e-15      1.72e-16    6.99e-01
   5        2.6642e-15   9.29e-16          2.9120e-15      1.69e-16    6.76e-01
   5        1.9308e-15   9.24e-16          2.8802e-15      1.66e-16    6.91e-01
   5        1.5548e-15   9.28e-16          2.8391e-15      1.63e-16    7.35e-01
   5        2.5602e-15   9.32e-16          2.8308e-15      1.61e-16    7.14e-01
   5        4.5801e-15   9.36e-16          2.8811e-15      1.59e-16    8.00e-01
   5        3.3164e-15   9.37e-16          2.8932e-15      1.56e-16    7.82e-01
   5        1.3542e-15   9.41e-16          2.8518e-15      1.54e-16    8.37e-01
   5        4.2756e-15   9.49e-16          2.8885e-15      1.52e-16    8.77e-01
   5        3.5815e-15   9.40e-16          2.9062e-15      1.50e-16    8.67e-01
   5        2.3986e-15   9.47e-16          2.8937e-15      1.49e-16    8.51e-01
   5        1.2202e-15   9.38e-16          2.8528e-15      1.47e-16    9.12e-01
   5        2.8692e-15   9.42e-16          2.8532e-15      1.45e-16    8.88e-01
   5        -2.0229e-16   9.48e-16          2.7833e-15      1.43e-16    1.13e+00
   5        1.5969e-15   9.50e-16          2.7569e-15      1.42e-16    1.14e+00
   5        2.1164e-15   9.50e-16          2.7430e-15      1.40e-16    1.12e+00
   5        1.4836e-15   9.54e-16          2.7164e-15      1.39e-16    1.13e+00
   5        7.7238e-16   9.55e-16          2.6763e-15      1.37e-16    1.20e+00
   5        1.7469e-15   9.55e-16          2.6575e-15      1.36e-16    1.19e+00
   5        5.5232e-16   9.59e-16          2.6161e-15      1.34e-16    1.27e+00
   5        3.5011e-15   9.53e-16          2.6334e-15      1.33e-16    1.26e+00
   5        3.0982e-15   9.69e-16          2.6420e-15      1.32e-16    1.24e+00
   5        2.9156e-15   9.61e-16          2.6471e-15      1.31e-16    1.22e+00
   5        2.7077e-15   9.75e-16          2.6481e-15      1.30e-16    1.19e+00
   5        1.8673e-15   9.62e-16          2.6342e-15      1.28e-16    1.18e+00
   5        3.8131e-15   9.72e-16          2.6544e-15      1.27e-16    1.19e+00
   5        1.7652e-15   9.63e-16          2.6392e-15      1.26e-16    1.18e+00
   5        1.6046e-15   9.52e-16          2.6213e-15      1.25e-16    1.18e+00
   5        1.8465e-15   9.55e-16          2.6083e-15      1.24e-16    1.17e+00
aNNLO+NNLL = (1.5213523e-13 +- 1.3730097e-16) pb

Results:
LO = (1.1948358e-13 +- 8.8349781e-17) pb
NLO = (1.4952697e-13 +- 5.8920771e-17) pb
aNNLO+NNLL = (1.5213523e-13 +- 1.3730097e-16) pb
Thanks for using LHAPDF 6.2.3. Please make sure to cite the paper:
  Eur.Phys.J. C75 (2015) 3, 132  (http://arxiv.org/abs/1412.7420)
 ====================================================
   FF 2.0, a package to evaluate one-loop integrals
 written by G. J. van Oldenborgh, NIKHEF-H, Amsterdam
 ====================================================
 for the algorithms used see preprint NIKHEF-H 89/17,
 'New Algorithms for One-loop Integrals', by G.J. van
 Oldenborgh and J.A.M. Vermaseren, published in 
 Zeitschrift fuer Physik C46(1990)425.
 ====================================================
 
total number of errors and warnings
===================================
fferr: no errors
 
