
  Welcome to Resummino git-latest
  Copyright 2008-2010 Jonathan Debove.
  Copyright 2011-2014 David R. Lamprea.
  Copyright 2011-2016 Marcel Rothering.

  Licensed under the EUPL 1.1 or later.
  See http://www.resummino.org/ for more information.

  If using Resummino for slepton pair production, please cite.
  - G. Bozzi, B. Fuks, M. Klasen, PRD 74, 015001 (2006); NPB 777, 157 (2007); NPB 794, 46 (2007).
  - B. Fuks, M. Klasen, D. R. Lamprea, M. Rothering, EPJC 73, 2480 (2013).

  For gaugino pair production, please cite:
  - J. Debove, B. Fuks, M. Klasen, PLB 688, 208 (2010); NPB 842, 51 (2011); NPB 849, 64 (2011).
  - B. Fuks, M. Klasen, D. R. Lamprea, M. Rothering, JHEP 1210, 081 (2012); EPJC 73, 2480 (2013).

  For associated gaugino gluino production, please cite:
  - B. Fuks, M. Klasen, M. Rothering, JHEP 07:053, (2016).
  - B. Fuks, M. Klasen, D. R. Lamprea, M. Rothering, EPJC 73, 2480 (2013).

LHAPDF 6.2.3 loading /pool/condor/dir_36519/resummino-releases/lhapdf-prefix/share/LHAPDF/PDF4LHC21_40/PDF4LHC21_40_0000.dat
PDF4LHC21_40 PDF set, member #0, version 1
 alpha_s(M_Z^2) = 0.1180 	 for LO PDF set 
 alpha_s(200.000^2) = 0.1055 	 for LO PDF set 

********************
* LO cross section *
********************
The limits of integration are:

xl[0]=0.000000    xu[0]=1.000000
xl[1]=0.000000    xu[1]=1.000000
xl[2]=0.000000    xu[2]=1.000000

num_dim=3, calls=2000, it_num=1, max_it_num=5 verb=0, alph=1.50,
mode=0, bins=50, boxes=1

       single.......iteration                   accumulated......results   
iteration     integral    sigma             integral         sigma     chi-sq/it

   1        1.9185e-11   6.28e-13          1.9185e-11      6.28e-13    0.00e+00
   2        1.9470e-11   2.07e-13          1.9442e-11      1.96e-13    1.85e-01
   3        1.9793e-11   1.19e-13          1.9699e-11      1.02e-13    1.26e+00
   4        1.9499e-11   1.10e-13          1.9607e-11      7.49e-14    1.42e+00
   5        1.9485e-11   1.15e-13          1.9571e-11      6.27e-14    1.26e+00

num_dim=3, calls=20000, it_num=1, max_it_num=5 verb=0, alph=1.50,
mode=0, bins=50, boxes=1

       single.......iteration                   accumulated......results   
iteration     integral    sigma             integral         sigma     chi-sq/it

   1        1.9589e-11   3.50e-14          1.9589e-11      3.50e-14    0.00e+00
   2        1.9596e-11   3.46e-14          1.9593e-11      2.46e-14    2.14e-02
   3        1.9671e-11   3.41e-14          1.9620e-11      2.00e-14    1.73e+00
   4        1.9644e-11   3.56e-14          1.9625e-11      1.74e-14    1.27e+00
   5        1.9561e-11   3.57e-14          1.9613e-11      1.56e-14    1.60e+00
   5        1.9596e-11   3.58e-14          1.9610e-11      1.43e-14    1.32e+00
   5        1.9624e-11   3.62e-14          1.9612e-11      1.33e-14    1.12e+00
   5        1.9577e-11   3.65e-14          1.9608e-11      1.25e-14    1.07e+00
   5        1.9565e-11   3.75e-14          1.9604e-11      1.19e-14    1.09e+00
   5        1.9530e-11   3.84e-14          1.9597e-11      1.13e-14    1.34e+00
   5        1.9589e-11   4.01e-14          1.9597e-11      1.09e-14    1.21e+00
   5        1.9585e-11   4.02e-14          1.9596e-11      1.05e-14    1.11e+00
   5        1.9636e-11   4.22e-14          1.9598e-11      1.02e-14    1.09e+00
   5        1.9589e-11   4.40e-14          1.9598e-11      9.96e-15    1.01e+00
LO = (1.9597663e-11 +- 9.9566038e-15) pb
LHAPDF 6.2.3 loading /pool/condor/dir_36519/resummino-releases/lhapdf-prefix/share/LHAPDF/PDF4LHC21_40/PDF4LHC21_40_0011.dat
PDF4LHC21_40 PDF set, member #11, version 1
 alpha_s(M_Z^2) = 0.1180 	 for NLO PDF set 
 alpha_s(200.000^2) = 0.1055 	 for NLO PDF set 

********************
* LO cross section *
********************
The limits of integration are:

xl[0]=0.000000    xu[0]=1.000000
xl[1]=0.000000    xu[1]=1.000000
xl[2]=0.000000    xu[2]=1.000000

num_dim=3, calls=2000, it_num=1, max_it_num=5 verb=0, alph=1.50,
mode=0, bins=50, boxes=1

       single.......iteration                   accumulated......results   
iteration     integral    sigma             integral         sigma     chi-sq/it

   1        1.9318e-11   6.32e-13          1.9318e-11      6.32e-13    0.00e+00
   2        1.9608e-11   2.08e-13          1.9580e-11      1.98e-13    1.90e-01
   3        1.9934e-11   1.20e-13          1.9839e-11      1.02e-13    1.27e+00
   4        1.9638e-11   1.11e-13          1.9746e-11      7.52e-14    1.44e+00
   5        1.9626e-11   1.15e-13          1.9710e-11      6.30e-14    1.27e+00

num_dim=3, calls=20000, it_num=1, max_it_num=5 verb=0, alph=1.50,
mode=0, bins=50, boxes=1

       single.......iteration                   accumulated......results   
iteration     integral    sigma             integral         sigma     chi-sq/it

   1        1.9727e-11   3.51e-14          1.9727e-11      3.51e-14    0.00e+00
   2        1.9735e-11   3.47e-14          1.9731e-11      2.47e-14    2.72e-02
   3        1.9810e-11   3.42e-14          1.9758e-11      2.00e-14    1.75e+00
   4        1.9782e-11   3.57e-14          1.9764e-11      1.75e-14    1.28e+00
   5        1.9699e-11   3.58e-14          1.9751e-11      1.57e-14    1.62e+00
   5        1.9736e-11   3.59e-14          1.9749e-11      1.44e-14    1.33e+00
   5        1.9763e-11   3.63e-14          1.9751e-11      1.34e-14    1.13e+00
   5        1.9716e-11   3.66e-14          1.9747e-11      1.26e-14    1.08e+00
   5        1.9703e-11   3.76e-14          1.9742e-11      1.19e-14    1.09e+00
   5        1.9670e-11   3.85e-14          1.9736e-11      1.14e-14    1.33e+00
   5        1.9727e-11   4.02e-14          1.9735e-11      1.09e-14    1.20e+00
   5        1.9724e-11   4.03e-14          1.9735e-11      1.06e-14    1.10e+00
   5        1.9775e-11   4.23e-14          1.9737e-11      1.03e-14    1.08e+00
   5        1.9726e-11   4.41e-14          1.9736e-11      9.99e-15    9.97e-01
   5        1.9739e-11   4.68e-14          1.9736e-11      9.77e-15    9.26e-01
   5        1.9702e-11   4.80e-14          1.9735e-11      9.57e-15    8.98e-01
   5        1.9713e-11   4.86e-14          1.9734e-11      9.39e-15    8.55e-01
   5        1.9777e-11   5.00e-14          1.9736e-11      9.23e-15    8.46e-01
   5        1.9810e-11   5.27e-14          1.9738e-11      9.09e-15    9.06e-01
   5        1.9823e-11   5.27e-14          1.9740e-11      8.96e-15    9.90e-01
   5        1.9695e-11   5.36e-14          1.9739e-11      8.83e-15    9.76e-01
   5        1.9758e-11   5.59e-14          1.9740e-11      8.73e-15    9.35e-01
   5        1.9771e-11   5.74e-14          1.9740e-11      8.63e-15    9.06e-01
   5        1.9699e-11   5.80e-14          1.9739e-11      8.53e-15    8.88e-01
   5        1.9841e-11   5.95e-14          1.9741e-11      8.45e-15    9.69e-01
   5        1.9716e-11   5.86e-14          1.9741e-11      8.36e-15    9.38e-01
   5        1.9862e-11   5.98e-14          1.9743e-11      8.28e-15    1.06e+00
   5        1.9772e-11   5.85e-14          1.9744e-11      8.20e-15    1.03e+00
   5        1.9736e-11   6.02e-14          1.9744e-11      8.12e-15    9.90e-01
   5        1.9805e-11   6.38e-14          1.9745e-11      8.06e-15    9.87e-01
   5        1.9690e-11   6.07e-14          1.9744e-11      7.99e-15    9.81e-01
   5        1.9753e-11   6.19e-14          1.9744e-11      7.92e-15    9.50e-01
   5        1.9853e-11   6.21e-14          1.9746e-11      7.86e-15    1.01e+00
   5        1.9674e-11   6.46e-14          1.9745e-11      7.80e-15    1.02e+00
   5        1.9654e-11   6.63e-14          1.9743e-11      7.75e-15    1.05e+00
   5        1.9806e-11   6.66e-14          1.9744e-11      7.70e-15    1.04e+00
   5        1.9598e-11   6.57e-14          1.9742e-11      7.64e-15    1.15e+00
   5        1.9700e-11   6.91e-14          1.9742e-11      7.60e-15    1.12e+00
   5        1.9800e-11   6.55e-14          1.9742e-11      7.55e-15    1.12e+00
   5        1.9769e-11   6.52e-14          1.9743e-11      7.50e-15    1.09e+00
   5        1.9794e-11   6.70e-14          1.9743e-11      7.45e-15    1.08e+00
   5        1.9764e-11   6.81e-14          1.9744e-11      7.41e-15    1.05e+00
   5        1.9833e-11   6.93e-14          1.9745e-11      7.36e-15    1.07e+00
   5        1.9782e-11   7.07e-14          1.9745e-11      7.32e-15    1.05e+00
   5        1.9667e-11   7.11e-14          1.9744e-11      7.29e-15    1.05e+00
   5        1.9735e-11   7.38e-14          1.9744e-11      7.25e-15    1.03e+00
   5        1.9802e-11   7.38e-14          1.9745e-11      7.22e-15    1.02e+00
   5        1.9515e-11   7.11e-14          1.9742e-11      7.18e-15    1.22e+00
   5        1.9868e-11   7.17e-14          1.9744e-11      7.14e-15    1.26e+00
   5        1.9860e-11   7.29e-14          1.9745e-11      7.11e-15    1.28e+00
   5        1.9740e-11   7.07e-14          1.9745e-11      7.07e-15    1.26e+00
   5        1.9634e-11   7.12e-14          1.9744e-11      7.04e-15    1.28e+00
   5        1.9778e-11   7.39e-14          1.9744e-11      7.01e-15    1.26e+00
   5        1.9665e-11   7.61e-14          1.9743e-11      6.98e-15    1.25e+00
   5        1.9906e-11   7.39e-14          1.9745e-11      6.95e-15    1.32e+00
LO = (1.9744675e-11 +- 6.9467370e-15) pb

*******************************************
* virtual corrections + integrated dipole *
*******************************************
The limits of integration are:

xl[0]=0.000000    xu[0]=1.000000
xl[1]=0.000000    xu[1]=1.000000
xl[2]=0.000000    xu[2]=1.000000

num_dim=3, calls=240, it_num=1, max_it_num=5 verb=0, alph=1.50,
mode=0, bins=50, boxes=1

       single.......iteration                   accumulated......results   
iteration     integral    sigma             integral         sigma     chi-sq/it

   1        2.9253e-12   2.94e-13          2.9253e-12      2.94e-13    0.00e+00
   2        2.8059e-12   1.09e-13          2.8204e-12      1.03e-13    1.45e-01
   3        3.0829e-12   7.77e-14          2.9871e-12      6.19e-14    2.15e+00
   4        3.0972e-12   6.56e-14          3.0390e-12      4.50e-14    1.93e+00
   5        3.2358e-12   7.31e-14          3.0931e-12      3.83e-14    2.76e+00

num_dim=3, calls=1200, it_num=1, max_it_num=3 verb=0, alph=1.50,
mode=0, bins=50, boxes=1

       single.......iteration                   accumulated......results   
iteration     integral    sigma             integral         sigma     chi-sq/it

   1        3.0311e-12   3.07e-14          3.0311e-12      3.07e-14    0.00e+00
   2        3.1088e-12   2.66e-14          3.0755e-12      2.01e-14    3.66e+00
   3        3.0817e-12   2.41e-14          3.0780e-12      1.54e-14    1.85e+00
   3        3.1533e-12   2.49e-14          3.0989e-12      1.31e-14    3.44e+00
   3        3.0610e-12   2.42e-14          3.0903e-12      1.15e-14    3.06e+00
   3        3.0963e-12   2.41e-14          3.0914e-12      1.04e-14    2.46e+00
   3        3.0667e-12   2.56e-14          3.0879e-12      9.63e-15    2.18e+00
   3        3.1160e-12   2.39e-14          3.0918e-12      8.93e-15    2.04e+00
   3        3.0995e-12   2.33e-14          3.0928e-12      8.34e-15    1.80e+00
   3        3.0993e-12   2.40e-14          3.0935e-12      7.88e-15    1.60e+00
   3        3.0715e-12   2.44e-14          3.0915e-12      7.50e-15    1.52e+00
   3        3.0893e-12   2.52e-14          3.0913e-12      7.19e-15    1.38e+00
   3        3.1121e-12   2.38e-14          3.0930e-12      6.88e-15    1.32e+00
   3        3.1019e-12   2.49e-14          3.0936e-12      6.63e-15    1.23e+00
   3        3.1104e-12   2.57e-14          3.0947e-12      6.42e-15    1.17e+00
vNLO = (3.0946933e-12 +- 6.4210483e-15) pb

*****************************
* collinear remainder (P+K) *
*****************************
The limits of integration are:

xl[0]=0.000000    xu[0]=1.000000
xl[1]=0.000000    xu[1]=1.000000
xl[2]=0.000000    xu[2]=1.000000
xl[3]=0.000000    xu[3]=1.000000

num_dim=4, calls=2500, it_num=1, max_it_num=5 verb=0, alph=1.50,
mode=0, bins=50, boxes=1

       single.......iteration                   accumulated......results   
iteration     integral    sigma             integral         sigma     chi-sq/it

   1        5.0907e-13   2.01e-13          5.0907e-13      2.01e-13    0.00e+00
   2        3.0201e-13   1.02e-13          3.4459e-13      9.10e-14    8.46e-01
   3        2.8725e-13   8.54e-14          3.1411e-13      6.23e-14    5.29e-01
   4        2.1251e-13   8.34e-14          2.7775e-13      4.99e-14    6.70e-01
   5        1.6528e-13   8.41e-14          2.4847e-13      4.29e-14    8.33e-01

num_dim=4, calls=25000, it_num=1, max_it_num=3 verb=0, alph=1.50,
mode=0, bins=50, boxes=1

       single.......iteration                   accumulated......results   
iteration     integral    sigma             integral         sigma     chi-sq/it

   1        1.9946e-13   2.65e-14          1.9946e-13      2.65e-14    0.00e+00
   2        1.7986e-13   2.66e-14          1.8969e-13      1.88e-14    2.72e-01
   3        2.0650e-13   2.64e-14          1.9535e-13      1.53e-14    2.71e-01
   3        1.9381e-13   2.65e-14          1.9496e-13      1.33e-14    1.81e-01
   3        2.2006e-13   2.66e-14          1.9995e-13      1.19e-14    3.14e-01
   3        2.1025e-13   2.65e-14          2.0167e-13      1.08e-14    2.76e-01
   3        2.1958e-13   2.65e-14          2.0423e-13      1.00e-14    2.95e-01
   3        1.6471e-13   2.66e-14          1.9930e-13      9.38e-15    5.30e-01
   3        1.7131e-13   2.66e-14          1.9620e-13      8.85e-15    5.87e-01
   3        1.9934e-13   2.66e-14          1.9651e-13      8.39e-15    5.23e-01
   3        1.8738e-13   2.66e-14          1.9569e-13      8.00e-15    4.82e-01
   3        2.1608e-13   2.66e-14          1.9738e-13      7.67e-15    4.87e-01
   3        2.1225e-13   2.66e-14          1.9851e-13      7.37e-15    4.70e-01
   3        1.7701e-13   2.68e-14          1.9700e-13      7.10e-15    4.80e-01
   3        1.8189e-13   2.68e-14          1.9601e-13      6.86e-15    4.67e-01
   3        1.6501e-13   2.70e-14          1.9413e-13      6.65e-15    5.18e-01
   3        1.9755e-13   2.71e-14          1.9432e-13      6.46e-15    4.87e-01
   3        1.5960e-13   2.71e-14          1.9245e-13      6.28e-15    5.50e-01
P+K = (1.9245397e-13 +- 6.2849210e-15) pb

********************************
* real gluon emission - dipole *
********************************
The limits of integration are:

xl[0]=0.000000    xu[0]=1.000000
xl[1]=0.000000    xu[1]=1.000000
xl[2]=0.000000    xu[2]=1.000000
xl[3]=0.000000    xu[3]=1.000000
xl[4]=0.000000    xu[4]=1.000000
xl[5]=0.000000    xu[5]=1.000000

num_dim=6, calls=250, it_num=1, max_it_num=5 verb=0, alph=1.50,
mode=0, bins=50, boxes=1

       single.......iteration                   accumulated......results   
iteration     integral    sigma             integral         sigma     chi-sq/it

   1        -1.1316e-13   2.76e-14          -1.1316e-13      2.76e-14    0.00e+00
   2        -1.3980e-13   3.68e-14          -1.2272e-13      2.21e-14    3.35e-01
   3        -1.0985e-13   1.73e-14          -1.1476e-13      1.36e-14    2.73e-01
   4        -9.0249e-14   9.18e-15          -9.7896e-14      7.61e-15    9.23e-01
   5        -1.1197e-13   1.16e-14          -1.0216e-13      6.36e-15    9.51e-01

num_dim=6, calls=2500, it_num=1, max_it_num=3 verb=0, alph=1.50,
mode=0, bins=50, boxes=1

       single.......iteration                   accumulated......results   
iteration     integral    sigma             integral         sigma     chi-sq/it

   1        -1.0574e-13   2.95e-15          -1.0574e-13      2.95e-15    0.00e+00
   2        -1.0513e-13   1.91e-15          -1.0531e-13      1.60e-15    3.03e-02
   3        -1.0958e-13   1.84e-15          -1.0716e-13      1.21e-15    1.55e+00
   3        -1.0743e-13   1.87e-15          -1.0724e-13      1.02e-15    1.04e+00
rNLOg = (-1.0723820e-13 +- 1.0156372e-15) pb

**************************************************
* real light quark emission - dipole - (onshell) *
**************************************************
The limits of integration are:

xl[0]=0.000000    xu[0]=1.000000
xl[1]=0.000000    xu[1]=1.000000
xl[2]=0.000000    xu[2]=1.000000
xl[3]=0.000000    xu[3]=1.000000
xl[4]=0.000000    xu[4]=1.000000
xl[5]=0.000000    xu[5]=1.000000

num_dim=6, calls=5000, it_num=1, max_it_num=5 verb=0, alph=1.50,
mode=0, bins=50, boxes=1

       single.......iteration                   accumulated......results   
iteration     integral    sigma             integral         sigma     chi-sq/it

   1        2.7109e-13   1.94e-14          2.7109e-13      1.94e-14    0.00e+00
   2        2.8122e-13   6.49e-15          2.8020e-13      6.15e-15    2.46e-01
   3        2.7116e-13   3.57e-15          2.7344e-13      3.09e-15    9.30e-01
   4        2.6629e-13   2.94e-15          2.6969e-13      2.13e-15    1.56e+00
   5        2.6853e-13   2.69e-15          2.6925e-13      1.67e-15    1.20e+00

num_dim=6, calls=50000, it_num=1, max_it_num=5 verb=0, alph=1.50,
mode=0, bins=50, boxes=1

       single.......iteration                   accumulated......results   
iteration     integral    sigma             integral         sigma     chi-sq/it

   1        2.6869e-13   8.42e-16          2.6869e-13      8.42e-16    0.00e+00
   2        2.7010e-13   8.65e-16          2.6937e-13      6.03e-16    1.36e+00
   3        2.7160e-13   9.64e-16          2.7000e-13      5.12e-16    2.60e+00
   4        2.7002e-13   9.23e-16          2.7001e-13      4.47e-16    1.73e+00
   5        2.7015e-13   9.27e-16          2.7003e-13      4.03e-16    1.31e+00
rNLOq = (2.7003425e-13 +- 4.0298368e-16) pb
NLO = (2.3194619e-11 +- 1.1409696e-14) pb
#chisq/dof = 1.57272e-07
#status = success
#chisq/dof = 2.44323e-08
#status = success
#chisq/dof = 1.41783e-09
#status = success
#chisq/dof = 7.05665e-09
#status = success
#chisq/dof = 9.69517e-10
#status = success
#chisq/dof = 1.31343e-10
#status = success
#chisq/dof = 2.28519e-09
#status = success
#chisq/dof = 1.87578e-10
#status = success

*******************************************************
* threshold resummation (unimproved nnll) - expansion *
*******************************************************
The limits of integration are:

xl[0]=0.000000    xu[0]=1.000000
xl[1]=0.000000    xu[1]=1.000000
xl[2]=0.000000    xu[2]=1.000000

num_dim=3, calls=7000, it_num=1, max_it_num=5 verb=0, alph=1.50,
mode=0, bins=50, boxes=1

       single.......iteration                   accumulated......results   
iteration     integral    sigma             integral         sigma     chi-sq/it

   1        5.6903e-12   3.73e-12          5.6903e-12      3.73e-12    0.00e+00
   2        -6.0955e-13   9.07e-13          -2.5663e-13      8.82e-13    2.70e+00
   3        1.0075e-12   7.68e-13          4.6247e-13      5.79e-13    1.93e+00
   4        -1.3727e-12   7.55e-13          -2.1657e-13      4.60e-13    2.53e+00
   5        -5.8151e-13   7.66e-13          -3.1310e-13      3.94e-13    1.94e+00

num_dim=3, calls=35000, it_num=1, max_it_num=5 verb=0, alph=1.50,
mode=0, bins=50, boxes=1

       single.......iteration                   accumulated......results   
iteration     integral    sigma             integral         sigma     chi-sq/it

   1        -1.1054e-13   3.41e-13          -1.1054e-13      3.41e-13    0.00e+00
   2        -7.9939e-13   3.39e-13          -4.5752e-13      2.41e-13    2.05e+00
   3        -8.6628e-13   3.41e-13          -5.9316e-13      1.97e-13    1.50e+00
   4        -7.6511e-13   3.42e-13          -6.3595e-13      1.70e-13    1.07e+00
   5        2.3454e-13   3.39e-13          -4.6070e-13      1.52e-13    2.11e+00
   5        -1.4255e-13   3.41e-13          -4.0773e-13      1.39e-13    1.84e+00
   5        -3.5263e-13   3.42e-13          -3.9993e-13      1.29e-13    1.53e+00
   5        -7.2570e-14   3.39e-13          -3.5859e-13      1.20e-13    1.43e+00
   5        -5.8318e-14   3.41e-13          -3.2525e-13      1.14e-13    1.34e+00
   5        -1.3092e-15   3.42e-13          -2.9312e-13      1.08e-13    1.28e+00
   5        -1.6476e-13   3.40e-13          -2.8138e-13      1.03e-13    1.16e+00
   5        -2.2986e-13   3.41e-13          -2.7710e-13      9.84e-14    1.06e+00
   5        -4.3858e-13   3.43e-13          -2.8939e-13      9.45e-14    9.89e-01
   5        -4.7756e-13   3.43e-13          -3.0271e-13      9.11e-14    9.34e-01
   5        -1.7033e-13   3.44e-13          -2.9403e-13      8.81e-14    8.78e-01
   5        -6.2868e-13   3.41e-13          -3.1497e-13      8.53e-14    8.79e-01
   5        3.1124e-14   3.43e-13          -2.9483e-13      8.28e-14    8.84e-01
   5        2.0919e-13   3.44e-13          -2.6723e-13      8.05e-14    9.52e-01
   5        -9.2562e-13   3.42e-13          -3.0174e-13      7.83e-14    1.09e+00
   5        -4.3699e-13   3.45e-13          -3.0836e-13      7.64e-14    1.04e+00
   5        -8.2526e-14   3.46e-13          -2.9786e-13      7.46e-14    1.01e+00
   5        -1.1827e-13   3.47e-13          -2.8994e-13      7.29e-14    9.76e-01
   5        -2.2867e-14   3.47e-13          -2.7867e-13      7.14e-14    9.57e-01
   5        -5.7856e-14   3.50e-13          -2.6986e-13      6.99e-14    9.32e-01
   5        -6.3522e-14   3.50e-13          -2.6194e-13      6.86e-14    9.07e-01
   5        -6.2462e-13   3.52e-13          -2.7520e-13      6.73e-14    9.12e-01
   5        -4.6384e-13   3.50e-13          -2.8194e-13      6.61e-14    8.88e-01
   5        -5.1949e-13   3.53e-13          -2.9000e-13      6.50e-14    8.71e-01
   5        -5.1848e-13   3.53e-13          -2.9748e-13      6.39e-14    8.54e-01
   5        -3.4171e-14   3.52e-13          -2.8909e-13      6.29e-14    8.44e-01
   5        -2.7258e-13   3.54e-13          -2.8858e-13      6.19e-14    8.15e-01
   5        -9.7592e-13   3.55e-13          -3.0886e-13      6.10e-14    9.06e-01
   5        -3.9448e-13   3.56e-13          -3.1129e-13      6.01e-14    8.80e-01
   5        -1.3218e-13   3.58e-13          -3.0638e-13      5.93e-14    8.61e-01
   5        -3.0019e-13   3.55e-13          -3.0621e-13      5.85e-14    8.35e-01
   5        -5.8371e-13   3.57e-13          -3.1348e-13      5.77e-14    8.28e-01
   5        1.7502e-13   3.56e-13          -3.0098e-13      5.70e-14    8.56e-01
   5        -1.0436e-13   3.58e-13          -2.9614e-13      5.63e-14    8.41e-01
   5        -4.3437e-13   3.58e-13          -2.9946e-13      5.56e-14    8.23e-01
   5        2.8391e-13   3.62e-13          -2.8601e-13      5.49e-14    8.67e-01
   5        9.0761e-14   3.66e-13          -2.7772e-13      5.43e-14    8.71e-01
   5        3.3749e-13   3.65e-13          -2.6440e-13      5.37e-14    9.17e-01
   5        -3.5381e-14   3.62e-13          -2.5948e-13      5.32e-14    9.05e-01
   5        6.4059e-13   3.64e-13          -2.4069e-13      5.26e-14    1.02e+00
   5        1.7219e-13   3.67e-13          -2.3239e-13      5.21e-14    1.03e+00
   5        3.1056e-13   3.63e-13          -2.2148e-13      5.15e-14    1.05e+00
   5        -7.5662e-13   3.66e-13          -2.3188e-13      5.10e-14    1.08e+00
   5        -2.9396e-13   3.68e-13          -2.3306e-13      5.05e-14    1.05e+00
   5        -5.7928e-14   3.68e-13          -2.2981e-13      5.01e-14    1.04e+00
   5        3.3729e-13   3.67e-13          -2.1947e-13      4.96e-14    1.06e+00
   5        -4.2137e-15   3.69e-13          -2.1565e-13      4.92e-14    1.05e+00
   5        -2.2194e-13   3.71e-13          -2.1576e-13      4.87e-14    1.03e+00
   5        -1.6921e-13   3.70e-13          -2.1497e-13      4.83e-14    1.01e+00
   5        -6.4782e-14   3.69e-13          -2.1243e-13      4.79e-14    9.93e-01
   5        -2.8171e-13   3.74e-13          -2.1355e-13      4.75e-14    9.75e-01
aNNLO+NNLL = (2.2981068e-11 +- 4.8882246e-14) pb

Results:
LO = (1.9597663e-11 +- 9.9566038e-15) pb
NLO = (2.3194619e-11 +- 1.1409696e-14) pb
aNNLO+NNLL = (2.2981068e-11 +- 4.8882246e-14) pb
Thanks for using LHAPDF 6.2.3. Please make sure to cite the paper:
  Eur.Phys.J. C75 (2015) 3, 132  (http://arxiv.org/abs/1412.7420)
 ====================================================
   FF 2.0, a package to evaluate one-loop integrals
 written by G. J. van Oldenborgh, NIKHEF-H, Amsterdam
 ====================================================
 for the algorithms used see preprint NIKHEF-H 89/17,
 'New Algorithms for One-loop Integrals', by G.J. van
 Oldenborgh and J.A.M. Vermaseren, published in 
 Zeitschrift fuer Physik C46(1990)425.
 ====================================================
 
total number of errors and warnings
===================================
fferr: no errors
 
