
  Welcome to Resummino git-latest
  Copyright 2008-2010 Jonathan Debove.
  Copyright 2011-2014 David R. Lamprea.
  Copyright 2011-2016 Marcel Rothering.

  Licensed under the EUPL 1.1 or later.
  See http://www.resummino.org/ for more information.

  If using Resummino for slepton pair production, please cite.
  - G. Bozzi, B. Fuks, M. Klasen, PRD 74, 015001 (2006); NPB 777, 157 (2007); NPB 794, 46 (2007).
  - B. Fuks, M. Klasen, D. R. Lamprea, M. Rothering, EPJC 73, 2480 (2013).

  For gaugino pair production, please cite:
  - J. Debove, B. Fuks, M. Klasen, PLB 688, 208 (2010); NPB 842, 51 (2011); NPB 849, 64 (2011).
  - B. Fuks, M. Klasen, D. R. Lamprea, M. Rothering, JHEP 1210, 081 (2012); EPJC 73, 2480 (2013).

  For associated gaugino gluino production, please cite:
  - B. Fuks, M. Klasen, M. Rothering, JHEP 07:053, (2016).
  - B. Fuks, M. Klasen, D. R. Lamprea, M. Rothering, EPJC 73, 2480 (2013).

LHAPDF 6.2.3 loading /pool/condor/dir_10606/resummino-releases/lhapdf-prefix/share/LHAPDF/PDF4LHC21_40/PDF4LHC21_40_0000.dat
PDF4LHC21_40 PDF set, member #0, version 1
 alpha_s(M_Z^2) = 0.1180 	 for LO PDF set 
 alpha_s(1600.000^2) = 0.0826 	 for LO PDF set 

********************
* LO cross section *
********************
The limits of integration are:

xl[0]=0.000000    xu[0]=1.000000
xl[1]=0.000000    xu[1]=1.000000
xl[2]=0.000000    xu[2]=1.000000

num_dim=3, calls=2000, it_num=1, max_it_num=5 verb=0, alph=1.50,
mode=0, bins=50, boxes=1

       single.......iteration                   accumulated......results   
iteration     integral    sigma             integral         sigma     chi-sq/it

   1        1.5710e-13   4.68e-15          1.5710e-13      4.68e-15    0.00e+00
   2        1.6544e-13   1.70e-15          1.6447e-13      1.60e-15    2.80e+00
   3        1.6767e-13   9.31e-16          1.6686e-13      8.04e-16    2.90e+00
   4        1.6562e-13   8.80e-16          1.6629e-13      5.94e-16    2.29e+00
   5        1.6524e-13   9.13e-16          1.6598e-13      4.98e-16    1.96e+00

num_dim=3, calls=20000, it_num=1, max_it_num=5 verb=0, alph=1.50,
mode=0, bins=50, boxes=1

       single.......iteration                   accumulated......results   
iteration     integral    sigma             integral         sigma     chi-sq/it

   1        1.6624e-13   2.79e-16          1.6624e-13      2.79e-16    0.00e+00
   2        1.6618e-13   2.72e-16          1.6621e-13      1.95e-16    1.77e-02
   3        1.6661e-13   2.69e-16          1.6635e-13      1.58e-16    7.31e-01
   4        1.6657e-13   2.85e-16          1.6640e-13      1.38e-16    6.48e-01
   5        1.6590e-13   2.86e-16          1.6631e-13      1.24e-16    1.10e+00
LO = (1.6630546e-13 +- 1.2421555e-16) pb
LHAPDF 6.2.3 loading /pool/condor/dir_10606/resummino-releases/lhapdf-prefix/share/LHAPDF/PDF4LHC21_40/PDF4LHC21_40_0008.dat
PDF4LHC21_40 PDF set, member #8, version 1
 alpha_s(M_Z^2) = 0.1180 	 for NLO PDF set 
 alpha_s(1600.000^2) = 0.0826 	 for NLO PDF set 

********************
* LO cross section *
********************
The limits of integration are:

xl[0]=0.000000    xu[0]=1.000000
xl[1]=0.000000    xu[1]=1.000000
xl[2]=0.000000    xu[2]=1.000000

num_dim=3, calls=2000, it_num=1, max_it_num=5 verb=0, alph=1.50,
mode=0, bins=50, boxes=1

       single.......iteration                   accumulated......results   
iteration     integral    sigma             integral         sigma     chi-sq/it

   1        1.5259e-13   4.63e-15          1.5259e-13      4.63e-15    0.00e+00
   2        1.6079e-13   1.67e-15          1.5985e-13      1.57e-15    2.78e+00
   3        1.6311e-13   9.28e-16          1.6226e-13      7.99e-16    2.99e+00
   4        1.6111e-13   8.83e-16          1.6175e-13      5.92e-16    2.31e+00
   5        1.6058e-13   9.24e-16          1.6141e-13      4.99e-16    2.01e+00

num_dim=3, calls=20000, it_num=1, max_it_num=5 verb=0, alph=1.50,
mode=0, bins=50, boxes=1

       single.......iteration                   accumulated......results   
iteration     integral    sigma             integral         sigma     chi-sq/it

   1        1.6167e-13   2.81e-16          1.6167e-13      2.81e-16    0.00e+00
   2        1.6164e-13   2.73e-16          1.6166e-13      1.96e-16    6.32e-03
   3        1.6207e-13   2.71e-16          1.6180e-13      1.59e-16    7.78e-01
   4        1.6202e-13   2.87e-16          1.6185e-13      1.39e-16    6.63e-01
   5        1.6136e-13   2.87e-16          1.6176e-13      1.25e-16    1.09e+00
   5        1.6148e-13   2.87e-16          1.6171e-13      1.15e-16    1.03e+00
   5        1.6186e-13   2.88e-16          1.6173e-13      1.07e-16    8.95e-01
   5        1.6134e-13   2.93e-16          1.6169e-13      1.00e-16    9.96e-01
   5        1.6139e-13   2.99e-16          1.6166e-13      9.50e-17    9.87e-01
   5        1.6120e-13   3.07e-16          1.6162e-13      9.07e-17    1.10e+00
   5        1.6158e-13   3.21e-16          1.6162e-13      8.73e-17    9.90e-01
   5        1.6151e-13   3.27e-16          1.6161e-13      8.43e-17    9.09e-01
   5        1.6194e-13   3.44e-16          1.6163e-13      8.19e-17    9.06e-01
   5        1.6149e-13   3.59e-16          1.6162e-13      7.99e-17    8.47e-01
   5        1.6168e-13   3.80e-16          1.6162e-13      7.82e-17    7.88e-01
   5        1.6119e-13   3.92e-16          1.6161e-13      7.66e-17    8.14e-01
   5        1.6130e-13   3.98e-16          1.6160e-13      7.53e-17    7.99e-01
   5        1.6190e-13   4.06e-16          1.6161e-13      7.40e-17    7.83e-01
   5        1.6211e-13   4.36e-16          1.6162e-13      7.30e-17    8.11e-01
   5        1.6237e-13   4.25e-16          1.6164e-13      7.19e-17    9.29e-01
   5        1.6125e-13   4.31e-16          1.6163e-13      7.09e-17    9.23e-01
   5        1.6192e-13   4.45e-16          1.6164e-13      7.00e-17    8.99e-01
   5        1.6187e-13   4.62e-16          1.6164e-13      6.92e-17    8.69e-01
   5        1.6167e-13   4.84e-16          1.6164e-13      6.85e-17    8.31e-01
   5        1.6228e-13   4.86e-16          1.6166e-13      6.79e-17    8.66e-01
   5        1.6133e-13   4.94e-16          1.6165e-13      6.72e-17    8.48e-01
   5        1.6292e-13   5.14e-16          1.6167e-13      6.67e-17    1.05e+00
   5        1.6168e-13   4.94e-16          1.6167e-13      6.61e-17    1.01e+00
   5        1.6165e-13   5.06e-16          1.6167e-13      6.55e-17    9.72e-01
   5        1.6187e-13   5.22e-16          1.6167e-13      6.50e-17    9.44e-01
   5        1.6151e-13   5.11e-16          1.6167e-13      6.45e-17    9.16e-01
   5        1.6163e-13   5.26e-16          1.6167e-13      6.40e-17    8.86e-01
   5        1.6222e-13   5.09e-16          1.6168e-13      6.35e-17    8.94e-01
   5        1.6106e-13   5.19e-16          1.6167e-13      6.30e-17    9.10e-01
   5        1.6071e-13   5.16e-16          1.6166e-13      6.26e-17    9.83e-01
   5        1.6217e-13   5.27e-16          1.6166e-13      6.21e-17    9.82e-01
   5        1.6047e-13   5.28e-16          1.6165e-13      6.17e-17    1.10e+00
   5        1.6123e-13   5.44e-16          1.6164e-13      6.13e-17    1.08e+00
   5        1.6216e-13   5.37e-16          1.6165e-13      6.09e-17    1.08e+00
   5        1.6163e-13   5.42e-16          1.6165e-13      6.05e-17    1.05e+00
   5        1.6187e-13   5.57e-16          1.6165e-13      6.02e-17    1.03e+00
   5        1.6146e-13   5.45e-16          1.6165e-13      5.98e-17    1.01e+00
   5        1.6277e-13   5.57e-16          1.6166e-13      5.95e-17    1.08e+00
   5        1.6202e-13   5.60e-16          1.6166e-13      5.91e-17    1.06e+00
   5        1.6104e-13   5.76e-16          1.6166e-13      5.88e-17    1.06e+00
   5        1.6160e-13   5.89e-16          1.6166e-13      5.85e-17    1.04e+00
   5        1.6249e-13   6.15e-16          1.6167e-13      5.83e-17    1.06e+00
   5        1.6019e-13   5.95e-16          1.6165e-13      5.80e-17    1.16e+00
   5        1.6297e-13   6.13e-16          1.6166e-13      5.77e-17    1.23e+00
   5        1.6268e-13   5.98e-16          1.6167e-13      5.75e-17    1.27e+00
   5        1.6157e-13   5.88e-16          1.6167e-13      5.72e-17    1.24e+00
   5        1.6058e-13   5.97e-16          1.6166e-13      5.69e-17    1.28e+00
   5        1.6179e-13   6.12e-16          1.6166e-13      5.67e-17    1.26e+00
   5        1.6174e-13   6.21e-16          1.6166e-13      5.65e-17    1.24e+00
   5        1.6294e-13   6.02e-16          1.6167e-13      5.62e-17    1.30e+00
LO = (1.6167413e-13 +- 5.6221383e-17) pb

*******************************************
* virtual corrections + integrated dipole *
*******************************************
The limits of integration are:

xl[0]=0.000000    xu[0]=1.000000
xl[1]=0.000000    xu[1]=1.000000
xl[2]=0.000000    xu[2]=1.000000

num_dim=3, calls=240, it_num=1, max_it_num=5 verb=0, alph=1.50,
mode=0, bins=50, boxes=1

       single.......iteration                   accumulated......results   
iteration     integral    sigma             integral         sigma     chi-sq/it

   1        1.7018e-14   1.52e-15          1.7018e-14      1.52e-15    0.00e+00
   2        1.8684e-14   8.69e-16          1.8275e-14      7.55e-16    9.03e-01
   3        2.0079e-14   5.27e-16          1.9488e-14      4.32e-16    2.37e+00
   4        2.0281e-14   3.80e-16          1.9935e-14      2.86e-16    2.21e+00
   5        2.0842e-14   4.69e-16          2.0180e-14      2.44e-16    2.34e+00

num_dim=3, calls=1200, it_num=1, max_it_num=3 verb=0, alph=1.50,
mode=0, bins=50, boxes=1

       single.......iteration                   accumulated......results   
iteration     integral    sigma             integral         sigma     chi-sq/it

   1        1.9455e-14   1.99e-16          1.9455e-14      1.99e-16    0.00e+00
   2        1.9917e-14   1.57e-16          1.9740e-14      1.23e-16    3.31e+00
   3        1.9820e-14   1.47e-16          1.9773e-14      9.44e-17    1.74e+00
   3        2.0241e-14   1.51e-16          1.9904e-14      8.01e-17    3.47e+00
   3        1.9707e-14   1.53e-16          1.9862e-14      7.09e-17    2.93e+00
   3        1.9934e-14   1.52e-16          1.9875e-14      6.43e-17    2.38e+00
   3        1.9656e-14   1.62e-16          1.9845e-14      5.97e-17    2.25e+00
   3        2.0076e-14   1.50e-16          1.9876e-14      5.55e-17    2.21e+00
   3        2.0045e-14   1.46e-16          1.9898e-14      5.19e-17    2.08e+00
   3        1.9861e-14   1.46e-16          1.9893e-14      4.89e-17    1.86e+00
   3        1.9850e-14   1.53e-16          1.9889e-14      4.66e-17    1.68e+00
   3        1.9907e-14   1.56e-16          1.9891e-14      4.46e-17    1.53e+00
   3        2.0031e-14   1.53e-16          1.9902e-14      4.28e-17    1.47e+00
vNLO = (1.9901849e-14 +- 4.2845783e-17) pb

*****************************
* collinear remainder (P+K) *
*****************************
The limits of integration are:

xl[0]=0.000000    xu[0]=1.000000
xl[1]=0.000000    xu[1]=1.000000
xl[2]=0.000000    xu[2]=1.000000
xl[3]=0.000000    xu[3]=1.000000

num_dim=4, calls=2500, it_num=1, max_it_num=5 verb=0, alph=1.50,
mode=0, bins=50, boxes=1

       single.......iteration                   accumulated......results   
iteration     integral    sigma             integral         sigma     chi-sq/it

   1        2.5730e-14   1.39e-15          2.5730e-14      1.39e-15    0.00e+00
   2        2.5933e-14   5.40e-16          2.5906e-14      5.04e-16    1.85e-02
   3        2.5911e-14   4.33e-16          2.5909e-14      3.28e-16    9.28e-03
   4        2.6028e-14   4.20e-16          2.5954e-14      2.59e-16    2.28e-02
   5        2.6307e-14   4.17e-16          2.6052e-14      2.20e-16    1.47e-01

num_dim=4, calls=25000, it_num=1, max_it_num=3 verb=0, alph=1.50,
mode=0, bins=50, boxes=1

       single.......iteration                   accumulated......results   
iteration     integral    sigma             integral         sigma     chi-sq/it

   1        2.6349e-14   1.29e-16          2.6349e-14      1.29e-16    0.00e+00
   2        2.6364e-14   1.28e-16          2.6357e-14      9.07e-17    6.73e-03
   3        2.6018e-14   1.29e-16          2.6245e-14      7.42e-17    2.32e+00
   3        2.6162e-14   1.30e-16          2.6224e-14      6.44e-17    1.65e+00
   3        2.6003e-14   1.30e-16          2.6181e-14      5.77e-17    1.82e+00
   3        2.5965e-14   1.30e-16          2.6145e-14      5.27e-17    1.91e+00
   3        2.6052e-14   1.29e-16          2.6132e-14      4.88e-17    1.67e+00
   3        2.6104e-14   1.30e-16          2.6128e-14      4.57e-17    1.44e+00
P+K = (2.6128376e-14 +- 4.5715718e-17) pb

********************************
* real gluon emission - dipole *
********************************
The limits of integration are:

xl[0]=0.000000    xu[0]=1.000000
xl[1]=0.000000    xu[1]=1.000000
xl[2]=0.000000    xu[2]=1.000000
xl[3]=0.000000    xu[3]=1.000000
xl[4]=0.000000    xu[4]=1.000000
xl[5]=0.000000    xu[5]=1.000000

num_dim=6, calls=250, it_num=1, max_it_num=5 verb=0, alph=1.50,
mode=0, bins=50, boxes=1

       single.......iteration                   accumulated......results   
iteration     integral    sigma             integral         sigma     chi-sq/it

   1        -2.2424e-16   8.08e-17          -2.2424e-16      8.08e-17    0.00e+00
   2        -2.3900e-16   5.51e-17          -2.3432e-16      4.55e-17    2.28e-02
   3        -1.4797e-16   1.47e-17          -1.5612e-16      1.40e-17    1.64e+00
   4        -1.8083e-16   1.98e-17          -1.6433e-16      1.14e-17    1.44e+00
   5        -2.0288e-16   1.98e-17          -1.7395e-16      9.90e-18    1.79e+00

num_dim=6, calls=2500, it_num=1, max_it_num=3 verb=0, alph=1.50,
mode=0, bins=50, boxes=1

       single.......iteration                   accumulated......results   
iteration     integral    sigma             integral         sigma     chi-sq/it

   1        -1.9018e-16   4.61e-18          -1.9018e-16      4.61e-18    0.00e+00
   2        -1.9063e-16   2.65e-18          -1.9052e-16      2.30e-18    7.03e-03
   3        -1.9836e-16   2.77e-18          -1.9371e-16      1.77e-18    2.37e+00
rNLOg = (-1.9370886e-16 +- 1.7691773e-18) pb

**************************************************
* real light quark emission - dipole - (onshell) *
**************************************************
The limits of integration are:

xl[0]=0.000000    xu[0]=1.000000
xl[1]=0.000000    xu[1]=1.000000
xl[2]=0.000000    xu[2]=1.000000
xl[3]=0.000000    xu[3]=1.000000
xl[4]=0.000000    xu[4]=1.000000
xl[5]=0.000000    xu[5]=1.000000

num_dim=6, calls=5000, it_num=1, max_it_num=5 verb=0, alph=1.50,
mode=0, bins=50, boxes=1

       single.......iteration                   accumulated......results   
iteration     integral    sigma             integral         sigma     chi-sq/it

   1        4.4984e-16   2.77e-17          4.4984e-16      2.77e-17    0.00e+00
   2        4.4951e-16   9.02e-18          4.4954e-16      8.58e-18    1.23e-04
   3        4.3675e-16   4.77e-18          4.3977e-16      4.17e-18    8.49e-01
   4        4.3474e-16   3.43e-18          4.3677e-16      2.65e-18    8.56e-01
   5        4.3632e-16   3.07e-18          4.3658e-16      2.01e-18    6.45e-01

num_dim=6, calls=50000, it_num=1, max_it_num=5 verb=0, alph=1.50,
mode=0, bins=50, boxes=1

       single.......iteration                   accumulated......results   
iteration     integral    sigma             integral         sigma     chi-sq/it

   1        4.3580e-16   9.53e-19          4.3580e-16      9.53e-19    0.00e+00
   2        4.3850e-16   1.27e-18          4.3678e-16      7.63e-19    2.89e+00
   3        4.3928e-16   1.27e-18          4.3744e-16      6.54e-19    2.87e+00
   4        4.3741e-16   1.09e-18          4.3743e-16      5.60e-19    1.92e+00
   5        4.3829e-16   1.24e-18          4.3758e-16      5.10e-19    1.54e+00
rNLOq = (4.3757668e-16 +- 5.1025260e-19) pb
NLO = (2.0794823e-13 +- 8.4201676e-17) pb
#chisq/dof = 2.02851e-09
#status = success
#chisq/dof = 7.79848e-10
#status = success
#chisq/dof = 5.85808e-10
#status = success
#chisq/dof = 4.73705e-09
#status = success
#chisq/dof = 1.26411e-10
#status = success
#chisq/dof = 3.48756e-12
#status = success
#chisq/dof = 2.00855e-10
#status = success
#chisq/dof = 3.21116e-11
#status = success

*******************************************************
* threshold resummation (unimproved nnll) - expansion *
*******************************************************
The limits of integration are:

xl[0]=0.000000    xu[0]=1.000000
xl[1]=0.000000    xu[1]=1.000000
xl[2]=0.000000    xu[2]=1.000000

num_dim=3, calls=7000, it_num=1, max_it_num=5 verb=0, alph=1.50,
mode=0, bins=50, boxes=1

       single.......iteration                   accumulated......results   
iteration     integral    sigma             integral         sigma     chi-sq/it

   1        -6.2114e-15   1.24e-14          -6.2114e-15      1.24e-14    0.00e+00
   2        9.3013e-15   5.28e-15          6.9320e-15      4.86e-15    1.32e+00
   3        -8.0237e-15   4.78e-15          -6.8085e-16      3.41e-15    3.07e+00
   4        1.9015e-15   4.74e-15          1.9958e-16      2.77e-15    2.11e+00
   5        -1.3425e-15   4.76e-15          -1.9009e-16      2.39e-15    1.60e+00

num_dim=3, calls=35000, it_num=1, max_it_num=5 verb=0, alph=1.50,
mode=0, bins=50, boxes=1

       single.......iteration                   accumulated......results   
iteration     integral    sigma             integral         sigma     chi-sq/it

   1        4.3396e-15   2.10e-15          4.3396e-15      2.10e-15    0.00e+00
   2        4.8325e-15   2.11e-15          4.5855e-15      1.49e-15    2.74e-02
   3        7.3131e-15   2.11e-15          5.4920e-15      1.22e-15    5.71e-01
   4        5.8304e-15   2.11e-15          5.5766e-15      1.05e-15    3.87e-01
   5        2.0141e-16   2.12e-15          4.5079e-15      9.43e-16    1.58e+00
   5        3.8665e-15   2.10e-15          4.4006e-15      8.61e-16    1.28e+00
   5        3.7751e-15   2.11e-15          4.3112e-15      7.97e-16    1.08e+00
   5        6.2878e-15   2.11e-15          4.5576e-15      7.45e-16    1.04e+00
   5        2.7897e-16   2.10e-15          4.0804e-15      7.03e-16    1.37e+00
   5        2.5909e-15   2.10e-15          3.9303e-15      6.66e-16    1.26e+00
   5        4.0347e-15   2.10e-15          3.9399e-15      6.35e-16    1.14e+00
   5        3.2724e-15   2.12e-15          3.8848e-15      6.08e-16    1.04e+00
   5        5.6314e-15   2.11e-15          4.0186e-15      5.85e-16    1.01e+00
   5        3.2265e-15   2.11e-15          3.9622e-15      5.63e-16    9.41e-01
   5        7.2095e-15   2.12e-15          4.1773e-15      5.44e-16    1.03e+00
   5        4.7873e-15   2.12e-15          4.2150e-15      5.27e-16    9.68e-01
   5        2.8403e-15   2.13e-15          4.1353e-15      5.12e-16    9.32e-01
   5        2.4890e-15   2.11e-15          4.0441e-15      4.97e-16    9.11e-01
   5        5.0567e-15   2.12e-15          4.0968e-15      4.84e-16    8.72e-01
   5        5.2366e-15   2.13e-15          4.1527e-15      4.72e-16    8.41e-01
   5        -3.5313e-16   2.14e-15          3.9436e-15      4.61e-16    1.01e+00
   5        6.3845e-15   2.16e-15          4.0504e-15      4.51e-16    1.02e+00
   5        2.5219e-15   2.14e-15          3.9855e-15      4.41e-16    9.96e-01
   5        6.4432e-15   2.17e-15          4.0833e-15      4.32e-16    1.01e+00
   5        -8.6314e-16   2.16e-15          3.8935e-15      4.24e-16    1.17e+00
   5        4.1610e-15   2.17e-15          3.9034e-15      4.16e-16    1.13e+00
   5        7.9889e-16   2.19e-15          3.7954e-15      4.09e-16    1.16e+00
   5        3.1092e-15   2.20e-15          3.7725e-15      4.02e-16    1.12e+00
   5        3.7587e-15   2.21e-15          3.7721e-15      3.95e-16    1.08e+00
   5        1.6754e-15   2.23e-15          3.7082e-15      3.89e-16    1.07e+00
   5        3.1166e-15   2.24e-15          3.6908e-15      3.84e-16    1.04e+00
   5        6.7840e-15   2.23e-15          3.7796e-15      3.78e-16    1.06e+00
   5        4.4121e-15   2.25e-15          3.7970e-15      3.73e-16    1.03e+00
   5        1.4958e-15   2.24e-15          3.7351e-15      3.68e-16    1.03e+00
   5        6.5003e-15   2.23e-15          3.8081e-15      3.63e-16    1.05e+00
   5        4.5218e-15   2.26e-15          3.8261e-15      3.58e-16    1.02e+00
   5        3.6550e-15   2.26e-15          3.8219e-15      3.54e-16    9.92e-01
   5        -9.9909e-19   2.28e-15          3.7321e-15      3.50e-16    1.04e+00
   5        3.3361e-15   2.30e-15          3.7231e-15      3.46e-16    1.01e+00
   5        1.9841e-15   2.30e-15          3.6848e-15      3.42e-16    1.00e+00
   5        2.6643e-15   2.31e-15          3.6629e-15      3.38e-16    9.80e-01
   5        2.7389e-15   2.30e-15          3.6434e-15      3.35e-16    9.60e-01
   5        2.3367e-15   2.31e-15          3.6166e-15      3.31e-16    9.45e-01
   5        8.5210e-16   2.34e-15          3.5622e-15      3.28e-16    9.55e-01
   5        -9.0953e-16   2.34e-15          3.4764e-15      3.25e-16    1.01e+00
   5        5.0824e-16   2.31e-15          3.4191e-15      3.22e-16    1.03e+00
   5        7.8576e-15   2.31e-15          3.5034e-15      3.19e-16    1.08e+00
   5        3.7231e-15   2.33e-15          3.5074e-15      3.16e-16    1.06e+00
   5        -6.1751e-16   2.31e-15          3.4320e-15      3.13e-16    1.10e+00
   5        4.9609e-15   2.31e-15          3.4595e-15      3.10e-16    1.09e+00
   5        2.2888e-15   2.31e-15          3.4388e-15      3.07e-16    1.07e+00
   5        5.6388e-15   2.33e-15          3.4765e-15      3.04e-16    1.07e+00
   5        1.9854e-16   2.32e-15          3.4210e-15      3.02e-16    1.09e+00
   5        8.9524e-16   2.31e-15          3.3787e-15      2.99e-16    1.09e+00
   5        1.5217e-15   2.31e-15          3.3481e-15      2.97e-16    1.08e+00
aNNLO+NNLL = (2.1129635e-13 +- 3.0855223e-16) pb

Results:
LO = (1.6630546e-13 +- 1.2421555e-16) pb
NLO = (2.0794823e-13 +- 8.4201676e-17) pb
aNNLO+NNLL = (2.1129635e-13 +- 3.0855223e-16) pb
Thanks for using LHAPDF 6.2.3. Please make sure to cite the paper:
  Eur.Phys.J. C75 (2015) 3, 132  (http://arxiv.org/abs/1412.7420)
 ====================================================
   FF 2.0, a package to evaluate one-loop integrals
 written by G. J. van Oldenborgh, NIKHEF-H, Amsterdam
 ====================================================
 for the algorithms used see preprint NIKHEF-H 89/17,
 'New Algorithms for One-loop Integrals', by G.J. van
 Oldenborgh and J.A.M. Vermaseren, published in 
 Zeitschrift fuer Physik C46(1990)425.
 ====================================================
 
total number of errors and warnings
===================================
fferr: no errors
 
