
  Welcome to Resummino git-latest
  Copyright 2008-2010 Jonathan Debove.
  Copyright 2011-2014 David R. Lamprea.
  Copyright 2011-2016 Marcel Rothering.

  Licensed under the EUPL 1.1 or later.
  See http://www.resummino.org/ for more information.

  If using Resummino for slepton pair production, please cite.
  - G. Bozzi, B. Fuks, M. Klasen, PRD 74, 015001 (2006); NPB 777, 157 (2007); NPB 794, 46 (2007).
  - B. Fuks, M. Klasen, D. R. Lamprea, M. Rothering, EPJC 73, 2480 (2013).

  For gaugino pair production, please cite:
  - J. Debove, B. Fuks, M. Klasen, PLB 688, 208 (2010); NPB 842, 51 (2011); NPB 849, 64 (2011).
  - B. Fuks, M. Klasen, D. R. Lamprea, M. Rothering, JHEP 1210, 081 (2012); EPJC 73, 2480 (2013).

  For associated gaugino gluino production, please cite:
  - B. Fuks, M. Klasen, M. Rothering, JHEP 07:053, (2016).
  - B. Fuks, M. Klasen, D. R. Lamprea, M. Rothering, EPJC 73, 2480 (2013).

LHAPDF 6.2.3 loading /pool/condor/dir_65087/resummino-releases/lhapdf-prefix/share/LHAPDF/PDF4LHC21_40/PDF4LHC21_40_0000.dat
PDF4LHC21_40 PDF set, member #0, version 1
 alpha_s(M_Z^2) = 0.1180 	 for LO PDF set 
 alpha_s(1900.000^2) = 0.0811 	 for LO PDF set 

********************
* LO cross section *
********************
The limits of integration are:

xl[0]=0.000000    xu[0]=1.000000
xl[1]=0.000000    xu[1]=1.000000
xl[2]=0.000000    xu[2]=1.000000

num_dim=3, calls=2000, it_num=1, max_it_num=5 verb=0, alph=1.50,
mode=0, bins=50, boxes=1

       single.......iteration                   accumulated......results   
iteration     integral    sigma             integral         sigma     chi-sq/it

   1        5.9113e-14   1.74e-15          5.9113e-14      1.74e-15    0.00e+00
   2        6.2021e-14   6.29e-16          6.1683e-14      5.91e-16    2.48e+00
   3        6.2859e-14   3.39e-16          6.2568e-14      2.94e-16    2.73e+00
   4        6.2079e-14   3.21e-16          6.2344e-14      2.17e-16    2.24e+00
   5        6.2046e-14   3.31e-16          6.2255e-14      1.81e-16    1.82e+00

num_dim=3, calls=20000, it_num=1, max_it_num=5 verb=0, alph=1.50,
mode=0, bins=50, boxes=1

       single.......iteration                   accumulated......results   
iteration     integral    sigma             integral         sigma     chi-sq/it

   1        6.2308e-14   1.01e-16          6.2308e-14      1.01e-16    0.00e+00
   2        6.2293e-14   9.86e-17          6.2300e-14      7.07e-17    1.23e-02
   3        6.2440e-14   9.73e-17          6.2348e-14      5.72e-17    6.75e-01
   4        6.2430e-14   1.03e-16          6.2368e-14      5.00e-17    6.09e-01
   5        6.2171e-14   1.04e-16          6.2331e-14      4.51e-17    1.18e+00
LO = (6.2330556e-14 +- 4.5093097e-17) pb
LHAPDF 6.2.3 loading /pool/condor/dir_65087/resummino-releases/lhapdf-prefix/share/LHAPDF/PDF4LHC21_40/PDF4LHC21_40_0029.dat
PDF4LHC21_40 PDF set, member #29, version 1
 alpha_s(M_Z^2) = 0.1180 	 for NLO PDF set 
 alpha_s(1900.000^2) = 0.0811 	 for NLO PDF set 

********************
* LO cross section *
********************
The limits of integration are:

xl[0]=0.000000    xu[0]=1.000000
xl[1]=0.000000    xu[1]=1.000000
xl[2]=0.000000    xu[2]=1.000000

num_dim=3, calls=2000, it_num=1, max_it_num=5 verb=0, alph=1.50,
mode=0, bins=50, boxes=1

       single.......iteration                   accumulated......results   
iteration     integral    sigma             integral         sigma     chi-sq/it

   1        6.2810e-14   1.83e-15          6.2810e-14      1.83e-15    0.00e+00
   2        6.5616e-14   6.79e-16          6.5278e-14      6.37e-16    2.06e+00
   3        6.6647e-14   3.90e-16          6.6273e-14      3.33e-16    2.71e+00
   4        6.5786e-14   3.74e-16          6.6058e-14      2.49e-16    2.12e+00
   5        6.5630e-14   3.93e-16          6.5936e-14      2.10e-16    1.80e+00

num_dim=3, calls=20000, it_num=1, max_it_num=5 verb=0, alph=1.50,
mode=0, bins=50, boxes=1

       single.......iteration                   accumulated......results   
iteration     integral    sigma             integral         sigma     chi-sq/it

   1        6.6022e-14   1.18e-16          6.6022e-14      1.18e-16    0.00e+00
   2        6.6050e-14   1.15e-16          6.6037e-14      8.22e-17    2.84e-02
   3        6.6223e-14   1.13e-16          6.6101e-14      6.66e-17    9.03e-01
   4        6.6175e-14   1.20e-16          6.6118e-14      5.82e-17    6.99e-01
   5        6.5883e-14   1.21e-16          6.6074e-14      5.24e-17    1.30e+00
   5        6.5977e-14   1.20e-16          6.6058e-14      4.81e-17    1.15e+00
   5        6.6102e-14   1.22e-16          6.6064e-14      4.47e-17    9.75e-01
   5        6.5910e-14   1.24e-16          6.6046e-14      4.20e-17    1.03e+00
   5        6.5917e-14   1.26e-16          6.6033e-14      3.99e-17    1.02e+00
   5        6.5806e-14   1.30e-16          6.6014e-14      3.81e-17    1.22e+00
   5        6.5993e-14   1.35e-16          6.6012e-14      3.67e-17    1.10e+00
   5        6.5974e-14   1.37e-16          6.6010e-14      3.54e-17    1.01e+00
   5        6.6136e-14   1.45e-16          6.6017e-14      3.44e-17    9.83e-01
   5        6.5958e-14   1.52e-16          6.6014e-14      3.36e-17    9.18e-01
   5        6.6050e-14   1.61e-16          6.6015e-14      3.29e-17    8.56e-01
   5        6.5830e-14   1.65e-16          6.6008e-14      3.22e-17    8.80e-01
   5        6.5881e-14   1.67e-16          6.6004e-14      3.16e-17    8.60e-01
   5        6.6153e-14   1.71e-16          6.6009e-14      3.11e-17    8.53e-01
   5        6.6283e-14   1.83e-16          6.6017e-14      3.07e-17    9.27e-01
   5        6.6333e-14   1.77e-16          6.6026e-14      3.02e-17    1.04e+00
   5        6.5892e-14   1.80e-16          6.6022e-14      2.98e-17    1.02e+00
   5        6.6117e-14   1.85e-16          6.6024e-14      2.94e-17    9.79e-01
   5        6.6159e-14   1.92e-16          6.6028e-14      2.91e-17    9.57e-01
   5        6.5991e-14   1.99e-16          6.6027e-14      2.88e-17    9.17e-01
   5        6.6304e-14   2.02e-16          6.6032e-14      2.85e-17    9.55e-01
   5        6.5918e-14   2.02e-16          6.6030e-14      2.82e-17    9.29e-01
   5        6.6494e-14   2.07e-16          6.6038e-14      2.80e-17    1.08e+00
   5        6.6044e-14   2.02e-16          6.6039e-14      2.77e-17    1.04e+00
   5        6.6012e-14   2.07e-16          6.6038e-14      2.74e-17    1.01e+00
   5        6.6108e-14   2.14e-16          6.6039e-14      2.72e-17    9.75e-01
   5        6.5978e-14   2.12e-16          6.6038e-14      2.70e-17    9.45e-01
   5        6.6023e-14   2.18e-16          6.6038e-14      2.68e-17    9.15e-01
   5        6.6272e-14   2.13e-16          6.6042e-14      2.66e-17    9.24e-01
   5        6.5812e-14   2.18e-16          6.6038e-14      2.64e-17    9.29e-01
   5        6.5681e-14   2.17e-16          6.6033e-14      2.62e-17    9.80e-01
   5        6.6256e-14   2.22e-16          6.6036e-14      2.60e-17    9.80e-01
   5        6.5469e-14   2.22e-16          6.6028e-14      2.58e-17    1.13e+00
   5        6.5817e-14   2.28e-16          6.6026e-14      2.57e-17    1.12e+00
   5        6.6246e-14   2.22e-16          6.6029e-14      2.55e-17    1.12e+00
   5        6.5995e-14   2.25e-16          6.6028e-14      2.53e-17    1.09e+00
   5        6.6106e-14   2.30e-16          6.6029e-14      2.52e-17    1.07e+00
   5        6.5950e-14   2.31e-16          6.6028e-14      2.50e-17    1.04e+00
   5        6.6515e-14   2.38e-16          6.6034e-14      2.49e-17    1.12e+00
   5        6.6148e-14   2.37e-16          6.6035e-14      2.48e-17    1.10e+00
   5        6.5739e-14   2.41e-16          6.6032e-14      2.46e-17    1.11e+00
   5        6.5992e-14   2.45e-16          6.6031e-14      2.45e-17    1.08e+00
   5        6.6358e-14   2.54e-16          6.6034e-14      2.44e-17    1.09e+00
   5        6.5430e-14   2.48e-16          6.6029e-14      2.43e-17    1.20e+00
   5        6.6556e-14   2.56e-16          6.6033e-14      2.42e-17    1.26e+00
   5        6.6450e-14   2.52e-16          6.6037e-14      2.41e-17    1.29e+00
   5        6.5998e-14   2.50e-16          6.6037e-14      2.40e-17    1.26e+00
   5        6.5502e-14   2.51e-16          6.6032e-14      2.38e-17    1.33e+00
   5        6.6104e-14   2.58e-16          6.6033e-14      2.37e-17    1.30e+00
   5        6.6099e-14   2.62e-16          6.6033e-14      2.36e-17    1.28e+00
   5        6.6535e-14   2.54e-16          6.6037e-14      2.35e-17    1.33e+00
LO = (6.6037407e-14 +- 2.3544332e-17) pb

*******************************************
* virtual corrections + integrated dipole *
*******************************************
The limits of integration are:

xl[0]=0.000000    xu[0]=1.000000
xl[1]=0.000000    xu[1]=1.000000
xl[2]=0.000000    xu[2]=1.000000

num_dim=3, calls=240, it_num=1, max_it_num=5 verb=0, alph=1.50,
mode=0, bins=50, boxes=1

       single.......iteration                   accumulated......results   
iteration     integral    sigma             integral         sigma     chi-sq/it

   1        7.0030e-15   6.14e-16          7.0030e-15      6.14e-16    0.00e+00
   2        7.4694e-15   3.38e-16          7.3611e-15      2.96e-16    4.42e-01
   3        7.9974e-15   2.16e-16          7.7758e-15      1.75e-16    1.73e+00
   4        8.0687e-15   1.50e-16          7.9443e-15      1.14e-16    1.69e+00
   5        8.3569e-15   1.92e-16          8.0515e-15      9.80e-17    2.12e+00

num_dim=3, calls=1200, it_num=1, max_it_num=3 verb=0, alph=1.50,
mode=0, bins=50, boxes=1

       single.......iteration                   accumulated......results   
iteration     integral    sigma             integral         sigma     chi-sq/it

   1        7.8258e-15   8.15e-17          7.8258e-15      8.15e-17    0.00e+00
   2        8.0004e-15   6.52e-17          7.9323e-15      5.09e-17    2.80e+00
   3        7.9466e-15   6.11e-17          7.9381e-15      3.91e-17    1.42e+00
   3        8.1251e-15   6.30e-17          7.9901e-15      3.32e-17    3.06e+00
   3        7.9157e-15   6.19e-17          7.9735e-15      2.93e-17    2.58e+00
   3        8.0032e-15   6.30e-17          7.9788e-15      2.65e-17    2.10e+00
   3        7.9042e-15   6.64e-17          7.9685e-15      2.46e-17    1.93e+00
   3        8.0458e-15   6.22e-17          7.9790e-15      2.29e-17    1.85e+00
   3        8.0393e-15   5.90e-17          7.9869e-15      2.14e-17    1.73e+00
   3        7.9738e-15   6.13e-17          7.9855e-15      2.02e-17    1.54e+00
   3        7.9611e-15   6.34e-17          7.9832e-15      1.92e-17    1.40e+00
vNLO = (7.9832444e-15 +- 1.9221424e-17) pb

*****************************
* collinear remainder (P+K) *
*****************************
The limits of integration are:

xl[0]=0.000000    xu[0]=1.000000
xl[1]=0.000000    xu[1]=1.000000
xl[2]=0.000000    xu[2]=1.000000
xl[3]=0.000000    xu[3]=1.000000

num_dim=4, calls=2500, it_num=1, max_it_num=5 verb=0, alph=1.50,
mode=0, bins=50, boxes=1

       single.......iteration                   accumulated......results   
iteration     integral    sigma             integral         sigma     chi-sq/it

   1        1.1398e-14   5.67e-16          1.1398e-14      5.67e-16    0.00e+00
   2        1.1477e-14   2.28e-16          1.1466e-14      2.11e-16    1.64e-02
   3        1.1451e-14   1.82e-16          1.1458e-14      1.38e-16    9.53e-03
   4        1.1519e-14   1.76e-16          1.1481e-14      1.08e-16    3.16e-02
   5        1.1649e-14   1.75e-16          1.1528e-14      9.21e-17    1.90e-01

num_dim=4, calls=25000, it_num=1, max_it_num=3 verb=0, alph=1.50,
mode=0, bins=50, boxes=1

       single.......iteration                   accumulated......results   
iteration     integral    sigma             integral         sigma     chi-sq/it

   1        1.1652e-14   5.40e-17          1.1652e-14      5.40e-17    0.00e+00
   2        1.1670e-14   5.35e-17          1.1661e-14      3.80e-17    5.80e-02
   3        1.1524e-14   5.40e-17          1.1616e-14      3.11e-17    2.16e+00
   3        1.1578e-14   5.44e-17          1.1606e-14      2.70e-17    1.56e+00
   3        1.1522e-14   5.46e-17          1.1590e-14      2.42e-17    1.66e+00
   3        1.1501e-14   5.44e-17          1.1575e-14      2.21e-17    1.76e+00
   3        1.1538e-14   5.41e-17          1.1570e-14      2.05e-17    1.54e+00
   3        1.1552e-14   5.46e-17          1.1568e-14      1.92e-17    1.33e+00
P+K = (1.1567541e-14 +- 1.9164004e-17) pb

********************************
* real gluon emission - dipole *
********************************
The limits of integration are:

xl[0]=0.000000    xu[0]=1.000000
xl[1]=0.000000    xu[1]=1.000000
xl[2]=0.000000    xu[2]=1.000000
xl[3]=0.000000    xu[3]=1.000000
xl[4]=0.000000    xu[4]=1.000000
xl[5]=0.000000    xu[5]=1.000000

num_dim=6, calls=250, it_num=1, max_it_num=5 verb=0, alph=1.50,
mode=0, bins=50, boxes=1

       single.......iteration                   accumulated......results   
iteration     integral    sigma             integral         sigma     chi-sq/it

   1        -7.7768e-17   2.59e-17          -7.7768e-17      2.59e-17    0.00e+00
   2        -9.0370e-17   2.00e-17          -8.5648e-17      1.58e-17    1.48e-01
   3        -5.7151e-17   5.89e-18          -6.0609e-17      5.52e-18    1.50e+00
   4        -7.0208e-17   8.71e-18          -6.3357e-17      4.66e-18    1.29e+00
   5        -7.8851e-17   1.05e-17          -6.5929e-17      4.26e-18    1.42e+00

num_dim=6, calls=2500, it_num=1, max_it_num=3 verb=0, alph=1.50,
mode=0, bins=50, boxes=1

       single.......iteration                   accumulated......results   
iteration     integral    sigma             integral         sigma     chi-sq/it

   1        -6.9414e-17   2.51e-18          -6.9414e-17      2.51e-18    0.00e+00
   2        -7.0016e-17   1.26e-18          -6.9894e-17      1.13e-18    4.59e-02
   3        -7.1824e-17   1.10e-18          -7.0881e-17      7.88e-19    7.72e-01
rNLOg = (-7.0880623e-17 +- 7.8847142e-19) pb

**************************************************
* real light quark emission - dipole - (onshell) *
**************************************************
The limits of integration are:

xl[0]=0.000000    xu[0]=1.000000
xl[1]=0.000000    xu[1]=1.000000
xl[2]=0.000000    xu[2]=1.000000
xl[3]=0.000000    xu[3]=1.000000
xl[4]=0.000000    xu[4]=1.000000
xl[5]=0.000000    xu[5]=1.000000

num_dim=6, calls=5000, it_num=1, max_it_num=5 verb=0, alph=1.50,
mode=0, bins=50, boxes=1

       single.......iteration                   accumulated......results   
iteration     integral    sigma             integral         sigma     chi-sq/it

   1        1.2840e-16   8.30e-18          1.2840e-16      8.30e-18    0.00e+00
   2        1.2328e-16   2.27e-18          1.2363e-16      2.19e-18    3.54e-01
   3        1.2231e-16   1.34e-18          1.2267e-16      1.14e-18    3.10e-01
   4        1.2142e-16   1.03e-18          1.2198e-16      7.64e-19    4.28e-01
   5        1.2195e-16   8.66e-19          1.2196e-16      5.73e-19    3.21e-01

num_dim=6, calls=50000, it_num=1, max_it_num=5 verb=0, alph=1.50,
mode=0, bins=50, boxes=1

       single.......iteration                   accumulated......results   
iteration     integral    sigma             integral         sigma     chi-sq/it

   1        1.2184e-16   2.59e-19          1.2184e-16      2.59e-19    0.00e+00
   2        1.2250e-16   3.35e-19          1.2208e-16      2.05e-19    2.44e+00
   3        1.2275e-16   3.40e-19          1.2226e-16      1.75e-19    2.63e+00
   4        1.2231e-16   2.80e-19          1.2227e-16      1.49e-19    1.76e+00
   5        1.2247e-16   3.30e-19          1.2231e-16      1.36e-19    1.39e+00
rNLOq = (1.2230826e-16 +- 1.3557138e-19) pb
NLO = (8.5639620e-14 +- 3.5940198e-17) pb
#chisq/dof = 2.28066e-09
#status = success
#chisq/dof = 3.16207e-10
#status = success
#chisq/dof = 5.78224e-10
#status = success
#chisq/dof = 1.13538e-09
#status = success
#chisq/dof = 5.76228e-11
#status = success
#chisq/dof = 3.3019e-12
#status = success
#chisq/dof = 1.73452e-10
#status = success
#chisq/dof = 4.76543e-11
#status = success

*******************************************************
* threshold resummation (unimproved nnll) - expansion *
*******************************************************
The limits of integration are:

xl[0]=0.000000    xu[0]=1.000000
xl[1]=0.000000    xu[1]=1.000000
xl[2]=0.000000    xu[2]=1.000000

num_dim=3, calls=7000, it_num=1, max_it_num=5 verb=0, alph=1.50,
mode=0, bins=50, boxes=1

       single.......iteration                   accumulated......results   
iteration     integral    sigma             integral         sigma     chi-sq/it

   1        1.9327e-15   4.11e-16          1.9327e-15      4.11e-16    0.00e+00
   2        1.4764e-15   1.00e-16          1.5020e-15      9.73e-17    1.16e+00
   3        1.2678e-15   8.18e-17          1.3648e-15      6.26e-17    2.28e+00
   4        1.3827e-15   7.91e-17          1.3717e-15      4.91e-17    1.53e+00
   5        1.4348e-15   7.86e-17          1.3894e-15      4.17e-17    1.26e+00

num_dim=3, calls=35000, it_num=1, max_it_num=5 verb=0, alph=1.50,
mode=0, bins=50, boxes=1

       single.......iteration                   accumulated......results   
iteration     integral    sigma             integral         sigma     chi-sq/it

   1        1.5181e-15   3.45e-17          1.5181e-15      3.45e-17    0.00e+00
   2        1.5202e-15   3.43e-17          1.5192e-15      2.43e-17    1.89e-03
   3        1.5579e-15   3.43e-17          1.5321e-15      1.98e-17    4.26e-01
   4        1.5119e-15   3.43e-17          1.5271e-15      1.72e-17    3.70e-01
   5        1.4955e-15   3.40e-17          1.5207e-15      1.53e-17    4.49e-01
   5        1.5175e-15   3.43e-17          1.5201e-15      1.40e-17    3.60e-01
   5        1.5419e-15   3.45e-17          1.5232e-15      1.30e-17    3.58e-01
   5        1.5927e-15   3.44e-17          1.5319e-15      1.21e-17    8.16e-01
aNNLO+NNLL = (8.7171484e-14 +- 3.7932610e-17) pb

Results:
LO = (6.2330556e-14 +- 4.5093097e-17) pb
NLO = (8.5639620e-14 +- 3.5940198e-17) pb
aNNLO+NNLL = (8.7171484e-14 +- 3.7932610e-17) pb
Thanks for using LHAPDF 6.2.3. Please make sure to cite the paper:
  Eur.Phys.J. C75 (2015) 3, 132  (http://arxiv.org/abs/1412.7420)
 ====================================================
   FF 2.0, a package to evaluate one-loop integrals
 written by G. J. van Oldenborgh, NIKHEF-H, Amsterdam
 ====================================================
 for the algorithms used see preprint NIKHEF-H 89/17,
 'New Algorithms for One-loop Integrals', by G.J. van
 Oldenborgh and J.A.M. Vermaseren, published in 
 Zeitschrift fuer Physik C46(1990)425.
 ====================================================
 
total number of errors and warnings
===================================
fferr: no errors
 
