
  Welcome to Resummino git-latest
  Copyright 2008-2010 Jonathan Debove.
  Copyright 2011-2014 David R. Lamprea.
  Copyright 2011-2016 Marcel Rothering.

  Licensed under the EUPL 1.1 or later.
  See http://www.resummino.org/ for more information.

  If using Resummino for slepton pair production, please cite.
  - G. Bozzi, B. Fuks, M. Klasen, PRD 74, 015001 (2006); NPB 777, 157 (2007); NPB 794, 46 (2007).
  - B. Fuks, M. Klasen, D. R. Lamprea, M. Rothering, EPJC 73, 2480 (2013).

  For gaugino pair production, please cite:
  - J. Debove, B. Fuks, M. Klasen, PLB 688, 208 (2010); NPB 842, 51 (2011); NPB 849, 64 (2011).
  - B. Fuks, M. Klasen, D. R. Lamprea, M. Rothering, JHEP 1210, 081 (2012); EPJC 73, 2480 (2013).

  For associated gaugino gluino production, please cite:
  - B. Fuks, M. Klasen, M. Rothering, JHEP 07:053, (2016).
  - B. Fuks, M. Klasen, D. R. Lamprea, M. Rothering, EPJC 73, 2480 (2013).

LHAPDF 6.2.3 loading /pool/condor/dir_17392/resummino-releases/lhapdf-prefix/share/LHAPDF/PDF4LHC21_40/PDF4LHC21_40_0000.dat
PDF4LHC21_40 PDF set, member #0, version 1
 alpha_s(M_Z^2) = 0.1180 	 for LO PDF set 
 alpha_s(1600.000^2) = 0.0826 	 for LO PDF set 

********************
* LO cross section *
********************
The limits of integration are:

xl[0]=0.000000    xu[0]=1.000000
xl[1]=0.000000    xu[1]=1.000000
xl[2]=0.000000    xu[2]=1.000000

num_dim=3, calls=2000, it_num=1, max_it_num=5 verb=0, alph=1.50,
mode=0, bins=50, boxes=1

       single.......iteration                   accumulated......results   
iteration     integral    sigma             integral         sigma     chi-sq/it

   1        1.5710e-13   4.68e-15          1.5710e-13      4.68e-15    0.00e+00
   2        1.6544e-13   1.70e-15          1.6447e-13      1.60e-15    2.80e+00
   3        1.6767e-13   9.31e-16          1.6686e-13      8.04e-16    2.90e+00
   4        1.6562e-13   8.80e-16          1.6629e-13      5.94e-16    2.29e+00
   5        1.6524e-13   9.13e-16          1.6598e-13      4.98e-16    1.96e+00

num_dim=3, calls=20000, it_num=1, max_it_num=5 verb=0, alph=1.50,
mode=0, bins=50, boxes=1

       single.......iteration                   accumulated......results   
iteration     integral    sigma             integral         sigma     chi-sq/it

   1        1.6624e-13   2.79e-16          1.6624e-13      2.79e-16    0.00e+00
   2        1.6618e-13   2.72e-16          1.6621e-13      1.95e-16    1.77e-02
   3        1.6661e-13   2.69e-16          1.6635e-13      1.58e-16    7.31e-01
   4        1.6657e-13   2.85e-16          1.6640e-13      1.38e-16    6.48e-01
   5        1.6590e-13   2.86e-16          1.6631e-13      1.24e-16    1.10e+00
LO = (1.6630546e-13 +- 1.2421555e-16) pb
LHAPDF 6.2.3 loading /pool/condor/dir_17392/resummino-releases/lhapdf-prefix/share/LHAPDF/PDF4LHC21_40/PDF4LHC21_40_0017.dat
PDF4LHC21_40 PDF set, member #17, version 1
 alpha_s(M_Z^2) = 0.1180 	 for NLO PDF set 
 alpha_s(1600.000^2) = 0.0826 	 for NLO PDF set 

********************
* LO cross section *
********************
The limits of integration are:

xl[0]=0.000000    xu[0]=1.000000
xl[1]=0.000000    xu[1]=1.000000
xl[2]=0.000000    xu[2]=1.000000

num_dim=3, calls=2000, it_num=1, max_it_num=5 verb=0, alph=1.50,
mode=0, bins=50, boxes=1

       single.......iteration                   accumulated......results   
iteration     integral    sigma             integral         sigma     chi-sq/it

   1        1.7116e-13   4.98e-15          1.7116e-13      4.98e-15    0.00e+00
   2        1.7932e-13   1.83e-15          1.7836e-13      1.71e-15    2.37e+00
   3        1.8200e-13   1.04e-15          1.8102e-13      8.90e-16    2.84e+00
   4        1.7968e-13   9.98e-16          1.8043e-13      6.64e-16    2.22e+00
   5        1.7916e-13   1.04e-15          1.8006e-13      5.60e-16    1.93e+00

num_dim=3, calls=20000, it_num=1, max_it_num=5 verb=0, alph=1.50,
mode=0, bins=50, boxes=1

       single.......iteration                   accumulated......results   
iteration     integral    sigma             integral         sigma     chi-sq/it

   1        1.8032e-13   3.16e-16          1.8032e-13      3.16e-16    0.00e+00
   2        1.8036e-13   3.06e-16          1.8034e-13      2.20e-16    7.69e-03
   3        1.8084e-13   3.03e-16          1.8051e-13      1.78e-16    8.87e-01
   4        1.8075e-13   3.21e-16          1.8057e-13      1.56e-16    7.31e-01
   5        1.7999e-13   3.22e-16          1.8046e-13      1.40e-16    1.21e+00
   5        1.8014e-13   3.22e-16          1.8041e-13      1.29e-16    1.13e+00
   5        1.8059e-13   3.24e-16          1.8043e-13      1.19e-16    9.87e-01
   5        1.8005e-13   3.30e-16          1.8039e-13      1.12e-16    1.01e+00
   5        1.8003e-13   3.35e-16          1.8035e-13      1.07e-16    1.02e+00
   5        1.7985e-13   3.45e-16          1.8031e-13      1.02e-16    1.12e+00
   5        1.8020e-13   3.61e-16          1.8030e-13      9.79e-17    1.02e+00
   5        1.8026e-13   3.67e-16          1.8030e-13      9.46e-17    9.27e-01
   5        1.8065e-13   3.87e-16          1.8032e-13      9.19e-17    9.17e-01
   5        1.8012e-13   4.04e-16          1.8031e-13      8.96e-17    8.63e-01
   5        1.8038e-13   4.28e-16          1.8031e-13      8.77e-17    8.04e-01
   5        1.7980e-13   4.41e-16          1.8029e-13      8.60e-17    8.37e-01
   5        1.7991e-13   4.46e-16          1.8028e-13      8.45e-17    8.30e-01
   5        1.8065e-13   4.55e-16          1.8029e-13      8.31e-17    8.18e-01
   5        1.8091e-13   4.89e-16          1.8031e-13      8.19e-17    8.61e-01
   5        1.8112e-13   4.75e-16          1.8033e-13      8.07e-17    9.65e-01
   5        1.7997e-13   4.82e-16          1.8032e-13      7.96e-17    9.44e-01
   5        1.8060e-13   4.95e-16          1.8033e-13      7.86e-17    9.14e-01
   5        1.8067e-13   5.12e-16          1.8034e-13      7.77e-17    8.92e-01
   5        1.8035e-13   5.38e-16          1.8034e-13      7.69e-17    8.53e-01
   5        1.8101e-13   5.48e-16          1.8035e-13      7.61e-17    8.80e-01
   5        1.8006e-13   5.51e-16          1.8034e-13      7.54e-17    8.55e-01
   5        1.8169e-13   5.67e-16          1.8037e-13      7.47e-17    1.04e+00
   5        1.8034e-13   5.50e-16          1.8037e-13      7.41e-17    9.97e-01
   5        1.8025e-13   5.64e-16          1.8036e-13      7.34e-17    9.63e-01
   5        1.8053e-13   5.84e-16          1.8037e-13      7.29e-17    9.33e-01
   5        1.8015e-13   5.81e-16          1.8036e-13      7.23e-17    9.06e-01
   5        1.8029e-13   5.99e-16          1.8036e-13      7.18e-17    8.77e-01
   5        1.8104e-13   5.82e-16          1.8037e-13      7.12e-17    8.91e-01
   5        1.7979e-13   5.96e-16          1.8036e-13      7.07e-17    8.93e-01
   5        1.7938e-13   5.92e-16          1.8035e-13      7.02e-17    9.46e-01
   5        1.8092e-13   6.04e-16          1.8036e-13      6.98e-17    9.45e-01
   5        1.7877e-13   6.01e-16          1.8034e-13      6.93e-17    1.11e+00
   5        1.7971e-13   6.16e-16          1.8033e-13      6.89e-17    1.11e+00
   5        1.8096e-13   6.04e-16          1.8034e-13      6.84e-17    1.11e+00
   5        1.8025e-13   6.12e-16          1.8034e-13      6.80e-17    1.08e+00
   5        1.8056e-13   6.24e-16          1.8034e-13      6.76e-17    1.06e+00
   5        1.8014e-13   6.27e-16          1.8034e-13      6.72e-17    1.03e+00
   5        1.8164e-13   6.43e-16          1.8035e-13      6.68e-17    1.10e+00
   5        1.8072e-13   6.40e-16          1.8035e-13      6.65e-17    1.09e+00
   5        1.7967e-13   6.55e-16          1.8035e-13      6.61e-17    1.09e+00
   5        1.8030e-13   6.67e-16          1.8035e-13      6.58e-17    1.06e+00
   5        1.8129e-13   6.96e-16          1.8036e-13      6.55e-17    1.08e+00
   5        1.7880e-13   6.79e-16          1.8034e-13      6.52e-17    1.17e+00
   5        1.8182e-13   6.99e-16          1.8035e-13      6.49e-17    1.23e+00
   5        1.8151e-13   6.86e-16          1.8036e-13      6.47e-17    1.27e+00
   5        1.8026e-13   6.83e-16          1.8036e-13      6.44e-17    1.24e+00
   5        1.7889e-13   6.85e-16          1.8035e-13      6.41e-17    1.31e+00
   5        1.8046e-13   7.03e-16          1.8035e-13      6.38e-17    1.28e+00
   5        1.8056e-13   7.18e-16          1.8035e-13      6.36e-17    1.26e+00
   5        1.8159e-13   7.02e-16          1.8036e-13      6.33e-17    1.29e+00
LO = (1.8036312e-13 +- 6.3307878e-17) pb

*******************************************
* virtual corrections + integrated dipole *
*******************************************
The limits of integration are:

xl[0]=0.000000    xu[0]=1.000000
xl[1]=0.000000    xu[1]=1.000000
xl[2]=0.000000    xu[2]=1.000000

num_dim=3, calls=240, it_num=1, max_it_num=5 verb=0, alph=1.50,
mode=0, bins=50, boxes=1

       single.......iteration                   accumulated......results   
iteration     integral    sigma             integral         sigma     chi-sq/it

   1        1.9183e-14   1.66e-15          1.9183e-14      1.66e-15    0.00e+00
   2        2.0740e-14   9.32e-16          2.0367e-14      8.13e-16    6.68e-01
   3        2.2282e-14   5.82e-16          2.1632e-14      4.73e-16    2.17e+00
   4        2.2467e-14   4.11e-16          2.2109e-14      3.10e-16    2.04e+00
   5        2.3201e-14   5.20e-16          2.2395e-14      2.66e-16    2.34e+00

num_dim=3, calls=1200, it_num=1, max_it_num=3 verb=0, alph=1.50,
mode=0, bins=50, boxes=1

       single.......iteration                   accumulated......results   
iteration     integral    sigma             integral         sigma     chi-sq/it

   1        2.1760e-14   2.23e-16          2.1760e-14      2.23e-16    0.00e+00
   2        2.2246e-14   1.76e-16          2.2060e-14      1.38e-16    2.94e+00
   3        2.2099e-14   1.65e-16          2.2076e-14      1.06e-16    1.48e+00
   3        2.2567e-14   1.70e-16          2.2214e-14      8.99e-17    3.00e+00
   3        2.1975e-14   1.70e-16          2.2161e-14      7.94e-17    2.63e+00
   3        2.2242e-14   1.70e-16          2.2176e-14      7.19e-17    2.14e+00
   3        2.1937e-14   1.80e-16          2.2143e-14      6.68e-17    2.04e+00
   3        2.2360e-14   1.68e-16          2.2172e-14      6.21e-17    1.95e+00
   3        2.2337e-14   1.62e-16          2.2194e-14      5.80e-17    1.82e+00
   3        2.2134e-14   1.65e-16          2.2187e-14      5.47e-17    1.63e+00
   3        2.2139e-14   1.73e-16          2.2183e-14      5.22e-17    1.48e+00
vNLO = (2.2182754e-14 +- 5.2165403e-17) pb

*****************************
* collinear remainder (P+K) *
*****************************
The limits of integration are:

xl[0]=0.000000    xu[0]=1.000000
xl[1]=0.000000    xu[1]=1.000000
xl[2]=0.000000    xu[2]=1.000000
xl[3]=0.000000    xu[3]=1.000000

num_dim=4, calls=2500, it_num=1, max_it_num=5 verb=0, alph=1.50,
mode=0, bins=50, boxes=1

       single.......iteration                   accumulated......results   
iteration     integral    sigma             integral         sigma     chi-sq/it

   1        2.7623e-14   1.51e-15          2.7623e-14      1.51e-15    0.00e+00
   2        2.7655e-14   6.06e-16          2.7651e-14      5.63e-16    3.74e-04
   3        2.7702e-14   4.96e-16          2.7680e-14      3.72e-16    2.55e-03
   4        2.7819e-14   4.80e-16          2.7732e-14      2.94e-16    1.92e-02
   5        2.8249e-14   4.75e-16          2.7875e-14      2.50e-16    2.29e-01

num_dim=4, calls=25000, it_num=1, max_it_num=3 verb=0, alph=1.50,
mode=0, bins=50, boxes=1

       single.......iteration                   accumulated......results   
iteration     integral    sigma             integral         sigma     chi-sq/it

   1        2.8230e-14   1.47e-16          2.8230e-14      1.47e-16    0.00e+00
   2        2.8272e-14   1.46e-16          2.8251e-14      1.04e-16    4.07e-02
   3        2.7860e-14   1.48e-16          2.8122e-14      8.49e-17    2.36e+00
   3        2.8044e-14   1.48e-16          2.8102e-14      7.37e-17    1.64e+00
   3        2.7838e-14   1.49e-16          2.8051e-14      6.61e-17    1.87e+00
   3        2.7802e-14   1.48e-16          2.8009e-14      6.04e-17    1.96e+00
   3        2.7894e-14   1.48e-16          2.7993e-14      5.59e-17    1.72e+00
   3        2.7966e-14   1.49e-16          2.7990e-14      5.23e-17    1.48e+00
P+K = (2.7989640e-14 +- 5.2337813e-17) pb

********************************
* real gluon emission - dipole *
********************************
The limits of integration are:

xl[0]=0.000000    xu[0]=1.000000
xl[1]=0.000000    xu[1]=1.000000
xl[2]=0.000000    xu[2]=1.000000
xl[3]=0.000000    xu[3]=1.000000
xl[4]=0.000000    xu[4]=1.000000
xl[5]=0.000000    xu[5]=1.000000

num_dim=6, calls=250, it_num=1, max_it_num=5 verb=0, alph=1.50,
mode=0, bins=50, boxes=1

       single.......iteration                   accumulated......results   
iteration     integral    sigma             integral         sigma     chi-sq/it

   1        -2.6095e-16   8.89e-17          -2.6095e-16      8.89e-17    0.00e+00
   2        -2.9856e-16   6.76e-17          -2.8478e-16      5.38e-17    1.13e-01
   3        -1.8905e-16   2.18e-17          -2.0257e-16      2.02e-17    1.42e+00
   4        -2.1169e-16   2.03e-17          -2.0712e-16      1.43e-17    9.78e-01
   5        -2.3908e-16   1.81e-17          -2.1940e-16      1.12e-17    1.21e+00

num_dim=6, calls=2500, it_num=1, max_it_num=3 verb=0, alph=1.50,
mode=0, bins=50, boxes=1

       single.......iteration                   accumulated......results   
iteration     integral    sigma             integral         sigma     chi-sq/it

   1        -2.3624e-16   4.67e-18          -2.3624e-16      4.67e-18    0.00e+00
   2        -2.3404e-16   2.99e-18          -2.3468e-16      2.52e-18    1.58e-01
   3        -2.3543e-16   2.91e-18          -2.3500e-16      1.90e-18    9.76e-02
rNLOg = (-2.3500249e-16 +- 1.9040189e-18) pb

**************************************************
* real light quark emission - dipole - (onshell) *
**************************************************
The limits of integration are:

xl[0]=0.000000    xu[0]=1.000000
xl[1]=0.000000    xu[1]=1.000000
xl[2]=0.000000    xu[2]=1.000000
xl[3]=0.000000    xu[3]=1.000000
xl[4]=0.000000    xu[4]=1.000000
xl[5]=0.000000    xu[5]=1.000000

num_dim=6, calls=5000, it_num=1, max_it_num=5 verb=0, alph=1.50,
mode=0, bins=50, boxes=1

       single.......iteration                   accumulated......results   
iteration     integral    sigma             integral         sigma     chi-sq/it

   1        4.3713e-16   2.69e-17          4.3713e-16      2.69e-17    0.00e+00
   2        4.3604e-16   8.72e-18          4.3614e-16      8.29e-18    1.49e-03
   3        4.2391e-16   4.61e-18          4.2679e-16      4.03e-18    8.33e-01
   4        4.2208e-16   3.32e-18          4.2399e-16      2.56e-18    8.27e-01
   5        4.2316e-16   2.97e-18          4.2364e-16      1.94e-18    6.31e-01

num_dim=6, calls=50000, it_num=1, max_it_num=5 verb=0, alph=1.50,
mode=0, bins=50, boxes=1

       single.......iteration                   accumulated......results   
iteration     integral    sigma             integral         sigma     chi-sq/it

   1        4.2281e-16   9.19e-19          4.2281e-16      9.19e-19    0.00e+00
   2        4.2551e-16   1.22e-18          4.2378e-16      7.35e-19    3.11e+00
   3        4.2623e-16   1.23e-18          4.2443e-16      6.31e-19    3.03e+00
   4        4.2438e-16   1.05e-18          4.2442e-16      5.40e-19    2.02e+00
   5        4.2522e-16   1.19e-18          4.2455e-16      4.92e-19    1.61e+00
rNLOq = (4.2455328e-16 +- 4.9240694e-19) pb
NLO = (2.3072506e-13 +- 9.7325388e-17) pb
#chisq/dof = 2.05151e-09
#status = success
#chisq/dof = 7.9949e-10
#status = success
#chisq/dof = 4.78996e-10
#status = success
#chisq/dof = 5.54913e-09
#status = success
#chisq/dof = 1.09054e-10
#status = success
#chisq/dof = 3.48269e-12
#status = success
#chisq/dof = 2.81948e-10
#status = success
#chisq/dof = 4.48808e-11
#status = success

*******************************************************
* threshold resummation (unimproved nnll) - expansion *
*******************************************************
The limits of integration are:

xl[0]=0.000000    xu[0]=1.000000
xl[1]=0.000000    xu[1]=1.000000
xl[2]=0.000000    xu[2]=1.000000

num_dim=3, calls=7000, it_num=1, max_it_num=5 verb=0, alph=1.50,
mode=0, bins=50, boxes=1

       single.......iteration                   accumulated......results   
iteration     integral    sigma             integral         sigma     chi-sq/it

   1        -4.6305e-15   7.36e-15          -4.6305e-15      7.36e-15    0.00e+00
   2        6.2019e-15   3.16e-15          4.5125e-15      2.91e-15    1.83e+00
   3        -4.7470e-15   2.85e-15          -2.0867e-16      2.04e-15    3.50e+00
   4        2.1757e-15   2.83e-15          6.0406e-16      1.65e-15    2.49e+00
   5        -5.8502e-17   2.84e-15          4.3626e-16      1.43e-15    1.88e+00

num_dim=3, calls=35000, it_num=1, max_it_num=5 verb=0, alph=1.50,
mode=0, bins=50, boxes=1

       single.......iteration                   accumulated......results   
iteration     integral    sigma             integral         sigma     chi-sq/it

   1        3.7269e-15   1.26e-15          3.7269e-15      1.26e-15    0.00e+00
   2        4.2066e-15   1.26e-15          3.9659e-15      8.90e-16    7.27e-02
   3        5.4515e-15   1.26e-15          4.4608e-15      7.26e-16    5.01e-01
   4        4.6343e-15   1.26e-15          4.5040e-15      6.30e-16    3.39e-01
   5        1.4090e-15   1.26e-15          3.8886e-15      5.63e-16    1.46e+00
   5        3.4097e-15   1.26e-15          3.8088e-15      5.14e-16    1.19e+00
   5        3.4321e-15   1.26e-15          3.7553e-15      4.76e-16    1.00e+00
   5        4.7071e-15   1.27e-15          3.8733e-15      4.46e-16    9.30e-01
   5        1.8537e-15   1.26e-15          3.6495e-15      4.21e-16    1.10e+00
   5        3.3125e-15   1.27e-15          3.6160e-15      3.99e-16    9.83e-01
   5        2.7042e-15   1.26e-15          3.5333e-15      3.81e-16    9.32e-01
   5        2.6267e-15   1.28e-15          3.4595e-15      3.65e-16    8.90e-01
   5        4.3778e-15   1.27e-15          3.5291e-15      3.51e-16    8.55e-01
   5        3.4759e-15   1.27e-15          3.5253e-15      3.38e-16    7.90e-01
   5        5.1956e-15   1.28e-15          3.6347e-15      3.27e-16    8.48e-01
   5        4.3022e-15   1.28e-15          3.6757e-15      3.17e-16    8.08e-01
   5        3.0528e-15   1.28e-15          3.6399e-15      3.07e-16    7.72e-01
   5        2.2606e-15   1.28e-15          3.5642e-15      2.99e-16    7.91e-01
   5        4.7265e-15   1.29e-15          3.6237e-15      2.91e-16    7.90e-01
   5        4.0616e-15   1.29e-15          3.6449e-15      2.84e-16    7.54e-01
   5        4.0457e-16   1.30e-15          3.4970e-15      2.77e-16    1.01e+00
   5        4.6620e-15   1.31e-15          3.5473e-15      2.71e-16    1.00e+00
   5        2.8047e-15   1.30e-15          3.5163e-15      2.66e-16    9.71e-01
   5        4.6555e-15   1.32e-15          3.5608e-15      2.60e-16    9.60e-01
   5        3.5144e-16   1.31e-15          3.4394e-15      2.55e-16    1.16e+00
   5        4.1110e-15   1.31e-15          3.4640e-15      2.51e-16    1.12e+00
   5        2.0105e-15   1.31e-15          3.4127e-15      2.46e-16    1.13e+00
   5        2.5723e-15   1.33e-15          3.3848e-15      2.42e-16    1.10e+00
   5        3.9344e-15   1.33e-15          3.4024e-15      2.38e-16    1.06e+00
   5        2.1246e-15   1.33e-15          3.3627e-15      2.34e-16    1.06e+00
   5        2.9051e-15   1.34e-15          3.3491e-15      2.31e-16    1.03e+00
   5        5.4103e-15   1.33e-15          3.4093e-15      2.28e-16    1.07e+00
   5        3.4525e-15   1.34e-15          3.4106e-15      2.24e-16    1.04e+00
   5        2.5496e-15   1.34e-15          3.3871e-15      2.21e-16    1.02e+00
   5        5.3530e-15   1.34e-15          3.4396e-15      2.18e-16    1.05e+00
   5        4.6625e-15   1.35e-15          3.4710e-15      2.15e-16    1.04e+00
   5        3.3763e-15   1.34e-15          3.4686e-15      2.13e-16    1.01e+00
   5        -2.7140e-16   1.35e-15          3.3777e-15      2.10e-16    1.19e+00
   5        3.7078e-15   1.36e-15          3.3854e-15      2.08e-16    1.16e+00
   5        8.7387e-16   1.35e-15          3.3273e-15      2.05e-16    1.22e+00
   5        2.3831e-15   1.35e-15          3.3060e-15      2.03e-16    1.20e+00
   5        3.2953e-15   1.36e-15          3.3058e-15      2.01e-16    1.17e+00
   5        1.3752e-15   1.36e-15          3.2646e-15      1.99e-16    1.19e+00
   5        2.2817e-15   1.36e-15          3.2442e-15      1.96e-16    1.17e+00
   5        7.1264e-16   1.37e-15          3.1930e-15      1.94e-16    1.22e+00
   5        8.3435e-16   1.37e-15          3.1462e-15      1.93e-16    1.26e+00
   5        4.4354e-15   1.36e-15          3.1715e-15      1.91e-16    1.25e+00
   5        2.8440e-15   1.37e-15          3.1653e-15      1.89e-16    1.23e+00
   5        1.9882e-15   1.37e-15          3.1433e-15      1.87e-16    1.21e+00
   5        3.4062e-15   1.37e-15          3.1481e-15      1.85e-16    1.19e+00
   5        2.3937e-15   1.35e-15          3.1342e-15      1.84e-16    1.17e+00
   5        4.8821e-15   1.38e-15          3.1648e-15      1.82e-16    1.18e+00
   5        1.4975e-15   1.36e-15          3.1355e-15      1.80e-16    1.19e+00
   5        1.5432e-15   1.35e-15          3.1075e-15      1.79e-16    1.19e+00
   5        2.1478e-15   1.36e-15          3.0912e-15      1.77e-16    1.18e+00
aNNLO+NNLL = (2.3381631e-13 +- 2.0223255e-16) pb

Results:
LO = (1.6630546e-13 +- 1.2421555e-16) pb
NLO = (2.3072506e-13 +- 9.7325388e-17) pb
aNNLO+NNLL = (2.3381631e-13 +- 2.0223255e-16) pb
Thanks for using LHAPDF 6.2.3. Please make sure to cite the paper:
  Eur.Phys.J. C75 (2015) 3, 132  (http://arxiv.org/abs/1412.7420)
 ====================================================
   FF 2.0, a package to evaluate one-loop integrals
 written by G. J. van Oldenborgh, NIKHEF-H, Amsterdam
 ====================================================
 for the algorithms used see preprint NIKHEF-H 89/17,
 'New Algorithms for One-loop Integrals', by G.J. van
 Oldenborgh and J.A.M. Vermaseren, published in 
 Zeitschrift fuer Physik C46(1990)425.
 ====================================================
 
total number of errors and warnings
===================================
fferr: no errors
 
