
  Welcome to Resummino git-latest
  Copyright 2008-2010 Jonathan Debove.
  Copyright 2011-2014 David R. Lamprea.
  Copyright 2011-2016 Marcel Rothering.

  Licensed under the EUPL 1.1 or later.
  See http://www.resummino.org/ for more information.

  If using Resummino for slepton pair production, please cite.
  - G. Bozzi, B. Fuks, M. Klasen, PRD 74, 015001 (2006); NPB 777, 157 (2007); NPB 794, 46 (2007).
  - B. Fuks, M. Klasen, D. R. Lamprea, M. Rothering, EPJC 73, 2480 (2013).

  For gaugino pair production, please cite:
  - J. Debove, B. Fuks, M. Klasen, PLB 688, 208 (2010); NPB 842, 51 (2011); NPB 849, 64 (2011).
  - B. Fuks, M. Klasen, D. R. Lamprea, M. Rothering, JHEP 1210, 081 (2012); EPJC 73, 2480 (2013).

  For associated gaugino gluino production, please cite:
  - B. Fuks, M. Klasen, M. Rothering, JHEP 07:053, (2016).
  - B. Fuks, M. Klasen, D. R. Lamprea, M. Rothering, EPJC 73, 2480 (2013).

LHAPDF 6.2.3 loading /pool/condor/dir_16540/resummino-releases/lhapdf-prefix/share/LHAPDF/PDF4LHC21_40/PDF4LHC21_40_0000.dat
PDF4LHC21_40 PDF set, member #0, version 1
 alpha_s(M_Z^2) = 0.1180 	 for LO PDF set 
 alpha_s(300.000^2) = 0.1001 	 for LO PDF set 

********************
* LO cross section *
********************
The limits of integration are:

xl[0]=0.000000    xu[0]=1.000000
xl[1]=0.000000    xu[1]=1.000000
xl[2]=0.000000    xu[2]=1.000000

num_dim=3, calls=2000, it_num=1, max_it_num=5 verb=0, alph=1.50,
mode=0, bins=50, boxes=1

       single.......iteration                   accumulated......results   
iteration     integral    sigma             integral         sigma     chi-sq/it

   1        1.3405e-11   4.31e-13          1.3405e-11      4.31e-13    0.00e+00
   2        1.3643e-11   1.42e-13          1.3620e-11      1.35e-13    2.75e-01
   3        1.3821e-11   8.13e-14          1.3767e-11      6.96e-14    9.58e-01
   4        1.3631e-11   7.61e-14          1.3705e-11      5.13e-14    1.22e+00
   5        1.3622e-11   7.94e-14          1.3680e-11      4.31e-14    1.11e+00

num_dim=3, calls=20000, it_num=1, max_it_num=5 verb=0, alph=1.50,
mode=0, bins=50, boxes=1

       single.......iteration                   accumulated......results   
iteration     integral    sigma             integral         sigma     chi-sq/it

   1        1.3697e-11   2.42e-14          1.3697e-11      2.42e-14    0.00e+00
   2        1.3704e-11   2.38e-14          1.3700e-11      1.70e-14    3.98e-02
   3        1.3750e-11   2.35e-14          1.3718e-11      1.37e-14    1.50e+00
   4        1.3733e-11   2.46e-14          1.3721e-11      1.20e-14    1.11e+00
   5        1.3676e-11   2.47e-14          1.3713e-11      1.08e-14    1.51e+00
   5        1.3699e-11   2.48e-14          1.3711e-11      9.89e-15    1.25e+00
LO = (1.3710541e-11 +- 9.8926334e-15) pb
LHAPDF 6.2.3 loading /pool/condor/dir_16540/resummino-releases/lhapdf-prefix/share/LHAPDF/PDF4LHC21_40/PDF4LHC21_40_0015.dat
PDF4LHC21_40 PDF set, member #15, version 1
 alpha_s(M_Z^2) = 0.1180 	 for NLO PDF set 
 alpha_s(300.000^2) = 0.1001 	 for NLO PDF set 

********************
* LO cross section *
********************
The limits of integration are:

xl[0]=0.000000    xu[0]=1.000000
xl[1]=0.000000    xu[1]=1.000000
xl[2]=0.000000    xu[2]=1.000000

num_dim=3, calls=2000, it_num=1, max_it_num=5 verb=0, alph=1.50,
mode=0, bins=50, boxes=1

       single.......iteration                   accumulated......results   
iteration     integral    sigma             integral         sigma     chi-sq/it

   1        1.3449e-11   4.29e-13          1.3449e-11      4.29e-13    0.00e+00
   2        1.3695e-11   1.41e-13          1.3671e-11      1.34e-13    2.97e-01
   3        1.3870e-11   8.07e-14          1.3817e-11      6.92e-14    9.53e-01
   4        1.3684e-11   7.55e-14          1.3756e-11      5.10e-14    1.20e+00
   5        1.3669e-11   7.89e-14          1.3731e-11      4.28e-14    1.11e+00

num_dim=3, calls=20000, it_num=1, max_it_num=5 verb=0, alph=1.50,
mode=0, bins=50, boxes=1

       single.......iteration                   accumulated......results   
iteration     integral    sigma             integral         sigma     chi-sq/it

   1        1.3744e-11   2.40e-14          1.3744e-11      2.40e-14    0.00e+00
   2        1.3752e-11   2.36e-14          1.3748e-11      1.68e-14    5.16e-02
   3        1.3800e-11   2.33e-14          1.3766e-11      1.37e-14    1.64e+00
   4        1.3782e-11   2.45e-14          1.3769e-11      1.19e-14    1.21e+00
   5        1.3725e-11   2.45e-14          1.3761e-11      1.07e-14    1.58e+00
   5        1.3749e-11   2.46e-14          1.3759e-11      9.83e-15    1.30e+00
   5        1.3768e-11   2.48e-14          1.3760e-11      9.14e-15    1.10e+00
   5        1.3734e-11   2.50e-14          1.3757e-11      8.58e-15    1.09e+00
   5        1.3730e-11   2.57e-14          1.3754e-11      8.14e-15    1.08e+00
   5        1.3710e-11   2.63e-14          1.3751e-11      7.77e-15    1.25e+00
   5        1.3744e-11   2.75e-14          1.3750e-11      7.48e-15    1.13e+00
   5        1.3742e-11   2.77e-14          1.3749e-11      7.22e-15    1.03e+00
   5        1.3776e-11   2.92e-14          1.3751e-11      7.01e-15    1.01e+00
   5        1.3740e-11   3.04e-14          1.3750e-11      6.83e-15    9.41e-01
   5        1.3755e-11   3.24e-14          1.3751e-11      6.68e-15    8.75e-01
   5        1.3727e-11   3.33e-14          1.3750e-11      6.55e-15    8.50e-01
   5        1.3730e-11   3.36e-14          1.3749e-11      6.43e-15    8.17e-01
   5        1.3775e-11   3.45e-14          1.3750e-11      6.32e-15    8.02e-01
   5        1.3796e-11   3.66e-14          1.3751e-11      6.23e-15    8.44e-01
   5        1.3808e-11   3.62e-14          1.3753e-11      6.14e-15    9.26e-01
   5        1.3721e-11   3.69e-14          1.3752e-11      6.06e-15    9.15e-01
   5        1.3764e-11   3.83e-14          1.3752e-11      5.98e-15    8.76e-01
   5        1.3773e-11   3.95e-14          1.3753e-11      5.91e-15    8.49e-01
   5        1.3732e-11   4.05e-14          1.3752e-11      5.85e-15    8.23e-01
   5        1.3821e-11   4.16e-14          1.3754e-11      5.80e-15    9.00e-01
   5        1.3732e-11   4.12e-14          1.3753e-11      5.74e-15    8.75e-01
   5        1.3849e-11   4.21e-14          1.3755e-11      5.69e-15    1.04e+00
   5        1.3769e-11   4.10e-14          1.3755e-11      5.63e-15    1.00e+00
   5        1.3753e-11   4.22e-14          1.3755e-11      5.58e-15    9.67e-01
   5        1.3793e-11   4.45e-14          1.3756e-11      5.54e-15    9.58e-01
   5        1.3719e-11   4.28e-14          1.3755e-11      5.49e-15    9.50e-01
   5        1.3758e-11   4.35e-14          1.3755e-11      5.45e-15    9.20e-01
   5        1.3824e-11   4.31e-14          1.3756e-11      5.41e-15    9.69e-01
   5        1.3705e-11   4.50e-14          1.3756e-11      5.37e-15    9.79e-01
   5        1.3681e-11   4.60e-14          1.3755e-11      5.33e-15    1.03e+00
   5        1.3798e-11   4.68e-14          1.3755e-11      5.30e-15    1.02e+00
   5        1.3649e-11   4.57e-14          1.3754e-11      5.26e-15    1.14e+00
   5        1.3720e-11   4.80e-14          1.3753e-11      5.23e-15    1.12e+00
   5        1.3794e-11   4.62e-14          1.3754e-11      5.20e-15    1.11e+00
   5        1.3778e-11   4.60e-14          1.3754e-11      5.17e-15    1.09e+00
   5        1.3790e-11   4.73e-14          1.3755e-11      5.14e-15    1.08e+00
   5        1.3760e-11   4.74e-14          1.3755e-11      5.11e-15    1.05e+00
   5        1.3832e-11   4.85e-14          1.3755e-11      5.08e-15    1.09e+00
   5        1.3792e-11   4.88e-14          1.3756e-11      5.05e-15    1.08e+00
   5        1.3694e-11   4.93e-14          1.3755e-11      5.02e-15    1.09e+00
   5        1.3742e-11   5.07e-14          1.3755e-11      5.00e-15    1.06e+00
   5        1.3805e-11   5.17e-14          1.3756e-11      4.98e-15    1.06e+00
   5        1.3613e-11   4.96e-14          1.3754e-11      4.95e-15    1.21e+00
   5        1.3854e-11   5.05e-14          1.3755e-11      4.93e-15    1.27e+00
   5        1.3837e-11   4.98e-14          1.3756e-11      4.90e-15    1.30e+00
   5        1.3752e-11   4.83e-14          1.3756e-11      4.88e-15    1.27e+00
   5        1.3676e-11   4.94e-14          1.3755e-11      4.86e-15    1.30e+00
   5        1.3775e-11   5.07e-14          1.3755e-11      4.83e-15    1.28e+00
   5        1.3714e-11   5.17e-14          1.3755e-11      4.81e-15    1.26e+00
   5        1.3877e-11   5.04e-14          1.3756e-11      4.79e-15    1.35e+00
LO = (1.3755994e-11 +- 4.7901531e-15) pb

*******************************************
* virtual corrections + integrated dipole *
*******************************************
The limits of integration are:

xl[0]=0.000000    xu[0]=1.000000
xl[1]=0.000000    xu[1]=1.000000
xl[2]=0.000000    xu[2]=1.000000

num_dim=3, calls=240, it_num=1, max_it_num=5 verb=0, alph=1.50,
mode=0, bins=50, boxes=1

       single.......iteration                   accumulated......results   
iteration     integral    sigma             integral         sigma     chi-sq/it

   1        1.9335e-12   1.90e-13          1.9335e-12      1.90e-13    0.00e+00
   2        1.8566e-12   7.40e-14          1.8667e-12      6.90e-14    1.42e-01
   3        2.0273e-12   5.13e-14          1.9701e-12      4.12e-14    1.81e+00
   4        2.0587e-12   4.25e-14          2.0130e-12      2.96e-14    1.96e+00
   5        2.1416e-12   4.87e-14          2.0476e-12      2.53e-14    2.74e+00

num_dim=3, calls=1200, it_num=1, max_it_num=3 verb=0, alph=1.50,
mode=0, bins=50, boxes=1

       single.......iteration                   accumulated......results   
iteration     integral    sigma             integral         sigma     chi-sq/it

   1        2.0023e-12   2.00e-14          2.0023e-12      2.00e-14    0.00e+00
   2        2.0560e-12   1.73e-14          2.0330e-12      1.31e-14    4.15e+00
   3        2.0355e-12   1.55e-14          2.0341e-12      1.00e-14    2.08e+00
   3        2.0817e-12   1.59e-14          2.0476e-12      8.46e-15    3.54e+00
   3        2.0220e-12   1.56e-14          2.0418e-12      7.43e-15    3.17e+00
   3        2.0472e-12   1.56e-14          2.0428e-12      6.71e-15    2.56e+00
   3        2.0266e-12   1.67e-14          2.0405e-12      6.23e-15    2.27e+00
   3        2.0591e-12   1.56e-14          2.0431e-12      5.78e-15    2.12e+00
   3        2.0529e-12   1.53e-14          2.0443e-12      5.41e-15    1.90e+00
   3        2.0484e-12   1.56e-14          2.0447e-12      5.11e-15    1.69e+00
   3        2.0328e-12   1.59e-14          2.0436e-12      4.87e-15    1.58e+00
   3        2.0413e-12   1.64e-14          2.0434e-12      4.67e-15    1.43e+00
   3        2.0562e-12   1.56e-14          2.0445e-12      4.47e-15    1.37e+00
vNLO = (2.0444928e-12 +- 4.4702675e-15) pb

*****************************
* collinear remainder (P+K) *
*****************************
The limits of integration are:

xl[0]=0.000000    xu[0]=1.000000
xl[1]=0.000000    xu[1]=1.000000
xl[2]=0.000000    xu[2]=1.000000
xl[3]=0.000000    xu[3]=1.000000

num_dim=4, calls=2500, it_num=1, max_it_num=5 verb=0, alph=1.50,
mode=0, bins=50, boxes=1

       single.......iteration                   accumulated......results   
iteration     integral    sigma             integral         sigma     chi-sq/it

   1        4.9028e-13   1.14e-13          4.9028e-13      1.14e-13    0.00e+00
   2        3.8009e-13   5.84e-14          4.0292e-13      5.20e-14    7.38e-01
   3        4.0445e-13   4.78e-14          4.0375e-13      3.52e-14    3.69e-01
   4        4.2453e-13   4.79e-14          4.1103e-13      2.84e-14    2.87e-01
   5        3.6969e-13   4.80e-14          4.0034e-13      2.44e-14    3.53e-01

num_dim=4, calls=25000, it_num=1, max_it_num=3 verb=0, alph=1.50,
mode=0, bins=50, boxes=1

       single.......iteration                   accumulated......results   
iteration     integral    sigma             integral         sigma     chi-sq/it

   1        3.9976e-13   1.50e-14          3.9976e-13      1.50e-14    0.00e+00
   2        3.8575e-13   1.50e-14          3.9273e-13      1.06e-14    4.36e-01
   3        3.9925e-13   1.50e-14          3.9491e-13      8.65e-15    2.82e-01
   3        3.9681e-13   1.50e-14          3.9539e-13      7.49e-15    1.92e-01
   3        4.0214e-13   1.51e-14          3.9672e-13      6.71e-15    1.84e-01
   3        3.9461e-13   1.50e-14          3.9637e-13      6.13e-15    1.50e-01
   3        4.0787e-13   1.49e-14          3.9802e-13      5.67e-15    2.10e-01
   3        3.7592e-13   1.50e-14          3.9526e-13      5.30e-15    4.52e-01
   3        3.9682e-13   1.51e-14          3.9543e-13      5.00e-15    3.97e-01
   3        3.9236e-13   1.51e-14          3.9513e-13      4.75e-15    3.57e-01
   3        3.8019e-13   1.51e-14          3.9378e-13      4.53e-15    4.10e-01
   3        4.0795e-13   1.51e-14          3.9494e-13      4.34e-15    4.46e-01
   3        4.1895e-13   1.51e-14          3.9677e-13      4.17e-15    6.03e-01
P+K = (3.9676782e-13 +- 4.1715102e-15) pb

********************************
* real gluon emission - dipole *
********************************
The limits of integration are:

xl[0]=0.000000    xu[0]=1.000000
xl[1]=0.000000    xu[1]=1.000000
xl[2]=0.000000    xu[2]=1.000000
xl[3]=0.000000    xu[3]=1.000000
xl[4]=0.000000    xu[4]=1.000000
xl[5]=0.000000    xu[5]=1.000000

num_dim=6, calls=250, it_num=1, max_it_num=5 verb=0, alph=1.50,
mode=0, bins=50, boxes=1

       single.......iteration                   accumulated......results   
iteration     integral    sigma             integral         sigma     chi-sq/it

   1        -6.8017e-14   1.82e-14          -6.8017e-14      1.82e-14    0.00e+00
   2        -6.7646e-14   1.19e-14          -6.7757e-14      9.97e-15    2.90e-04
   3        -7.3803e-14   1.33e-14          -6.9926e-14      7.98e-15    6.61e-02
   4        -5.3363e-14   5.56e-15          -5.8776e-14      4.56e-15    1.01e+00
   5        -7.1354e-14   5.99e-15          -6.3393e-14      3.63e-15    1.45e+00

num_dim=6, calls=2500, it_num=1, max_it_num=3 verb=0, alph=1.50,
mode=0, bins=50, boxes=1

       single.......iteration                   accumulated......results   
iteration     integral    sigma             integral         sigma     chi-sq/it

   1        -6.4186e-14   1.74e-15          -6.4186e-14      1.74e-15    0.00e+00
   2        -6.1047e-14   9.56e-16          -6.1777e-14      8.38e-16    2.51e+00
   3        -6.3537e-14   1.08e-15          -6.2441e-14      6.61e-16    2.09e+00
   3        -6.2250e-14   9.95e-16          -6.2383e-14      5.51e-16    1.40e+00
rNLOg = (-6.2382608e-14 +- 5.5070526e-16) pb

**************************************************
* real light quark emission - dipole - (onshell) *
**************************************************
The limits of integration are:

xl[0]=0.000000    xu[0]=1.000000
xl[1]=0.000000    xu[1]=1.000000
xl[2]=0.000000    xu[2]=1.000000
xl[3]=0.000000    xu[3]=1.000000
xl[4]=0.000000    xu[4]=1.000000
xl[5]=0.000000    xu[5]=1.000000

num_dim=6, calls=5000, it_num=1, max_it_num=5 verb=0, alph=1.50,
mode=0, bins=50, boxes=1

       single.......iteration                   accumulated......results   
iteration     integral    sigma             integral         sigma     chi-sq/it

   1        1.4356e-13   1.10e-14          1.4356e-13      1.10e-14    0.00e+00
   2        1.4916e-13   3.43e-15          1.4866e-13      3.28e-15    2.38e-01
   3        1.4429e-13   1.83e-15          1.4533e-13      1.60e-15    7.98e-01
   4        1.4297e-13   1.51e-15          1.4409e-13      1.10e-15    9.13e-01
   5        1.4473e-13   1.40e-15          1.4433e-13      8.64e-16    7.17e-01

num_dim=6, calls=50000, it_num=1, max_it_num=5 verb=0, alph=1.50,
mode=0, bins=50, boxes=1

       single.......iteration                   accumulated......results   
iteration     integral    sigma             integral         sigma     chi-sq/it

   1        1.4414e-13   4.31e-16          1.4414e-13      4.31e-16    0.00e+00
   2        1.4497e-13   4.48e-16          1.4454e-13      3.10e-16    1.78e+00
   3        1.4573e-13   4.93e-16          1.4488e-13      2.63e-16    2.98e+00
   4        1.4488e-13   4.79e-16          1.4488e-13      2.30e-16    1.99e+00
   5        1.4499e-13   4.85e-16          1.4490e-13      2.08e-16    1.50e+00
   5        1.4470e-13   4.38e-16          1.4486e-13      1.88e-16    1.24e+00
rNLOq = (1.4486307e-13 +- 1.8794372e-16) pb
NLO = (1.6279735e-11 +- 7.7890279e-15) pb
#chisq/dof = 4.88494e-08
#status = success
#chisq/dof = 1.57842e-08
#status = success
#chisq/dof = 1.37558e-09
#status = success
#chisq/dof = 5.21537e-09
#status = success
#chisq/dof = 2.7952e-10
#status = success
#chisq/dof = 3.82462e-11
#status = success
#chisq/dof = 7.9742e-10
#status = success
#chisq/dof = 2.03707e-10
#status = success

*******************************************************
* threshold resummation (unimproved nnll) - expansion *
*******************************************************
The limits of integration are:

xl[0]=0.000000    xu[0]=1.000000
xl[1]=0.000000    xu[1]=1.000000
xl[2]=0.000000    xu[2]=1.000000

num_dim=3, calls=7000, it_num=1, max_it_num=5 verb=0, alph=1.50,
mode=0, bins=50, boxes=1

       single.......iteration                   accumulated......results   
iteration     integral    sigma             integral         sigma     chi-sq/it

   1        2.7384e-12   2.05e-12          2.7384e-12      2.05e-12    0.00e+00
   2        -1.9445e-13   5.26e-13          -1.4079e-14      5.10e-13    1.91e+00
   3        4.3650e-13   4.54e-13          2.3718e-13      3.39e-13    1.17e+00
   4        -1.0015e-12   4.49e-13          -2.1284e-13      2.70e-13    2.40e+00
   5        -1.0204e-13   4.55e-13          -1.8390e-13      2.32e-13    1.81e+00

num_dim=3, calls=35000, it_num=1, max_it_num=5 verb=0, alph=1.50,
mode=0, bins=50, boxes=1

       single.......iteration                   accumulated......results   
iteration     integral    sigma             integral         sigma     chi-sq/it

   1        -6.4518e-14   2.01e-13          -6.4518e-14      2.01e-13    0.00e+00
   2        -5.2527e-13   2.01e-13          -2.9490e-13      1.42e-13    2.62e+00
   3        -4.0745e-13   2.02e-13          -3.3236e-13      1.16e-13    1.41e+00
   4        -5.0278e-13   2.01e-13          -3.7507e-13      1.01e-13    1.12e+00
   5        6.3047e-14   2.00e-13          -2.8643e-13      8.99e-14    1.80e+00
   5        -1.1873e-13   2.01e-13          -2.5850e-13      8.21e-14    1.56e+00
   5        -3.6362e-13   2.02e-13          -2.7344e-13      7.60e-14    1.34e+00
   5        -9.1643e-15   2.01e-13          -2.4025e-13      7.11e-14    1.36e+00
   5        -1.6983e-13   2.01e-13          -2.3242e-13      6.70e-14    1.20e+00
   5        -2.1496e-13   2.01e-13          -2.3068e-13      6.36e-14    1.07e+00
   5        -6.2214e-14   2.01e-13          -2.1538e-13      6.06e-14    1.03e+00
   5        -3.1327e-14   2.02e-13          -2.0018e-13      5.81e-14    1.00e+00
   5        -2.9866e-13   2.03e-13          -2.0765e-13      5.58e-14    9.39e-01
   5        -2.2697e-13   2.02e-13          -2.0902e-13      5.38e-14    8.67e-01
   5        -4.0309e-14   2.03e-13          -1.9796e-13      5.20e-14    8.51e-01
   5        -4.6822e-13   2.02e-13          -2.1482e-13      5.04e-14    9.07e-01
   5        3.3127e-14   2.03e-13          -2.0046e-13      4.89e-14    9.38e-01
   5        1.4195e-13   2.03e-13          -1.8168e-13      4.75e-14    1.04e+00
   5        -4.4764e-13   2.03e-13          -1.9549e-13      4.63e-14    1.07e+00
   5        -4.9401e-13   2.05e-13          -2.1000e-13      4.51e-14    1.12e+00
   5        -3.4688e-14   2.03e-13          -2.0176e-13      4.41e-14    1.10e+00
   5        -9.6600e-14   2.06e-13          -1.9716e-13      4.31e-14    1.06e+00
   5        -3.0082e-14   2.05e-13          -1.9009e-13      4.22e-14    1.04e+00
   5        -3.3521e-14   2.05e-13          -1.8375e-13      4.13e-14    1.02e+00
   5        -1.4067e-13   2.05e-13          -1.8207e-13      4.05e-14    9.81e-01
   5        -3.9346e-13   2.06e-13          -1.8996e-13      3.97e-14    9.82e-01
   5        -2.0731e-13   2.05e-13          -1.9059e-13      3.90e-14    9.45e-01
   5        -3.8610e-13   2.07e-13          -1.9728e-13      3.83e-14    9.42e-01
   5        -3.6241e-13   2.07e-13          -2.0277e-13      3.77e-14    9.30e-01
   5        -6.9056e-14   2.07e-13          -1.9846e-13      3.71e-14    9.12e-01
   5        -1.6528e-13   2.06e-13          -1.9742e-13      3.65e-14    8.82e-01
   5        -5.5740e-13   2.08e-13          -2.0815e-13      3.59e-14    9.47e-01
   5        -8.9201e-14   2.08e-13          -2.0471e-13      3.54e-14    9.28e-01
   5        -1.5221e-13   2.09e-13          -2.0325e-13      3.49e-14    9.01e-01
   5        -3.2437e-13   2.09e-13          -2.0655e-13      3.44e-14    8.85e-01
   5        -4.2859e-13   2.09e-13          -2.1245e-13      3.40e-14    8.91e-01
   5        -1.0030e-13   2.10e-13          -2.0958e-13      3.35e-14    8.74e-01
   5        1.0539e-13   2.10e-13          -2.0174e-13      3.31e-14    9.10e-01
   5        -3.5925e-13   2.10e-13          -2.0557e-13      3.27e-14    9.00e-01
   5        8.5544e-14   2.12e-13          -1.9881e-13      3.23e-14    9.24e-01
   5        -3.3395e-14   2.13e-13          -1.9509e-13      3.20e-14    9.16e-01
   5        5.5858e-14   2.14e-13          -1.8963e-13      3.16e-14    9.26e-01
   5        5.7278e-14   2.13e-13          -1.8430e-13      3.13e-14    9.35e-01
   5        2.9717e-13   2.14e-13          -1.7427e-13      3.10e-14    1.03e+00
   5        -1.4414e-13   2.15e-13          -1.7365e-13      3.06e-14    1.01e+00
   5        1.1229e-13   2.13e-13          -1.6785e-13      3.03e-14    1.02e+00
   5        -5.1335e-13   2.14e-13          -1.7464e-13      3.00e-14    1.06e+00
   5        -2.4448e-13   2.14e-13          -1.7599e-13      2.97e-14    1.04e+00
   5        -3.7613e-14   2.16e-13          -1.7343e-13      2.95e-14    1.02e+00
   5        1.4960e-14   2.15e-13          -1.6994e-13      2.92e-14    1.02e+00
   5        -7.9922e-14   2.16e-13          -1.6833e-13      2.89e-14    1.00e+00
   5        -1.5693e-13   2.15e-13          -1.6813e-13      2.87e-14    9.80e-01
   5        -2.0613e-13   2.16e-13          -1.6879e-13      2.84e-14    9.62e-01
   5        -3.0164e-14   2.16e-13          -1.6643e-13      2.82e-14    9.52e-01
   5        -1.0659e-13   2.17e-13          -1.6544e-13      2.79e-14    9.35e-01
aNNLO+NNLL = (1.6114297e-11 +- 2.9001073e-14) pb

Results:
LO = (1.3710541e-11 +- 9.8926334e-15) pb
NLO = (1.6279735e-11 +- 7.7890279e-15) pb
aNNLO+NNLL = (1.6114297e-11 +- 2.9001073e-14) pb
Thanks for using LHAPDF 6.2.3. Please make sure to cite the paper:
  Eur.Phys.J. C75 (2015) 3, 132  (http://arxiv.org/abs/1412.7420)
 ====================================================
   FF 2.0, a package to evaluate one-loop integrals
 written by G. J. van Oldenborgh, NIKHEF-H, Amsterdam
 ====================================================
 for the algorithms used see preprint NIKHEF-H 89/17,
 'New Algorithms for One-loop Integrals', by G.J. van
 Oldenborgh and J.A.M. Vermaseren, published in 
 Zeitschrift fuer Physik C46(1990)425.
 ====================================================
 
total number of errors and warnings
===================================
fferr: no errors
 
