
  Welcome to Resummino git-latest
  Copyright 2008-2010 Jonathan Debove.
  Copyright 2011-2014 David R. Lamprea.
  Copyright 2011-2016 Marcel Rothering.

  Licensed under the EUPL 1.1 or later.
  See http://www.resummino.org/ for more information.

  If using Resummino for slepton pair production, please cite.
  - G. Bozzi, B. Fuks, M. Klasen, PRD 74, 015001 (2006); NPB 777, 157 (2007); NPB 794, 46 (2007).
  - B. Fuks, M. Klasen, D. R. Lamprea, M. Rothering, EPJC 73, 2480 (2013).

  For gaugino pair production, please cite:
  - J. Debove, B. Fuks, M. Klasen, PLB 688, 208 (2010); NPB 842, 51 (2011); NPB 849, 64 (2011).
  - B. Fuks, M. Klasen, D. R. Lamprea, M. Rothering, JHEP 1210, 081 (2012); EPJC 73, 2480 (2013).

  For associated gaugino gluino production, please cite:
  - B. Fuks, M. Klasen, M. Rothering, JHEP 07:053, (2016).
  - B. Fuks, M. Klasen, D. R. Lamprea, M. Rothering, EPJC 73, 2480 (2013).

LHAPDF 6.2.3 loading /pool/condor/dir_63592/resummino-releases/lhapdf-prefix/share/LHAPDF/PDF4LHC21_40/PDF4LHC21_40_0000.dat
PDF4LHC21_40 PDF set, member #0, version 1
 alpha_s(M_Z^2) = 0.1180 	 for LO PDF set 
 alpha_s(200.000^2) = 0.1055 	 for LO PDF set 

********************
* LO cross section *
********************
The limits of integration are:

xl[0]=0.000000    xu[0]=1.000000
xl[1]=0.000000    xu[1]=1.000000
xl[2]=0.000000    xu[2]=1.000000

num_dim=3, calls=2000, it_num=1, max_it_num=5 verb=0, alph=1.50,
mode=0, bins=50, boxes=1

       single.......iteration                   accumulated......results   
iteration     integral    sigma             integral         sigma     chi-sq/it

   1        1.9185e-11   6.28e-13          1.9185e-11      6.28e-13    0.00e+00
   2        1.9470e-11   2.07e-13          1.9442e-11      1.96e-13    1.85e-01
   3        1.9793e-11   1.19e-13          1.9699e-11      1.02e-13    1.26e+00
   4        1.9499e-11   1.10e-13          1.9607e-11      7.49e-14    1.42e+00
   5        1.9485e-11   1.15e-13          1.9571e-11      6.27e-14    1.26e+00

num_dim=3, calls=20000, it_num=1, max_it_num=5 verb=0, alph=1.50,
mode=0, bins=50, boxes=1

       single.......iteration                   accumulated......results   
iteration     integral    sigma             integral         sigma     chi-sq/it

   1        1.9589e-11   3.50e-14          1.9589e-11      3.50e-14    0.00e+00
   2        1.9596e-11   3.46e-14          1.9593e-11      2.46e-14    2.14e-02
   3        1.9671e-11   3.41e-14          1.9620e-11      2.00e-14    1.73e+00
   4        1.9644e-11   3.56e-14          1.9625e-11      1.74e-14    1.27e+00
   5        1.9561e-11   3.57e-14          1.9613e-11      1.56e-14    1.60e+00
   5        1.9596e-11   3.58e-14          1.9610e-11      1.43e-14    1.32e+00
   5        1.9624e-11   3.62e-14          1.9612e-11      1.33e-14    1.12e+00
   5        1.9577e-11   3.65e-14          1.9608e-11      1.25e-14    1.07e+00
   5        1.9565e-11   3.75e-14          1.9604e-11      1.19e-14    1.09e+00
   5        1.9530e-11   3.84e-14          1.9597e-11      1.13e-14    1.34e+00
   5        1.9589e-11   4.01e-14          1.9597e-11      1.09e-14    1.21e+00
   5        1.9585e-11   4.02e-14          1.9596e-11      1.05e-14    1.11e+00
   5        1.9636e-11   4.22e-14          1.9598e-11      1.02e-14    1.09e+00
   5        1.9589e-11   4.40e-14          1.9598e-11      9.96e-15    1.01e+00
LO = (1.9597663e-11 +- 9.9566038e-15) pb
LHAPDF 6.2.3 loading /pool/condor/dir_63592/resummino-releases/lhapdf-prefix/share/LHAPDF/PDF4LHC21_40/PDF4LHC21_40_0039.dat
PDF4LHC21_40 PDF set, member #39, version 1
 alpha_s(M_Z^2) = 0.1180 	 for NLO PDF set 
 alpha_s(200.000^2) = 0.1055 	 for NLO PDF set 

********************
* LO cross section *
********************
The limits of integration are:

xl[0]=0.000000    xu[0]=1.000000
xl[1]=0.000000    xu[1]=1.000000
xl[2]=0.000000    xu[2]=1.000000

num_dim=3, calls=2000, it_num=1, max_it_num=5 verb=0, alph=1.50,
mode=0, bins=50, boxes=1

       single.......iteration                   accumulated......results   
iteration     integral    sigma             integral         sigma     chi-sq/it

   1        1.9184e-11   6.29e-13          1.9184e-11      6.29e-13    0.00e+00
   2        1.9467e-11   2.07e-13          1.9439e-11      1.97e-13    1.82e-01
   3        1.9789e-11   1.20e-13          1.9695e-11      1.02e-13    1.25e+00
   4        1.9496e-11   1.10e-13          1.9603e-11      7.50e-14    1.42e+00
   5        1.9483e-11   1.15e-13          1.9567e-11      6.28e-14    1.25e+00

num_dim=3, calls=20000, it_num=1, max_it_num=5 verb=0, alph=1.50,
mode=0, bins=50, boxes=1

       single.......iteration                   accumulated......results   
iteration     integral    sigma             integral         sigma     chi-sq/it

   1        1.9587e-11   3.51e-14          1.9587e-11      3.51e-14    0.00e+00
   2        1.9594e-11   3.47e-14          1.9591e-11      2.47e-14    1.78e-02
   3        1.9668e-11   3.41e-14          1.9617e-11      2.00e-14    1.68e+00
   4        1.9641e-11   3.57e-14          1.9623e-11      1.74e-14    1.24e+00
   5        1.9558e-11   3.57e-14          1.9610e-11      1.57e-14    1.58e+00
   5        1.9593e-11   3.58e-14          1.9608e-11      1.44e-14    1.31e+00
   5        1.9621e-11   3.63e-14          1.9609e-11      1.33e-14    1.11e+00
   5        1.9574e-11   3.65e-14          1.9605e-11      1.25e-14    1.07e+00
   5        1.9562e-11   3.75e-14          1.9601e-11      1.19e-14    1.08e+00
   5        1.9526e-11   3.85e-14          1.9594e-11      1.14e-14    1.35e+00
   5        1.9587e-11   4.01e-14          1.9594e-11      1.09e-14    1.22e+00
   5        1.9582e-11   4.03e-14          1.9593e-11      1.05e-14    1.11e+00
   5        1.9634e-11   4.23e-14          1.9595e-11      1.02e-14    1.09e+00
   5        1.9587e-11   4.41e-14          1.9595e-11      9.97e-15    1.01e+00
   5        1.9598e-11   4.68e-14          1.9595e-11      9.75e-15    9.40e-01
   5        1.9559e-11   4.80e-14          1.9594e-11      9.56e-15    9.14e-01
   5        1.9574e-11   4.86e-14          1.9593e-11      9.38e-15    8.66e-01
   5        1.9637e-11   4.99e-14          1.9595e-11      9.22e-15    8.60e-01
   5        1.9672e-11   5.27e-14          1.9597e-11      9.08e-15    9.27e-01
   5        1.9683e-11   5.27e-14          1.9599e-11      8.95e-15    1.02e+00
   5        1.9552e-11   5.35e-14          1.9598e-11      8.82e-15    1.00e+00
   5        1.9620e-11   5.58e-14          1.9599e-11      8.72e-15    9.62e-01
   5        1.9630e-11   5.74e-14          1.9599e-11      8.62e-15    9.32e-01
   5        1.9556e-11   5.77e-14          1.9598e-11      8.52e-15    9.15e-01
   5        1.9699e-11   5.92e-14          1.9600e-11      8.44e-15    9.95e-01
   5        1.9573e-11   5.83e-14          1.9600e-11      8.35e-15    9.64e-01
   5        1.9718e-11   5.94e-14          1.9602e-11      8.27e-15    1.08e+00
   5        1.9632e-11   5.82e-14          1.9603e-11      8.19e-15    1.05e+00
   5        1.9594e-11   6.00e-14          1.9603e-11      8.11e-15    1.01e+00
   5        1.9664e-11   6.35e-14          1.9604e-11      8.04e-15    1.01e+00
   5        1.9550e-11   6.04e-14          1.9603e-11      7.97e-15    9.99e-01
   5        1.9613e-11   6.13e-14          1.9603e-11      7.91e-15    9.67e-01
   5        1.9710e-11   6.15e-14          1.9605e-11      7.84e-15    1.03e+00
   5        1.9533e-11   6.40e-14          1.9603e-11      7.78e-15    1.04e+00
   5        1.9513e-11   6.57e-14          1.9602e-11      7.73e-15    1.06e+00
   5        1.9665e-11   6.58e-14          1.9603e-11      7.68e-15    1.06e+00
   5        1.9463e-11   6.50e-14          1.9601e-11      7.62e-15    1.16e+00
   5        1.9561e-11   6.83e-14          1.9601e-11      7.58e-15    1.13e+00
   5        1.9658e-11   6.48e-14          1.9601e-11      7.53e-15    1.12e+00
   5        1.9625e-11   6.46e-14          1.9602e-11      7.48e-15    1.10e+00
   5        1.9653e-11   6.64e-14          1.9602e-11      7.43e-15    1.09e+00
   5        1.9624e-11   6.77e-14          1.9603e-11      7.38e-15    1.06e+00
   5        1.9689e-11   6.91e-14          1.9604e-11      7.34e-15    1.07e+00
   5        1.9638e-11   7.00e-14          1.9604e-11      7.30e-15    1.05e+00
   5        1.9530e-11   7.08e-14          1.9603e-11      7.26e-15    1.05e+00
   5        1.9596e-11   7.36e-14          1.9603e-11      7.23e-15    1.03e+00
   5        1.9657e-11   7.31e-14          1.9604e-11      7.19e-15    1.02e+00
   5        1.9371e-11   7.00e-14          1.9601e-11      7.16e-15    1.23e+00
   5        1.9731e-11   7.06e-14          1.9603e-11      7.12e-15    1.28e+00
   5        1.9716e-11   7.17e-14          1.9604e-11      7.09e-15    1.30e+00
   5        1.9598e-11   6.99e-14          1.9604e-11      7.05e-15    1.27e+00
   5        1.9495e-11   7.05e-14          1.9603e-11      7.01e-15    1.30e+00
   5        1.9641e-11   7.30e-14          1.9603e-11      6.98e-15    1.28e+00
   5        1.9527e-11   7.46e-14          1.9602e-11      6.95e-15    1.27e+00
   5        1.9762e-11   7.26e-14          1.9604e-11      6.92e-15    1.34e+00
LO = (1.9603653e-11 +- 6.9198062e-15) pb

*******************************************
* virtual corrections + integrated dipole *
*******************************************
The limits of integration are:

xl[0]=0.000000    xu[0]=1.000000
xl[1]=0.000000    xu[1]=1.000000
xl[2]=0.000000    xu[2]=1.000000

num_dim=3, calls=240, it_num=1, max_it_num=5 verb=0, alph=1.50,
mode=0, bins=50, boxes=1

       single.......iteration                   accumulated......results   
iteration     integral    sigma             integral         sigma     chi-sq/it

   1        2.9031e-12   2.93e-13          2.9031e-12      2.93e-13    0.00e+00
   2        2.7851e-12   1.09e-13          2.7993e-12      1.02e-13    1.43e-01
   3        3.0555e-12   7.75e-14          2.9616e-12      6.16e-14    2.08e+00
   4        3.0710e-12   6.53e-14          3.0131e-12      4.48e-14    1.88e+00
   5        3.2151e-12   7.33e-14          3.0681e-12      3.83e-14    2.79e+00

num_dim=3, calls=1200, it_num=1, max_it_num=3 verb=0, alph=1.50,
mode=0, bins=50, boxes=1

       single.......iteration                   accumulated......results   
iteration     integral    sigma             integral         sigma     chi-sq/it

   1        3.0083e-12   3.06e-14          3.0083e-12      3.06e-14    0.00e+00
   2        3.0851e-12   2.65e-14          3.0522e-12      2.00e-14    3.60e+00
   3        3.0599e-12   2.40e-14          3.0554e-12      1.54e-14    1.83e+00
   3        3.1314e-12   2.51e-14          3.0761e-12      1.31e-14    3.44e+00
   3        3.0390e-12   2.42e-14          3.0677e-12      1.15e-14    3.04e+00
   3        3.0743e-12   2.41e-14          3.0689e-12      1.04e-14    2.44e+00
   3        3.0435e-12   2.56e-14          3.0653e-12      9.64e-15    2.18e+00
   3        3.0954e-12   2.38e-14          3.0695e-12      8.93e-15    2.06e+00
   3        3.0766e-12   2.32e-14          3.0704e-12      8.33e-15    1.81e+00
   3        3.0765e-12   2.39e-14          3.0711e-12      7.87e-15    1.62e+00
   3        3.0486e-12   2.43e-14          3.0690e-12      7.49e-15    1.53e+00
   3        3.0681e-12   2.52e-14          3.0689e-12      7.18e-15    1.40e+00
   3        3.0904e-12   2.38e-14          3.0707e-12      6.87e-15    1.34e+00
   3        3.0800e-12   2.48e-14          3.0714e-12      6.62e-15    1.25e+00
   3        3.0872e-12   2.56e-14          3.0724e-12      6.41e-15    1.19e+00
vNLO = (3.0723518e-12 +- 6.4109977e-15) pb

*****************************
* collinear remainder (P+K) *
*****************************
The limits of integration are:

xl[0]=0.000000    xu[0]=1.000000
xl[1]=0.000000    xu[1]=1.000000
xl[2]=0.000000    xu[2]=1.000000
xl[3]=0.000000    xu[3]=1.000000

num_dim=4, calls=2500, it_num=1, max_it_num=5 verb=0, alph=1.50,
mode=0, bins=50, boxes=1

       single.......iteration                   accumulated......results   
iteration     integral    sigma             integral         sigma     chi-sq/it

   1        5.1732e-13   1.98e-13          5.1732e-13      1.98e-13    0.00e+00
   2        3.1235e-13   1.01e-13          3.5441e-13      8.98e-14    8.49e-01
   3        2.9100e-13   8.42e-14          3.2066e-13      6.14e-14    5.57e-01
   4        2.1896e-13   8.23e-14          2.8427e-13      4.92e-14    6.98e-01
   5        1.7495e-13   8.31e-14          2.5588e-13      4.24e-14    8.44e-01

num_dim=4, calls=25000, it_num=1, max_it_num=3 verb=0, alph=1.50,
mode=0, bins=50, boxes=1

       single.......iteration                   accumulated......results   
iteration     integral    sigma             integral         sigma     chi-sq/it

   1        2.0704e-13   2.62e-14          2.0704e-13      2.62e-14    0.00e+00
   2        1.8808e-13   2.63e-14          1.9758e-13      1.86e-14    2.61e-01
   3        2.1332e-13   2.60e-14          2.0288e-13      1.51e-14    2.51e-01
   3        2.0251e-13   2.62e-14          2.0279e-13      1.31e-14    1.68e-01
   3        2.2806e-13   2.63e-14          2.0780e-13      1.17e-14    3.11e-01
   3        2.1808e-13   2.62e-14          2.0952e-13      1.07e-14    2.74e-01
   3        2.2762e-13   2.62e-14          2.1211e-13      9.90e-15    2.97e-01
   3        1.7338e-13   2.62e-14          2.0728e-13      9.26e-15    5.27e-01
   3        1.7885e-13   2.63e-14          2.0414e-13      8.74e-15    5.91e-01
   3        2.0745e-13   2.63e-14          2.0447e-13      8.29e-15    5.27e-01
   3        1.9559e-13   2.63e-14          2.0366e-13      7.91e-15    4.85e-01
   3        2.2449e-13   2.63e-14          2.0539e-13      7.57e-15    4.93e-01
   3        2.2022e-13   2.63e-14          2.0652e-13      7.28e-15    4.76e-01
   3        1.8577e-13   2.64e-14          2.0506e-13      7.02e-15    4.84e-01
   3        1.8998e-13   2.65e-14          2.0407e-13      6.78e-15    4.71e-01
   3        1.7359e-13   2.67e-14          2.0222e-13      6.57e-15    5.21e-01
   3        2.0547e-13   2.68e-14          2.0241e-13      6.38e-15    4.89e-01
   3        1.6921e-13   2.68e-14          2.0063e-13      6.21e-15    5.46e-01
P+K = (2.0062882e-13 +- 6.2099894e-15) pb

********************************
* real gluon emission - dipole *
********************************
The limits of integration are:

xl[0]=0.000000    xu[0]=1.000000
xl[1]=0.000000    xu[1]=1.000000
xl[2]=0.000000    xu[2]=1.000000
xl[3]=0.000000    xu[3]=1.000000
xl[4]=0.000000    xu[4]=1.000000
xl[5]=0.000000    xu[5]=1.000000

num_dim=6, calls=250, it_num=1, max_it_num=5 verb=0, alph=1.50,
mode=0, bins=50, boxes=1

       single.......iteration                   accumulated......results   
iteration     integral    sigma             integral         sigma     chi-sq/it

   1        -1.1243e-13   2.74e-14          -1.1243e-13      2.74e-14    0.00e+00
   2        -1.3916e-13   3.69e-14          -1.2195e-13      2.20e-14    3.39e-01
   3        -1.0941e-13   1.71e-14          -1.1415e-13      1.35e-14    2.70e-01
   4        -9.0006e-14   9.01e-15          -9.7424e-14      7.49e-15    9.16e-01
   5        -1.0326e-13   1.06e-14          -9.9359e-14      6.13e-15    7.38e-01

num_dim=6, calls=2500, it_num=1, max_it_num=3 verb=0, alph=1.50,
mode=0, bins=50, boxes=1

       single.......iteration                   accumulated......results   
iteration     integral    sigma             integral         sigma     chi-sq/it

   1        -1.1155e-13   5.00e-15          -1.1155e-13      5.00e-15    0.00e+00
   2        -1.0776e-13   2.98e-15          -1.0876e-13      2.56e-15    4.24e-01
   3        -1.0927e-13   1.97e-15          -1.0908e-13      1.56e-15    2.24e-01
   3        -1.0624e-13   1.74e-15          -1.0781e-13      1.16e-15    6.44e-01
rNLOg = (-1.0780650e-13 +- 1.1608840e-15) pb

**************************************************
* real light quark emission - dipole - (onshell) *
**************************************************
The limits of integration are:

xl[0]=0.000000    xu[0]=1.000000
xl[1]=0.000000    xu[1]=1.000000
xl[2]=0.000000    xu[2]=1.000000
xl[3]=0.000000    xu[3]=1.000000
xl[4]=0.000000    xu[4]=1.000000
xl[5]=0.000000    xu[5]=1.000000

num_dim=6, calls=5000, it_num=1, max_it_num=5 verb=0, alph=1.50,
mode=0, bins=50, boxes=1

       single.......iteration                   accumulated......results   
iteration     integral    sigma             integral         sigma     chi-sq/it

   1        2.7108e-13   1.94e-14          2.7108e-13      1.94e-14    0.00e+00
   2        2.8131e-13   6.49e-15          2.8028e-13      6.15e-15    2.49e-01
   3        2.7122e-13   3.57e-15          2.7350e-13      3.09e-15    9.36e-01
   4        2.6636e-13   2.94e-15          2.6976e-13      2.13e-15    1.56e+00
   5        2.6864e-13   2.69e-15          2.6933e-13      1.67e-15    1.19e+00

num_dim=6, calls=50000, it_num=1, max_it_num=5 verb=0, alph=1.50,
mode=0, bins=50, boxes=1

       single.......iteration                   accumulated......results   
iteration     integral    sigma             integral         sigma     chi-sq/it

   1        2.6878e-13   8.43e-16          2.6878e-13      8.43e-16    0.00e+00
   2        2.7018e-13   8.66e-16          2.6946e-13      6.04e-16    1.35e+00
   3        2.7168e-13   9.65e-16          2.7009e-13      5.12e-16    2.58e+00
   4        2.7012e-13   9.24e-16          2.7009e-13      4.48e-16    1.72e+00
   5        2.7024e-13   9.28e-16          2.7012e-13      4.03e-16    1.29e+00
rNLOq = (2.7012244e-13 +- 4.0333091e-16) pb
NLO = (2.3038950e-11 +- 1.1360410e-14) pb
#chisq/dof = 3.9133e-07
#status = success
#chisq/dof = 2.45773e-08
#status = success
#chisq/dof = 1.11203e-09
#status = success
#chisq/dof = 5.95345e-09
#status = success
#chisq/dof = 3.38472e-09
#status = success
#chisq/dof = 9.96872e-11
#status = success
#chisq/dof = 1.8858e-09
#status = success
#chisq/dof = 1.11351e-10
#status = success

*******************************************************
* threshold resummation (unimproved nnll) - expansion *
*******************************************************
The limits of integration are:

xl[0]=0.000000    xu[0]=1.000000
xl[1]=0.000000    xu[1]=1.000000
xl[2]=0.000000    xu[2]=1.000000

num_dim=3, calls=7000, it_num=1, max_it_num=5 verb=0, alph=1.50,
mode=0, bins=50, boxes=1

       single.......iteration                   accumulated......results   
iteration     integral    sigma             integral         sigma     chi-sq/it

   1        5.5302e-12   3.60e-12          5.5302e-12      3.60e-12    0.00e+00
   2        -7.5966e-13   8.76e-13          -4.0906e-13      8.51e-13    2.88e+00
   3        8.8793e-13   7.36e-13          3.3250e-13      5.57e-13    2.10e+00
   4        -1.2707e-12   7.23e-13          -2.6465e-13      4.41e-13    2.43e+00
   5        -5.0593e-13   7.37e-13          -3.2822e-13      3.79e-13    1.84e+00

num_dim=3, calls=35000, it_num=1, max_it_num=5 verb=0, alph=1.50,
mode=0, bins=50, boxes=1

       single.......iteration                   accumulated......results   
iteration     integral    sigma             integral         sigma     chi-sq/it

   1        -1.2078e-13   3.27e-13          -1.2078e-13      3.27e-13    0.00e+00
   2        -7.2241e-13   3.25e-13          -4.2346e-13      2.31e-13    1.70e+00
   3        -8.5481e-13   3.28e-13          -5.6643e-13      1.89e-13    1.43e+00
   4        -7.2520e-13   3.28e-13          -6.0591e-13      1.64e-13    1.01e+00
   5        2.2812e-13   3.26e-13          -4.3834e-13      1.46e-13    2.06e+00
   5        -1.3726e-13   3.27e-13          -3.8819e-13      1.34e-13    1.79e+00
   5        -3.5321e-13   3.29e-13          -3.8324e-13      1.24e-13    1.49e+00
   5        -1.1861e-13   3.26e-13          -3.4985e-13      1.16e-13    1.36e+00
   5        -4.3821e-14   3.27e-13          -3.1586e-13      1.09e-13    1.29e+00
   5        -1.8034e-14   3.29e-13          -2.8633e-13      1.03e-13    1.23e+00
   5        -1.8205e-13   3.26e-13          -2.7679e-13      9.86e-14    1.12e+00
   5        -2.0824e-13   3.27e-13          -2.7109e-13      9.44e-14    1.02e+00
   5        -4.5330e-13   3.29e-13          -2.8496e-13      9.08e-14    9.57e-01
   5        -4.4704e-13   3.29e-13          -2.9645e-13      8.75e-14    9.01e-01
   5        -2.2412e-13   3.30e-13          -2.9170e-13      8.46e-14    8.39e-01
   5        -5.8562e-13   3.27e-13          -3.1009e-13      8.19e-14    8.34e-01
   5        1.4928e-14   3.29e-13          -2.9111e-13      7.95e-14    8.39e-01
   5        1.7726e-13   3.30e-13          -2.6545e-13      7.73e-14    9.02e-01
   5        -9.1877e-13   3.29e-13          -2.9967e-13      7.52e-14    1.06e+00
   5        -4.6239e-13   3.31e-13          -3.0764e-13      7.33e-14    1.02e+00
   5        -1.0420e-13   3.32e-13          -2.9819e-13      7.16e-14    9.83e-01
   5        -1.1018e-13   3.33e-13          -2.8986e-13      7.00e-14    9.51e-01
   5        -6.4715e-14   3.33e-13          -2.8035e-13      6.85e-14    9.27e-01
   5        -1.2755e-13   3.36e-13          -2.7424e-13      6.71e-14    8.96e-01
   5        -9.5445e-14   3.36e-13          -2.6738e-13      6.58e-14    8.70e-01
   5        -5.5406e-13   3.38e-13          -2.7785e-13      6.46e-14    8.63e-01
   5        -4.3532e-13   3.36e-13          -2.8347e-13      6.35e-14    8.38e-01
   5        -4.9245e-13   3.38e-13          -2.9057e-13      6.24e-14    8.20e-01
   5        -4.4788e-13   3.39e-13          -2.9573e-13      6.13e-14    7.98e-01
   5        -2.0570e-14   3.38e-13          -2.8698e-13      6.04e-14    7.93e-01
   5        -2.5898e-13   3.40e-13          -2.8612e-13      5.94e-14    7.67e-01
   5        -9.4906e-13   3.41e-13          -3.0563e-13      5.85e-14    8.60e-01
   5        -4.0366e-13   3.42e-13          -3.0841e-13      5.77e-14    8.36e-01
   5        -9.2997e-14   3.43e-13          -3.0249e-13      5.69e-14    8.22e-01
   5        -3.1360e-13   3.41e-13          -3.0279e-13      5.61e-14    7.98e-01
   5        -5.6586e-13   3.42e-13          -3.0968e-13      5.54e-14    7.92e-01
   5        1.5087e-13   3.41e-13          -2.9785e-13      5.47e-14    8.19e-01
   5        -1.5601e-13   3.43e-13          -2.9434e-13      5.40e-14    8.01e-01
   5        -3.6657e-13   3.43e-13          -2.9608e-13      5.33e-14    7.81e-01
   5        3.8213e-13   3.46e-13          -2.8033e-13      5.27e-14    8.58e-01
   5        3.5046e-14   3.51e-13          -2.7336e-13      5.21e-14    8.56e-01
   5        3.5688e-13   3.49e-13          -2.5961e-13      5.16e-14    9.13e-01
   5        -1.8399e-15   3.47e-13          -2.5405e-13      5.10e-14    9.04e-01
   5        5.9977e-13   3.49e-13          -2.3618e-13      5.05e-14    1.02e+00
   5        1.8847e-13   3.51e-13          -2.2760e-13      5.00e-14    1.03e+00
   5        2.9701e-13   3.49e-13          -2.1704e-13      4.94e-14    1.06e+00
   5        -7.3510e-13   3.50e-13          -2.2716e-13      4.90e-14    1.08e+00
   5        -2.9081e-13   3.52e-13          -2.2836e-13      4.85e-14    1.06e+00
   5        -3.5498e-14   3.52e-13          -2.2477e-13      4.80e-14    1.04e+00
   5        2.4826e-13   3.52e-13          -2.1610e-13      4.76e-14    1.06e+00
   5        3.1987e-14   3.54e-13          -2.1168e-13      4.72e-14    1.04e+00
   5        -2.5831e-13   3.55e-13          -2.1249e-13      4.68e-14    1.02e+00
   5        -1.6217e-13   3.54e-13          -2.1163e-13      4.64e-14    1.00e+00
   5        -4.3186e-14   3.51e-13          -2.0875e-13      4.60e-14    9.90e-01
   5        -3.0889e-13   3.57e-13          -2.1038e-13      4.56e-14    9.73e-01
aNNLO+NNLL = (2.2828567e-11 +- 4.6976255e-14) pb

Results:
LO = (1.9597663e-11 +- 9.9566038e-15) pb
NLO = (2.3038950e-11 +- 1.1360410e-14) pb
aNNLO+NNLL = (2.2828567e-11 +- 4.6976255e-14) pb
Thanks for using LHAPDF 6.2.3. Please make sure to cite the paper:
  Eur.Phys.J. C75 (2015) 3, 132  (http://arxiv.org/abs/1412.7420)
 ====================================================
   FF 2.0, a package to evaluate one-loop integrals
 written by G. J. van Oldenborgh, NIKHEF-H, Amsterdam
 ====================================================
 for the algorithms used see preprint NIKHEF-H 89/17,
 'New Algorithms for One-loop Integrals', by G.J. van
 Oldenborgh and J.A.M. Vermaseren, published in 
 Zeitschrift fuer Physik C46(1990)425.
 ====================================================
 
total number of errors and warnings
===================================
fferr: no errors
 
