
  Welcome to Resummino git-latest
  Copyright 2008-2010 Jonathan Debove.
  Copyright 2011-2014 David R. Lamprea.
  Copyright 2011-2016 Marcel Rothering.

  Licensed under the EUPL 1.1 or later.
  See http://www.resummino.org/ for more information.

  If using Resummino for slepton pair production, please cite.
  - G. Bozzi, B. Fuks, M. Klasen, PRD 74, 015001 (2006); NPB 777, 157 (2007); NPB 794, 46 (2007).
  - B. Fuks, M. Klasen, D. R. Lamprea, M. Rothering, EPJC 73, 2480 (2013).

  For gaugino pair production, please cite:
  - J. Debove, B. Fuks, M. Klasen, PLB 688, 208 (2010); NPB 842, 51 (2011); NPB 849, 64 (2011).
  - B. Fuks, M. Klasen, D. R. Lamprea, M. Rothering, JHEP 1210, 081 (2012); EPJC 73, 2480 (2013).

  For associated gaugino gluino production, please cite:
  - B. Fuks, M. Klasen, M. Rothering, JHEP 07:053, (2016).
  - B. Fuks, M. Klasen, D. R. Lamprea, M. Rothering, EPJC 73, 2480 (2013).

LHAPDF 6.2.3 loading /pool/condor/dir_56350/resummino-releases/lhapdf-prefix/share/LHAPDF/PDF4LHC21_40/PDF4LHC21_40_0000.dat
PDF4LHC21_40 PDF set, member #0, version 1
 alpha_s(M_Z^2) = 0.1180 	 for LO PDF set 
 alpha_s(300.000^2) = 0.1001 	 for LO PDF set 

********************
* LO cross section *
********************
The limits of integration are:

xl[0]=0.000000    xu[0]=1.000000
xl[1]=0.000000    xu[1]=1.000000
xl[2]=0.000000    xu[2]=1.000000

num_dim=3, calls=2000, it_num=1, max_it_num=5 verb=0, alph=1.50,
mode=0, bins=50, boxes=1

       single.......iteration                   accumulated......results   
iteration     integral    sigma             integral         sigma     chi-sq/it

   1        1.3405e-11   4.31e-13          1.3405e-11      4.31e-13    0.00e+00
   2        1.3643e-11   1.42e-13          1.3620e-11      1.35e-13    2.75e-01
   3        1.3821e-11   8.13e-14          1.3767e-11      6.96e-14    9.58e-01
   4        1.3631e-11   7.61e-14          1.3705e-11      5.13e-14    1.22e+00
   5        1.3622e-11   7.94e-14          1.3680e-11      4.31e-14    1.11e+00

num_dim=3, calls=20000, it_num=1, max_it_num=5 verb=0, alph=1.50,
mode=0, bins=50, boxes=1

       single.......iteration                   accumulated......results   
iteration     integral    sigma             integral         sigma     chi-sq/it

   1        1.3697e-11   2.42e-14          1.3697e-11      2.42e-14    0.00e+00
   2        1.3704e-11   2.38e-14          1.3700e-11      1.70e-14    3.98e-02
   3        1.3750e-11   2.35e-14          1.3718e-11      1.37e-14    1.50e+00
   4        1.3733e-11   2.46e-14          1.3721e-11      1.20e-14    1.11e+00
   5        1.3676e-11   2.47e-14          1.3713e-11      1.08e-14    1.51e+00
   5        1.3699e-11   2.48e-14          1.3711e-11      9.89e-15    1.25e+00
LO = (1.3710541e-11 +- 9.8926334e-15) pb
LHAPDF 6.2.3 loading /pool/condor/dir_56350/resummino-releases/lhapdf-prefix/share/LHAPDF/PDF4LHC21_40/PDF4LHC21_40_0031.dat
PDF4LHC21_40 PDF set, member #31, version 1
 alpha_s(M_Z^2) = 0.1180 	 for NLO PDF set 
 alpha_s(300.000^2) = 0.1001 	 for NLO PDF set 

********************
* LO cross section *
********************
The limits of integration are:

xl[0]=0.000000    xu[0]=1.000000
xl[1]=0.000000    xu[1]=1.000000
xl[2]=0.000000    xu[2]=1.000000

num_dim=3, calls=2000, it_num=1, max_it_num=5 verb=0, alph=1.50,
mode=0, bins=50, boxes=1

       single.......iteration                   accumulated......results   
iteration     integral    sigma             integral         sigma     chi-sq/it

   1        1.3211e-11   4.31e-13          1.3211e-11      4.31e-13    0.00e+00
   2        1.3440e-11   1.45e-13          1.3417e-11      1.37e-13    2.53e-01
   3        1.3623e-11   8.68e-14          1.3564e-11      7.34e-14    9.27e-01
   4        1.3420e-11   8.24e-14          1.3500e-11      5.48e-14    1.18e+00
   5        1.3408e-11   8.63e-14          1.3474e-11      4.63e-14    1.09e+00

num_dim=3, calls=20000, it_num=1, max_it_num=5 verb=0, alph=1.50,
mode=0, bins=50, boxes=1

       single.......iteration                   accumulated......results   
iteration     integral    sigma             integral         sigma     chi-sq/it

   1        1.3503e-11   2.59e-14          1.3503e-11      2.59e-14    0.00e+00
   2        1.3515e-11   2.54e-14          1.3509e-11      1.81e-14    9.81e-02
   3        1.3558e-11   2.51e-14          1.3526e-11      1.47e-14    1.30e+00
   4        1.3537e-11   2.64e-14          1.3529e-11      1.28e-14    9.08e-01
   5        1.3482e-11   2.63e-14          1.3520e-11      1.15e-14    1.31e+00
   5        1.3503e-11   2.64e-14          1.3517e-11      1.06e-14    1.11e+00
   5        1.3523e-11   2.67e-14          1.3518e-11      9.83e-15    9.36e-01
   5        1.3485e-11   2.70e-14          1.3514e-11      9.24e-15    9.85e-01
   5        1.3485e-11   2.76e-14          1.3511e-11      8.76e-15    9.82e-01
   5        1.3445e-11   2.85e-14          1.3505e-11      8.38e-15    1.42e+00
   5        1.3504e-11   2.92e-14          1.3505e-11      8.05e-15    1.28e+00
   5        1.3501e-11   2.97e-14          1.3505e-11      7.77e-15    1.17e+00
   5        1.3535e-11   3.13e-14          1.3507e-11      7.54e-15    1.14e+00
   5        1.3502e-11   3.24e-14          1.3506e-11      7.35e-15    1.05e+00
   5        1.3519e-11   3.43e-14          1.3507e-11      7.18e-15    9.87e-01
   5        1.3480e-11   3.51e-14          1.3506e-11      7.04e-15    9.59e-01
   5        1.3496e-11   3.53e-14          1.3505e-11      6.90e-15    9.04e-01
   5        1.3532e-11   3.62e-14          1.3506e-11      6.78e-15    8.81e-01
   5        1.3564e-11   3.82e-14          1.3508e-11      6.68e-15    9.53e-01
   5        1.3576e-11   3.77e-14          1.3510e-11      6.57e-15    1.07e+00
   5        1.3475e-11   3.83e-14          1.3509e-11      6.48e-15    1.05e+00
   5        1.3527e-11   3.97e-14          1.3510e-11      6.39e-15    1.01e+00
   5        1.3535e-11   4.11e-14          1.3510e-11      6.32e-15    9.84e-01
   5        1.3482e-11   4.12e-14          1.3510e-11      6.24e-15    9.62e-01
   5        1.3579e-11   4.22e-14          1.3511e-11      6.18e-15    1.03e+00
   5        1.3478e-11   4.15e-14          1.3510e-11      6.11e-15    1.02e+00
   5        1.3597e-11   4.19e-14          1.3512e-11      6.05e-15    1.14e+00
   5        1.3533e-11   4.15e-14          1.3513e-11      5.98e-15    1.11e+00
   5        1.3507e-11   4.31e-14          1.3513e-11      5.93e-15    1.07e+00
   5        1.3553e-11   4.51e-14          1.3513e-11      5.88e-15    1.06e+00
   5        1.3477e-11   4.30e-14          1.3513e-11      5.82e-15    1.04e+00
   5        1.3520e-11   4.31e-14          1.3513e-11      5.77e-15    1.01e+00
   5        1.3579e-11   4.33e-14          1.3514e-11      5.72e-15    1.05e+00
   5        1.3462e-11   4.49e-14          1.3513e-11      5.67e-15    1.06e+00
   5        1.3440e-11   4.58e-14          1.3512e-11      5.63e-15    1.10e+00
   5        1.3560e-11   4.65e-14          1.3513e-11      5.59e-15    1.10e+00
   5        1.3420e-11   4.63e-14          1.3511e-11      5.55e-15    1.18e+00
   5        1.3482e-11   4.87e-14          1.3511e-11      5.51e-15    1.16e+00
   5        1.3549e-11   4.57e-14          1.3511e-11      5.47e-15    1.14e+00
   5        1.3524e-11   4.53e-14          1.3512e-11      5.43e-15    1.12e+00
   5        1.3549e-11   4.62e-14          1.3512e-11      5.40e-15    1.10e+00
   5        1.3529e-11   4.73e-14          1.3512e-11      5.36e-15    1.08e+00
   5        1.3574e-11   4.84e-14          1.3513e-11      5.33e-15    1.09e+00
   5        1.3534e-11   4.86e-14          1.3513e-11      5.30e-15    1.07e+00
   5        1.3459e-11   4.97e-14          1.3513e-11      5.27e-15    1.08e+00
   5        1.3507e-11   5.15e-14          1.3513e-11      5.24e-15    1.05e+00
   5        1.3542e-11   5.13e-14          1.3513e-11      5.21e-15    1.04e+00
   5        1.3353e-11   4.91e-14          1.3511e-11      5.18e-15    1.24e+00
   5        1.3607e-11   5.00e-14          1.3512e-11      5.16e-15    1.29e+00
   5        1.3594e-11   4.98e-14          1.3513e-11      5.13e-15    1.32e+00
   5        1.3509e-11   4.84e-14          1.3513e-11      5.10e-15    1.29e+00
   5        1.3442e-11   4.85e-14          1.3512e-11      5.07e-15    1.31e+00
   5        1.3542e-11   5.04e-14          1.3513e-11      5.05e-15    1.29e+00
   5        1.3461e-11   5.16e-14          1.3512e-11      5.02e-15    1.28e+00
   5        1.3628e-11   5.01e-14          1.3513e-11      5.00e-15    1.36e+00
LO = (1.3513214e-11 +- 4.9979217e-15) pb

*******************************************
* virtual corrections + integrated dipole *
*******************************************
The limits of integration are:

xl[0]=0.000000    xu[0]=1.000000
xl[1]=0.000000    xu[1]=1.000000
xl[2]=0.000000    xu[2]=1.000000

num_dim=3, calls=240, it_num=1, max_it_num=5 verb=0, alph=1.50,
mode=0, bins=50, boxes=1

       single.......iteration                   accumulated......results   
iteration     integral    sigma             integral         sigma     chi-sq/it

   1        1.8988e-12   1.91e-13          1.8988e-12      1.91e-13    0.00e+00
   2        1.8214e-12   7.52e-14          1.8317e-12      7.00e-14    1.42e-01
   3        1.9712e-12   5.51e-14          1.9179e-12      4.33e-14    1.30e+00
   4        2.0191e-12   4.44e-14          1.9672e-12      3.10e-14    1.75e+00
   5        2.1088e-12   5.07e-14          2.0057e-12      2.65e-14    2.73e+00

num_dim=3, calls=1200, it_num=1, max_it_num=3 verb=0, alph=1.50,
mode=0, bins=50, boxes=1

       single.......iteration                   accumulated......results   
iteration     integral    sigma             integral         sigma     chi-sq/it

   1        1.9648e-12   2.10e-14          1.9648e-12      2.10e-14    0.00e+00
   2        2.0164e-12   1.85e-14          1.9939e-12      1.39e-14    3.41e+00
   3        1.9998e-12   1.67e-14          1.9963e-12      1.07e-14    1.74e+00
   3        2.0466e-12   1.76e-14          2.0098e-12      9.12e-15    3.15e+00
   3        1.9852e-12   1.69e-14          2.0042e-12      8.03e-15    2.77e+00
   3        2.0079e-12   1.72e-14          2.0049e-12      7.28e-15    2.23e+00
   3        1.9856e-12   1.79e-14          2.0022e-12      6.74e-15    2.02e+00
   3        2.0255e-12   1.66e-14          2.0055e-12      6.25e-15    1.97e+00
   3        2.0141e-12   1.61e-14          2.0066e-12      5.83e-15    1.76e+00
   3        2.0107e-12   1.66e-14          2.0070e-12      5.50e-15    1.57e+00
   3        1.9925e-12   1.70e-14          2.0056e-12      5.23e-15    1.48e+00
   3        2.0059e-12   1.75e-14          2.0057e-12      5.01e-15    1.34e+00
   3        2.0222e-12   1.66e-14          2.0071e-12      4.80e-15    1.31e+00
   3        2.0136e-12   1.72e-14          2.0075e-12      4.62e-15    1.22e+00
   3        2.0158e-12   1.78e-14          2.0080e-12      4.47e-15    1.14e+00
vNLO = (2.0080442e-12 +- 4.4741141e-15) pb

*****************************
* collinear remainder (P+K) *
*****************************
The limits of integration are:

xl[0]=0.000000    xu[0]=1.000000
xl[1]=0.000000    xu[1]=1.000000
xl[2]=0.000000    xu[2]=1.000000
xl[3]=0.000000    xu[3]=1.000000

num_dim=4, calls=2500, it_num=1, max_it_num=5 verb=0, alph=1.50,
mode=0, bins=50, boxes=1

       single.......iteration                   accumulated......results   
iteration     integral    sigma             integral         sigma     chi-sq/it

   1        5.0949e-13   1.14e-13          5.0949e-13      1.14e-13    0.00e+00
   2        3.9317e-13   5.70e-14          4.1659e-13      5.09e-14    8.39e-01
   3        4.1003e-13   4.62e-14          4.1300e-13      3.42e-14    4.24e-01
   4        4.4371e-13   4.64e-14          4.2384e-13      2.75e-14    3.77e-01
   5        3.8862e-13   4.65e-14          4.1469e-13      2.37e-14    3.89e-01

num_dim=4, calls=25000, it_num=1, max_it_num=3 verb=0, alph=1.50,
mode=0, bins=50, boxes=1

       single.......iteration                   accumulated......results   
iteration     integral    sigma             integral         sigma     chi-sq/it

   1        4.1295e-13   1.46e-14          4.1295e-13      1.46e-14    0.00e+00
   2        4.0464e-13   1.45e-14          4.0877e-13      1.03e-14    1.64e-01
   3        4.1618e-13   1.45e-14          4.1125e-13      8.37e-15    1.69e-01
   3        4.1564e-13   1.45e-14          4.1235e-13      7.25e-15    1.36e-01
   3        4.1599e-13   1.46e-14          4.1307e-13      6.50e-15    1.14e-01
   3        4.1201e-13   1.45e-14          4.1289e-13      5.93e-15    9.21e-02
   3        4.2312e-13   1.45e-14          4.1436e-13      5.49e-15    1.48e-01
   3        3.9431e-13   1.45e-14          4.1186e-13      5.13e-15    3.65e-01
   3        4.1016e-13   1.47e-14          4.1167e-13      4.85e-15    3.21e-01
   3        4.0846e-13   1.47e-14          4.1136e-13      4.60e-15    2.90e-01
   3        3.9845e-13   1.46e-14          4.1019e-13      4.39e-15    3.32e-01
   3        4.2572e-13   1.47e-14          4.1147e-13      4.20e-15    3.96e-01
   3        4.3449e-13   1.47e-14          4.1321e-13      4.04e-15    5.51e-01
P+K = (4.1320912e-13 +- 4.0424350e-15) pb

********************************
* real gluon emission - dipole *
********************************
The limits of integration are:

xl[0]=0.000000    xu[0]=1.000000
xl[1]=0.000000    xu[1]=1.000000
xl[2]=0.000000    xu[2]=1.000000
xl[3]=0.000000    xu[3]=1.000000
xl[4]=0.000000    xu[4]=1.000000
xl[5]=0.000000    xu[5]=1.000000

num_dim=6, calls=250, it_num=1, max_it_num=5 verb=0, alph=1.50,
mode=0, bins=50, boxes=1

       single.......iteration                   accumulated......results   
iteration     integral    sigma             integral         sigma     chi-sq/it

   1        -6.7114e-14   1.82e-14          -6.7114e-14      1.82e-14    0.00e+00
   2        -6.6641e-14   1.15e-14          -6.6776e-14      9.75e-15    4.79e-04
   3        -6.7377e-14   9.30e-15          -6.7091e-14      6.73e-15    1.23e-03
   4        -5.8021e-14   6.68e-15          -6.2526e-14      4.74e-15    3.06e-01
   5        -6.5960e-14   6.39e-15          -6.3745e-14      3.81e-15    2.76e-01

num_dim=6, calls=2500, it_num=1, max_it_num=3 verb=0, alph=1.50,
mode=0, bins=50, boxes=1

       single.......iteration                   accumulated......results   
iteration     integral    sigma             integral         sigma     chi-sq/it

   1        -6.1961e-14   2.24e-15          -6.1961e-14      2.24e-15    0.00e+00
   2        -6.0673e-14   1.19e-15          -6.0955e-14      1.05e-15    2.58e-01
   3        -6.2253e-14   1.21e-15          -6.1512e-14      7.92e-16    4.58e-01
   3        -6.0737e-14   1.08e-15          -6.1240e-14      6.38e-16    4.17e-01
   3        -6.1514e-14   9.07e-16          -6.1330e-14      5.22e-16    3.28e-01
   3        -6.0810e-14   7.90e-16          -6.1172e-14      4.35e-16    3.23e-01
   3        -6.1155e-14   7.70e-16          -6.1168e-14      3.79e-16    2.69e-01
   3        -6.1176e-14   7.73e-16          -6.1170e-14      3.40e-16    2.31e-01
   3        -6.1357e-14   7.40e-16          -6.1202e-14      3.09e-16    2.09e-01
   3        -6.1999e-14   7.74e-16          -6.1312e-14      2.87e-16    2.87e-01
   3        -6.0875e-14   7.62e-16          -6.1258e-14      2.69e-16    2.87e-01
   3        -6.0777e-14   7.76e-16          -6.1206e-14      2.54e-16    2.92e-01
   3        -6.1125e-14   7.48e-16          -6.1198e-14      2.40e-16    2.69e-01
   3        -6.1659e-14   7.59e-16          -6.1240e-14      2.29e-16    2.74e-01
   3        -5.9949e-14   7.25e-16          -6.1122e-14      2.19e-16    4.60e-01
   3        -6.1245e-14   8.11e-16          -6.1131e-14      2.11e-16    4.31e-01
   3        -6.0862e-14   8.81e-16          -6.1116e-14      2.05e-16    4.09e-01
   3        -6.0425e-14   7.98e-16          -6.1073e-14      1.99e-16    4.27e-01
   3        -6.0703e-14   7.99e-16          -6.1052e-14      1.93e-16    4.14e-01
   3        -6.0384e-14   7.94e-16          -6.1014e-14      1.87e-16    4.28e-01
   3        -5.9690e-14   7.57e-16          -6.0938e-14      1.82e-16    5.50e-01
rNLOg = (-6.0937980e-14 +- 1.8193175e-16) pb

**************************************************
* real light quark emission - dipole - (onshell) *
**************************************************
The limits of integration are:

xl[0]=0.000000    xu[0]=1.000000
xl[1]=0.000000    xu[1]=1.000000
xl[2]=0.000000    xu[2]=1.000000
xl[3]=0.000000    xu[3]=1.000000
xl[4]=0.000000    xu[4]=1.000000
xl[5]=0.000000    xu[5]=1.000000

num_dim=6, calls=5000, it_num=1, max_it_num=5 verb=0, alph=1.50,
mode=0, bins=50, boxes=1

       single.......iteration                   accumulated......results   
iteration     integral    sigma             integral         sigma     chi-sq/it

   1        1.4299e-13   1.10e-14          1.4299e-13      1.10e-14    0.00e+00
   2        1.4855e-13   3.42e-15          1.4806e-13      3.26e-15    2.34e-01
   3        1.4366e-13   1.83e-15          1.4471e-13      1.59e-15    8.10e-01
   4        1.4246e-13   1.51e-15          1.4352e-13      1.10e-15    8.90e-01
   5        1.4426e-13   1.40e-15          1.4380e-13      8.64e-16    7.10e-01

num_dim=6, calls=50000, it_num=1, max_it_num=5 verb=0, alph=1.50,
mode=0, bins=50, boxes=1

       single.......iteration                   accumulated......results   
iteration     integral    sigma             integral         sigma     chi-sq/it

   1        1.4361e-13   4.32e-16          1.4361e-13      4.32e-16    0.00e+00
   2        1.4444e-13   4.49e-16          1.4401e-13      3.11e-16    1.75e+00
   3        1.4517e-13   4.94e-16          1.4434e-13      2.63e-16    2.87e+00
   4        1.4435e-13   4.80e-16          1.4434e-13      2.31e-16    1.91e+00
   5        1.4446e-13   4.85e-16          1.4436e-13      2.08e-16    1.45e+00
rNLOq = (1.4436392e-13 +- 2.0846883e-16) pb
NLO = (1.6017893e-11 +- 7.8367569e-15) pb
#chisq/dof = 9.0162e-08
#status = success
#chisq/dof = 6.81504e-09
#status = success
#chisq/dof = 1.03536e-09
#status = success
#chisq/dof = 4.06265e-09
#status = success
#chisq/dof = 2.60339e-10
#status = success
#chisq/dof = 2.4817e-11
#status = success
#chisq/dof = 1.14371e-09
#status = success
#chisq/dof = 1.11741e-10
#status = success

*******************************************************
* threshold resummation (unimproved nnll) - expansion *
*******************************************************
The limits of integration are:

xl[0]=0.000000    xu[0]=1.000000
xl[1]=0.000000    xu[1]=1.000000
xl[2]=0.000000    xu[2]=1.000000

num_dim=3, calls=7000, it_num=1, max_it_num=5 verb=0, alph=1.50,
mode=0, bins=50, boxes=1

       single.......iteration                   accumulated......results   
iteration     integral    sigma             integral         sigma     chi-sq/it

   1        2.8599e-12   2.07e-12          2.8599e-12      2.07e-12    0.00e+00
   2        -8.1188e-14   5.22e-13          9.4784e-14      5.06e-13    1.90e+00
   3        3.6694e-13   4.51e-13          2.4644e-13      3.37e-13    1.03e+00
   4        -1.0152e-12   4.47e-13          -2.1089e-13      2.69e-13    2.38e+00
   5        -1.4722e-13   4.53e-13          -1.9432e-13      2.31e-13    1.79e+00

num_dim=3, calls=35000, it_num=1, max_it_num=5 verb=0, alph=1.50,
mode=0, bins=50, boxes=1

       single.......iteration                   accumulated......results   
iteration     integral    sigma             integral         sigma     chi-sq/it

   1        -5.8624e-14   2.01e-13          -5.8624e-14      2.01e-13    0.00e+00
   2        -5.0964e-13   2.00e-13          -2.8425e-13      1.42e-13    2.53e+00
   3        -4.0411e-13   2.01e-13          -3.2412e-13      1.16e-13    1.38e+00
   4        -5.0822e-13   2.00e-13          -3.7022e-13      1.00e-13    1.13e+00
   5        6.6292e-14   1.99e-13          -2.8191e-13      8.96e-14    1.81e+00
   5        -1.2140e-13   2.00e-13          -2.5520e-13      8.18e-14    1.55e+00
   5        -3.6226e-13   2.01e-13          -2.7041e-13      7.57e-14    1.34e+00
   5        1.6807e-14   2.00e-13          -2.3443e-13      7.08e-14    1.40e+00
   5        -1.7586e-13   2.00e-13          -2.2792e-13      6.68e-14    1.24e+00
   5        -1.7496e-13   2.01e-13          -2.2264e-13      6.34e-14    1.11e+00
   5        -4.4885e-14   2.01e-13          -2.0651e-13      6.04e-14    1.07e+00
   5        -5.1080e-14   2.02e-13          -1.9369e-13      5.79e-14    1.02e+00
   5        -2.6644e-13   2.02e-13          -1.9920e-13      5.56e-14    9.44e-01
   5        -2.5197e-13   2.02e-13          -2.0294e-13      5.36e-14    8.76e-01
   5        -2.8945e-14   2.03e-13          -1.9154e-13      5.19e-14    8.63e-01
   5        -4.2396e-13   2.01e-13          -2.0601e-13      5.02e-14    8.89e-01
   5        2.7738e-14   2.02e-13          -1.9245e-13      4.87e-14    9.12e-01
   5        1.7153e-13   2.02e-13          -1.7250e-13      4.74e-14    1.04e+00
   5        -4.1605e-13   2.03e-13          -1.8514e-13      4.61e-14    1.06e+00
   5        -4.4674e-13   2.04e-13          -1.9784e-13      4.50e-14    1.08e+00
   5        -1.5550e-14   2.03e-13          -1.8932e-13      4.39e-14    1.07e+00
   5        -8.0394e-14   2.05e-13          -1.8455e-13      4.30e-14    1.03e+00
   5        -6.4896e-14   2.04e-13          -1.7946e-13      4.20e-14    9.97e-01
   5        -2.3804e-14   2.04e-13          -1.7314e-13      4.12e-14    9.78e-01
   5        -1.7769e-13   2.04e-13          -1.7332e-13      4.04e-14    9.38e-01
   5        -3.8118e-13   2.05e-13          -1.8108e-13      3.96e-14    9.40e-01
   5        -2.1190e-13   2.04e-13          -1.8220e-13      3.89e-14    9.04e-01
   5        -4.1105e-13   2.06e-13          -1.9006e-13      3.82e-14    9.15e-01
   5        -3.1813e-13   2.06e-13          -1.9432e-13      3.76e-14    8.96e-01
   5        -5.9424e-14   2.06e-13          -1.8998e-13      3.70e-14    8.79e-01
   5        -1.7084e-13   2.06e-13          -1.8939e-13      3.64e-14    8.50e-01
   5        -5.2229e-13   2.07e-13          -1.9933e-13      3.58e-14    9.03e-01
   5        -4.4929e-14   2.07e-13          -1.9484e-13      3.53e-14    8.92e-01
   5        -1.3701e-13   2.09e-13          -1.9323e-13      3.48e-14    8.67e-01
   5        -3.2249e-13   2.08e-13          -1.9675e-13      3.43e-14    8.53e-01
   5        -3.8149e-13   2.08e-13          -2.0164e-13      3.39e-14    8.50e-01
   5        -7.4290e-14   2.10e-13          -1.9842e-13      3.34e-14    8.37e-01
   5        1.1356e-13   2.10e-13          -1.9073e-13      3.30e-14    8.72e-01
   5        -3.2839e-13   2.10e-13          -1.9404e-13      3.26e-14    8.60e-01
   5        1.0031e-13   2.13e-13          -1.8728e-13      3.23e-14    8.86e-01
   5        -5.8314e-14   2.13e-13          -1.8440e-13      3.19e-14    8.73e-01
   5        1.1415e-13   2.14e-13          -1.7793e-13      3.15e-14    8.98e-01
   5        2.9196e-14   2.13e-13          -1.7347e-13      3.12e-14    8.98e-01
   5        3.2657e-13   2.14e-13          -1.6305e-13      3.09e-14    1.00e+00
   5        -1.8821e-13   2.14e-13          -1.6356e-13      3.06e-14    9.79e-01
   5        1.7127e-13   2.13e-13          -1.5680e-13      3.02e-14    1.01e+00
   5        -5.4321e-13   2.14e-13          -1.6439e-13      3.00e-14    1.06e+00
   5        -2.7013e-13   2.14e-13          -1.6642e-13      2.97e-14    1.04e+00
   5        -6.3997e-14   2.17e-13          -1.6453e-13      2.94e-14    1.02e+00
   5        3.0574e-14   2.14e-13          -1.6093e-13      2.91e-14    1.02e+00
   5        -4.3209e-15   2.16e-13          -1.5813e-13      2.89e-14    1.01e+00
   5        -1.3723e-13   2.15e-13          -1.5776e-13      2.86e-14    9.91e-01
   5        -2.2691e-13   2.16e-13          -1.5895e-13      2.84e-14    9.74e-01
   5        -2.0127e-14   2.17e-13          -1.5661e-13      2.81e-14    9.63e-01
   5        -1.6036e-13   2.18e-13          -1.5667e-13      2.79e-14    9.45e-01
aNNLO+NNLL = (1.5861221e-11 +- 2.8961205e-14) pb

Results:
LO = (1.3710541e-11 +- 9.8926334e-15) pb
NLO = (1.6017893e-11 +- 7.8367569e-15) pb
aNNLO+NNLL = (1.5861221e-11 +- 2.8961205e-14) pb
Thanks for using LHAPDF 6.2.3. Please make sure to cite the paper:
  Eur.Phys.J. C75 (2015) 3, 132  (http://arxiv.org/abs/1412.7420)
 ====================================================
   FF 2.0, a package to evaluate one-loop integrals
 written by G. J. van Oldenborgh, NIKHEF-H, Amsterdam
 ====================================================
 for the algorithms used see preprint NIKHEF-H 89/17,
 'New Algorithms for One-loop Integrals', by G.J. van
 Oldenborgh and J.A.M. Vermaseren, published in 
 Zeitschrift fuer Physik C46(1990)425.
 ====================================================
 
total number of errors and warnings
===================================
fferr: no errors
 
