
  Welcome to Resummino git-latest
  Copyright 2008-2010 Jonathan Debove.
  Copyright 2011-2014 David R. Lamprea.
  Copyright 2011-2016 Marcel Rothering.

  Licensed under the EUPL 1.1 or later.
  See http://www.resummino.org/ for more information.

  If using Resummino for slepton pair production, please cite.
  - G. Bozzi, B. Fuks, M. Klasen, PRD 74, 015001 (2006); NPB 777, 157 (2007); NPB 794, 46 (2007).
  - B. Fuks, M. Klasen, D. R. Lamprea, M. Rothering, EPJC 73, 2480 (2013).

  For gaugino pair production, please cite:
  - J. Debove, B. Fuks, M. Klasen, PLB 688, 208 (2010); NPB 842, 51 (2011); NPB 849, 64 (2011).
  - B. Fuks, M. Klasen, D. R. Lamprea, M. Rothering, JHEP 1210, 081 (2012); EPJC 73, 2480 (2013).

  For associated gaugino gluino production, please cite:
  - B. Fuks, M. Klasen, M. Rothering, JHEP 07:053, (2016).
  - B. Fuks, M. Klasen, D. R. Lamprea, M. Rothering, EPJC 73, 2480 (2013).

LHAPDF 6.2.3 loading /pool/condor/dir_29027/resummino-releases/lhapdf-prefix/share/LHAPDF/PDF4LHC21_40/PDF4LHC21_40_0000.dat
PDF4LHC21_40 PDF set, member #0, version 1
 alpha_s(M_Z^2) = 0.1180 	 for LO PDF set 
 alpha_s(950.000^2) = 0.0873 	 for LO PDF set 

********************
* LO cross section *
********************
The limits of integration are:

xl[0]=0.000000    xu[0]=1.000000
xl[1]=0.000000    xu[1]=1.000000
xl[2]=0.000000    xu[2]=1.000000

num_dim=3, calls=2000, it_num=1, max_it_num=5 verb=0, alph=1.50,
mode=0, bins=50, boxes=1

       single.......iteration                   accumulated......results   
iteration     integral    sigma             integral         sigma     chi-sq/it

   1        5.9113e-14   1.74e-15          5.9113e-14      1.74e-15    0.00e+00
   2        6.2021e-14   6.29e-16          6.1683e-14      5.91e-16    2.48e+00
   3        6.2859e-14   3.39e-16          6.2568e-14      2.94e-16    2.73e+00
   4        6.2079e-14   3.21e-16          6.2344e-14      2.17e-16    2.24e+00
   5        6.2046e-14   3.31e-16          6.2255e-14      1.81e-16    1.82e+00

num_dim=3, calls=20000, it_num=1, max_it_num=5 verb=0, alph=1.50,
mode=0, bins=50, boxes=1

       single.......iteration                   accumulated......results   
iteration     integral    sigma             integral         sigma     chi-sq/it

   1        6.2308e-14   1.01e-16          6.2308e-14      1.01e-16    0.00e+00
   2        6.2293e-14   9.86e-17          6.2300e-14      7.07e-17    1.23e-02
   3        6.2440e-14   9.73e-17          6.2348e-14      5.72e-17    6.75e-01
   4        6.2430e-14   1.03e-16          6.2368e-14      5.00e-17    6.09e-01
   5        6.2171e-14   1.04e-16          6.2331e-14      4.51e-17    1.18e+00
LO = (6.2330556e-14 +- 4.5093097e-17) pb
LHAPDF 6.2.3 loading /pool/condor/dir_29027/resummino-releases/lhapdf-prefix/share/LHAPDF/PDF4LHC21_40/PDF4LHC21_40_0000.dat
PDF4LHC21_40 PDF set, member #0, version 1
 alpha_s(M_Z^2) = 0.1180 	 for NLO PDF set 
 alpha_s(950.000^2) = 0.0873 	 for NLO PDF set 

********************
* LO cross section *
********************
The limits of integration are:

xl[0]=0.000000    xu[0]=1.000000
xl[1]=0.000000    xu[1]=1.000000
xl[2]=0.000000    xu[2]=1.000000

num_dim=3, calls=2000, it_num=1, max_it_num=5 verb=0, alph=1.50,
mode=0, bins=50, boxes=1

       single.......iteration                   accumulated......results   
iteration     integral    sigma             integral         sigma     chi-sq/it

   1        5.9113e-14   1.74e-15          5.9113e-14      1.74e-15    0.00e+00
   2        6.2021e-14   6.29e-16          6.1683e-14      5.91e-16    2.48e+00
   3        6.2859e-14   3.39e-16          6.2568e-14      2.94e-16    2.73e+00
   4        6.2079e-14   3.21e-16          6.2344e-14      2.17e-16    2.24e+00
   5        6.2046e-14   3.31e-16          6.2255e-14      1.81e-16    1.82e+00

num_dim=3, calls=20000, it_num=1, max_it_num=5 verb=0, alph=1.50,
mode=0, bins=50, boxes=1

       single.......iteration                   accumulated......results   
iteration     integral    sigma             integral         sigma     chi-sq/it

   1        6.2308e-14   1.01e-16          6.2308e-14      1.01e-16    0.00e+00
   2        6.2293e-14   9.86e-17          6.2300e-14      7.07e-17    1.23e-02
   3        6.2440e-14   9.73e-17          6.2348e-14      5.72e-17    6.75e-01
   4        6.2430e-14   1.03e-16          6.2368e-14      5.00e-17    6.09e-01
   5        6.2171e-14   1.04e-16          6.2331e-14      4.51e-17    1.18e+00
   5        6.2233e-14   1.04e-16          6.2315e-14      4.14e-17    1.09e+00
   5        6.2386e-14   1.04e-16          6.2325e-14      3.85e-17    9.78e-01
   5        6.2182e-14   1.07e-16          6.2308e-14      3.62e-17    1.06e+00
   5        6.2193e-14   1.09e-16          6.2297e-14      3.43e-17    1.06e+00
   5        6.2125e-14   1.12e-16          6.2282e-14      3.28e-17    1.18e+00
   5        6.2248e-14   1.18e-16          6.2280e-14      3.16e-17    1.07e+00
   5        6.2237e-14   1.20e-16          6.2277e-14      3.06e-17    9.83e-01
   5        6.2396e-14   1.27e-16          6.2283e-14      2.97e-17    9.70e-01
   5        6.2236e-14   1.34e-16          6.2281e-14      2.90e-17    9.04e-01
   5        6.2309e-14   1.42e-16          6.2282e-14      2.84e-17    8.42e-01
   5        6.2119e-14   1.47e-16          6.2276e-14      2.79e-17    8.65e-01
   5        6.2156e-14   1.49e-16          6.2272e-14      2.75e-17    8.50e-01
   5        6.2432e-14   1.52e-16          6.2277e-14      2.70e-17    8.63e-01
   5        6.2498e-14   1.64e-16          6.2283e-14      2.67e-17    9.12e-01
   5        6.2545e-14   1.60e-16          6.2290e-14      2.63e-17    1.00e+00
   5        6.2134e-14   1.63e-16          6.2286e-14      2.60e-17    9.96e-01
   5        6.2376e-14   1.68e-16          6.2288e-14      2.57e-17    9.62e-01
   5        6.2407e-14   1.75e-16          6.2291e-14      2.54e-17    9.39e-01
   5        6.2266e-14   1.82e-16          6.2290e-14      2.51e-17    8.99e-01
   5        6.2518e-14   1.84e-16          6.2295e-14      2.49e-17    9.24e-01
   5        6.2181e-14   1.84e-16          6.2293e-14      2.47e-17    9.02e-01
   5        6.2739e-14   1.94e-16          6.2300e-14      2.45e-17    1.07e+00
   5        6.2321e-14   1.83e-16          6.2300e-14      2.43e-17    1.03e+00
   5        6.2283e-14   1.87e-16          6.2300e-14      2.41e-17    9.93e-01
   5        6.2373e-14   1.94e-16          6.2301e-14      2.39e-17    9.64e-01
   5        6.2247e-14   1.91e-16          6.2300e-14      2.37e-17    9.34e-01
   5        6.2289e-14   1.99e-16          6.2300e-14      2.35e-17    9.04e-01
   5        6.2515e-14   1.94e-16          6.2303e-14      2.34e-17    9.14e-01
   5        6.2103e-14   1.99e-16          6.2300e-14      2.32e-17    9.16e-01
   5        6.1972e-14   1.97e-16          6.2296e-14      2.30e-17    9.70e-01
   5        6.2495e-14   2.02e-16          6.2298e-14      2.29e-17    9.70e-01
   5        6.1801e-14   2.02e-16          6.2292e-14      2.27e-17    1.11e+00
   5        6.2109e-14   2.09e-16          6.2290e-14      2.26e-17    1.10e+00
   5        6.2494e-14   2.05e-16          6.2292e-14      2.25e-17    1.10e+00
   5        6.2258e-14   2.07e-16          6.2292e-14      2.23e-17    1.07e+00
   5        6.2346e-14   2.11e-16          6.2293e-14      2.22e-17    1.04e+00
   5        6.2183e-14   2.12e-16          6.2291e-14      2.21e-17    1.03e+00
   5        6.2751e-14   2.18e-16          6.2296e-14      2.20e-17    1.11e+00
   5        6.2429e-14   2.16e-16          6.2297e-14      2.19e-17    1.09e+00
   5        6.2061e-14   2.21e-16          6.2295e-14      2.18e-17    1.09e+00
   5        6.2243e-14   2.26e-16          6.2295e-14      2.17e-17    1.07e+00
   5        6.2613e-14   2.35e-16          6.2297e-14      2.16e-17    1.08e+00
   5        6.1762e-14   2.28e-16          6.2293e-14      2.15e-17    1.18e+00
   5        6.2774e-14   2.34e-16          6.2297e-14      2.14e-17    1.24e+00
   5        6.2684e-14   2.32e-16          6.2300e-14      2.13e-17    1.27e+00
   5        6.2266e-14   2.30e-16          6.2300e-14      2.12e-17    1.25e+00
   5        6.1801e-14   2.33e-16          6.2295e-14      2.11e-17    1.31e+00
   5        6.2356e-14   2.39e-16          6.2296e-14      2.10e-17    1.29e+00
   5        6.2353e-14   2.42e-16          6.2296e-14      2.10e-17    1.26e+00
   5        6.2746e-14   2.35e-16          6.2300e-14      2.09e-17    1.31e+00
LO = (6.2299925e-14 +- 2.0877832e-17) pb

*******************************************
* virtual corrections + integrated dipole *
*******************************************
The limits of integration are:

xl[0]=0.000000    xu[0]=1.000000
xl[1]=0.000000    xu[1]=1.000000
xl[2]=0.000000    xu[2]=1.000000

num_dim=3, calls=240, it_num=1, max_it_num=5 verb=0, alph=1.50,
mode=0, bins=50, boxes=1

       single.......iteration                   accumulated......results   
iteration     integral    sigma             integral         sigma     chi-sq/it

   1        7.0890e-15   6.22e-16          7.0890e-15      6.22e-16    0.00e+00
   2        7.5599e-15   3.43e-16          7.4498e-15      3.01e-16    4.39e-01
   3        8.1725e-15   2.07e-16          7.9403e-15      1.70e-16    2.18e+00
   4        8.1885e-15   1.48e-16          8.0821e-15      1.12e-16    1.86e+00
   5        8.4947e-15   1.83e-16          8.1938e-15      9.52e-17    2.32e+00

num_dim=3, calls=1200, it_num=1, max_it_num=3 verb=0, alph=1.50,
mode=0, bins=50, boxes=1

       single.......iteration                   accumulated......results   
iteration     integral    sigma             integral         sigma     chi-sq/it

   1        7.9670e-15   7.65e-17          7.9670e-15      7.65e-17    0.00e+00
   2        8.1322e-15   6.03e-17          8.0688e-15      4.74e-17    2.87e+00
   3        8.0849e-15   5.60e-17          8.0756e-15      3.62e-17    1.46e+00
   3        8.2421e-15   5.77e-17          8.1225e-15      3.06e-17    2.97e+00
   3        8.0329e-15   5.85e-17          8.1032e-15      2.71e-17    2.68e+00
   3        8.1315e-15   5.71e-17          8.1084e-15      2.45e-17    2.19e+00
   3        8.0514e-15   6.05e-17          8.1004e-15      2.27e-17    1.95e+00
   3        8.1734e-15   5.73e-17          8.1103e-15      2.11e-17    1.87e+00
   3        8.1545e-15   5.59e-17          8.1158e-15      1.98e-17    1.71e+00
   3        8.0972e-15   5.63e-17          8.1138e-15      1.86e-17    1.53e+00
   3        8.0959e-15   5.88e-17          8.1122e-15      1.78e-17    1.38e+00
vNLO = (8.1121606e-15 +- 1.7769766e-17) pb

*****************************
* collinear remainder (P+K) *
*****************************
The limits of integration are:

xl[0]=0.000000    xu[0]=1.000000
xl[1]=0.000000    xu[1]=1.000000
xl[2]=0.000000    xu[2]=1.000000
xl[3]=0.000000    xu[3]=1.000000

num_dim=4, calls=2500, it_num=1, max_it_num=5 verb=0, alph=1.50,
mode=0, bins=50, boxes=1

       single.......iteration                   accumulated......results   
iteration     integral    sigma             integral         sigma     chi-sq/it

   1        1.1779e-14   5.80e-16          1.1779e-14      5.80e-16    0.00e+00
   2        1.1849e-14   2.30e-16          1.1839e-14      2.14e-16    1.24e-02
   3        1.1852e-14   1.82e-16          1.1847e-14      1.38e-16    7.26e-03
   4        1.1925e-14   1.75e-16          1.1877e-14      1.09e-16    4.58e-02
   5        1.2023e-14   1.74e-16          1.1918e-14      9.22e-17    1.61e-01

num_dim=4, calls=25000, it_num=1, max_it_num=3 verb=0, alph=1.50,
mode=0, bins=50, boxes=1

       single.......iteration                   accumulated......results   
iteration     integral    sigma             integral         sigma     chi-sq/it

   1        1.2040e-14   5.39e-17          1.2040e-14      5.39e-17    0.00e+00
   2        1.2055e-14   5.34e-17          1.2047e-14      3.79e-17    3.99e-02
   3        1.1913e-14   5.39e-17          1.2003e-14      3.10e-17    2.11e+00
   3        1.1964e-14   5.42e-17          1.1993e-14      2.69e-17    1.53e+00
   3        1.1907e-14   5.45e-17          1.1976e-14      2.41e-17    1.65e+00
   3        1.1887e-14   5.42e-17          1.1962e-14      2.21e-17    1.77e+00
   3        1.1925e-14   5.40e-17          1.1956e-14      2.04e-17    1.54e+00
   3        1.1941e-14   5.44e-17          1.1954e-14      1.91e-17    1.33e+00
P+K = (1.1954472e-14 +- 1.9113692e-17) pb

********************************
* real gluon emission - dipole *
********************************
The limits of integration are:

xl[0]=0.000000    xu[0]=1.000000
xl[1]=0.000000    xu[1]=1.000000
xl[2]=0.000000    xu[2]=1.000000
xl[3]=0.000000    xu[3]=1.000000
xl[4]=0.000000    xu[4]=1.000000
xl[5]=0.000000    xu[5]=1.000000

num_dim=6, calls=250, it_num=1, max_it_num=5 verb=0, alph=1.50,
mode=0, bins=50, boxes=1

       single.......iteration                   accumulated......results   
iteration     integral    sigma             integral         sigma     chi-sq/it

   1        -7.7298e-17   2.61e-17          -7.7298e-17      2.61e-17    0.00e+00
   2        -8.8749e-17   1.96e-17          -8.4606e-17      1.57e-17    1.23e-01
   3        -5.0709e-17   5.06e-18          -5.3905e-17      4.82e-18    2.18e+00
   4        -6.0735e-17   5.10e-18          -5.7123e-17      3.50e-18    1.77e+00
   5        -6.7486e-17   4.53e-18          -6.0997e-17      2.77e-18    2.14e+00

num_dim=6, calls=2500, it_num=1, max_it_num=3 verb=0, alph=1.50,
mode=0, bins=50, boxes=1

       single.......iteration                   accumulated......results   
iteration     integral    sigma             integral         sigma     chi-sq/it

   1        -7.1408e-17   1.53e-18          -7.1408e-17      1.53e-18    0.00e+00
   2        -6.9247e-17   9.20e-19          -6.9822e-17      7.88e-19    1.47e+00
   3        -7.0390e-17   9.01e-19          -7.0068e-17      5.93e-19    8.47e-01
rNLOg = (-7.0068111e-17 +- 5.9306726e-19) pb

**************************************************
* real light quark emission - dipole - (onshell) *
**************************************************
The limits of integration are:

xl[0]=0.000000    xu[0]=1.000000
xl[1]=0.000000    xu[1]=1.000000
xl[2]=0.000000    xu[2]=1.000000
xl[3]=0.000000    xu[3]=1.000000
xl[4]=0.000000    xu[4]=1.000000
xl[5]=0.000000    xu[5]=1.000000

num_dim=6, calls=5000, it_num=1, max_it_num=5 verb=0, alph=1.50,
mode=0, bins=50, boxes=1

       single.......iteration                   accumulated......results   
iteration     integral    sigma             integral         sigma     chi-sq/it

   1        1.3619e-16   8.82e-18          1.3619e-16      8.82e-18    0.00e+00
   2        1.3079e-16   2.41e-18          1.3116e-16      2.32e-18    3.49e-01
   3        1.2971e-16   1.42e-18          1.3011e-16      1.21e-18    3.17e-01
   4        1.2876e-16   1.09e-18          1.2936e-16      8.08e-19    4.40e-01
   5        1.2934e-16   9.18e-19          1.2935e-16      6.06e-19    3.30e-01

num_dim=6, calls=50000, it_num=1, max_it_num=5 verb=0, alph=1.50,
mode=0, bins=50, boxes=1

       single.......iteration                   accumulated......results   
iteration     integral    sigma             integral         sigma     chi-sq/it

   1        1.2921e-16   2.74e-19          1.2921e-16      2.74e-19    0.00e+00
   2        1.2990e-16   3.55e-19          1.2947e-16      2.17e-19    2.37e+00
   3        1.3017e-16   3.60e-19          1.2965e-16      1.86e-19    2.59e+00
   4        1.2970e-16   2.97e-19          1.2967e-16      1.58e-19    1.74e+00
   5        1.2988e-16   3.50e-19          1.2970e-16      1.44e-19    1.38e+00
rNLOq = (1.2970374e-16 +- 1.4359749e-19) pb
NLO = (8.2426193e-14 +- 3.3426846e-17) pb
#chisq/dof = 2.00664e-09
#status = success
#chisq/dof = 7.39093e-10
#status = success
#chisq/dof = 6.0078e-10
#status = success
#chisq/dof = 1.17821e-09
#status = success
#chisq/dof = 6.45956e-11
#status = success
#chisq/dof = 3.27725e-12
#status = success
#chisq/dof = 1.78433e-10
#status = success
#chisq/dof = 2.53791e-11
#status = success

*******************************************************
* threshold resummation (unimproved nnll) - expansion *
*******************************************************
The limits of integration are:

xl[0]=0.000000    xu[0]=1.000000
xl[1]=0.000000    xu[1]=1.000000
xl[2]=0.000000    xu[2]=1.000000

num_dim=3, calls=7000, it_num=1, max_it_num=5 verb=0, alph=1.50,
mode=0, bins=50, boxes=1

       single.......iteration                   accumulated......results   
iteration     integral    sigma             integral         sigma     chi-sq/it

   1        1.0636e-15   3.11e-16          1.0636e-15      3.11e-16    0.00e+00
   2        6.0885e-16   7.05e-17          6.3103e-16      6.88e-17    2.03e+00
   3        5.0235e-16   5.31e-17          5.5046e-16      4.21e-17    2.11e+00
   4        5.8811e-16   5.07e-17          5.6582e-16      3.24e-17    1.52e+00
   5        6.2909e-16   5.03e-17          5.8436e-16      2.72e-17    1.42e+00

num_dim=3, calls=35000, it_num=1, max_it_num=5 verb=0, alph=1.50,
mode=0, bins=50, boxes=1

       single.......iteration                   accumulated......results   
iteration     integral    sigma             integral         sigma     chi-sq/it

   1        6.7781e-16   2.20e-17          6.7781e-16      2.20e-17    0.00e+00
   2        7.0743e-16   2.19e-17          6.9268e-16      1.56e-17    9.07e-01
   3        7.0099e-16   2.20e-17          6.9546e-16      1.27e-17    5.01e-01
   4        6.8582e-16   2.19e-17          6.9303e-16      1.10e-17    3.82e-01
   5        6.5687e-16   2.18e-17          6.8570e-16      9.80e-18    8.37e-01
aNNLO+NNLL = (8.3111889e-14 +- 3.4834472e-17) pb

Results:
LO = (6.2330556e-14 +- 4.5093097e-17) pb
NLO = (8.2426193e-14 +- 3.3426846e-17) pb
aNNLO+NNLL = (8.3111889e-14 +- 3.4834472e-17) pb
Thanks for using LHAPDF 6.2.3. Please make sure to cite the paper:
  Eur.Phys.J. C75 (2015) 3, 132  (http://arxiv.org/abs/1412.7420)
 ====================================================
   FF 2.0, a package to evaluate one-loop integrals
 written by G. J. van Oldenborgh, NIKHEF-H, Amsterdam
 ====================================================
 for the algorithms used see preprint NIKHEF-H 89/17,
 'New Algorithms for One-loop Integrals', by G.J. van
 Oldenborgh and J.A.M. Vermaseren, published in 
 Zeitschrift fuer Physik C46(1990)425.
 ====================================================
 
total number of errors and warnings
===================================
fferr: no errors
 
