
  Welcome to Resummino git-latest
  Copyright 2008-2010 Jonathan Debove.
  Copyright 2011-2014 David R. Lamprea.
  Copyright 2011-2016 Marcel Rothering.

  Licensed under the EUPL 1.1 or later.
  See http://www.resummino.org/ for more information.

  If using Resummino for slepton pair production, please cite.
  - G. Bozzi, B. Fuks, M. Klasen, PRD 74, 015001 (2006); NPB 777, 157 (2007); NPB 794, 46 (2007).
  - B. Fuks, M. Klasen, D. R. Lamprea, M. Rothering, EPJC 73, 2480 (2013).

  For gaugino pair production, please cite:
  - J. Debove, B. Fuks, M. Klasen, PLB 688, 208 (2010); NPB 842, 51 (2011); NPB 849, 64 (2011).
  - B. Fuks, M. Klasen, D. R. Lamprea, M. Rothering, JHEP 1210, 081 (2012); EPJC 73, 2480 (2013).

  For associated gaugino gluino production, please cite:
  - B. Fuks, M. Klasen, M. Rothering, JHEP 07:053, (2016).
  - B. Fuks, M. Klasen, D. R. Lamprea, M. Rothering, EPJC 73, 2480 (2013).

LHAPDF 6.2.3 loading /pool/condor/dir_5104/resummino-releases/lhapdf-prefix/share/LHAPDF/PDF4LHC21_40/PDF4LHC21_40_0000.dat
PDF4LHC21_40 PDF set, member #0, version 1
 alpha_s(M_Z^2) = 0.1180 	 for LO PDF set 
 alpha_s(1300.000^2) = 0.0844 	 for LO PDF set 

********************
* LO cross section *
********************
The limits of integration are:

xl[0]=0.000000    xu[0]=1.000000
xl[1]=0.000000    xu[1]=1.000000
xl[2]=0.000000    xu[2]=1.000000

num_dim=3, calls=2000, it_num=1, max_it_num=5 verb=0, alph=1.50,
mode=0, bins=50, boxes=1

       single.......iteration                   accumulated......results   
iteration     integral    sigma             integral         sigma     chi-sq/it

   1        4.2969e-13   1.31e-14          4.2969e-13      1.31e-14    0.00e+00
   2        4.5302e-13   4.74e-15          4.5034e-13      4.45e-15    2.79e+00
   3        4.5882e-13   2.61e-15          4.5666e-13      2.25e-15    2.75e+00
   4        4.5350e-13   2.45e-15          4.5522e-13      1.66e-15    2.13e+00
   5        4.5174e-13   2.55e-15          4.5419e-13      1.39e-15    1.93e+00

num_dim=3, calls=20000, it_num=1, max_it_num=5 verb=0, alph=1.50,
mode=0, bins=50, boxes=1

       single.......iteration                   accumulated......results   
iteration     integral    sigma             integral         sigma     chi-sq/it

   1        4.5507e-13   7.82e-16          4.5507e-13      7.82e-16    0.00e+00
   2        4.5501e-13   7.60e-16          4.5504e-13      5.45e-16    3.36e-03
   3        4.5620e-13   7.54e-16          4.5544e-13      4.42e-16    7.82e-01
   4        4.5605e-13   7.97e-16          4.5558e-13      3.86e-16    6.73e-01
   5        4.5432e-13   7.99e-16          4.5534e-13      3.48e-16    1.01e+00
LO = (4.5534325e-13 +- 3.4786115e-16) pb
LHAPDF 6.2.3 loading /pool/condor/dir_5104/resummino-releases/lhapdf-prefix/share/LHAPDF/PDF4LHC21_40/PDF4LHC21_40_0023.dat
PDF4LHC21_40 PDF set, member #23, version 1
 alpha_s(M_Z^2) = 0.1180 	 for NLO PDF set 
 alpha_s(1300.000^2) = 0.0844 	 for NLO PDF set 

********************
* LO cross section *
********************
The limits of integration are:

xl[0]=0.000000    xu[0]=1.000000
xl[1]=0.000000    xu[1]=1.000000
xl[2]=0.000000    xu[2]=1.000000

num_dim=3, calls=2000, it_num=1, max_it_num=5 verb=0, alph=1.50,
mode=0, bins=50, boxes=1

       single.......iteration                   accumulated......results   
iteration     integral    sigma             integral         sigma     chi-sq/it

   1        4.3451e-13   1.30e-14          4.3451e-13      1.30e-14    0.00e+00
   2        4.5804e-13   4.72e-15          4.5528e-13      4.43e-15    2.91e+00
   3        4.6339e-13   2.59e-15          4.6133e-13      2.23e-15    2.70e+00
   4        4.5792e-13   2.43e-15          4.5977e-13      1.64e-15    2.16e+00
   5        4.5670e-13   2.50e-15          4.5884e-13      1.37e-15    1.88e+00

num_dim=3, calls=20000, it_num=1, max_it_num=5 verb=0, alph=1.50,
mode=0, bins=50, boxes=1

       single.......iteration                   accumulated......results   
iteration     integral    sigma             integral         sigma     chi-sq/it

   1        4.5974e-13   7.68e-16          4.5974e-13      7.68e-16    0.00e+00
   2        4.5967e-13   7.48e-16          4.5970e-13      5.36e-16    4.00e-03
   3        4.6081e-13   7.40e-16          4.6008e-13      4.34e-16    7.36e-01
   4        4.6076e-13   7.83e-16          4.6024e-13      3.79e-16    6.80e-01
   5        4.5906e-13   7.86e-16          4.6002e-13      3.42e-16    9.71e-01
   5        4.5912e-13   7.88e-16          4.5988e-13      3.13e-16    9.96e-01
   5        4.6045e-13   7.84e-16          4.5995e-13      2.91e-16    9.06e-01
   5        4.5906e-13   7.99e-16          4.5985e-13      2.74e-16    9.36e-01
   5        4.5909e-13   8.16e-16          4.5977e-13      2.59e-16    9.17e-01
   5        4.5910e-13   8.32e-16          4.5971e-13      2.48e-16    8.81e-01
   5        4.5934e-13   8.78e-16          4.5968e-13      2.38e-16    8.09e-01
   5        4.5977e-13   8.92e-16          4.5969e-13      2.30e-16    7.36e-01
   5        4.6058e-13   9.32e-16          4.5974e-13      2.24e-16    7.47e-01
   5        4.5922e-13   9.79e-16          4.5972e-13      2.18e-16    7.11e-01
   5        4.5972e-13   1.03e-15          4.5972e-13      2.13e-16    6.60e-01
   5        4.5863e-13   1.07e-15          4.5967e-13      2.09e-16    6.82e-01
   5        4.5857e-13   1.08e-15          4.5963e-13      2.05e-16    7.02e-01
   5        4.6043e-13   1.10e-15          4.5966e-13      2.02e-16    6.90e-01
   5        4.6068e-13   1.19e-15          4.5969e-13      1.99e-16    6.91e-01
   5        4.6120e-13   1.15e-15          4.5973e-13      1.96e-16    7.43e-01
   5        4.5860e-13   1.19e-15          4.5970e-13      1.93e-16    7.51e-01
   5        4.6028e-13   1.21e-15          4.5972e-13      1.91e-16    7.26e-01
   5        4.6040e-13   1.25e-15          4.5973e-13      1.89e-16    7.06e-01
   5        4.6012e-13   1.35e-15          4.5974e-13      1.87e-16    6.79e-01
   5        4.6114e-13   1.34e-15          4.5977e-13      1.85e-16    6.95e-01
   5        4.5895e-13   1.36e-15          4.5975e-13      1.84e-16    6.81e-01
   5        4.6305e-13   1.44e-15          4.5981e-13      1.82e-16    8.52e-01
   5        4.5978e-13   1.36e-15          4.5981e-13      1.80e-16    8.21e-01
   5        4.5938e-13   1.39e-15          4.5980e-13      1.79e-16    7.95e-01
   5        4.6025e-13   1.43e-15          4.5981e-13      1.78e-16    7.71e-01
   5        4.5901e-13   1.44e-15          4.5979e-13      1.76e-16    7.55e-01
   5        4.5935e-13   1.52e-15          4.5979e-13      1.75e-16    7.33e-01
   5        4.6169e-13   1.46e-15          4.5981e-13      1.74e-16    7.62e-01
   5        4.5889e-13   1.51e-15          4.5980e-13      1.73e-16    7.50e-01
   5        4.5705e-13   1.49e-15          4.5977e-13      1.72e-16    8.28e-01
   5        4.6098e-13   1.51e-15          4.5978e-13      1.70e-16    8.22e-01
   5        4.5562e-13   1.52e-15          4.5973e-13      1.69e-16    1.01e+00
   5        4.5785e-13   1.57e-15          4.5971e-13      1.68e-16    1.02e+00
   5        4.6105e-13   1.56e-15          4.5972e-13      1.67e-16    1.01e+00
   5        4.5963e-13   1.60e-15          4.5972e-13      1.67e-16    9.83e-01
   5        4.6028e-13   1.62e-15          4.5973e-13      1.66e-16    9.62e-01
   5        4.5903e-13   1.61e-15          4.5972e-13      1.65e-16    9.43e-01
   5        4.6295e-13   1.65e-15          4.5975e-13      1.64e-16    1.01e+00
   5        4.6116e-13   1.65e-15          4.5977e-13      1.63e-16    1.00e+00
   5        4.5818e-13   1.69e-15          4.5975e-13      1.62e-16    1.00e+00
   5        4.5944e-13   1.72e-15          4.5975e-13      1.62e-16    9.80e-01
   5        4.6245e-13   1.78e-15          4.5977e-13      1.61e-16    1.01e+00
   5        4.5584e-13   1.75e-15          4.5974e-13      1.60e-16    1.09e+00
   5        4.6355e-13   1.81e-15          4.5977e-13      1.60e-16    1.16e+00
   5        4.6263e-13   1.78e-15          4.5979e-13      1.59e-16    1.19e+00
   5        4.5963e-13   1.79e-15          4.5979e-13      1.58e-16    1.17e+00
   5        4.5605e-13   1.79e-15          4.5976e-13      1.58e-16    1.23e+00
   5        4.5991e-13   1.84e-15          4.5976e-13      1.57e-16    1.20e+00
   5        4.6015e-13   1.90e-15          4.5976e-13      1.57e-16    1.18e+00
   5        4.6250e-13   1.85e-15          4.5978e-13      1.56e-16    1.20e+00
LO = (4.5978352e-13 +- 1.5615139e-16) pb

*******************************************
* virtual corrections + integrated dipole *
*******************************************
The limits of integration are:

xl[0]=0.000000    xu[0]=1.000000
xl[1]=0.000000    xu[1]=1.000000
xl[2]=0.000000    xu[2]=1.000000

num_dim=3, calls=240, it_num=1, max_it_num=5 verb=0, alph=1.50,
mode=0, bins=50, boxes=1

       single.......iteration                   accumulated......results   
iteration     integral    sigma             integral         sigma     chi-sq/it

   1        4.9006e-14   4.28e-15          4.9006e-14      4.28e-15    0.00e+00
   2        5.3978e-14   2.51e-15          5.2703e-14      2.17e-15    1.00e+00
   3        5.8626e-14   1.50e-15          5.6715e-14      1.23e-15    3.03e+00
   4        5.8902e-14   1.06e-15          5.7974e-14      8.01e-16    2.63e+00
   5        6.0172e-14   1.27e-15          5.8598e-14      6.78e-16    2.51e+00

num_dim=3, calls=1200, it_num=1, max_it_num=3 verb=0, alph=1.50,
mode=0, bins=50, boxes=1

       single.......iteration                   accumulated......results   
iteration     integral    sigma             integral         sigma     chi-sq/it

   1        5.6669e-14   5.58e-16          5.6669e-14      5.58e-16    0.00e+00
   2        5.8030e-14   4.36e-16          5.7513e-14      3.44e-16    3.69e+00
   3        5.7527e-14   4.10e-16          5.7519e-14      2.63e-16    1.85e+00
   3        5.8705e-14   4.12e-16          5.7863e-14      2.22e-16    3.19e+00
   3        5.7150e-14   4.24e-16          5.7710e-14      1.97e-16    2.95e+00
   3        5.7968e-14   4.10e-16          5.7758e-14      1.77e-16    2.42e+00
   3        5.7099e-14   4.40e-16          5.7666e-14      1.65e-16    2.34e+00
   3        5.8239e-14   4.11e-16          5.7745e-14      1.53e-16    2.24e+00
   3        5.8125e-14   4.11e-16          5.7791e-14      1.43e-16    2.06e+00
   3        5.7676e-14   4.10e-16          5.7779e-14      1.35e-16    1.84e+00
   3        5.7742e-14   4.32e-16          5.7775e-14      1.29e-16    1.65e+00
   3        5.7982e-14   4.31e-16          5.7792e-14      1.24e-16    1.52e+00
   3        5.8239e-14   4.24e-16          5.7827e-14      1.19e-16    1.48e+00
vNLO = (5.7827272e-14 +- 1.1865963e-16) pb

*****************************
* collinear remainder (P+K) *
*****************************
The limits of integration are:

xl[0]=0.000000    xu[0]=1.000000
xl[1]=0.000000    xu[1]=1.000000
xl[2]=0.000000    xu[2]=1.000000
xl[3]=0.000000    xu[3]=1.000000

num_dim=4, calls=2500, it_num=1, max_it_num=5 verb=0, alph=1.50,
mode=0, bins=50, boxes=1

       single.......iteration                   accumulated......results   
iteration     integral    sigma             integral         sigma     chi-sq/it

   1        6.1979e-14   3.76e-15          6.1979e-14      3.76e-15    0.00e+00
   2        6.2211e-14   1.51e-15          6.2179e-14      1.40e-15    3.26e-03
   3        6.2546e-14   1.24e-15          6.2384e-14      9.28e-16    2.10e-02
   4        6.2729e-14   1.20e-15          6.2513e-14      7.35e-16    3.11e-02
   5        6.3902e-14   1.18e-15          6.2899e-14      6.24e-16    2.72e-01

num_dim=4, calls=25000, it_num=1, max_it_num=3 verb=0, alph=1.50,
mode=0, bins=50, boxes=1

       single.......iteration                   accumulated......results   
iteration     integral    sigma             integral         sigma     chi-sq/it

   1        6.3817e-14   3.70e-16          6.3817e-14      3.70e-16    0.00e+00
   2        6.3838e-14   3.68e-16          6.3828e-14      2.61e-16    1.55e-03
   3        6.2867e-14   3.71e-16          6.3511e-14      2.14e-16    2.24e+00
   3        6.3394e-14   3.71e-16          6.3482e-14      1.85e-16    1.52e+00
   3        6.2722e-14   3.74e-16          6.3332e-14      1.66e-16    1.96e+00
   3        6.2663e-14   3.73e-16          6.3221e-14      1.52e-16    2.11e+00
   3        6.2902e-14   3.72e-16          6.3176e-14      1.40e-16    1.86e+00
   3        6.3215e-14   3.73e-16          6.3181e-14      1.31e-16    1.60e+00
   3        6.3195e-14   3.78e-16          6.3183e-14      1.24e-16    1.40e+00
P+K = (6.3182543e-14 +- 1.2410897e-16) pb

********************************
* real gluon emission - dipole *
********************************
The limits of integration are:

xl[0]=0.000000    xu[0]=1.000000
xl[1]=0.000000    xu[1]=1.000000
xl[2]=0.000000    xu[2]=1.000000
xl[3]=0.000000    xu[3]=1.000000
xl[4]=0.000000    xu[4]=1.000000
xl[5]=0.000000    xu[5]=1.000000

num_dim=6, calls=250, it_num=1, max_it_num=5 verb=0, alph=1.50,
mode=0, bins=50, boxes=1

       single.......iteration                   accumulated......results   
iteration     integral    sigma             integral         sigma     chi-sq/it

   1        -8.0933e-16   2.89e-16          -8.0933e-16      2.89e-16    0.00e+00
   2        -8.8194e-16   2.13e-16          -8.5644e-16      1.71e-16    4.09e-02
   3        -5.7343e-16   7.44e-17          -6.1824e-16      6.82e-17    1.17e+00
   4        -6.8116e-16   7.50e-17          -6.4675e-16      5.05e-17    9.07e-01
   5        -7.3938e-16   5.25e-17          -6.9126e-16      3.64e-17    1.09e+00

num_dim=6, calls=2500, it_num=1, max_it_num=3 verb=0, alph=1.50,
mode=0, bins=50, boxes=1

       single.......iteration                   accumulated......results   
iteration     integral    sigma             integral         sigma     chi-sq/it

   1        -7.3875e-16   1.61e-17          -7.3875e-16      1.61e-17    0.00e+00
   2        -6.9800e-16   9.69e-18          -7.0886e-16      8.30e-18    4.71e+00
   3        -7.1619e-16   1.09e-17          -7.1155e-16      6.61e-18    2.50e+00
rNLOg = (-7.1154834e-16 +- 6.6050251e-18) pb

**************************************************
* real light quark emission - dipole - (onshell) *
**************************************************
The limits of integration are:

xl[0]=0.000000    xu[0]=1.000000
xl[1]=0.000000    xu[1]=1.000000
xl[2]=0.000000    xu[2]=1.000000
xl[3]=0.000000    xu[3]=1.000000
xl[4]=0.000000    xu[4]=1.000000
xl[5]=0.000000    xu[5]=1.000000

num_dim=6, calls=5000, it_num=1, max_it_num=5 verb=0, alph=1.50,
mode=0, bins=50, boxes=1

       single.......iteration                   accumulated......results   
iteration     integral    sigma             integral         sigma     chi-sq/it

   1        1.4894e-15   9.59e-17          1.4894e-15      9.59e-17    0.00e+00
   2        1.5226e-15   3.04e-17          1.5196e-15      2.90e-17    1.09e-01
   3        1.4738e-15   1.62e-17          1.4847e-15      1.41e-17    1.01e+00
   4        1.4637e-15   1.20e-17          1.4725e-15      9.17e-18    1.09e+00
   5        1.4721e-15   1.07e-17          1.4724e-15      6.95e-18    8.21e-01

num_dim=6, calls=50000, it_num=1, max_it_num=5 verb=0, alph=1.50,
mode=0, bins=50, boxes=1

       single.......iteration                   accumulated......results   
iteration     integral    sigma             integral         sigma     chi-sq/it

   1        1.4700e-15   3.32e-18          1.4700e-15      3.32e-18    0.00e+00
   2        1.4798e-15   4.29e-18          1.4736e-15      2.63e-18    3.27e+00
   3        1.4828e-15   4.31e-18          1.4761e-15      2.24e-18    3.27e+00
   4        1.4760e-15   3.90e-18          1.4761e-15      1.94e-18    2.18e+00
   5        1.4795e-15   4.28e-18          1.4767e-15      1.77e-18    1.77e+00
   5        1.4741e-15   3.69e-18          1.4762e-15      1.60e-18    1.49e+00
rNLOq = (1.4761979e-15 +- 1.5957092e-18) pb
NLO = (5.8155799e-13 +- 2.3219081e-16) pb
#chisq/dof = 2.09715e-09
#status = success
#chisq/dof = 1.6135e-09
#status = success
#chisq/dof = 1.3131e-09
#status = success
#chisq/dof = 1.34563e-09
#status = success
#chisq/dof = 8.50332e-11
#status = success
#chisq/dof = 3.06991e-12
#status = success
#chisq/dof = 1.18209e-10
#status = success
#chisq/dof = 3.9493e-11
#status = success

*******************************************************
* threshold resummation (unimproved nnll) - expansion *
*******************************************************
The limits of integration are:

xl[0]=0.000000    xu[0]=1.000000
xl[1]=0.000000    xu[1]=1.000000
xl[2]=0.000000    xu[2]=1.000000

num_dim=3, calls=7000, it_num=1, max_it_num=5 verb=0, alph=1.50,
mode=0, bins=50, boxes=1

       single.......iteration                   accumulated......results   
iteration     integral    sigma             integral         sigma     chi-sq/it

   1        6.2801e-15   1.20e-15          6.2801e-15      1.20e-15    0.00e+00
   2        4.6450e-15   4.01e-16          4.8091e-15      3.80e-16    1.67e+00
   3        4.6014e-15   3.57e-16          4.6988e-15      2.60e-16    9.15e-01
   4        4.3123e-15   3.54e-16          4.5632e-15      2.10e-16    8.68e-01
   5        4.3272e-15   3.51e-16          4.5012e-15      1.80e-16    7.34e-01

num_dim=3, calls=35000, it_num=1, max_it_num=5 verb=0, alph=1.50,
mode=0, bins=50, boxes=1

       single.......iteration                   accumulated......results   
iteration     integral    sigma             integral         sigma     chi-sq/it

   1        4.8350e-15   1.57e-16          4.8350e-15      1.57e-16    0.00e+00
   2        4.7151e-15   1.58e-16          4.7752e-15      1.11e-16    2.90e-01
   3        4.6703e-15   1.57e-16          4.7401e-15      9.08e-17    2.94e-01
   4        4.6243e-15   1.58e-16          4.7114e-15      7.87e-17    3.31e-01
   5        4.7441e-15   1.57e-16          4.7180e-15      7.03e-17    2.57e-01
   5        4.8212e-15   1.57e-16          4.7353e-15      6.42e-17    2.78e-01
   5        4.8113e-15   1.57e-16          4.7462e-15      5.94e-17    2.65e-01
   5        4.9072e-15   1.57e-16          4.7664e-15      5.55e-17    3.59e-01
   5        4.8283e-15   1.59e-16          4.7732e-15      5.24e-17    3.31e-01
   5        4.8431e-15   1.57e-16          4.7802e-15      4.97e-17    3.14e-01
   5        4.8751e-15   1.58e-16          4.7888e-15      4.74e-17    3.16e-01
   5        5.0092e-15   1.58e-16          4.8070e-15      4.54e-17    4.50e-01
   5        4.8857e-15   1.58e-16          4.8130e-15      4.36e-17    4.31e-01
   5        4.4889e-15   1.58e-16          4.7901e-15      4.21e-17    6.98e-01
aNNLO+NNLL = (5.8634814e-13 +- 2.3597168e-16) pb

Results:
LO = (4.5534325e-13 +- 3.4786115e-16) pb
NLO = (5.8155799e-13 +- 2.3219081e-16) pb
aNNLO+NNLL = (5.8634814e-13 +- 2.3597168e-16) pb
Thanks for using LHAPDF 6.2.3. Please make sure to cite the paper:
  Eur.Phys.J. C75 (2015) 3, 132  (http://arxiv.org/abs/1412.7420)
 ====================================================
   FF 2.0, a package to evaluate one-loop integrals
 written by G. J. van Oldenborgh, NIKHEF-H, Amsterdam
 ====================================================
 for the algorithms used see preprint NIKHEF-H 89/17,
 'New Algorithms for One-loop Integrals', by G.J. van
 Oldenborgh and J.A.M. Vermaseren, published in 
 Zeitschrift fuer Physik C46(1990)425.
 ====================================================
 
total number of errors and warnings
===================================
fferr: no errors
 
