
  Welcome to Resummino git-latest
  Copyright 2008-2010 Jonathan Debove.
  Copyright 2011-2014 David R. Lamprea.
  Copyright 2011-2016 Marcel Rothering.

  Licensed under the EUPL 1.1 or later.
  See http://www.resummino.org/ for more information.

  If using Resummino for slepton pair production, please cite.
  - G. Bozzi, B. Fuks, M. Klasen, PRD 74, 015001 (2006); NPB 777, 157 (2007); NPB 794, 46 (2007).
  - B. Fuks, M. Klasen, D. R. Lamprea, M. Rothering, EPJC 73, 2480 (2013).

  For gaugino pair production, please cite:
  - J. Debove, B. Fuks, M. Klasen, PLB 688, 208 (2010); NPB 842, 51 (2011); NPB 849, 64 (2011).
  - B. Fuks, M. Klasen, D. R. Lamprea, M. Rothering, JHEP 1210, 081 (2012); EPJC 73, 2480 (2013).

  For associated gaugino gluino production, please cite:
  - B. Fuks, M. Klasen, M. Rothering, JHEP 07:053, (2016).
  - B. Fuks, M. Klasen, D. R. Lamprea, M. Rothering, EPJC 73, 2480 (2013).

LHAPDF 6.2.3 loading /pool/condor/dir_28711/resummino-releases/lhapdf-prefix/share/LHAPDF/PDF4LHC21_40/PDF4LHC21_40_0000.dat
PDF4LHC21_40 PDF set, member #0, version 1
 alpha_s(M_Z^2) = 0.1180 	 for LO PDF set 
 alpha_s(1300.000^2) = 0.0844 	 for LO PDF set 

********************
* LO cross section *
********************
The limits of integration are:

xl[0]=0.000000    xu[0]=1.000000
xl[1]=0.000000    xu[1]=1.000000
xl[2]=0.000000    xu[2]=1.000000

num_dim=3, calls=2000, it_num=1, max_it_num=5 verb=0, alph=1.50,
mode=0, bins=50, boxes=1

       single.......iteration                   accumulated......results   
iteration     integral    sigma             integral         sigma     chi-sq/it

   1        4.2969e-13   1.31e-14          4.2969e-13      1.31e-14    0.00e+00
   2        4.5302e-13   4.74e-15          4.5034e-13      4.45e-15    2.79e+00
   3        4.5882e-13   2.61e-15          4.5666e-13      2.25e-15    2.75e+00
   4        4.5350e-13   2.45e-15          4.5522e-13      1.66e-15    2.13e+00
   5        4.5174e-13   2.55e-15          4.5419e-13      1.39e-15    1.93e+00

num_dim=3, calls=20000, it_num=1, max_it_num=5 verb=0, alph=1.50,
mode=0, bins=50, boxes=1

       single.......iteration                   accumulated......results   
iteration     integral    sigma             integral         sigma     chi-sq/it

   1        4.5507e-13   7.82e-16          4.5507e-13      7.82e-16    0.00e+00
   2        4.5501e-13   7.60e-16          4.5504e-13      5.45e-16    3.36e-03
   3        4.5620e-13   7.54e-16          4.5544e-13      4.42e-16    7.82e-01
   4        4.5605e-13   7.97e-16          4.5558e-13      3.86e-16    6.73e-01
   5        4.5432e-13   7.99e-16          4.5534e-13      3.48e-16    1.01e+00
LO = (4.5534325e-13 +- 3.4786115e-16) pb
LHAPDF 6.2.3 loading /pool/condor/dir_28711/resummino-releases/lhapdf-prefix/share/LHAPDF/PDF4LHC21_40/PDF4LHC21_40_0001.dat
PDF4LHC21_40 PDF set, member #1, version 1
 alpha_s(M_Z^2) = 0.1180 	 for NLO PDF set 
 alpha_s(1300.000^2) = 0.0844 	 for NLO PDF set 

********************
* LO cross section *
********************
The limits of integration are:

xl[0]=0.000000    xu[0]=1.000000
xl[1]=0.000000    xu[1]=1.000000
xl[2]=0.000000    xu[2]=1.000000

num_dim=3, calls=2000, it_num=1, max_it_num=5 verb=0, alph=1.50,
mode=0, bins=50, boxes=1

       single.......iteration                   accumulated......results   
iteration     integral    sigma             integral         sigma     chi-sq/it

   1        3.9673e-13   1.46e-14          3.9673e-13      1.46e-14    0.00e+00
   2        4.1175e-13   7.37e-15          4.0869e-13      6.58e-15    8.45e-01
   3        4.2379e-13   5.94e-15          4.1701e-13      4.41e-15    1.87e+00
   4        4.2561e-13   5.60e-15          4.2030e-13      3.46e-15    1.74e+00
   5        4.2337e-13   5.77e-15          4.2111e-13      2.97e-15    1.35e+00

num_dim=3, calls=20000, it_num=1, max_it_num=5 verb=0, alph=1.50,
mode=0, bins=50, boxes=1

       single.......iteration                   accumulated......results   
iteration     integral    sigma             integral         sigma     chi-sq/it

   1        4.2200e-13   1.82e-15          4.2200e-13      1.82e-15    0.00e+00
   2        4.2271e-13   1.81e-15          4.2236e-13      1.29e-15    7.55e-02
   3        4.2585e-13   1.78e-15          4.2355e-13      1.04e-15    1.30e+00
   4        4.2501e-13   1.81e-15          4.2392e-13      9.02e-16    1.03e+00
   5        4.2382e-13   1.80e-15          4.2390e-13      8.06e-16    7.75e-01
   5        4.2162e-13   1.85e-15          4.2354e-13      7.39e-16    8.74e-01
   5        4.2570e-13   1.80e-15          4.2385e-13      6.84e-16    9.34e-01
   5        4.2099e-13   1.84e-15          4.2350e-13      6.41e-16    1.10e+00
   5        4.1963e-13   1.87e-15          4.2310e-13      6.06e-16    1.44e+00
   5        4.1935e-13   1.90e-15          4.2275e-13      5.78e-16    1.67e+00
   5        4.2513e-13   1.82e-15          4.2297e-13      5.51e-16    1.66e+00
   5        4.2235e-13   1.88e-15          4.2292e-13      5.28e-16    1.52e+00
   5        4.2348e-13   1.88e-15          4.2296e-13      5.09e-16    1.40e+00
   5        4.2059e-13   1.94e-15          4.2281e-13      4.92e-16    1.40e+00
   5        4.2436e-13   1.92e-15          4.2290e-13      4.77e-16    1.34e+00
   5        4.2100e-13   1.99e-15          4.2280e-13      4.64e-16    1.31e+00
   5        4.2295e-13   1.98e-15          4.2281e-13      4.51e-16    1.23e+00
   5        4.2342e-13   2.02e-15          4.2284e-13      4.40e-16    1.16e+00
   5        4.2733e-13   1.96e-15          4.2305e-13      4.30e-16    1.38e+00
   5        4.2584e-13   1.97e-15          4.2318e-13      4.20e-16    1.41e+00
   5        4.2131e-13   2.04e-15          4.2310e-13      4.11e-16    1.38e+00
   5        4.2346e-13   2.04e-15          4.2312e-13      4.03e-16    1.31e+00
   5        4.2313e-13   2.05e-15          4.2312e-13      3.96e-16    1.25e+00
   5        4.2401e-13   2.06e-15          4.2315e-13      3.88e-16    1.21e+00
   5        4.2542e-13   2.04e-15          4.2323e-13      3.82e-16    1.20e+00
   5        4.2378e-13   2.16e-15          4.2325e-13      3.76e-16    1.16e+00
   5        4.2397e-13   2.14e-15          4.2327e-13      3.70e-16    1.12e+00
   5        4.2430e-13   2.07e-15          4.2330e-13      3.64e-16    1.09e+00
   5        4.2130e-13   2.09e-15          4.2324e-13      3.59e-16    1.08e+00
   5        4.2306e-13   2.10e-15          4.2324e-13      3.54e-16    1.04e+00
   5        4.2227e-13   2.13e-15          4.2321e-13      3.49e-16    1.01e+00
   5        4.2220e-13   2.14e-15          4.2318e-13      3.44e-16    9.88e-01
   5        4.2281e-13   2.20e-15          4.2317e-13      3.40e-16    9.58e-01
   5        4.2031e-13   2.20e-15          4.2311e-13      3.36e-16    9.80e-01
   5        4.2307e-13   2.15e-15          4.2311e-13      3.32e-16    9.51e-01
   5        4.2595e-13   2.23e-15          4.2317e-13      3.29e-16    9.69e-01
   5        4.1959e-13   2.25e-15          4.2309e-13      3.25e-16    1.01e+00
   5        4.2080e-13   2.25e-15          4.2305e-13      3.22e-16    1.01e+00
   5        4.2164e-13   2.34e-15          4.2302e-13      3.19e-16    9.94e-01
   5        4.2205e-13   2.28e-15          4.2300e-13      3.16e-16    9.73e-01
   5        4.2263e-13   2.34e-15          4.2300e-13      3.13e-16    9.50e-01
   5        4.2441e-13   2.25e-15          4.2302e-13      3.10e-16    9.36e-01
   5        4.2686e-13   2.28e-15          4.2309e-13      3.07e-16    9.80e-01
   5        4.2092e-13   2.37e-15          4.2306e-13      3.05e-16    9.76e-01
   5        4.1815e-13   2.42e-15          4.2298e-13      3.02e-16    1.05e+00
   5        4.2503e-13   2.36e-15          4.2301e-13      3.00e-16    1.04e+00
   5        4.2087e-13   2.47e-15          4.2298e-13      2.98e-16    1.03e+00
   5        4.1968e-13   2.38e-15          4.2293e-13      2.95e-16    1.05e+00
   5        4.2724e-13   2.48e-15          4.2299e-13      2.93e-16    1.09e+00
   5        4.2478e-13   2.45e-15          4.2302e-13      2.91e-16    1.08e+00
   5        4.2346e-13   2.40e-15          4.2302e-13      2.89e-16    1.06e+00
   5        4.2223e-13   2.42e-15          4.2301e-13      2.87e-16    1.04e+00
   5        4.2252e-13   2.48e-15          4.2300e-13      2.85e-16    1.02e+00
   5        4.2255e-13   2.58e-15          4.2300e-13      2.83e-16    1.00e+00
   5        4.2831e-13   2.42e-15          4.2307e-13      2.81e-16    1.07e+00
LO = (4.2307107e-13 +- 2.8140560e-16) pb

*******************************************
* virtual corrections + integrated dipole *
*******************************************
The limits of integration are:

xl[0]=0.000000    xu[0]=1.000000
xl[1]=0.000000    xu[1]=1.000000
xl[2]=0.000000    xu[2]=1.000000

num_dim=3, calls=240, it_num=1, max_it_num=5 verb=0, alph=1.50,
mode=0, bins=50, boxes=1

       single.......iteration                   accumulated......results   
iteration     integral    sigma             integral         sigma     chi-sq/it

   1        4.4994e-14   4.95e-15          4.4994e-14      4.95e-15    0.00e+00
   2        5.0011e-14   3.26e-15          4.8493e-14      2.72e-15    7.16e-01
   3        5.3684e-14   2.62e-15          5.1190e-14      1.89e-15    1.30e+00
   4        5.4105e-14   2.44e-15          5.2281e-14      1.49e-15    1.17e+00
   5        5.5989e-14   2.06e-15          5.3556e-14      1.21e-15    1.40e+00

num_dim=3, calls=1200, it_num=1, max_it_num=3 verb=0, alph=1.50,
mode=0, bins=50, boxes=1

       single.......iteration                   accumulated......results   
iteration     integral    sigma             integral         sigma     chi-sq/it

   1        5.0118e-14   1.10e-15          5.0118e-14      1.10e-15    0.00e+00
   2        5.2777e-14   1.03e-15          5.1544e-14      7.52e-16    3.11e+00
   3        5.2055e-14   1.01e-15          5.1727e-14      6.03e-16    1.64e+00
   3        5.4414e-14   8.65e-16          5.2606e-14      4.95e-16    3.26e+00
   3        5.3823e-14   8.84e-16          5.2896e-14      4.32e-16    2.80e+00
   3        5.3323e-14   9.74e-16          5.2966e-14      3.95e-16    2.28e+00
   3        5.2142e-14   1.00e-15          5.2855e-14      3.67e-16    1.99e+00
   3        5.4326e-14   8.84e-16          5.3071e-14      3.39e-16    2.05e+00
   3        5.4513e-14   8.66e-16          5.3263e-14      3.16e-16    2.09e+00
   3        5.2996e-14   9.62e-16          5.3237e-14      3.00e-16    1.87e+00
   3        5.2716e-14   9.93e-16          5.3193e-14      2.87e-16    1.70e+00
   3        5.1572e-14   1.08e-15          5.3086e-14      2.77e-16    1.74e+00
   3        5.4202e-14   9.47e-16          5.3174e-14      2.66e-16    1.70e+00
   3        5.3626e-14   8.83e-16          5.3212e-14      2.55e-16    1.59e+00
   3        5.3002e-14   1.03e-15          5.3200e-14      2.47e-16    1.48e+00
   3        5.1299e-14   1.01e-15          5.3092e-14      2.40e-16    1.60e+00
   3        5.3782e-14   8.97e-16          5.3138e-14      2.32e-16    1.54e+00
   3        5.1282e-14   1.09e-15          5.3057e-14      2.27e-16    1.61e+00
   3        5.4529e-14   8.89e-16          5.3147e-14      2.20e-16    1.67e+00
   3        5.4086e-14   9.20e-16          5.3198e-14      2.14e-16    1.63e+00
   3        5.3471e-14   9.52e-16          5.3211e-14      2.09e-16    1.55e+00
   3        5.3407e-14   9.14e-16          5.3221e-14      2.03e-16    1.48e+00
   3        5.1370e-14   1.02e-15          5.3149e-14      2.00e-16    1.56e+00
   3        5.2643e-14   1.00e-15          5.3130e-14      1.96e-16    1.50e+00
   3        5.3036e-14   1.01e-15          5.3127e-14      1.92e-16    1.44e+00
   3        5.1912e-14   9.89e-16          5.3083e-14      1.89e-16    1.44e+00
   3        5.3567e-14   9.81e-16          5.3100e-14      1.85e-16    1.39e+00
   3        5.4118e-14   9.34e-16          5.3138e-14      1.82e-16    1.38e+00
   3        5.2188e-14   9.82e-16          5.3107e-14      1.79e-16    1.37e+00
   3        5.4208e-14   8.96e-16          5.3149e-14      1.75e-16    1.37e+00
   3        5.3067e-14   9.14e-16          5.3146e-14      1.72e-16    1.32e+00
   3        5.3595e-14   9.05e-16          5.3162e-14      1.69e-16    1.29e+00
   3        5.2840e-14   9.89e-16          5.3153e-14      1.67e-16    1.25e+00
   3        5.4590e-14   8.72e-16          5.3203e-14      1.64e-16    1.29e+00
   3        5.2096e-14   1.04e-15          5.3176e-14      1.62e-16    1.29e+00
   3        5.2316e-14   9.82e-16          5.3154e-14      1.60e-16    1.27e+00
   3        5.2916e-14   9.86e-16          5.3148e-14      1.57e-16    1.24e+00
   3        5.3390e-14   9.17e-16          5.3155e-14      1.55e-16    1.21e+00
   3        5.3234e-14   9.20e-16          5.3157e-14      1.53e-16    1.18e+00
   3        5.0842e-14   1.06e-15          5.3109e-14      1.51e-16    1.27e+00
vNLO = (5.3109107e-14 +- 1.5143821e-16) pb

*****************************
* collinear remainder (P+K) *
*****************************
The limits of integration are:

xl[0]=0.000000    xu[0]=1.000000
xl[1]=0.000000    xu[1]=1.000000
xl[2]=0.000000    xu[2]=1.000000
xl[3]=0.000000    xu[3]=1.000000

num_dim=4, calls=2500, it_num=1, max_it_num=5 verb=0, alph=1.50,
mode=0, bins=50, boxes=1

       single.......iteration                   accumulated......results   
iteration     integral    sigma             integral         sigma     chi-sq/it

   1        6.0667e-14   3.98e-15          6.0667e-14      3.98e-15    0.00e+00
   2        6.2515e-14   1.62e-15          6.2252e-14      1.50e-15    1.85e-01
   3        6.2425e-14   1.36e-15          6.2347e-14      1.01e-15    9.62e-02
   4        6.1482e-14   1.33e-15          6.2032e-14      8.02e-16    1.54e-01
   5        6.2482e-14   1.29e-15          6.2157e-14      6.81e-16    1.38e-01

num_dim=4, calls=25000, it_num=1, max_it_num=3 verb=0, alph=1.50,
mode=0, bins=50, boxes=1

       single.......iteration                   accumulated......results   
iteration     integral    sigma             integral         sigma     chi-sq/it

   1        6.2645e-14   4.16e-16          6.2645e-14      4.16e-16    0.00e+00
   2        6.3137e-14   4.05e-16          6.2898e-14      2.90e-16    7.19e-01
   3        6.2010e-14   4.11e-16          6.2603e-14      2.37e-16    1.92e+00
   3        6.2514e-14   4.14e-16          6.2581e-14      2.06e-16    1.29e+00
   3        6.2113e-14   4.14e-16          6.2488e-14      1.84e-16    1.22e+00
   3        6.1761e-14   4.15e-16          6.2368e-14      1.68e-16    1.49e+00
   3        6.1846e-14   4.13e-16          6.2294e-14      1.56e-16    1.47e+00
   3        6.2279e-14   4.13e-16          6.2292e-14      1.46e-16    1.26e+00
P+K = (6.2292228e-14 +- 1.4582596e-16) pb

********************************
* real gluon emission - dipole *
********************************
The limits of integration are:

xl[0]=0.000000    xu[0]=1.000000
xl[1]=0.000000    xu[1]=1.000000
xl[2]=0.000000    xu[2]=1.000000
xl[3]=0.000000    xu[3]=1.000000
xl[4]=0.000000    xu[4]=1.000000
xl[5]=0.000000    xu[5]=1.000000

num_dim=6, calls=250, it_num=1, max_it_num=5 verb=0, alph=1.50,
mode=0, bins=50, boxes=1

       single.......iteration                   accumulated......results   
iteration     integral    sigma             integral         sigma     chi-sq/it

   1        -7.3419e-16   3.10e-16          -7.3419e-16      3.10e-16    0.00e+00
   2        -6.5890e-16   2.25e-16          -6.8490e-16      1.82e-16    3.87e-02
   3        -3.9883e-16   7.74e-17          -4.4267e-16      7.13e-17    1.07e+00
   4        -6.2499e-16   8.50e-17          -5.1791e-16      5.46e-17    1.61e+00
   5        -5.5176e-16   1.10e-16          -5.2457e-16      4.89e-17    1.23e+00

num_dim=6, calls=2500, it_num=1, max_it_num=3 verb=0, alph=1.50,
mode=0, bins=50, boxes=1

       single.......iteration                   accumulated......results   
iteration     integral    sigma             integral         sigma     chi-sq/it

   1        -6.0805e-16   3.35e-17          -6.0805e-16      3.35e-17    0.00e+00
   2        -5.7955e-16   1.77e-17          -5.8576e-16      1.56e-17    5.65e-01
   3        -5.7068e-16   1.51e-17          -5.7798e-16      1.09e-17    5.22e-01
rNLOg = (-5.7797546e-16 +- 1.0883219e-17) pb

**************************************************
* real light quark emission - dipole - (onshell) *
**************************************************
The limits of integration are:

xl[0]=0.000000    xu[0]=1.000000
xl[1]=0.000000    xu[1]=1.000000
xl[2]=0.000000    xu[2]=1.000000
xl[3]=0.000000    xu[3]=1.000000
xl[4]=0.000000    xu[4]=1.000000
xl[5]=0.000000    xu[5]=1.000000

num_dim=6, calls=5000, it_num=1, max_it_num=5 verb=0, alph=1.50,
mode=0, bins=50, boxes=1

       single.......iteration                   accumulated......results   
iteration     integral    sigma             integral         sigma     chi-sq/it

   1        1.4909e-15   9.71e-17          1.4909e-15      9.71e-17    0.00e+00
   2        1.5235e-15   3.07e-17          1.5205e-15      2.92e-17    1.03e-01
   3        1.4747e-15   1.63e-17          1.4856e-15      1.43e-17    9.87e-01
   4        1.4667e-15   1.22e-17          1.4747e-15      9.26e-18    9.97e-01
   5        1.4745e-15   1.09e-17          1.4746e-15      7.06e-18    7.47e-01

num_dim=6, calls=50000, it_num=1, max_it_num=5 verb=0, alph=1.50,
mode=0, bins=50, boxes=1

       single.......iteration                   accumulated......results   
iteration     integral    sigma             integral         sigma     chi-sq/it

   1        1.4718e-15   3.39e-18          1.4718e-15      3.39e-18    0.00e+00
   2        1.4815e-15   4.37e-18          1.4754e-15      2.68e-18    3.10e+00
   3        1.4840e-15   4.39e-18          1.4778e-15      2.29e-18    2.93e+00
   4        1.4779e-15   3.98e-18          1.4778e-15      1.98e-18    1.96e+00
   5        1.4817e-15   4.32e-18          1.4785e-15      1.80e-18    1.64e+00
   5        1.4757e-15   3.75e-18          1.4779e-15      1.62e-18    1.40e+00
rNLOq = (1.4779440e-15 +- 1.6240463e-18) pb
NLO = (5.3937237e-13 +- 3.5143838e-16) pb
#chisq/dof = 1.89637e-09
#status = success
#chisq/dof = 7.61472e-09
#status = success
#chisq/dof = 5.99805e-10
#status = success
#chisq/dof = 4.25529e-09
#status = success
#chisq/dof = 3.78687e-11
#status = success
#chisq/dof = 2.97638e-12
#status = success
#chisq/dof = 3.55398e-10
#status = success
#chisq/dof = 4.59551e-11
#status = success

*******************************************************
* threshold resummation (unimproved nnll) - expansion *
*******************************************************
The limits of integration are:

xl[0]=0.000000    xu[0]=1.000000
xl[1]=0.000000    xu[1]=1.000000
xl[2]=0.000000    xu[2]=1.000000

num_dim=3, calls=7000, it_num=1, max_it_num=5 verb=0, alph=1.50,
mode=0, bins=50, boxes=1

       single.......iteration                   accumulated......results   
iteration     integral    sigma             integral         sigma     chi-sq/it

   1        -3.2845e-16   5.38e-14          -3.2845e-16      5.38e-14    0.00e+00
   2        2.6187e-14   1.72e-14          2.3722e-14      1.64e-14    2.20e-01
   3        1.2164e-14   1.52e-14          1.7501e-14      1.11e-14    2.44e-01
   4        2.8818e-14   1.51e-14          2.1502e-14      8.96e-15    2.84e-01
   5        4.3004e-14   1.52e-14          2.7058e-14      7.71e-15    5.85e-01

num_dim=3, calls=35000, it_num=1, max_it_num=5 verb=0, alph=1.50,
mode=0, bins=50, boxes=1

       single.......iteration                   accumulated......results   
iteration     integral    sigma             integral         sigma     chi-sq/it

   1        6.3390e-15   6.73e-15          6.3390e-15      6.73e-15    0.00e+00
   2        7.1926e-15   6.69e-15          6.7682e-15      4.75e-15    8.09e-03
   3        7.0442e-15   6.70e-15          6.8604e-15      3.87e-15    4.61e-03
   4        4.4215e-15   6.73e-15          6.2536e-15      3.36e-15    3.60e-02
   5        1.5240e-15   6.74e-15          5.3142e-15      3.00e-15    1.26e-01
   5        5.8756e-15   6.73e-15          5.4075e-15      2.74e-15    1.02e-01
   5        8.7589e-15   6.78e-15          5.8790e-15      2.54e-15    1.20e-01
   5        1.4573e-15   6.81e-15          5.3376e-15      2.38e-15    1.55e-01
   5        -3.9526e-15   6.81e-15          4.3253e-15      2.25e-15    3.43e-01
   5        -4.2628e-15   6.81e-15          3.4807e-15      2.14e-15    4.64e-01
   5        2.1467e-16   6.82e-15          3.1894e-15      2.04e-15    4.39e-01
   5        2.0068e-15   6.84e-15          3.0929e-15      1.95e-15    4.01e-01
   5        1.2877e-14   6.87e-15          3.8247e-15      1.88e-15    5.24e-01
   5        1.9233e-14   6.88e-15          4.8926e-15      1.81e-15    8.43e-01
   5        5.0938e-15   6.87e-15          4.9057e-15      1.75e-15    7.82e-01
   5        -1.9015e-15   6.92e-15          4.4950e-15      1.70e-15    7.91e-01
   5        2.0293e-15   6.90e-15          4.3541e-15      1.65e-15    7.49e-01
   5        -2.1659e-15   6.94e-15          4.0054e-15      1.60e-15    7.54e-01
   5        7.6860e-15   7.02e-15          4.1883e-15      1.56e-15    7.27e-01
   5        1.5732e-15   7.08e-15          4.0666e-15      1.53e-15    6.95e-01
   5        1.0233e-14   6.99e-15          4.3480e-15      1.49e-15    6.98e-01
   5        2.1529e-15   7.08e-15          4.2548e-15      1.46e-15    6.69e-01
   5        8.9101e-15   7.06e-15          4.4458e-15      1.43e-15    6.57e-01
   5        9.6012e-15   7.16e-15          4.6433e-15      1.40e-15    6.51e-01
   5        3.5768e-15   7.18e-15          4.6041e-15      1.38e-15    6.24e-01
   5        1.0241e-14   7.13e-15          4.8069e-15      1.35e-15    6.23e-01
   5        3.7705e-15   7.12e-15          4.7709e-15      1.33e-15    6.00e-01
   5        6.7460e-15   7.15e-15          4.8366e-15      1.31e-15    5.81e-01
   5        3.4761e-15   7.19e-15          4.7932e-15      1.28e-15    5.61e-01
   5        -1.5722e-16   7.29e-15          4.6440e-15      1.26e-15    5.57e-01
   5        8.2472e-15   7.22e-15          4.7514e-15      1.25e-15    5.47e-01
   5        9.4417e-15   7.26e-15          4.8858e-15      1.23e-15    5.42e-01
   5        9.2221e-15   7.32e-15          5.0045e-15      1.21e-15    5.36e-01
   5        1.5621e-14   7.28e-15          5.2905e-15      1.19e-15    5.83e-01
   5        1.7697e-15   7.29e-15          5.1985e-15      1.18e-15    5.72e-01
   5        9.9797e-15   7.38e-15          5.3175e-15      1.16e-15    5.67e-01
   5        -1.0820e-14   7.28e-15          4.9152e-15      1.15e-15    6.85e-01
   5        8.5031e-15   7.32e-15          5.0015e-15      1.14e-15    6.73e-01
   5        4.2726e-16   7.27e-15          4.8926e-15      1.12e-15    6.65e-01
   5        4.0556e-15   7.27e-15          4.8731e-15      1.11e-15    6.48e-01
   5        1.0645e-15   7.35e-15          4.7884e-15      1.10e-15    6.39e-01
   5        -4.7203e-16   7.33e-15          4.6731e-15      1.08e-15    6.35e-01
   5        6.3195e-15   7.31e-15          4.7086e-15      1.07e-15    6.21e-01
   5        -7.4460e-15   7.31e-15          4.4525e-15      1.06e-15    6.70e-01
   5        3.2315e-15   7.39e-15          4.4278e-15      1.05e-15    6.55e-01
   5        -3.0245e-15   7.38e-15          4.2798e-15      1.04e-15    6.63e-01
   5        8.4921e-15   7.35e-15          4.3625e-15      1.03e-15    6.56e-01
   5        1.2819e-14   7.44e-15          4.5215e-15      1.02e-15    6.69e-01
   5        -6.0158e-16   7.38e-15          4.4256e-15      1.01e-15    6.64e-01
   5        -2.2576e-15   7.41e-15          4.3037e-15      1.00e-15    6.67e-01
   5        4.6988e-15   7.44e-15          4.3107e-15      9.92e-16    6.54e-01
   5        1.2972e-14   7.48e-15          4.4603e-15      9.84e-16    6.67e-01
   5        1.2330e-15   7.49e-15          4.4055e-15      9.75e-16    6.58e-01
   5        1.3121e-14   7.46e-15          4.5519e-15      9.67e-16    6.70e-01
   5        3.9156e-15   7.61e-15          4.5418e-15      9.59e-16    6.58e-01
aNNLO+NNLL = (5.4391413e-13 +- 1.0216605e-15) pb

Results:
LO = (4.5534325e-13 +- 3.4786115e-16) pb
NLO = (5.3937237e-13 +- 3.5143838e-16) pb
aNNLO+NNLL = (5.4391413e-13 +- 1.0216605e-15) pb
Thanks for using LHAPDF 6.2.3. Please make sure to cite the paper:
  Eur.Phys.J. C75 (2015) 3, 132  (http://arxiv.org/abs/1412.7420)
 ====================================================
   FF 2.0, a package to evaluate one-loop integrals
 written by G. J. van Oldenborgh, NIKHEF-H, Amsterdam
 ====================================================
 for the algorithms used see preprint NIKHEF-H 89/17,
 'New Algorithms for One-loop Integrals', by G.J. van
 Oldenborgh and J.A.M. Vermaseren, published in 
 Zeitschrift fuer Physik C46(1990)425.
 ====================================================
 
total number of errors and warnings
===================================
fferr: no errors
 
