
  Welcome to Resummino git-latest
  Copyright 2008-2010 Jonathan Debove.
  Copyright 2011-2014 David R. Lamprea.
  Copyright 2011-2016 Marcel Rothering.

  Licensed under the EUPL 1.1 or later.
  See http://www.resummino.org/ for more information.

  If using Resummino for slepton pair production, please cite.
  - G. Bozzi, B. Fuks, M. Klasen, PRD 74, 015001 (2006); NPB 777, 157 (2007); NPB 794, 46 (2007).
  - B. Fuks, M. Klasen, D. R. Lamprea, M. Rothering, EPJC 73, 2480 (2013).

  For gaugino pair production, please cite:
  - J. Debove, B. Fuks, M. Klasen, PLB 688, 208 (2010); NPB 842, 51 (2011); NPB 849, 64 (2011).
  - B. Fuks, M. Klasen, D. R. Lamprea, M. Rothering, JHEP 1210, 081 (2012); EPJC 73, 2480 (2013).

  For associated gaugino gluino production, please cite:
  - B. Fuks, M. Klasen, M. Rothering, JHEP 07:053, (2016).
  - B. Fuks, M. Klasen, D. R. Lamprea, M. Rothering, EPJC 73, 2480 (2013).

LHAPDF 6.2.3 loading /pool/condor/dir_11616/resummino-releases/lhapdf-prefix/share/LHAPDF/PDF4LHC21_40/PDF4LHC21_40_0000.dat
PDF4LHC21_40 PDF set, member #0, version 1
 alpha_s(M_Z^2) = 0.1180 	 for LO PDF set 
 alpha_s(1500.000^2) = 0.0831 	 for LO PDF set 

********************
* LO cross section *
********************
The limits of integration are:

xl[0]=0.000000    xu[0]=1.000000
xl[1]=0.000000    xu[1]=1.000000
xl[2]=0.000000    xu[2]=1.000000

num_dim=3, calls=2000, it_num=1, max_it_num=5 verb=0, alph=1.50,
mode=0, bins=50, boxes=1

       single.......iteration                   accumulated......results   
iteration     integral    sigma             integral         sigma     chi-sq/it

   1        2.1913e-13   6.59e-15          2.1913e-13      6.59e-15    0.00e+00
   2        2.3093e-13   2.38e-15          2.2956e-13      2.24e-15    2.84e+00
   3        2.3402e-13   1.31e-15          2.3288e-13      1.13e-15    2.89e+00
   4        2.3121e-13   1.24e-15          2.3212e-13      8.35e-16    2.26e+00
   5        2.3052e-13   1.29e-15          2.3165e-13      7.00e-16    1.97e+00

num_dim=3, calls=20000, it_num=1, max_it_num=5 verb=0, alph=1.50,
mode=0, bins=50, boxes=1

       single.......iteration                   accumulated......results   
iteration     integral    sigma             integral         sigma     chi-sq/it

   1        2.3205e-13   3.93e-16          2.3205e-13      3.93e-16    0.00e+00
   2        2.3198e-13   3.83e-16          2.3202e-13      2.74e-16    1.62e-02
   3        2.3259e-13   3.79e-16          2.3221e-13      2.22e-16    7.53e-01
   4        2.3253e-13   4.01e-16          2.3229e-13      1.94e-16    6.58e-01
   5        2.3161e-13   4.02e-16          2.3216e-13      1.75e-16    1.07e+00
LO = (2.3215743e-13 +- 1.7496346e-16) pb
LHAPDF 6.2.3 loading /pool/condor/dir_11616/resummino-releases/lhapdf-prefix/share/LHAPDF/PDF4LHC21_40/PDF4LHC21_40_0037.dat
PDF4LHC21_40 PDF set, member #37, version 1
 alpha_s(M_Z^2) = 0.1180 	 for NLO PDF set 
 alpha_s(1500.000^2) = 0.0831 	 for NLO PDF set 

********************
* LO cross section *
********************
The limits of integration are:

xl[0]=0.000000    xu[0]=1.000000
xl[1]=0.000000    xu[1]=1.000000
xl[2]=0.000000    xu[2]=1.000000

num_dim=3, calls=2000, it_num=1, max_it_num=5 verb=0, alph=1.50,
mode=0, bins=50, boxes=1

       single.......iteration                   accumulated......results   
iteration     integral    sigma             integral         sigma     chi-sq/it

   1        2.1999e-13   6.61e-15          2.1999e-13      6.61e-15    0.00e+00
   2        2.3186e-13   2.40e-15          2.3048e-13      2.25e-15    2.85e+00
   3        2.3500e-13   1.33e-15          2.3383e-13      1.15e-15    2.92e+00
   4        2.3213e-13   1.27e-15          2.3306e-13      8.50e-16    2.27e+00
   5        2.3136e-13   1.32e-15          2.3256e-13      7.14e-16    2.00e+00

num_dim=3, calls=20000, it_num=1, max_it_num=5 verb=0, alph=1.50,
mode=0, bins=50, boxes=1

       single.......iteration                   accumulated......results   
iteration     integral    sigma             integral         sigma     chi-sq/it

   1        2.3299e-13   4.02e-16          2.3299e-13      4.02e-16    0.00e+00
   2        2.3295e-13   3.90e-16          2.3297e-13      2.80e-16    4.32e-03
   3        2.3357e-13   3.87e-16          2.3318e-13      2.27e-16    7.92e-01
   4        2.3348e-13   4.10e-16          2.3325e-13      1.98e-16    6.73e-01
   5        2.3256e-13   4.11e-16          2.3312e-13      1.79e-16    1.08e+00
   5        2.3269e-13   4.11e-16          2.3305e-13      1.64e-16    1.04e+00
   5        2.3329e-13   4.11e-16          2.3308e-13      1.52e-16    9.20e-01
   5        2.3255e-13   4.19e-16          2.3302e-13      1.43e-16    9.90e-01
   5        2.3261e-13   4.27e-16          2.3298e-13      1.36e-16    9.72e-01
   5        2.3241e-13   4.37e-16          2.3293e-13      1.30e-16    1.04e+00
   5        2.3283e-13   4.58e-16          2.3292e-13      1.25e-16    9.36e-01
   5        2.3287e-13   4.67e-16          2.3292e-13      1.20e-16    8.52e-01
   5        2.3340e-13   4.90e-16          2.3295e-13      1.17e-16    8.57e-01
   5        2.3272e-13   5.13e-16          2.3294e-13      1.14e-16    8.05e-01
   5        2.3300e-13   5.42e-16          2.3294e-13      1.12e-16    7.48e-01
   5        2.3233e-13   5.60e-16          2.3292e-13      1.09e-16    7.74e-01
   5        2.3241e-13   5.66e-16          2.3290e-13      1.07e-16    7.73e-01
   5        2.3334e-13   5.78e-16          2.3291e-13      1.06e-16    7.60e-01
   5        2.3356e-13   6.22e-16          2.3293e-13      1.04e-16    7.78e-01
   5        2.3390e-13   6.05e-16          2.3296e-13      1.03e-16    8.68e-01
   5        2.3241e-13   6.16e-16          2.3294e-13      1.01e-16    8.63e-01
   5        2.3332e-13   6.34e-16          2.3295e-13      1.00e-16    8.38e-01
   5        2.3333e-13   6.56e-16          2.3296e-13      9.88e-17    8.14e-01
   5        2.3306e-13   6.96e-16          2.3296e-13      9.78e-17    7.80e-01
   5        2.3382e-13   6.99e-16          2.3298e-13      9.69e-17    8.09e-01
   5        2.3253e-13   7.11e-16          2.3297e-13      9.60e-17    7.92e-01
   5        2.3475e-13   7.37e-16          2.3300e-13      9.52e-17    9.81e-01
   5        2.3300e-13   7.08e-16          2.3300e-13      9.44e-17    9.45e-01
   5        2.3288e-13   7.25e-16          2.3300e-13      9.36e-17    9.12e-01
   5        2.3325e-13   7.47e-16          2.3300e-13      9.28e-17    8.84e-01
   5        2.3270e-13   7.36e-16          2.3300e-13      9.21e-17    8.61e-01
   5        2.3287e-13   7.66e-16          2.3300e-13      9.15e-17    8.34e-01
   5        2.3383e-13   7.37e-16          2.3301e-13      9.08e-17    8.47e-01
   5        2.3225e-13   7.55e-16          2.3300e-13      9.01e-17    8.51e-01
   5        2.3165e-13   7.46e-16          2.3298e-13      8.95e-17    9.21e-01
   5        2.3371e-13   7.61e-16          2.3299e-13      8.88e-17    9.21e-01
   5        2.3108e-13   7.62e-16          2.3296e-13      8.83e-17    1.07e+00
   5        2.3223e-13   7.86e-16          2.3295e-13      8.77e-17    1.06e+00
   5        2.3377e-13   7.73e-16          2.3296e-13      8.71e-17    1.06e+00
   5        2.3289e-13   7.82e-16          2.3296e-13      8.66e-17    1.04e+00
   5        2.3324e-13   7.97e-16          2.3297e-13      8.61e-17    1.01e+00
   5        2.3268e-13   7.96e-16          2.3296e-13      8.56e-17    9.92e-01
   5        2.3461e-13   8.13e-16          2.3298e-13      8.51e-17    1.07e+00
   5        2.3353e-13   8.11e-16          2.3299e-13      8.47e-17    1.05e+00
   5        2.3216e-13   8.34e-16          2.3298e-13      8.42e-17    1.05e+00
   5        2.3287e-13   8.50e-16          2.3298e-13      8.38e-17    1.03e+00
   5        2.3420e-13   8.87e-16          2.3299e-13      8.34e-17    1.05e+00
   5        2.3108e-13   8.67e-16          2.3297e-13      8.31e-17    1.12e+00
   5        2.3485e-13   8.92e-16          2.3299e-13      8.27e-17    1.19e+00
   5        2.3445e-13   8.78e-16          2.3300e-13      8.23e-17    1.22e+00
   5        2.3289e-13   8.74e-16          2.3300e-13      8.20e-17    1.20e+00
   5        2.3122e-13   8.81e-16          2.3298e-13      8.16e-17    1.26e+00
   5        2.3311e-13   9.05e-16          2.3298e-13      8.13e-17    1.23e+00
   5        2.3319e-13   9.24e-16          2.3299e-13      8.10e-17    1.21e+00
   5        2.3459e-13   9.04e-16          2.3300e-13      8.07e-17    1.24e+00
LO = (2.3299911e-13 +- 8.0660848e-17) pb

*******************************************
* virtual corrections + integrated dipole *
*******************************************
The limits of integration are:

xl[0]=0.000000    xu[0]=1.000000
xl[1]=0.000000    xu[1]=1.000000
xl[2]=0.000000    xu[2]=1.000000

num_dim=3, calls=240, it_num=1, max_it_num=5 verb=0, alph=1.50,
mode=0, bins=50, boxes=1

       single.......iteration                   accumulated......results   
iteration     integral    sigma             integral         sigma     chi-sq/it

   1        2.4590e-14   2.18e-15          2.4590e-14      2.18e-15    0.00e+00
   2        2.6936e-14   1.25e-15          2.6354e-14      1.08e-15    8.74e-01
   3        2.9168e-14   7.63e-16          2.8236e-14      6.24e-16    2.69e+00
   4        2.9401e-14   5.40e-16          2.8901e-14      4.08e-16    2.46e+00
   5        3.0193e-14   6.69e-16          2.9252e-14      3.49e-16    2.52e+00

num_dim=3, calls=1200, it_num=1, max_it_num=3 verb=0, alph=1.50,
mode=0, bins=50, boxes=1

       single.......iteration                   accumulated......results   
iteration     integral    sigma             integral         sigma     chi-sq/it

   1        2.8246e-14   2.87e-16          2.8246e-14      2.87e-16    0.00e+00
   2        2.8921e-14   2.25e-16          2.8664e-14      1.77e-16    3.43e+00
   3        2.8751e-14   2.11e-16          2.8700e-14      1.36e-16    1.76e+00
   3        2.9347e-14   2.16e-16          2.8883e-14      1.15e-16    3.32e+00
   3        2.8568e-14   2.19e-16          2.8815e-14      1.02e-16    2.90e+00
   3        2.8917e-14   2.17e-16          2.8834e-14      9.21e-17    2.35e+00
   3        2.8503e-14   2.31e-16          2.8788e-14      8.55e-17    2.26e+00
   3        2.9098e-14   2.15e-16          2.8830e-14      7.95e-17    2.19e+00
   3        2.9058e-14   2.11e-16          2.8859e-14      7.44e-17    2.04e+00
   3        2.8799e-14   2.11e-16          2.8852e-14      7.01e-17    1.82e+00
   3        2.8804e-14   2.21e-16          2.8848e-14      6.69e-17    1.65e+00
   3        2.8903e-14   2.23e-16          2.8852e-14      6.41e-17    1.50e+00
   3        2.9065e-14   2.19e-16          2.8869e-14      6.15e-17    1.45e+00
vNLO = (2.8869087e-14 +- 6.1478535e-17) pb

*****************************
* collinear remainder (P+K) *
*****************************
The limits of integration are:

xl[0]=0.000000    xu[0]=1.000000
xl[1]=0.000000    xu[1]=1.000000
xl[2]=0.000000    xu[2]=1.000000
xl[3]=0.000000    xu[3]=1.000000

num_dim=4, calls=2500, it_num=1, max_it_num=5 verb=0, alph=1.50,
mode=0, bins=50, boxes=1

       single.......iteration                   accumulated......results   
iteration     integral    sigma             integral         sigma     chi-sq/it

   1        3.5202e-14   1.98e-15          3.5202e-14      1.98e-15    0.00e+00
   2        3.5399e-14   7.76e-16          3.5373e-14      7.23e-16    8.64e-03
   3        3.5450e-14   6.29e-16          3.5416e-14      4.75e-16    7.56e-03
   4        3.5596e-14   6.11e-16          3.5484e-14      3.75e-16    2.30e-02
   5        3.6080e-14   6.05e-16          3.5649e-14      3.18e-16    1.93e-01

num_dim=4, calls=25000, it_num=1, max_it_num=3 verb=0, alph=1.50,
mode=0, bins=50, boxes=1

       single.......iteration                   accumulated......results   
iteration     integral    sigma             integral         sigma     chi-sq/it

   1        3.6098e-14   1.87e-16          3.6098e-14      1.87e-16    0.00e+00
   2        3.6122e-14   1.86e-16          3.6110e-14      1.32e-16    8.19e-03
   3        3.5615e-14   1.88e-16          3.5946e-14      1.08e-16    2.33e+00
   3        3.5848e-14   1.88e-16          3.5922e-14      9.37e-17    1.62e+00
   3        3.5574e-14   1.90e-16          3.5854e-14      8.40e-17    1.89e+00
   3        3.5533e-14   1.89e-16          3.5801e-14      7.67e-17    2.00e+00
   3        3.5659e-14   1.88e-16          3.5780e-14      7.11e-17    1.75e+00
   3        3.5759e-14   1.89e-16          3.5778e-14      6.65e-17    1.50e+00
P+K = (3.5777638e-14 +- 6.6510202e-17) pb

********************************
* real gluon emission - dipole *
********************************
The limits of integration are:

xl[0]=0.000000    xu[0]=1.000000
xl[1]=0.000000    xu[1]=1.000000
xl[2]=0.000000    xu[2]=1.000000
xl[3]=0.000000    xu[3]=1.000000
xl[4]=0.000000    xu[4]=1.000000
xl[5]=0.000000    xu[5]=1.000000

num_dim=6, calls=250, it_num=1, max_it_num=5 verb=0, alph=1.50,
mode=0, bins=50, boxes=1

       single.......iteration                   accumulated......results   
iteration     integral    sigma             integral         sigma     chi-sq/it

   1        -3.5081e-16   1.26e-16          -3.5081e-16      1.26e-16    0.00e+00
   2        -3.7826e-16   8.80e-17          -3.6923e-16      7.21e-17    3.20e-02
   3        -2.3885e-16   2.87e-17          -2.5670e-16      2.67e-17    1.43e+00
   4        -3.2448e-16   3.63e-17          -2.8045e-16      2.15e-17    1.71e+00
   5        -3.2002e-16   2.08e-17          -3.0088e-16      1.50e-17    1.72e+00

num_dim=6, calls=2500, it_num=1, max_it_num=3 verb=0, alph=1.50,
mode=0, bins=50, boxes=1

       single.......iteration                   accumulated......results   
iteration     integral    sigma             integral         sigma     chi-sq/it

   1        -3.0766e-16   5.71e-18          -3.0766e-16      5.71e-18    0.00e+00
   2        -3.0272e-16   3.85e-18          -3.0427e-16      3.19e-18    5.13e-01
   3        -3.0883e-16   3.56e-18          -3.0630e-16      2.38e-18    7.11e-01
rNLOg = (-3.0630037e-16 +- 2.3787975e-18) pb

**************************************************
* real light quark emission - dipole - (onshell) *
**************************************************
The limits of integration are:

xl[0]=0.000000    xu[0]=1.000000
xl[1]=0.000000    xu[1]=1.000000
xl[2]=0.000000    xu[2]=1.000000
xl[3]=0.000000    xu[3]=1.000000
xl[4]=0.000000    xu[4]=1.000000
xl[5]=0.000000    xu[5]=1.000000

num_dim=6, calls=5000, it_num=1, max_it_num=5 verb=0, alph=1.50,
mode=0, bins=50, boxes=1

       single.......iteration                   accumulated......results   
iteration     integral    sigma             integral         sigma     chi-sq/it

   1        6.5206e-16   4.05e-17          6.5206e-16      4.05e-17    0.00e+00
   2        6.5881e-16   1.36e-17          6.5812e-16      1.29e-17    2.50e-02
   3        6.3664e-16   6.99e-18          6.4150e-16      6.15e-18    1.08e+00
   4        6.3413e-16   5.02e-18          6.3708e-16      3.89e-18    1.01e+00
   5        6.3657e-16   4.49e-18          6.3686e-16      2.94e-18    7.57e-01

num_dim=6, calls=50000, it_num=1, max_it_num=5 verb=0, alph=1.50,
mode=0, bins=50, boxes=1

       single.......iteration                   accumulated......results   
iteration     integral    sigma             integral         sigma     chi-sq/it

   1        6.3537e-16   1.40e-18          6.3537e-16      1.40e-18    0.00e+00
   2        6.3934e-16   1.86e-18          6.3681e-16      1.12e-18    2.92e+00
   3        6.4046e-16   1.86e-18          6.3778e-16      9.57e-19    2.88e+00
   4        6.3763e-16   1.62e-18          6.3774e-16      8.23e-19    1.93e+00
   5        6.3891e-16   1.81e-18          6.3794e-16      7.50e-19    1.53e+00
rNLOq = (6.3794063e-16 +- 7.4950568e-19) pb
NLO = (2.9797748e-13 +- 1.2130791e-16) pb
#chisq/dof = 2.01976e-09
#status = success
#chisq/dof = 1.01601e-09
#status = success
#chisq/dof = 5.77408e-10
#status = success
#chisq/dof = 6.50112e-10
#status = success
#chisq/dof = 1.40019e-10
#status = success
#chisq/dof = 3.43538e-12
#status = success
#chisq/dof = 2.69678e-10
#status = success
#chisq/dof = 3.6598e-11
#status = success

*******************************************************
* threshold resummation (unimproved nnll) - expansion *
*******************************************************
The limits of integration are:

xl[0]=0.000000    xu[0]=1.000000
xl[1]=0.000000    xu[1]=1.000000
xl[2]=0.000000    xu[2]=1.000000

num_dim=3, calls=7000, it_num=1, max_it_num=5 verb=0, alph=1.50,
mode=0, bins=50, boxes=1

       single.......iteration                   accumulated......results   
iteration     integral    sigma             integral         sigma     chi-sq/it

   1        3.9138e-16   1.60e-14          3.9138e-16      1.60e-14    0.00e+00
   2        7.5414e-15   5.95e-15          6.6762e-15      5.58e-15    1.75e-01
   3        -1.3262e-15   5.24e-15          2.4225e-15      3.82e-15    6.34e-01
   4        1.1921e-14   5.20e-15          5.7496e-15      3.08e-15    1.15e+00
   5        9.9079e-15   5.21e-15          6.8238e-15      2.65e-15    9.77e-01

num_dim=3, calls=35000, it_num=1, max_it_num=5 verb=0, alph=1.50,
mode=0, bins=50, boxes=1

       single.......iteration                   accumulated......results   
iteration     integral    sigma             integral         sigma     chi-sq/it

   1        5.6800e-15   2.33e-15          5.6800e-15      2.33e-15    0.00e+00
   2        6.6106e-15   2.33e-15          6.1466e-15      1.65e-15    7.97e-02
   3        8.1293e-15   2.33e-15          6.8066e-15      1.35e-15    2.81e-01
   4        4.6099e-15   2.34e-15          6.2602e-15      1.17e-15    4.08e-01
   5        2.6355e-15   2.34e-15          5.5366e-15      1.04e-15    7.87e-01
   5        3.9199e-15   2.33e-15          5.2668e-15      9.53e-16    7.10e-01
   5        4.3929e-15   2.35e-15          5.1431e-15      8.83e-16    6.11e-01
   5        3.0942e-15   2.35e-15          4.8898e-15      8.27e-16    6.19e-01
   5        1.9901e-15   2.36e-15          4.5734e-15      7.80e-16    7.10e-01
   5        1.4897e-15   2.35e-15          4.2684e-15      7.41e-16    8.02e-01
   5        1.2264e-15   2.36e-15          3.9961e-15      7.07e-16    8.73e-01
   5        2.0191e-15   2.36e-15          3.8340e-15      6.77e-16    8.52e-01
   5        4.9773e-15   2.37e-15          3.9201e-15      6.51e-16    7.99e-01
   5        7.3397e-15   2.37e-15          4.1593e-15      6.28e-16    8.86e-01
   5        4.8320e-15   2.38e-15          4.2030e-15      6.07e-16    8.28e-01
   5        4.8139e-15   2.38e-15          4.2402e-15      5.88e-16    7.77e-01
   5        2.6338e-15   2.37e-15          4.1469e-15      5.71e-16    7.55e-01
   5        7.9759e-16   2.38e-15          3.9645e-15      5.55e-16    8.21e-01
   5        6.2222e-15   2.39e-15          4.0798e-15      5.41e-16    8.23e-01
   5        4.7243e-15   2.40e-15          4.1110e-15      5.28e-16    7.83e-01
   5        3.1459e-15   2.39e-15          4.0662e-15      5.15e-16    7.51e-01
   5        3.6026e-15   2.41e-15          4.0459e-15      5.04e-16    7.17e-01
   5        3.9844e-15   2.43e-15          4.0434e-15      4.93e-16    6.85e-01
   5        5.1460e-15   2.43e-15          4.0872e-15      4.83e-16    6.64e-01
   5        2.3954e-15   2.43e-15          4.0228e-15      4.74e-16    6.55e-01
   5        5.7177e-15   2.42e-15          4.0853e-15      4.65e-16    6.48e-01
   5        4.1301e-15   2.43e-15          4.0869e-15      4.57e-16    6.23e-01
   5        5.4834e-15   2.45e-15          4.1338e-15      4.49e-16    6.12e-01
   5        3.5793e-15   2.44e-15          4.1156e-15      4.42e-16    5.92e-01
   5        3.3461e-15   2.46e-15          4.0915e-15      4.35e-16    5.74e-01
   5        6.8437e-15   2.45e-15          4.1756e-15      4.28e-16    5.96e-01
   5        9.2170e-15   2.48e-15          4.3221e-15      4.22e-16    7.07e-01
   5        4.3984e-15   2.46e-15          4.3243e-15      4.16e-16    6.85e-01
   5        5.4055e-15   2.45e-15          4.3545e-15      4.10e-16    6.70e-01
   5        4.9900e-15   2.46e-15          4.3716e-15      4.04e-16    6.52e-01
   5        7.0335e-15   2.45e-15          4.4422e-15      3.99e-16    6.66e-01
   5        1.8992e-15   2.47e-15          4.3774e-15      3.94e-16    6.76e-01
   5        1.9072e-15   2.46e-15          4.3157e-15      3.89e-16    6.85e-01
   5        4.1889e-15   2.47e-15          4.3127e-15      3.84e-16    6.67e-01
   5        -2.4748e-15   2.47e-15          4.1529e-15      3.80e-16    8.38e-01
   5        8.8748e-16   2.49e-15          4.0788e-15      3.75e-16    8.59e-01
   5        2.1529e-15   2.49e-15          4.0360e-15      3.71e-16    8.52e-01
   5        4.6640e-15   2.49e-15          4.0497e-15      3.67e-16    8.33e-01
   5        -2.5005e-15   2.49e-15          3.9103e-15      3.63e-16    9.72e-01
   5        -1.7133e-16   2.49e-15          3.8256e-15      3.59e-16    1.01e+00
   5        -2.8273e-16   2.48e-15          3.7414e-15      3.56e-16    1.05e+00
   5        6.4608e-15   2.50e-15          3.7951e-15      3.52e-16    1.05e+00
   5        4.1988e-15   2.53e-15          3.8028e-15      3.49e-16    1.03e+00
   5        4.3283e-15   2.51e-15          3.8128e-15      3.45e-16    1.01e+00
   5        2.9853e-15   2.53e-15          3.7976e-15      3.42e-16    9.88e-01
   5        4.7382e-15   2.53e-15          3.8145e-15      3.39e-16    9.71e-01
   5        8.3892e-15   2.56e-15          3.8934e-15      3.36e-16    1.01e+00
   5        9.3642e-16   2.55e-15          3.8430e-15      3.33e-16    1.02e+00
   5        5.2555e-15   2.51e-15          3.8676e-15      3.30e-16    1.01e+00
   5        3.3456e-15   2.52e-15          3.8587e-15      3.28e-16    9.88e-01
aNNLO+NNLL = (3.0183618e-13 +- 3.4938177e-16) pb

Results:
LO = (2.3215743e-13 +- 1.7496346e-16) pb
NLO = (2.9797748e-13 +- 1.2130791e-16) pb
aNNLO+NNLL = (3.0183618e-13 +- 3.4938177e-16) pb
Thanks for using LHAPDF 6.2.3. Please make sure to cite the paper:
  Eur.Phys.J. C75 (2015) 3, 132  (http://arxiv.org/abs/1412.7420)
 ====================================================
   FF 2.0, a package to evaluate one-loop integrals
 written by G. J. van Oldenborgh, NIKHEF-H, Amsterdam
 ====================================================
 for the algorithms used see preprint NIKHEF-H 89/17,
 'New Algorithms for One-loop Integrals', by G.J. van
 Oldenborgh and J.A.M. Vermaseren, published in 
 Zeitschrift fuer Physik C46(1990)425.
 ====================================================
 
total number of errors and warnings
===================================
fferr: no errors
 
