
  Welcome to Resummino git-latest
  Copyright 2008-2010 Jonathan Debove.
  Copyright 2011-2014 David R. Lamprea.
  Copyright 2011-2016 Marcel Rothering.

  Licensed under the EUPL 1.1 or later.
  See http://www.resummino.org/ for more information.

  If using Resummino for slepton pair production, please cite.
  - G. Bozzi, B. Fuks, M. Klasen, PRD 74, 015001 (2006); NPB 777, 157 (2007); NPB 794, 46 (2007).
  - B. Fuks, M. Klasen, D. R. Lamprea, M. Rothering, EPJC 73, 2480 (2013).

  For gaugino pair production, please cite:
  - J. Debove, B. Fuks, M. Klasen, PLB 688, 208 (2010); NPB 842, 51 (2011); NPB 849, 64 (2011).
  - B. Fuks, M. Klasen, D. R. Lamprea, M. Rothering, JHEP 1210, 081 (2012); EPJC 73, 2480 (2013).

  For associated gaugino gluino production, please cite:
  - B. Fuks, M. Klasen, M. Rothering, JHEP 07:053, (2016).
  - B. Fuks, M. Klasen, D. R. Lamprea, M. Rothering, EPJC 73, 2480 (2013).

LHAPDF 6.2.3 loading /pool/condor/dir_16003/resummino-releases/lhapdf-prefix/share/LHAPDF/PDF4LHC21_40/PDF4LHC21_40_0000.dat
PDF4LHC21_40 PDF set, member #0, version 1
 alpha_s(M_Z^2) = 0.1180 	 for LO PDF set 
 alpha_s(1500.000^2) = 0.0831 	 for LO PDF set 

********************
* LO cross section *
********************
The limits of integration are:

xl[0]=0.000000    xu[0]=1.000000
xl[1]=0.000000    xu[1]=1.000000
xl[2]=0.000000    xu[2]=1.000000

num_dim=3, calls=2000, it_num=1, max_it_num=5 verb=0, alph=1.50,
mode=0, bins=50, boxes=1

       single.......iteration                   accumulated......results   
iteration     integral    sigma             integral         sigma     chi-sq/it

   1        2.1913e-13   6.59e-15          2.1913e-13      6.59e-15    0.00e+00
   2        2.3093e-13   2.38e-15          2.2956e-13      2.24e-15    2.84e+00
   3        2.3402e-13   1.31e-15          2.3288e-13      1.13e-15    2.89e+00
   4        2.3121e-13   1.24e-15          2.3212e-13      8.35e-16    2.26e+00
   5        2.3052e-13   1.29e-15          2.3165e-13      7.00e-16    1.97e+00

num_dim=3, calls=20000, it_num=1, max_it_num=5 verb=0, alph=1.50,
mode=0, bins=50, boxes=1

       single.......iteration                   accumulated......results   
iteration     integral    sigma             integral         sigma     chi-sq/it

   1        2.3205e-13   3.93e-16          2.3205e-13      3.93e-16    0.00e+00
   2        2.3198e-13   3.83e-16          2.3202e-13      2.74e-16    1.62e-02
   3        2.3259e-13   3.79e-16          2.3221e-13      2.22e-16    7.53e-01
   4        2.3253e-13   4.01e-16          2.3229e-13      1.94e-16    6.58e-01
   5        2.3161e-13   4.02e-16          2.3216e-13      1.75e-16    1.07e+00
LO = (2.3215743e-13 +- 1.7496346e-16) pb
LHAPDF 6.2.3 loading /pool/condor/dir_16003/resummino-releases/lhapdf-prefix/share/LHAPDF/PDF4LHC21_40/PDF4LHC21_40_0024.dat
PDF4LHC21_40 PDF set, member #24, version 1
 alpha_s(M_Z^2) = 0.1180 	 for NLO PDF set 
 alpha_s(1500.000^2) = 0.0831 	 for NLO PDF set 

********************
* LO cross section *
********************
The limits of integration are:

xl[0]=0.000000    xu[0]=1.000000
xl[1]=0.000000    xu[1]=1.000000
xl[2]=0.000000    xu[2]=1.000000

num_dim=3, calls=2000, it_num=1, max_it_num=5 verb=0, alph=1.50,
mode=0, bins=50, boxes=1

       single.......iteration                   accumulated......results   
iteration     integral    sigma             integral         sigma     chi-sq/it

   1        2.3935e-13   8.53e-15          2.3935e-13      8.53e-15    0.00e+00
   2        2.4919e-13   3.83e-15          2.4755e-13      3.49e-15    1.11e+00
   3        2.5609e-13   2.85e-15          2.5268e-13      2.21e-15    2.35e+00
   4        2.5484e-13   2.67e-15          2.5356e-13      1.70e-15    1.70e+00
   5        2.5291e-13   2.89e-15          2.5339e-13      1.47e-15    1.28e+00

num_dim=3, calls=20000, it_num=1, max_it_num=5 verb=0, alph=1.50,
mode=0, bins=50, boxes=1

       single.......iteration                   accumulated......results   
iteration     integral    sigma             integral         sigma     chi-sq/it

   1        2.5381e-13   8.76e-16          2.5381e-13      8.76e-16    0.00e+00
   2        2.5424e-13   8.61e-16          2.5403e-13      6.14e-16    1.21e-01
   3        2.5582e-13   8.45e-16          2.5465e-13      4.97e-16    1.54e+00
   4        2.5503e-13   8.64e-16          2.5474e-13      4.31e-16    1.08e+00
   5        2.5412e-13   8.61e-16          2.5462e-13      3.85e-16    9.13e-01
   5        2.5367e-13   8.82e-16          2.5447e-13      3.53e-16    9.23e-01
   5        2.5523e-13   8.77e-16          2.5457e-13      3.27e-16    8.79e-01
   5        2.5336e-13   8.81e-16          2.5443e-13      3.07e-16    9.90e-01
   5        2.5298e-13   8.97e-16          2.5427e-13      2.90e-16    1.16e+00
   5        2.5166e-13   9.41e-16          2.5405e-13      2.78e-16    1.81e+00
   5        2.5501e-13   8.96e-16          2.5413e-13      2.65e-16    1.73e+00
   5        2.5329e-13   9.27e-16          2.5407e-13      2.55e-16    1.65e+00
   5        2.5450e-13   9.11e-16          2.5410e-13      2.45e-16    1.53e+00
   5        2.5290e-13   9.43e-16          2.5402e-13      2.38e-16    1.52e+00
   5        2.5472e-13   9.51e-16          2.5406e-13      2.30e-16    1.45e+00
   5        2.5348e-13   9.78e-16          2.5403e-13      2.24e-16    1.38e+00
   5        2.5419e-13   9.66e-16          2.5404e-13      2.18e-16    1.29e+00
   5        2.5449e-13   9.81e-16          2.5406e-13      2.13e-16    1.23e+00
   5        2.5601e-13   9.67e-16          2.5415e-13      2.08e-16    1.37e+00
   5        2.5576e-13   9.72e-16          2.5422e-13      2.04e-16    1.44e+00
   5        2.5458e-13   9.82e-16          2.5424e-13      1.99e-16    1.37e+00
   5        2.5449e-13   1.00e-15          2.5425e-13      1.96e-16    1.31e+00
   5        2.5466e-13   1.01e-15          2.5426e-13      1.92e-16    1.26e+00
   5        2.5408e-13   1.04e-15          2.5426e-13      1.89e-16    1.20e+00
   5        2.5574e-13   1.02e-15          2.5431e-13      1.86e-16    1.24e+00
   5        2.5430e-13   1.09e-15          2.5431e-13      1.83e-16    1.19e+00
   5        2.5517e-13   1.09e-15          2.5433e-13      1.81e-16    1.17e+00
   5        2.5495e-13   1.03e-15          2.5435e-13      1.78e-16    1.14e+00
   5        2.5388e-13   1.03e-15          2.5433e-13      1.75e-16    1.10e+00
   5        2.5417e-13   1.04e-15          2.5433e-13      1.73e-16    1.07e+00
   5        2.5450e-13   1.05e-15          2.5433e-13      1.70e-16    1.03e+00
   5        2.5400e-13   1.06e-15          2.5433e-13      1.68e-16    1.00e+00
   5        2.5503e-13   1.06e-15          2.5434e-13      1.66e-16    9.83e-01
   5        2.5244e-13   1.07e-15          2.5430e-13      1.64e-16    1.05e+00
   5        2.5404e-13   1.06e-15          2.5429e-13      1.62e-16    1.02e+00
   5        2.5519e-13   1.06e-15          2.5431e-13      1.60e-16    1.01e+00
   5        2.5244e-13   1.10e-15          2.5427e-13      1.59e-16    1.06e+00
   5        2.5294e-13   1.11e-15          2.5425e-13      1.57e-16    1.07e+00
   5        2.5315e-13   1.13e-15          2.5423e-13      1.56e-16    1.07e+00
   5        2.5397e-13   1.09e-15          2.5422e-13      1.54e-16    1.04e+00
   5        2.5522e-13   1.10e-15          2.5424e-13      1.53e-16    1.03e+00
   5        2.5584e-13   1.08e-15          2.5427e-13      1.51e-16    1.06e+00
   5        2.5586e-13   1.10e-15          2.5430e-13      1.50e-16    1.08e+00
   5        2.5355e-13   1.13e-15          2.5429e-13      1.48e-16    1.07e+00
   5        2.5196e-13   1.17e-15          2.5425e-13      1.47e-16    1.13e+00
   5        2.5547e-13   1.13e-15          2.5427e-13      1.46e-16    1.13e+00
   5        2.5326e-13   1.21e-15          2.5426e-13      1.45e-16    1.12e+00
   5        2.5234e-13   1.16e-15          2.5423e-13      1.44e-16    1.16e+00
   5        2.5613e-13   1.17e-15          2.5426e-13      1.43e-16    1.19e+00
   5        2.5481e-13   1.18e-15          2.5426e-13      1.42e-16    1.17e+00
   5        2.5463e-13   1.16e-15          2.5427e-13      1.41e-16    1.15e+00
   5        2.5353e-13   1.19e-15          2.5426e-13      1.40e-16    1.13e+00
   5        2.5465e-13   1.18e-15          2.5426e-13      1.39e-16    1.11e+00
   5        2.5265e-13   1.25e-15          2.5424e-13      1.38e-16    1.12e+00
   5        2.5759e-13   1.16e-15          2.5429e-13      1.37e-16    1.25e+00
LO = (2.5429061e-13 +- 1.3694756e-16) pb

*******************************************
* virtual corrections + integrated dipole *
*******************************************
The limits of integration are:

xl[0]=0.000000    xu[0]=1.000000
xl[1]=0.000000    xu[1]=1.000000
xl[2]=0.000000    xu[2]=1.000000

num_dim=3, calls=240, it_num=1, max_it_num=5 verb=0, alph=1.50,
mode=0, bins=50, boxes=1

       single.......iteration                   accumulated......results   
iteration     integral    sigma             integral         sigma     chi-sq/it

   1        2.7428e-14   2.93e-15          2.7428e-14      2.93e-15    0.00e+00
   2        2.9455e-14   1.79e-15          2.8904e-14      1.53e-15    3.50e-01
   3        3.1433e-14   1.36e-15          3.0315e-14      1.01e-15    9.42e-01
   4        3.1518e-14   1.15e-15          3.0843e-14      7.60e-16    8.34e-01
   5        3.3797e-14   1.04e-15          3.1876e-14      6.13e-16    1.95e+00

num_dim=3, calls=1200, it_num=1, max_it_num=3 verb=0, alph=1.50,
mode=0, bins=50, boxes=1

       single.......iteration                   accumulated......results   
iteration     integral    sigma             integral         sigma     chi-sq/it

   1        3.0086e-14   5.39e-16          3.0086e-14      5.39e-16    0.00e+00
   2        3.1452e-14   4.97e-16          3.0824e-14      3.65e-16    3.47e+00
   3        3.1210e-14   4.62e-16          3.0973e-14      2.87e-16    1.95e+00
   3        3.2198e-14   4.23e-16          3.1358e-14      2.37e-16    3.21e+00
   3        3.1700e-14   4.14e-16          3.1443e-14      2.06e-16    2.54e+00
   3        3.1563e-14   4.50e-16          3.1464e-14      1.87e-16    2.04e+00
   3        3.0685e-14   4.96e-16          3.1366e-14      1.75e-16    2.06e+00
   3        3.2215e-14   4.16e-16          3.1494e-14      1.61e-16    2.27e+00
   3        3.1999e-14   4.04e-16          3.1564e-14      1.50e-16    2.16e+00
   3        3.1592e-14   4.16e-16          3.1567e-14      1.41e-16    1.92e+00
   3        3.1045e-14   4.83e-16          3.1526e-14      1.35e-16    1.83e+00
   3        3.0782e-14   5.06e-16          3.1476e-14      1.31e-16    1.85e+00
   3        3.1970e-14   4.44e-16          3.1516e-14      1.25e-16    1.79e+00
   3        3.1952e-14   4.12e-16          3.1553e-14      1.20e-16    1.73e+00
   3        3.1463e-14   4.74e-16          3.1547e-14      1.16e-16    1.61e+00
   3        3.0752e-14   4.78e-16          3.1503e-14      1.13e-16    1.68e+00
   3        3.1562e-14   4.36e-16          3.1507e-14      1.09e-16    1.57e+00
   3        3.0608e-14   5.13e-16          3.1468e-14      1.07e-16    1.65e+00
   3        3.2056e-14   4.22e-16          3.1503e-14      1.04e-16    1.66e+00
   3        3.2114e-14   4.28e-16          3.1537e-14      1.01e-16    1.68e+00
   3        3.1400e-14   4.64e-16          3.1531e-14      9.85e-17    1.60e+00
   3        3.1841e-14   4.21e-16          3.1547e-14      9.59e-17    1.55e+00
   3        3.0791e-14   4.73e-16          3.1517e-14      9.40e-17    1.59e+00
   3        3.1071e-14   4.81e-16          3.1501e-14      9.23e-17    1.55e+00
   3        3.1353e-14   4.72e-16          3.1495e-14      9.05e-17    1.49e+00
   3        3.1263e-14   4.43e-16          3.1486e-14      8.87e-17    1.44e+00
   3        3.1594e-14   4.53e-16          3.1490e-14      8.71e-17    1.39e+00
   3        3.1693e-14   4.39e-16          3.1498e-14      8.54e-17    1.35e+00
   3        3.0951e-14   4.68e-16          3.1480e-14      8.40e-17    1.35e+00
   3        3.1459e-14   4.57e-16          3.1479e-14      8.26e-17    1.30e+00
   3        3.1172e-14   4.44e-16          3.1469e-14      8.12e-17    1.27e+00
   3        3.1666e-14   4.44e-16          3.1475e-14      7.99e-17    1.24e+00
   3        3.1519e-14   4.49e-16          3.1477e-14      7.87e-17    1.20e+00
   3        3.2311e-14   3.99e-16          3.1508e-14      7.72e-17    1.29e+00
vNLO = (3.1507878e-14 +- 7.7183454e-17) pb

*****************************
* collinear remainder (P+K) *
*****************************
The limits of integration are:

xl[0]=0.000000    xu[0]=1.000000
xl[1]=0.000000    xu[1]=1.000000
xl[2]=0.000000    xu[2]=1.000000
xl[3]=0.000000    xu[3]=1.000000

num_dim=4, calls=2500, it_num=1, max_it_num=5 verb=0, alph=1.50,
mode=0, bins=50, boxes=1

       single.......iteration                   accumulated......results   
iteration     integral    sigma             integral         sigma     chi-sq/it

   1        3.8825e-14   2.43e-15          3.8825e-14      2.43e-15    0.00e+00
   2        3.9820e-14   9.62e-16          3.9685e-14      8.95e-16    1.45e-01
   3        3.9906e-14   7.84e-16          3.9810e-14      5.90e-16    8.98e-02
   4        3.9602e-14   7.63e-16          3.9732e-14      4.67e-16    7.53e-02
   5        4.0006e-14   7.34e-16          3.9811e-14      3.94e-16    8.13e-02

num_dim=4, calls=25000, it_num=1, max_it_num=3 verb=0, alph=1.50,
mode=0, bins=50, boxes=1

       single.......iteration                   accumulated......results   
iteration     integral    sigma             integral         sigma     chi-sq/it

   1        4.0323e-14   2.35e-16          4.0323e-14      2.35e-16    0.00e+00
   2        4.0453e-14   2.30e-16          4.0389e-14      1.64e-16    1.56e-01
   3        3.9733e-14   2.34e-16          4.0172e-14      1.34e-16    2.71e+00
   3        3.9953e-14   2.34e-16          4.0118e-14      1.17e-16    2.03e+00
   3        3.9790e-14   2.36e-16          4.0054e-14      1.05e-16    1.91e+00
   3        3.9630e-14   2.35e-16          3.9983e-14      9.55e-17    2.07e+00
   3        3.9820e-14   2.34e-16          3.9960e-14      8.84e-17    1.80e+00
   3        3.9932e-14   2.34e-16          3.9956e-14      8.27e-17    1.54e+00
   3        3.9767e-14   2.40e-16          3.9936e-14      7.82e-17    1.42e+00
   3        4.0055e-14   2.40e-16          3.9948e-14      7.43e-17    1.28e+00
P+K = (3.9947884e-14 +- 7.4343858e-17) pb

********************************
* real gluon emission - dipole *
********************************
The limits of integration are:

xl[0]=0.000000    xu[0]=1.000000
xl[1]=0.000000    xu[1]=1.000000
xl[2]=0.000000    xu[2]=1.000000
xl[3]=0.000000    xu[3]=1.000000
xl[4]=0.000000    xu[4]=1.000000
xl[5]=0.000000    xu[5]=1.000000

num_dim=6, calls=250, it_num=1, max_it_num=5 verb=0, alph=1.50,
mode=0, bins=50, boxes=1

       single.......iteration                   accumulated......results   
iteration     integral    sigma             integral         sigma     chi-sq/it

   1        -3.8945e-16   1.54e-16          -3.8945e-16      1.54e-16    0.00e+00
   2        -3.9457e-16   1.18e-16          -3.9269e-16      9.35e-17    7.00e-04
   3        -2.2660e-16   3.68e-17          -2.4887e-16      3.42e-17    1.37e+00
   4        -3.2280e-16   3.63e-17          -2.8364e-16      2.49e-17    1.64e+00
   5        -3.3744e-16   4.74e-17          -2.9527e-16      2.21e-17    1.48e+00

num_dim=6, calls=2500, it_num=1, max_it_num=3 verb=0, alph=1.50,
mode=0, bins=50, boxes=1

       single.......iteration                   accumulated......results   
iteration     integral    sigma             integral         sigma     chi-sq/it

   1        -3.2028e-16   1.20e-17          -3.2028e-16      1.20e-17    0.00e+00
   2        -3.2158e-16   6.75e-18          -3.2127e-16      5.88e-18    8.98e-03
   3        -3.2067e-16   6.52e-18          -3.2100e-16      4.37e-18    6.77e-03
rNLOg = (-3.2099959e-16 +- 4.3664249e-18) pb

**************************************************
* real light quark emission - dipole - (onshell) *
**************************************************
The limits of integration are:

xl[0]=0.000000    xu[0]=1.000000
xl[1]=0.000000    xu[1]=1.000000
xl[2]=0.000000    xu[2]=1.000000
xl[3]=0.000000    xu[3]=1.000000
xl[4]=0.000000    xu[4]=1.000000
xl[5]=0.000000    xu[5]=1.000000

num_dim=6, calls=5000, it_num=1, max_it_num=5 verb=0, alph=1.50,
mode=0, bins=50, boxes=1

       single.......iteration                   accumulated......results   
iteration     integral    sigma             integral         sigma     chi-sq/it

   1        6.4644e-16   4.05e-17          6.4644e-16      4.05e-17    0.00e+00
   2        6.5234e-16   1.35e-17          6.5175e-16      1.28e-17    1.91e-02
   3        6.3090e-16   6.95e-18          6.3564e-16      6.11e-18    1.03e+00
   4        6.2848e-16   5.01e-18          6.3136e-16      3.87e-18    9.63e-01
   5        6.3114e-16   4.50e-18          6.3127e-16      2.94e-18    7.22e-01

num_dim=6, calls=50000, it_num=1, max_it_num=5 verb=0, alph=1.50,
mode=0, bins=50, boxes=1

       single.......iteration                   accumulated......results   
iteration     integral    sigma             integral         sigma     chi-sq/it

   1        6.2970e-16   1.40e-18          6.2970e-16      1.40e-18    0.00e+00
   2        6.3349e-16   1.84e-18          6.3110e-16      1.12e-18    2.68e+00
   3        6.3451e-16   1.84e-18          6.3201e-16      9.55e-19    2.59e+00
   4        6.3205e-16   1.61e-18          6.3202e-16      8.21e-19    1.73e+00
   5        6.3328e-16   1.79e-18          6.3224e-16      7.46e-19    1.40e+00
rNLOq = (6.3223932e-16 +- 7.4640930e-19) pb
NLO = (3.2605762e-13 +- 1.7394985e-16) pb
#chisq/dof = 2.03193e-09
#status = success
#chisq/dof = 1.78429e-09
#status = success
#chisq/dof = 4.97371e-10
#status = success
#chisq/dof = 1.3528e-09
#status = success
#chisq/dof = 9.60737e-11
#status = success
#chisq/dof = 3.41101e-12
#status = success
#chisq/dof = 2.66241e-10
#status = success
#chisq/dof = 2.43676e-11
#status = success

*******************************************************
* threshold resummation (unimproved nnll) - expansion *
*******************************************************
The limits of integration are:

xl[0]=0.000000    xu[0]=1.000000
xl[1]=0.000000    xu[1]=1.000000
xl[2]=0.000000    xu[2]=1.000000

num_dim=3, calls=7000, it_num=1, max_it_num=5 verb=0, alph=1.50,
mode=0, bins=50, boxes=1

       single.......iteration                   accumulated......results   
iteration     integral    sigma             integral         sigma     chi-sq/it

   1        -1.4288e-15   1.91e-14          -1.4288e-15      1.91e-14    0.00e+00
   2        7.9609e-15   7.00e-15          6.8480e-15      6.57e-15    2.13e-01
   3        -1.0711e-14   6.11e-15          -2.5652e-15      4.48e-15    2.02e+00
   4        1.0506e-14   6.01e-15          2.0935e-15      3.59e-15    2.36e+00
   5        1.0994e-14   6.17e-15          4.3447e-15      3.10e-15    2.16e+00

num_dim=3, calls=35000, it_num=1, max_it_num=5 verb=0, alph=1.50,
mode=0, bins=50, boxes=1

       single.......iteration                   accumulated......results   
iteration     integral    sigma             integral         sigma     chi-sq/it

   1        4.7853e-15   2.72e-15          4.7853e-15      2.72e-15    0.00e+00
   2        8.9015e-15   2.72e-15          6.8468e-15      1.92e-15    1.15e+00
   3        1.0955e-14   2.72e-15          8.2177e-15      1.57e-15    1.33e+00
   4        5.9233e-15   2.73e-15          7.6470e-15      1.36e-15    1.07e+00
   5        2.9035e-15   2.74e-15          6.7068e-15      1.22e-15    1.40e+00
   5        5.1479e-15   2.73e-15          6.4485e-15      1.11e-15    1.18e+00
   5        4.4200e-15   2.74e-15          6.1605e-15      1.03e-15    1.06e+00
   5        5.3459e-15   2.74e-15          6.0597e-15      9.65e-16    9.19e-01
   5        2.4595e-15   2.73e-15          5.6595e-15      9.10e-16    9.97e-01
   5        3.9923e-15   2.73e-15          5.4924e-15      8.63e-16    9.24e-01
   5        3.4001e-15   2.74e-15          5.3032e-15      8.23e-16    8.85e-01
   5        2.7787e-15   2.74e-15          5.0939e-15      7.88e-16    8.75e-01
   5        5.5923e-15   2.74e-15          5.1319e-15      7.57e-16    8.05e-01
   5        7.9245e-15   2.74e-15          5.3305e-15      7.30e-16    8.17e-01
   5        6.5078e-15   2.73e-15          5.4091e-15      7.05e-16    7.71e-01
   5        3.0650e-15   2.73e-15          5.2628e-15      6.83e-16    7.66e-01
   5        -8.3437e-16   2.74e-15          4.9067e-15      6.63e-16    1.01e+00
   5        3.5859e-15   2.76e-15          4.8346e-15      6.44e-16    9.62e-01
   5        7.1390e-15   2.76e-15          4.9540e-15      6.27e-16    9.46e-01
   5        5.0151e-15   2.76e-15          4.9570e-15      6.12e-16    8.96e-01
   5        3.1061e-15   2.77e-15          4.8708e-15      5.97e-16    8.73e-01
   5        6.4639e-15   2.78e-15          4.9409e-15      5.84e-16    8.46e-01
   5        3.2991e-15   2.78e-15          4.8717e-15      5.72e-16    8.23e-01
   5        6.9228e-15   2.80e-15          4.9537e-15      5.60e-16    8.09e-01
   5        2.7751e-15   2.82e-15          4.8710e-15      5.49e-16    7.99e-01
   5        5.3352e-15   2.79e-15          4.8883e-15      5.39e-16    7.69e-01
   5        3.7312e-15   2.81e-15          4.8473e-15      5.29e-16    7.45e-01
   5        6.2255e-15   2.82e-15          4.8943e-15      5.20e-16    7.26e-01
   5        5.0079e-15   2.82e-15          4.8980e-15      5.12e-16    7.00e-01
   5        1.7388e-15   2.84e-15          4.7985e-15      5.03e-16    7.18e-01
   5        5.1614e-15   2.84e-15          4.8095e-15      4.96e-16    6.94e-01
   5        8.8475e-15   2.85e-15          4.9280e-15      4.88e-16    7.35e-01
   5        7.3556e-15   2.87e-15          4.9965e-15      4.82e-16    7.33e-01
   5        2.2996e-15   2.86e-15          4.9219e-15      4.75e-16    7.38e-01
   5        5.5003e-15   2.88e-15          4.9373e-15      4.68e-16    7.17e-01
   5        6.2525e-15   2.87e-15          4.9714e-15      4.62e-16    7.02e-01
   5        5.3622e-15   2.90e-15          4.9810e-15      4.57e-16    6.83e-01
   5        4.0333e-15   2.91e-15          4.9582e-15      4.51e-16    6.68e-01
   5        3.3863e-15   2.88e-15          4.9205e-15      4.46e-16    6.58e-01
   5        8.6621e-16   2.91e-15          4.8275e-15      4.40e-16    6.90e-01
   5        7.8775e-17   2.91e-15          4.7215e-15      4.36e-16    7.37e-01
   5        1.8730e-15   2.89e-15          4.6581e-15      4.31e-16    7.42e-01
   5        4.7178e-15   2.91e-15          4.6594e-15      4.26e-16    7.25e-01
   5        -9.3635e-17   2.91e-15          4.5598e-15      4.22e-16    7.69e-01
   5        2.1893e-15   2.92e-15          4.5113e-15      4.17e-16    7.66e-01
   5        3.3306e-16   2.92e-15          4.4280e-15      4.13e-16    7.93e-01
   5        6.5131e-15   2.93e-15          4.4687e-15      4.09e-16    7.87e-01
   5        5.4407e-15   2.96e-15          4.4868e-15      4.05e-16    7.72e-01
   5        -3.5663e-16   2.92e-15          4.3952e-15      4.01e-16    8.13e-01
   5        7.0397e-15   2.94e-15          4.4436e-15      3.98e-16    8.12e-01
   5        3.5165e-15   2.96e-15          4.4271e-15      3.94e-16    7.98e-01
   5        6.6862e-15   2.97e-15          4.4661e-15      3.91e-16    7.93e-01
   5        3.5127e-15   2.96e-15          4.4497e-15      3.87e-16    7.80e-01
   5        3.8602e-15   2.98e-15          4.4399e-15      3.84e-16    7.66e-01
   5        2.7841e-15   2.98e-15          4.4129e-15      3.81e-16    7.57e-01
aNNLO+NNLL = (3.3047048e-13 +- 4.1875122e-16) pb

Results:
LO = (2.3215743e-13 +- 1.7496346e-16) pb
NLO = (3.2605762e-13 +- 1.7394985e-16) pb
aNNLO+NNLL = (3.3047048e-13 +- 4.1875122e-16) pb
Thanks for using LHAPDF 6.2.3. Please make sure to cite the paper:
  Eur.Phys.J. C75 (2015) 3, 132  (http://arxiv.org/abs/1412.7420)
 ====================================================
   FF 2.0, a package to evaluate one-loop integrals
 written by G. J. van Oldenborgh, NIKHEF-H, Amsterdam
 ====================================================
 for the algorithms used see preprint NIKHEF-H 89/17,
 'New Algorithms for One-loop Integrals', by G.J. van
 Oldenborgh and J.A.M. Vermaseren, published in 
 Zeitschrift fuer Physik C46(1990)425.
 ====================================================
 
total number of errors and warnings
===================================
fferr: no errors
 
