
  Welcome to Resummino git-latest
  Copyright 2008-2010 Jonathan Debove.
  Copyright 2011-2014 David R. Lamprea.
  Copyright 2011-2016 Marcel Rothering.

  Licensed under the EUPL 1.1 or later.
  See http://www.resummino.org/ for more information.

  If using Resummino for slepton pair production, please cite.
  - G. Bozzi, B. Fuks, M. Klasen, PRD 74, 015001 (2006); NPB 777, 157 (2007); NPB 794, 46 (2007).
  - B. Fuks, M. Klasen, D. R. Lamprea, M. Rothering, EPJC 73, 2480 (2013).

  For gaugino pair production, please cite:
  - J. Debove, B. Fuks, M. Klasen, PLB 688, 208 (2010); NPB 842, 51 (2011); NPB 849, 64 (2011).
  - B. Fuks, M. Klasen, D. R. Lamprea, M. Rothering, JHEP 1210, 081 (2012); EPJC 73, 2480 (2013).

  For associated gaugino gluino production, please cite:
  - B. Fuks, M. Klasen, M. Rothering, JHEP 07:053, (2016).
  - B. Fuks, M. Klasen, D. R. Lamprea, M. Rothering, EPJC 73, 2480 (2013).

LHAPDF 6.2.3 loading /pool/condor/dir_37653/resummino-releases/lhapdf-prefix/share/LHAPDF/PDF4LHC21_40/PDF4LHC21_40_0000.dat
PDF4LHC21_40 PDF set, member #0, version 1
 alpha_s(M_Z^2) = 0.1180 	 for LO PDF set 
 alpha_s(200.000^2) = 0.1055 	 for LO PDF set 

********************
* LO cross section *
********************
The limits of integration are:

xl[0]=0.000000    xu[0]=1.000000
xl[1]=0.000000    xu[1]=1.000000
xl[2]=0.000000    xu[2]=1.000000

num_dim=3, calls=2000, it_num=1, max_it_num=5 verb=0, alph=1.50,
mode=0, bins=50, boxes=1

       single.......iteration                   accumulated......results   
iteration     integral    sigma             integral         sigma     chi-sq/it

   1        1.9185e-11   6.28e-13          1.9185e-11      6.28e-13    0.00e+00
   2        1.9470e-11   2.07e-13          1.9442e-11      1.96e-13    1.85e-01
   3        1.9793e-11   1.19e-13          1.9699e-11      1.02e-13    1.26e+00
   4        1.9499e-11   1.10e-13          1.9607e-11      7.49e-14    1.42e+00
   5        1.9485e-11   1.15e-13          1.9571e-11      6.27e-14    1.26e+00

num_dim=3, calls=20000, it_num=1, max_it_num=5 verb=0, alph=1.50,
mode=0, bins=50, boxes=1

       single.......iteration                   accumulated......results   
iteration     integral    sigma             integral         sigma     chi-sq/it

   1        1.9589e-11   3.50e-14          1.9589e-11      3.50e-14    0.00e+00
   2        1.9596e-11   3.46e-14          1.9593e-11      2.46e-14    2.14e-02
   3        1.9671e-11   3.41e-14          1.9620e-11      2.00e-14    1.73e+00
   4        1.9644e-11   3.56e-14          1.9625e-11      1.74e-14    1.27e+00
   5        1.9561e-11   3.57e-14          1.9613e-11      1.56e-14    1.60e+00
   5        1.9596e-11   3.58e-14          1.9610e-11      1.43e-14    1.32e+00
   5        1.9624e-11   3.62e-14          1.9612e-11      1.33e-14    1.12e+00
   5        1.9577e-11   3.65e-14          1.9608e-11      1.25e-14    1.07e+00
   5        1.9565e-11   3.75e-14          1.9604e-11      1.19e-14    1.09e+00
   5        1.9530e-11   3.84e-14          1.9597e-11      1.13e-14    1.34e+00
   5        1.9589e-11   4.01e-14          1.9597e-11      1.09e-14    1.21e+00
   5        1.9585e-11   4.02e-14          1.9596e-11      1.05e-14    1.11e+00
   5        1.9636e-11   4.22e-14          1.9598e-11      1.02e-14    1.09e+00
   5        1.9589e-11   4.40e-14          1.9598e-11      9.96e-15    1.01e+00
LO = (1.9597663e-11 +- 9.9566038e-15) pb
LHAPDF 6.2.3 loading /pool/condor/dir_37653/resummino-releases/lhapdf-prefix/share/LHAPDF/PDF4LHC21_40/PDF4LHC21_40_0023.dat
PDF4LHC21_40 PDF set, member #23, version 1
 alpha_s(M_Z^2) = 0.1180 	 for NLO PDF set 
 alpha_s(200.000^2) = 0.1055 	 for NLO PDF set 

********************
* LO cross section *
********************
The limits of integration are:

xl[0]=0.000000    xu[0]=1.000000
xl[1]=0.000000    xu[1]=1.000000
xl[2]=0.000000    xu[2]=1.000000

num_dim=3, calls=2000, it_num=1, max_it_num=5 verb=0, alph=1.50,
mode=0, bins=50, boxes=1

       single.......iteration                   accumulated......results   
iteration     integral    sigma             integral         sigma     chi-sq/it

   1        1.9159e-11   6.26e-13          1.9159e-11      6.26e-13    0.00e+00
   2        1.9442e-11   2.06e-13          1.9414e-11      1.96e-13    1.84e-01
   3        1.9764e-11   1.18e-13          1.9670e-11      1.01e-13    1.26e+00
   4        1.9470e-11   1.09e-13          1.9578e-11      7.41e-14    1.45e+00
   5        1.9463e-11   1.13e-13          1.9543e-11      6.21e-14    1.26e+00

num_dim=3, calls=20000, it_num=1, max_it_num=5 verb=0, alph=1.50,
mode=0, bins=50, boxes=1

       single.......iteration                   accumulated......results   
iteration     integral    sigma             integral         sigma     chi-sq/it

   1        1.9559e-11   3.46e-14          1.9559e-11      3.46e-14    0.00e+00
   2        1.9565e-11   3.42e-14          1.9562e-11      2.43e-14    1.53e-02
   3        1.9640e-11   3.37e-14          1.9589e-11      1.97e-14    1.75e+00
   4        1.9613e-11   3.52e-14          1.9595e-11      1.72e-14    1.29e+00
   5        1.9531e-11   3.53e-14          1.9582e-11      1.55e-14    1.62e+00
   5        1.9566e-11   3.55e-14          1.9580e-11      1.42e-14    1.33e+00
   5        1.9594e-11   3.58e-14          1.9582e-11      1.32e-14    1.13e+00
   5        1.9548e-11   3.60e-14          1.9578e-11      1.24e-14    1.08e+00
   5        1.9535e-11   3.71e-14          1.9573e-11      1.17e-14    1.10e+00
   5        1.9504e-11   3.80e-14          1.9567e-11      1.12e-14    1.32e+00
   5        1.9558e-11   3.98e-14          1.9567e-11      1.08e-14    1.19e+00
   5        1.9554e-11   3.99e-14          1.9566e-11      1.04e-14    1.09e+00
   5        1.9605e-11   4.18e-14          1.9568e-11      1.01e-14    1.07e+00
   5        1.9558e-11   4.37e-14          1.9568e-11      9.86e-15    9.89e-01
   5        1.9570e-11   4.64e-14          1.9568e-11      9.64e-15    9.19e-01
   5        1.9533e-11   4.75e-14          1.9566e-11      9.45e-15    8.91e-01
   5        1.9544e-11   4.81e-14          1.9566e-11      9.27e-15    8.49e-01
   5        1.9608e-11   4.94e-14          1.9567e-11      9.11e-15    8.42e-01
   5        1.9640e-11   5.21e-14          1.9569e-11      8.98e-15    9.01e-01
   5        1.9653e-11   5.21e-14          1.9572e-11      8.85e-15    9.86e-01
   5        1.9526e-11   5.29e-14          1.9570e-11      8.72e-15    9.73e-01
   5        1.9591e-11   5.52e-14          1.9571e-11      8.62e-15    9.33e-01
   5        1.9601e-11   5.68e-14          1.9572e-11      8.52e-15    9.03e-01
   5        1.9530e-11   5.73e-14          1.9571e-11      8.43e-15    8.86e-01
   5        1.9671e-11   5.88e-14          1.9573e-11      8.34e-15    9.68e-01
   5        1.9547e-11   5.79e-14          1.9572e-11      8.26e-15    9.37e-01
   5        1.9690e-11   5.91e-14          1.9574e-11      8.18e-15    1.05e+00
   5        1.9603e-11   5.78e-14          1.9575e-11      8.10e-15    1.02e+00
   5        1.9568e-11   5.96e-14          1.9575e-11      8.02e-15    9.86e-01
   5        1.9635e-11   6.31e-14          1.9576e-11      7.96e-15    9.83e-01
   5        1.9521e-11   6.01e-14          1.9575e-11      7.89e-15    9.77e-01
   5        1.9584e-11   6.12e-14          1.9575e-11      7.83e-15    9.47e-01
   5        1.9683e-11   6.13e-14          1.9577e-11      7.76e-15    1.01e+00
   5        1.9505e-11   6.39e-14          1.9576e-11      7.71e-15    1.02e+00
   5        1.9485e-11   6.56e-14          1.9574e-11      7.65e-15    1.05e+00
   5        1.9634e-11   6.58e-14          1.9575e-11      7.60e-15    1.04e+00
   5        1.9434e-11   6.50e-14          1.9573e-11      7.55e-15    1.14e+00
   5        1.9535e-11   6.84e-14          1.9573e-11      7.50e-15    1.12e+00
   5        1.9630e-11   6.49e-14          1.9574e-11      7.46e-15    1.11e+00
   5        1.9600e-11   6.46e-14          1.9574e-11      7.41e-15    1.08e+00
   5        1.9626e-11   6.65e-14          1.9575e-11      7.36e-15    1.07e+00
   5        1.9595e-11   6.77e-14          1.9575e-11      7.32e-15    1.05e+00
   5        1.9661e-11   6.90e-14          1.9576e-11      7.28e-15    1.06e+00
   5        1.9612e-11   7.03e-14          1.9576e-11      7.24e-15    1.04e+00
   5        1.9503e-11   7.06e-14          1.9575e-11      7.20e-15    1.04e+00
   5        1.9568e-11   7.34e-14          1.9575e-11      7.17e-15    1.02e+00
   5        1.9631e-11   7.34e-14          1.9576e-11      7.13e-15    1.01e+00
   5        1.9342e-11   7.07e-14          1.9573e-11      7.10e-15    1.22e+00
   5        1.9698e-11   7.13e-14          1.9575e-11      7.06e-15    1.26e+00
   5        1.9691e-11   7.25e-14          1.9576e-11      7.03e-15    1.28e+00
   5        1.9571e-11   7.03e-14          1.9576e-11      6.99e-15    1.26e+00
   5        1.9468e-11   7.04e-14          1.9575e-11      6.96e-15    1.28e+00
   5        1.9612e-11   7.32e-14          1.9575e-11      6.93e-15    1.26e+00
   5        1.9499e-11   7.54e-14          1.9574e-11      6.90e-15    1.25e+00
   5        1.9732e-11   7.32e-14          1.9576e-11      6.87e-15    1.31e+00
LO = (1.9575769e-11 +- 6.8679978e-15) pb

*******************************************
* virtual corrections + integrated dipole *
*******************************************
The limits of integration are:

xl[0]=0.000000    xu[0]=1.000000
xl[1]=0.000000    xu[1]=1.000000
xl[2]=0.000000    xu[2]=1.000000

num_dim=3, calls=240, it_num=1, max_it_num=5 verb=0, alph=1.50,
mode=0, bins=50, boxes=1

       single.......iteration                   accumulated......results   
iteration     integral    sigma             integral         sigma     chi-sq/it

   1        2.8996e-12   2.91e-13          2.8996e-12      2.91e-13    0.00e+00
   2        2.7822e-12   1.09e-13          2.7965e-12      1.02e-13    1.43e-01
   3        3.0585e-12   7.65e-14          2.9640e-12      6.12e-14    2.19e+00
   4        3.0707e-12   6.49e-14          3.0142e-12      4.45e-14    1.94e+00
   5        3.2073e-12   7.24e-14          3.0671e-12      3.79e-14    2.74e+00

num_dim=3, calls=1200, it_num=1, max_it_num=3 verb=0, alph=1.50,
mode=0, bins=50, boxes=1

       single.......iteration                   accumulated......results   
iteration     integral    sigma             integral         sigma     chi-sq/it

   1        3.0050e-12   3.03e-14          3.0050e-12      3.03e-14    0.00e+00
   2        3.0823e-12   2.62e-14          3.0492e-12      1.98e-14    3.72e+00
   3        3.0554e-12   2.37e-14          3.0518e-12      1.52e-14    1.88e+00
   3        3.1266e-12   2.45e-14          3.0726e-12      1.29e-14    3.50e+00
   3        3.0347e-12   2.38e-14          3.0640e-12      1.14e-14    3.11e+00
   3        3.0705e-12   2.37e-14          3.0652e-12      1.02e-14    2.50e+00
   3        3.0409e-12   2.52e-14          3.0618e-12      9.49e-15    2.22e+00
   3        3.0897e-12   2.35e-14          3.0657e-12      8.80e-15    2.08e+00
   3        3.0726e-12   2.30e-14          3.0666e-12      8.22e-15    1.83e+00
   3        3.0728e-12   2.37e-14          3.0672e-12      7.77e-15    1.63e+00
   3        3.0457e-12   2.41e-14          3.0652e-12      7.39e-15    1.54e+00
   3        3.0629e-12   2.49e-14          3.0650e-12      7.09e-15    1.40e+00
   3        3.0853e-12   2.35e-14          3.0667e-12      6.78e-15    1.34e+00
   3        3.0751e-12   2.45e-14          3.0673e-12      6.54e-15    1.25e+00
   3        3.0845e-12   2.54e-14          3.0684e-12      6.33e-15    1.19e+00
vNLO = (3.0683849e-12 +- 6.3314772e-15) pb

*****************************
* collinear remainder (P+K) *
*****************************
The limits of integration are:

xl[0]=0.000000    xu[0]=1.000000
xl[1]=0.000000    xu[1]=1.000000
xl[2]=0.000000    xu[2]=1.000000
xl[3]=0.000000    xu[3]=1.000000

num_dim=4, calls=2500, it_num=1, max_it_num=5 verb=0, alph=1.50,
mode=0, bins=50, boxes=1

       single.......iteration                   accumulated......results   
iteration     integral    sigma             integral         sigma     chi-sq/it

   1        5.0852e-13   1.97e-13          5.0852e-13      1.97e-13    0.00e+00
   2        3.0616e-13   1.01e-13          3.4794e-13      8.97e-14    8.34e-01
   3        2.9210e-13   8.43e-14          3.1829e-13      6.14e-14    5.20e-01
   4        2.1658e-13   8.23e-14          2.8191e-13      4.92e-14    6.73e-01
   5        1.7074e-13   8.30e-14          2.5297e-13      4.23e-14    8.37e-01

num_dim=4, calls=25000, it_num=1, max_it_num=3 verb=0, alph=1.50,
mode=0, bins=50, boxes=1

       single.......iteration                   accumulated......results   
iteration     integral    sigma             integral         sigma     chi-sq/it

   1        2.0430e-13   2.62e-14          2.0430e-13      2.62e-14    0.00e+00
   2        1.8412e-13   2.63e-14          1.9424e-13      1.86e-14    2.96e-01
   3        2.1034e-13   2.60e-14          1.9966e-13      1.51e-14    2.75e-01
   3        1.9778e-13   2.62e-14          1.9919e-13      1.31e-14    1.84e-01
   3        2.2451e-13   2.63e-14          2.0422e-13      1.17e-14    3.24e-01
   3        2.1421e-13   2.62e-14          2.0589e-13      1.07e-14    2.83e-01
   3        2.2390e-13   2.62e-14          2.0847e-13      9.90e-15    3.04e-01
   3        1.6945e-13   2.62e-14          2.0360e-13      9.26e-15    5.38e-01
   3        1.7654e-13   2.62e-14          2.0060e-13      8.73e-15    5.89e-01
   3        2.0407e-13   2.63e-14          2.0095e-13      8.29e-15    5.25e-01
   3        1.9188e-13   2.63e-14          2.0013e-13      7.90e-15    4.83e-01
   3        2.2004e-13   2.63e-14          2.0178e-13      7.57e-15    4.87e-01
   3        2.1700e-13   2.63e-14          2.0294e-13      7.27e-15    4.72e-01
   3        1.8151e-13   2.64e-14          2.0143e-13      7.01e-15    4.83e-01
   3        1.8660e-13   2.64e-14          2.0045e-13      6.78e-15    4.70e-01
   3        1.6949e-13   2.67e-14          1.9858e-13      6.57e-15    5.23e-01
   3        2.0233e-13   2.67e-14          1.9879e-13      6.38e-15    4.91e-01
   3        1.6377e-13   2.68e-14          1.9691e-13      6.20e-15    5.58e-01
P+K = (1.9690588e-13 +- 6.2038213e-15) pb

********************************
* real gluon emission - dipole *
********************************
The limits of integration are:

xl[0]=0.000000    xu[0]=1.000000
xl[1]=0.000000    xu[1]=1.000000
xl[2]=0.000000    xu[2]=1.000000
xl[3]=0.000000    xu[3]=1.000000
xl[4]=0.000000    xu[4]=1.000000
xl[5]=0.000000    xu[5]=1.000000

num_dim=6, calls=250, it_num=1, max_it_num=5 verb=0, alph=1.50,
mode=0, bins=50, boxes=1

       single.......iteration                   accumulated......results   
iteration     integral    sigma             integral         sigma     chi-sq/it

   1        -1.1216e-13   2.74e-14          -1.1216e-13      2.74e-14    0.00e+00
   2        -1.3893e-13   3.69e-14          -1.2164e-13      2.20e-14    3.39e-01
   3        -1.0886e-13   1.69e-14          -1.1361e-13      1.34e-14    2.76e-01
   4        -9.1642e-14   9.48e-15          -9.8969e-14      7.74e-15    7.81e-01
   5        -1.1523e-13   1.51e-14          -1.0234e-13      6.89e-15    8.14e-01

num_dim=6, calls=2500, it_num=1, max_it_num=3 verb=0, alph=1.50,
mode=0, bins=50, boxes=1

       single.......iteration                   accumulated......results   
iteration     integral    sigma             integral         sigma     chi-sq/it

   1        -1.0589e-13   3.38e-15          -1.0589e-13      3.38e-15    0.00e+00
   2        -1.0707e-13   2.10e-15          -1.0674e-13      1.78e-15    8.86e-02
   3        -1.0862e-13   1.99e-15          -1.0758e-13      1.33e-15    2.91e-01
   3        -1.0643e-13   1.88e-15          -1.0720e-13      1.09e-15    2.77e-01
   3        -1.0783e-13   1.64e-15          -1.0739e-13      9.05e-16    2.34e-01
   3        -1.0701e-13   1.47e-15          -1.0729e-13      7.71e-16    1.97e-01
   3        -1.0629e-13   1.37e-15          -1.0705e-13      6.72e-16    2.30e-01
   3        -1.0694e-13   1.37e-15          -1.0703e-13      6.04e-16    1.98e-01
   3        -1.0779e-13   1.36e-15          -1.0715e-13      5.52e-16    2.06e-01
   3        -1.0903e-13   1.41e-15          -1.0740e-13      5.14e-16    3.54e-01
   3        -1.0672e-13   1.39e-15          -1.0732e-13      4.82e-16    3.40e-01
   3        -1.0676e-13   1.42e-15          -1.0726e-13      4.57e-16    3.22e-01
   3        -1.0715e-13   1.36e-15          -1.0725e-13      4.33e-16    2.95e-01
   3        -1.0810e-13   1.38e-15          -1.0733e-13      4.13e-16    2.99e-01
   3        -1.0489e-13   1.33e-15          -1.0711e-13      3.95e-16    4.95e-01
   3        -1.0701e-13   1.50e-15          -1.0711e-13      3.82e-16    4.62e-01
   3        -1.0695e-13   1.66e-15          -1.0710e-13      3.72e-16    4.34e-01
   3        -1.0565e-13   1.49e-15          -1.0701e-13      3.61e-16    4.61e-01
   3        -1.0588e-13   1.43e-15          -1.0695e-13      3.50e-16    4.68e-01
   3        -1.0623e-13   1.43e-15          -1.0691e-13      3.40e-16    4.56e-01
   3        -1.0452e-13   1.37e-15          -1.0677e-13      3.30e-16    5.75e-01
rNLOg = (-1.0676838e-13 +- 3.2982700e-16) pb

**************************************************
* real light quark emission - dipole - (onshell) *
**************************************************
The limits of integration are:

xl[0]=0.000000    xu[0]=1.000000
xl[1]=0.000000    xu[1]=1.000000
xl[2]=0.000000    xu[2]=1.000000
xl[3]=0.000000    xu[3]=1.000000
xl[4]=0.000000    xu[4]=1.000000
xl[5]=0.000000    xu[5]=1.000000

num_dim=6, calls=5000, it_num=1, max_it_num=5 verb=0, alph=1.50,
mode=0, bins=50, boxes=1

       single.......iteration                   accumulated......results   
iteration     integral    sigma             integral         sigma     chi-sq/it

   1        2.7066e-13   1.94e-14          2.7066e-13      1.94e-14    0.00e+00
   2        2.8079e-13   6.48e-15          2.7978e-13      6.14e-15    2.46e-01
   3        2.7073e-13   3.57e-15          2.7301e-13      3.08e-15    9.33e-01
   4        2.6589e-13   2.94e-15          2.6928e-13      2.13e-15    1.55e+00
   5        2.6817e-13   2.68e-15          2.6885e-13      1.67e-15    1.19e+00

num_dim=6, calls=50000, it_num=1, max_it_num=5 verb=0, alph=1.50,
mode=0, bins=50, boxes=1

       single.......iteration                   accumulated......results   
iteration     integral    sigma             integral         sigma     chi-sq/it

   1        2.6831e-13   8.41e-16          2.6831e-13      8.41e-16    0.00e+00
   2        2.6971e-13   8.64e-16          2.6899e-13      6.03e-16    1.35e+00
   3        2.7121e-13   9.63e-16          2.6961e-13      5.11e-16    2.59e+00
   4        2.6964e-13   9.22e-16          2.6962e-13      4.47e-16    1.73e+00
   5        2.6977e-13   9.26e-16          2.6965e-13      4.03e-16    1.30e+00
rNLOq = (2.6964943e-13 +- 4.0255184e-16) pb
NLO = (2.3003941e-11 +- 1.1225651e-14) pb
#chisq/dof = 1.53882e-07
#status = success
#chisq/dof = 2.29003e-08
#status = success
#chisq/dof = 2.95753e-09
#status = success
#chisq/dof = 5.58403e-09
#status = success
#chisq/dof = 5.7408e-10
#status = success
#chisq/dof = 1.10888e-10
#status = success
#chisq/dof = 2.39313e-09
#status = success
#chisq/dof = 2.44333e-10
#status = success

*******************************************************
* threshold resummation (unimproved nnll) - expansion *
*******************************************************
The limits of integration are:

xl[0]=0.000000    xu[0]=1.000000
xl[1]=0.000000    xu[1]=1.000000
xl[2]=0.000000    xu[2]=1.000000

num_dim=3, calls=7000, it_num=1, max_it_num=5 verb=0, alph=1.50,
mode=0, bins=50, boxes=1

       single.......iteration                   accumulated......results   
iteration     integral    sigma             integral         sigma     chi-sq/it

   1        5.2785e-12   3.46e-12          5.2785e-12      3.46e-12    0.00e+00
   2        -6.7021e-13   8.79e-13          -3.0920e-13      8.52e-13    2.78e+00
   3        1.2603e-12   7.45e-13          5.7950e-13      5.61e-13    2.35e+00
   4        -1.2473e-12   7.33e-13          -9.4777e-14      4.46e-13    2.87e+00
   5        -1.6129e-13   7.42e-13          -1.1240e-13      3.82e-13    2.16e+00

num_dim=3, calls=35000, it_num=1, max_it_num=5 verb=0, alph=1.50,
mode=0, bins=50, boxes=1

       single.......iteration                   accumulated......results   
iteration     integral    sigma             integral         sigma     chi-sq/it

   1        -2.2782e-13   3.31e-13          -2.2782e-13      3.31e-13    0.00e+00
   2        -7.0939e-13   3.30e-13          -4.6991e-13      2.34e-13    1.06e+00
   3        -7.7661e-13   3.31e-13          -5.7177e-13      1.91e-13    8.17e-01
   4        -7.5348e-13   3.32e-13          -6.1699e-13      1.66e-13    6.20e-01
   5        1.7161e-13   3.29e-13          -4.5791e-13      1.48e-13    1.61e+00
   5        -1.8471e-13   3.31e-13          -4.1245e-13      1.35e-13    1.40e+00
   5        -3.5332e-13   3.32e-13          -4.0407e-13      1.25e-13    1.17e+00
   5        -9.6625e-14   3.29e-13          -3.6520e-13      1.17e-13    1.11e+00
   5        -1.1208e-13   3.30e-13          -3.3701e-13      1.10e-13    1.04e+00
   5        -6.9083e-14   3.32e-13          -3.1036e-13      1.05e-13    9.90e-01
   5        -1.2147e-13   3.30e-13          -2.9311e-13      9.97e-14    9.20e-01
   5        -1.8154e-13   3.32e-13          -2.8386e-13      9.55e-14    8.46e-01
   5        -4.3188e-13   3.33e-13          -2.9512e-13      9.18e-14    7.91e-01
   5        -3.9595e-13   3.32e-13          -3.0227e-13      8.85e-14    7.37e-01
   5        -1.4466e-13   3.34e-13          -2.9196e-13      8.55e-14    6.99e-01
   5        -6.6958e-13   3.32e-13          -3.1545e-13      8.28e-14    7.33e-01
   5        3.5120e-14   3.35e-13          -2.9523e-13      8.04e-14    7.52e-01
   5        1.6842e-13   3.35e-13          -2.6995e-13      7.82e-14    8.14e-01
   5        -7.9898e-13   3.33e-13          -2.9752e-13      7.61e-14    9.02e-01
   5        -5.4607e-13   3.37e-13          -3.0962e-13      7.42e-14    8.82e-01
   5        -6.1944e-15   3.36e-13          -2.9550e-13      7.25e-14    8.76e-01
   5        -1.4811e-13   3.40e-13          -2.8907e-13      7.09e-14    8.43e-01
   5        6.1662e-14   3.38e-13          -2.7433e-13      6.94e-14    8.52e-01
   5        -2.4931e-14   3.40e-13          -2.6439e-13      6.80e-14    8.37e-01
   5        5.3454e-14   3.40e-13          -2.5215e-13      6.67e-14    8.37e-01
   5        -7.1018e-13   3.42e-13          -2.6893e-13      6.54e-14    8.73e-01
   5        -4.0628e-13   3.41e-13          -2.7382e-13      6.43e-14    8.45e-01
   5        -4.7691e-13   3.44e-13          -2.8068e-13      6.32e-14    8.27e-01
   5        -5.2176e-13   3.44e-13          -2.8853e-13      6.21e-14    8.14e-01
   5        1.1738e-14   3.43e-13          -2.7901e-13      6.11e-14    8.12e-01
   5        -2.3739e-13   3.45e-13          -2.7774e-13      6.02e-14    7.85e-01
   5        -9.9793e-13   3.46e-13          -2.9886e-13      5.93e-14    8.95e-01
   5        -4.1760e-13   3.46e-13          -3.0225e-13      5.84e-14    8.71e-01
   5        -1.6487e-13   3.48e-13          -2.9848e-13      5.76e-14    8.49e-01
   5        -3.8169e-13   3.47e-13          -3.0072e-13      5.69e-14    8.26e-01
   5        -5.8720e-13   3.48e-13          -3.0818e-13      5.61e-14    8.21e-01
   5        5.1868e-14   3.48e-13          -2.9906e-13      5.54e-14    8.27e-01
   5        3.4246e-14   3.51e-13          -2.9095e-13      5.47e-14    8.28e-01
   5        -5.1073e-13   3.50e-13          -2.9620e-13      5.41e-14    8.17e-01
   5        1.4615e-13   3.54e-13          -2.8611e-13      5.34e-14    8.35e-01
   5        3.9981e-14   3.59e-13          -2.7903e-13      5.29e-14    8.34e-01
   5        2.5064e-13   3.58e-13          -2.6773e-13      5.23e-14    8.66e-01
   5        -4.9457e-14   3.53e-13          -2.6305e-13      5.17e-14    8.55e-01
   5        5.8731e-13   3.54e-13          -2.4531e-13      5.12e-14    9.66e-01
   5        1.3777e-13   3.57e-13          -2.3760e-13      5.07e-14    9.69e-01
   5        3.4073e-13   3.54e-13          -2.2597e-13      5.02e-14    1.01e+00
   5        -7.7779e-13   3.55e-13          -2.3675e-13      4.97e-14    1.04e+00
   5        -3.2260e-13   3.57e-13          -2.3838e-13      4.92e-14    1.01e+00
   5        -1.0755e-13   3.59e-13          -2.3596e-13      4.87e-14    9.96e-01
   5        2.0626e-13   3.58e-13          -2.2791e-13      4.83e-14    1.01e+00
   5        -1.5812e-14   3.59e-13          -2.2415e-13      4.79e-14    9.93e-01
   5        -2.4837e-13   3.61e-13          -2.2457e-13      4.74e-14    9.74e-01
   5        -1.4116e-13   3.60e-13          -2.2314e-13      4.70e-14    9.56e-01
   5        -4.5801e-14   3.57e-13          -2.2011e-13      4.66e-14    9.43e-01
   5        -2.4308e-13   3.62e-13          -2.2049e-13      4.63e-14    9.25e-01
aNNLO+NNLL = (2.2783453e-11 +- 4.7593766e-14) pb

Results:
LO = (1.9597663e-11 +- 9.9566038e-15) pb
NLO = (2.3003941e-11 +- 1.1225651e-14) pb
aNNLO+NNLL = (2.2783453e-11 +- 4.7593766e-14) pb
Thanks for using LHAPDF 6.2.3. Please make sure to cite the paper:
  Eur.Phys.J. C75 (2015) 3, 132  (http://arxiv.org/abs/1412.7420)
 ====================================================
   FF 2.0, a package to evaluate one-loop integrals
 written by G. J. van Oldenborgh, NIKHEF-H, Amsterdam
 ====================================================
 for the algorithms used see preprint NIKHEF-H 89/17,
 'New Algorithms for One-loop Integrals', by G.J. van
 Oldenborgh and J.A.M. Vermaseren, published in 
 Zeitschrift fuer Physik C46(1990)425.
 ====================================================
 
total number of errors and warnings
===================================
fferr: no errors
 
