
  Welcome to Resummino git-latest
  Copyright 2008-2010 Jonathan Debove.
  Copyright 2011-2014 David R. Lamprea.
  Copyright 2011-2016 Marcel Rothering.

  Licensed under the EUPL 1.1 or later.
  See http://www.resummino.org/ for more information.

  If using Resummino for slepton pair production, please cite.
  - G. Bozzi, B. Fuks, M. Klasen, PRD 74, 015001 (2006); NPB 777, 157 (2007); NPB 794, 46 (2007).
  - B. Fuks, M. Klasen, D. R. Lamprea, M. Rothering, EPJC 73, 2480 (2013).

  For gaugino pair production, please cite:
  - J. Debove, B. Fuks, M. Klasen, PLB 688, 208 (2010); NPB 842, 51 (2011); NPB 849, 64 (2011).
  - B. Fuks, M. Klasen, D. R. Lamprea, M. Rothering, JHEP 1210, 081 (2012); EPJC 73, 2480 (2013).

  For associated gaugino gluino production, please cite:
  - B. Fuks, M. Klasen, M. Rothering, JHEP 07:053, (2016).
  - B. Fuks, M. Klasen, D. R. Lamprea, M. Rothering, EPJC 73, 2480 (2013).

LHAPDF 6.2.3 loading /pool/condor/dir_116578/resummino-releases/lhapdf-prefix/share/LHAPDF/PDF4LHC21_40/PDF4LHC21_40_0000.dat
PDF4LHC21_40 PDF set, member #0, version 1
 alpha_s(M_Z^2) = 0.1180 	 for LO PDF set 
 alpha_s(400.000^2) = 0.0965 	 for LO PDF set 

********************
* LO cross section *
********************
The limits of integration are:

xl[0]=0.000000    xu[0]=1.000000
xl[1]=0.000000    xu[1]=1.000000
xl[2]=0.000000    xu[2]=1.000000

num_dim=3, calls=2000, it_num=1, max_it_num=5 verb=0, alph=1.50,
mode=0, bins=50, boxes=1

       single.......iteration                   accumulated......results   
iteration     integral    sigma             integral         sigma     chi-sq/it

   1        9.4331e-12   3.02e-13          9.4331e-12      3.02e-13    0.00e+00
   2        9.6067e-12   9.91e-14          9.5898e-12      9.41e-14    2.98e-01
   3        9.7494e-12   5.70e-14          9.7066e-12      4.88e-14    1.20e+00
   4        9.6275e-12   5.33e-14          9.6705e-12      3.60e-14    1.20e+00
   5        9.6114e-12   5.56e-14          9.6531e-12      3.02e-14    1.10e+00

num_dim=3, calls=20000, it_num=1, max_it_num=5 verb=0, alph=1.50,
mode=0, bins=50, boxes=1

       single.......iteration                   accumulated......results   
iteration     integral    sigma             integral         sigma     chi-sq/it

   1        9.6712e-12   1.69e-14          9.6712e-12      1.69e-14    0.00e+00
   2        9.6765e-12   1.66e-14          9.6739e-12      1.18e-14    4.96e-02
   3        9.7057e-12   1.64e-14          9.6848e-12      9.60e-15    1.26e+00
   4        9.6962e-12   1.72e-14          9.6875e-12      8.39e-15    9.49e-01
   5        9.6581e-12   1.72e-14          9.6819e-12      7.54e-15    1.30e+00
LO = (9.6818907e-12 +- 7.5441787e-15) pb
LHAPDF 6.2.3 loading /pool/condor/dir_116578/resummino-releases/lhapdf-prefix/share/LHAPDF/PDF4LHC21_40/PDF4LHC21_40_0036.dat
PDF4LHC21_40 PDF set, member #36, version 1
 alpha_s(M_Z^2) = 0.1180 	 for NLO PDF set 
 alpha_s(400.000^2) = 0.0965 	 for NLO PDF set 

********************
* LO cross section *
********************
The limits of integration are:

xl[0]=0.000000    xu[0]=1.000000
xl[1]=0.000000    xu[1]=1.000000
xl[2]=0.000000    xu[2]=1.000000

num_dim=3, calls=2000, it_num=1, max_it_num=5 verb=0, alph=1.50,
mode=0, bins=50, boxes=1

       single.......iteration                   accumulated......results   
iteration     integral    sigma             integral         sigma     chi-sq/it

   1        9.3963e-12   3.01e-13          9.3963e-12      3.01e-13    0.00e+00
   2        9.5681e-12   9.88e-14          9.5514e-12      9.38e-14    2.94e-01
   3        9.7105e-12   5.69e-14          9.6677e-12      4.87e-14    1.20e+00
   4        9.5889e-12   5.31e-14          9.6317e-12      3.59e-14    1.20e+00
   5        9.5737e-12   5.55e-14          9.6146e-12      3.01e-14    1.09e+00

num_dim=3, calls=20000, it_num=1, max_it_num=5 verb=0, alph=1.50,
mode=0, bins=50, boxes=1

       single.......iteration                   accumulated......results   
iteration     integral    sigma             integral         sigma     chi-sq/it

   1        9.6330e-12   1.69e-14          9.6330e-12      1.69e-14    0.00e+00
   2        9.6381e-12   1.66e-14          9.6356e-12      1.18e-14    4.67e-02
   3        9.6670e-12   1.63e-14          9.6464e-12      9.58e-15    1.23e+00
   4        9.6577e-12   1.72e-14          9.6491e-12      8.37e-15    9.33e-01
   5        9.6198e-12   1.72e-14          9.6435e-12      7.52e-15    1.28e+00
   5        9.6322e-12   1.72e-14          9.6417e-12      6.89e-15    1.10e+00
   5        9.6452e-12   1.73e-14          9.6421e-12      6.41e-15    9.22e-01
   5        9.6229e-12   1.75e-14          9.6399e-12      6.01e-15    9.43e-01
   5        9.6212e-12   1.79e-14          9.6380e-12      5.70e-15    9.47e-01
   5        9.6059e-12   1.83e-14          9.6351e-12      5.44e-15    1.15e+00
   5        9.6300e-12   1.90e-14          9.6347e-12      5.23e-15    1.04e+00
   5        9.6290e-12   1.93e-14          9.6343e-12      5.05e-15    9.56e-01
   5        9.6543e-12   2.03e-14          9.6355e-12      4.90e-15    9.52e-01
   5        9.6308e-12   2.11e-14          9.6353e-12      4.77e-15    8.83e-01
   5        9.6415e-12   2.25e-14          9.6355e-12      4.67e-15    8.25e-01
   5        9.6174e-12   2.32e-14          9.6348e-12      4.58e-15    8.09e-01
   5        9.6205e-12   2.35e-14          9.6343e-12      4.49e-15    7.81e-01
   5        9.6551e-12   2.42e-14          9.6350e-12      4.42e-15    7.77e-01
   5        9.6696e-12   2.57e-14          9.6360e-12      4.35e-15    8.31e-01
   5        9.6762e-12   2.56e-14          9.6371e-12      4.29e-15    9.14e-01
   5        9.6135e-12   2.60e-14          9.6365e-12      4.24e-15    9.09e-01
   5        9.6465e-12   2.70e-14          9.6367e-12      4.18e-15    8.72e-01
   5        9.6518e-12   2.80e-14          9.6371e-12      4.14e-15    8.45e-01
   5        9.6237e-12   2.84e-14          9.6368e-12      4.09e-15    8.18e-01
   5        9.6824e-12   2.92e-14          9.6377e-12      4.06e-15    8.83e-01
   5        9.6196e-12   2.87e-14          9.6373e-12      4.02e-15    8.63e-01
   5        9.6989e-12   2.92e-14          9.6385e-12      3.98e-15    9.97e-01
   5        9.6491e-12   2.87e-14          9.6387e-12      3.94e-15    9.65e-01
   5        9.6380e-12   2.97e-14          9.6387e-12      3.91e-15    9.31e-01
   5        9.6632e-12   3.09e-14          9.6390e-12      3.88e-15    9.20e-01
   5        9.6151e-12   2.97e-14          9.6386e-12      3.84e-15    9.11e-01
   5        9.6411e-12   3.03e-14          9.6387e-12      3.81e-15    8.82e-01
   5        9.6853e-12   3.02e-14          9.6394e-12      3.78e-15    9.27e-01
   5        9.6094e-12   3.16e-14          9.6390e-12      3.76e-15    9.26e-01
   5        9.5855e-12   3.19e-14          9.6382e-12      3.73e-15    9.80e-01
   5        9.6708e-12   3.29e-14          9.6387e-12      3.71e-15    9.80e-01
   5        9.5645e-12   3.12e-14          9.6376e-12      3.68e-15    1.11e+00
   5        9.6070e-12   3.24e-14          9.6372e-12      3.66e-15    1.10e+00
   5        9.6631e-12   3.18e-14          9.6376e-12      3.63e-15    1.09e+00
   5        9.6451e-12   3.23e-14          9.6377e-12      3.61e-15    1.06e+00
   5        9.6604e-12   3.34e-14          9.6379e-12      3.59e-15    1.05e+00
   5        9.6369e-12   3.29e-14          9.6379e-12      3.57e-15    1.02e+00
   5        9.6965e-12   3.39e-14          9.6386e-12      3.55e-15    1.07e+00
   5        9.6664e-12   3.41e-14          9.6389e-12      3.53e-15    1.06e+00
   5        9.5854e-12   3.43e-14          9.6383e-12      3.51e-15    1.09e+00
   5        9.6305e-12   3.52e-14          9.6382e-12      3.49e-15    1.07e+00
   5        9.6785e-12   3.60e-14          9.6386e-12      3.48e-15    1.07e+00
   5        9.5451e-12   3.48e-14          9.6377e-12      3.46e-15    1.20e+00
   5        9.7123e-12   3.58e-14          9.6384e-12      3.44e-15    1.26e+00
   5        9.6903e-12   3.52e-14          9.6389e-12      3.43e-15    1.28e+00
   5        9.6287e-12   3.44e-14          9.6388e-12      3.41e-15    1.26e+00
   5        9.5697e-12   3.50e-14          9.6381e-12      3.39e-15    1.31e+00
   5        9.6470e-12   3.61e-14          9.6382e-12      3.38e-15    1.29e+00
   5        9.6292e-12   3.66e-14          9.6381e-12      3.37e-15    1.26e+00
   5        9.7296e-12   3.55e-14          9.6389e-12      3.35e-15    1.36e+00
LO = (9.6389283e-12 +- 3.3502353e-15) pb

*******************************************
* virtual corrections + integrated dipole *
*******************************************
The limits of integration are:

xl[0]=0.000000    xu[0]=1.000000
xl[1]=0.000000    xu[1]=1.000000
xl[2]=0.000000    xu[2]=1.000000

num_dim=3, calls=240, it_num=1, max_it_num=5 verb=0, alph=1.50,
mode=0, bins=50, boxes=1

       single.......iteration                   accumulated......results   
iteration     integral    sigma             integral         sigma     chi-sq/it

   1        1.2977e-12   1.28e-13          1.2977e-12      1.28e-13    0.00e+00
   2        1.2798e-12   5.39e-14          1.2825e-12      4.97e-14    1.66e-02
   3        1.3621e-12   3.50e-14          1.3357e-12      2.86e-14    8.66e-01
   4        1.3915e-12   2.78e-14          1.3644e-12      1.99e-14    1.23e+00
   5        1.4405e-12   3.29e-14          1.3849e-12      1.70e-14    1.90e+00

num_dim=3, calls=1200, it_num=1, max_it_num=3 verb=0, alph=1.50,
mode=0, bins=50, boxes=1

       single.......iteration                   accumulated......results   
iteration     integral    sigma             integral         sigma     chi-sq/it

   1        1.3546e-12   1.39e-14          1.3546e-12      1.39e-14    0.00e+00
   2        1.3886e-12   1.16e-14          1.3746e-12      8.90e-15    3.54e+00
   3        1.3765e-12   1.05e-14          1.3754e-12      6.78e-15    1.78e+00
   3        1.4074e-12   1.10e-14          1.3843e-12      5.77e-15    3.24e+00
   3        1.3666e-12   1.07e-14          1.3803e-12      5.07e-15    2.97e+00
   3        1.3850e-12   1.07e-14          1.3811e-12      4.58e-15    2.40e+00
   3        1.3695e-12   1.13e-14          1.3795e-12      4.25e-15    2.15e+00
   3        1.3933e-12   1.06e-14          1.3814e-12      3.94e-15    2.05e+00
   3        1.3882e-12   1.04e-14          1.3823e-12      3.68e-15    1.84e+00
   3        1.3847e-12   1.04e-14          1.3825e-12      3.47e-15    1.64e+00
   3        1.3744e-12   1.07e-14          1.3818e-12      3.31e-15    1.53e+00
   3        1.3817e-12   1.11e-14          1.3818e-12      3.17e-15    1.39e+00
vNLO = (1.3817510e-12 +- 3.1677776e-15) pb

*****************************
* collinear remainder (P+K) *
*****************************
The limits of integration are:

xl[0]=0.000000    xu[0]=1.000000
xl[1]=0.000000    xu[1]=1.000000
xl[2]=0.000000    xu[2]=1.000000
xl[3]=0.000000    xu[3]=1.000000

num_dim=4, calls=2500, it_num=1, max_it_num=5 verb=0, alph=1.50,
mode=0, bins=50, boxes=1

       single.......iteration                   accumulated......results   
iteration     integral    sigma             integral         sigma     chi-sq/it

   1        4.5414e-13   7.30e-14          4.5414e-13      7.30e-14    0.00e+00
   2        3.9716e-13   3.44e-14          4.0752e-13      3.11e-14    4.98e-01
   3        4.2773e-13   2.99e-14          4.1804e-13      2.15e-14    3.59e-01
   4        4.4758e-13   2.92e-14          4.2846e-13      1.73e-14    4.60e-01
   5        4.3677e-13   2.97e-14          4.3057e-13      1.50e-14    3.60e-01

num_dim=4, calls=25000, it_num=1, max_it_num=3 verb=0, alph=1.50,
mode=0, bins=50, boxes=1

       single.......iteration                   accumulated......results   
iteration     integral    sigma             integral         sigma     chi-sq/it

   1        4.3640e-13   9.30e-15          4.3640e-13      9.30e-15    0.00e+00
   2        4.2716e-13   9.21e-15          4.3174e-13      6.54e-15    4.98e-01
   3        4.2843e-13   9.24e-15          4.3063e-13      5.34e-15    2.91e-01
   3        4.3300e-13   9.22e-15          4.3123e-13      4.62e-15    2.11e-01
   3        4.3146e-13   9.24e-15          4.3127e-13      4.13e-15    1.58e-01
   3        4.2783e-13   9.25e-15          4.3070e-13      3.77e-15    1.50e-01
   3        4.3252e-13   9.26e-15          4.3096e-13      3.49e-15    1.30e-01
   3        4.1876e-13   9.26e-15          4.2944e-13      3.27e-15    3.29e-01
   3        4.3461e-13   9.30e-15          4.3001e-13      3.08e-15    3.22e-01
   3        4.3103e-13   9.36e-15          4.3011e-13      2.93e-15    2.88e-01
   3        4.2116e-13   9.31e-15          4.2930e-13      2.79e-15    3.43e-01
   3        4.3647e-13   9.34e-15          4.2989e-13      2.68e-15    3.61e-01
   3        4.4559e-13   9.37e-15          4.3108e-13      2.57e-15    5.47e-01
P+K = (4.3107608e-13 +- 2.5738715e-15) pb

********************************
* real gluon emission - dipole *
********************************
The limits of integration are:

xl[0]=0.000000    xu[0]=1.000000
xl[1]=0.000000    xu[1]=1.000000
xl[2]=0.000000    xu[2]=1.000000
xl[3]=0.000000    xu[3]=1.000000
xl[4]=0.000000    xu[4]=1.000000
xl[5]=0.000000    xu[5]=1.000000

num_dim=6, calls=250, it_num=1, max_it_num=5 verb=0, alph=1.50,
mode=0, bins=50, boxes=1

       single.......iteration                   accumulated......results   
iteration     integral    sigma             integral         sigma     chi-sq/it

   1        -4.1822e-14   1.22e-14          -4.1822e-14      1.22e-14    0.00e+00
   2        -4.0504e-14   6.72e-15          -4.0812e-14      5.88e-15    9.00e-03
   3        -3.3104e-14   3.84e-15          -3.5409e-14      3.22e-15    6.06e-01
   4        -3.9053e-14   4.11e-15          -3.6793e-14      2.53e-15    5.67e-01
   5        -3.6486e-14   3.31e-15          -3.6679e-14      2.01e-15    4.26e-01

num_dim=6, calls=2500, it_num=1, max_it_num=3 verb=0, alph=1.50,
mode=0, bins=50, boxes=1

       single.......iteration                   accumulated......results   
iteration     integral    sigma             integral         sigma     chi-sq/it

   1        -3.8270e-14   1.06e-15          -3.8270e-14      1.06e-15    0.00e+00
   2        -3.7927e-14   6.54e-16          -3.8022e-14      5.56e-16    7.61e-02
   3        -3.7934e-14   5.29e-16          -3.7976e-14      3.83e-16    4.47e-02
   3        -3.7380e-14   5.17e-16          -3.7764e-14      3.08e-16    3.16e-01
   3        -3.7624e-14   4.82e-16          -3.7724e-14      2.59e-16    2.52e-01
   3        -3.7359e-14   4.53e-16          -3.7634e-14      2.25e-16    2.99e-01
   3        -3.7209e-14   4.42e-16          -3.7546e-14      2.01e-16    3.72e-01
   3        -3.7403e-14   4.36e-16          -3.7521e-14      1.82e-16    3.31e-01
   3        -3.7534e-14   4.34e-16          -3.7523e-14      1.68e-16    2.90e-01
   3        -3.7860e-14   4.48e-16          -3.7565e-14      1.57e-16    3.13e-01
   3        -3.7068e-14   4.40e-16          -3.7508e-14      1.48e-16    3.95e-01
   3        -3.7167e-14   4.52e-16          -3.7475e-14      1.41e-16    4.06e-01
   3        -3.7365e-14   4.37e-16          -3.7465e-14      1.34e-16    3.77e-01
   3        -3.7728e-14   4.39e-16          -3.7487e-14      1.28e-16    3.73e-01
   3        -3.6712e-14   4.26e-16          -3.7423e-14      1.23e-16    5.64e-01
rNLOg = (-3.7422807e-14 +- 1.2269429e-16) pb

**************************************************
* real light quark emission - dipole - (onshell) *
**************************************************
The limits of integration are:

xl[0]=0.000000    xu[0]=1.000000
xl[1]=0.000000    xu[1]=1.000000
xl[2]=0.000000    xu[2]=1.000000
xl[3]=0.000000    xu[3]=1.000000
xl[4]=0.000000    xu[4]=1.000000
xl[5]=0.000000    xu[5]=1.000000

num_dim=6, calls=5000, it_num=1, max_it_num=5 verb=0, alph=1.50,
mode=0, bins=50, boxes=1

       single.......iteration                   accumulated......results   
iteration     integral    sigma             integral         sigma     chi-sq/it

   1        8.2514e-14   6.56e-15          8.2514e-14      6.56e-15    0.00e+00
   2        8.7640e-14   2.08e-15          8.7172e-14      1.98e-15    5.55e-01
   3        8.3442e-14   1.04e-15          8.4247e-14      9.20e-16    1.67e+00
   4        8.2968e-14   8.56e-16          8.3561e-14      6.27e-16    1.46e+00
   5        8.3810e-14   7.87e-16          8.3658e-14      4.90e-16    1.11e+00

num_dim=6, calls=50000, it_num=1, max_it_num=5 verb=0, alph=1.50,
mode=0, bins=50, boxes=1

       single.......iteration                   accumulated......results   
iteration     integral    sigma             integral         sigma     chi-sq/it

   1        8.3499e-14   2.39e-16          8.3499e-14      2.39e-16    0.00e+00
   2        8.3974e-14   2.53e-16          8.3723e-14      1.74e-16    1.86e+00
   3        8.4374e-14   2.75e-16          8.3909e-14      1.47e-16    2.93e+00
   4        8.3926e-14   2.69e-16          8.3913e-14      1.29e-16    1.95e+00
   5        8.3997e-14   2.74e-16          8.3928e-14      1.17e-16    1.48e+00
rNLOq = (8.3927989e-14 +- 1.1669300e-16) pb
NLO = (1.1498261e-11 +- 5.2832166e-15) pb
#chisq/dof = 1.74622e-08
#status = success
#chisq/dof = 1.38892e-08
#status = success
#chisq/dof = 1.06413e-09
#status = success
#chisq/dof = 9.31595e-10
#status = success
#chisq/dof = 3.00753e-10
#status = success
#chisq/dof = 7.55747e-12
#status = success
#chisq/dof = 2.80879e-10
#status = success
#chisq/dof = 1.64923e-10
#status = success

*******************************************************
* threshold resummation (unimproved nnll) - expansion *
*******************************************************
The limits of integration are:

xl[0]=0.000000    xu[0]=1.000000
xl[1]=0.000000    xu[1]=1.000000
xl[2]=0.000000    xu[2]=1.000000

num_dim=3, calls=7000, it_num=1, max_it_num=5 verb=0, alph=1.50,
mode=0, bins=50, boxes=1

       single.......iteration                   accumulated......results   
iteration     integral    sigma             integral         sigma     chi-sq/it

   1        8.8124e-13   1.60e-12          8.8124e-13      1.60e-12    0.00e+00
   2        -2.5915e-13   3.07e-13          -2.1888e-13      3.01e-13    4.88e-01
   3        -8.5458e-14   2.61e-13          -1.4279e-13      1.97e-13    3.00e-01
   4        -7.1915e-13   2.57e-13          -3.5657e-13      1.57e-13    1.25e+00
   5        -4.2284e-13   2.60e-13          -3.7416e-13      1.34e-13    9.52e-01

num_dim=3, calls=35000, it_num=1, max_it_num=5 verb=0, alph=1.50,
mode=0, bins=50, boxes=1

       single.......iteration                   accumulated......results   
iteration     integral    sigma             integral         sigma     chi-sq/it

   1        4.7074e-14   1.15e-13          4.7074e-14      1.15e-13    0.00e+00
   2        -1.8330e-13   1.15e-13          -6.8077e-14      8.12e-14    2.01e+00
   3        1.0772e-13   1.16e-13          -1.0352e-14      6.65e-14    1.78e+00
   4        -2.1540e-13   1.15e-13          -6.1847e-14      5.76e-14    1.98e+00
   5        1.8014e-14   1.15e-13          -4.5842e-14      5.15e-14    1.58e+00
   5        -6.4869e-14   1.15e-13          -4.9015e-14      4.70e-14    1.27e+00
   5        -3.3541e-13   1.16e-13          -8.9441e-14      4.35e-14    1.93e+00
   5        1.1898e-13   1.16e-13          -6.3755e-14      4.08e-14    2.06e+00
   5        -1.3430e-13   1.17e-13          -7.1436e-14      3.85e-14    1.84e+00
   5        6.2191e-14   1.16e-13          -5.8135e-14      3.65e-14    1.77e+00
   5        8.3809e-14   1.17e-13          -4.5458e-14      3.49e-14    1.73e+00
   5        4.4098e-14   1.17e-13          -3.8184e-14      3.34e-14    1.62e+00
   5        -2.7468e-13   1.17e-13          -5.5953e-14      3.21e-14    1.80e+00
   5        -2.7922e-13   1.17e-13          -7.1636e-14      3.10e-14    1.92e+00
   5        8.9330e-14   1.18e-13          -6.1295e-14      3.00e-14    1.91e+00
   5        -1.3643e-13   1.18e-13          -6.5836e-14      2.91e-14    1.81e+00
   5        -1.5662e-13   1.18e-13          -7.1057e-14      2.82e-14    1.73e+00
   5        1.7199e-13   1.18e-13          -5.7966e-14      2.74e-14    1.86e+00
   5        -6.7467e-14   1.18e-13          -5.8456e-14      2.67e-14    1.76e+00
   5        -1.0165e-13   1.18e-13          -6.0552e-14      2.61e-14    1.67e+00
   5        -1.1909e-13   1.18e-13          -6.3254e-14      2.55e-14    1.60e+00
   5        4.7350e-15   1.19e-13          -6.0257e-14      2.49e-14    1.54e+00
   5        -1.6470e-13   1.20e-13          -6.4597e-14      2.44e-14    1.50e+00
   5        -1.1425e-14   1.19e-13          -6.2473e-14      2.39e-14    1.45e+00
   5        -2.3300e-13   1.19e-13          -6.9031e-14      2.34e-14    1.47e+00
   5        -3.3049e-13   1.20e-13          -7.8560e-14      2.30e-14    1.59e+00
   5        -3.2820e-14   1.19e-13          -7.6926e-14      2.26e-14    1.54e+00
   5        -1.4434e-13   1.20e-13          -7.9215e-14      2.22e-14    1.49e+00
   5        -3.0788e-13   1.19e-13          -8.6840e-14      2.18e-14    1.56e+00
   5        -1.6732e-13   1.20e-13          -8.9412e-14      2.15e-14    1.52e+00
   5        -7.0011e-14   1.20e-13          -8.8807e-14      2.11e-14    1.47e+00
   5        -1.7438e-13   1.20e-13          -9.1370e-14      2.08e-14    1.44e+00
   5        1.0726e-13   1.20e-13          -8.5606e-14      2.05e-14    1.48e+00
   5        -2.6641e-13   1.20e-13          -9.0697e-14      2.02e-14    1.50e+00
   5        -5.2446e-14   1.22e-13          -8.9673e-14      1.99e-14    1.46e+00
   5        -2.6078e-13   1.22e-13          -9.4134e-14      1.97e-14    1.47e+00
   5        -7.9321e-14   1.22e-13          -9.3760e-14      1.94e-14    1.43e+00
   5        -3.2103e-14   1.23e-13          -9.2255e-14      1.92e-14    1.40e+00
   5        -1.1105e-13   1.23e-13          -9.2698e-14      1.90e-14    1.36e+00
   5        -9.3651e-14   1.24e-13          -9.2719e-14      1.87e-14    1.33e+00
   5        -1.1096e-13   1.23e-13          -9.3130e-14      1.85e-14    1.30e+00
   5        1.6021e-13   1.23e-13          -8.7494e-14      1.83e-14    1.37e+00
   5        -3.3202e-14   1.24e-13          -8.6330e-14      1.81e-14    1.34e+00
   5        7.4122e-14   1.23e-13          -8.2926e-14      1.79e-14    1.35e+00
   5        -1.3620e-13   1.25e-13          -8.4004e-14      1.77e-14    1.32e+00
   5        3.4198e-14   1.22e-13          -8.1570e-14      1.76e-14    1.31e+00
   5        -5.0398e-14   1.23e-13          -8.0944e-14      1.74e-14    1.28e+00
   5        -2.8422e-15   1.24e-13          -7.9437e-14      1.72e-14    1.26e+00
   5        -2.2017e-13   1.24e-13          -8.2083e-14      1.70e-14    1.26e+00
   5        1.5661e-13   1.24e-13          -7.7668e-14      1.69e-14    1.31e+00
   5        -1.2122e-13   1.22e-13          -7.8492e-14      1.67e-14    1.29e+00
   5        -1.5436e-13   1.23e-13          -7.9881e-14      1.66e-14    1.27e+00
   5        -1.3368e-13   1.23e-13          -8.0848e-14      1.64e-14    1.25e+00
   5        -1.6850e-13   1.23e-13          -8.2376e-14      1.63e-14    1.24e+00
   5        -2.3682e-13   1.24e-13          -8.4973e-14      1.61e-14    1.24e+00
aNNLO+NNLL = (1.1413287e-11 +- 1.6988091e-14) pb

Results:
LO = (9.6818907e-12 +- 7.5441787e-15) pb
NLO = (1.1498261e-11 +- 5.2832166e-15) pb
aNNLO+NNLL = (1.1413287e-11 +- 1.6988091e-14) pb
Thanks for using LHAPDF 6.2.3. Please make sure to cite the paper:
  Eur.Phys.J. C75 (2015) 3, 132  (http://arxiv.org/abs/1412.7420)
 ====================================================
   FF 2.0, a package to evaluate one-loop integrals
 written by G. J. van Oldenborgh, NIKHEF-H, Amsterdam
 ====================================================
 for the algorithms used see preprint NIKHEF-H 89/17,
 'New Algorithms for One-loop Integrals', by G.J. van
 Oldenborgh and J.A.M. Vermaseren, published in 
 Zeitschrift fuer Physik C46(1990)425.
 ====================================================
 
total number of errors and warnings
===================================
fferr: no errors
 
