
  Welcome to Resummino git-latest
  Copyright 2008-2010 Jonathan Debove.
  Copyright 2011-2014 David R. Lamprea.
  Copyright 2011-2016 Marcel Rothering.

  Licensed under the EUPL 1.1 or later.
  See http://www.resummino.org/ for more information.

  If using Resummino for slepton pair production, please cite.
  - G. Bozzi, B. Fuks, M. Klasen, PRD 74, 015001 (2006); NPB 777, 157 (2007); NPB 794, 46 (2007).
  - B. Fuks, M. Klasen, D. R. Lamprea, M. Rothering, EPJC 73, 2480 (2013).

  For gaugino pair production, please cite:
  - J. Debove, B. Fuks, M. Klasen, PLB 688, 208 (2010); NPB 842, 51 (2011); NPB 849, 64 (2011).
  - B. Fuks, M. Klasen, D. R. Lamprea, M. Rothering, JHEP 1210, 081 (2012); EPJC 73, 2480 (2013).

  For associated gaugino gluino production, please cite:
  - B. Fuks, M. Klasen, M. Rothering, JHEP 07:053, (2016).
  - B. Fuks, M. Klasen, D. R. Lamprea, M. Rothering, EPJC 73, 2480 (2013).

LHAPDF 6.2.3 loading /pool/condor/dir_17309/resummino-releases/lhapdf-prefix/share/LHAPDF/PDF4LHC21_40/PDF4LHC21_40_0000.dat
PDF4LHC21_40 PDF set, member #0, version 1
 alpha_s(M_Z^2) = 0.1180 	 for LO PDF set 
 alpha_s(1700.000^2) = 0.0820 	 for LO PDF set 

********************
* LO cross section *
********************
The limits of integration are:

xl[0]=0.000000    xu[0]=1.000000
xl[1]=0.000000    xu[1]=1.000000
xl[2]=0.000000    xu[2]=1.000000

num_dim=3, calls=2000, it_num=1, max_it_num=5 verb=0, alph=1.50,
mode=0, bins=50, boxes=1

       single.......iteration                   accumulated......results   
iteration     integral    sigma             integral         sigma     chi-sq/it

   1        1.1300e-13   3.35e-15          1.1300e-13      3.35e-15    0.00e+00
   2        1.1888e-13   1.21e-15          1.1820e-13      1.14e-15    2.73e+00
   3        1.2049e-13   6.63e-16          1.1991e-13      5.73e-16    2.87e+00
   4        1.1899e-13   6.27e-16          1.1949e-13      4.23e-16    2.31e+00
   5        1.1880e-13   6.49e-16          1.1928e-13      3.54e-16    1.93e+00

num_dim=3, calls=20000, it_num=1, max_it_num=5 verb=0, alph=1.50,
mode=0, bins=50, boxes=1

       single.......iteration                   accumulated......results   
iteration     integral    sigma             integral         sigma     chi-sq/it

   1        1.1944e-13   1.99e-16          1.1944e-13      1.99e-16    0.00e+00
   2        1.1940e-13   1.93e-16          1.1942e-13      1.38e-16    1.57e-02
   3        1.1970e-13   1.91e-16          1.1951e-13      1.12e-16    7.03e-01
   4        1.1968e-13   2.03e-16          1.1955e-13      9.81e-17    6.33e-01
   5        1.1919e-13   2.03e-16          1.1948e-13      8.83e-17    1.12e+00
LO = (1.1948358e-13 +- 8.8349781e-17) pb
LHAPDF 6.2.3 loading /pool/condor/dir_17309/resummino-releases/lhapdf-prefix/share/LHAPDF/PDF4LHC21_40/PDF4LHC21_40_0000.dat
PDF4LHC21_40 PDF set, member #0, version 1
 alpha_s(M_Z^2) = 0.1180 	 for NLO PDF set 
 alpha_s(1700.000^2) = 0.0820 	 for NLO PDF set 

********************
* LO cross section *
********************
The limits of integration are:

xl[0]=0.000000    xu[0]=1.000000
xl[1]=0.000000    xu[1]=1.000000
xl[2]=0.000000    xu[2]=1.000000

num_dim=3, calls=2000, it_num=1, max_it_num=5 verb=0, alph=1.50,
mode=0, bins=50, boxes=1

       single.......iteration                   accumulated......results   
iteration     integral    sigma             integral         sigma     chi-sq/it

   1        1.1300e-13   3.35e-15          1.1300e-13      3.35e-15    0.00e+00
   2        1.1888e-13   1.21e-15          1.1820e-13      1.14e-15    2.73e+00
   3        1.2049e-13   6.63e-16          1.1991e-13      5.73e-16    2.87e+00
   4        1.1899e-13   6.27e-16          1.1949e-13      4.23e-16    2.31e+00
   5        1.1880e-13   6.49e-16          1.1928e-13      3.54e-16    1.93e+00

num_dim=3, calls=20000, it_num=1, max_it_num=5 verb=0, alph=1.50,
mode=0, bins=50, boxes=1

       single.......iteration                   accumulated......results   
iteration     integral    sigma             integral         sigma     chi-sq/it

   1        1.1944e-13   1.99e-16          1.1944e-13      1.99e-16    0.00e+00
   2        1.1940e-13   1.93e-16          1.1942e-13      1.38e-16    1.57e-02
   3        1.1970e-13   1.91e-16          1.1951e-13      1.12e-16    7.03e-01
   4        1.1968e-13   2.03e-16          1.1955e-13      9.81e-17    6.33e-01
   5        1.1919e-13   2.03e-16          1.1948e-13      8.83e-17    1.12e+00
   5        1.1928e-13   2.04e-16          1.1945e-13      8.10e-17    1.07e+00
   5        1.1959e-13   2.04e-16          1.1947e-13      7.53e-17    9.58e-01
   5        1.1920e-13   2.08e-16          1.1944e-13      7.08e-17    1.04e+00
   5        1.1922e-13   2.13e-16          1.1942e-13      6.72e-17    1.03e+00
   5        1.1911e-13   2.18e-16          1.1939e-13      6.42e-17    1.12e+00
   5        1.1932e-13   2.29e-16          1.1939e-13      6.18e-17    1.01e+00
   5        1.1932e-13   2.34e-16          1.1938e-13      5.98e-17    9.27e-01
   5        1.1962e-13   2.47e-16          1.1939e-13      5.81e-17    9.23e-01
   5        1.1930e-13   2.58e-16          1.1939e-13      5.67e-17    8.62e-01
   5        1.1943e-13   2.74e-16          1.1939e-13      5.55e-17    8.02e-01
   5        1.1907e-13   2.83e-16          1.1938e-13      5.45e-17    8.30e-01
   5        1.1914e-13   2.87e-16          1.1937e-13      5.35e-17    8.20e-01
   5        1.1964e-13   2.93e-16          1.1938e-13      5.26e-17    8.19e-01
   5        1.1975e-13   3.16e-16          1.1939e-13      5.19e-17    8.48e-01
   5        1.1990e-13   3.08e-16          1.1940e-13      5.12e-17    9.42e-01
   5        1.1911e-13   3.13e-16          1.1940e-13      5.05e-17    9.38e-01
   5        1.1959e-13   3.23e-16          1.1940e-13      4.99e-17    9.11e-01
   5        1.1961e-13   3.35e-16          1.1941e-13      4.94e-17    8.87e-01
   5        1.1940e-13   3.52e-16          1.1941e-13      4.89e-17    8.48e-01
   5        1.1985e-13   3.54e-16          1.1941e-13      4.84e-17    8.76e-01
   5        1.1918e-13   3.58e-16          1.1941e-13      4.80e-17    8.57e-01
   5        1.2030e-13   3.75e-16          1.1942e-13      4.76e-17    1.04e+00
   5        1.1945e-13   3.56e-16          1.1942e-13      4.72e-17    9.98e-01
   5        1.1939e-13   3.64e-16          1.1942e-13      4.68e-17    9.63e-01
   5        1.1955e-13   3.75e-16          1.1943e-13      4.64e-17    9.33e-01
   5        1.1929e-13   3.70e-16          1.1942e-13      4.61e-17    9.06e-01
   5        1.1938e-13   3.86e-16          1.1942e-13      4.57e-17    8.78e-01
   5        1.1984e-13   3.73e-16          1.1943e-13      4.54e-17    8.89e-01
   5        1.1901e-13   3.83e-16          1.1942e-13      4.51e-17    8.97e-01
   5        1.1875e-13   3.80e-16          1.1941e-13      4.48e-17    9.62e-01
   5        1.1977e-13   3.88e-16          1.1942e-13      4.45e-17    9.59e-01
   5        1.1849e-13   3.88e-16          1.1941e-13      4.42e-17    1.09e+00
   5        1.1907e-13   4.01e-16          1.1940e-13      4.39e-17    1.08e+00
   5        1.1981e-13   3.93e-16          1.1941e-13      4.37e-17    1.08e+00
   5        1.1936e-13   3.98e-16          1.1941e-13      4.34e-17    1.05e+00
   5        1.1953e-13   4.05e-16          1.1941e-13      4.31e-17    1.03e+00
   5        1.1922e-13   4.04e-16          1.1941e-13      4.29e-17    1.01e+00
   5        1.2024e-13   4.12e-16          1.1942e-13      4.27e-17    1.08e+00
   5        1.1968e-13   4.13e-16          1.1942e-13      4.24e-17    1.07e+00
   5        1.1900e-13   4.24e-16          1.1941e-13      4.22e-17    1.06e+00
   5        1.1935e-13   4.32e-16          1.1941e-13      4.20e-17    1.04e+00
   5        1.2002e-13   4.51e-16          1.1942e-13      4.19e-17    1.06e+00
   5        1.1841e-13   4.38e-16          1.1941e-13      4.17e-17    1.15e+00
   5        1.2035e-13   4.49e-16          1.1942e-13      4.15e-17    1.21e+00
   5        1.2018e-13   4.44e-16          1.1942e-13      4.13e-17    1.25e+00
   5        1.1938e-13   4.43e-16          1.1942e-13      4.11e-17    1.22e+00
   5        1.1852e-13   4.49e-16          1.1942e-13      4.10e-17    1.28e+00
   5        1.1951e-13   4.61e-16          1.1942e-13      4.08e-17    1.25e+00
   5        1.1949e-13   4.69e-16          1.1942e-13      4.06e-17    1.23e+00
   5        1.2031e-13   4.56e-16          1.1942e-13      4.05e-17    1.28e+00
LO = (1.1942435e-13 +- 4.0480884e-17) pb

*******************************************
* virtual corrections + integrated dipole *
*******************************************
The limits of integration are:

xl[0]=0.000000    xu[0]=1.000000
xl[1]=0.000000    xu[1]=1.000000
xl[2]=0.000000    xu[2]=1.000000

num_dim=3, calls=240, it_num=1, max_it_num=5 verb=0, alph=1.50,
mode=0, bins=50, boxes=1

       single.......iteration                   accumulated......results   
iteration     integral    sigma             integral         sigma     chi-sq/it

   1        1.2600e-14   1.11e-15          1.2600e-14      1.11e-15    0.00e+00
   2        1.3615e-14   6.23e-16          1.3370e-14      5.43e-16    6.40e-01
   3        1.4751e-14   3.78e-16          1.4300e-14      3.10e-16    2.50e+00
   4        1.4843e-14   2.70e-16          1.4609e-14      2.04e-16    2.25e+00
   5        1.5287e-14   3.34e-16          1.4793e-14      1.74e-16    2.43e+00

num_dim=3, calls=1200, it_num=1, max_it_num=3 verb=0, alph=1.50,
mode=0, bins=50, boxes=1

       single.......iteration                   accumulated......results   
iteration     integral    sigma             integral         sigma     chi-sq/it

   1        1.4316e-14   1.41e-16          1.4316e-14      1.41e-16    0.00e+00
   2        1.4637e-14   1.10e-16          1.4515e-14      8.69e-17    3.19e+00
   3        1.4562e-14   1.03e-16          1.4535e-14      6.64e-17    1.66e+00
   3        1.4850e-14   1.06e-16          1.4624e-14      5.63e-17    3.23e+00
   3        1.4461e-14   1.08e-16          1.4589e-14      4.99e-17    2.87e+00
   3        1.4641e-14   1.06e-16          1.4598e-14      4.51e-17    2.33e+00
   3        1.4465e-14   1.12e-16          1.4580e-14      4.18e-17    2.15e+00
   3        1.4726e-14   1.05e-16          1.4600e-14      3.89e-17    2.08e+00
   3        1.4694e-14   1.03e-16          1.4612e-14      3.64e-17    1.91e+00
   3        1.4575e-14   1.03e-16          1.4608e-14      3.43e-17    1.71e+00
   3        1.4582e-14   1.08e-16          1.4605e-14      3.27e-17    1.54e+00
   3        1.4628e-14   1.09e-16          1.4607e-14      3.13e-17    1.41e+00
vNLO = (1.4607098e-14 +- 3.1327769e-17) pb

*****************************
* collinear remainder (P+K) *
*****************************
The limits of integration are:

xl[0]=0.000000    xu[0]=1.000000
xl[1]=0.000000    xu[1]=1.000000
xl[2]=0.000000    xu[2]=1.000000
xl[3]=0.000000    xu[3]=1.000000

num_dim=4, calls=2500, it_num=1, max_it_num=5 verb=0, alph=1.50,
mode=0, bins=50, boxes=1

       single.......iteration                   accumulated......results   
iteration     integral    sigma             integral         sigma     chi-sq/it

   1        1.9623e-14   1.02e-15          1.9623e-14      1.02e-15    0.00e+00
   2        1.9716e-14   4.04e-16          1.9703e-14      3.76e-16    7.10e-03
   3        1.9733e-14   3.23e-16          1.9720e-14      2.45e-16    5.31e-03
   4        1.9830e-14   3.12e-16          1.9762e-14      1.93e-16    2.91e-02
   5        2.0026e-14   3.10e-16          1.9836e-14      1.64e-16    1.53e-01

num_dim=4, calls=25000, it_num=1, max_it_num=3 verb=0, alph=1.50,
mode=0, bins=50, boxes=1

       single.......iteration                   accumulated......results   
iteration     integral    sigma             integral         sigma     chi-sq/it

   1        2.0059e-14   9.58e-17          2.0059e-14      9.58e-17    0.00e+00
   2        2.0076e-14   9.51e-17          2.0068e-14      6.75e-17    1.66e-02
   3        1.9819e-14   9.59e-17          1.9985e-14      5.52e-17    2.26e+00
   3        1.9926e-14   9.65e-17          1.9971e-14      4.79e-17    1.60e+00
   3        1.9805e-14   9.70e-17          1.9938e-14      4.30e-17    1.79e+00
   3        1.9779e-14   9.65e-17          1.9912e-14      3.92e-17    1.89e+00
   3        1.9844e-14   9.61e-17          1.9902e-14      3.63e-17    1.64e+00
   3        1.9881e-14   9.68e-17          1.9900e-14      3.40e-17    1.41e+00
P+K = (1.9899540e-14 +- 3.4019451e-17) pb

********************************
* real gluon emission - dipole *
********************************
The limits of integration are:

xl[0]=0.000000    xu[0]=1.000000
xl[1]=0.000000    xu[1]=1.000000
xl[2]=0.000000    xu[2]=1.000000
xl[3]=0.000000    xu[3]=1.000000
xl[4]=0.000000    xu[4]=1.000000
xl[5]=0.000000    xu[5]=1.000000

num_dim=6, calls=250, it_num=1, max_it_num=5 verb=0, alph=1.50,
mode=0, bins=50, boxes=1

       single.......iteration                   accumulated......results   
iteration     integral    sigma             integral         sigma     chi-sq/it

   1        -1.5636e-16   5.45e-17          -1.5636e-16      5.45e-17    0.00e+00
   2        -1.7234e-16   3.95e-17          -1.6684e-16      3.20e-17    5.63e-02
   3        -1.0641e-16   1.14e-17          -1.1324e-16      1.08e-17    1.61e+00
   4        -1.2761e-16   1.29e-17          -1.1913e-16      8.27e-18    1.32e+00
   5        -1.3887e-16   8.49e-18          -1.2874e-16      5.92e-18    1.68e+00

num_dim=6, calls=2500, it_num=1, max_it_num=3 verb=0, alph=1.50,
mode=0, bins=50, boxes=1

       single.......iteration                   accumulated......results   
iteration     integral    sigma             integral         sigma     chi-sq/it

   1        -1.3957e-16   2.40e-18          -1.3957e-16      2.40e-18    0.00e+00
   2        -1.3569e-16   1.58e-18          -1.3687e-16      1.32e-18    1.82e+00
   3        -1.3989e-16   1.71e-18          -1.3799e-16      1.04e-18    1.89e+00
rNLOg = (-1.3799065e-16 +- 1.0448580e-18) pb

**************************************************
* real light quark emission - dipole - (onshell) *
**************************************************
The limits of integration are:

xl[0]=0.000000    xu[0]=1.000000
xl[1]=0.000000    xu[1]=1.000000
xl[2]=0.000000    xu[2]=1.000000
xl[3]=0.000000    xu[3]=1.000000
xl[4]=0.000000    xu[4]=1.000000
xl[5]=0.000000    xu[5]=1.000000

num_dim=6, calls=5000, it_num=1, max_it_num=5 verb=0, alph=1.50,
mode=0, bins=50, boxes=1

       single.......iteration                   accumulated......results   
iteration     integral    sigma             integral         sigma     chi-sq/it

   1        2.8867e-16   1.79e-17          2.8867e-16      1.79e-17    0.00e+00
   2        2.8337e-16   5.34e-18          2.8380e-16      5.12e-18    8.01e-02
   3        2.7829e-16   2.94e-18          2.7966e-16      2.55e-18    4.76e-01
   4        2.7628e-16   2.18e-18          2.7771e-16      1.66e-18    6.55e-01
   5        2.7774e-16   1.94e-18          2.7772e-16      1.26e-18    4.92e-01

num_dim=6, calls=50000, it_num=1, max_it_num=5 verb=0, alph=1.50,
mode=0, bins=50, boxes=1

       single.......iteration                   accumulated......results   
iteration     integral    sigma             integral         sigma     chi-sq/it

   1        2.7749e-16   5.96e-19          2.7749e-16      5.96e-19    0.00e+00
   2        2.7908e-16   7.80e-19          2.7808e-16      4.73e-19    2.60e+00
   3        2.7962e-16   7.89e-19          2.7849e-16      4.06e-19    2.70e+00
   4        2.7850e-16   6.65e-19          2.7849e-16      3.47e-19    1.80e+00
   5        2.7903e-16   7.73e-19          2.7858e-16      3.16e-19    1.45e+00
rNLOq = (2.7857942e-16 +- 3.1620101e-19) pb
NLO = (1.5407157e-13 +- 6.1470691e-17) pb
#chisq/dof = 2.00683e-09
#status = success
#chisq/dof = 7.05784e-10
#status = success
#chisq/dof = 5.66874e-10
#status = success
#chisq/dof = 3.12508e-09
#status = success
#chisq/dof = 9.58017e-11
#status = success
#chisq/dof = 3.40073e-12
#status = success
#chisq/dof = 1.73366e-10
#status = success
#chisq/dof = 2.54614e-11
#status = success

*******************************************************
* threshold resummation (unimproved nnll) - expansion *
*******************************************************
The limits of integration are:

xl[0]=0.000000    xu[0]=1.000000
xl[1]=0.000000    xu[1]=1.000000
xl[2]=0.000000    xu[2]=1.000000

num_dim=3, calls=7000, it_num=1, max_it_num=5 verb=0, alph=1.50,
mode=0, bins=50, boxes=1

       single.......iteration                   accumulated......results   
iteration     integral    sigma             integral         sigma     chi-sq/it

   1        -4.5445e-16   2.50e-15          -4.5445e-16      2.50e-15    0.00e+00
   2        3.5516e-15   9.35e-16          3.0601e-15      8.76e-16    2.25e+00
   3        1.1701e-16   8.40e-16          1.5273e-15      6.06e-16    4.07e+00
   4        2.3426e-15   8.33e-16          1.8097e-15      4.90e-16    2.92e+00
   5        1.3145e-15   8.38e-16          1.6834e-15      4.23e-16    2.25e+00

num_dim=3, calls=35000, it_num=1, max_it_num=5 verb=0, alph=1.50,
mode=0, bins=50, boxes=1

       single.......iteration                   accumulated......results   
iteration     integral    sigma             integral         sigma     chi-sq/it

   1        2.7891e-15   3.73e-16          2.7891e-15      3.73e-16    0.00e+00
   2        2.9138e-15   3.72e-16          2.8516e-15      2.64e-16    5.59e-02
   3        3.2489e-15   3.72e-16          2.9841e-15      2.15e-16    4.07e-01
   4        2.9762e-15   3.74e-16          2.9822e-15      1.86e-16    2.71e-01
   5        2.0364e-15   3.74e-16          2.7938e-15      1.67e-16    1.49e+00
   5        2.3164e-15   3.73e-16          2.7143e-15      1.52e-16    1.46e+00
   5        2.5121e-15   3.74e-16          2.6856e-15      1.41e-16    1.26e+00
   5        2.6790e-15   3.74e-16          2.6848e-15      1.32e-16    1.08e+00
   5        2.2966e-15   3.73e-16          2.6415e-15      1.24e-16    1.06e+00
   5        2.7177e-15   3.76e-16          2.6491e-15      1.18e-16    9.50e-01
   5        2.2512e-15   3.74e-16          2.6130e-15      1.13e-16    9.58e-01
   5        2.3833e-15   3.76e-16          2.5941e-15      1.08e-16    9.02e-01
   5        2.6673e-15   3.77e-16          2.5996e-15      1.04e-16    8.30e-01
   5        2.6847e-15   3.75e-16          2.6057e-15      1.00e-16    7.70e-01
   5        2.9593e-15   3.76e-16          2.6290e-15      9.66e-17    7.74e-01
   5        3.1409e-15   3.77e-16          2.6606e-15      9.36e-17    8.38e-01
   5        2.2201e-15   3.77e-16          2.6350e-15      9.08e-17    8.66e-01
   5        2.3188e-15   3.77e-16          2.6176e-15      8.83e-17    8.54e-01
   5        2.7415e-15   3.78e-16          2.6240e-15      8.60e-17    8.12e-01
   5        2.9811e-15   3.78e-16          2.6416e-15      8.39e-17    8.14e-01
   5        1.8857e-15   3.82e-16          2.6069e-15      8.19e-17    9.60e-01
   5        2.8292e-15   3.81e-16          2.6167e-15      8.01e-17    9.30e-01
   5        2.4807e-15   3.81e-16          2.6109e-15      7.84e-17    8.93e-01
   5        2.9878e-15   3.84e-16          2.6259e-15      7.68e-17    8.95e-01
   5        2.1733e-15   3.83e-16          2.6085e-15      7.53e-17    9.13e-01
   5        2.7461e-15   3.85e-16          2.6135e-15      7.39e-17    8.82e-01
   5        2.0434e-15   3.83e-16          2.5931e-15      7.25e-17    9.30e-01
   5        2.3596e-15   3.86e-16          2.5851e-15      7.13e-17    9.09e-01
   5        2.3589e-15   3.87e-16          2.5777e-15      7.01e-17    8.88e-01
   5        2.1769e-15   3.88e-16          2.5650e-15      6.90e-17    8.93e-01
   5        2.3643e-15   3.89e-16          2.5589e-15      6.79e-17    8.72e-01
   5        3.1927e-15   3.91e-16          2.5774e-15      6.69e-17    9.26e-01
   5        2.7306e-15   3.90e-16          2.5818e-15      6.60e-17    9.02e-01
   5        2.0298e-15   3.88e-16          2.5663e-15      6.50e-17    9.34e-01
   5        3.0728e-15   3.91e-16          2.5800e-15      6.42e-17    9.54e-01
   5        3.0839e-15   3.90e-16          2.5933e-15      6.33e-17    9.74e-01
   5        2.4801e-15   3.93e-16          2.5904e-15      6.25e-17    9.49e-01
   5        2.0580e-15   3.88e-16          2.5770e-15      6.17e-17    9.73e-01
   5        2.7234e-15   3.88e-16          2.5806e-15      6.09e-17    9.51e-01
   5        1.3331e-15   3.90e-16          2.5509e-15      6.02e-17    1.18e+00
   5        2.0154e-15   3.93e-16          2.5386e-15      5.95e-17    1.20e+00
   5        2.3362e-15   3.95e-16          2.5341e-15      5.89e-17    1.17e+00
   5        1.7738e-15   3.91e-16          2.5173e-15      5.82e-17    1.23e+00
   5        1.6291e-15   3.91e-16          2.4981e-15      5.76e-17    1.32e+00
   5        2.4006e-15   3.96e-16          2.4960e-15      5.70e-17    1.29e+00
   5        1.6902e-15   3.93e-16          2.4794e-15      5.64e-17    1.36e+00
   5        2.8613e-15   3.94e-16          2.4871e-15      5.58e-17    1.35e+00
   5        2.5369e-15   3.98e-16          2.4880e-15      5.53e-17    1.32e+00
   5        2.7983e-15   3.97e-16          2.4939e-15      5.47e-17    1.30e+00
   5        2.7711e-15   3.99e-16          2.4990e-15      5.42e-17    1.29e+00
   5        2.2942e-15   3.95e-16          2.4953e-15      5.37e-17    1.27e+00
   5        2.8265e-15   3.97e-16          2.5012e-15      5.32e-17    1.26e+00
   5        2.3464e-15   3.97e-16          2.4985e-15      5.28e-17    1.23e+00
   5        2.1546e-15   3.92e-16          2.4924e-15      5.23e-17    1.23e+00
   5        2.0333e-15   3.93e-16          2.4844e-15      5.18e-17    1.23e+00
aNNLO+NNLL = (1.5655594e-13 +- 8.0412202e-17) pb

Results:
LO = (1.1948358e-13 +- 8.8349781e-17) pb
NLO = (1.5407157e-13 +- 6.1470691e-17) pb
aNNLO+NNLL = (1.5655594e-13 +- 8.0412202e-17) pb
Thanks for using LHAPDF 6.2.3. Please make sure to cite the paper:
  Eur.Phys.J. C75 (2015) 3, 132  (http://arxiv.org/abs/1412.7420)
 ====================================================
   FF 2.0, a package to evaluate one-loop integrals
 written by G. J. van Oldenborgh, NIKHEF-H, Amsterdam
 ====================================================
 for the algorithms used see preprint NIKHEF-H 89/17,
 'New Algorithms for One-loop Integrals', by G.J. van
 Oldenborgh and J.A.M. Vermaseren, published in 
 Zeitschrift fuer Physik C46(1990)425.
 ====================================================
 
total number of errors and warnings
===================================
fferr: no errors
 
