
  Welcome to Resummino git-latest
  Copyright 2008-2010 Jonathan Debove.
  Copyright 2011-2014 David R. Lamprea.
  Copyright 2011-2016 Marcel Rothering.

  Licensed under the EUPL 1.1 or later.
  See http://www.resummino.org/ for more information.

  If using Resummino for slepton pair production, please cite.
  - G. Bozzi, B. Fuks, M. Klasen, PRD 74, 015001 (2006); NPB 777, 157 (2007); NPB 794, 46 (2007).
  - B. Fuks, M. Klasen, D. R. Lamprea, M. Rothering, EPJC 73, 2480 (2013).

  For gaugino pair production, please cite:
  - J. Debove, B. Fuks, M. Klasen, PLB 688, 208 (2010); NPB 842, 51 (2011); NPB 849, 64 (2011).
  - B. Fuks, M. Klasen, D. R. Lamprea, M. Rothering, JHEP 1210, 081 (2012); EPJC 73, 2480 (2013).

  For associated gaugino gluino production, please cite:
  - B. Fuks, M. Klasen, M. Rothering, JHEP 07:053, (2016).
  - B. Fuks, M. Klasen, D. R. Lamprea, M. Rothering, EPJC 73, 2480 (2013).

LHAPDF 6.2.3 loading /pool/condor/dir_30726/resummino-releases/lhapdf-prefix/share/LHAPDF/PDF4LHC21_40/PDF4LHC21_40_0000.dat
PDF4LHC21_40 PDF set, member #0, version 1
 alpha_s(M_Z^2) = 0.1180 	 for LO PDF set 
 alpha_s(1900.000^2) = 0.0811 	 for LO PDF set 

********************
* LO cross section *
********************
The limits of integration are:

xl[0]=0.000000    xu[0]=1.000000
xl[1]=0.000000    xu[1]=1.000000
xl[2]=0.000000    xu[2]=1.000000

num_dim=3, calls=2000, it_num=1, max_it_num=5 verb=0, alph=1.50,
mode=0, bins=50, boxes=1

       single.......iteration                   accumulated......results   
iteration     integral    sigma             integral         sigma     chi-sq/it

   1        5.9113e-14   1.74e-15          5.9113e-14      1.74e-15    0.00e+00
   2        6.2021e-14   6.29e-16          6.1683e-14      5.91e-16    2.48e+00
   3        6.2859e-14   3.39e-16          6.2568e-14      2.94e-16    2.73e+00
   4        6.2079e-14   3.21e-16          6.2344e-14      2.17e-16    2.24e+00
   5        6.2046e-14   3.31e-16          6.2255e-14      1.81e-16    1.82e+00

num_dim=3, calls=20000, it_num=1, max_it_num=5 verb=0, alph=1.50,
mode=0, bins=50, boxes=1

       single.......iteration                   accumulated......results   
iteration     integral    sigma             integral         sigma     chi-sq/it

   1        6.2308e-14   1.01e-16          6.2308e-14      1.01e-16    0.00e+00
   2        6.2293e-14   9.86e-17          6.2300e-14      7.07e-17    1.23e-02
   3        6.2440e-14   9.73e-17          6.2348e-14      5.72e-17    6.75e-01
   4        6.2430e-14   1.03e-16          6.2368e-14      5.00e-17    6.09e-01
   5        6.2171e-14   1.04e-16          6.2331e-14      4.51e-17    1.18e+00
LO = (6.2330556e-14 +- 4.5093097e-17) pb
LHAPDF 6.2.3 loading /pool/condor/dir_30726/resummino-releases/lhapdf-prefix/share/LHAPDF/PDF4LHC21_40/PDF4LHC21_40_0030.dat
PDF4LHC21_40 PDF set, member #30, version 1
 alpha_s(M_Z^2) = 0.1180 	 for NLO PDF set 
 alpha_s(1900.000^2) = 0.0811 	 for NLO PDF set 

********************
* LO cross section *
********************
The limits of integration are:

xl[0]=0.000000    xu[0]=1.000000
xl[1]=0.000000    xu[1]=1.000000
xl[2]=0.000000    xu[2]=1.000000

num_dim=3, calls=2000, it_num=1, max_it_num=5 verb=0, alph=1.50,
mode=0, bins=50, boxes=1

       single.......iteration                   accumulated......results   
iteration     integral    sigma             integral         sigma     chi-sq/it

   1        6.7404e-14   1.97e-15          6.7404e-14      1.97e-15    0.00e+00
   2        7.0033e-14   7.92e-16          6.9666e-14      7.35e-16    1.54e+00
   3        7.1401e-14   5.07e-16          7.0842e-14      4.17e-16    2.66e+00
   4        7.0385e-14   4.88e-16          7.0649e-14      3.17e-16    1.94e+00
   5        7.0028e-14   5.22e-16          7.0482e-14      2.71e-16    1.71e+00

num_dim=3, calls=20000, it_num=1, max_it_num=5 verb=0, alph=1.50,
mode=0, bins=50, boxes=1

       single.......iteration                   accumulated......results   
iteration     integral    sigma             integral         sigma     chi-sq/it

   1        7.0665e-14   1.53e-16          7.0665e-14      1.53e-16    0.00e+00
   2        7.0789e-14   1.48e-16          7.0729e-14      1.06e-16    3.42e-01
   3        7.1017e-14   1.46e-16          7.0829e-14      8.59e-17    1.44e+00
   4        7.0862e-14   1.53e-16          7.0837e-14      7.50e-17    9.72e-01
   5        7.0538e-14   1.56e-16          7.0780e-14      6.75e-17    1.48e+00
   5        7.0665e-14   1.53e-16          7.0762e-14      6.18e-17    1.28e+00
   5        7.0760e-14   1.58e-16          7.0761e-14      5.75e-17    1.07e+00
   5        7.0559e-14   1.58e-16          7.0738e-14      5.41e-17    1.12e+00
   5        7.0583e-14   1.60e-16          7.0722e-14      5.12e-17    1.09e+00
   5        7.0374e-14   1.64e-16          7.0691e-14      4.89e-17    1.42e+00
   5        7.0688e-14   1.67e-16          7.0691e-14      4.69e-17    1.27e+00
   5        7.0664e-14   1.70e-16          7.0689e-14      4.52e-17    1.16e+00
   5        7.0840e-14   1.78e-16          7.0698e-14      4.39e-17    1.12e+00
   5        7.0613e-14   1.84e-16          7.0693e-14      4.27e-17    1.05e+00
   5        7.0735e-14   1.92e-16          7.0695e-14      4.16e-17    9.78e-01
   5        7.0468e-14   1.98e-16          7.0686e-14      4.07e-17    9.97e-01
   5        7.0579e-14   1.99e-16          7.0681e-14      3.99e-17    9.52e-01
   5        7.0792e-14   2.04e-16          7.0686e-14      3.92e-17    9.13e-01
   5        7.1047e-14   2.14e-16          7.0697e-14      3.85e-17    1.02e+00
   5        7.1121e-14   2.08e-16          7.0711e-14      3.79e-17    1.17e+00
   5        7.0614e-14   2.08e-16          7.0708e-14      3.73e-17    1.12e+00
   5        7.0820e-14   2.15e-16          7.0711e-14      3.67e-17    1.08e+00
   5        7.0884e-14   2.22e-16          7.0716e-14      3.62e-17    1.06e+00
   5        7.0653e-14   2.27e-16          7.0714e-14      3.58e-17    1.02e+00
   5        7.1099e-14   2.30e-16          7.0724e-14      3.54e-17    1.09e+00
   5        7.0548e-14   2.31e-16          7.0720e-14      3.50e-17    1.07e+00
   5        7.1193e-14   2.36e-16          7.0730e-14      3.46e-17    1.18e+00
   5        7.0743e-14   2.32e-16          7.0730e-14      3.42e-17    1.14e+00
   5        7.0701e-14   2.40e-16          7.0729e-14      3.39e-17    1.10e+00
   5        7.0797e-14   2.47e-16          7.0731e-14      3.35e-17    1.06e+00
   5        7.0609e-14   2.41e-16          7.0728e-14      3.32e-17    1.03e+00
   5        7.0716e-14   2.47e-16          7.0728e-14      3.29e-17    1.00e+00
   5        7.0983e-14   2.44e-16          7.0733e-14      3.26e-17    1.00e+00
   5        7.0393e-14   2.50e-16          7.0727e-14      3.24e-17    1.03e+00
   5        7.0332e-14   2.52e-16          7.0721e-14      3.21e-17    1.07e+00
   5        7.0942e-14   2.57e-16          7.0724e-14      3.18e-17    1.06e+00
   5        7.0191e-14   2.58e-16          7.0716e-14      3.16e-17    1.15e+00
   5        7.0567e-14   2.65e-16          7.0714e-14      3.14e-17    1.12e+00
   5        7.0977e-14   2.56e-16          7.0718e-14      3.11e-17    1.12e+00
   5        7.0736e-14   2.56e-16          7.0718e-14      3.09e-17    1.09e+00
   5        7.0866e-14   2.64e-16          7.0720e-14      3.07e-17    1.07e+00
   5        7.0710e-14   2.64e-16          7.0720e-14      3.05e-17    1.05e+00
   5        7.1110e-14   2.69e-16          7.0725e-14      3.03e-17    1.07e+00
   5        7.0820e-14   2.76e-16          7.0726e-14      3.01e-17    1.05e+00
   5        7.0435e-14   2.79e-16          7.0723e-14      3.00e-17    1.05e+00
   5        7.0662e-14   2.85e-16          7.0722e-14      2.98e-17    1.03e+00
   5        7.0925e-14   2.91e-16          7.0724e-14      2.96e-17    1.02e+00
   5        6.9904e-14   2.80e-16          7.0715e-14      2.95e-17    1.17e+00
   5        7.1221e-14   2.86e-16          7.0720e-14      2.93e-17    1.21e+00
   5        7.1203e-14   2.87e-16          7.0725e-14      2.92e-17    1.25e+00
   5        7.0712e-14   2.77e-16          7.0725e-14      2.90e-17    1.22e+00
   5        7.0362e-14   2.77e-16          7.0721e-14      2.88e-17    1.23e+00
   5        7.0871e-14   2.87e-16          7.0723e-14      2.87e-17    1.21e+00
   5        7.0399e-14   3.00e-16          7.0720e-14      2.86e-17    1.21e+00
   5        7.1436e-14   2.92e-16          7.0727e-14      2.84e-17    1.30e+00
LO = (7.0726623e-14 +- 2.8435134e-17) pb

*******************************************
* virtual corrections + integrated dipole *
*******************************************
The limits of integration are:

xl[0]=0.000000    xu[0]=1.000000
xl[1]=0.000000    xu[1]=1.000000
xl[2]=0.000000    xu[2]=1.000000

num_dim=3, calls=240, it_num=1, max_it_num=5 verb=0, alph=1.50,
mode=0, bins=50, boxes=1

       single.......iteration                   accumulated......results   
iteration     integral    sigma             integral         sigma     chi-sq/it

   1        7.4927e-15   6.62e-16          7.4927e-15      6.62e-16    0.00e+00
   2        7.8642e-15   3.68e-16          7.7766e-15      3.21e-16    2.41e-01
   3        8.4899e-15   2.73e-16          8.1910e-15      2.08e-16    1.55e+00
   4        8.6882e-15   1.73e-16          8.4856e-15      1.33e-16    2.16e+00
   5        8.9612e-15   2.28e-16          8.6063e-15      1.15e-16    2.44e+00

num_dim=3, calls=1200, it_num=1, max_it_num=3 verb=0, alph=1.50,
mode=0, bins=50, boxes=1

       single.......iteration                   accumulated......results   
iteration     integral    sigma             integral         sigma     chi-sq/it

   1        8.3310e-15   1.01e-16          8.3310e-15      1.01e-16    0.00e+00
   2        8.5469e-15   8.65e-17          8.4554e-15      6.57e-17    2.64e+00
   3        8.4893e-15   8.21e-17          8.4686e-15      5.13e-17    1.37e+00
   3        8.7142e-15   7.66e-17          8.5446e-15      4.26e-17    3.28e+00
   3        8.4961e-15   7.59e-17          8.5330e-15      3.72e-17    2.54e+00
   3        8.5604e-15   8.27e-17          8.5376e-15      3.39e-17    2.05e+00
   3        8.4170e-15   8.69e-17          8.5217e-15      3.16e-17    1.99e+00
   3        8.6171e-15   7.93e-17          8.5347e-15      2.93e-17    1.88e+00
   3        8.6388e-15   7.25e-17          8.5494e-15      2.72e-17    1.87e+00
   3        8.5423e-15   8.18e-17          8.5487e-15      2.58e-17    1.66e+00
   3        8.5077e-15   8.23e-17          8.5450e-15      2.46e-17    1.52e+00
   3        8.5162e-15   8.38e-17          8.5427e-15      2.36e-17    1.39e+00
   3        8.5902e-15   8.24e-17          8.5463e-15      2.27e-17    1.30e+00
   3        8.5954e-15   8.09e-17          8.5499e-15      2.19e-17    1.22e+00
   3        8.5512e-15   8.49e-17          8.5500e-15      2.12e-17    1.14e+00
   3        8.4619e-15   8.42e-17          8.5448e-15      2.05e-17    1.13e+00
vNLO = (8.5447505e-15 +- 2.0533502e-17) pb

*****************************
* collinear remainder (P+K) *
*****************************
The limits of integration are:

xl[0]=0.000000    xu[0]=1.000000
xl[1]=0.000000    xu[1]=1.000000
xl[2]=0.000000    xu[2]=1.000000
xl[3]=0.000000    xu[3]=1.000000

num_dim=4, calls=2500, it_num=1, max_it_num=5 verb=0, alph=1.50,
mode=0, bins=50, boxes=1

       single.......iteration                   accumulated......results   
iteration     integral    sigma             integral         sigma     chi-sq/it

   1        1.2009e-14   6.09e-16          1.2009e-14      6.09e-16    0.00e+00
   2        1.2177e-14   2.52e-16          1.2152e-14      2.33e-16    6.49e-02
   3        1.2089e-14   2.02e-16          1.2116e-14      1.53e-16    5.36e-02
   4        1.2122e-14   1.96e-16          1.2118e-14      1.20e-16    3.59e-02
   5        1.2280e-14   1.93e-16          1.2164e-14      1.02e-16    1.54e-01

num_dim=4, calls=25000, it_num=1, max_it_num=3 verb=0, alph=1.50,
mode=0, bins=50, boxes=1

       single.......iteration                   accumulated......results   
iteration     integral    sigma             integral         sigma     chi-sq/it

   1        1.2287e-14   5.97e-17          1.2287e-14      5.97e-17    0.00e+00
   2        1.2307e-14   5.94e-17          1.2297e-14      4.21e-17    5.66e-02
   3        1.2144e-14   6.00e-17          1.2246e-14      3.45e-17    2.21e+00
   3        1.2205e-14   6.03e-17          1.2236e-14      2.99e-17    1.59e+00
   3        1.2148e-14   6.06e-17          1.2219e-14      2.68e-17    1.62e+00
   3        1.2120e-14   6.04e-17          1.2203e-14      2.45e-17    1.75e+00
   3        1.2161e-14   6.00e-17          1.2197e-14      2.27e-17    1.53e+00
   3        1.2178e-14   6.06e-17          1.2194e-14      2.13e-17    1.32e+00
   3        1.2197e-14   6.14e-17          1.2194e-14      2.01e-17    1.15e+00
P+K = (1.2194468e-14 +- 2.0089723e-17) pb

********************************
* real gluon emission - dipole *
********************************
The limits of integration are:

xl[0]=0.000000    xu[0]=1.000000
xl[1]=0.000000    xu[1]=1.000000
xl[2]=0.000000    xu[2]=1.000000
xl[3]=0.000000    xu[3]=1.000000
xl[4]=0.000000    xu[4]=1.000000
xl[5]=0.000000    xu[5]=1.000000

num_dim=6, calls=250, it_num=1, max_it_num=5 verb=0, alph=1.50,
mode=0, bins=50, boxes=1

       single.......iteration                   accumulated......results   
iteration     integral    sigma             integral         sigma     chi-sq/it

   1        -8.5218e-17   2.80e-17          -8.5218e-17      2.80e-17    0.00e+00
   2        -9.8481e-17   2.26e-17          -9.3256e-17      1.76e-17    1.36e-01
   3        -6.5800e-17   8.00e-18          -7.0504e-17      7.28e-18    1.08e+00
   4        -7.5444e-17   8.34e-18          -7.2641e-17      5.49e-18    7.84e-01
   5        -7.4429e-17   6.74e-18          -7.3354e-17      4.26e-18    5.98e-01

num_dim=6, calls=2500, it_num=1, max_it_num=3 verb=0, alph=1.50,
mode=0, bins=50, boxes=1

       single.......iteration                   accumulated......results   
iteration     integral    sigma             integral         sigma     chi-sq/it

   1        -7.6234e-17   1.77e-18          -7.6234e-17      1.77e-18    0.00e+00
   2        -7.6740e-17   1.18e-18          -7.6584e-17      9.82e-19    5.69e-02
   3        -7.8959e-17   1.29e-18          -7.7460e-17      7.80e-19    1.11e+00
rNLOg = (-7.7459709e-17 +- 7.8047776e-19) pb

**************************************************
* real light quark emission - dipole - (onshell) *
**************************************************
The limits of integration are:

xl[0]=0.000000    xu[0]=1.000000
xl[1]=0.000000    xu[1]=1.000000
xl[2]=0.000000    xu[2]=1.000000
xl[3]=0.000000    xu[3]=1.000000
xl[4]=0.000000    xu[4]=1.000000
xl[5]=0.000000    xu[5]=1.000000

num_dim=6, calls=5000, it_num=1, max_it_num=5 verb=0, alph=1.50,
mode=0, bins=50, boxes=1

       single.......iteration                   accumulated......results   
iteration     integral    sigma             integral         sigma     chi-sq/it

   1        1.2591e-16   8.13e-18          1.2591e-16      8.13e-18    0.00e+00
   2        1.2084e-16   2.22e-18          1.2119e-16      2.14e-18    3.62e-01
   3        1.1984e-16   1.31e-18          1.2021e-16      1.12e-18    3.26e-01
   4        1.1904e-16   1.01e-18          1.1956e-16      7.47e-19    4.19e-01
   5        1.1947e-16   8.53e-19          1.1952e-16      5.62e-19    3.16e-01

num_dim=6, calls=50000, it_num=1, max_it_num=5 verb=0, alph=1.50,
mode=0, bins=50, boxes=1

       single.......iteration                   accumulated......results   
iteration     integral    sigma             integral         sigma     chi-sq/it

   1        1.1937e-16   2.55e-19          1.1937e-16      2.55e-19    0.00e+00
   2        1.2004e-16   3.28e-19          1.1963e-16      2.01e-19    2.61e+00
   3        1.2027e-16   3.33e-19          1.1980e-16      1.72e-19    2.68e+00
   4        1.1984e-16   2.75e-19          1.1981e-16      1.46e-19    1.79e+00
   5        1.2000e-16   3.23e-19          1.1984e-16      1.33e-19    1.42e+00
rNLOq = (1.1984277e-16 +- 1.3302038e-19) pb
NLO = (9.1508224e-14 +- 4.0427779e-17) pb
#chisq/dof = 1.95863e-09
#status = success
#chisq/dof = 1.08398e-09
#status = success
#chisq/dof = 5.94738e-10
#status = success
#chisq/dof = 1.50666e-09
#status = success
#chisq/dof = 4.67285e-11
#status = success
#chisq/dof = 3.21967e-12
#status = success
#chisq/dof = 1.92831e-10
#status = success
#chisq/dof = 3.61979e-11
#status = success

*******************************************************
* threshold resummation (unimproved nnll) - expansion *
*******************************************************
The limits of integration are:

xl[0]=0.000000    xu[0]=1.000000
xl[1]=0.000000    xu[1]=1.000000
xl[2]=0.000000    xu[2]=1.000000

num_dim=3, calls=7000, it_num=1, max_it_num=5 verb=0, alph=1.50,
mode=0, bins=50, boxes=1

       single.......iteration                   accumulated......results   
iteration     integral    sigma             integral         sigma     chi-sq/it

   1        2.1459e-15   5.03e-16          2.1459e-15      5.03e-16    0.00e+00
   2        1.4578e-15   9.72e-17          1.4825e-15      9.55e-17    1.80e+00
   3        1.3192e-15   7.43e-17          1.3808e-15      5.86e-17    1.81e+00
   4        1.4280e-15   7.15e-17          1.3998e-15      4.53e-17    1.30e+00
   5        1.4609e-15   7.12e-17          1.4174e-15      3.82e-17    1.10e+00

num_dim=3, calls=35000, it_num=1, max_it_num=5 verb=0, alph=1.50,
mode=0, bins=50, boxes=1

       single.......iteration                   accumulated......results   
iteration     integral    sigma             integral         sigma     chi-sq/it

   1        1.5240e-15   3.10e-17          1.5240e-15      3.10e-17    0.00e+00
   2        1.5159e-15   3.10e-17          1.5199e-15      2.19e-17    3.37e-02
   3        1.5559e-15   3.09e-17          1.5320e-15      1.79e-17    4.68e-01
   4        1.4975e-15   3.09e-17          1.5234e-15      1.55e-17    6.22e-01
   5        1.5039e-15   3.06e-17          1.5194e-15      1.38e-17    5.47e-01
aNNLO+NNLL = (9.3027619e-14 +- 4.2720872e-17) pb

Results:
LO = (6.2330556e-14 +- 4.5093097e-17) pb
NLO = (9.1508224e-14 +- 4.0427779e-17) pb
aNNLO+NNLL = (9.3027619e-14 +- 4.2720872e-17) pb
Thanks for using LHAPDF 6.2.3. Please make sure to cite the paper:
  Eur.Phys.J. C75 (2015) 3, 132  (http://arxiv.org/abs/1412.7420)
 ====================================================
   FF 2.0, a package to evaluate one-loop integrals
 written by G. J. van Oldenborgh, NIKHEF-H, Amsterdam
 ====================================================
 for the algorithms used see preprint NIKHEF-H 89/17,
 'New Algorithms for One-loop Integrals', by G.J. van
 Oldenborgh and J.A.M. Vermaseren, published in 
 Zeitschrift fuer Physik C46(1990)425.
 ====================================================
 
total number of errors and warnings
===================================
fferr: no errors
 
