
  Welcome to Resummino git-latest
  Copyright 2008-2010 Jonathan Debove.
  Copyright 2011-2014 David R. Lamprea.
  Copyright 2011-2016 Marcel Rothering.

  Licensed under the EUPL 1.1 or later.
  See http://www.resummino.org/ for more information.

  If using Resummino for slepton pair production, please cite.
  - G. Bozzi, B. Fuks, M. Klasen, PRD 74, 015001 (2006); NPB 777, 157 (2007); NPB 794, 46 (2007).
  - B. Fuks, M. Klasen, D. R. Lamprea, M. Rothering, EPJC 73, 2480 (2013).

  For gaugino pair production, please cite:
  - J. Debove, B. Fuks, M. Klasen, PLB 688, 208 (2010); NPB 842, 51 (2011); NPB 849, 64 (2011).
  - B. Fuks, M. Klasen, D. R. Lamprea, M. Rothering, JHEP 1210, 081 (2012); EPJC 73, 2480 (2013).

  For associated gaugino gluino production, please cite:
  - B. Fuks, M. Klasen, M. Rothering, JHEP 07:053, (2016).
  - B. Fuks, M. Klasen, D. R. Lamprea, M. Rothering, EPJC 73, 2480 (2013).

LHAPDF 6.2.3 loading /pool/condor/dir_28219/resummino-releases/lhapdf-prefix/share/LHAPDF/PDF4LHC21_40/PDF4LHC21_40_0000.dat
PDF4LHC21_40 PDF set, member #0, version 1
 alpha_s(M_Z^2) = 0.1180 	 for LO PDF set 
 alpha_s(200.000^2) = 0.1055 	 for LO PDF set 

********************
* LO cross section *
********************
The limits of integration are:

xl[0]=0.000000    xu[0]=1.000000
xl[1]=0.000000    xu[1]=1.000000
xl[2]=0.000000    xu[2]=1.000000

num_dim=3, calls=2000, it_num=1, max_it_num=5 verb=0, alph=1.50,
mode=0, bins=50, boxes=1

       single.......iteration                   accumulated......results   
iteration     integral    sigma             integral         sigma     chi-sq/it

   1        1.7886e-11   5.82e-13          1.7886e-11      5.82e-13    0.00e+00
   2        1.8168e-11   1.92e-13          1.8141e-11      1.82e-13    2.12e-01
   3        1.8452e-11   1.11e-13          1.8368e-11      9.47e-14    1.17e+00
   4        1.8179e-11   1.03e-13          1.8281e-11      6.96e-14    1.39e+00
   5        1.8165e-11   1.07e-13          1.8246e-11      5.84e-14    1.25e+00

num_dim=3, calls=20000, it_num=1, max_it_num=5 verb=0, alph=1.50,
mode=0, bins=50, boxes=1

       single.......iteration                   accumulated......results   
iteration     integral    sigma             integral         sigma     chi-sq/it

   1        1.8263e-11   3.26e-14          1.8263e-11      3.26e-14    0.00e+00
   2        1.8267e-11   3.22e-14          1.8265e-11      2.29e-14    9.48e-03
   3        1.8338e-11   3.17e-14          1.8290e-11      1.86e-14    1.74e+00
   4        1.8313e-11   3.32e-14          1.8295e-11      1.62e-14    1.28e+00
   5        1.8236e-11   3.33e-14          1.8284e-11      1.46e-14    1.61e+00
   5        1.8268e-11   3.34e-14          1.8282e-11      1.34e-14    1.32e+00
   5        1.8294e-11   3.38e-14          1.8283e-11      1.24e-14    1.12e+00
   5        1.8250e-11   3.40e-14          1.8279e-11      1.17e-14    1.09e+00
   5        1.8239e-11   3.49e-14          1.8275e-11      1.11e-14    1.10e+00
   5        1.8208e-11   3.58e-14          1.8269e-11      1.06e-14    1.34e+00
   5        1.8262e-11   3.74e-14          1.8269e-11      1.02e-14    1.21e+00
   5        1.8256e-11   3.76e-14          1.8268e-11      9.82e-15    1.11e+00
LO = (1.8267964e-11 +- 9.8236735e-15) pb
LHAPDF 6.2.3 loading /pool/condor/dir_28219/resummino-releases/lhapdf-prefix/share/LHAPDF/PDF4LHC21_40/PDF4LHC21_40_0000.dat
PDF4LHC21_40 PDF set, member #0, version 1
 alpha_s(M_Z^2) = 0.1180 	 for NLO PDF set 
 alpha_s(200.000^2) = 0.1055 	 for NLO PDF set 

********************
* LO cross section *
********************
The limits of integration are:

xl[0]=0.000000    xu[0]=1.000000
xl[1]=0.000000    xu[1]=1.000000
xl[2]=0.000000    xu[2]=1.000000

num_dim=3, calls=2000, it_num=1, max_it_num=5 verb=0, alph=1.50,
mode=0, bins=50, boxes=1

       single.......iteration                   accumulated......results   
iteration     integral    sigma             integral         sigma     chi-sq/it

   1        1.7886e-11   5.82e-13          1.7886e-11      5.82e-13    0.00e+00
   2        1.8168e-11   1.92e-13          1.8141e-11      1.82e-13    2.12e-01
   3        1.8452e-11   1.11e-13          1.8368e-11      9.47e-14    1.17e+00
   4        1.8179e-11   1.03e-13          1.8281e-11      6.96e-14    1.39e+00
   5        1.8165e-11   1.07e-13          1.8246e-11      5.84e-14    1.25e+00

num_dim=3, calls=20000, it_num=1, max_it_num=5 verb=0, alph=1.50,
mode=0, bins=50, boxes=1

       single.......iteration                   accumulated......results   
iteration     integral    sigma             integral         sigma     chi-sq/it

   1        1.8263e-11   3.26e-14          1.8263e-11      3.26e-14    0.00e+00
   2        1.8267e-11   3.22e-14          1.8265e-11      2.29e-14    9.48e-03
   3        1.8338e-11   3.17e-14          1.8290e-11      1.86e-14    1.74e+00
   4        1.8313e-11   3.32e-14          1.8295e-11      1.62e-14    1.28e+00
   5        1.8236e-11   3.33e-14          1.8284e-11      1.46e-14    1.61e+00
   5        1.8268e-11   3.34e-14          1.8282e-11      1.34e-14    1.32e+00
   5        1.8294e-11   3.38e-14          1.8283e-11      1.24e-14    1.12e+00
   5        1.8250e-11   3.40e-14          1.8279e-11      1.17e-14    1.09e+00
   5        1.8239e-11   3.49e-14          1.8275e-11      1.11e-14    1.10e+00
   5        1.8208e-11   3.58e-14          1.8269e-11      1.06e-14    1.34e+00
   5        1.8262e-11   3.74e-14          1.8269e-11      1.02e-14    1.21e+00
   5        1.8256e-11   3.76e-14          1.8268e-11      9.82e-15    1.11e+00
   5        1.8306e-11   3.95e-14          1.8270e-11      9.53e-15    1.09e+00
   5        1.8262e-11   4.12e-14          1.8270e-11      9.29e-15    1.00e+00
   5        1.8274e-11   4.38e-14          1.8270e-11      9.08e-15    9.34e-01
   5        1.8236e-11   4.49e-14          1.8269e-11      8.90e-15    9.07e-01
   5        1.8249e-11   4.53e-14          1.8268e-11      8.74e-15    8.62e-01
   5        1.8309e-11   4.66e-14          1.8269e-11      8.59e-15    8.56e-01
   5        1.8341e-11   4.93e-14          1.8271e-11      8.46e-15    9.21e-01
   5        1.8352e-11   4.90e-14          1.8274e-11      8.34e-15    1.01e+00
   5        1.8231e-11   4.97e-14          1.8273e-11      8.22e-15    9.98e-01
   5        1.8291e-11   5.17e-14          1.8273e-11      8.12e-15    9.56e-01
   5        1.8302e-11   5.33e-14          1.8274e-11      8.03e-15    9.25e-01
   5        1.8235e-11   5.38e-14          1.8273e-11      7.94e-15    9.07e-01
   5        1.8366e-11   5.52e-14          1.8275e-11      7.86e-15    9.85e-01
   5        1.8248e-11   5.44e-14          1.8274e-11      7.78e-15    9.55e-01
   5        1.8385e-11   5.54e-14          1.8276e-11      7.70e-15    1.07e+00
   5        1.8304e-11   5.44e-14          1.8277e-11      7.63e-15    1.04e+00
   5        1.8269e-11   5.60e-14          1.8277e-11      7.56e-15    1.00e+00
   5        1.8333e-11   5.93e-14          1.8278e-11      7.50e-15    9.99e-01
   5        1.8227e-11   5.65e-14          1.8277e-11      7.43e-15    9.93e-01
   5        1.8286e-11   5.72e-14          1.8277e-11      7.37e-15    9.61e-01
   5        1.8375e-11   5.72e-14          1.8278e-11      7.31e-15    1.02e+00
   5        1.8210e-11   5.96e-14          1.8277e-11      7.25e-15    1.03e+00
   5        1.8191e-11   6.12e-14          1.8276e-11      7.20e-15    1.06e+00
   5        1.8335e-11   6.16e-14          1.8277e-11      7.16e-15    1.05e+00
   5        1.8145e-11   6.09e-14          1.8275e-11      7.11e-15    1.15e+00
   5        1.8237e-11   6.40e-14          1.8275e-11      7.06e-15    1.13e+00
   5        1.8330e-11   6.05e-14          1.8276e-11      7.02e-15    1.12e+00
   5        1.8299e-11   6.02e-14          1.8276e-11      6.97e-15    1.10e+00
   5        1.8323e-11   6.19e-14          1.8276e-11      6.92e-15    1.09e+00
   5        1.8297e-11   6.31e-14          1.8277e-11      6.88e-15    1.06e+00
   5        1.8357e-11   6.39e-14          1.8278e-11      6.84e-15    1.07e+00
   5        1.8313e-11   6.54e-14          1.8278e-11      6.81e-15    1.06e+00
   5        1.8209e-11   6.60e-14          1.8277e-11      6.77e-15    1.06e+00
   5        1.8266e-11   6.85e-14          1.8277e-11      6.74e-15    1.03e+00
   5        1.8329e-11   6.88e-14          1.8278e-11      6.71e-15    1.02e+00
   5        1.8059e-11   6.63e-14          1.8275e-11      6.67e-15    1.23e+00
   5        1.8401e-11   6.70e-14          1.8277e-11      6.64e-15    1.28e+00
   5        1.8386e-11   6.75e-14          1.8278e-11      6.61e-15    1.30e+00
   5        1.8272e-11   6.54e-14          1.8278e-11      6.57e-15    1.28e+00
   5        1.8177e-11   6.56e-14          1.8277e-11      6.54e-15    1.30e+00
   5        1.8312e-11   6.80e-14          1.8277e-11      6.51e-15    1.28e+00
   5        1.8205e-11   7.00e-14          1.8276e-11      6.48e-15    1.27e+00
   5        1.8428e-11   6.83e-14          1.8278e-11      6.45e-15    1.34e+00
LO = (1.8277700e-11 +- 6.4537387e-15) pb

*******************************************
* virtual corrections + integrated dipole *
*******************************************
The limits of integration are:

xl[0]=0.000000    xu[0]=1.000000
xl[1]=0.000000    xu[1]=1.000000
xl[2]=0.000000    xu[2]=1.000000

num_dim=3, calls=240, it_num=1, max_it_num=5 verb=0, alph=1.50,
mode=0, bins=50, boxes=1

       single.......iteration                   accumulated......results   
iteration     integral    sigma             integral         sigma     chi-sq/it

   1        2.7072e-12   2.71e-13          2.7072e-12      2.71e-13    0.00e+00
   2        2.6024e-12   1.02e-13          2.6154e-12      9.54e-14    1.31e-01
   3        2.8335e-12   7.15e-14          2.7551e-12      5.72e-14    1.74e+00
   4        2.8533e-12   6.07e-14          2.8013e-12      4.16e-14    1.62e+00
   5        3.0045e-12   6.84e-14          2.8563e-12      3.56e-14    2.83e+00

num_dim=3, calls=1200, it_num=1, max_it_num=3 verb=0, alph=1.50,
mode=0, bins=50, boxes=1

       single.......iteration                   accumulated......results   
iteration     integral    sigma             integral         sigma     chi-sq/it

   1        2.8045e-12   2.84e-14          2.8045e-12      2.84e-14    0.00e+00
   2        2.8768e-12   2.47e-14          2.8456e-12      1.87e-14    3.68e+00
   3        2.8524e-12   2.23e-14          2.8484e-12      1.43e-14    1.87e+00
   3        2.9195e-12   2.33e-14          2.8679e-12      1.22e-14    3.50e+00
   3        2.8334e-12   2.25e-14          2.8600e-12      1.07e-14    3.08e+00
   3        2.8663e-12   2.24e-14          2.8612e-12      9.67e-15    2.48e+00
   3        2.8382e-12   2.38e-14          2.8580e-12      8.96e-15    2.20e+00
   3        2.8859e-12   2.22e-14          2.8619e-12      8.31e-15    2.08e+00
   3        2.8696e-12   2.16e-14          2.8629e-12      7.76e-15    1.83e+00
   3        2.8685e-12   2.23e-14          2.8635e-12      7.32e-15    1.64e+00
   3        2.8431e-12   2.27e-14          2.8615e-12      6.97e-15    1.54e+00
   3        2.8600e-12   2.34e-14          2.8614e-12      6.68e-15    1.40e+00
   3        2.8808e-12   2.21e-14          2.8630e-12      6.40e-15    1.35e+00
   3        2.8720e-12   2.31e-14          2.8637e-12      6.16e-15    1.25e+00
   3        2.8785e-12   2.39e-14          2.8646e-12      5.97e-15    1.19e+00
vNLO = (2.8646066e-12 +- 5.9681485e-15) pb

*****************************
* collinear remainder (P+K) *
*****************************
The limits of integration are:

xl[0]=0.000000    xu[0]=1.000000
xl[1]=0.000000    xu[1]=1.000000
xl[2]=0.000000    xu[2]=1.000000
xl[3]=0.000000    xu[3]=1.000000

num_dim=4, calls=2500, it_num=1, max_it_num=5 verb=0, alph=1.50,
mode=0, bins=50, boxes=1

       single.......iteration                   accumulated......results   
iteration     integral    sigma             integral         sigma     chi-sq/it

   1        1.6486e-12   1.99e-13          1.6486e-12      1.99e-13    0.00e+00
   2        1.4546e-12   8.52e-14          1.4847e-12      7.84e-14    8.02e-01
   3        1.4786e-12   6.59e-14          1.4811e-12      5.04e-14    4.03e-01
   4        1.5138e-12   6.63e-14          1.4931e-12      4.01e-14    3.20e-01
   5        1.4553e-12   6.59e-14          1.4829e-12      3.43e-14    3.00e-01

num_dim=4, calls=25000, it_num=1, max_it_num=3 verb=0, alph=1.50,
mode=0, bins=50, boxes=1

       single.......iteration                   accumulated......results   
iteration     integral    sigma             integral         sigma     chi-sq/it

   1        1.4698e-12   2.05e-14          1.4698e-12      2.05e-14    0.00e+00
   2        1.4531e-12   2.04e-14          1.4614e-12      1.45e-14    3.32e-01
   3        1.4644e-12   2.04e-14          1.4624e-12      1.18e-14    1.73e-01
   3        1.4691e-12   2.05e-14          1.4641e-12      1.02e-14    1.42e-01
   3        1.4722e-12   2.05e-14          1.4657e-12      9.15e-15    1.38e-01
   3        1.4541e-12   2.05e-14          1.4638e-12      8.36e-15    1.64e-01
   3        1.4804e-12   2.05e-14          1.4661e-12      7.74e-15    2.30e-01
   3        1.4478e-12   2.06e-14          1.4639e-12      7.24e-15    2.97e-01
   3        1.4702e-12   2.07e-14          1.4646e-12      6.84e-15    2.70e-01
   3        1.4659e-12   2.08e-14          1.4647e-12      6.49e-15    2.41e-01
   3        1.4480e-12   2.07e-14          1.4632e-12      6.20e-15    2.76e-01
   3        1.4870e-12   2.07e-14          1.4652e-12      5.94e-15    3.61e-01
   3        1.5094e-12   2.09e-14          1.4685e-12      5.71e-15    6.77e-01
P+K = (1.4684583e-12 +- 5.7093112e-15) pb

********************************
* real gluon emission - dipole *
********************************
The limits of integration are:

xl[0]=0.000000    xu[0]=1.000000
xl[1]=0.000000    xu[1]=1.000000
xl[2]=0.000000    xu[2]=1.000000
xl[3]=0.000000    xu[3]=1.000000
xl[4]=0.000000    xu[4]=1.000000
xl[5]=0.000000    xu[5]=1.000000

num_dim=6, calls=250, it_num=1, max_it_num=5 verb=0, alph=1.50,
mode=0, bins=50, boxes=1

       single.......iteration                   accumulated......results   
iteration     integral    sigma             integral         sigma     chi-sq/it

   1        -1.0463e-13   2.59e-14          -1.0463e-13      2.59e-14    0.00e+00
   2        -1.2693e-13   3.27e-14          -1.1321e-13      2.03e-14    2.86e-01
   3        -1.0234e-13   1.51e-14          -1.0620e-13      1.21e-14    2.36e-01
   4        -8.7657e-14   8.90e-15          -9.4165e-14      7.17e-15    6.65e-01
   5        -1.0439e-13   1.12e-14          -9.7121e-14      6.04e-15    6.46e-01

num_dim=6, calls=2500, it_num=1, max_it_num=3 verb=0, alph=1.50,
mode=0, bins=50, boxes=1

       single.......iteration                   accumulated......results   
iteration     integral    sigma             integral         sigma     chi-sq/it

   1        -1.0092e-13   3.48e-15          -1.0092e-13      3.48e-15    0.00e+00
   2        -9.6211e-14   1.99e-15          -9.7370e-14      1.73e-15    1.37e+00
   3        -1.0010e-13   1.73e-15          -9.8736e-14      1.22e-15    1.31e+00
rNLOg = (-9.8736330e-14 +- 1.2228735e-15) pb

**************************************************
* real light quark emission - dipole - (onshell) *
**************************************************
The limits of integration are:

xl[0]=0.000000    xu[0]=1.000000
xl[1]=0.000000    xu[1]=1.000000
xl[2]=0.000000    xu[2]=1.000000
xl[3]=0.000000    xu[3]=1.000000
xl[4]=0.000000    xu[4]=1.000000
xl[5]=0.000000    xu[5]=1.000000

num_dim=6, calls=5000, it_num=1, max_it_num=5 verb=0, alph=1.50,
mode=0, bins=50, boxes=1

       single.......iteration                   accumulated......results   
iteration     integral    sigma             integral         sigma     chi-sq/it

   1        2.4374e-13   1.77e-14          2.4374e-13      1.77e-14    0.00e+00
   2        2.5210e-13   5.74e-15          2.5131e-13      5.46e-15    2.02e-01
   3        2.4348e-13   3.19e-15          2.4547e-13      2.75e-15    8.67e-01
   4        2.3931e-13   2.62e-15          2.4224e-13      1.90e-15    1.45e+00
   5        2.4153e-13   2.40e-15          2.4197e-13      1.49e-15    1.10e+00

num_dim=6, calls=50000, it_num=1, max_it_num=5 verb=0, alph=1.50,
mode=0, bins=50, boxes=1

       single.......iteration                   accumulated......results   
iteration     integral    sigma             integral         sigma     chi-sq/it

   1        2.4151e-13   7.54e-16          2.4151e-13      7.54e-16    0.00e+00
   2        2.4276e-13   7.75e-16          2.4212e-13      5.41e-16    1.34e+00
   3        2.4415e-13   8.65e-16          2.4269e-13      4.58e-16    2.66e+00
   4        2.4270e-13   8.28e-16          2.4269e-13      4.01e-16    1.77e+00
   5        2.4281e-13   8.32e-16          2.4272e-13      3.61e-16    1.33e+00
rNLOq = (2.4271579e-13 +- 3.6126126e-16) pb
NLO = (2.2754744e-11 +- 1.0558963e-14) pb
#chisq/dof = 4.24765e-07
#status = success
#chisq/dof = 2.00576e-08
#status = success
#chisq/dof = 7.96446e-10
#status = success
#chisq/dof = 4.74719e-09
#status = success
#chisq/dof = 5.85437e-10
#status = success
#chisq/dof = 1.2544e-10
#status = success
#chisq/dof = 2.38995e-09
#status = success
#chisq/dof = 1.87415e-10
#status = success

*******************************************************
* threshold resummation (unimproved nnll) - expansion *
*******************************************************
The limits of integration are:

xl[0]=0.000000    xu[0]=1.000000
xl[1]=0.000000    xu[1]=1.000000
xl[2]=0.000000    xu[2]=1.000000

num_dim=3, calls=7000, it_num=1, max_it_num=5 verb=0, alph=1.50,
mode=0, bins=50, boxes=1

       single.......iteration                   accumulated......results   
iteration     integral    sigma             integral         sigma     chi-sq/it

   1        2.6968e-12   2.13e-12          2.6968e-12      2.13e-12    0.00e+00
   2        -7.2083e-13   5.47e-13          -5.1046e-13      5.30e-13    2.41e+00
   3        6.1114e-13   4.53e-13          1.3740e-13      3.44e-13    2.50e+00
   4        -7.9741e-13   4.47e-13          -2.1021e-13      2.73e-13    2.58e+00
   5        -4.8175e-13   4.46e-13          -2.8420e-13      2.33e-13    2.00e+00

num_dim=3, calls=35000, it_num=1, max_it_num=5 verb=0, alph=1.50,
mode=0, bins=50, boxes=1

       single.......iteration                   accumulated......results   
iteration     integral    sigma             integral         sigma     chi-sq/it

   1        2.1699e-14   1.99e-13          2.1699e-14      1.99e-13    0.00e+00
   2        -3.2556e-13   1.98e-13          -1.5246e-13      1.40e-13    1.53e+00
   3        -3.0665e-13   1.99e-13          -2.0385e-13      1.15e-13    9.65e-01
   4        -3.3877e-13   1.98e-13          -2.3764e-13      9.93e-14    7.59e-01
   5        1.4648e-13   1.98e-13          -1.6037e-13      8.87e-14    1.32e+00
   5        -1.1475e-13   1.98e-13          -1.5276e-13      8.10e-14    1.07e+00
   5        -2.2535e-13   2.00e-13          -1.6303e-13      7.50e-14    9.08e-01
   5        -4.4424e-14   1.99e-13          -1.4823e-13      7.02e-14    8.23e-01
   5        6.3253e-14   1.99e-13          -1.2487e-13      6.62e-14    8.45e-01
   5        -1.0912e-14   2.00e-13          -1.1360e-13      6.29e-14    7.84e-01
   5        9.2108e-15   1.99e-13          -1.0244e-13      5.99e-14    7.40e-01
   5        -7.1163e-14   2.00e-13          -9.9852e-14      5.74e-14    6.75e-01
   5        -2.0159e-13   2.01e-13          -1.0754e-13      5.52e-14    6.38e-01
   5        -2.6610e-13   2.01e-13          -1.1865e-13      5.32e-14    6.34e-01
   5        -6.8043e-14   2.01e-13          -1.1534e-13      5.14e-14    5.93e-01
   5        -1.6703e-13   2.01e-13          -1.1853e-13      4.98e-14    5.57e-01
   5        1.2328e-13   2.00e-13          -1.0446e-13      4.84e-14    6.08e-01
   5        3.4997e-13   2.00e-13          -7.9415e-14      4.70e-14    8.59e-01
   5        -4.8010e-13   2.01e-13          -1.0024e-13      4.58e-14    1.02e+00
   5        -1.6995e-13   2.03e-13          -1.0361e-13      4.47e-14    9.73e-01
   5        3.0757e-14   2.03e-13          -9.7387e-14      4.36e-14    9.45e-01
   5        4.9540e-14   2.03e-13          -9.0932e-14      4.26e-14    9.24e-01
   5        -1.5249e-13   2.03e-13          -9.3524e-14      4.17e-14    8.86e-01
   5        -8.6605e-14   2.05e-13          -9.3249e-14      4.09e-14    8.47e-01
   5        6.6794e-15   2.05e-13          -8.9415e-14      4.01e-14    8.22e-01
   5        -1.1881e-13   2.05e-13          -9.0502e-14      3.94e-14    7.90e-01
   5        -1.7587e-13   2.05e-13          -9.3538e-14      3.86e-14    7.66e-01
   5        -2.9319e-13   2.07e-13          -1.0028e-13      3.80e-14    7.71e-01
   5        -1.2865e-13   2.06e-13          -1.0122e-13      3.74e-14    7.44e-01
   5        1.3879e-13   2.07e-13          -9.3678e-14      3.68e-14    7.63e-01
   5        -3.4948e-13   2.07e-13          -1.0147e-13      3.62e-14    7.87e-01
   5        -4.0490e-13   2.09e-13          -1.1035e-13      3.57e-14    8.28e-01
   5        -9.2240e-14   2.08e-13          -1.0983e-13      3.52e-14    8.02e-01
   5        -1.4264e-13   2.07e-13          -1.1075e-13      3.47e-14    7.78e-01
   5        -1.3226e-13   2.09e-13          -1.1132e-13      3.42e-14    7.56e-01
   5        -4.5091e-13   2.07e-13          -1.2037e-13      3.37e-14    8.09e-01
   5        1.6255e-13   2.11e-13          -1.1329e-13      3.33e-14    8.36e-01
   5        1.9921e-13   2.08e-13          -1.0551e-13      3.29e-14    8.72e-01
   5        -2.0339e-13   2.10e-13          -1.0784e-13      3.25e-14    8.55e-01
   5        2.8273e-13   2.11e-13          -9.8780e-14      3.21e-14    9.19e-01
   5        -1.8613e-14   2.11e-13          -9.6968e-14      3.18e-14    8.99e-01
   5        3.2030e-14   2.11e-13          -9.4104e-14      3.14e-14    8.86e-01
   5        5.6670e-14   2.09e-13          -9.0770e-14      3.11e-14    8.77e-01
   5        4.0535e-13   2.11e-13          -8.0207e-14      3.07e-14    9.83e-01
   5        1.3824e-13   2.11e-13          -7.5679e-14      3.04e-14    9.85e-01
   5        1.5236e-13   2.11e-13          -7.1029e-14      3.01e-14    9.89e-01
   5        -3.4379e-13   2.13e-13          -7.6357e-14      2.98e-14    1.00e+00
   5        -3.4966e-14   2.13e-13          -7.5563e-14      2.95e-14    9.81e-01
   5        1.5642e-13   2.12e-13          -7.1172e-14      2.92e-14    9.85e-01
   5        2.6253e-13   2.13e-13          -6.5012e-14      2.90e-14    1.01e+00
   5        -7.8893e-15   2.12e-13          -6.3964e-14      2.87e-14    9.96e-01
   5        -1.7000e-13   2.13e-13          -6.5852e-14      2.84e-14    9.81e-01
   5        2.2506e-14   2.14e-13          -6.4316e-14      2.82e-14    9.65e-01
   5        8.0066e-14   2.13e-13          -6.1823e-14      2.79e-14    9.55e-01
   5        5.8720e-14   2.14e-13          -5.9801e-14      2.77e-14    9.44e-01
aNNLO+NNLL = (2.2694943e-11 +- 2.9646359e-14) pb

Results:
LO = (1.8267964e-11 +- 9.8236735e-15) pb
NLO = (2.2754744e-11 +- 1.0558963e-14) pb
aNNLO+NNLL = (2.2694943e-11 +- 2.9646359e-14) pb
Thanks for using LHAPDF 6.2.3. Please make sure to cite the paper:
  Eur.Phys.J. C75 (2015) 3, 132  (http://arxiv.org/abs/1412.7420)
 ====================================================
   FF 2.0, a package to evaluate one-loop integrals
 written by G. J. van Oldenborgh, NIKHEF-H, Amsterdam
 ====================================================
 for the algorithms used see preprint NIKHEF-H 89/17,
 'New Algorithms for One-loop Integrals', by G.J. van
 Oldenborgh and J.A.M. Vermaseren, published in 
 Zeitschrift fuer Physik C46(1990)425.
 ====================================================
 
total number of errors and warnings
===================================
fferr: no errors
 
