
  Welcome to Resummino git-latest
  Copyright 2008-2010 Jonathan Debove.
  Copyright 2011-2014 David R. Lamprea.
  Copyright 2011-2016 Marcel Rothering.

  Licensed under the EUPL 1.1 or later.
  See http://www.resummino.org/ for more information.

  If using Resummino for slepton pair production, please cite.
  - G. Bozzi, B. Fuks, M. Klasen, PRD 74, 015001 (2006); NPB 777, 157 (2007); NPB 794, 46 (2007).
  - B. Fuks, M. Klasen, D. R. Lamprea, M. Rothering, EPJC 73, 2480 (2013).

  For gaugino pair production, please cite:
  - J. Debove, B. Fuks, M. Klasen, PLB 688, 208 (2010); NPB 842, 51 (2011); NPB 849, 64 (2011).
  - B. Fuks, M. Klasen, D. R. Lamprea, M. Rothering, JHEP 1210, 081 (2012); EPJC 73, 2480 (2013).

  For associated gaugino gluino production, please cite:
  - B. Fuks, M. Klasen, M. Rothering, JHEP 07:053, (2016).
  - B. Fuks, M. Klasen, D. R. Lamprea, M. Rothering, EPJC 73, 2480 (2013).

LHAPDF 6.2.3 loading /pool/condor/dir_24260/resummino-releases/lhapdf-prefix/share/LHAPDF/PDF4LHC21_40/PDF4LHC21_40_0000.dat
PDF4LHC21_40 PDF set, member #0, version 1
 alpha_s(M_Z^2) = 0.1180 	 for LO PDF set 
 alpha_s(600.000^2) = 0.0920 	 for LO PDF set 

********************
* LO cross section *
********************
The limits of integration are:

xl[0]=0.000000    xu[0]=1.000000
xl[1]=0.000000    xu[1]=1.000000
xl[2]=0.000000    xu[2]=1.000000

num_dim=3, calls=2000, it_num=1, max_it_num=5 verb=0, alph=1.50,
mode=0, bins=50, boxes=1

       single.......iteration                   accumulated......results   
iteration     integral    sigma             integral         sigma     chi-sq/it

   1        6.0348e-13   1.86e-14          6.0348e-13      1.86e-14    0.00e+00
   2        6.3575e-13   6.68e-15          6.3207e-13      6.28e-15    2.67e+00
   3        6.4382e-13   3.67e-15          6.4083e-13      3.17e-15    2.64e+00
   4        6.3629e-13   3.45e-15          6.3875e-13      2.34e-15    2.07e+00
   5        6.3375e-13   3.60e-15          6.3727e-13      1.96e-15    1.89e+00

num_dim=3, calls=20000, it_num=1, max_it_num=5 verb=0, alph=1.50,
mode=0, bins=50, boxes=1

       single.......iteration                   accumulated......results   
iteration     integral    sigma             integral         sigma     chi-sq/it

   1        6.3853e-13   1.10e-15          6.3853e-13      1.10e-15    0.00e+00
   2        6.3853e-13   1.07e-15          6.3853e-13      7.68e-16    1.41e-05
   3        6.4018e-13   1.06e-15          6.3909e-13      6.23e-16    7.88e-01
   4        6.3996e-13   1.12e-15          6.3930e-13      5.45e-16    6.75e-01
   5        6.3756e-13   1.13e-15          6.3897e-13      4.90e-16    9.88e-01
LO = (6.3896744e-13 +- 4.9034270e-16) pb
LHAPDF 6.2.3 loading /pool/condor/dir_24260/resummino-releases/lhapdf-prefix/share/LHAPDF/PDF4LHC21_40/PDF4LHC21_40_0000.dat
PDF4LHC21_40 PDF set, member #0, version 1
 alpha_s(M_Z^2) = 0.1180 	 for NLO PDF set 
 alpha_s(600.000^2) = 0.0920 	 for NLO PDF set 

********************
* LO cross section *
********************
The limits of integration are:

xl[0]=0.000000    xu[0]=1.000000
xl[1]=0.000000    xu[1]=1.000000
xl[2]=0.000000    xu[2]=1.000000

num_dim=3, calls=2000, it_num=1, max_it_num=5 verb=0, alph=1.50,
mode=0, bins=50, boxes=1

       single.......iteration                   accumulated......results   
iteration     integral    sigma             integral         sigma     chi-sq/it

   1        6.0348e-13   1.86e-14          6.0348e-13      1.86e-14    0.00e+00
   2        6.3575e-13   6.68e-15          6.3207e-13      6.28e-15    2.67e+00
   3        6.4382e-13   3.67e-15          6.4083e-13      3.17e-15    2.64e+00
   4        6.3629e-13   3.45e-15          6.3875e-13      2.34e-15    2.07e+00
   5        6.3375e-13   3.60e-15          6.3727e-13      1.96e-15    1.89e+00

num_dim=3, calls=20000, it_num=1, max_it_num=5 verb=0, alph=1.50,
mode=0, bins=50, boxes=1

       single.......iteration                   accumulated......results   
iteration     integral    sigma             integral         sigma     chi-sq/it

   1        6.3853e-13   1.10e-15          6.3853e-13      1.10e-15    0.00e+00
   2        6.3853e-13   1.07e-15          6.3853e-13      7.68e-16    1.41e-05
   3        6.4018e-13   1.06e-15          6.3909e-13      6.23e-16    7.88e-01
   4        6.3996e-13   1.12e-15          6.3930e-13      5.45e-16    6.75e-01
   5        6.3756e-13   1.13e-15          6.3897e-13      4.90e-16    9.88e-01
   5        6.3777e-13   1.13e-15          6.3878e-13      4.50e-16    9.79e-01
   5        6.3939e-13   1.13e-15          6.3886e-13      4.18e-16    8.58e-01
   5        6.3734e-13   1.15e-15          6.3868e-13      3.92e-16    9.58e-01
   5        6.3762e-13   1.17e-15          6.3858e-13      3.72e-16    9.30e-01
   5        6.3724e-13   1.20e-15          6.3846e-13      3.55e-16    9.52e-01
   5        6.3832e-13   1.26e-15          6.3845e-13      3.42e-16    8.58e-01
   5        6.3831e-13   1.28e-15          6.3844e-13      3.30e-16    7.81e-01
   5        6.3974e-13   1.34e-15          6.3851e-13      3.21e-16    7.90e-01
   5        6.3778e-13   1.40e-15          6.3848e-13      3.13e-16    7.49e-01
   5        6.3869e-13   1.48e-15          6.3849e-13      3.06e-16    6.97e-01
   5        6.3693e-13   1.53e-15          6.3843e-13      3.00e-16    7.18e-01
   5        6.3701e-13   1.55e-15          6.3838e-13      2.95e-16    7.23e-01
   5        6.3941e-13   1.58e-15          6.3841e-13      2.90e-16    7.05e-01
   5        6.4022e-13   1.70e-15          6.3846e-13      2.85e-16    7.27e-01
   5        6.4092e-13   1.65e-15          6.3853e-13      2.81e-16    8.03e-01
   5        6.3694e-13   1.69e-15          6.3849e-13      2.77e-16    8.06e-01
   5        6.3938e-13   1.73e-15          6.3851e-13      2.74e-16    7.80e-01
   5        6.3932e-13   1.79e-15          6.3853e-13      2.71e-16    7.53e-01
   5        6.3907e-13   1.92e-15          6.3854e-13      2.68e-16    7.24e-01
   5        6.4077e-13   1.90e-15          6.3858e-13      2.66e-16    7.50e-01
   5        6.3734e-13   1.94e-15          6.3856e-13      2.63e-16    7.36e-01
   5        6.4357e-13   2.03e-15          6.3864e-13      2.61e-16    9.39e-01
   5        6.3867e-13   1.94e-15          6.3865e-13      2.59e-16    9.04e-01
   5        6.3829e-13   1.98e-15          6.3864e-13      2.56e-16    8.73e-01
   5        6.3954e-13   2.04e-15          6.3865e-13      2.54e-16    8.49e-01
   5        6.3762e-13   2.04e-15          6.3864e-13      2.52e-16    8.29e-01
   5        6.3831e-13   2.13e-15          6.3863e-13      2.51e-16    8.03e-01
   5        6.4115e-13   2.05e-15          6.3867e-13      2.49e-16    8.25e-01
   5        6.3695e-13   2.09e-15          6.3865e-13      2.47e-16    8.20e-01
   5        6.3469e-13   2.06e-15          6.3859e-13      2.45e-16    9.02e-01
   5        6.4066e-13   2.11e-15          6.3862e-13      2.44e-16    9.04e-01
   5        6.3335e-13   2.10e-15          6.3855e-13      2.42e-16    1.05e+00
   5        6.3626e-13   2.15e-15          6.3852e-13      2.41e-16    1.05e+00
   5        6.4058e-13   2.13e-15          6.3855e-13      2.39e-16    1.05e+00
   5        6.3844e-13   2.17e-15          6.3854e-13      2.38e-16    1.02e+00
   5        6.3938e-13   2.21e-15          6.3855e-13      2.36e-16    1.00e+00
   5        6.3789e-13   2.19e-15          6.3855e-13      2.35e-16    9.79e-01
   5        6.4327e-13   2.23e-15          6.3860e-13      2.34e-16    1.06e+00
   5        6.4036e-13   2.23e-15          6.3862e-13      2.32e-16    1.05e+00
   5        6.3628e-13   2.30e-15          6.3859e-13      2.31e-16    1.05e+00
   5        6.3822e-13   2.35e-15          6.3859e-13      2.30e-16    1.03e+00
   5        6.4212e-13   2.44e-15          6.3862e-13      2.29e-16    1.05e+00
   5        6.3351e-13   2.40e-15          6.3857e-13      2.28e-16    1.12e+00
   5        6.4381e-13   2.47e-15          6.3862e-13      2.27e-16    1.19e+00
   5        6.4256e-13   2.42e-15          6.3865e-13      2.26e-16    1.22e+00
   5        6.3823e-13   2.42e-15          6.3865e-13      2.25e-16    1.20e+00
   5        6.3388e-13   2.41e-15          6.3861e-13      2.24e-16    1.25e+00
   5        6.3884e-13   2.48e-15          6.3861e-13      2.23e-16    1.23e+00
   5        6.3929e-13   2.57e-15          6.3861e-13      2.22e-16    1.20e+00
   5        6.4273e-13   2.50e-15          6.3865e-13      2.21e-16    1.23e+00
LO = (6.3864723e-13 +- 2.2143615e-16) pb

*******************************************
* virtual corrections + integrated dipole *
*******************************************
The limits of integration are:

xl[0]=0.000000    xu[0]=1.000000
xl[1]=0.000000    xu[1]=1.000000
xl[2]=0.000000    xu[2]=1.000000

num_dim=3, calls=240, it_num=1, max_it_num=5 verb=0, alph=1.50,
mode=0, bins=50, boxes=1

       single.......iteration                   accumulated......results   
iteration     integral    sigma             integral         sigma     chi-sq/it

   1        7.4314e-14   6.73e-15          7.4314e-14      6.73e-15    0.00e+00
   2        8.1604e-14   3.87e-15          7.9790e-14      3.36e-15    8.82e-01
   3        8.8469e-14   2.33e-15          8.5646e-14      1.91e-15    2.70e+00
   4        8.8616e-14   1.62e-15          8.7374e-14      1.24e-15    2.27e+00
   5        9.1495e-14   2.02e-15          8.8502e-14      1.05e-15    2.46e+00

num_dim=3, calls=1200, it_num=1, max_it_num=3 verb=0, alph=1.50,
mode=0, bins=50, boxes=1

       single.......iteration                   accumulated......results   
iteration     integral    sigma             integral         sigma     chi-sq/it

   1        8.5563e-14   8.63e-16          8.5563e-14      8.63e-16    0.00e+00
   2        8.7702e-14   6.83e-16          8.6878e-14      5.36e-16    3.78e+00
   3        8.7022e-14   6.35e-16          8.6938e-14      4.09e-16    1.90e+00
   3        8.8926e-14   6.55e-16          8.7497e-14      3.47e-16    3.48e+00
   3        8.6578e-14   6.61e-16          8.7298e-14      3.07e-16    2.99e+00
   3        8.7607e-14   6.51e-16          8.7354e-14      2.78e-16    2.43e+00
   3        8.6318e-14   6.96e-16          8.7212e-14      2.58e-16    2.34e+00
   3        8.8230e-14   6.52e-16          8.7350e-14      2.40e-16    2.31e+00
   3        8.8180e-14   6.47e-16          8.7450e-14      2.25e-16    2.20e+00
   3        8.7356e-14   6.39e-16          8.7440e-14      2.12e-16    1.96e+00
   3        8.7245e-14   6.69e-16          8.7422e-14      2.02e-16    1.77e+00
   3        8.7600e-14   6.79e-16          8.7437e-14      1.94e-16    1.61e+00
   3        8.8102e-14   6.68e-16          8.7488e-14      1.86e-16    1.56e+00
   3        8.7353e-14   6.91e-16          8.7479e-14      1.80e-16    1.44e+00
vNLO = (8.7479107e-14 +- 1.7977986e-16) pb

*****************************
* collinear remainder (P+K) *
*****************************
The limits of integration are:

xl[0]=0.000000    xu[0]=1.000000
xl[1]=0.000000    xu[1]=1.000000
xl[2]=0.000000    xu[2]=1.000000
xl[3]=0.000000    xu[3]=1.000000

num_dim=4, calls=2500, it_num=1, max_it_num=5 verb=0, alph=1.50,
mode=0, bins=50, boxes=1

       single.......iteration                   accumulated......results   
iteration     integral    sigma             integral         sigma     chi-sq/it

   1        8.8247e-14   5.67e-15          8.8247e-14      5.67e-15    0.00e+00
   2        8.8713e-14   2.24e-15          8.8650e-14      2.08e-15    5.82e-03
   3        8.9214e-14   1.86e-15          8.8964e-14      1.39e-15    2.33e-02
   4        8.9648e-14   1.81e-15          8.9218e-14      1.10e-15    4.56e-02
   5        9.1575e-14   1.78e-15          8.9869e-14      9.35e-16    3.52e-01

num_dim=4, calls=25000, it_num=1, max_it_num=3 verb=0, alph=1.50,
mode=0, bins=50, boxes=1

       single.......iteration                   accumulated......results   
iteration     integral    sigma             integral         sigma     chi-sq/it

   1        9.1300e-14   5.56e-16          9.1300e-14      5.56e-16    0.00e+00
   2        9.1306e-14   5.52e-16          9.1303e-14      3.92e-16    6.56e-05
   3        8.9856e-14   5.58e-16          9.0825e-14      3.20e-16    2.26e+00
   3        9.0629e-14   5.57e-16          9.0776e-14      2.78e-16    1.54e+00
   3        8.9648e-14   5.61e-16          9.0554e-14      2.49e-16    1.96e+00
   3        8.9552e-14   5.58e-16          9.0388e-14      2.27e-16    2.11e+00
   3        8.9874e-14   5.60e-16          9.0315e-14      2.11e-16    1.88e+00
   3        9.0372e-14   5.59e-16          9.0322e-14      1.97e-16    1.61e+00
   3        9.0369e-14   5.67e-16          9.0327e-14      1.86e-16    1.41e+00
P+K = (9.0327190e-14 +- 1.8616111e-16) pb

********************************
* real gluon emission - dipole *
********************************
The limits of integration are:

xl[0]=0.000000    xu[0]=1.000000
xl[1]=0.000000    xu[1]=1.000000
xl[2]=0.000000    xu[2]=1.000000
xl[3]=0.000000    xu[3]=1.000000
xl[4]=0.000000    xu[4]=1.000000
xl[5]=0.000000    xu[5]=1.000000

num_dim=6, calls=250, it_num=1, max_it_num=5 verb=0, alph=1.50,
mode=0, bins=50, boxes=1

       single.......iteration                   accumulated......results   
iteration     integral    sigma             integral         sigma     chi-sq/it

   1        -1.3141e-15   4.80e-16          -1.3141e-15      4.80e-16    0.00e+00
   2        -1.4764e-15   3.92e-16          -1.4115e-15      3.04e-16    6.86e-02
   3        -8.2812e-16   1.03e-16          -8.8825e-16      9.75e-17    1.69e+00
   4        -1.0448e-15   1.06e-16          -9.6012e-16      7.17e-17    1.52e+00
   5        -1.2557e-15   1.12e-16          -1.0461e-15      6.04e-17    2.38e+00

num_dim=6, calls=2500, it_num=1, max_it_num=3 verb=0, alph=1.50,
mode=0, bins=50, boxes=1

       single.......iteration                   accumulated......results   
iteration     integral    sigma             integral         sigma     chi-sq/it

   1        -1.1621e-15   2.68e-17          -1.1621e-15      2.68e-17    0.00e+00
   2        -1.1217e-15   1.61e-17          -1.1324e-15      1.38e-17    1.66e+00
   3        -1.1275e-15   1.37e-17          -1.1299e-15      9.72e-18    8.64e-01
rNLOg = (-1.1299108e-15 +- 9.7205663e-18) pb

**************************************************
* real light quark emission - dipole - (onshell) *
**************************************************
The limits of integration are:

xl[0]=0.000000    xu[0]=1.000000
xl[1]=0.000000    xu[1]=1.000000
xl[2]=0.000000    xu[2]=1.000000
xl[3]=0.000000    xu[3]=1.000000
xl[4]=0.000000    xu[4]=1.000000
xl[5]=0.000000    xu[5]=1.000000

num_dim=6, calls=5000, it_num=1, max_it_num=5 verb=0, alph=1.50,
mode=0, bins=50, boxes=1

       single.......iteration                   accumulated......results   
iteration     integral    sigma             integral         sigma     chi-sq/it

   1        2.4162e-15   1.61e-16          2.4162e-15      1.61e-16    0.00e+00
   2        2.4831e-15   4.79e-17          2.4777e-15      4.59e-17    1.59e-01
   3        2.4031e-15   2.71e-17          2.4224e-15      2.33e-17    1.06e+00
   4        2.3836e-15   2.09e-17          2.4008e-15      1.56e-17    1.22e+00
   5        2.4028e-15   1.79e-17          2.4017e-15      1.18e-17    9.13e-01

num_dim=6, calls=50000, it_num=1, max_it_num=5 verb=0, alph=1.50,
mode=0, bins=50, boxes=1

       single.......iteration                   accumulated......results   
iteration     integral    sigma             integral         sigma     chi-sq/it

   1        2.3988e-15   5.52e-18          2.3988e-15      5.52e-18    0.00e+00
   2        2.4153e-15   6.96e-18          2.4052e-15      4.32e-18    3.45e+00
   3        2.4204e-15   7.14e-18          2.4093e-15      3.70e-18    3.40e+00
   4        2.4099e-15   6.44e-18          2.4094e-15      3.21e-18    2.27e+00
   5        2.4142e-15   7.06e-18          2.4102e-15      2.92e-18    1.80e+00
   5        2.4062e-15   6.12e-18          2.4095e-15      2.63e-18    1.51e+00
   5        2.4009e-15   5.36e-18          2.4078e-15      2.36e-18    1.60e+00
   5        2.4132e-15   5.30e-18          2.4087e-15      2.16e-18    1.50e+00
rNLOq = (2.4087095e-15 +- 2.1600035e-18) pb
NLO = (8.1773233e-13 +- 3.4074900e-16) pb
#chisq/dof = 1.82573e-09
#status = success
#chisq/dof = 1.23897e-09
#status = success
#chisq/dof = 5.08871e-10
#status = success
#chisq/dof = 6.51305e-10
#status = success
#chisq/dof = 1.36689e-10
#status = success
#chisq/dof = 2.99531e-12
#status = success
#chisq/dof = 2.02589e-10
#status = success
#chisq/dof = 5.89284e-11
#status = success

*******************************************************
* threshold resummation (unimproved nnll) - expansion *
*******************************************************
The limits of integration are:

xl[0]=0.000000    xu[0]=1.000000
xl[1]=0.000000    xu[1]=1.000000
xl[2]=0.000000    xu[2]=1.000000

num_dim=3, calls=7000, it_num=1, max_it_num=5 verb=0, alph=1.50,
mode=0, bins=50, boxes=1

       single.......iteration                   accumulated......results   
iteration     integral    sigma             integral         sigma     chi-sq/it

   1        6.8246e-14   1.80e-13          6.8246e-14      1.80e-13    0.00e+00
   2        -2.4447e-14   3.94e-14          -2.0201e-14      3.85e-14    2.53e-01
   3        5.1449e-15   3.31e-14          -5.6244e-15      2.51e-14    2.51e-01
   4        -3.9721e-14   3.22e-14          -1.8487e-14      1.98e-14    4.00e-01
   5        -4.9183e-14   3.27e-14          -2.6717e-14      1.69e-14    4.61e-01

num_dim=3, calls=35000, it_num=1, max_it_num=5 verb=0, alph=1.50,
mode=0, bins=50, boxes=1

       single.......iteration                   accumulated......results   
iteration     integral    sigma             integral         sigma     chi-sq/it

   1        2.6931e-14   1.45e-14          2.6931e-14      1.45e-14    0.00e+00
   2        -1.4767e-14   1.45e-14          6.0439e-15      1.03e-14    4.12e+00
   3        3.1275e-14   1.45e-14          1.4439e-14      8.39e-15    3.07e+00
   4        -8.7498e-15   1.45e-14          8.6165e-15      7.26e-15    2.68e+00
   5        1.2194e-14   1.44e-14          9.3391e-15      6.48e-15    2.03e+00
   5        1.2628e-14   1.46e-14          9.8839e-15      5.92e-15    1.63e+00
   5        -1.6680e-14   1.46e-14          6.1128e-15      5.49e-15    1.83e+00
   5        4.7721e-14   1.46e-14          1.1288e-14      5.13e-15    2.59e+00
   5        -2.1237e-14   1.46e-14          7.7129e-15      4.84e-15    2.82e+00
   5        1.6086e-14   1.45e-14          8.5511e-15      4.59e-15    2.54e+00
   5        1.1943e-14   1.45e-14          8.8589e-15      4.38e-15    2.29e+00
   5        -5.1798e-15   1.47e-14          7.7066e-15      4.20e-15    2.16e+00
   5        3.5727e-15   1.47e-14          7.3951e-15      4.04e-15    1.99e+00
   5        -1.5072e-14   1.46e-14          5.8020e-15      3.89e-15    2.00e+00
   5        9.6243e-15   1.48e-14          6.0506e-15      3.76e-15    1.86e+00
   5        -3.0761e-15   1.48e-14          5.4969e-15      3.65e-15    1.76e+00
   5        -3.2673e-14   1.48e-14          3.3084e-15      3.54e-15    2.05e+00
   5        3.5851e-14   1.48e-14          5.0651e-15      3.44e-15    2.19e+00
   5        1.3607e-14   1.48e-14          5.5016e-15      3.35e-15    2.09e+00
   5        1.4623e-14   1.49e-14          5.9411e-15      3.27e-15    2.00e+00
   5        -7.5194e-15   1.49e-14          5.3197e-15      3.20e-15    1.94e+00
   5        4.5491e-15   1.50e-14          5.2860e-15      3.13e-15    1.85e+00
   5        -1.3100e-14   1.50e-14          4.5202e-15      3.06e-15    1.83e+00
   5        6.0583e-15   1.50e-14          4.5818e-15      3.00e-15    1.75e+00
   5        1.2483e-15   1.50e-14          4.4540e-15      2.94e-15    1.68e+00
   5        -9.7375e-16   1.51e-14          4.2551e-15      2.89e-15    1.61e+00
   5        2.1718e-14   1.51e-14          4.8713e-15      2.83e-15    1.60e+00
   5        -3.7414e-15   1.51e-14          4.5781e-15      2.79e-15    1.55e+00
   5        -1.7181e-14   1.50e-14          3.8569e-15      2.74e-15    1.57e+00
   5        3.3137e-15   1.52e-14          3.8398e-15      2.70e-15    1.52e+00
   5        5.5487e-15   1.51e-14          3.8928e-15      2.65e-15    1.47e+00
   5        2.8116e-15   1.53e-14          3.8610e-15      2.61e-15    1.42e+00
   5        3.1921e-14   1.53e-14          4.6599e-15      2.58e-15    1.48e+00
   5        -1.0136e-14   1.52e-14          4.2476e-15      2.54e-15    1.46e+00
   5        -1.4293e-14   1.54e-14          3.7560e-15      2.51e-15    1.46e+00
   5        -8.5790e-15   1.54e-14          3.4365e-15      2.47e-15    1.44e+00
   5        -3.4760e-15   1.54e-14          3.2633e-15      2.44e-15    1.40e+00
   5        -2.8379e-15   1.55e-14          3.1149e-15      2.41e-15    1.37e+00
   5        -1.9555e-15   1.54e-14          2.9938e-15      2.38e-15    1.33e+00
   5        -2.6733e-14   1.56e-14          2.3156e-15      2.36e-15    1.39e+00
   5        -9.1674e-16   1.57e-14          2.2441e-15      2.33e-15    1.36e+00
   5        1.7945e-14   1.55e-14          2.5906e-15      2.30e-15    1.35e+00
   5        1.2763e-14   1.55e-14          2.8103e-15      2.28e-15    1.33e+00
   5        6.0073e-15   1.53e-14          2.8795e-15      2.25e-15    1.30e+00
   5        -2.7632e-15   1.54e-14          2.7614e-15      2.23e-15    1.27e+00
   5        2.3443e-14   1.53e-14          3.1912e-15      2.21e-15    1.28e+00
   5        2.5225e-14   1.54e-14          3.6356e-15      2.18e-15    1.30e+00
   5        6.0496e-15   1.55e-14          3.6829e-15      2.16e-15    1.27e+00
   5        -1.1612e-14   1.55e-14          3.3898e-15      2.14e-15    1.26e+00
   5        2.7872e-14   1.55e-14          3.8480e-15      2.12e-15    1.29e+00
   5        -8.3841e-16   1.54e-14          3.7607e-15      2.10e-15    1.26e+00
   5        -4.3382e-15   1.54e-14          3.6131e-15      2.08e-15    1.24e+00
   5        -1.1296e-14   1.55e-14          3.3492e-15      2.06e-15    1.24e+00
   5        -2.1746e-15   1.56e-14          3.2539e-15      2.05e-15    1.22e+00
   5        -1.1596e-14   1.55e-14          3.0004e-15      2.03e-15    1.21e+00
aNNLO+NNLL = (8.2073271e-13 +- 2.0577477e-15) pb

Results:
LO = (6.3896744e-13 +- 4.9034270e-16) pb
NLO = (8.1773233e-13 +- 3.4074900e-16) pb
aNNLO+NNLL = (8.2073271e-13 +- 2.0577477e-15) pb
Thanks for using LHAPDF 6.2.3. Please make sure to cite the paper:
  Eur.Phys.J. C75 (2015) 3, 132  (http://arxiv.org/abs/1412.7420)
 ====================================================
   FF 2.0, a package to evaluate one-loop integrals
 written by G. J. van Oldenborgh, NIKHEF-H, Amsterdam
 ====================================================
 for the algorithms used see preprint NIKHEF-H 89/17,
 'New Algorithms for One-loop Integrals', by G.J. van
 Oldenborgh and J.A.M. Vermaseren, published in 
 Zeitschrift fuer Physik C46(1990)425.
 ====================================================
 
total number of errors and warnings
===================================
fferr: no errors
 
