
  Welcome to Resummino git-latest
  Copyright 2008-2010 Jonathan Debove.
  Copyright 2011-2014 David R. Lamprea.
  Copyright 2011-2016 Marcel Rothering.

  Licensed under the EUPL 1.1 or later.
  See http://www.resummino.org/ for more information.

  If using Resummino for slepton pair production, please cite.
  - G. Bozzi, B. Fuks, M. Klasen, PRD 74, 015001 (2006); NPB 777, 157 (2007); NPB 794, 46 (2007).
  - B. Fuks, M. Klasen, D. R. Lamprea, M. Rothering, EPJC 73, 2480 (2013).

  For gaugino pair production, please cite:
  - J. Debove, B. Fuks, M. Klasen, PLB 688, 208 (2010); NPB 842, 51 (2011); NPB 849, 64 (2011).
  - B. Fuks, M. Klasen, D. R. Lamprea, M. Rothering, JHEP 1210, 081 (2012); EPJC 73, 2480 (2013).

  For associated gaugino gluino production, please cite:
  - B. Fuks, M. Klasen, M. Rothering, JHEP 07:053, (2016).
  - B. Fuks, M. Klasen, D. R. Lamprea, M. Rothering, EPJC 73, 2480 (2013).

LHAPDF 6.2.3 loading /pool/condor/dir_4509/resummino-releases/lhapdf-prefix/share/LHAPDF/PDF4LHC21_40/PDF4LHC21_40_0000.dat
PDF4LHC21_40 PDF set, member #0, version 1
 alpha_s(M_Z^2) = 0.1180 	 for LO PDF set 
 alpha_s(400.000^2) = 0.0965 	 for LO PDF set 

********************
* LO cross section *
********************
The limits of integration are:

xl[0]=0.000000    xu[0]=1.000000
xl[1]=0.000000    xu[1]=1.000000
xl[2]=0.000000    xu[2]=1.000000

num_dim=3, calls=2000, it_num=1, max_it_num=5 verb=0, alph=1.50,
mode=0, bins=50, boxes=1

       single.......iteration                   accumulated......results   
iteration     integral    sigma             integral         sigma     chi-sq/it

   1        1.9185e-11   6.28e-13          1.9185e-11      6.28e-13    0.00e+00
   2        1.9470e-11   2.07e-13          1.9442e-11      1.96e-13    1.85e-01
   3        1.9793e-11   1.19e-13          1.9699e-11      1.02e-13    1.26e+00
   4        1.9499e-11   1.10e-13          1.9607e-11      7.49e-14    1.42e+00
   5        1.9485e-11   1.15e-13          1.9571e-11      6.27e-14    1.26e+00

num_dim=3, calls=20000, it_num=1, max_it_num=5 verb=0, alph=1.50,
mode=0, bins=50, boxes=1

       single.......iteration                   accumulated......results   
iteration     integral    sigma             integral         sigma     chi-sq/it

   1        1.9589e-11   3.50e-14          1.9589e-11      3.50e-14    0.00e+00
   2        1.9596e-11   3.46e-14          1.9593e-11      2.46e-14    2.14e-02
   3        1.9671e-11   3.41e-14          1.9620e-11      2.00e-14    1.73e+00
   4        1.9644e-11   3.56e-14          1.9625e-11      1.74e-14    1.27e+00
   5        1.9561e-11   3.57e-14          1.9613e-11      1.56e-14    1.60e+00
   5        1.9596e-11   3.58e-14          1.9610e-11      1.43e-14    1.32e+00
   5        1.9624e-11   3.62e-14          1.9612e-11      1.33e-14    1.12e+00
   5        1.9577e-11   3.65e-14          1.9608e-11      1.25e-14    1.07e+00
   5        1.9565e-11   3.75e-14          1.9604e-11      1.19e-14    1.09e+00
   5        1.9530e-11   3.84e-14          1.9597e-11      1.13e-14    1.34e+00
   5        1.9589e-11   4.01e-14          1.9597e-11      1.09e-14    1.21e+00
   5        1.9585e-11   4.02e-14          1.9596e-11      1.05e-14    1.11e+00
   5        1.9636e-11   4.22e-14          1.9598e-11      1.02e-14    1.09e+00
   5        1.9589e-11   4.40e-14          1.9598e-11      9.96e-15    1.01e+00
LO = (1.9597663e-11 +- 9.9566038e-15) pb
LHAPDF 6.2.3 loading /pool/condor/dir_4509/resummino-releases/lhapdf-prefix/share/LHAPDF/PDF4LHC21_40/PDF4LHC21_40_0000.dat
PDF4LHC21_40 PDF set, member #0, version 1
 alpha_s(M_Z^2) = 0.1180 	 for NLO PDF set 
 alpha_s(400.000^2) = 0.0965 	 for NLO PDF set 

********************
* LO cross section *
********************
The limits of integration are:

xl[0]=0.000000    xu[0]=1.000000
xl[1]=0.000000    xu[1]=1.000000
xl[2]=0.000000    xu[2]=1.000000

num_dim=3, calls=2000, it_num=1, max_it_num=5 verb=0, alph=1.50,
mode=0, bins=50, boxes=1

       single.......iteration                   accumulated......results   
iteration     integral    sigma             integral         sigma     chi-sq/it

   1        1.9185e-11   6.28e-13          1.9185e-11      6.28e-13    0.00e+00
   2        1.9470e-11   2.07e-13          1.9442e-11      1.96e-13    1.85e-01
   3        1.9793e-11   1.19e-13          1.9699e-11      1.02e-13    1.26e+00
   4        1.9499e-11   1.10e-13          1.9607e-11      7.49e-14    1.42e+00
   5        1.9485e-11   1.15e-13          1.9571e-11      6.27e-14    1.26e+00

num_dim=3, calls=20000, it_num=1, max_it_num=5 verb=0, alph=1.50,
mode=0, bins=50, boxes=1

       single.......iteration                   accumulated......results   
iteration     integral    sigma             integral         sigma     chi-sq/it

   1        1.9589e-11   3.50e-14          1.9589e-11      3.50e-14    0.00e+00
   2        1.9596e-11   3.46e-14          1.9593e-11      2.46e-14    2.14e-02
   3        1.9671e-11   3.41e-14          1.9620e-11      2.00e-14    1.73e+00
   4        1.9644e-11   3.56e-14          1.9625e-11      1.74e-14    1.27e+00
   5        1.9561e-11   3.57e-14          1.9613e-11      1.56e-14    1.60e+00
   5        1.9596e-11   3.58e-14          1.9610e-11      1.43e-14    1.32e+00
   5        1.9624e-11   3.62e-14          1.9612e-11      1.33e-14    1.12e+00
   5        1.9577e-11   3.65e-14          1.9608e-11      1.25e-14    1.07e+00
   5        1.9565e-11   3.75e-14          1.9604e-11      1.19e-14    1.09e+00
   5        1.9530e-11   3.84e-14          1.9597e-11      1.13e-14    1.34e+00
   5        1.9589e-11   4.01e-14          1.9597e-11      1.09e-14    1.21e+00
   5        1.9585e-11   4.02e-14          1.9596e-11      1.05e-14    1.11e+00
   5        1.9636e-11   4.22e-14          1.9598e-11      1.02e-14    1.09e+00
   5        1.9589e-11   4.40e-14          1.9598e-11      9.96e-15    1.01e+00
   5        1.9601e-11   4.67e-14          1.9598e-11      9.74e-15    9.36e-01
   5        1.9562e-11   4.79e-14          1.9596e-11      9.54e-15    9.09e-01
   5        1.9576e-11   4.85e-14          1.9596e-11      9.36e-15    8.63e-01
   5        1.9639e-11   4.98e-14          1.9597e-11      9.20e-15    8.55e-01
   5        1.9673e-11   5.26e-14          1.9599e-11      9.06e-15    9.20e-01
   5        1.9685e-11   5.26e-14          1.9602e-11      8.93e-15    1.01e+00
   5        1.9556e-11   5.34e-14          1.9601e-11      8.81e-15    9.94e-01
   5        1.9621e-11   5.57e-14          1.9601e-11      8.70e-15    9.53e-01
   5        1.9632e-11   5.72e-14          1.9602e-11      8.60e-15    9.22e-01
   5        1.9560e-11   5.77e-14          1.9601e-11      8.51e-15    9.04e-01
   5        1.9702e-11   5.92e-14          1.9603e-11      8.42e-15    9.85e-01
   5        1.9577e-11   5.83e-14          1.9602e-11      8.34e-15    9.54e-01
   5        1.9722e-11   5.95e-14          1.9605e-11      8.26e-15    1.07e+00
   5        1.9634e-11   5.82e-14          1.9605e-11      8.17e-15    1.04e+00
   5        1.9597e-11   6.00e-14          1.9605e-11      8.10e-15    1.00e+00
   5        1.9666e-11   6.35e-14          1.9606e-11      8.03e-15    9.99e-01
   5        1.9552e-11   6.04e-14          1.9605e-11      7.96e-15    9.93e-01
   5        1.9615e-11   6.14e-14          1.9605e-11      7.90e-15    9.62e-01
   5        1.9713e-11   6.16e-14          1.9607e-11      7.83e-15    1.03e+00
   5        1.9535e-11   6.42e-14          1.9606e-11      7.78e-15    1.03e+00
   5        1.9516e-11   6.58e-14          1.9605e-11      7.72e-15    1.06e+00
   5        1.9667e-11   6.59e-14          1.9606e-11      7.67e-15    1.05e+00
   5        1.9463e-11   6.51e-14          1.9604e-11      7.62e-15    1.15e+00
   5        1.9563e-11   6.84e-14          1.9603e-11      7.57e-15    1.13e+00
   5        1.9661e-11   6.49e-14          1.9604e-11      7.52e-15    1.12e+00
   5        1.9629e-11   6.48e-14          1.9604e-11      7.47e-15    1.10e+00
   5        1.9656e-11   6.67e-14          1.9605e-11      7.42e-15    1.08e+00
   5        1.9627e-11   6.77e-14          1.9605e-11      7.38e-15    1.06e+00
   5        1.9693e-11   6.91e-14          1.9606e-11      7.34e-15    1.07e+00
   5        1.9642e-11   7.02e-14          1.9607e-11      7.30e-15    1.05e+00
   5        1.9532e-11   7.05e-14          1.9606e-11      7.26e-15    1.06e+00
   5        1.9598e-11   7.32e-14          1.9606e-11      7.22e-15    1.03e+00
   5        1.9662e-11   7.36e-14          1.9606e-11      7.19e-15    1.02e+00
   5        1.9374e-11   7.09e-14          1.9604e-11      7.15e-15    1.23e+00
   5        1.9732e-11   7.16e-14          1.9605e-11      7.12e-15    1.27e+00
   5        1.9722e-11   7.25e-14          1.9606e-11      7.08e-15    1.29e+00
   5        1.9601e-11   7.02e-14          1.9606e-11      7.05e-15    1.27e+00
   5        1.9497e-11   7.04e-14          1.9605e-11      7.01e-15    1.29e+00
   5        1.9641e-11   7.31e-14          1.9605e-11      6.98e-15    1.27e+00
   5        1.9528e-11   7.54e-14          1.9605e-11      6.95e-15    1.27e+00
   5        1.9765e-11   7.34e-14          1.9606e-11      6.92e-15    1.33e+00
LO = (1.9606200e-11 +- 6.9184694e-15) pb

*******************************************
* virtual corrections + integrated dipole *
*******************************************
The limits of integration are:

xl[0]=0.000000    xu[0]=1.000000
xl[1]=0.000000    xu[1]=1.000000
xl[2]=0.000000    xu[2]=1.000000

num_dim=3, calls=240, it_num=1, max_it_num=5 verb=0, alph=1.50,
mode=0, bins=50, boxes=1

       single.......iteration                   accumulated......results   
iteration     integral    sigma             integral         sigma     chi-sq/it

   1        2.6562e-12   2.67e-13          2.6562e-12      2.67e-13    0.00e+00
   2        2.5493e-12   9.94e-14          2.5623e-12      9.31e-14    1.41e-01
   3        2.7976e-12   7.08e-14          2.7114e-12      5.64e-14    2.09e+00
   4        2.8117e-12   5.97e-14          2.7586e-12      4.10e-14    1.89e+00
   5        2.9411e-12   6.68e-14          2.8085e-12      3.49e-14    2.77e+00

num_dim=3, calls=1200, it_num=1, max_it_num=3 verb=0, alph=1.50,
mode=0, bins=50, boxes=1

       single.......iteration                   accumulated......results   
iteration     integral    sigma             integral         sigma     chi-sq/it

   1        2.7530e-12   2.80e-14          2.7530e-12      2.80e-14    0.00e+00
   2        2.8235e-12   2.42e-14          2.7934e-12      1.83e-14    3.63e+00
   3        2.7998e-12   2.19e-14          2.7960e-12      1.41e-14    1.84e+00
   3        2.8652e-12   2.28e-14          2.8150e-12      1.20e-14    3.45e+00
   3        2.7808e-12   2.21e-14          2.8072e-12      1.05e-14    3.05e+00
   3        2.8130e-12   2.20e-14          2.8083e-12      9.49e-15    2.45e+00
   3        2.7852e-12   2.34e-14          2.8050e-12      8.79e-15    2.18e+00
   3        2.8318e-12   2.18e-14          2.8088e-12      8.16e-15    2.06e+00
   3        2.8159e-12   2.12e-14          2.8097e-12      7.61e-15    1.81e+00
   3        2.8155e-12   2.19e-14          2.8103e-12      7.19e-15    1.62e+00
   3        2.7901e-12   2.23e-14          2.8084e-12      6.84e-15    1.53e+00
   3        2.8070e-12   2.30e-14          2.8083e-12      6.56e-15    1.39e+00
   3        2.8275e-12   2.17e-14          2.8099e-12      6.28e-15    1.34e+00
vNLO = (2.8099034e-12 +- 6.2769581e-15) pb

*****************************
* collinear remainder (P+K) *
*****************************
The limits of integration are:

xl[0]=0.000000    xu[0]=1.000000
xl[1]=0.000000    xu[1]=1.000000
xl[2]=0.000000    xu[2]=1.000000
xl[3]=0.000000    xu[3]=1.000000

num_dim=4, calls=2500, it_num=1, max_it_num=5 verb=0, alph=1.50,
mode=0, bins=50, boxes=1

       single.......iteration                   accumulated......results   
iteration     integral    sigma             integral         sigma     chi-sq/it

   1        4.6854e-13   1.82e-13          4.6854e-13      1.82e-13    0.00e+00
   2        2.8071e-13   9.24e-14          3.1934e-13      8.23e-14    8.50e-01
   3        2.6392e-13   7.73e-14          2.8987e-13      5.63e-14    5.46e-01
   4        1.9721e-13   7.55e-14          2.5673e-13      4.52e-14    6.86e-01
   5        1.5595e-13   7.62e-14          2.3054e-13      3.88e-14    8.38e-01

num_dim=4, calls=25000, it_num=1, max_it_num=3 verb=0, alph=1.50,
mode=0, bins=50, boxes=1

       single.......iteration                   accumulated......results   
iteration     integral    sigma             integral         sigma     chi-sq/it

   1        1.8582e-13   2.40e-14          1.8582e-13      2.40e-14    0.00e+00
   2        1.6832e-13   2.41e-14          1.7709e-13      1.70e-14    2.64e-01
   3        1.9203e-13   2.39e-14          1.8212e-13      1.39e-14    2.62e-01
   3        1.8139e-13   2.40e-14          1.8194e-13      1.20e-14    1.75e-01
   3        2.0486e-13   2.41e-14          1.8649e-13      1.07e-14    3.12e-01
   3        1.9589e-13   2.40e-14          1.8806e-13      9.81e-15    2.75e-01
   3        2.0455e-13   2.40e-14          1.9042e-13      9.08e-15    2.97e-01
   3        1.5481e-13   2.41e-14          1.8598e-13      8.49e-15    5.28e-01
   3        1.6040e-13   2.41e-14          1.8315e-13      8.01e-15    5.88e-01
   3        1.8603e-13   2.41e-14          1.8343e-13      7.60e-15    5.24e-01
   3        1.7518e-13   2.41e-14          1.8269e-13      7.25e-15    4.82e-01
   3        2.0146e-13   2.41e-14          1.8424e-13      6.94e-15    4.89e-01
   3        1.9792e-13   2.41e-14          1.8529e-13      6.67e-15    4.73e-01
   3        1.6611e-13   2.42e-14          1.8394e-13      6.43e-15    4.81e-01
   3        1.7019e-13   2.43e-14          1.8303e-13      6.22e-15    4.68e-01
   3        1.5502e-13   2.45e-14          1.8134e-13      6.03e-15    5.19e-01
P+K = (1.8133702e-13 +- 6.0272848e-15) pb

********************************
* real gluon emission - dipole *
********************************
The limits of integration are:

xl[0]=0.000000    xu[0]=1.000000
xl[1]=0.000000    xu[1]=1.000000
xl[2]=0.000000    xu[2]=1.000000
xl[3]=0.000000    xu[3]=1.000000
xl[4]=0.000000    xu[4]=1.000000
xl[5]=0.000000    xu[5]=1.000000

num_dim=6, calls=250, it_num=1, max_it_num=5 verb=0, alph=1.50,
mode=0, bins=50, boxes=1

       single.......iteration                   accumulated......results   
iteration     integral    sigma             integral         sigma     chi-sq/it

   1        -1.0284e-13   2.51e-14          -1.0284e-13      2.51e-14    0.00e+00
   2        -1.2728e-13   3.37e-14          -1.1154e-13      2.01e-14    3.39e-01
   3        -1.0011e-13   1.57e-14          -1.0444e-13      1.24e-14    2.70e-01
   4        -8.2419e-14   8.14e-15          -8.9065e-14      6.80e-15    9.16e-01
   5        -9.3295e-14   9.80e-15          -9.0441e-14      5.59e-15    7.19e-01

num_dim=6, calls=2500, it_num=1, max_it_num=3 verb=0, alph=1.50,
mode=0, bins=50, boxes=1

       single.......iteration                   accumulated......results   
iteration     integral    sigma             integral         sigma     chi-sq/it

   1        -9.8860e-14   3.80e-15          -9.8860e-14      3.80e-15    0.00e+00
   2        -9.8220e-14   2.36e-15          -9.8398e-14      2.00e-15    2.05e-02
   3        -9.9529e-14   1.64e-15          -9.9075e-14      1.27e-15    1.06e-01
   3        -9.7397e-14   1.64e-15          -9.8447e-14      1.00e-15    2.89e-01
   3        -9.8507e-14   1.50e-15          -9.8465e-14      8.34e-16    2.17e-01
   3        -9.8480e-14   1.33e-15          -9.8470e-14      7.07e-16    1.74e-01
   3        -9.7635e-14   1.25e-15          -9.8268e-14      6.16e-16    2.01e-01
   3        -9.8084e-14   1.25e-15          -9.8232e-14      5.53e-16    1.75e-01
   3        -9.8555e-14   1.23e-15          -9.8286e-14      5.04e-16    1.60e-01
   3        -9.9797e-14   1.28e-15          -9.8488e-14      4.69e-16    2.76e-01
   3        -9.7713e-14   1.26e-15          -9.8394e-14      4.40e-16    2.81e-01
   3        -9.7835e-14   1.29e-15          -9.8336e-14      4.16e-16    2.71e-01
   3        -9.7932e-14   1.24e-15          -9.8295e-14      3.95e-16    2.56e-01
   3        -9.9132e-14   1.26e-15          -9.8370e-14      3.77e-16    2.67e-01
   3        -9.6253e-14   1.20e-15          -9.8180e-14      3.59e-16    4.50e-01
   3        -9.8286e-14   1.36e-15          -9.8187e-14      3.48e-16    4.21e-01
   3        -9.7875e-14   1.50e-15          -9.8171e-14      3.39e-16    3.97e-01
   3        -9.7095e-14   1.36e-15          -9.8108e-14      3.29e-16    4.08e-01
   3        -9.6988e-14   1.31e-15          -9.8042e-14      3.19e-16    4.24e-01
   3        -9.7098e-14   1.30e-15          -9.7988e-14      3.09e-16    4.28e-01
   3        -9.5753e-14   1.26e-15          -9.7860e-14      3.00e-16    5.56e-01
rNLOg = (-9.7860061e-14 +- 3.0048823e-16) pb

**************************************************
* real light quark emission - dipole - (onshell) *
**************************************************
The limits of integration are:

xl[0]=0.000000    xu[0]=1.000000
xl[1]=0.000000    xu[1]=1.000000
xl[2]=0.000000    xu[2]=1.000000
xl[3]=0.000000    xu[3]=1.000000
xl[4]=0.000000    xu[4]=1.000000
xl[5]=0.000000    xu[5]=1.000000

num_dim=6, calls=5000, it_num=1, max_it_num=5 verb=0, alph=1.50,
mode=0, bins=50, boxes=1

       single.......iteration                   accumulated......results   
iteration     integral    sigma             integral         sigma     chi-sq/it

   1        2.4738e-13   1.77e-14          2.4738e-13      1.77e-14    0.00e+00
   2        2.5662e-13   5.92e-15          2.5569e-13      5.61e-15    2.44e-01
   3        2.4742e-13   3.26e-15          2.4951e-13      2.82e-15    9.33e-01
   4        2.4301e-13   2.68e-15          2.4610e-13      1.94e-15    1.55e+00
   5        2.4510e-13   2.45e-15          2.4572e-13      1.52e-15    1.19e+00

num_dim=6, calls=50000, it_num=1, max_it_num=5 verb=0, alph=1.50,
mode=0, bins=50, boxes=1

       single.......iteration                   accumulated......results   
iteration     integral    sigma             integral         sigma     chi-sq/it

   1        2.4522e-13   7.69e-16          2.4522e-13      7.69e-16    0.00e+00
   2        2.4650e-13   7.90e-16          2.4585e-13      5.51e-16    1.35e+00
   3        2.4787e-13   8.80e-16          2.4642e-13      4.67e-16    2.59e+00
   4        2.4644e-13   8.43e-16          2.4642e-13      4.09e-16    1.72e+00
   5        2.4656e-13   8.47e-16          2.4645e-13      3.68e-16    1.30e+00
rNLOq = (2.4644826e-13 +- 3.6800052e-16) pb
NLO = (2.2746028e-11 +- 1.1127412e-14) pb
#chisq/dof = 1.46117e-07
#status = success
#chisq/dof = 2.42548e-08
#status = success
#chisq/dof = 9.62401e-10
#status = success
#chisq/dof = 5.93903e-09
#status = success
#chisq/dof = 6.67943e-10
#status = success
#chisq/dof = 1.12037e-10
#status = success
#chisq/dof = 2.57678e-09
#status = success
#chisq/dof = 1.83007e-10
#status = success

*******************************************************
* threshold resummation (unimproved nnll) - expansion *
*******************************************************
The limits of integration are:

xl[0]=0.000000    xu[0]=1.000000
xl[1]=0.000000    xu[1]=1.000000
xl[2]=0.000000    xu[2]=1.000000

num_dim=3, calls=7000, it_num=1, max_it_num=5 verb=0, alph=1.50,
mode=0, bins=50, boxes=1

       single.......iteration                   accumulated......results   
iteration     integral    sigma             integral         sigma     chi-sq/it

   1        5.7687e-12   3.22e-12          5.7687e-12      3.22e-12    0.00e+00
   2        -6.6216e-13   9.23e-13          -1.7469e-13      8.87e-13    3.68e+00
   3        5.2414e-13   8.19e-13          2.0276e-13      6.02e-13    2.01e+00
   4        5.9082e-13   8.03e-13          3.4225e-13      4.82e-13    1.39e+00
   5        5.1355e-13   8.01e-13          3.8777e-13      4.13e-13    1.05e+00

num_dim=3, calls=35000, it_num=1, max_it_num=5 verb=0, alph=1.50,
mode=0, bins=50, boxes=1

       single.......iteration                   accumulated......results   
iteration     integral    sigma             integral         sigma     chi-sq/it

   1        -4.3942e-13   3.58e-13          -4.3942e-13      3.58e-13    0.00e+00
   2        -1.4436e-13   3.56e-13          -2.9131e-13      2.53e-13    3.41e-01
   3        -8.4672e-13   3.56e-13          -4.7689e-13      2.06e-13    9.79e-01
   4        -4.3592e-13   3.59e-13          -4.6674e-13      1.79e-13    6.56e-01
   5        -3.5300e-13   3.56e-13          -4.4387e-13      1.60e-13    5.12e-01
   5        -5.5050e-13   3.57e-13          -4.6168e-13      1.46e-13    4.25e-01
   5        -4.5839e-13   3.60e-13          -4.6122e-13      1.35e-13    3.54e-01
   5        -1.2027e-12   3.58e-13          -5.5367e-13      1.26e-13    8.40e-01
   5        5.4161e-14   3.59e-13          -4.8674e-13      1.19e-13    1.05e+00
   5        -1.2444e-12   3.60e-13          -5.6170e-13      1.13e-13    1.38e+00
   5        -5.0184e-13   3.58e-13          -5.5625e-13      1.08e-13    1.24e+00
   5        2.9110e-14   3.60e-13          -5.0796e-13      1.03e-13    1.35e+00
   5        -9.1095e-13   3.60e-13          -5.3860e-13      9.94e-14    1.34e+00
   5        3.6429e-13   3.60e-13          -4.7459e-13      9.58e-14    1.68e+00
   5        -4.3907e-13   3.63e-13          -4.7228e-13      9.26e-14    1.56e+00
   5        -4.6638e-13   3.65e-13          -4.7192e-13      8.98e-14    1.46e+00
   5        1.9228e-13   3.61e-13          -4.3317e-13      8.71e-14    1.57e+00
   5        -1.1229e-12   3.61e-13          -4.7111e-13      8.47e-14    1.68e+00
   5        -6.2339e-13   3.64e-13          -4.7892e-13      8.25e-14    1.59e+00
   5        -1.0982e-12   3.67e-13          -5.0876e-13      8.05e-14    1.65e+00
   5        -2.6502e-13   3.67e-13          -4.9757e-13      7.86e-14    1.59e+00
   5        -3.1004e-13   3.67e-13          -4.8935e-13      7.69e-14    1.53e+00
   5        2.0273e-14   3.68e-13          -4.6809e-13      7.52e-14    1.54e+00
   5        -3.5271e-13   3.70e-13          -4.6352e-13      7.37e-14    1.48e+00
   5        -8.1389e-13   3.68e-13          -4.7702e-13      7.23e-14    1.45e+00
   5        -3.2250e-13   3.68e-13          -4.7128e-13      7.09e-14    1.40e+00
   5        -6.0977e-13   3.67e-13          -4.7628e-13      6.96e-14    1.35e+00
   5        -1.9384e-13   3.67e-13          -4.6648e-13      6.84e-14    1.32e+00
   5        8.8151e-14   3.68e-13          -4.4793e-13      6.73e-14    1.36e+00
   5        -4.4170e-13   3.74e-13          -4.4773e-13      6.62e-14    1.31e+00
   5        -4.6004e-13   3.71e-13          -4.4811e-13      6.52e-14    1.27e+00
   5        -3.7452e-13   3.76e-13          -4.4597e-13      6.42e-14    1.23e+00
   5        -5.0518e-13   3.74e-13          -4.4767e-13      6.33e-14    1.19e+00
   5        2.1120e-13   3.73e-13          -4.2918e-13      6.24e-14    1.24e+00
   5        -4.1595e-13   3.75e-13          -4.2883e-13      6.16e-14    1.21e+00
   5        -5.9203e-13   3.77e-13          -4.3308e-13      6.07e-14    1.18e+00
   5        -9.0669e-13   3.76e-13          -4.4513e-13      6.00e-14    1.19e+00
   5        -1.4814e-13   3.79e-13          -4.3788e-13      5.92e-14    1.17e+00
   5        -5.7376e-13   3.76e-13          -4.4117e-13      5.85e-14    1.15e+00
   5        2.6280e-13   3.82e-13          -4.2501e-13      5.78e-14    1.20e+00
   5        -4.2486e-13   3.85e-13          -4.2501e-13      5.72e-14    1.17e+00
   5        -7.7967e-13   3.81e-13          -4.3282e-13      5.66e-14    1.16e+00
   5        -2.4009e-13   3.79e-13          -4.2863e-13      5.59e-14    1.14e+00
   5        -2.1089e-13   3.81e-13          -4.2402e-13      5.54e-14    1.12e+00
   5        -5.1428e-13   3.85e-13          -4.2585e-13      5.48e-14    1.10e+00
   5        -4.8440e-13   3.77e-13          -4.2706e-13      5.42e-14    1.07e+00
   5        -6.3803e-13   3.80e-13          -4.3127e-13      5.37e-14    1.06e+00
   5        -3.7412e-13   3.84e-13          -4.3018e-13      5.32e-14    1.04e+00
   5        -4.8726e-13   3.82e-13          -4.3126e-13      5.26e-14    1.01e+00
   5        -9.5423e-13   3.84e-13          -4.4090e-13      5.22e-14    1.03e+00
   5        -5.4622e-13   3.83e-13          -4.4282e-13      5.17e-14    1.01e+00
   5        2.2831e-13   3.84e-13          -4.3090e-13      5.12e-14    1.05e+00
   5        -1.5659e-14   3.87e-13          -4.2376e-13      5.08e-14    1.05e+00
   5        3.3721e-13   3.87e-13          -4.1086e-13      5.03e-14    1.10e+00
   5        -1.6059e-13   3.84e-13          -4.0663e-13      4.99e-14    1.09e+00
aNNLO+NNLL = (2.2339399e-11 +- 5.1145162e-14) pb

Results:
LO = (1.9597663e-11 +- 9.9566038e-15) pb
NLO = (2.2746028e-11 +- 1.1127412e-14) pb
aNNLO+NNLL = (2.2339399e-11 +- 5.1145162e-14) pb
Thanks for using LHAPDF 6.2.3. Please make sure to cite the paper:
  Eur.Phys.J. C75 (2015) 3, 132  (http://arxiv.org/abs/1412.7420)
 ====================================================
   FF 2.0, a package to evaluate one-loop integrals
 written by G. J. van Oldenborgh, NIKHEF-H, Amsterdam
 ====================================================
 for the algorithms used see preprint NIKHEF-H 89/17,
 'New Algorithms for One-loop Integrals', by G.J. van
 Oldenborgh and J.A.M. Vermaseren, published in 
 Zeitschrift fuer Physik C46(1990)425.
 ====================================================
 
total number of errors and warnings
===================================
fferr: no errors
 
