
  Welcome to Resummino git-latest
  Copyright 2008-2010 Jonathan Debove.
  Copyright 2011-2014 David R. Lamprea.
  Copyright 2011-2016 Marcel Rothering.

  Licensed under the EUPL 1.1 or later.
  See http://www.resummino.org/ for more information.

  If using Resummino for slepton pair production, please cite.
  - G. Bozzi, B. Fuks, M. Klasen, PRD 74, 015001 (2006); NPB 777, 157 (2007); NPB 794, 46 (2007).
  - B. Fuks, M. Klasen, D. R. Lamprea, M. Rothering, EPJC 73, 2480 (2013).

  For gaugino pair production, please cite:
  - J. Debove, B. Fuks, M. Klasen, PLB 688, 208 (2010); NPB 842, 51 (2011); NPB 849, 64 (2011).
  - B. Fuks, M. Klasen, D. R. Lamprea, M. Rothering, JHEP 1210, 081 (2012); EPJC 73, 2480 (2013).

  For associated gaugino gluino production, please cite:
  - B. Fuks, M. Klasen, M. Rothering, JHEP 07:053, (2016).
  - B. Fuks, M. Klasen, D. R. Lamprea, M. Rothering, EPJC 73, 2480 (2013).

LHAPDF 6.2.3 loading /pool/condor/dir_53166/resummino-releases/lhapdf-prefix/share/LHAPDF/PDF4LHC21_40/PDF4LHC21_40_0000.dat
PDF4LHC21_40 PDF set, member #0, version 1
 alpha_s(M_Z^2) = 0.1180 	 for LO PDF set 
 alpha_s(1900.000^2) = 0.0811 	 for LO PDF set 

********************
* LO cross section *
********************
The limits of integration are:

xl[0]=0.000000    xu[0]=1.000000
xl[1]=0.000000    xu[1]=1.000000
xl[2]=0.000000    xu[2]=1.000000

num_dim=3, calls=2000, it_num=1, max_it_num=5 verb=0, alph=1.50,
mode=0, bins=50, boxes=1

       single.......iteration                   accumulated......results   
iteration     integral    sigma             integral         sigma     chi-sq/it

   1        5.9113e-14   1.74e-15          5.9113e-14      1.74e-15    0.00e+00
   2        6.2021e-14   6.29e-16          6.1683e-14      5.91e-16    2.48e+00
   3        6.2859e-14   3.39e-16          6.2568e-14      2.94e-16    2.73e+00
   4        6.2079e-14   3.21e-16          6.2344e-14      2.17e-16    2.24e+00
   5        6.2046e-14   3.31e-16          6.2255e-14      1.81e-16    1.82e+00

num_dim=3, calls=20000, it_num=1, max_it_num=5 verb=0, alph=1.50,
mode=0, bins=50, boxes=1

       single.......iteration                   accumulated......results   
iteration     integral    sigma             integral         sigma     chi-sq/it

   1        6.2308e-14   1.01e-16          6.2308e-14      1.01e-16    0.00e+00
   2        6.2293e-14   9.86e-17          6.2300e-14      7.07e-17    1.23e-02
   3        6.2440e-14   9.73e-17          6.2348e-14      5.72e-17    6.75e-01
   4        6.2430e-14   1.03e-16          6.2368e-14      5.00e-17    6.09e-01
   5        6.2171e-14   1.04e-16          6.2331e-14      4.51e-17    1.18e+00
LO = (6.2330556e-14 +- 4.5093097e-17) pb
LHAPDF 6.2.3 loading /pool/condor/dir_53166/resummino-releases/lhapdf-prefix/share/LHAPDF/PDF4LHC21_40/PDF4LHC21_40_0002.dat
PDF4LHC21_40 PDF set, member #2, version 1
 alpha_s(M_Z^2) = 0.1180 	 for NLO PDF set 
 alpha_s(1900.000^2) = 0.0811 	 for NLO PDF set 

********************
* LO cross section *
********************
The limits of integration are:

xl[0]=0.000000    xu[0]=1.000000
xl[1]=0.000000    xu[1]=1.000000
xl[2]=0.000000    xu[2]=1.000000

num_dim=3, calls=2000, it_num=1, max_it_num=5 verb=0, alph=1.50,
mode=0, bins=50, boxes=1

       single.......iteration                   accumulated......results   
iteration     integral    sigma             integral         sigma     chi-sq/it

   1        5.9772e-14   1.79e-15          5.9772e-14      1.79e-15    0.00e+00
   2        6.2237e-14   7.29e-16          6.1888e-14      6.75e-16    1.62e+00
   3        6.3502e-14   4.64e-16          6.2984e-14      3.83e-16    2.75e+00
   4        6.2648e-14   4.47e-16          6.2842e-14      2.91e-16    1.94e+00
   5        6.2253e-14   4.82e-16          6.2685e-14      2.49e-16    1.73e+00

num_dim=3, calls=20000, it_num=1, max_it_num=5 verb=0, alph=1.50,
mode=0, bins=50, boxes=1

       single.......iteration                   accumulated......results   
iteration     integral    sigma             integral         sigma     chi-sq/it

   1        6.2835e-14   1.41e-16          6.2835e-14      1.41e-16    0.00e+00
   2        6.2938e-14   1.36e-16          6.2888e-14      9.78e-17    2.77e-01
   3        6.3159e-14   1.35e-16          6.2981e-14      7.91e-17    1.46e+00
   4        6.3021e-14   1.41e-16          6.2991e-14      6.91e-17    9.94e-01
   5        6.2730e-14   1.43e-16          6.2941e-14      6.22e-17    1.42e+00
   5        6.2834e-14   1.41e-16          6.2924e-14      5.69e-17    1.23e+00
   5        6.2916e-14   1.46e-16          6.2923e-14      5.30e-17    1.03e+00
   5        6.2710e-14   1.46e-16          6.2898e-14      4.98e-17    1.15e+00
   5        6.2741e-14   1.48e-16          6.2882e-14      4.72e-17    1.13e+00
   5        6.2549e-14   1.52e-16          6.2853e-14      4.51e-17    1.49e+00
   5        6.2883e-14   1.53e-16          6.2855e-14      4.32e-17    1.35e+00
   5        6.2787e-14   1.57e-16          6.2850e-14      4.17e-17    1.24e+00
   5        6.2995e-14   1.64e-16          6.2859e-14      4.04e-17    1.20e+00
   5        6.2781e-14   1.69e-16          6.2855e-14      3.93e-17    1.12e+00
   5        6.2914e-14   1.76e-16          6.2858e-14      3.83e-17    1.05e+00
   5        6.2661e-14   1.80e-16          6.2849e-14      3.75e-17    1.06e+00
   5        6.2776e-14   1.81e-16          6.2846e-14      3.67e-17    9.99e-01
   5        6.2949e-14   1.85e-16          6.2850e-14      3.60e-17    9.58e-01
   5        6.3199e-14   1.94e-16          6.2862e-14      3.54e-17    1.08e+00
   5        6.3283e-14   1.88e-16          6.2876e-14      3.48e-17    1.28e+00
   5        6.2779e-14   1.89e-16          6.2873e-14      3.42e-17    1.22e+00
   5        6.2993e-14   1.94e-16          6.2876e-14      3.37e-17    1.18e+00
   5        6.3010e-14   2.00e-16          6.2880e-14      3.32e-17    1.15e+00
   5        6.2841e-14   2.04e-16          6.2879e-14      3.28e-17    1.10e+00
   5        6.3218e-14   2.07e-16          6.2887e-14      3.24e-17    1.16e+00
   5        6.2754e-14   2.08e-16          6.2884e-14      3.20e-17    1.13e+00
   5        6.3300e-14   2.14e-16          6.2893e-14      3.17e-17    1.23e+00
   5        6.2929e-14   2.11e-16          6.2894e-14      3.13e-17    1.19e+00
   5        6.2887e-14   2.16e-16          6.2894e-14      3.10e-17    1.15e+00
   5        6.2957e-14   2.23e-16          6.2895e-14      3.07e-17    1.11e+00
   5        6.2791e-14   2.16e-16          6.2893e-14      3.04e-17    1.08e+00
   5        6.2902e-14   2.19e-16          6.2893e-14      3.01e-17    1.04e+00
   5        6.3104e-14   2.15e-16          6.2897e-14      2.98e-17    1.04e+00
   5        6.2572e-14   2.19e-16          6.2891e-14      2.95e-17    1.08e+00
   5        6.2569e-14   2.20e-16          6.2886e-14      2.93e-17    1.11e+00
   5        6.3100e-14   2.25e-16          6.2889e-14      2.90e-17    1.10e+00
   5        6.2434e-14   2.27e-16          6.2882e-14      2.88e-17    1.18e+00
   5        6.2770e-14   2.33e-16          6.2880e-14      2.86e-17    1.15e+00
   5        6.3089e-14   2.28e-16          6.2884e-14      2.84e-17    1.14e+00
   5        6.2919e-14   2.30e-16          6.2884e-14      2.81e-17    1.12e+00
   5        6.3025e-14   2.37e-16          6.2886e-14      2.79e-17    1.10e+00
   5        6.2919e-14   2.36e-16          6.2887e-14      2.78e-17    1.07e+00
   5        6.3232e-14   2.39e-16          6.2891e-14      2.76e-17    1.09e+00
   5        6.2950e-14   2.46e-16          6.2892e-14      2.74e-17    1.07e+00
   5        6.2661e-14   2.51e-16          6.2889e-14      2.72e-17    1.06e+00
   5        6.2860e-14   2.56e-16          6.2889e-14      2.71e-17    1.04e+00
   5        6.3054e-14   2.64e-16          6.2891e-14      2.69e-17    1.03e+00
   5        6.2156e-14   2.54e-16          6.2882e-14      2.68e-17    1.18e+00
   5        6.3345e-14   2.60e-16          6.2887e-14      2.66e-17    1.22e+00
   5        6.3346e-14   2.60e-16          6.2892e-14      2.65e-17    1.26e+00
   5        6.2861e-14   2.49e-16          6.2892e-14      2.64e-17    1.24e+00
   5        6.2590e-14   2.46e-16          6.2888e-14      2.62e-17    1.24e+00
   5        6.3029e-14   2.56e-16          6.2890e-14      2.61e-17    1.22e+00
   5        6.2626e-14   2.69e-16          6.2887e-14      2.60e-17    1.22e+00
   5        6.3527e-14   2.61e-16          6.2894e-14      2.58e-17    1.30e+00
LO = (6.2893506e-14 +- 2.5826237e-17) pb

*******************************************
* virtual corrections + integrated dipole *
*******************************************
The limits of integration are:

xl[0]=0.000000    xu[0]=1.000000
xl[1]=0.000000    xu[1]=1.000000
xl[2]=0.000000    xu[2]=1.000000

num_dim=3, calls=240, it_num=1, max_it_num=5 verb=0, alph=1.50,
mode=0, bins=50, boxes=1

       single.......iteration                   accumulated......results   
iteration     integral    sigma             integral         sigma     chi-sq/it

   1        6.6434e-15   6.01e-16          6.6434e-15      6.01e-16    0.00e+00
   2        7.0827e-15   3.46e-16          6.9737e-15      3.00e-16    4.01e-01
   3        7.5098e-15   2.49e-16          7.2903e-15      1.92e-16    1.15e+00
   4        7.7093e-15   1.59e-16          7.5381e-15      1.23e-16    1.71e+00
   5        8.0206e-15   2.11e-16          7.6597e-15      1.06e-16    2.26e+00

num_dim=3, calls=1200, it_num=1, max_it_num=3 verb=0, alph=1.50,
mode=0, bins=50, boxes=1

       single.......iteration                   accumulated......results   
iteration     integral    sigma             integral         sigma     chi-sq/it

   1        7.3913e-15   9.31e-17          7.3913e-15      9.31e-17    0.00e+00
   2        7.5889e-15   7.96e-17          7.5055e-15      6.05e-17    2.60e+00
   3        7.5503e-15   7.47e-17          7.5232e-15      4.70e-17    1.41e+00
   3        7.7525e-15   7.10e-17          7.5931e-15      3.92e-17    3.36e+00
   3        7.5638e-15   6.92e-17          7.5860e-15      3.41e-17    2.55e+00
   3        7.6121e-15   7.60e-17          7.5904e-15      3.11e-17    2.06e+00
   3        7.4768e-15   8.00e-17          7.5754e-15      2.90e-17    2.01e+00
   3        7.6695e-15   7.30e-17          7.5883e-15      2.70e-17    1.93e+00
   3        7.6918e-15   6.65e-17          7.6029e-15      2.50e-17    1.95e+00
   3        7.6014e-15   7.37e-17          7.6027e-15      2.37e-17    1.73e+00
   3        7.5649e-15   7.54e-17          7.5993e-15      2.26e-17    1.58e+00
   3        7.5601e-15   7.70e-17          7.5962e-15      2.17e-17    1.46e+00
   3        7.6355e-15   7.51e-17          7.5992e-15      2.08e-17    1.36e+00
   3        7.6504e-15   7.41e-17          7.6030e-15      2.00e-17    1.29e+00
vNLO = (7.6029833e-15 +- 2.0039067e-17) pb

*****************************
* collinear remainder (P+K) *
*****************************
The limits of integration are:

xl[0]=0.000000    xu[0]=1.000000
xl[1]=0.000000    xu[1]=1.000000
xl[2]=0.000000    xu[2]=1.000000
xl[3]=0.000000    xu[3]=1.000000

num_dim=4, calls=2500, it_num=1, max_it_num=5 verb=0, alph=1.50,
mode=0, bins=50, boxes=1

       single.......iteration                   accumulated......results   
iteration     integral    sigma             integral         sigma     chi-sq/it

   1        1.0974e-14   5.51e-16          1.0974e-14      5.51e-16    0.00e+00
   2        1.1119e-14   2.24e-16          1.1099e-14      2.08e-16    5.98e-02
   3        1.1040e-14   1.80e-16          1.1065e-14      1.36e-16    5.29e-02
   4        1.1094e-14   1.73e-16          1.1076e-14      1.07e-16    4.10e-02
   5        1.1214e-14   1.71e-16          1.1115e-14      9.06e-17    1.48e-01

num_dim=4, calls=25000, it_num=1, max_it_num=3 verb=0, alph=1.50,
mode=0, bins=50, boxes=1

       single.......iteration                   accumulated......results   
iteration     integral    sigma             integral         sigma     chi-sq/it

   1        1.1235e-14   5.29e-17          1.1235e-14      5.29e-17    0.00e+00
   2        1.1249e-14   5.25e-17          1.1242e-14      3.73e-17    3.64e-02
   3        1.1100e-14   5.31e-17          1.1195e-14      3.05e-17    2.42e+00
   3        1.1152e-14   5.34e-17          1.1184e-14      2.65e-17    1.77e+00
   3        1.1114e-14   5.36e-17          1.1170e-14      2.37e-17    1.68e+00
   3        1.1083e-14   5.34e-17          1.1156e-14      2.17e-17    1.79e+00
   3        1.1128e-14   5.31e-17          1.1152e-14      2.01e-17    1.53e+00
   3        1.1131e-14   5.36e-17          1.1149e-14      1.88e-17    1.33e+00
P+K = (1.1149404e-14 +- 1.8808528e-17) pb

********************************
* real gluon emission - dipole *
********************************
The limits of integration are:

xl[0]=0.000000    xu[0]=1.000000
xl[1]=0.000000    xu[1]=1.000000
xl[2]=0.000000    xu[2]=1.000000
xl[3]=0.000000    xu[3]=1.000000
xl[4]=0.000000    xu[4]=1.000000
xl[5]=0.000000    xu[5]=1.000000

num_dim=6, calls=250, it_num=1, max_it_num=5 verb=0, alph=1.50,
mode=0, bins=50, boxes=1

       single.......iteration                   accumulated......results   
iteration     integral    sigma             integral         sigma     chi-sq/it

   1        -7.3549e-17   2.52e-17          -7.3549e-17      2.52e-17    0.00e+00
   2        -8.0612e-17   1.87e-17          -7.8095e-17      1.50e-17    5.07e-02
   3        -5.1474e-17   5.82e-18          -5.4947e-17      5.43e-18    1.39e+00
   4        -5.7974e-17   5.08e-18          -5.6560e-17      3.71e-18    9.82e-01
   5        -6.6631e-17   4.55e-18          -6.0585e-17      2.87e-18    1.47e+00

num_dim=6, calls=2500, it_num=1, max_it_num=3 verb=0, alph=1.50,
mode=0, bins=50, boxes=1

       single.......iteration                   accumulated......results   
iteration     integral    sigma             integral         sigma     chi-sq/it

   1        -6.5647e-17   1.35e-18          -6.5647e-17      1.35e-18    0.00e+00
   2        -6.4478e-17   9.71e-19          -6.4875e-17      7.89e-19    4.93e-01
   3        -6.6185e-17   1.00e-18          -6.5375e-17      6.21e-19    7.72e-01
rNLOg = (-6.5374876e-17 +- 6.2059738e-19) pb

**************************************************
* real light quark emission - dipole - (onshell) *
**************************************************
The limits of integration are:

xl[0]=0.000000    xu[0]=1.000000
xl[1]=0.000000    xu[1]=1.000000
xl[2]=0.000000    xu[2]=1.000000
xl[3]=0.000000    xu[3]=1.000000
xl[4]=0.000000    xu[4]=1.000000
xl[5]=0.000000    xu[5]=1.000000

num_dim=6, calls=5000, it_num=1, max_it_num=5 verb=0, alph=1.50,
mode=0, bins=50, boxes=1

       single.......iteration                   accumulated......results   
iteration     integral    sigma             integral         sigma     chi-sq/it

   1        1.2663e-16   8.14e-18          1.2663e-16      8.14e-18    0.00e+00
   2        1.2151e-16   2.23e-18          1.2187e-16      2.15e-18    3.67e-01
   3        1.2055e-16   1.32e-18          1.2091e-16      1.12e-18    3.21e-01
   4        1.1970e-16   1.01e-18          1.2024e-16      7.51e-19    4.27e-01
   5        1.2021e-16   8.54e-19          1.2023e-16      5.64e-19    3.20e-01

num_dim=6, calls=50000, it_num=1, max_it_num=5 verb=0, alph=1.50,
mode=0, bins=50, boxes=1

       single.......iteration                   accumulated......results   
iteration     integral    sigma             integral         sigma     chi-sq/it

   1        1.2011e-16   2.55e-19          1.2011e-16      2.55e-19    0.00e+00
   2        1.2078e-16   3.28e-19          1.2036e-16      2.01e-19    2.63e+00
   3        1.2102e-16   3.33e-19          1.2054e-16      1.72e-19    2.73e+00
   4        1.2057e-16   2.76e-19          1.2055e-16      1.46e-19    1.82e+00
   5        1.2073e-16   3.24e-19          1.2058e-16      1.33e-19    1.44e+00
rNLOq = (1.2057832e-16 +- 1.3326361e-19) pb
NLO = (8.1701096e-14 +- 3.7718992e-17) pb
#chisq/dof = 2.09727e-09
#status = success
#chisq/dof = 6.37217e-10
#status = success
#chisq/dof = 5.93531e-10
#status = success
#chisq/dof = 1.87304e-09
#status = success
#chisq/dof = 3.32348e-10
#status = success
#chisq/dof = 3.45521e-12
#status = iteration is not making progress towards solution
#chisq/dof = 1.52898e-10
#status = success
#chisq/dof = 3.32837e-11
#status = success

*******************************************************
* threshold resummation (unimproved nnll) - expansion *
*******************************************************
The limits of integration are:

xl[0]=0.000000    xu[0]=1.000000
xl[1]=0.000000    xu[1]=1.000000
xl[2]=0.000000    xu[2]=1.000000

num_dim=3, calls=7000, it_num=1, max_it_num=5 verb=0, alph=1.50,
mode=0, bins=50, boxes=1

       single.......iteration                   accumulated......results   
iteration     integral    sigma             integral         sigma     chi-sq/it

   1        1.4617e-15   5.25e-16          1.4617e-15      5.25e-16    0.00e+00
   2        1.4860e-15   1.44e-16          1.4843e-15      1.39e-16    2.00e-03
   3        1.2640e-15   1.17e-16          1.3550e-15      8.95e-17    7.35e-01
   4        1.4530e-15   1.14e-16          1.3922e-15      7.05e-17    6.42e-01
   5        1.4460e-15   1.14e-16          1.4071e-15      6.00e-17    5.22e-01

num_dim=3, calls=35000, it_num=1, max_it_num=5 verb=0, alph=1.50,
mode=0, bins=50, boxes=1

       single.......iteration                   accumulated......results   
iteration     integral    sigma             integral         sigma     chi-sq/it

   1        1.4876e-15   5.00e-17          1.4876e-15      5.00e-17    0.00e+00
   2        1.5757e-15   5.01e-17          1.5316e-15      3.54e-17    1.55e+00
   3        1.5648e-15   4.97e-17          1.5428e-15      2.88e-17    9.23e-01
   4        1.5276e-15   4.97e-17          1.5389e-15      2.49e-17    6.39e-01
   5        1.4052e-15   4.99e-17          1.5122e-15      2.23e-17    1.92e+00
   5        1.4666e-15   4.99e-17          1.5046e-15      2.04e-17    1.67e+00
   5        1.5446e-15   4.98e-17          1.5103e-15      1.88e-17    1.49e+00
aNNLO+NNLL = (8.3211388e-14 +- 4.2163447e-17) pb

Results:
LO = (6.2330556e-14 +- 4.5093097e-17) pb
NLO = (8.1701096e-14 +- 3.7718992e-17) pb
aNNLO+NNLL = (8.3211388e-14 +- 4.2163447e-17) pb
Thanks for using LHAPDF 6.2.3. Please make sure to cite the paper:
  Eur.Phys.J. C75 (2015) 3, 132  (http://arxiv.org/abs/1412.7420)
 ====================================================
   FF 2.0, a package to evaluate one-loop integrals
 written by G. J. van Oldenborgh, NIKHEF-H, Amsterdam
 ====================================================
 for the algorithms used see preprint NIKHEF-H 89/17,
 'New Algorithms for One-loop Integrals', by G.J. van
 Oldenborgh and J.A.M. Vermaseren, published in 
 Zeitschrift fuer Physik C46(1990)425.
 ====================================================
 
total number of errors and warnings
===================================
fferr: no errors
 
