
  Welcome to Resummino git-latest
  Copyright 2008-2010 Jonathan Debove.
  Copyright 2011-2014 David R. Lamprea.
  Copyright 2011-2016 Marcel Rothering.

  Licensed under the EUPL 1.1 or later.
  See http://www.resummino.org/ for more information.

  If using Resummino for slepton pair production, please cite.
  - G. Bozzi, B. Fuks, M. Klasen, PRD 74, 015001 (2006); NPB 777, 157 (2007); NPB 794, 46 (2007).
  - B. Fuks, M. Klasen, D. R. Lamprea, M. Rothering, EPJC 73, 2480 (2013).

  For gaugino pair production, please cite:
  - J. Debove, B. Fuks, M. Klasen, PLB 688, 208 (2010); NPB 842, 51 (2011); NPB 849, 64 (2011).
  - B. Fuks, M. Klasen, D. R. Lamprea, M. Rothering, JHEP 1210, 081 (2012); EPJC 73, 2480 (2013).

  For associated gaugino gluino production, please cite:
  - B. Fuks, M. Klasen, M. Rothering, JHEP 07:053, (2016).
  - B. Fuks, M. Klasen, D. R. Lamprea, M. Rothering, EPJC 73, 2480 (2013).

LHAPDF 6.2.3 loading /pool/condor/dir_19536/resummino-releases/lhapdf-prefix/share/LHAPDF/PDF4LHC21_40/PDF4LHC21_40_0000.dat
PDF4LHC21_40 PDF set, member #0, version 1
 alpha_s(M_Z^2) = 0.1180 	 for LO PDF set 
 alpha_s(1600.000^2) = 0.0826 	 for LO PDF set 

********************
* LO cross section *
********************
The limits of integration are:

xl[0]=0.000000    xu[0]=1.000000
xl[1]=0.000000    xu[1]=1.000000
xl[2]=0.000000    xu[2]=1.000000

num_dim=3, calls=2000, it_num=1, max_it_num=5 verb=0, alph=1.50,
mode=0, bins=50, boxes=1

       single.......iteration                   accumulated......results   
iteration     integral    sigma             integral         sigma     chi-sq/it

   1        1.5710e-13   4.68e-15          1.5710e-13      4.68e-15    0.00e+00
   2        1.6544e-13   1.70e-15          1.6447e-13      1.60e-15    2.80e+00
   3        1.6767e-13   9.31e-16          1.6686e-13      8.04e-16    2.90e+00
   4        1.6562e-13   8.80e-16          1.6629e-13      5.94e-16    2.29e+00
   5        1.6524e-13   9.13e-16          1.6598e-13      4.98e-16    1.96e+00

num_dim=3, calls=20000, it_num=1, max_it_num=5 verb=0, alph=1.50,
mode=0, bins=50, boxes=1

       single.......iteration                   accumulated......results   
iteration     integral    sigma             integral         sigma     chi-sq/it

   1        1.6624e-13   2.79e-16          1.6624e-13      2.79e-16    0.00e+00
   2        1.6618e-13   2.72e-16          1.6621e-13      1.95e-16    1.77e-02
   3        1.6661e-13   2.69e-16          1.6635e-13      1.58e-16    7.31e-01
   4        1.6657e-13   2.85e-16          1.6640e-13      1.38e-16    6.48e-01
   5        1.6590e-13   2.86e-16          1.6631e-13      1.24e-16    1.10e+00
LO = (1.6630546e-13 +- 1.2421555e-16) pb
LHAPDF 6.2.3 loading /pool/condor/dir_19536/resummino-releases/lhapdf-prefix/share/LHAPDF/PDF4LHC21_40/PDF4LHC21_40_0040.dat
PDF4LHC21_40 PDF set, member #40, version 1
 alpha_s(M_Z^2) = 0.1180 	 for NLO PDF set 
 alpha_s(1600.000^2) = 0.0826 	 for NLO PDF set 

********************
* LO cross section *
********************
The limits of integration are:

xl[0]=0.000000    xu[0]=1.000000
xl[1]=0.000000    xu[1]=1.000000
xl[2]=0.000000    xu[2]=1.000000

num_dim=3, calls=2000, it_num=1, max_it_num=5 verb=0, alph=1.50,
mode=0, bins=50, boxes=1

       single.......iteration                   accumulated......results   
iteration     integral    sigma             integral         sigma     chi-sq/it

   1        1.5661e-13   4.67e-15          1.5661e-13      4.67e-15    0.00e+00
   2        1.6497e-13   1.69e-15          1.6400e-13      1.59e-15    2.82e+00
   3        1.6720e-13   9.31e-16          1.6638e-13      8.04e-16    2.92e+00
   4        1.6515e-13   8.82e-16          1.6582e-13      5.94e-16    2.30e+00
   5        1.6475e-13   9.15e-16          1.6550e-13      4.98e-16    1.97e+00

num_dim=3, calls=20000, it_num=1, max_it_num=5 verb=0, alph=1.50,
mode=0, bins=50, boxes=1

       single.......iteration                   accumulated......results   
iteration     integral    sigma             integral         sigma     chi-sq/it

   1        1.6576e-13   2.80e-16          1.6576e-13      2.80e-16    0.00e+00
   2        1.6571e-13   2.72e-16          1.6573e-13      1.95e-16    1.59e-02
   3        1.6614e-13   2.69e-16          1.6587e-13      1.58e-16    7.54e-01
   4        1.6610e-13   2.85e-16          1.6593e-13      1.38e-16    6.63e-01
   5        1.6543e-13   2.86e-16          1.6583e-13      1.24e-16    1.10e+00
   5        1.6554e-13   2.87e-16          1.6579e-13      1.14e-16    1.06e+00
   5        1.6598e-13   2.87e-16          1.6581e-13      1.06e-16    9.47e-01
   5        1.6544e-13   2.93e-16          1.6577e-13      9.97e-17    1.02e+00
   5        1.6547e-13   2.99e-16          1.6574e-13      9.46e-17    1.01e+00
   5        1.6533e-13   3.06e-16          1.6570e-13      9.04e-17    1.08e+00
   5        1.6562e-13   3.21e-16          1.6570e-13      8.70e-17    9.78e-01
   5        1.6564e-13   3.28e-16          1.6569e-13      8.41e-17    8.92e-01
   5        1.6603e-13   3.45e-16          1.6571e-13      8.17e-17    8.93e-01
   5        1.6557e-13   3.61e-16          1.6571e-13      7.97e-17    8.36e-01
   5        1.6576e-13   3.82e-16          1.6571e-13      7.80e-17    7.78e-01
   5        1.6527e-13   3.95e-16          1.6569e-13      7.65e-17    8.05e-01
   5        1.6535e-13   4.00e-16          1.6568e-13      7.51e-17    7.99e-01
   5        1.6603e-13   4.08e-16          1.6569e-13      7.39e-17    7.93e-01
   5        1.6618e-13   4.40e-16          1.6570e-13      7.29e-17    8.15e-01
   5        1.6640e-13   4.28e-16          1.6572e-13      7.18e-17    9.08e-01
   5        1.6532e-13   4.36e-16          1.6571e-13      7.09e-17    9.04e-01
   5        1.6599e-13   4.49e-16          1.6572e-13      7.00e-17    8.79e-01
   5        1.6599e-13   4.65e-16          1.6573e-13      6.92e-17    8.55e-01
   5        1.6576e-13   4.91e-16          1.6573e-13      6.86e-17    8.18e-01
   5        1.6634e-13   4.94e-16          1.6574e-13      6.79e-17    8.46e-01
   5        1.6542e-13   5.01e-16          1.6573e-13      6.73e-17    8.28e-01
   5        1.6698e-13   5.21e-16          1.6575e-13      6.67e-17    1.01e+00
   5        1.6577e-13   4.99e-16          1.6575e-13      6.62e-17    9.75e-01
   5        1.6569e-13   5.11e-16          1.6575e-13      6.56e-17    9.40e-01
   5        1.6593e-13   5.26e-16          1.6575e-13      6.51e-17    9.12e-01
   5        1.6555e-13   5.18e-16          1.6575e-13      6.46e-17    8.87e-01
   5        1.6568e-13   5.38e-16          1.6575e-13      6.41e-17    8.58e-01
   5        1.6634e-13   5.20e-16          1.6576e-13      6.36e-17    8.71e-01
   5        1.6519e-13   5.32e-16          1.6575e-13      6.32e-17    8.79e-01
   5        1.6481e-13   5.28e-16          1.6574e-13      6.27e-17    9.46e-01
   5        1.6624e-13   5.38e-16          1.6574e-13      6.23e-17    9.43e-01
   5        1.6443e-13   5.39e-16          1.6573e-13      6.19e-17    1.08e+00
   5        1.6524e-13   5.57e-16          1.6572e-13      6.15e-17    1.07e+00
   5        1.6630e-13   5.46e-16          1.6573e-13      6.11e-17    1.07e+00
   5        1.6567e-13   5.52e-16          1.6573e-13      6.08e-17    1.04e+00
   5        1.6592e-13   5.64e-16          1.6573e-13      6.04e-17    1.02e+00
   5        1.6550e-13   5.62e-16          1.6573e-13      6.01e-17    1.00e+00
   5        1.6687e-13   5.73e-16          1.6574e-13      5.98e-17    1.07e+00
   5        1.6613e-13   5.74e-16          1.6574e-13      5.94e-17    1.06e+00
   5        1.6517e-13   5.90e-16          1.6574e-13      5.91e-17    1.05e+00
   5        1.6566e-13   6.02e-16          1.6574e-13      5.89e-17    1.03e+00
   5        1.6660e-13   6.28e-16          1.6575e-13      5.86e-17    1.05e+00
   5        1.6435e-13   6.11e-16          1.6573e-13      5.83e-17    1.13e+00
   5        1.6705e-13   6.27e-16          1.6574e-13      5.81e-17    1.20e+00
   5        1.6680e-13   6.19e-16          1.6575e-13      5.78e-17    1.24e+00
   5        1.6569e-13   6.17e-16          1.6575e-13      5.76e-17    1.21e+00
   5        1.6450e-13   6.25e-16          1.6574e-13      5.73e-17    1.27e+00
   5        1.6585e-13   6.41e-16          1.6574e-13      5.71e-17    1.24e+00
   5        1.6585e-13   6.53e-16          1.6574e-13      5.69e-17    1.22e+00
   5        1.6695e-13   6.36e-16          1.6575e-13      5.67e-17    1.26e+00
LO = (1.6575315e-13 +- 5.6656838e-17) pb

*******************************************
* virtual corrections + integrated dipole *
*******************************************
The limits of integration are:

xl[0]=0.000000    xu[0]=1.000000
xl[1]=0.000000    xu[1]=1.000000
xl[2]=0.000000    xu[2]=1.000000

num_dim=3, calls=240, it_num=1, max_it_num=5 verb=0, alph=1.50,
mode=0, bins=50, boxes=1

       single.......iteration                   accumulated......results   
iteration     integral    sigma             integral         sigma     chi-sq/it

   1        1.7471e-14   1.54e-15          1.7471e-14      1.54e-15    0.00e+00
   2        1.9041e-14   8.79e-16          1.8655e-14      7.64e-16    7.83e-01
   3        2.0620e-14   5.33e-16          1.9977e-14      4.37e-16    2.62e+00
   4        2.0748e-14   3.80e-16          2.0416e-14      2.87e-16    2.34e+00
   5        2.1348e-14   4.68e-16          2.0670e-14      2.44e-16    2.47e+00

num_dim=3, calls=1200, it_num=1, max_it_num=3 verb=0, alph=1.50,
mode=0, bins=50, boxes=1

       single.......iteration                   accumulated......results   
iteration     integral    sigma             integral         sigma     chi-sq/it

   1        1.9978e-14   2.00e-16          1.9978e-14      2.00e-16    0.00e+00
   2        2.0440e-14   1.56e-16          2.0265e-14      1.23e-16    3.33e+00
   3        2.0331e-14   1.46e-16          2.0292e-14      9.41e-17    1.72e+00
   3        2.0738e-14   1.50e-16          2.0418e-14      7.97e-17    3.27e+00
   3        2.0191e-14   1.52e-16          2.0370e-14      7.06e-17    2.89e+00
   3        2.0443e-14   1.50e-16          2.0383e-14      6.38e-17    2.35e+00
   3        2.0173e-14   1.59e-16          2.0354e-14      5.93e-17    2.21e+00
   3        2.0567e-14   1.49e-16          2.0383e-14      5.51e-17    2.15e+00
   3        2.0527e-14   1.46e-16          2.0401e-14      5.15e-17    1.99e+00
   3        2.0353e-14   1.46e-16          2.0396e-14      4.86e-17    1.78e+00
   3        2.0362e-14   1.53e-16          2.0392e-14      4.63e-17    1.60e+00
   3        2.0428e-14   1.55e-16          2.0395e-14      4.44e-17    1.46e+00
vNLO = (2.0395374e-14 +- 4.4360909e-17) pb

*****************************
* collinear remainder (P+K) *
*****************************
The limits of integration are:

xl[0]=0.000000    xu[0]=1.000000
xl[1]=0.000000    xu[1]=1.000000
xl[2]=0.000000    xu[2]=1.000000
xl[3]=0.000000    xu[3]=1.000000

num_dim=4, calls=2500, it_num=1, max_it_num=5 verb=0, alph=1.50,
mode=0, bins=50, boxes=1

       single.......iteration                   accumulated......results   
iteration     integral    sigma             integral         sigma     chi-sq/it

   1        2.6225e-14   1.42e-15          2.6225e-14      1.42e-15    0.00e+00
   2        2.6360e-14   5.58e-16          2.6342e-14      5.19e-16    7.84e-03
   3        2.6391e-14   4.48e-16          2.6370e-14      3.39e-16    6.48e-03
   4        2.6501e-14   4.34e-16          2.6420e-14      2.67e-16    2.31e-02
   5        2.6805e-14   4.30e-16          2.6527e-14      2.27e-16    1.63e-01

num_dim=4, calls=25000, it_num=1, max_it_num=3 verb=0, alph=1.50,
mode=0, bins=50, boxes=1

       single.......iteration                   accumulated......results   
iteration     integral    sigma             integral         sigma     chi-sq/it

   1        2.6840e-14   1.33e-16          2.6840e-14      1.33e-16    0.00e+00
   2        2.6858e-14   1.32e-16          2.6849e-14      9.37e-17    9.69e-03
   3        2.6500e-14   1.33e-16          2.6734e-14      7.67e-17    2.31e+00
   3        2.6657e-14   1.34e-16          2.6715e-14      6.65e-17    1.62e+00
   3        2.6476e-14   1.35e-16          2.6668e-14      5.97e-17    1.84e+00
   3        2.6443e-14   1.34e-16          2.6631e-14      5.45e-17    1.94e+00
   3        2.6533e-14   1.34e-16          2.6617e-14      5.05e-17    1.70e+00
   3        2.6594e-14   1.34e-16          2.6614e-14      4.72e-17    1.46e+00
P+K = (2.6614108e-14 +- 4.7245407e-17) pb

********************************
* real gluon emission - dipole *
********************************
The limits of integration are:

xl[0]=0.000000    xu[0]=1.000000
xl[1]=0.000000    xu[1]=1.000000
xl[2]=0.000000    xu[2]=1.000000
xl[3]=0.000000    xu[3]=1.000000
xl[4]=0.000000    xu[4]=1.000000
xl[5]=0.000000    xu[5]=1.000000

num_dim=6, calls=250, it_num=1, max_it_num=5 verb=0, alph=1.50,
mode=0, bins=50, boxes=1

       single.......iteration                   accumulated......results   
iteration     integral    sigma             integral         sigma     chi-sq/it

   1        -2.3209e-16   8.23e-17          -2.3209e-16      8.23e-17    0.00e+00
   2        -2.5118e-16   5.78e-17          -2.4489e-16      4.73e-17    3.60e-02
   3        -1.5699e-16   1.75e-17          -1.6762e-16      1.64e-17    1.54e+00
   4        -1.9809e-16   2.10e-17          -1.7920e-16      1.29e-17    1.46e+00
   5        -2.1025e-16   1.28e-17          -1.9485e-16      9.12e-18    1.82e+00

num_dim=6, calls=2500, it_num=1, max_it_num=3 verb=0, alph=1.50,
mode=0, bins=50, boxes=1

       single.......iteration                   accumulated......results   
iteration     integral    sigma             integral         sigma     chi-sq/it

   1        -2.0612e-16   3.48e-18          -2.0612e-16      3.48e-18    0.00e+00
   2        -2.0026e-16   2.32e-18          -2.0206e-16      1.93e-18    1.96e+00
   3        -2.0621e-16   2.54e-18          -2.0358e-16      1.54e-18    1.83e+00
rNLOg = (-2.0357609e-16 +- 1.5366154e-18) pb

**************************************************
* real light quark emission - dipole - (onshell) *
**************************************************
The limits of integration are:

xl[0]=0.000000    xu[0]=1.000000
xl[1]=0.000000    xu[1]=1.000000
xl[2]=0.000000    xu[2]=1.000000
xl[3]=0.000000    xu[3]=1.000000
xl[4]=0.000000    xu[4]=1.000000
xl[5]=0.000000    xu[5]=1.000000

num_dim=6, calls=5000, it_num=1, max_it_num=5 verb=0, alph=1.50,
mode=0, bins=50, boxes=1

       single.......iteration                   accumulated......results   
iteration     integral    sigma             integral         sigma     chi-sq/it

   1        4.3102e-16   2.66e-17          4.3102e-16      2.66e-17    0.00e+00
   2        4.3017e-16   8.61e-18          4.3025e-16      8.19e-18    9.18e-04
   3        4.1810e-16   4.53e-18          4.2095e-16      3.96e-18    8.43e-01
   4        4.1625e-16   3.28e-18          4.1816e-16      2.53e-18    8.39e-01
   5        4.1754e-16   2.93e-18          4.1789e-16      1.91e-18    6.36e-01

num_dim=6, calls=50000, it_num=1, max_it_num=5 verb=0, alph=1.50,
mode=0, bins=50, boxes=1

       single.......iteration                   accumulated......results   
iteration     integral    sigma             integral         sigma     chi-sq/it

   1        4.1711e-16   9.08e-19          4.1711e-16      9.08e-19    0.00e+00
   2        4.1966e-16   1.21e-18          4.1804e-16      7.26e-19    2.85e+00
   3        4.2042e-16   1.21e-18          4.1867e-16      6.22e-19    2.86e+00
   4        4.1864e-16   1.03e-18          4.1866e-16      5.33e-19    1.90e+00
   5        4.1947e-16   1.18e-18          4.1880e-16      4.86e-19    1.53e+00
rNLOq = (4.1879918e-16 +- 4.8562656e-19) pb
NLO = (2.1297785e-13 +- 8.6096533e-17) pb
#chisq/dof = 2.03041e-09
#status = success
#chisq/dof = 7.21879e-10
#status = success
#chisq/dof = 6.85492e-10
#status = success
#chisq/dof = 5.04874e-09
#status = success
#chisq/dof = 9.87145e-11
#status = success
#chisq/dof = 3.45261e-12
#status = success
#chisq/dof = 4.50114e-10
#status = success
#chisq/dof = 1.5909e-11
#status = success

*******************************************************
* threshold resummation (unimproved nnll) - expansion *
*******************************************************
The limits of integration are:

xl[0]=0.000000    xu[0]=1.000000
xl[1]=0.000000    xu[1]=1.000000
xl[2]=0.000000    xu[2]=1.000000

num_dim=3, calls=7000, it_num=1, max_it_num=5 verb=0, alph=1.50,
mode=0, bins=50, boxes=1

       single.......iteration                   accumulated......results   
iteration     integral    sigma             integral         sigma     chi-sq/it

   1        -5.7878e-15   1.08e-14          -5.7878e-15      1.08e-14    0.00e+00
   2        8.4243e-15   4.63e-15          6.2154e-15      4.25e-15    1.47e+00
   3        -6.8868e-15   4.19e-15          -4.3208e-16      2.98e-15    3.14e+00
   4        1.3753e-15   4.16e-15          1.8129e-16      2.43e-15    2.14e+00
   5        -1.6970e-15   4.17e-15          -2.9347e-16      2.10e-15    1.64e+00

num_dim=3, calls=35000, it_num=1, max_it_num=5 verb=0, alph=1.50,
mode=0, bins=50, boxes=1

       single.......iteration                   accumulated......results   
iteration     integral    sigma             integral         sigma     chi-sq/it

   1        4.1239e-15   1.85e-15          4.1239e-15      1.85e-15    0.00e+00
   2        4.5915e-15   1.85e-15          4.3569e-15      1.31e-15    3.20e-02
   3        6.5752e-15   1.85e-15          5.0939e-15      1.07e-15    4.94e-01
   4        5.5621e-15   1.85e-15          5.2110e-15      9.25e-16    3.46e-01
   5        4.3658e-16   1.86e-15          4.2608e-15      8.28e-16    1.58e+00
   5        3.8128e-15   1.85e-15          4.1858e-15      7.55e-16    1.28e+00
   5        3.7741e-15   1.85e-15          4.1269e-15      6.99e-16    1.07e+00
   5        6.0368e-15   1.85e-15          4.3650e-15      6.54e-16    1.05e+00
   5        8.1327e-16   1.85e-15          3.9690e-15      6.17e-16    1.33e+00
   5        2.7434e-15   1.85e-15          3.8460e-15      5.85e-16    1.23e+00
   5        3.7533e-15   1.85e-15          3.8375e-15      5.58e-16    1.10e+00
   5        3.1437e-15   1.86e-15          3.7803e-15      5.34e-16    1.02e+00
   5        5.4170e-15   1.86e-15          3.9056e-15      5.13e-16    9.91e-01
   5        3.1749e-15   1.85e-15          3.8535e-15      4.95e-16    9.26e-01
   5        6.5513e-15   1.86e-15          4.0315e-15      4.78e-16    1.00e+00
   5        4.7981e-15   1.86e-15          4.0789e-15      4.63e-16    9.44e-01
   5        2.9909e-15   1.87e-15          4.0158e-15      4.49e-16    9.05e-01
   5        2.4441e-15   1.85e-15          3.9287e-15      4.37e-16    8.91e-01
   5        4.9751e-15   1.87e-15          3.9830e-15      4.25e-16    8.59e-01
   5        4.9997e-15   1.87e-15          4.0329e-15      4.15e-16    8.28e-01
   5        -2.6810e-16   1.88e-15          3.8335e-15      4.05e-16    1.04e+00
   5        5.9010e-15   1.89e-15          3.9241e-15      3.96e-16    1.04e+00
   5        3.1647e-15   1.88e-15          3.8920e-15      3.88e-16    1.00e+00
   5        6.2168e-15   1.91e-15          3.9842e-15      3.80e-16    1.02e+00
   5        -2.1635e-16   1.90e-15          3.8224e-15      3.72e-16    1.17e+00
   5        4.1864e-15   1.90e-15          3.8358e-15      3.65e-16    1.13e+00
   5        1.1833e-15   1.92e-15          3.7428e-15      3.59e-16    1.16e+00
   5        2.2334e-15   1.93e-15          3.6924e-15      3.53e-16    1.13e+00
   5        3.8108e-15   1.93e-15          3.6963e-15      3.47e-16    1.09e+00
   5        1.8206e-15   1.95e-15          3.6385e-15      3.42e-16    1.09e+00
   5        3.3636e-15   1.96e-15          3.6303e-15      3.37e-16    1.05e+00
   5        7.2275e-15   1.96e-15          3.7334e-15      3.32e-16    1.12e+00
   5        4.0424e-15   1.94e-15          3.7421e-15      3.27e-16    1.09e+00
   5        2.0041e-15   1.95e-15          3.6944e-15      3.23e-16    1.08e+00
   5        6.8731e-15   1.94e-15          3.7796e-15      3.18e-16    1.12e+00
   5        3.9570e-15   1.95e-15          3.7842e-15      3.14e-16    1.09e+00
   5        3.4287e-15   1.95e-15          3.7752e-15      3.10e-16    1.06e+00
   5        -8.1099e-16   1.97e-15          3.6643e-15      3.06e-16    1.18e+00
   5        3.7090e-15   1.99e-15          3.6653e-15      3.03e-16    1.15e+00
   5        1.3487e-15   1.99e-15          3.6128e-15      2.99e-16    1.15e+00
   5        2.7161e-15   2.00e-15          3.5931e-15      2.96e-16    1.13e+00
   5        3.5144e-15   2.01e-15          3.5914e-15      2.93e-16    1.10e+00
   5        1.1470e-15   2.01e-15          3.5405e-15      2.90e-16    1.11e+00
   5        1.3234e-15   2.03e-15          3.4963e-15      2.87e-16    1.11e+00
   5        -9.1740e-16   2.04e-15          3.4105e-15      2.84e-16    1.19e+00
   5        1.1621e-15   2.03e-15          3.3671e-15      2.81e-16    1.19e+00
   5        5.7750e-15   2.02e-15          3.4131e-15      2.79e-16    1.19e+00
   5        2.8561e-15   2.04e-15          3.4029e-15      2.76e-16    1.17e+00
   5        1.4980e-15   2.02e-15          3.3680e-15      2.74e-16    1.16e+00
   5        3.5599e-15   2.02e-15          3.3715e-15      2.71e-16    1.14e+00
   5        2.4764e-15   2.00e-15          3.3553e-15      2.69e-16    1.12e+00
   5        6.2049e-15   2.03e-15          3.4043e-15      2.66e-16    1.14e+00
   5        2.9974e-16   2.00e-15          3.3505e-15      2.64e-16    1.16e+00
   5        1.0317e-15   1.99e-15          3.3103e-15      2.62e-16    1.16e+00
   5        1.5625e-15   2.00e-15          3.2809e-15      2.59e-16    1.16e+00
aNNLO+NNLL = (2.1625875e-13 +- 2.7334444e-16) pb

Results:
LO = (1.6630546e-13 +- 1.2421555e-16) pb
NLO = (2.1297785e-13 +- 8.6096533e-17) pb
aNNLO+NNLL = (2.1625875e-13 +- 2.7334444e-16) pb
Thanks for using LHAPDF 6.2.3. Please make sure to cite the paper:
  Eur.Phys.J. C75 (2015) 3, 132  (http://arxiv.org/abs/1412.7420)
 ====================================================
   FF 2.0, a package to evaluate one-loop integrals
 written by G. J. van Oldenborgh, NIKHEF-H, Amsterdam
 ====================================================
 for the algorithms used see preprint NIKHEF-H 89/17,
 'New Algorithms for One-loop Integrals', by G.J. van
 Oldenborgh and J.A.M. Vermaseren, published in 
 Zeitschrift fuer Physik C46(1990)425.
 ====================================================
 
total number of errors and warnings
===================================
fferr: no errors
 
