
  Welcome to Resummino git-latest
  Copyright 2008-2010 Jonathan Debove.
  Copyright 2011-2014 David R. Lamprea.
  Copyright 2011-2016 Marcel Rothering.

  Licensed under the EUPL 1.1 or later.
  See http://www.resummino.org/ for more information.

  If using Resummino for slepton pair production, please cite.
  - G. Bozzi, B. Fuks, M. Klasen, PRD 74, 015001 (2006); NPB 777, 157 (2007); NPB 794, 46 (2007).
  - B. Fuks, M. Klasen, D. R. Lamprea, M. Rothering, EPJC 73, 2480 (2013).

  For gaugino pair production, please cite:
  - J. Debove, B. Fuks, M. Klasen, PLB 688, 208 (2010); NPB 842, 51 (2011); NPB 849, 64 (2011).
  - B. Fuks, M. Klasen, D. R. Lamprea, M. Rothering, JHEP 1210, 081 (2012); EPJC 73, 2480 (2013).

  For associated gaugino gluino production, please cite:
  - B. Fuks, M. Klasen, M. Rothering, JHEP 07:053, (2016).
  - B. Fuks, M. Klasen, D. R. Lamprea, M. Rothering, EPJC 73, 2480 (2013).

LHAPDF 6.2.3 loading /pool/condor/dir_11229/resummino-releases/lhapdf-prefix/share/LHAPDF/PDF4LHC21_40/PDF4LHC21_40_0000.dat
PDF4LHC21_40 PDF set, member #0, version 1
 alpha_s(M_Z^2) = 0.1180 	 for LO PDF set 
 alpha_s(200.000^2) = 0.1055 	 for LO PDF set 

********************
* LO cross section *
********************
The limits of integration are:

xl[0]=0.000000    xu[0]=1.000000
xl[1]=0.000000    xu[1]=1.000000
xl[2]=0.000000    xu[2]=1.000000

num_dim=3, calls=2000, it_num=1, max_it_num=5 verb=0, alph=1.50,
mode=0, bins=50, boxes=1

       single.......iteration                   accumulated......results   
iteration     integral    sigma             integral         sigma     chi-sq/it

   1        1.9185e-11   6.28e-13          1.9185e-11      6.28e-13    0.00e+00
   2        1.9470e-11   2.07e-13          1.9442e-11      1.96e-13    1.85e-01
   3        1.9793e-11   1.19e-13          1.9699e-11      1.02e-13    1.26e+00
   4        1.9499e-11   1.10e-13          1.9607e-11      7.49e-14    1.42e+00
   5        1.9485e-11   1.15e-13          1.9571e-11      6.27e-14    1.26e+00

num_dim=3, calls=20000, it_num=1, max_it_num=5 verb=0, alph=1.50,
mode=0, bins=50, boxes=1

       single.......iteration                   accumulated......results   
iteration     integral    sigma             integral         sigma     chi-sq/it

   1        1.9589e-11   3.50e-14          1.9589e-11      3.50e-14    0.00e+00
   2        1.9596e-11   3.46e-14          1.9593e-11      2.46e-14    2.14e-02
   3        1.9671e-11   3.41e-14          1.9620e-11      2.00e-14    1.73e+00
   4        1.9644e-11   3.56e-14          1.9625e-11      1.74e-14    1.27e+00
   5        1.9561e-11   3.57e-14          1.9613e-11      1.56e-14    1.60e+00
   5        1.9596e-11   3.58e-14          1.9610e-11      1.43e-14    1.32e+00
   5        1.9624e-11   3.62e-14          1.9612e-11      1.33e-14    1.12e+00
   5        1.9577e-11   3.65e-14          1.9608e-11      1.25e-14    1.07e+00
   5        1.9565e-11   3.75e-14          1.9604e-11      1.19e-14    1.09e+00
   5        1.9530e-11   3.84e-14          1.9597e-11      1.13e-14    1.34e+00
   5        1.9589e-11   4.01e-14          1.9597e-11      1.09e-14    1.21e+00
   5        1.9585e-11   4.02e-14          1.9596e-11      1.05e-14    1.11e+00
   5        1.9636e-11   4.22e-14          1.9598e-11      1.02e-14    1.09e+00
   5        1.9589e-11   4.40e-14          1.9598e-11      9.96e-15    1.01e+00
LO = (1.9597663e-11 +- 9.9566038e-15) pb
LHAPDF 6.2.3 loading /pool/condor/dir_11229/resummino-releases/lhapdf-prefix/share/LHAPDF/PDF4LHC21_40/PDF4LHC21_40_0014.dat
PDF4LHC21_40 PDF set, member #14, version 1
 alpha_s(M_Z^2) = 0.1180 	 for NLO PDF set 
 alpha_s(200.000^2) = 0.1055 	 for NLO PDF set 

********************
* LO cross section *
********************
The limits of integration are:

xl[0]=0.000000    xu[0]=1.000000
xl[1]=0.000000    xu[1]=1.000000
xl[2]=0.000000    xu[2]=1.000000

num_dim=3, calls=2000, it_num=1, max_it_num=5 verb=0, alph=1.50,
mode=0, bins=50, boxes=1

       single.......iteration                   accumulated......results   
iteration     integral    sigma             integral         sigma     chi-sq/it

   1        1.9063e-11   6.27e-13          1.9063e-11      6.27e-13    0.00e+00
   2        1.9346e-11   2.08e-13          1.9318e-11      1.97e-13    1.84e-01
   3        1.9665e-11   1.21e-13          1.9570e-11      1.03e-13    1.22e+00
   4        1.9347e-11   1.14e-13          1.9469e-11      7.65e-14    1.51e+00
   5        1.9361e-11   1.17e-13          1.9437e-11      6.41e-14    1.28e+00

num_dim=3, calls=20000, it_num=1, max_it_num=5 verb=0, alph=1.50,
mode=0, bins=50, boxes=1

       single.......iteration                   accumulated......results   
iteration     integral    sigma             integral         sigma     chi-sq/it

   1        1.9463e-11   3.57e-14          1.9463e-11      3.57e-14    0.00e+00
   2        1.9472e-11   3.53e-14          1.9468e-11      2.51e-14    3.14e-02
   3        1.9541e-11   3.47e-14          1.9493e-11      2.03e-14    1.48e+00
   4        1.9511e-11   3.64e-14          1.9497e-11      1.78e-14    1.05e+00
   5        1.9432e-11   3.65e-14          1.9485e-11      1.60e-14    1.44e+00
   5        1.9465e-11   3.65e-14          1.9482e-11      1.46e-14    1.20e+00
   5        1.9497e-11   3.68e-14          1.9484e-11      1.36e-14    1.02e+00
   5        1.9445e-11   3.73e-14          1.9479e-11      1.28e-14    1.01e+00
   5        1.9437e-11   3.81e-14          1.9475e-11      1.21e-14    1.02e+00
   5        1.9393e-11   3.92e-14          1.9468e-11      1.16e-14    1.35e+00
   5        1.9460e-11   4.06e-14          1.9467e-11      1.11e-14    1.22e+00
   5        1.9462e-11   4.07e-14          1.9467e-11      1.07e-14    1.11e+00
   5        1.9507e-11   4.27e-14          1.9469e-11      1.04e-14    1.09e+00
   5        1.9466e-11   4.46e-14          1.9469e-11      1.01e-14    1.00e+00
   5        1.9474e-11   4.70e-14          1.9469e-11      9.91e-15    9.31e-01
   5        1.9433e-11   4.84e-14          1.9468e-11      9.70e-15    9.04e-01
   5        1.9450e-11   4.90e-14          1.9467e-11      9.52e-15    8.56e-01
   5        1.9508e-11   5.04e-14          1.9468e-11      9.35e-15    8.42e-01
   5        1.9545e-11   5.31e-14          1.9471e-11      9.21e-15    9.08e-01
   5        1.9559e-11   5.30e-14          1.9473e-11      9.08e-15    1.00e+00
   5        1.9424e-11   5.37e-14          1.9472e-11      8.95e-15    9.93e-01
   5        1.9493e-11   5.61e-14          1.9473e-11      8.84e-15    9.52e-01
   5        1.9508e-11   5.76e-14          1.9473e-11      8.74e-15    9.26e-01
   5        1.9428e-11   5.80e-14          1.9472e-11      8.64e-15    9.11e-01
   5        1.9570e-11   5.95e-14          1.9474e-11      8.55e-15    9.84e-01
   5        1.9438e-11   5.83e-14          1.9474e-11      8.46e-15    9.60e-01
   5        1.9592e-11   5.91e-14          1.9476e-11      8.37e-15    1.07e+00
   5        1.9507e-11   5.81e-14          1.9477e-11      8.29e-15    1.04e+00
   5        1.9468e-11   6.00e-14          1.9476e-11      8.21e-15    1.01e+00
   5        1.9538e-11   6.35e-14          1.9477e-11      8.14e-15    1.01e+00
   5        1.9421e-11   6.06e-14          1.9476e-11      8.07e-15    1.00e+00
   5        1.9490e-11   6.11e-14          1.9477e-11      8.00e-15    9.70e-01
   5        1.9583e-11   6.16e-14          1.9478e-11      7.93e-15    1.03e+00
   5        1.9408e-11   6.41e-14          1.9477e-11      7.87e-15    1.03e+00
   5        1.9384e-11   6.58e-14          1.9476e-11      7.82e-15    1.06e+00
   5        1.9539e-11   6.63e-14          1.9477e-11      7.76e-15    1.06e+00
   5        1.9342e-11   6.56e-14          1.9475e-11      7.71e-15    1.14e+00
   5        1.9436e-11   6.91e-14          1.9475e-11      7.66e-15    1.12e+00
   5        1.9528e-11   6.49e-14          1.9475e-11      7.61e-15    1.11e+00
   5        1.9490e-11   6.44e-14          1.9476e-11      7.56e-15    1.08e+00
   5        1.9528e-11   6.58e-14          1.9476e-11      7.51e-15    1.07e+00
   5        1.9496e-11   6.75e-14          1.9476e-11      7.46e-15    1.05e+00
   5        1.9561e-11   6.90e-14          1.9477e-11      7.42e-15    1.06e+00
   5        1.9509e-11   6.93e-14          1.9478e-11      7.38e-15    1.04e+00
   5        1.9401e-11   7.09e-14          1.9477e-11      7.34e-15    1.04e+00
   5        1.9469e-11   7.39e-14          1.9477e-11      7.30e-15    1.02e+00
   5        1.9525e-11   7.22e-14          1.9477e-11      7.26e-15    1.00e+00
   5        1.9240e-11   6.91e-14          1.9475e-11      7.22e-15    1.23e+00
   5        1.9604e-11   6.96e-14          1.9476e-11      7.19e-15    1.28e+00
   5        1.9584e-11   7.07e-14          1.9477e-11      7.15e-15    1.30e+00
   5        1.9473e-11   6.94e-14          1.9477e-11      7.11e-15    1.27e+00
   5        1.9369e-11   6.99e-14          1.9476e-11      7.07e-15    1.29e+00
   5        1.9517e-11   7.27e-14          1.9477e-11      7.04e-15    1.28e+00
   5        1.9403e-11   7.39e-14          1.9476e-11      7.01e-15    1.27e+00
   5        1.9635e-11   7.18e-14          1.9477e-11      6.98e-15    1.34e+00
LO = (1.9477346e-11 +- 6.9760911e-15) pb

*******************************************
* virtual corrections + integrated dipole *
*******************************************
The limits of integration are:

xl[0]=0.000000    xu[0]=1.000000
xl[1]=0.000000    xu[1]=1.000000
xl[2]=0.000000    xu[2]=1.000000

num_dim=3, calls=240, it_num=1, max_it_num=5 verb=0, alph=1.50,
mode=0, bins=50, boxes=1

       single.......iteration                   accumulated......results   
iteration     integral    sigma             integral         sigma     chi-sq/it

   1        2.8869e-12   2.92e-13          2.8869e-12      2.92e-13    0.00e+00
   2        2.7676e-12   1.08e-13          2.7821e-12      1.02e-13    1.47e-01
   3        3.0271e-12   7.81e-14          2.9360e-12      6.19e-14    1.90e+00
   4        3.0527e-12   6.59e-14          2.9908e-12      4.51e-14    1.82e+00
   5        3.1998e-12   7.36e-14          3.0479e-12      3.85e-14    2.83e+00

num_dim=3, calls=1200, it_num=1, max_it_num=3 verb=0, alph=1.50,
mode=0, bins=50, boxes=1

       single.......iteration                   accumulated......results   
iteration     integral    sigma             integral         sigma     chi-sq/it

   1        2.9875e-12   3.08e-14          2.9875e-12      3.08e-14    0.00e+00
   2        3.0642e-12   2.70e-14          3.0309e-12      2.03e-14    3.51e+00
   3        3.0393e-12   2.44e-14          3.0343e-12      1.56e-14    1.79e+00
   3        3.1125e-12   2.54e-14          3.0558e-12      1.33e-14    3.49e+00
   3        3.0169e-12   2.47e-14          3.0470e-12      1.17e-14    3.09e+00
   3        3.0505e-12   2.49e-14          3.0477e-12      1.06e-14    2.48e+00
   3        3.0258e-12   2.57e-14          3.0445e-12      9.80e-15    2.17e+00
   3        3.0744e-12   2.42e-14          3.0487e-12      9.08e-15    2.05e+00
   3        3.0525e-12   2.37e-14          3.0492e-12      8.48e-15    1.79e+00
   3        3.0550e-12   2.44e-14          3.0498e-12      8.01e-15    1.60e+00
   3        3.0278e-12   2.46e-14          3.0477e-12      7.62e-15    1.51e+00
   3        3.0500e-12   2.56e-14          3.0479e-12      7.30e-15    1.37e+00
   3        3.0723e-12   2.41e-14          3.0500e-12      6.99e-15    1.34e+00
   3        3.0585e-12   2.50e-14          3.0506e-12      6.73e-15    1.24e+00
   3        3.0683e-12   2.59e-14          3.0517e-12      6.51e-15    1.19e+00
vNLO = (3.0516965e-12 +- 6.5112803e-15) pb

*****************************
* collinear remainder (P+K) *
*****************************
The limits of integration are:

xl[0]=0.000000    xu[0]=1.000000
xl[1]=0.000000    xu[1]=1.000000
xl[2]=0.000000    xu[2]=1.000000
xl[3]=0.000000    xu[3]=1.000000

num_dim=4, calls=2500, it_num=1, max_it_num=5 verb=0, alph=1.50,
mode=0, bins=50, boxes=1

       single.......iteration                   accumulated......results   
iteration     integral    sigma             integral         sigma     chi-sq/it

   1        5.2788e-13   1.97e-13          5.2788e-13      1.97e-13    0.00e+00
   2        3.2525e-13   9.97e-14          3.6656e-13      8.90e-14    8.42e-01
   3        3.0500e-13   8.31e-14          3.3367e-13      6.07e-14    5.49e-01
   4        2.3602e-13   8.12e-14          2.9865e-13      4.86e-14    6.75e-01
   5        1.8758e-13   8.21e-14          2.6979e-13      4.18e-14    8.45e-01

num_dim=4, calls=25000, it_num=1, max_it_num=3 verb=0, alph=1.50,
mode=0, bins=50, boxes=1

       single.......iteration                   accumulated......results   
iteration     integral    sigma             integral         sigma     chi-sq/it

   1        2.2547e-13   2.59e-14          2.2547e-13      2.59e-14    0.00e+00
   2        2.0874e-13   2.59e-14          2.1712e-13      1.83e-14    2.08e-01
   3        2.3262e-13   2.57e-14          2.2234e-13      1.49e-14    2.25e-01
   3        2.2142e-13   2.59e-14          2.2211e-13      1.29e-14    1.50e-01
   3        2.4517e-13   2.60e-14          2.2669e-13      1.16e-14    2.71e-01
   3        2.3638e-13   2.58e-14          2.2831e-13      1.06e-14    2.40e-01
   3        2.4663e-13   2.58e-14          2.3093e-13      9.77e-15    2.72e-01
   3        1.9239e-13   2.59e-14          2.2612e-13      9.14e-15    5.10e-01
   3        1.9460e-13   2.59e-14          2.2264e-13      8.62e-15    6.11e-01
   3        2.2667e-13   2.60e-14          2.2304e-13      8.18e-15    5.45e-01
   3        2.1525e-13   2.59e-14          2.2233e-13      7.80e-15    4.99e-01
   3        2.4383e-13   2.60e-14          2.2411e-13      7.47e-15    5.11e-01
   3        2.3772e-13   2.60e-14          2.2515e-13      7.18e-15    4.89e-01
   3        2.0288e-13   2.61e-14          2.2358e-13      6.93e-15    5.03e-01
   3        2.0797e-13   2.61e-14          2.2256e-13      6.70e-15    4.91e-01
   3        1.9263e-13   2.64e-14          2.2075e-13      6.49e-15    5.39e-01
P+K = (2.2074824e-13 +- 6.4895456e-15) pb

********************************
* real gluon emission - dipole *
********************************
The limits of integration are:

xl[0]=0.000000    xu[0]=1.000000
xl[1]=0.000000    xu[1]=1.000000
xl[2]=0.000000    xu[2]=1.000000
xl[3]=0.000000    xu[3]=1.000000
xl[4]=0.000000    xu[4]=1.000000
xl[5]=0.000000    xu[5]=1.000000

num_dim=6, calls=250, it_num=1, max_it_num=5 verb=0, alph=1.50,
mode=0, bins=50, boxes=1

       single.......iteration                   accumulated......results   
iteration     integral    sigma             integral         sigma     chi-sq/it

   1        -1.1182e-13   2.74e-14          -1.1182e-13      2.74e-14    0.00e+00
   2        -1.3823e-13   3.64e-14          -1.2136e-13      2.19e-14    3.36e-01
   3        -1.0863e-13   1.69e-14          -1.1337e-13      1.34e-14    2.74e-01
   4        -8.7936e-14   8.84e-15          -9.5691e-14      7.37e-15    1.02e+00
   5        -1.0356e-13   1.19e-14          -9.7877e-14      6.27e-15    8.47e-01

num_dim=6, calls=2500, it_num=1, max_it_num=3 verb=0, alph=1.50,
mode=0, bins=50, boxes=1

       single.......iteration                   accumulated......results   
iteration     integral    sigma             integral         sigma     chi-sq/it

   1        -1.0514e-13   4.23e-15          -1.0514e-13      4.23e-15    0.00e+00
   2        -1.0697e-13   2.52e-15          -1.0649e-13      2.17e-15    1.39e-01
   3        -1.0864e-13   1.88e-15          -1.0772e-13      1.42e-15    3.49e-01
   3        -1.0617e-13   1.79e-15          -1.0712e-13      1.11e-15    3.87e-01
   3        -1.0706e-13   1.65e-15          -1.0710e-13      9.21e-16    2.90e-01
   3        -1.0621e-13   1.47e-15          -1.0685e-13      7.80e-16    2.86e-01
   3        -1.0561e-13   1.38e-15          -1.0655e-13      6.78e-16    3.40e-01
   3        -1.0650e-13   1.38e-15          -1.0654e-13      6.09e-16    2.92e-01
   3        -1.0670e-13   1.34e-15          -1.0656e-13      5.54e-16    2.57e-01
   3        -1.0808e-13   1.41e-15          -1.0677e-13      5.16e-16    3.40e-01
   3        -1.0594e-13   1.39e-15          -1.0667e-13      4.83e-16    3.37e-01
   3        -1.0581e-13   1.42e-15          -1.0658e-13      4.57e-16    3.36e-01
   3        -1.0622e-13   1.36e-15          -1.0654e-13      4.34e-16    3.13e-01
   3        -1.0734e-13   1.38e-15          -1.0661e-13      4.14e-16    3.13e-01
   3        -1.0397e-13   1.32e-15          -1.0638e-13      3.95e-16    5.51e-01
rNLOg = (-1.0637699e-13 +- 3.9469705e-16) pb

**************************************************
* real light quark emission - dipole - (onshell) *
**************************************************
The limits of integration are:

xl[0]=0.000000    xu[0]=1.000000
xl[1]=0.000000    xu[1]=1.000000
xl[2]=0.000000    xu[2]=1.000000
xl[3]=0.000000    xu[3]=1.000000
xl[4]=0.000000    xu[4]=1.000000
xl[5]=0.000000    xu[5]=1.000000

num_dim=6, calls=5000, it_num=1, max_it_num=5 verb=0, alph=1.50,
mode=0, bins=50, boxes=1

       single.......iteration                   accumulated......results   
iteration     integral    sigma             integral         sigma     chi-sq/it

   1        2.7096e-13   1.93e-14          2.7096e-13      1.93e-14    0.00e+00
   2        2.8113e-13   6.51e-15          2.8010e-13      6.17e-15    2.48e-01
   3        2.7123e-13   3.57e-15          2.7346e-13      3.09e-15    8.97e-01
   4        2.6618e-13   2.94e-15          2.6964e-13      2.13e-15    1.57e+00
   5        2.6827e-13   2.68e-15          2.6911e-13      1.67e-15    1.22e+00

num_dim=6, calls=50000, it_num=1, max_it_num=5 verb=0, alph=1.50,
mode=0, bins=50, boxes=1

       single.......iteration                   accumulated......results   
iteration     integral    sigma             integral         sigma     chi-sq/it

   1        2.6851e-13   8.39e-16          2.6851e-13      8.39e-16    0.00e+00
   2        2.6992e-13   8.61e-16          2.6920e-13      6.01e-16    1.37e+00
   3        2.7148e-13   9.60e-16          2.6984e-13      5.09e-16    2.71e+00
   4        2.6983e-13   9.20e-16          2.6984e-13      4.45e-16    1.80e+00
   5        2.6997e-13   9.24e-16          2.6986e-13      4.01e-16    1.36e+00
rNLOq = (2.6986218e-13 +- 4.0130420e-16) pb
NLO = (2.2913276e-11 +- 1.1553945e-14) pb
#chisq/dof = 1.62454e-07
#status = success
#chisq/dof = 9.46013e-09
#status = success
#chisq/dof = 9.57642e-10
#status = success
#chisq/dof = 6.2625e-09
#status = success
#chisq/dof = 1.87047e-09
#status = success
#chisq/dof = 1.48147e-10
#status = success
#chisq/dof = 1.25961e-09
#status = success
#chisq/dof = 2.31789e-10
#status = success

*******************************************************
* threshold resummation (unimproved nnll) - expansion *
*******************************************************
The limits of integration are:

xl[0]=0.000000    xu[0]=1.000000
xl[1]=0.000000    xu[1]=1.000000
xl[2]=0.000000    xu[2]=1.000000

num_dim=3, calls=7000, it_num=1, max_it_num=5 verb=0, alph=1.50,
mode=0, bins=50, boxes=1

       single.......iteration                   accumulated......results   
iteration     integral    sigma             integral         sigma     chi-sq/it

   1        5.2964e-12   3.45e-12          5.2964e-12      3.45e-12    0.00e+00
   2        -3.3428e-13   8.68e-13          1.2064e-15      8.42e-13    2.51e+00
   3        1.3336e-12   7.41e-13          7.5133e-13      5.56e-13    1.96e+00
   4        -1.2600e-12   7.29e-13          1.1616e-14      4.42e-13    2.91e+00
   5        -2.1025e-14   7.39e-13          3.0107e-15      3.80e-13    2.18e+00

num_dim=3, calls=35000, it_num=1, max_it_num=5 verb=0, alph=1.50,
mode=0, bins=50, boxes=1

       single.......iteration                   accumulated......results   
iteration     integral    sigma             integral         sigma     chi-sq/it

   1        -2.8225e-13   3.30e-13          -2.8225e-13      3.30e-13    0.00e+00
   2        -6.6104e-13   3.28e-13          -4.7238e-13      2.33e-13    6.62e-01
   3        -7.1108e-13   3.30e-13          -5.5159e-13      1.90e-13    5.06e-01
   4        -7.6798e-13   3.30e-13          -6.0545e-13      1.65e-13    4.45e-01
   5        1.2526e-13   3.28e-13          -4.5783e-13      1.47e-13    1.33e+00
   5        -2.3888e-13   3.30e-13          -4.2139e-13      1.34e-13    1.13e+00
   5        -3.5289e-13   3.31e-13          -4.1168e-13      1.25e-13    9.51e-01
   5        -1.4411e-13   3.28e-13          -3.7790e-13      1.16e-13    8.99e-01
   5        -1.6340e-13   3.29e-13          -3.5400e-13      1.10e-13    8.34e-01
   5        -8.5986e-14   3.30e-13          -3.2731e-13      1.04e-13    8.07e-01
   5        -1.0304e-13   3.29e-13          -3.0690e-13      9.93e-14    7.69e-01
   5        -1.4996e-13   3.31e-13          -2.9393e-13      9.51e-14    7.17e-01
   5        -4.4637e-13   3.32e-13          -3.0550e-13      9.14e-14    6.74e-01
   5        -3.9067e-13   3.31e-13          -3.1155e-13      8.81e-14    6.27e-01
   5        -1.3666e-13   3.33e-13          -3.0012e-13      8.52e-14    6.00e-01
   5        -6.6099e-13   3.32e-13          -3.2247e-13      8.25e-14    6.34e-01
   5        8.7760e-14   3.35e-13          -2.9897e-13      8.01e-14    6.83e-01
   5        1.2002e-13   3.35e-13          -2.7624e-13      7.79e-14    7.30e-01
   5        -6.8872e-13   3.34e-13          -2.9755e-13      7.59e-14    7.70e-01
   5        -6.1928e-13   3.37e-13          -3.1309e-13      7.40e-14    7.75e-01
   5        6.8888e-14   3.35e-13          -2.9529e-13      7.23e-14    7.99e-01
   5        -1.8120e-13   3.41e-13          -2.9038e-13      7.07e-14    7.66e-01
   5        1.9269e-14   3.38e-13          -2.7737e-13      6.92e-14    7.68e-01
   5        2.2429e-14   3.38e-13          -2.6531e-13      6.78e-14    7.67e-01
   5        4.3817e-14   3.37e-13          -2.5327e-13      6.65e-14    7.69e-01
   5        -7.1889e-13   3.39e-13          -2.7052e-13      6.52e-14    8.11e-01
   5        -3.7622e-13   3.37e-13          -2.7432e-13      6.40e-14    7.83e-01
   5        -4.3685e-13   3.40e-13          -2.7987e-13      6.29e-14    7.62e-01
   5        -4.6990e-13   3.41e-13          -2.8614e-13      6.19e-14    7.46e-01
   5        2.3649e-14   3.41e-13          -2.7627e-13      6.09e-14    7.48e-01
   5        -1.8421e-13   3.42e-13          -2.7344e-13      5.99e-14    7.25e-01
   5        -9.8683e-13   3.43e-13          -2.9463e-13      5.90e-14    8.38e-01
   5        -3.9479e-13   3.42e-13          -2.9752e-13      5.82e-14    8.14e-01
   5        -9.8724e-14   3.45e-13          -2.9203e-13      5.74e-14    7.99e-01
   5        -4.5810e-13   3.43e-13          -2.9654e-13      5.66e-14    7.82e-01
   5        -6.5876e-13   3.46e-13          -3.0599e-13      5.58e-14    7.90e-01
   5        -5.8444e-14   3.47e-13          -2.9972e-13      5.51e-14    7.82e-01
   5        1.9072e-13   3.49e-13          -2.8775e-13      5.45e-14    8.13e-01
   5        -5.8639e-13   3.47e-13          -2.9492e-13      5.38e-14    8.11e-01
   5        1.1494e-13   3.51e-13          -2.8552e-13      5.32e-14    8.24e-01
   5        7.0411e-15   3.55e-13          -2.7910e-13      5.26e-14    8.20e-01
   5        2.2108e-13   3.54e-13          -2.6827e-13      5.20e-14    8.48e-01
   5        -7.8925e-14   3.49e-13          -2.6416e-13      5.15e-14    8.35e-01
   5        5.7250e-13   3.50e-13          -2.4646e-13      5.09e-14    9.45e-01
   5        5.0491e-15   3.52e-13          -2.4131e-13      5.04e-14    9.35e-01
   5        4.1889e-13   3.49e-13          -2.2786e-13      4.99e-14    9.92e-01
   5        -8.2552e-13   3.49e-13          -2.3982e-13      4.94e-14    1.03e+00
   5        -3.8374e-13   3.51e-13          -2.4261e-13      4.89e-14    1.01e+00
   5        -1.7452e-13   3.54e-13          -2.4133e-13      4.84e-14    9.94e-01
   5        7.0068e-14   3.51e-13          -2.3552e-13      4.80e-14    9.90e-01
   5        4.3491e-14   3.53e-13          -2.3047e-13      4.75e-14    9.82e-01
   5        -2.6448e-13   3.54e-13          -2.3107e-13      4.71e-14    9.63e-01
   5        -4.1333e-14   3.55e-13          -2.2779e-13      4.67e-14    9.50e-01
   5        -2.1838e-14   3.53e-13          -2.2425e-13      4.63e-14    9.38e-01
   5        -2.8065e-13   3.57e-13          -2.2518e-13      4.59e-14    9.21e-01
aNNLO+NNLL = (2.2688097e-11 +- 4.7346285e-14) pb

Results:
LO = (1.9597663e-11 +- 9.9566038e-15) pb
NLO = (2.2913276e-11 +- 1.1553945e-14) pb
aNNLO+NNLL = (2.2688097e-11 +- 4.7346285e-14) pb
Thanks for using LHAPDF 6.2.3. Please make sure to cite the paper:
  Eur.Phys.J. C75 (2015) 3, 132  (http://arxiv.org/abs/1412.7420)
 ====================================================
   FF 2.0, a package to evaluate one-loop integrals
 written by G. J. van Oldenborgh, NIKHEF-H, Amsterdam
 ====================================================
 for the algorithms used see preprint NIKHEF-H 89/17,
 'New Algorithms for One-loop Integrals', by G.J. van
 Oldenborgh and J.A.M. Vermaseren, published in 
 Zeitschrift fuer Physik C46(1990)425.
 ====================================================
 
total number of errors and warnings
===================================
fferr: no errors
 
