
  Welcome to Resummino git-latest
  Copyright 2008-2010 Jonathan Debove.
  Copyright 2011-2014 David R. Lamprea.
  Copyright 2011-2016 Marcel Rothering.

  Licensed under the EUPL 1.1 or later.
  See http://www.resummino.org/ for more information.

  If using Resummino for slepton pair production, please cite.
  - G. Bozzi, B. Fuks, M. Klasen, PRD 74, 015001 (2006); NPB 777, 157 (2007); NPB 794, 46 (2007).
  - B. Fuks, M. Klasen, D. R. Lamprea, M. Rothering, EPJC 73, 2480 (2013).

  For gaugino pair production, please cite:
  - J. Debove, B. Fuks, M. Klasen, PLB 688, 208 (2010); NPB 842, 51 (2011); NPB 849, 64 (2011).
  - B. Fuks, M. Klasen, D. R. Lamprea, M. Rothering, JHEP 1210, 081 (2012); EPJC 73, 2480 (2013).

  For associated gaugino gluino production, please cite:
  - B. Fuks, M. Klasen, M. Rothering, JHEP 07:053, (2016).
  - B. Fuks, M. Klasen, D. R. Lamprea, M. Rothering, EPJC 73, 2480 (2013).

LHAPDF 6.2.3 loading /pool/condor/dir_28842/resummino-releases/lhapdf-prefix/share/LHAPDF/PDF4LHC21_40/PDF4LHC21_40_0000.dat
PDF4LHC21_40 PDF set, member #0, version 1
 alpha_s(M_Z^2) = 0.1180 	 for LO PDF set 
 alpha_s(400.000^2) = 0.0965 	 for LO PDF set 

********************
* LO cross section *
********************
The limits of integration are:

xl[0]=0.000000    xu[0]=1.000000
xl[1]=0.000000    xu[1]=1.000000
xl[2]=0.000000    xu[2]=1.000000

num_dim=3, calls=2000, it_num=1, max_it_num=5 verb=0, alph=1.50,
mode=0, bins=50, boxes=1

       single.......iteration                   accumulated......results   
iteration     integral    sigma             integral         sigma     chi-sq/it

   1        1.7886e-11   5.82e-13          1.7886e-11      5.82e-13    0.00e+00
   2        1.8168e-11   1.92e-13          1.8141e-11      1.82e-13    2.12e-01
   3        1.8452e-11   1.11e-13          1.8368e-11      9.47e-14    1.17e+00
   4        1.8179e-11   1.03e-13          1.8281e-11      6.96e-14    1.39e+00
   5        1.8165e-11   1.07e-13          1.8246e-11      5.84e-14    1.25e+00

num_dim=3, calls=20000, it_num=1, max_it_num=5 verb=0, alph=1.50,
mode=0, bins=50, boxes=1

       single.......iteration                   accumulated......results   
iteration     integral    sigma             integral         sigma     chi-sq/it

   1        1.8263e-11   3.26e-14          1.8263e-11      3.26e-14    0.00e+00
   2        1.8267e-11   3.22e-14          1.8265e-11      2.29e-14    9.48e-03
   3        1.8338e-11   3.17e-14          1.8290e-11      1.86e-14    1.74e+00
   4        1.8313e-11   3.32e-14          1.8295e-11      1.62e-14    1.28e+00
   5        1.8236e-11   3.33e-14          1.8284e-11      1.46e-14    1.61e+00
   5        1.8268e-11   3.34e-14          1.8282e-11      1.34e-14    1.32e+00
   5        1.8294e-11   3.38e-14          1.8283e-11      1.24e-14    1.12e+00
   5        1.8250e-11   3.40e-14          1.8279e-11      1.17e-14    1.09e+00
   5        1.8239e-11   3.49e-14          1.8275e-11      1.11e-14    1.10e+00
   5        1.8208e-11   3.58e-14          1.8269e-11      1.06e-14    1.34e+00
   5        1.8262e-11   3.74e-14          1.8269e-11      1.02e-14    1.21e+00
   5        1.8256e-11   3.76e-14          1.8268e-11      9.82e-15    1.11e+00
LO = (1.8267964e-11 +- 9.8236735e-15) pb
LHAPDF 6.2.3 loading /pool/condor/dir_28842/resummino-releases/lhapdf-prefix/share/LHAPDF/PDF4LHC21_40/PDF4LHC21_40_0000.dat
PDF4LHC21_40 PDF set, member #0, version 1
 alpha_s(M_Z^2) = 0.1180 	 for NLO PDF set 
 alpha_s(400.000^2) = 0.0965 	 for NLO PDF set 

********************
* LO cross section *
********************
The limits of integration are:

xl[0]=0.000000    xu[0]=1.000000
xl[1]=0.000000    xu[1]=1.000000
xl[2]=0.000000    xu[2]=1.000000

num_dim=3, calls=2000, it_num=1, max_it_num=5 verb=0, alph=1.50,
mode=0, bins=50, boxes=1

       single.......iteration                   accumulated......results   
iteration     integral    sigma             integral         sigma     chi-sq/it

   1        1.7886e-11   5.82e-13          1.7886e-11      5.82e-13    0.00e+00
   2        1.8168e-11   1.92e-13          1.8141e-11      1.82e-13    2.12e-01
   3        1.8452e-11   1.11e-13          1.8368e-11      9.47e-14    1.17e+00
   4        1.8179e-11   1.03e-13          1.8281e-11      6.96e-14    1.39e+00
   5        1.8165e-11   1.07e-13          1.8246e-11      5.84e-14    1.25e+00

num_dim=3, calls=20000, it_num=1, max_it_num=5 verb=0, alph=1.50,
mode=0, bins=50, boxes=1

       single.......iteration                   accumulated......results   
iteration     integral    sigma             integral         sigma     chi-sq/it

   1        1.8263e-11   3.26e-14          1.8263e-11      3.26e-14    0.00e+00
   2        1.8267e-11   3.22e-14          1.8265e-11      2.29e-14    9.48e-03
   3        1.8338e-11   3.17e-14          1.8290e-11      1.86e-14    1.74e+00
   4        1.8313e-11   3.32e-14          1.8295e-11      1.62e-14    1.28e+00
   5        1.8236e-11   3.33e-14          1.8284e-11      1.46e-14    1.61e+00
   5        1.8268e-11   3.34e-14          1.8282e-11      1.34e-14    1.32e+00
   5        1.8294e-11   3.38e-14          1.8283e-11      1.24e-14    1.12e+00
   5        1.8250e-11   3.40e-14          1.8279e-11      1.17e-14    1.09e+00
   5        1.8239e-11   3.49e-14          1.8275e-11      1.11e-14    1.10e+00
   5        1.8208e-11   3.58e-14          1.8269e-11      1.06e-14    1.34e+00
   5        1.8262e-11   3.74e-14          1.8269e-11      1.02e-14    1.21e+00
   5        1.8256e-11   3.76e-14          1.8268e-11      9.82e-15    1.11e+00
   5        1.8306e-11   3.95e-14          1.8270e-11      9.53e-15    1.09e+00
   5        1.8262e-11   4.12e-14          1.8270e-11      9.29e-15    1.00e+00
   5        1.8274e-11   4.38e-14          1.8270e-11      9.08e-15    9.34e-01
   5        1.8236e-11   4.49e-14          1.8269e-11      8.90e-15    9.07e-01
   5        1.8249e-11   4.53e-14          1.8268e-11      8.74e-15    8.62e-01
   5        1.8309e-11   4.66e-14          1.8269e-11      8.59e-15    8.56e-01
   5        1.8341e-11   4.93e-14          1.8271e-11      8.46e-15    9.21e-01
   5        1.8352e-11   4.90e-14          1.8274e-11      8.34e-15    1.01e+00
   5        1.8231e-11   4.97e-14          1.8273e-11      8.22e-15    9.98e-01
   5        1.8291e-11   5.17e-14          1.8273e-11      8.12e-15    9.56e-01
   5        1.8302e-11   5.33e-14          1.8274e-11      8.03e-15    9.25e-01
   5        1.8235e-11   5.38e-14          1.8273e-11      7.94e-15    9.07e-01
   5        1.8366e-11   5.52e-14          1.8275e-11      7.86e-15    9.85e-01
   5        1.8248e-11   5.44e-14          1.8274e-11      7.78e-15    9.55e-01
   5        1.8385e-11   5.54e-14          1.8276e-11      7.70e-15    1.07e+00
   5        1.8304e-11   5.44e-14          1.8277e-11      7.63e-15    1.04e+00
   5        1.8269e-11   5.60e-14          1.8277e-11      7.56e-15    1.00e+00
   5        1.8333e-11   5.93e-14          1.8278e-11      7.50e-15    9.99e-01
   5        1.8227e-11   5.65e-14          1.8277e-11      7.43e-15    9.93e-01
   5        1.8286e-11   5.72e-14          1.8277e-11      7.37e-15    9.61e-01
   5        1.8375e-11   5.72e-14          1.8278e-11      7.31e-15    1.02e+00
   5        1.8210e-11   5.96e-14          1.8277e-11      7.25e-15    1.03e+00
   5        1.8191e-11   6.12e-14          1.8276e-11      7.20e-15    1.06e+00
   5        1.8335e-11   6.16e-14          1.8277e-11      7.16e-15    1.05e+00
   5        1.8145e-11   6.09e-14          1.8275e-11      7.11e-15    1.15e+00
   5        1.8237e-11   6.40e-14          1.8275e-11      7.06e-15    1.13e+00
   5        1.8330e-11   6.05e-14          1.8276e-11      7.02e-15    1.12e+00
   5        1.8299e-11   6.02e-14          1.8276e-11      6.97e-15    1.10e+00
   5        1.8323e-11   6.19e-14          1.8276e-11      6.92e-15    1.09e+00
   5        1.8297e-11   6.31e-14          1.8277e-11      6.88e-15    1.06e+00
   5        1.8357e-11   6.39e-14          1.8278e-11      6.84e-15    1.07e+00
   5        1.8313e-11   6.54e-14          1.8278e-11      6.81e-15    1.06e+00
   5        1.8209e-11   6.60e-14          1.8277e-11      6.77e-15    1.06e+00
   5        1.8266e-11   6.85e-14          1.8277e-11      6.74e-15    1.03e+00
   5        1.8329e-11   6.88e-14          1.8278e-11      6.71e-15    1.02e+00
   5        1.8059e-11   6.63e-14          1.8275e-11      6.67e-15    1.23e+00
   5        1.8401e-11   6.70e-14          1.8277e-11      6.64e-15    1.28e+00
   5        1.8386e-11   6.75e-14          1.8278e-11      6.61e-15    1.30e+00
   5        1.8272e-11   6.54e-14          1.8278e-11      6.57e-15    1.28e+00
   5        1.8177e-11   6.56e-14          1.8277e-11      6.54e-15    1.30e+00
   5        1.8312e-11   6.80e-14          1.8277e-11      6.51e-15    1.28e+00
   5        1.8205e-11   7.00e-14          1.8276e-11      6.48e-15    1.27e+00
   5        1.8428e-11   6.83e-14          1.8278e-11      6.45e-15    1.34e+00
LO = (1.8277700e-11 +- 6.4537387e-15) pb

*******************************************
* virtual corrections + integrated dipole *
*******************************************
The limits of integration are:

xl[0]=0.000000    xu[0]=1.000000
xl[1]=0.000000    xu[1]=1.000000
xl[2]=0.000000    xu[2]=1.000000

num_dim=3, calls=240, it_num=1, max_it_num=5 verb=0, alph=1.50,
mode=0, bins=50, boxes=1

       single.......iteration                   accumulated......results   
iteration     integral    sigma             integral         sigma     chi-sq/it

   1        2.4768e-12   2.48e-13          2.4768e-12      2.48e-13    0.00e+00
   2        2.3810e-12   9.33e-14          2.3929e-12      8.73e-14    1.31e-01
   3        2.5925e-12   6.54e-14          2.5207e-12      5.23e-14    1.74e+00
   4        2.6105e-12   5.55e-14          2.5630e-12      3.81e-14    1.62e+00
   5        2.7489e-12   6.25e-14          2.6133e-12      3.25e-14    2.83e+00

num_dim=3, calls=1200, it_num=1, max_it_num=3 verb=0, alph=1.50,
mode=0, bins=50, boxes=1

       single.......iteration                   accumulated......results   
iteration     integral    sigma             integral         sigma     chi-sq/it

   1        2.5659e-12   2.60e-14          2.5659e-12      2.60e-14    0.00e+00
   2        2.6320e-12   2.26e-14          2.6035e-12      1.71e-14    3.68e+00
   3        2.6097e-12   2.04e-14          2.6060e-12      1.31e-14    1.87e+00
   3        2.6711e-12   2.13e-14          2.6239e-12      1.12e-14    3.50e+00
   3        2.5924e-12   2.06e-14          2.6167e-12      9.80e-15    3.08e+00
   3        2.6224e-12   2.05e-14          2.6178e-12      8.85e-15    2.48e+00
   3        2.5967e-12   2.18e-14          2.6148e-12      8.20e-15    2.20e+00
   3        2.6404e-12   2.03e-14          2.6184e-12      7.60e-15    2.08e+00
   3        2.6254e-12   1.98e-14          2.6193e-12      7.10e-15    1.83e+00
   3        2.6245e-12   2.04e-14          2.6199e-12      6.70e-15    1.64e+00
   3        2.6012e-12   2.07e-14          2.6181e-12      6.38e-15    1.54e+00
   3        2.6167e-12   2.14e-14          2.6180e-12      6.11e-15    1.40e+00
   3        2.6357e-12   2.03e-14          2.6195e-12      5.85e-15    1.35e+00
vNLO = (2.6194622e-12 +- 5.8513518e-15) pb

*****************************
* collinear remainder (P+K) *
*****************************
The limits of integration are:

xl[0]=0.000000    xu[0]=1.000000
xl[1]=0.000000    xu[1]=1.000000
xl[2]=0.000000    xu[2]=1.000000
xl[3]=0.000000    xu[3]=1.000000

num_dim=4, calls=2500, it_num=1, max_it_num=5 verb=0, alph=1.50,
mode=0, bins=50, boxes=1

       single.......iteration                   accumulated......results   
iteration     integral    sigma             integral         sigma     chi-sq/it

   1        1.5083e-12   1.82e-13          1.5083e-12      1.82e-13    0.00e+00
   2        1.3309e-12   7.80e-14          1.3584e-12      7.17e-14    8.02e-01
   3        1.3528e-12   6.03e-14          1.3551e-12      4.61e-14    4.03e-01
   4        1.3851e-12   6.07e-14          1.3661e-12      3.67e-14    3.20e-01
   5        1.3315e-12   6.03e-14          1.3567e-12      3.14e-14    3.00e-01

num_dim=4, calls=25000, it_num=1, max_it_num=3 verb=0, alph=1.50,
mode=0, bins=50, boxes=1

       single.......iteration                   accumulated......results   
iteration     integral    sigma             integral         sigma     chi-sq/it

   1        1.3447e-12   1.88e-14          1.3447e-12      1.88e-14    0.00e+00
   2        1.3295e-12   1.86e-14          1.3371e-12      1.32e-14    3.32e-01
   3        1.3398e-12   1.87e-14          1.3380e-12      1.08e-14    1.73e-01
   3        1.3441e-12   1.87e-14          1.3395e-12      9.36e-15    1.42e-01
   3        1.3469e-12   1.88e-14          1.3410e-12      8.37e-15    1.38e-01
   3        1.3304e-12   1.87e-14          1.3392e-12      7.65e-15    1.64e-01
   3        1.3544e-12   1.87e-14          1.3414e-12      7.08e-15    2.30e-01
   3        1.3246e-12   1.88e-14          1.3393e-12      6.63e-15    2.97e-01
   3        1.3451e-12   1.89e-14          1.3400e-12      6.25e-15    2.70e-01
   3        1.3412e-12   1.90e-14          1.3401e-12      5.94e-15    2.41e-01
   3        1.3248e-12   1.89e-14          1.3387e-12      5.67e-15    2.76e-01
   3        1.3604e-12   1.89e-14          1.3405e-12      5.43e-15    3.61e-01
   3        1.3810e-12   1.91e-14          1.3435e-12      5.22e-15    6.77e-01
P+K = (1.3435248e-12 +- 5.2235747e-15) pb

********************************
* real gluon emission - dipole *
********************************
The limits of integration are:

xl[0]=0.000000    xu[0]=1.000000
xl[1]=0.000000    xu[1]=1.000000
xl[2]=0.000000    xu[2]=1.000000
xl[3]=0.000000    xu[3]=1.000000
xl[4]=0.000000    xu[4]=1.000000
xl[5]=0.000000    xu[5]=1.000000

num_dim=6, calls=250, it_num=1, max_it_num=5 verb=0, alph=1.50,
mode=0, bins=50, boxes=1

       single.......iteration                   accumulated......results   
iteration     integral    sigma             integral         sigma     chi-sq/it

   1        -9.5726e-14   2.37e-14          -9.5726e-14      2.37e-14    0.00e+00
   2        -1.1613e-13   2.99e-14          -1.0358e-13      1.86e-14    2.86e-01
   3        -9.3629e-14   1.38e-14          -9.7169e-14      1.11e-14    2.36e-01
   4        -8.0199e-14   8.14e-15          -8.6154e-14      6.56e-15    6.65e-01
   5        -9.5510e-14   1.03e-14          -8.8858e-14      5.53e-15    6.46e-01

num_dim=6, calls=2500, it_num=1, max_it_num=3 verb=0, alph=1.50,
mode=0, bins=50, boxes=1

       single.......iteration                   accumulated......results   
iteration     integral    sigma             integral         sigma     chi-sq/it

   1        -9.2331e-14   3.19e-15          -9.2331e-14      3.19e-15    0.00e+00
   2        -8.8026e-14   1.82e-15          -8.9086e-14      1.58e-15    1.37e+00
   3        -9.1587e-14   1.58e-15          -9.0336e-14      1.12e-15    1.31e+00
rNLOg = (-9.0336045e-14 +- 1.1188339e-15) pb

**************************************************
* real light quark emission - dipole - (onshell) *
**************************************************
The limits of integration are:

xl[0]=0.000000    xu[0]=1.000000
xl[1]=0.000000    xu[1]=1.000000
xl[2]=0.000000    xu[2]=1.000000
xl[3]=0.000000    xu[3]=1.000000
xl[4]=0.000000    xu[4]=1.000000
xl[5]=0.000000    xu[5]=1.000000

num_dim=6, calls=5000, it_num=1, max_it_num=5 verb=0, alph=1.50,
mode=0, bins=50, boxes=1

       single.......iteration                   accumulated......results   
iteration     integral    sigma             integral         sigma     chi-sq/it

   1        2.2301e-13   1.62e-14          2.2301e-13      1.62e-14    0.00e+00
   2        2.3065e-13   5.25e-15          2.2993e-13      5.00e-15    2.02e-01
   3        2.2276e-13   2.92e-15          2.2459e-13      2.52e-15    8.67e-01
   4        2.1895e-13   2.40e-15          2.2163e-13      1.74e-15    1.45e+00
   5        2.2098e-13   2.20e-15          2.2138e-13      1.36e-15    1.10e+00

num_dim=6, calls=50000, it_num=1, max_it_num=5 verb=0, alph=1.50,
mode=0, bins=50, boxes=1

       single.......iteration                   accumulated......results   
iteration     integral    sigma             integral         sigma     chi-sq/it

   1        2.2097e-13   6.90e-16          2.2097e-13      6.90e-16    0.00e+00
   2        2.2211e-13   7.09e-16          2.2152e-13      4.95e-16    1.34e+00
   3        2.2338e-13   7.91e-16          2.2204e-13      4.19e-16    2.66e+00
   4        2.2205e-13   7.58e-16          2.2205e-13      3.67e-16    1.77e+00
   5        2.2215e-13   7.61e-16          2.2207e-13      3.31e-16    1.33e+00
rNLOq = (2.2206603e-13 +- 3.3052589e-16) pb
NLO = (2.2372417e-11 +- 1.0224277e-14) pb
#chisq/dof = 4.24765e-07
#status = success
#chisq/dof = 2.00576e-08
#status = success
#chisq/dof = 7.96446e-10
#status = success
#chisq/dof = 4.74719e-09
#status = success
#chisq/dof = 5.85437e-10
#status = success
#chisq/dof = 1.2544e-10
#status = success
#chisq/dof = 2.38995e-09
#status = success
#chisq/dof = 1.87415e-10
#status = success

*******************************************************
* threshold resummation (unimproved nnll) - expansion *
*******************************************************
The limits of integration are:

xl[0]=0.000000    xu[0]=1.000000
xl[1]=0.000000    xu[1]=1.000000
xl[2]=0.000000    xu[2]=1.000000

num_dim=3, calls=7000, it_num=1, max_it_num=5 verb=0, alph=1.50,
mode=0, bins=50, boxes=1

       single.......iteration                   accumulated......results   
iteration     integral    sigma             integral         sigma     chi-sq/it

   1        2.8153e-12   1.62e-12          2.8153e-12      1.62e-12    0.00e+00
   2        -4.5875e-13   4.45e-13          -2.2840e-13      4.29e-13    3.81e+00
   3        3.6901e-13   3.89e-13          9.9481e-14      2.88e-13    2.44e+00
   4        -2.6997e-13   3.80e-13          -3.5434e-14      2.30e-13    1.82e+00
   5        4.6258e-13   3.80e-13          9.7828e-14      1.96e-13    1.68e+00

num_dim=3, calls=35000, it_num=1, max_it_num=5 verb=0, alph=1.50,
mode=0, bins=50, boxes=1

       single.......iteration                   accumulated......results   
iteration     integral    sigma             integral         sigma     chi-sq/it

   1        -4.9914e-14   1.70e-13          -4.9914e-14      1.70e-13    0.00e+00
   2        -7.0447e-15   1.69e-13          -2.8387e-14      1.20e-13    3.19e-02
   3        -2.4783e-13   1.69e-13          -1.0195e-13      9.78e-14    5.76e-01
   4        -1.5700e-13   1.70e-13          -1.1561e-13      8.48e-14    4.11e-01
   5        3.4803e-14   1.69e-13          -8.5423e-14      7.58e-14    4.66e-01
   5        -5.2356e-14   1.69e-13          -7.9894e-14      6.92e-14    3.79e-01
   5        -1.4653e-13   1.70e-13          -8.9380e-14      6.41e-14    3.38e-01
   5        -1.6204e-13   1.70e-13          -9.8444e-14      6.00e-14    3.12e-01
   5        -7.5729e-14   1.71e-13          -9.5949e-14      5.66e-14    2.75e-01
   5        -2.9197e-13   1.71e-13          -1.1536e-13      5.37e-14    3.77e-01
   5        -6.7859e-14   1.70e-13          -1.1103e-13      5.12e-14    3.46e-01
   5        1.4766e-13   1.71e-13          -8.9638e-14      4.90e-14    5.07e-01
   5        -1.1137e-13   1.70e-13          -9.1304e-14      4.71e-14    4.66e-01
   5        2.1423e-13   1.71e-13          -6.9764e-14      4.54e-14    6.58e-01
   5        -1.9612e-14   1.71e-13          -6.6464e-14      4.39e-14    6.17e-01
   5        -1.4768e-13   1.72e-13          -7.1441e-14      4.25e-14    5.90e-01
   5        1.3780e-13   1.70e-13          -5.9167e-14      4.13e-14    6.41e-01
   5        -1.6958e-13   1.70e-13          -6.5282e-14      4.01e-14    6.27e-01
   5        -2.8351e-13   1.71e-13          -7.6647e-14      3.91e-14    6.78e-01
   5        -3.0589e-13   1.74e-13          -8.7685e-14      3.81e-14    7.29e-01
   5        6.4638e-14   1.71e-13          -8.0501e-14      3.72e-14    7.31e-01
   5        -2.7977e-14   1.71e-13          -7.8125e-14      3.63e-14    7.00e-01
   5        -5.6611e-15   1.72e-13          -7.5032e-14      3.56e-14    6.76e-01
   5        3.6219e-14   1.73e-13          -7.0511e-14      3.48e-14    6.64e-01
   5        -1.4524e-13   1.74e-13          -7.3384e-14      3.42e-14    6.44e-01
   5        -1.7802e-13   1.74e-13          -7.7267e-14      3.35e-14    6.32e-01
   5        -1.4997e-13   1.74e-13          -7.9863e-14      3.29e-14    6.14e-01
   5        8.8445e-15   1.74e-13          -7.6806e-14      3.23e-14    6.01e-01
   5        1.1068e-13   1.75e-13          -7.0648e-14      3.18e-14    6.19e-01
   5        5.6232e-15   1.77e-13          -6.8275e-14      3.13e-14    6.03e-01
   5        -7.9181e-14   1.77e-13          -6.8608e-14      3.08e-14    5.83e-01
   5        -1.0594e-13   1.77e-13          -6.9708e-14      3.04e-14    5.66e-01
   5        -1.2116e-13   1.77e-13          -7.1178e-14      2.99e-14    5.51e-01
   5        2.1360e-13   1.78e-13          -6.3377e-14      2.95e-14    6.09e-01
   5        -1.1005e-13   1.78e-13          -6.4625e-14      2.91e-14    5.93e-01
   5        -1.4635e-13   1.80e-13          -6.6697e-14      2.87e-14    5.82e-01
   5        -2.2148e-13   1.77e-13          -7.0667e-14      2.84e-14    5.87e-01
   5        1.5974e-13   1.79e-13          -6.4993e-14      2.80e-14    6.15e-01
   5        -1.2684e-13   1.79e-13          -6.6469e-14      2.77e-14    6.01e-01
   5        3.5848e-13   1.80e-13          -5.6683e-14      2.74e-14    7.25e-01
   5        1.3412e-14   1.81e-13          -5.5123e-14      2.71e-14    7.11e-01
   5        1.3105e-13   1.82e-13          -5.1103e-14      2.68e-14    7.18e-01
   5        6.3726e-14   1.84e-13          -4.8714e-14      2.65e-14    7.10e-01
   5        4.4032e-14   1.83e-13          -4.6818e-14      2.62e-14    7.00e-01
   5        -1.5433e-13   1.85e-13          -4.8926e-14      2.60e-14    6.91e-01
   5        -5.1291e-14   1.83e-13          -4.8973e-14      2.57e-14    6.76e-01
   5        -1.5789e-13   1.82e-13          -5.1096e-14      2.54e-14    6.69e-01
   5        6.8995e-14   1.85e-13          -4.8868e-14      2.52e-14    6.63e-01
   5        -1.3234e-13   1.85e-13          -5.0395e-14      2.50e-14    6.54e-01
   5        -2.0310e-13   1.84e-13          -5.3144e-14      2.48e-14    6.54e-01
   5        -2.7720e-13   1.86e-13          -5.7024e-14      2.45e-14    6.69e-01
   5        1.7779e-13   1.89e-13          -5.3140e-14      2.43e-14    6.86e-01
   5        1.3977e-13   1.86e-13          -4.9884e-14      2.41e-14    6.93e-01
   5        1.6123e-13   1.84e-13          -4.6304e-14      2.39e-14    7.05e-01
   5        -4.4000e-14   1.87e-13          -4.6267e-14      2.37e-14    6.92e-01
aNNLO+NNLL = (2.2326150e-11 +- 2.5837498e-14) pb

Results:
LO = (1.8267964e-11 +- 9.8236735e-15) pb
NLO = (2.2372417e-11 +- 1.0224277e-14) pb
aNNLO+NNLL = (2.2326150e-11 +- 2.5837498e-14) pb
Thanks for using LHAPDF 6.2.3. Please make sure to cite the paper:
  Eur.Phys.J. C75 (2015) 3, 132  (http://arxiv.org/abs/1412.7420)
 ====================================================
   FF 2.0, a package to evaluate one-loop integrals
 written by G. J. van Oldenborgh, NIKHEF-H, Amsterdam
 ====================================================
 for the algorithms used see preprint NIKHEF-H 89/17,
 'New Algorithms for One-loop Integrals', by G.J. van
 Oldenborgh and J.A.M. Vermaseren, published in 
 Zeitschrift fuer Physik C46(1990)425.
 ====================================================
 
total number of errors and warnings
===================================
fferr: no errors
 
