
  Welcome to Resummino git-latest
  Copyright 2008-2010 Jonathan Debove.
  Copyright 2011-2014 David R. Lamprea.
  Copyright 2011-2016 Marcel Rothering.

  Licensed under the EUPL 1.1 or later.
  See http://www.resummino.org/ for more information.

  If using Resummino for slepton pair production, please cite.
  - G. Bozzi, B. Fuks, M. Klasen, PRD 74, 015001 (2006); NPB 777, 157 (2007); NPB 794, 46 (2007).
  - B. Fuks, M. Klasen, D. R. Lamprea, M. Rothering, EPJC 73, 2480 (2013).

  For gaugino pair production, please cite:
  - J. Debove, B. Fuks, M. Klasen, PLB 688, 208 (2010); NPB 842, 51 (2011); NPB 849, 64 (2011).
  - B. Fuks, M. Klasen, D. R. Lamprea, M. Rothering, JHEP 1210, 081 (2012); EPJC 73, 2480 (2013).

  For associated gaugino gluino production, please cite:
  - B. Fuks, M. Klasen, M. Rothering, JHEP 07:053, (2016).
  - B. Fuks, M. Klasen, D. R. Lamprea, M. Rothering, EPJC 73, 2480 (2013).

LHAPDF 6.2.3 loading /pool/condor/dir_62198/resummino-releases/lhapdf-prefix/share/LHAPDF/PDF4LHC21_40/PDF4LHC21_40_0000.dat
PDF4LHC21_40 PDF set, member #0, version 1
 alpha_s(M_Z^2) = 0.1180 	 for LO PDF set 
 alpha_s(1300.000^2) = 0.0844 	 for LO PDF set 

********************
* LO cross section *
********************
The limits of integration are:

xl[0]=0.000000    xu[0]=1.000000
xl[1]=0.000000    xu[1]=1.000000
xl[2]=0.000000    xu[2]=1.000000

num_dim=3, calls=2000, it_num=1, max_it_num=5 verb=0, alph=1.50,
mode=0, bins=50, boxes=1

       single.......iteration                   accumulated......results   
iteration     integral    sigma             integral         sigma     chi-sq/it

   1        5.6638e-13   1.74e-14          5.6638e-13      1.74e-14    0.00e+00
   2        5.9700e-13   6.26e-15          5.9349e-13      5.89e-15    2.74e+00
   3        6.0459e-13   3.44e-15          6.0177e-13      2.97e-15    2.69e+00
   4        5.9755e-13   3.24e-15          5.9984e-13      2.19e-15    2.10e+00
   5        5.9518e-13   3.38e-15          5.9846e-13      1.84e-15    1.91e+00

num_dim=3, calls=20000, it_num=1, max_it_num=5 verb=0, alph=1.50,
mode=0, bins=50, boxes=1

       single.......iteration                   accumulated......results   
iteration     integral    sigma             integral         sigma     chi-sq/it

   1        5.9963e-13   1.03e-15          5.9963e-13      1.03e-15    0.00e+00
   2        5.9959e-13   1.00e-15          5.9961e-13      7.20e-16    8.40e-04
   3        6.0115e-13   9.97e-16          6.0014e-13      5.84e-16    7.85e-01
   4        6.0095e-13   1.05e-15          6.0033e-13      5.11e-16    6.74e-01
   5        5.9868e-13   1.06e-15          6.0002e-13      4.60e-16    1.00e+00
LO = (6.0001910e-13 +- 4.5964769e-16) pb
LHAPDF 6.2.3 loading /pool/condor/dir_62198/resummino-releases/lhapdf-prefix/share/LHAPDF/PDF4LHC21_40/PDF4LHC21_40_0020.dat
PDF4LHC21_40 PDF set, member #20, version 1
 alpha_s(M_Z^2) = 0.1180 	 for NLO PDF set 
 alpha_s(1300.000^2) = 0.0844 	 for NLO PDF set 

********************
* LO cross section *
********************
The limits of integration are:

xl[0]=0.000000    xu[0]=1.000000
xl[1]=0.000000    xu[1]=1.000000
xl[2]=0.000000    xu[2]=1.000000

num_dim=3, calls=2000, it_num=1, max_it_num=5 verb=0, alph=1.50,
mode=0, bins=50, boxes=1

       single.......iteration                   accumulated......results   
iteration     integral    sigma             integral         sigma     chi-sq/it

   1        5.8402e-13   1.79e-14          5.8402e-13      1.79e-14    0.00e+00
   2        6.1440e-13   6.48e-15          6.1087e-13      6.09e-15    2.55e+00
   3        6.2294e-13   3.69e-15          6.1971e-13      3.15e-15    2.71e+00
   4        6.1558e-13   3.52e-15          6.1787e-13      2.35e-15    2.06e+00
   5        6.1226e-13   3.70e-15          6.1626e-13      1.98e-15    1.96e+00

num_dim=3, calls=20000, it_num=1, max_it_num=5 verb=0, alph=1.50,
mode=0, bins=50, boxes=1

       single.......iteration                   accumulated......results   
iteration     integral    sigma             integral         sigma     chi-sq/it

   1        6.1754e-13   1.12e-15          6.1754e-13      1.12e-15    0.00e+00
   2        6.1775e-13   1.09e-15          6.1765e-13      7.80e-16    1.65e-02
   3        6.1943e-13   1.08e-15          6.1826e-13      6.32e-16    9.00e-01
   4        6.1905e-13   1.14e-15          6.1844e-13      5.53e-16    7.23e-01
   5        6.1662e-13   1.14e-15          6.1810e-13      4.98e-16    1.06e+00
   5        6.1691e-13   1.14e-15          6.1791e-13      4.56e-16    1.03e+00
   5        6.1842e-13   1.15e-15          6.1798e-13      4.24e-16    8.87e-01
   5        6.1646e-13   1.16e-15          6.1780e-13      3.98e-16    9.76e-01
   5        6.1661e-13   1.19e-15          6.1768e-13      3.78e-16    9.66e-01
   5        6.1602e-13   1.22e-15          6.1753e-13      3.61e-16    1.05e+00
   5        6.1754e-13   1.27e-15          6.1753e-13      3.47e-16    9.41e-01
   5        6.1740e-13   1.29e-15          6.1753e-13      3.35e-16    8.56e-01
   5        6.1888e-13   1.35e-15          6.1760e-13      3.25e-16    8.64e-01
   5        6.1681e-13   1.41e-15          6.1756e-13      3.17e-16    8.21e-01
   5        6.1789e-13   1.49e-15          6.1758e-13      3.10e-16    7.65e-01
   5        6.1597e-13   1.53e-15          6.1751e-13      3.04e-16    7.85e-01
   5        6.1621e-13   1.55e-15          6.1747e-13      2.98e-16    7.79e-01
   5        6.1843e-13   1.59e-15          6.1750e-13      2.93e-16    7.54e-01
   5        6.1951e-13   1.70e-15          6.1756e-13      2.89e-16    7.87e-01
   5        6.2032e-13   1.64e-15          6.1764e-13      2.84e-16    8.91e-01
   5        6.1630e-13   1.67e-15          6.1760e-13      2.80e-16    8.77e-01
   5        6.1861e-13   1.71e-15          6.1763e-13      2.77e-16    8.52e-01
   5        6.1855e-13   1.77e-15          6.1765e-13      2.73e-16    8.25e-01
   5        6.1818e-13   1.88e-15          6.1766e-13      2.70e-16    7.92e-01
   5        6.1994e-13   1.88e-15          6.1771e-13      2.68e-16    8.20e-01
   5        6.1661e-13   1.91e-15          6.1769e-13      2.65e-16    8.00e-01
   5        6.2261e-13   1.99e-15          6.1777e-13      2.63e-16    1.00e+00
   5        6.1779e-13   1.92e-15          6.1777e-13      2.60e-16    9.64e-01
   5        6.1738e-13   1.96e-15          6.1777e-13      2.58e-16    9.31e-01
   5        6.1857e-13   2.02e-15          6.1778e-13      2.56e-16    9.05e-01
   5        6.1682e-13   2.02e-15          6.1776e-13      2.54e-16    8.82e-01
   5        6.1753e-13   2.10e-15          6.1776e-13      2.52e-16    8.54e-01
   5        6.2009e-13   2.01e-15          6.1780e-13      2.50e-16    8.69e-01
   5        6.1588e-13   2.04e-15          6.1777e-13      2.48e-16    8.68e-01
   5        6.1421e-13   2.02e-15          6.1772e-13      2.46e-16    9.33e-01
   5        6.1991e-13   2.07e-15          6.1775e-13      2.45e-16    9.38e-01
   5        6.1249e-13   2.05e-15          6.1767e-13      2.43e-16    1.09e+00
   5        6.1550e-13   2.10e-15          6.1764e-13      2.41e-16    1.09e+00
   5        6.1972e-13   2.06e-15          6.1767e-13      2.40e-16    1.09e+00
   5        6.1750e-13   2.10e-15          6.1767e-13      2.38e-16    1.06e+00
   5        6.1859e-13   2.14e-15          6.1768e-13      2.37e-16    1.04e+00
   5        6.1736e-13   2.14e-15          6.1768e-13      2.35e-16    1.01e+00
   5        6.2229e-13   2.17e-15          6.1773e-13      2.34e-16    1.10e+00
   5        6.1919e-13   2.17e-15          6.1775e-13      2.33e-16    1.08e+00
   5        6.1552e-13   2.23e-15          6.1772e-13      2.31e-16    1.08e+00
   5        6.1753e-13   2.28e-15          6.1772e-13      2.30e-16    1.06e+00
   5        6.2094e-13   2.38e-15          6.1775e-13      2.29e-16    1.07e+00
   5        6.1305e-13   2.33e-15          6.1771e-13      2.28e-16    1.13e+00
   5        6.2273e-13   2.40e-15          6.1775e-13      2.27e-16    1.20e+00
   5        6.2163e-13   2.36e-15          6.1779e-13      2.26e-16    1.23e+00
   5        6.1736e-13   2.35e-15          6.1778e-13      2.25e-16    1.21e+00
   5        6.1306e-13   2.34e-15          6.1774e-13      2.24e-16    1.26e+00
   5        6.1790e-13   2.41e-15          6.1774e-13      2.23e-16    1.24e+00
   5        6.1834e-13   2.50e-15          6.1775e-13      2.22e-16    1.22e+00
   5        6.2195e-13   2.43e-15          6.1778e-13      2.21e-16    1.25e+00
LO = (6.1778075e-13 +- 2.2106996e-16) pb

*******************************************
* virtual corrections + integrated dipole *
*******************************************
The limits of integration are:

xl[0]=0.000000    xu[0]=1.000000
xl[1]=0.000000    xu[1]=1.000000
xl[2]=0.000000    xu[2]=1.000000

num_dim=3, calls=240, it_num=1, max_it_num=5 verb=0, alph=1.50,
mode=0, bins=50, boxes=1

       single.......iteration                   accumulated......results   
iteration     integral    sigma             integral         sigma     chi-sq/it

   1        6.6038e-14   5.95e-15          6.6038e-14      5.95e-15    0.00e+00
   2        7.2491e-14   3.41e-15          7.0894e-14      2.96e-15    8.85e-01
   3        7.8022e-14   2.12e-15          7.5610e-14      1.72e-15    2.36e+00
   4        7.8554e-14   1.47e-15          7.7310e-14      1.12e-15    2.14e+00
   5        8.1357e-14   1.85e-15          7.8394e-14      9.58e-16    2.48e+00

num_dim=3, calls=1200, it_num=1, max_it_num=3 verb=0, alph=1.50,
mode=0, bins=50, boxes=1

       single.......iteration                   accumulated......results   
iteration     integral    sigma             integral         sigma     chi-sq/it

   1        7.5896e-14   7.96e-16          7.5896e-14      7.96e-16    0.00e+00
   2        7.7776e-14   6.37e-16          7.7043e-14      4.97e-16    3.40e+00
   3        7.7241e-14   5.93e-16          7.7124e-14      3.81e-16    1.73e+00
   3        7.8966e-14   6.14e-16          7.7637e-14      3.24e-16    3.32e+00
   3        7.6914e-14   6.12e-16          7.7479e-14      2.86e-16    2.76e+00
   3        7.7713e-14   6.17e-16          7.7520e-14      2.60e-16    2.23e+00
   3        7.6500e-14   6.54e-16          7.7382e-14      2.41e-16    2.21e+00
   3        7.8335e-14   6.14e-16          7.7509e-14      2.25e-16    2.19e+00
   3        7.8349e-14   5.95e-16          7.7614e-14      2.10e-16    2.14e+00
   3        7.7494e-14   5.96e-16          7.7601e-14      1.98e-16    1.90e+00
   3        7.7390e-14   6.24e-16          7.7582e-14      1.89e-16    1.72e+00
   3        7.7684e-14   6.32e-16          7.7590e-14      1.81e-16    1.57e+00
   3        7.8169e-14   6.19e-16          7.7635e-14      1.74e-16    1.51e+00
   3        7.7651e-14   6.42e-16          7.7637e-14      1.68e-16    1.39e+00
vNLO = (7.7636546e-14 +- 1.6763630e-16) pb

*****************************
* collinear remainder (P+K) *
*****************************
The limits of integration are:

xl[0]=0.000000    xu[0]=1.000000
xl[1]=0.000000    xu[1]=1.000000
xl[2]=0.000000    xu[2]=1.000000
xl[3]=0.000000    xu[3]=1.000000

num_dim=4, calls=2500, it_num=1, max_it_num=5 verb=0, alph=1.50,
mode=0, bins=50, boxes=1

       single.......iteration                   accumulated......results   
iteration     integral    sigma             integral         sigma     chi-sq/it

   1        8.0250e-14   5.08e-15          8.0250e-14      5.08e-15    0.00e+00
   2        8.0459e-14   2.01e-15          8.0431e-14      1.87e-15    1.45e-03
   3        8.0819e-14   1.67e-15          8.0646e-14      1.25e-15    1.27e-02
   4        8.1307e-14   1.63e-15          8.0891e-14      9.89e-16    4.32e-02
   5        8.2963e-14   1.61e-15          8.1460e-14      8.42e-16    3.34e-01

num_dim=4, calls=25000, it_num=1, max_it_num=3 verb=0, alph=1.50,
mode=0, bins=50, boxes=1

       single.......iteration                   accumulated......results   
iteration     integral    sigma             integral         sigma     chi-sq/it

   1        8.2772e-14   5.00e-16          8.2772e-14      5.00e-16    0.00e+00
   2        8.2821e-14   4.97e-16          8.2797e-14      3.52e-16    4.85e-03
   3        8.1447e-14   5.02e-16          8.2351e-14      2.88e-16    2.42e+00
   3        8.2148e-14   5.01e-16          8.2300e-14      2.50e-16    1.66e+00
   3        8.1330e-14   5.05e-16          8.2109e-14      2.24e-16    1.98e+00
   3        8.1232e-14   5.03e-16          8.1964e-14      2.05e-16    2.09e+00
   3        8.1507e-14   5.04e-16          8.1899e-14      1.90e-16    1.86e+00
   3        8.1921e-14   5.04e-16          8.1902e-14      1.77e-16    1.60e+00
   3        8.1961e-14   5.10e-16          8.1908e-14      1.68e-16    1.40e+00
P+K = (8.1908362e-14 +- 1.6759718e-16) pb

********************************
* real gluon emission - dipole *
********************************
The limits of integration are:

xl[0]=0.000000    xu[0]=1.000000
xl[1]=0.000000    xu[1]=1.000000
xl[2]=0.000000    xu[2]=1.000000
xl[3]=0.000000    xu[3]=1.000000
xl[4]=0.000000    xu[4]=1.000000
xl[5]=0.000000    xu[5]=1.000000

num_dim=6, calls=250, it_num=1, max_it_num=5 verb=0, alph=1.50,
mode=0, bins=50, boxes=1

       single.......iteration                   accumulated......results   
iteration     integral    sigma             integral         sigma     chi-sq/it

   1        -1.1402e-15   4.13e-16          -1.1402e-15      4.13e-16    0.00e+00
   2        -1.2806e-15   3.36e-16          -1.2246e-15      2.61e-16    6.96e-02
   3        -7.3709e-16   8.84e-17          -7.8738e-16      8.37e-17    1.60e+00
   4        -9.9829e-16   1.25e-16          -8.5305e-16      6.95e-17    1.73e+00
   5        -9.9657e-16   1.72e-16          -8.7317e-16      6.44e-17    1.44e+00

num_dim=6, calls=2500, it_num=1, max_it_num=3 verb=0, alph=1.50,
mode=0, bins=50, boxes=1

       single.......iteration                   accumulated......results   
iteration     integral    sigma             integral         sigma     chi-sq/it

   1        -9.6770e-16   4.21e-17          -9.6770e-16      4.21e-17    0.00e+00
   2        -9.5943e-16   2.04e-17          -9.6100e-16      1.83e-17    3.13e-02
   3        -9.8415e-16   1.48e-17          -9.7499e-16      1.15e-17    4.98e-01
rNLOg = (-9.7499132e-16 +- 1.1529548e-17) pb

**************************************************
* real light quark emission - dipole - (onshell) *
**************************************************
The limits of integration are:

xl[0]=0.000000    xu[0]=1.000000
xl[1]=0.000000    xu[1]=1.000000
xl[2]=0.000000    xu[2]=1.000000
xl[3]=0.000000    xu[3]=1.000000
xl[4]=0.000000    xu[4]=1.000000
xl[5]=0.000000    xu[5]=1.000000

num_dim=6, calls=5000, it_num=1, max_it_num=5 verb=0, alph=1.50,
mode=0, bins=50, boxes=1

       single.......iteration                   accumulated......results   
iteration     integral    sigma             integral         sigma     chi-sq/it

   1        2.0351e-15   1.33e-16          2.0351e-15      1.33e-16    0.00e+00
   2        2.0852e-15   4.09e-17          2.0809e-15      3.91e-17    1.29e-01
   3        2.0167e-15   2.25e-17          2.0326e-15      1.95e-17    1.08e+00
   4        2.0056e-15   1.72e-17          2.0174e-15      1.29e-17    1.08e+00
   5        2.0171e-15   1.50e-17          2.0173e-15      9.79e-18    8.09e-01

num_dim=6, calls=50000, it_num=1, max_it_num=5 verb=0, alph=1.50,
mode=0, bins=50, boxes=1

       single.......iteration                   accumulated......results   
iteration     integral    sigma             integral         sigma     chi-sq/it

   1        2.0150e-15   4.61e-18          2.0150e-15      4.61e-18    0.00e+00
   2        2.0288e-15   5.81e-18          2.0203e-15      3.61e-18    3.47e+00
   3        2.0330e-15   5.94e-18          2.0237e-15      3.09e-18    3.40e+00
   4        2.0238e-15   5.38e-18          2.0237e-15      2.68e-18    2.27e+00
   5        2.0280e-15   5.91e-18          2.0245e-15      2.44e-18    1.81e+00
   5        2.0205e-15   5.12e-18          2.0237e-15      2.20e-18    1.55e+00
   5        2.0163e-15   4.47e-18          2.0223e-15      1.98e-18    1.66e+00
   5        2.0268e-15   4.42e-18          2.0230e-15      1.80e-18    1.54e+00
   5        2.0358e-15   4.92e-18          2.0246e-15      1.69e-18    2.09e+00
   5        2.0343e-15   5.21e-18          2.0255e-15      1.61e-18    2.21e+00
   5        2.0332e-15   4.75e-18          2.0263e-15      1.53e-18    2.22e+00
   5        2.0226e-15   6.84e-18          2.0261e-15      1.49e-18    2.05e+00
   5        2.0401e-15   6.26e-18          2.0269e-15      1.45e-18    2.27e+00
   5        2.0298e-15   5.22e-18          2.0271e-15      1.40e-18    2.12e+00
   5        2.0249e-15   4.91e-18          2.0269e-15      1.34e-18    1.98e+00
   5        2.0228e-15   5.08e-18          2.0266e-15      1.30e-18    1.89e+00
   5        2.0290e-15   4.82e-18          2.0268e-15      1.25e-18    1.78e+00
   5        2.0278e-15   5.32e-18          2.0268e-15      1.22e-18    1.68e+00
   5        2.0160e-15   5.16e-18          2.0263e-15      1.19e-18    1.82e+00
   5        2.0303e-15   5.18e-18          2.0265e-15      1.16e-18    1.75e+00
   5        2.0206e-15   5.14e-18          2.0262e-15      1.13e-18    1.73e+00
   5        2.0223e-15   5.03e-18          2.0260e-15      1.10e-18    1.67e+00
   5        2.0425e-15   1.16e-17          2.0262e-15      1.10e-18    1.69e+00
   5        2.0160e-15   9.28e-18          2.0260e-15      1.09e-18    1.66e+00
   5        2.0223e-15   5.82e-18          2.0259e-15      1.07e-18    1.61e+00
   5        2.0339e-15   7.26e-18          2.0261e-15      1.06e-18    1.59e+00
   5        2.0477e-15   1.49e-17          2.0262e-15      1.06e-18    1.61e+00
   5        2.0297e-15   1.13e-17          2.0262e-15      1.05e-18    1.56e+00
   5        2.0165e-15   6.67e-18          2.0260e-15      1.04e-18    1.58e+00
   5        2.0302e-15   5.48e-18          2.0261e-15      1.02e-18    1.54e+00
   5        2.0273e-15   4.99e-18          2.0262e-15      1.00e-18    1.49e+00
rNLOq = (2.0261571e-15 +- 1.0000473e-18) pb
NLO = (7.7837682e-13 +- 3.2434025e-16) pb
#chisq/dof = 2.31722e-09
#status = success
#chisq/dof = 1.50809e-09
#status = success
#chisq/dof = 5.36494e-10
#status = success
#chisq/dof = 6.79974e-10
#status = success
#chisq/dof = 1.40723e-10
#status = success
#chisq/dof = 2.96282e-12
#status = success
#chisq/dof = 1.44331e-10
#status = success
#chisq/dof = 5.78397e-11
#status = success

*******************************************************
* threshold resummation (unimproved nnll) - expansion *
*******************************************************
The limits of integration are:

xl[0]=0.000000    xu[0]=1.000000
xl[1]=0.000000    xu[1]=1.000000
xl[2]=0.000000    xu[2]=1.000000

num_dim=3, calls=7000, it_num=1, max_it_num=5 verb=0, alph=1.50,
mode=0, bins=50, boxes=1

       single.......iteration                   accumulated......results   
iteration     integral    sigma             integral         sigma     chi-sq/it

   1        6.2380e-14   8.61e-14          6.2380e-14      8.61e-14    0.00e+00
   2        1.5061e-14   2.28e-14          1.8162e-14      2.20e-14    2.82e-01
   3        1.6714e-14   2.02e-14          1.7376e-14      1.49e-14    1.42e-01
   4        2.8015e-14   2.01e-14          2.1160e-14      1.20e-14    1.55e-01
   5        1.0075e-14   2.00e-14          1.8233e-14      1.03e-14    1.73e-01

num_dim=3, calls=35000, it_num=1, max_it_num=5 verb=0, alph=1.50,
mode=0, bins=50, boxes=1

       single.......iteration                   accumulated......results   
iteration     integral    sigma             integral         sigma     chi-sq/it

   1        1.2023e-14   8.89e-15          1.2023e-14      8.89e-15    0.00e+00
   2        6.2172e-15   8.88e-15          9.1178e-15      6.28e-15    2.13e-01
   3        -5.1007e-15   8.91e-15          4.3940e-15      5.13e-15    9.57e-01
   4        4.9913e-15   8.88e-15          4.5436e-15      4.45e-15    6.39e-01
   5        -2.8425e-15   8.93e-15          3.0759e-15      3.98e-15    6.17e-01
   5        -9.3355e-15   8.92e-15          1.0147e-15      3.63e-15    8.16e-01
   5        6.2841e-15   8.97e-15          1.7579e-15      3.37e-15    7.30e-01
   5        -1.0546e-14   8.94e-15          2.2935e-16      3.15e-15    8.62e-01
aNNLO+NNLL = (7.7860617e-13 +- 3.1685520e-15) pb

Results:
LO = (6.0001910e-13 +- 4.5964769e-16) pb
NLO = (7.7837682e-13 +- 3.2434025e-16) pb
aNNLO+NNLL = (7.7860617e-13 +- 3.1685520e-15) pb
Thanks for using LHAPDF 6.2.3. Please make sure to cite the paper:
  Eur.Phys.J. C75 (2015) 3, 132  (http://arxiv.org/abs/1412.7420)
 ====================================================
   FF 2.0, a package to evaluate one-loop integrals
 written by G. J. van Oldenborgh, NIKHEF-H, Amsterdam
 ====================================================
 for the algorithms used see preprint NIKHEF-H 89/17,
 'New Algorithms for One-loop Integrals', by G.J. van
 Oldenborgh and J.A.M. Vermaseren, published in 
 Zeitschrift fuer Physik C46(1990)425.
 ====================================================
 
total number of errors and warnings
===================================
fferr: no errors
 
