
  Welcome to Resummino git-latest
  Copyright 2008-2010 Jonathan Debove.
  Copyright 2011-2014 David R. Lamprea.
  Copyright 2011-2016 Marcel Rothering.

  Licensed under the EUPL 1.1 or later.
  See http://www.resummino.org/ for more information.

  If using Resummino for slepton pair production, please cite.
  - G. Bozzi, B. Fuks, M. Klasen, PRD 74, 015001 (2006); NPB 777, 157 (2007); NPB 794, 46 (2007).
  - B. Fuks, M. Klasen, D. R. Lamprea, M. Rothering, EPJC 73, 2480 (2013).

  For gaugino pair production, please cite:
  - J. Debove, B. Fuks, M. Klasen, PLB 688, 208 (2010); NPB 842, 51 (2011); NPB 849, 64 (2011).
  - B. Fuks, M. Klasen, D. R. Lamprea, M. Rothering, JHEP 1210, 081 (2012); EPJC 73, 2480 (2013).

  For associated gaugino gluino production, please cite:
  - B. Fuks, M. Klasen, M. Rothering, JHEP 07:053, (2016).
  - B. Fuks, M. Klasen, D. R. Lamprea, M. Rothering, EPJC 73, 2480 (2013).

LHAPDF 6.2.3 loading /pool/condor/dir_5168/resummino-releases/lhapdf-prefix/share/LHAPDF/PDF4LHC21_40/PDF4LHC21_40_0000.dat
PDF4LHC21_40 PDF set, member #0, version 1
 alpha_s(M_Z^2) = 0.1180 	 for LO PDF set 
 alpha_s(1500.000^2) = 0.0831 	 for LO PDF set 

********************
* LO cross section *
********************
The limits of integration are:

xl[0]=0.000000    xu[0]=1.000000
xl[1]=0.000000    xu[1]=1.000000
xl[2]=0.000000    xu[2]=1.000000

num_dim=3, calls=2000, it_num=1, max_it_num=5 verb=0, alph=1.50,
mode=0, bins=50, boxes=1

       single.......iteration                   accumulated......results   
iteration     integral    sigma             integral         sigma     chi-sq/it

   1        2.9668e-13   8.97e-15          2.9668e-13      8.97e-15    0.00e+00
   2        3.1279e-13   3.24e-15          3.1092e-13      3.05e-15    2.85e+00
   3        3.1692e-13   1.78e-15          3.1539e-13      1.54e-15    2.86e+00
   4        3.1317e-13   1.68e-15          3.1438e-13      1.14e-15    2.22e+00
   5        3.1213e-13   1.75e-15          3.1371e-13      9.53e-16    1.96e+00

num_dim=3, calls=20000, it_num=1, max_it_num=5 verb=0, alph=1.50,
mode=0, bins=50, boxes=1

       single.......iteration                   accumulated......results   
iteration     integral    sigma             integral         sigma     chi-sq/it

   1        3.1429e-13   5.35e-16          3.1429e-13      5.35e-16    0.00e+00
   2        3.1421e-13   5.21e-16          3.1425e-13      3.73e-16    1.28e-02
   3        3.1503e-13   5.16e-16          3.1452e-13      3.02e-16    7.60e-01
   4        3.1494e-13   5.46e-16          3.1462e-13      2.65e-16    6.60e-01
   5        3.1371e-13   5.47e-16          3.1445e-13      2.38e-16    1.05e+00
LO = (3.1444703e-13 +- 2.3821088e-16) pb
LHAPDF 6.2.3 loading /pool/condor/dir_5168/resummino-releases/lhapdf-prefix/share/LHAPDF/PDF4LHC21_40/PDF4LHC21_40_0002.dat
PDF4LHC21_40 PDF set, member #2, version 1
 alpha_s(M_Z^2) = 0.1180 	 for NLO PDF set 
 alpha_s(1500.000^2) = 0.0831 	 for NLO PDF set 

********************
* LO cross section *
********************
The limits of integration are:

xl[0]=0.000000    xu[0]=1.000000
xl[1]=0.000000    xu[1]=1.000000
xl[2]=0.000000    xu[2]=1.000000

num_dim=3, calls=2000, it_num=1, max_it_num=5 verb=0, alph=1.50,
mode=0, bins=50, boxes=1

       single.......iteration                   accumulated......results   
iteration     integral    sigma             integral         sigma     chi-sq/it

   1        2.9714e-13   8.93e-15          2.9714e-13      8.93e-15    0.00e+00
   2        3.1230e-13   3.40e-15          3.1038e-13      3.18e-15    2.51e+00
   3        3.1721e-13   2.02e-15          3.1524e-13      1.70e-15    2.90e+00
   4        3.1304e-13   1.95e-15          3.1429e-13      1.28e-15    2.18e+00
   5        3.1118e-13   2.07e-15          3.1342e-13      1.09e-15    2.04e+00

num_dim=3, calls=20000, it_num=1, max_it_num=5 verb=0, alph=1.50,
mode=0, bins=50, boxes=1

       single.......iteration                   accumulated......results   
iteration     integral    sigma             integral         sigma     chi-sq/it

   1        3.1434e-13   6.14e-16          3.1434e-13      6.14e-16    0.00e+00
   2        3.1456e-13   5.95e-16          3.1445e-13      4.27e-16    6.32e-02
   3        3.1541e-13   5.92e-16          3.1478e-13      3.46e-16    8.94e-01
   4        3.1512e-13   6.24e-16          3.1486e-13      3.03e-16    6.70e-01
   5        3.1385e-13   6.25e-16          3.1467e-13      2.73e-16    1.03e+00
   5        3.1398e-13   6.22e-16          3.1456e-13      2.50e-16    1.03e+00
   5        3.1475e-13   6.30e-16          3.1458e-13      2.32e-16    8.71e-01
   5        3.1370e-13   6.38e-16          3.1448e-13      2.18e-16    9.90e-01
   5        3.1385e-13   6.47e-16          3.1442e-13      2.07e-16    9.73e-01
   5        3.1332e-13   6.67e-16          3.1432e-13      1.97e-16    1.14e+00
   5        3.1434e-13   6.84e-16          3.1432e-13      1.90e-16    1.02e+00
   5        3.1428e-13   6.99e-16          3.1432e-13      1.83e-16    9.32e-01
   5        3.1511e-13   7.33e-16          3.1437e-13      1.78e-16    9.44e-01
   5        3.1402e-13   7.61e-16          3.1435e-13      1.73e-16    8.87e-01
   5        3.1458e-13   7.98e-16          3.1436e-13      1.69e-16    8.29e-01
   5        3.1343e-13   8.20e-16          3.1432e-13      1.66e-16    8.57e-01
   5        3.1371e-13   8.30e-16          3.1430e-13      1.62e-16    8.36e-01
   5        3.1472e-13   8.47e-16          3.1431e-13      1.59e-16    8.01e-01
   5        3.1544e-13   9.02e-16          3.1435e-13      1.57e-16    8.42e-01
   5        3.1598e-13   8.73e-16          3.1440e-13      1.55e-16    9.76e-01
   5        3.1382e-13   8.84e-16          3.1438e-13      1.52e-16    9.48e-01
   5        3.1503e-13   9.09e-16          3.1440e-13      1.50e-16    9.27e-01
   5        3.1497e-13   9.39e-16          3.1441e-13      1.48e-16    9.01e-01
   5        3.1458e-13   9.77e-16          3.1442e-13      1.47e-16    8.63e-01
   5        3.1571e-13   9.90e-16          3.1444e-13      1.45e-16    8.97e-01
   5        3.1383e-13   1.00e-15          3.1443e-13      1.44e-16    8.76e-01
   5        3.1690e-13   1.03e-15          3.1448e-13      1.42e-16    1.06e+00
   5        3.1453e-13   1.00e-15          3.1448e-13      1.41e-16    1.02e+00
   5        3.1428e-13   1.03e-15          3.1448e-13      1.39e-16    9.85e-01
   5        3.1476e-13   1.06e-15          3.1448e-13      1.38e-16    9.54e-01
   5        3.1391e-13   1.04e-15          3.1447e-13      1.37e-16    9.32e-01
   5        3.1442e-13   1.07e-15          3.1447e-13      1.36e-16    9.02e-01
   5        3.1557e-13   1.03e-15          3.1449e-13      1.35e-16    9.08e-01
   5        3.1330e-13   1.06e-15          3.1447e-13      1.34e-16    9.18e-01
   5        3.1267e-13   1.05e-15          3.1444e-13      1.33e-16    9.76e-01
   5        3.1547e-13   1.07e-15          3.1446e-13      1.32e-16    9.74e-01
   5        3.1191e-13   1.07e-15          3.1442e-13      1.31e-16    1.10e+00
   5        3.1340e-13   1.09e-15          3.1440e-13      1.30e-16    1.09e+00
   5        3.1540e-13   1.09e-15          3.1442e-13      1.29e-16    1.09e+00
   5        3.1435e-13   1.10e-15          3.1442e-13      1.28e-16    1.06e+00
   5        3.1491e-13   1.13e-15          3.1442e-13      1.27e-16    1.04e+00
   5        3.1429e-13   1.10e-15          3.1442e-13      1.26e-16    1.01e+00
   5        3.1662e-13   1.13e-15          3.1445e-13      1.25e-16    1.08e+00
   5        3.1507e-13   1.14e-15          3.1446e-13      1.25e-16    1.06e+00
   5        3.1304e-13   1.18e-15          3.1444e-13      1.24e-16    1.07e+00
   5        3.1444e-13   1.20e-15          3.1444e-13      1.23e-16    1.04e+00
   5        3.1597e-13   1.24e-15          3.1446e-13      1.23e-16    1.05e+00
   5        3.1174e-13   1.20e-15          3.1443e-13      1.22e-16    1.14e+00
   5        3.1695e-13   1.23e-15          3.1445e-13      1.22e-16    1.20e+00
   5        3.1639e-13   1.22e-15          3.1447e-13      1.21e-16    1.23e+00
   5        3.1419e-13   1.22e-15          3.1447e-13      1.20e-16    1.21e+00
   5        3.1212e-13   1.23e-15          3.1445e-13      1.20e-16    1.25e+00
   5        3.1455e-13   1.26e-15          3.1445e-13      1.19e-16    1.23e+00
   5        3.1452e-13   1.28e-15          3.1445e-13      1.19e-16    1.21e+00
   5        3.1709e-13   1.26e-15          3.1447e-13      1.18e-16    1.27e+00
LO = (3.1447082e-13 +- 1.1818052e-16) pb

*******************************************
* virtual corrections + integrated dipole *
*******************************************
The limits of integration are:

xl[0]=0.000000    xu[0]=1.000000
xl[1]=0.000000    xu[1]=1.000000
xl[2]=0.000000    xu[2]=1.000000

num_dim=3, calls=240, it_num=1, max_it_num=5 verb=0, alph=1.50,
mode=0, bins=50, boxes=1

       single.......iteration                   accumulated......results   
iteration     integral    sigma             integral         sigma     chi-sq/it

   1        3.3017e-14   2.93e-15          3.3017e-14      2.93e-15    0.00e+00
   2        3.6451e-14   1.73e-15          3.5564e-14      1.49e-15    1.02e+00
   3        3.8961e-14   1.12e-15          3.7727e-14      8.97e-16    2.17e+00
   4        3.9782e-14   7.76e-16          3.8902e-14      5.87e-16    2.45e+00
   5        4.0893e-14   9.71e-16          3.9435e-14      5.02e-16    2.60e+00

num_dim=3, calls=1200, it_num=1, max_it_num=3 verb=0, alph=1.50,
mode=0, bins=50, boxes=1

       single.......iteration                   accumulated......results   
iteration     integral    sigma             integral         sigma     chi-sq/it

   1        3.7976e-14   4.24e-16          3.7976e-14      4.24e-16    0.00e+00
   2        3.8945e-14   3.45e-16          3.8560e-14      2.67e-16    3.14e+00
   3        3.8739e-14   3.24e-16          3.8633e-14      2.06e-16    1.66e+00
   3        3.9656e-14   3.29e-16          3.8921e-14      1.75e-16    3.42e+00
   3        3.8591e-14   3.27e-16          3.8848e-14      1.54e-16    2.76e+00
   3        3.8946e-14   3.42e-16          3.8865e-14      1.41e-16    2.22e+00
   3        3.8300e-14   3.54e-16          3.8787e-14      1.31e-16    2.22e+00
   3        3.9269e-14   3.31e-16          3.8852e-14      1.22e-16    2.16e+00
   3        3.9318e-14   3.14e-16          3.8913e-14      1.13e-16    2.13e+00
   3        3.8853e-14   3.24e-16          3.8906e-14      1.07e-16    1.90e+00
   3        3.8825e-14   3.36e-16          3.8899e-14      1.02e-16    1.71e+00
   3        3.8933e-14   3.40e-16          3.8902e-14      9.76e-17    1.56e+00
   3        3.9189e-14   3.34e-16          3.8924e-14      9.37e-17    1.49e+00
vNLO = (3.8924416e-14 +- 9.3714701e-17) pb

*****************************
* collinear remainder (P+K) *
*****************************
The limits of integration are:

xl[0]=0.000000    xu[0]=1.000000
xl[1]=0.000000    xu[1]=1.000000
xl[2]=0.000000    xu[2]=1.000000
xl[3]=0.000000    xu[3]=1.000000

num_dim=4, calls=2500, it_num=1, max_it_num=5 verb=0, alph=1.50,
mode=0, bins=50, boxes=1

       single.......iteration                   accumulated......results   
iteration     integral    sigma             integral         sigma     chi-sq/it

   1        4.5964e-14   2.64e-15          4.5964e-14      2.64e-15    0.00e+00
   2        4.6167e-14   1.05e-15          4.6139e-14      9.77e-16    5.10e-03
   3        4.6140e-14   8.60e-16          4.6139e-14      6.46e-16    2.55e-03
   4        4.6329e-14   8.34e-16          4.6210e-14      5.11e-16    1.24e-02
   5        4.7094e-14   8.25e-16          4.6455e-14      4.34e-16    2.17e-01

num_dim=4, calls=25000, it_num=1, max_it_num=3 verb=0, alph=1.50,
mode=0, bins=50, boxes=1

       single.......iteration                   accumulated......results   
iteration     integral    sigma             integral         sigma     chi-sq/it

   1        4.7073e-14   2.56e-16          4.7073e-14      2.56e-16    0.00e+00
   2        4.7113e-14   2.54e-16          4.7093e-14      1.80e-16    1.26e-02
   3        4.6397e-14   2.57e-16          4.6863e-14      1.48e-16    2.47e+00
   3        4.6732e-14   2.57e-16          4.6831e-14      1.28e-16    1.71e+00
   3        4.6376e-14   2.59e-16          4.6741e-14      1.15e-16    1.90e+00
   3        4.6312e-14   2.58e-16          4.6670e-14      1.05e-16    1.99e+00
   3        4.6468e-14   2.57e-16          4.6642e-14      9.71e-17    1.74e+00
   3        4.6613e-14   2.58e-16          4.6638e-14      9.09e-17    1.50e+00
P+K = (4.6637979e-14 +- 9.0862766e-17) pb

********************************
* real gluon emission - dipole *
********************************
The limits of integration are:

xl[0]=0.000000    xu[0]=1.000000
xl[1]=0.000000    xu[1]=1.000000
xl[2]=0.000000    xu[2]=1.000000
xl[3]=0.000000    xu[3]=1.000000
xl[4]=0.000000    xu[4]=1.000000
xl[5]=0.000000    xu[5]=1.000000

num_dim=6, calls=250, it_num=1, max_it_num=5 verb=0, alph=1.50,
mode=0, bins=50, boxes=1

       single.......iteration                   accumulated......results   
iteration     integral    sigma             integral         sigma     chi-sq/it

   1        -4.9625e-16   1.79e-16          -4.9625e-16      1.79e-16    0.00e+00
   2        -5.1621e-16   1.22e-16          -5.0991e-16      1.01e-16    8.47e-03
   3        -3.4671e-16   4.59e-17          -3.7473e-16      4.18e-17    1.09e+00
   4        -3.6553e-16   3.57e-17          -3.6942e-16      2.71e-17    7.36e-01
   5        -4.2382e-16   3.56e-17          -3.8943e-16      2.16e-17    9.21e-01

num_dim=6, calls=2500, it_num=1, max_it_num=3 verb=0, alph=1.50,
mode=0, bins=50, boxes=1

       single.......iteration                   accumulated......results   
iteration     integral    sigma             integral         sigma     chi-sq/it

   1        -4.2995e-16   1.03e-17          -4.2995e-16      1.03e-17    0.00e+00
   2        -4.3187e-16   6.76e-18          -4.3129e-16      5.64e-18    2.44e-02
   3        -4.3243e-16   5.66e-18          -4.3186e-16      4.00e-18    2.24e-02
rNLOg = (-4.3186019e-16 +- 3.9963201e-18) pb

**************************************************
* real light quark emission - dipole - (onshell) *
**************************************************
The limits of integration are:

xl[0]=0.000000    xu[0]=1.000000
xl[1]=0.000000    xu[1]=1.000000
xl[2]=0.000000    xu[2]=1.000000
xl[3]=0.000000    xu[3]=1.000000
xl[4]=0.000000    xu[4]=1.000000
xl[5]=0.000000    xu[5]=1.000000

num_dim=6, calls=5000, it_num=1, max_it_num=5 verb=0, alph=1.50,
mode=0, bins=50, boxes=1

       single.......iteration                   accumulated......results   
iteration     integral    sigma             integral         sigma     chi-sq/it

   1        9.1656e-16   5.71e-17          9.1656e-16      5.71e-17    0.00e+00
   2        9.3060e-16   1.93e-17          9.2916e-16      1.83e-17    5.43e-02
   3        8.9905e-16   9.93e-18          9.0592e-16      8.72e-18    1.08e+00
   4        8.9473e-16   7.14e-18          8.9922e-16      5.52e-18    1.05e+00
   5        8.9829e-16   6.37e-18          8.9882e-16      4.17e-18    7.88e-01

num_dim=6, calls=50000, it_num=1, max_it_num=5 verb=0, alph=1.50,
mode=0, bins=50, boxes=1

       single.......iteration                   accumulated......results   
iteration     integral    sigma             integral         sigma     chi-sq/it

   1        8.9644e-16   1.98e-18          8.9644e-16      1.98e-18    0.00e+00
   2        9.0238e-16   2.62e-18          8.9860e-16      1.58e-18    3.26e+00
   3        9.0393e-16   2.63e-18          9.0002e-16      1.36e-18    3.14e+00
   4        8.9982e-16   2.32e-18          8.9997e-16      1.17e-18    2.09e+00
   5        9.0162e-16   2.57e-18          9.0025e-16      1.07e-18    1.65e+00
rNLOq = (9.0025206e-16 +- 1.0655572e-18) pb
NLO = (4.0050161e-13 +- 1.7613128e-16) pb
#chisq/dof = 2.29423e-09
#status = success
#chisq/dof = 1.33248e-09
#status = success
#chisq/dof = 5.34899e-10
#status = success
#chisq/dof = 1.58696e-08
#status = success
#chisq/dof = 6.04592e-10
#status = success
#chisq/dof = 3.30245e-12
#status = success
#chisq/dof = 2.69474e-10
#status = success
#chisq/dof = 5.10824e-11
#status = success

*******************************************************
* threshold resummation (unimproved nnll) - expansion *
*******************************************************
The limits of integration are:

xl[0]=0.000000    xu[0]=1.000000
xl[1]=0.000000    xu[1]=1.000000
xl[2]=0.000000    xu[2]=1.000000

num_dim=3, calls=7000, it_num=1, max_it_num=5 verb=0, alph=1.50,
mode=0, bins=50, boxes=1

       single.......iteration                   accumulated......results   
iteration     integral    sigma             integral         sigma     chi-sq/it

   1        -1.6315e-15   5.86e-15          -1.6315e-15      5.86e-15    0.00e+00
   2        5.5461e-15   2.54e-15          4.4105e-15      2.33e-15    1.26e+00
   3        -2.0993e-15   2.29e-15          1.1007e-15      1.63e-15    2.62e+00
   4        2.6870e-15   2.30e-15          1.6313e-15      1.33e-15    1.85e+00
   5        -4.6119e-16   2.28e-15          1.0998e-15      1.15e-15    1.54e+00

num_dim=3, calls=35000, it_num=1, max_it_num=5 verb=0, alph=1.50,
mode=0, bins=50, boxes=1

       single.......iteration                   accumulated......results   
iteration     integral    sigma             integral         sigma     chi-sq/it

   1        4.6898e-15   1.01e-15          4.6898e-15      1.01e-15    0.00e+00
   2        5.4639e-15   1.02e-15          5.0732e-15      7.17e-16    2.92e-01
   3        5.6991e-15   1.02e-15          5.2813e-15      5.85e-16    2.73e-01
   4        5.9869e-15   1.02e-15          5.4572e-15      5.07e-16    3.03e-01
   5        3.2667e-15   1.02e-15          5.0200e-15      4.54e-16    1.16e+00
   5        4.3914e-15   1.01e-15          4.9152e-15      4.14e-16    9.90e-01
   5        4.6317e-15   1.02e-15          4.8750e-15      3.84e-16    8.36e-01
   5        5.8437e-15   1.02e-15          4.9953e-15      3.59e-16    8.30e-01
   5        3.8330e-15   1.02e-15          4.8663e-15      3.39e-16    8.71e-01
   5        5.0366e-15   1.02e-15          4.8831e-15      3.21e-16    7.77e-01
   5        4.1895e-15   1.02e-15          4.8199e-15      3.06e-16    7.42e-01
   5        4.2125e-15   1.03e-15          4.7701e-15      2.94e-16    7.04e-01
   5        5.1452e-15   1.02e-15          4.7987e-15      2.82e-16    6.56e-01
   5        4.7736e-15   1.02e-15          4.7970e-15      2.72e-16    6.05e-01
   5        5.9255e-15   1.03e-15          4.8707e-15      2.63e-16    6.42e-01
   5        6.7850e-15   1.03e-15          4.9883e-15      2.55e-16    8.16e-01
   5        4.3271e-15   1.03e-15          4.9504e-15      2.47e-16    7.90e-01
   5        4.0117e-15   1.03e-15          4.8990e-15      2.40e-16    7.90e-01
   5        5.0471e-15   1.03e-15          4.9067e-15      2.34e-16    7.47e-01
   5        5.5460e-15   1.03e-15          4.9381e-15      2.28e-16    7.27e-01
   5        1.3249e-15   1.04e-15          4.7712e-15      2.23e-16    1.27e+00
   5        5.8972e-15   1.04e-15          4.8207e-15      2.18e-16    1.26e+00
   5        4.4486e-15   1.04e-15          4.8050e-15      2.13e-16    1.21e+00
   5        6.0413e-15   1.05e-15          4.8536e-15      2.09e-16    1.21e+00
   5        3.1938e-15   1.04e-15          4.7892e-15      2.05e-16    1.27e+00
   5        5.5731e-15   1.05e-15          4.8181e-15      2.01e-16    1.24e+00
   5        2.6588e-15   1.05e-15          4.7408e-15      1.98e-16    1.35e+00
   5        4.3591e-15   1.05e-15          4.7278e-15      1.94e-16    1.30e+00
   5        4.5794e-15   1.05e-15          4.7229e-15      1.91e-16    1.26e+00
   5        3.9449e-15   1.06e-15          4.6985e-15      1.88e-16    1.23e+00
   5        3.8668e-15   1.06e-15          4.6732e-15      1.85e-16    1.21e+00
   5        5.9017e-15   1.06e-15          4.7098e-15      1.82e-16    1.21e+00
   5        4.3440e-15   1.06e-15          4.6994e-15      1.80e-16    1.18e+00
   5        3.5859e-15   1.06e-15          4.6684e-15      1.77e-16    1.18e+00
   5        6.4464e-15   1.06e-15          4.7164e-15      1.75e-16    1.22e+00
   5        4.9019e-15   1.07e-15          4.7213e-15      1.73e-16    1.19e+00
   5        4.7247e-15   1.06e-15          4.7214e-15      1.70e-16    1.15e+00
   5        2.2113e-15   1.06e-15          4.6583e-15      1.68e-16    1.27e+00
   5        4.3488e-15   1.08e-15          4.6510e-15      1.66e-16    1.24e+00
   5        2.5817e-15   1.08e-15          4.6028e-15      1.64e-16    1.30e+00
   5        4.3359e-15   1.09e-15          4.5968e-15      1.62e-16    1.27e+00
   5        4.5957e-15   1.09e-15          4.5968e-15      1.61e-16    1.24e+00
   5        2.6443e-15   1.08e-15          4.5544e-15      1.59e-16    1.28e+00
   5        3.9149e-15   1.08e-15          4.5409e-15      1.57e-16    1.26e+00
   5        3.4813e-15   1.10e-15          4.5197e-15      1.56e-16    1.25e+00
   5        3.5243e-15   1.09e-15          4.4999e-15      1.54e-16    1.24e+00
   5        4.4545e-15   1.10e-15          4.4990e-15      1.52e-16    1.22e+00
   5        4.0117e-15   1.10e-15          4.4899e-15      1.51e-16    1.20e+00
   5        4.3556e-15   1.09e-15          4.4874e-15      1.50e-16    1.17e+00
   5        4.7524e-15   1.10e-15          4.4921e-15      1.48e-16    1.15e+00
   5        4.3092e-15   1.10e-15          4.4889e-15      1.47e-16    1.13e+00
   5        5.9646e-15   1.11e-15          4.5145e-15      1.46e-16    1.14e+00
   5        3.0001e-15   1.10e-15          4.4885e-15      1.44e-16    1.15e+00
   5        3.3683e-15   1.10e-15          4.4694e-15      1.43e-16    1.15e+00
   5        2.8170e-15   1.11e-15          4.4421e-15      1.42e-16    1.17e+00
aNNLO+NNLL = (4.0494374e-13 +- 2.2623465e-16) pb

Results:
LO = (3.1444703e-13 +- 2.3821088e-16) pb
NLO = (4.0050161e-13 +- 1.7613128e-16) pb
aNNLO+NNLL = (4.0494374e-13 +- 2.2623465e-16) pb
Thanks for using LHAPDF 6.2.3. Please make sure to cite the paper:
  Eur.Phys.J. C75 (2015) 3, 132  (http://arxiv.org/abs/1412.7420)
 ====================================================
   FF 2.0, a package to evaluate one-loop integrals
 written by G. J. van Oldenborgh, NIKHEF-H, Amsterdam
 ====================================================
 for the algorithms used see preprint NIKHEF-H 89/17,
 'New Algorithms for One-loop Integrals', by G.J. van
 Oldenborgh and J.A.M. Vermaseren, published in 
 Zeitschrift fuer Physik C46(1990)425.
 ====================================================
 
total number of errors and warnings
===================================
fferr: no errors
 
