
  Welcome to Resummino git-latest
  Copyright 2008-2010 Jonathan Debove.
  Copyright 2011-2014 David R. Lamprea.
  Copyright 2011-2016 Marcel Rothering.

  Licensed under the EUPL 1.1 or later.
  See http://www.resummino.org/ for more information.

  If using Resummino for slepton pair production, please cite.
  - G. Bozzi, B. Fuks, M. Klasen, PRD 74, 015001 (2006); NPB 777, 157 (2007); NPB 794, 46 (2007).
  - B. Fuks, M. Klasen, D. R. Lamprea, M. Rothering, EPJC 73, 2480 (2013).

  For gaugino pair production, please cite:
  - J. Debove, B. Fuks, M. Klasen, PLB 688, 208 (2010); NPB 842, 51 (2011); NPB 849, 64 (2011).
  - B. Fuks, M. Klasen, D. R. Lamprea, M. Rothering, JHEP 1210, 081 (2012); EPJC 73, 2480 (2013).

  For associated gaugino gluino production, please cite:
  - B. Fuks, M. Klasen, M. Rothering, JHEP 07:053, (2016).
  - B. Fuks, M. Klasen, D. R. Lamprea, M. Rothering, EPJC 73, 2480 (2013).

LHAPDF 6.2.3 loading /pool/condor/dir_34051/resummino-releases/lhapdf-prefix/share/LHAPDF/PDF4LHC21_40/PDF4LHC21_40_0000.dat
PDF4LHC21_40 PDF set, member #0, version 1
 alpha_s(M_Z^2) = 0.1180 	 for LO PDF set 
 alpha_s(200.000^2) = 0.1055 	 for LO PDF set 

********************
* LO cross section *
********************
The limits of integration are:

xl[0]=0.000000    xu[0]=1.000000
xl[1]=0.000000    xu[1]=1.000000
xl[2]=0.000000    xu[2]=1.000000

num_dim=3, calls=2000, it_num=1, max_it_num=5 verb=0, alph=1.50,
mode=0, bins=50, boxes=1

       single.......iteration                   accumulated......results   
iteration     integral    sigma             integral         sigma     chi-sq/it

   1        2.1581e-11   7.08e-13          2.1581e-11      7.08e-13    0.00e+00
   2        2.1893e-11   2.33e-13          2.1862e-11      2.21e-13    1.74e-01
   3        2.2270e-11   1.35e-13          2.2160e-11      1.15e-13    1.32e+00
   4        2.1940e-11   1.24e-13          2.2058e-11      8.44e-14    1.44e+00
   5        2.1920e-11   1.30e-13          2.2017e-11      7.07e-14    1.28e+00

num_dim=3, calls=20000, it_num=1, max_it_num=5 verb=0, alph=1.50,
mode=0, bins=50, boxes=1

       single.......iteration                   accumulated......results   
iteration     integral    sigma             integral         sigma     chi-sq/it

   1        2.2039e-11   3.95e-14          2.2039e-11      3.95e-14    0.00e+00
   2        2.2049e-11   3.90e-14          2.2044e-11      2.77e-14    3.18e-02
   3        2.2131e-11   3.84e-14          2.2074e-11      2.25e-14    1.72e+00
   4        2.2100e-11   4.02e-14          2.2080e-11      1.96e-14    1.25e+00
   5        2.2008e-11   4.02e-14          2.2066e-11      1.76e-14    1.59e+00
   5        2.2048e-11   4.03e-14          2.2063e-11      1.62e-14    1.31e+00
   5        2.2078e-11   4.08e-14          2.2065e-11      1.50e-14    1.11e+00
   5        2.2026e-11   4.11e-14          2.2061e-11      1.41e-14    1.06e+00
   5        2.2012e-11   4.22e-14          2.2056e-11      1.34e-14    1.08e+00
   5        2.1972e-11   4.33e-14          2.2048e-11      1.28e-14    1.34e+00
   5        2.2039e-11   4.51e-14          2.2048e-11      1.23e-14    1.21e+00
   5        2.2034e-11   4.53e-14          2.2047e-11      1.19e-14    1.11e+00
   5        2.2092e-11   4.75e-14          2.2049e-11      1.15e-14    1.09e+00
   5        2.2039e-11   4.95e-14          2.2049e-11      1.12e-14    1.01e+00
   5        2.2052e-11   5.26e-14          2.2049e-11      1.10e-14    9.38e-01
   5        2.2010e-11   5.38e-14          2.2047e-11      1.07e-14    9.10e-01
   5        2.2026e-11   5.45e-14          2.2047e-11      1.05e-14    8.62e-01
   5        2.2095e-11   5.61e-14          2.2048e-11      1.04e-14    8.55e-01
   5        2.2133e-11   5.91e-14          2.2051e-11      1.02e-14    9.19e-01
   5        2.2148e-11   5.92e-14          2.2054e-11      1.01e-14    1.01e+00
   5        2.2002e-11   6.01e-14          2.2052e-11      9.92e-15    9.93e-01
LO = (2.2052150e-11 +- 9.9210675e-15) pb
LHAPDF 6.2.3 loading /pool/condor/dir_34051/resummino-releases/lhapdf-prefix/share/LHAPDF/PDF4LHC21_40/PDF4LHC21_40_0021.dat
PDF4LHC21_40 PDF set, member #21, version 1
 alpha_s(M_Z^2) = 0.1180 	 for NLO PDF set 
 alpha_s(200.000^2) = 0.1055 	 for NLO PDF set 

********************
* LO cross section *
********************
The limits of integration are:

xl[0]=0.000000    xu[0]=1.000000
xl[1]=0.000000    xu[1]=1.000000
xl[2]=0.000000    xu[2]=1.000000

num_dim=3, calls=2000, it_num=1, max_it_num=5 verb=0, alph=1.50,
mode=0, bins=50, boxes=1

       single.......iteration                   accumulated......results   
iteration     integral    sigma             integral         sigma     chi-sq/it

   1        2.1421e-11   7.04e-13          2.1421e-11      7.04e-13    0.00e+00
   2        2.1729e-11   2.31e-13          2.1699e-11      2.20e-13    1.73e-01
   3        2.2107e-11   1.33e-13          2.1998e-11      1.14e-13    1.35e+00
   4        2.1785e-11   1.22e-13          2.1899e-11      8.32e-14    1.44e+00
   5        2.1767e-11   1.27e-13          2.1860e-11      6.97e-14    1.27e+00

num_dim=3, calls=20000, it_num=1, max_it_num=5 verb=0, alph=1.50,
mode=0, bins=50, boxes=1

       single.......iteration                   accumulated......results   
iteration     integral    sigma             integral         sigma     chi-sq/it

   1        2.1876e-11   3.88e-14          2.1876e-11      3.88e-14    0.00e+00
   2        2.1887e-11   3.84e-14          2.1881e-11      2.73e-14    3.74e-02
   3        2.1969e-11   3.78e-14          2.1911e-11      2.21e-14    1.79e+00
   4        2.1937e-11   3.95e-14          2.1918e-11      1.93e-14    1.30e+00
   5        2.1845e-11   3.96e-14          2.1904e-11      1.74e-14    1.66e+00
   5        2.1888e-11   3.97e-14          2.1901e-11      1.59e-14    1.36e+00
   5        2.1917e-11   4.02e-14          2.1903e-11      1.48e-14    1.15e+00
   5        2.1866e-11   4.04e-14          2.1899e-11      1.39e-14    1.10e+00
   5        2.1851e-11   4.15e-14          2.1894e-11      1.32e-14    1.11e+00
   5        2.1814e-11   4.26e-14          2.1887e-11      1.26e-14    1.35e+00
   5        2.1877e-11   4.45e-14          2.1886e-11      1.21e-14    1.22e+00
   5        2.1872e-11   4.46e-14          2.1885e-11      1.17e-14    1.12e+00
   5        2.1929e-11   4.68e-14          2.1888e-11      1.13e-14    1.09e+00
   5        2.1876e-11   4.88e-14          2.1887e-11      1.10e-14    1.01e+00
   5        2.1890e-11   5.18e-14          2.1887e-11      1.08e-14    9.39e-01
   5        2.1851e-11   5.30e-14          2.1886e-11      1.06e-14    9.06e-01
   5        2.1863e-11   5.37e-14          2.1885e-11      1.04e-14    8.61e-01
   5        2.1933e-11   5.52e-14          2.1887e-11      1.02e-14    8.54e-01
   5        2.1969e-11   5.82e-14          2.1889e-11      1.00e-14    9.14e-01
   5        2.1982e-11   5.83e-14          2.1892e-11      9.90e-15    9.96e-01
   5        2.1841e-11   5.94e-14          2.1890e-11      9.77e-15    9.82e-01
   5        2.1911e-11   6.20e-14          2.1891e-11      9.65e-15    9.40e-01
   5        2.1926e-11   6.36e-14          2.1892e-11      9.54e-15    9.11e-01
   5        2.1843e-11   6.42e-14          2.1891e-11      9.44e-15    8.95e-01
   5        2.2004e-11   6.58e-14          2.1893e-11      9.34e-15    9.80e-01
   5        2.1867e-11   6.48e-14          2.1892e-11      9.25e-15    9.47e-01
   5        2.2024e-11   6.62e-14          2.1895e-11      9.16e-15    1.06e+00
   5        2.1927e-11   6.46e-14          2.1896e-11      9.07e-15    1.03e+00
   5        2.1887e-11   6.66e-14          2.1895e-11      8.98e-15    9.93e-01
   5        2.1965e-11   7.06e-14          2.1897e-11      8.91e-15    9.91e-01
   5        2.1838e-11   6.71e-14          2.1896e-11      8.83e-15    9.83e-01
   5        2.1906e-11   6.85e-14          2.1896e-11      8.76e-15    9.52e-01
   5        2.2017e-11   6.90e-14          2.1898e-11      8.69e-15    1.02e+00
   5        2.1817e-11   7.12e-14          2.1896e-11      8.63e-15    1.03e+00
   5        2.1798e-11   7.32e-14          2.1895e-11      8.57e-15    1.05e+00
   5        2.1964e-11   7.45e-14          2.1896e-11      8.51e-15    1.04e+00
   5        2.1737e-11   7.25e-14          2.1894e-11      8.45e-15    1.14e+00
   5        2.1848e-11   7.58e-14          2.1893e-11      8.40e-15    1.12e+00
   5        2.1954e-11   7.31e-14          2.1894e-11      8.35e-15    1.11e+00
   5        2.1925e-11   7.33e-14          2.1894e-11      8.29e-15    1.09e+00
   5        2.1958e-11   7.57e-14          2.1895e-11      8.24e-15    1.08e+00
   5        2.1921e-11   7.61e-14          2.1896e-11      8.20e-15    1.06e+00
   5        2.2002e-11   7.89e-14          2.1897e-11      8.15e-15    1.07e+00
   5        2.1926e-11   7.86e-14          2.1897e-11      8.11e-15    1.05e+00
   5        2.1812e-11   7.86e-14          2.1896e-11      8.07e-15    1.05e+00
   5        2.1896e-11   8.14e-14          2.1896e-11      8.03e-15    1.03e+00
   5        2.1956e-11   8.15e-14          2.1897e-11      7.99e-15    1.02e+00
   5        2.1625e-11   7.86e-14          2.1894e-11      7.95e-15    1.25e+00
   5        2.2038e-11   7.99e-14          2.1895e-11      7.91e-15    1.29e+00
   5        2.2024e-11   8.10e-14          2.1897e-11      7.87e-15    1.32e+00
   5        2.1892e-11   7.89e-14          2.1896e-11      7.83e-15    1.29e+00
   5        2.1775e-11   7.89e-14          2.1895e-11      7.79e-15    1.31e+00
   5        2.1938e-11   8.21e-14          2.1896e-11      7.76e-15    1.29e+00
   5        2.1816e-11   8.43e-14          2.1895e-11      7.73e-15    1.28e+00
   5        2.2062e-11   8.14e-14          2.1896e-11      7.69e-15    1.34e+00
LO = (2.1896488e-11 +- 7.6913105e-15) pb

*******************************************
* virtual corrections + integrated dipole *
*******************************************
The limits of integration are:

xl[0]=0.000000    xu[0]=1.000000
xl[1]=0.000000    xu[1]=1.000000
xl[2]=0.000000    xu[2]=1.000000

num_dim=3, calls=240, it_num=1, max_it_num=5 verb=0, alph=1.50,
mode=0, bins=50, boxes=1

       single.......iteration                   accumulated......results   
iteration     integral    sigma             integral         sigma     chi-sq/it

   1        3.2435e-12   3.27e-13          3.2435e-12      3.27e-13    0.00e+00
   2        3.1083e-12   1.21e-13          3.1245e-12      1.13e-13    1.50e-01
   3        3.4310e-12   8.65e-14          3.3183e-12      6.88e-14    2.38e+00
   4        3.4437e-12   7.27e-14          3.3775e-12      4.99e-14    2.11e+00
   5        3.5853e-12   8.09e-14          3.4349e-12      4.25e-14    2.78e+00

num_dim=3, calls=1200, it_num=1, max_it_num=3 verb=0, alph=1.50,
mode=0, bins=50, boxes=1

       single.......iteration                   accumulated......results   
iteration     integral    sigma             integral         sigma     chi-sq/it

   1        3.3624e-12   3.40e-14          3.3624e-12      3.40e-14    0.00e+00
   2        3.4485e-12   2.94e-14          3.4116e-12      2.22e-14    3.67e+00
   3        3.4190e-12   2.67e-14          3.4146e-12      1.71e-14    1.86e+00
   3        3.4969e-12   2.74e-14          3.4376e-12      1.45e-14    3.40e+00
   3        3.3960e-12   2.67e-14          3.4282e-12      1.27e-14    3.01e+00
   3        3.4350e-12   2.66e-14          3.4294e-12      1.15e-14    2.42e+00
   3        3.4014e-12   2.83e-14          3.4255e-12      1.07e-14    2.16e+00
   3        3.4556e-12   2.64e-14          3.4297e-12      9.88e-15    2.01e+00
   3        3.4360e-12   2.57e-14          3.4305e-12      9.22e-15    1.77e+00
   3        3.4374e-12   2.66e-14          3.4312e-12      8.71e-15    1.58e+00
   3        3.4058e-12   2.70e-14          3.4288e-12      8.29e-15    1.50e+00
   3        3.4257e-12   2.79e-14          3.4286e-12      7.95e-15    1.36e+00
   3        3.4511e-12   2.63e-14          3.4305e-12      7.61e-15    1.31e+00
   3        3.4402e-12   2.75e-14          3.4312e-12      7.33e-15    1.21e+00
vNLO = (3.4311589e-12 +- 7.3346217e-15) pb

*****************************
* collinear remainder (P+K) *
*****************************
The limits of integration are:

xl[0]=0.000000    xu[0]=1.000000
xl[1]=0.000000    xu[1]=1.000000
xl[2]=0.000000    xu[2]=1.000000
xl[3]=0.000000    xu[3]=1.000000

num_dim=4, calls=2500, it_num=1, max_it_num=5 verb=0, alph=1.50,
mode=0, bins=50, boxes=1

       single.......iteration                   accumulated......results   
iteration     integral    sigma             integral         sigma     chi-sq/it

   1        5.4679e-13   2.26e-13          5.4679e-13      2.26e-13    0.00e+00
   2        3.0565e-13   1.14e-13          3.5475e-13      1.02e-13    9.04e-01
   3        2.7933e-13   9.64e-14          3.1486e-13      7.01e-14    5.96e-01
   4        1.9400e-13   9.41e-14          2.7169e-13      5.62e-14    7.51e-01
   5        1.3874e-13   9.48e-14          2.3711e-13      4.84e-14    9.27e-01

num_dim=4, calls=25000, it_num=1, max_it_num=3 verb=0, alph=1.50,
mode=0, bins=50, boxes=1

       single.......iteration                   accumulated......results   
iteration     integral    sigma             integral         sigma     chi-sq/it

   1        1.7561e-13   3.00e-14          1.7561e-13      3.00e-14    0.00e+00
   2        1.5467e-13   3.01e-14          1.6517e-13      2.12e-14    2.43e-01
   3        1.8483e-13   2.98e-14          1.7178e-13      1.73e-14    2.66e-01
   3        1.7077e-13   2.99e-14          1.7153e-13      1.50e-14    1.78e-01
   3        2.0444e-13   3.01e-14          1.7807e-13      1.34e-14    3.74e-01
   3        1.9028e-13   2.99e-14          1.8011e-13      1.22e-14    3.27e-01
   3        1.9784e-13   3.00e-14          1.8265e-13      1.13e-14    3.22e-01
   3        1.3914e-13   3.00e-14          1.7722e-13      1.06e-14    5.39e-01
   3        1.4249e-13   3.00e-14          1.7337e-13      9.99e-15    6.21e-01
   3        1.7749e-13   3.00e-14          1.7378e-13      9.48e-15    5.54e-01
   3        1.6583e-13   3.01e-14          1.7306e-13      9.04e-15    5.05e-01
   3        1.9537e-13   3.01e-14          1.7491e-13      8.66e-15    5.05e-01
   3        1.8970e-13   3.01e-14          1.7604e-13      8.32e-15    4.81e-01
   3        1.5393e-13   3.02e-14          1.7448e-13      8.02e-15    4.83e-01
   3        1.5655e-13   3.02e-14          1.7330e-13      7.75e-15    4.72e-01
   3        1.4256e-13   3.05e-14          1.7143e-13      7.51e-15    5.04e-01
   3        1.7653e-13   3.05e-14          1.7172e-13      7.29e-15    4.74e-01
   3        1.3410e-13   3.06e-14          1.6970e-13      7.10e-15    5.30e-01
P+K = (1.6969981e-13 +- 7.0960012e-15) pb

********************************
* real gluon emission - dipole *
********************************
The limits of integration are:

xl[0]=0.000000    xu[0]=1.000000
xl[1]=0.000000    xu[1]=1.000000
xl[2]=0.000000    xu[2]=1.000000
xl[3]=0.000000    xu[3]=1.000000
xl[4]=0.000000    xu[4]=1.000000
xl[5]=0.000000    xu[5]=1.000000

num_dim=6, calls=250, it_num=1, max_it_num=5 verb=0, alph=1.50,
mode=0, bins=50, boxes=1

       single.......iteration                   accumulated......results   
iteration     integral    sigma             integral         sigma     chi-sq/it

   1        -1.2631e-13   3.04e-14          -1.2631e-13      3.04e-14    0.00e+00
   2        -1.5166e-13   3.91e-14          -1.3588e-13      2.40e-14    2.62e-01
   3        -1.0986e-13   1.56e-14          -1.1755e-13      1.31e-14    5.45e-01
   4        -1.2096e-13   1.56e-14          -1.1896e-13      1.00e-14    3.73e-01
   5        -1.5081e-13   1.49e-14          -1.2885e-13      8.31e-15    1.07e+00

num_dim=6, calls=2500, it_num=1, max_it_num=3 verb=0, alph=1.50,
mode=0, bins=50, boxes=1

       single.......iteration                   accumulated......results   
iteration     integral    sigma             integral         sigma     chi-sq/it

   1        -1.2253e-13   3.91e-15          -1.2253e-13      3.91e-15    0.00e+00
   2        -1.1835e-13   2.34e-15          -1.1946e-13      2.01e-15    8.43e-01
   3        -1.2519e-13   2.20e-15          -1.2206e-13      1.48e-15    2.27e+00
   3        -1.2137e-13   2.05e-15          -1.2182e-13      1.20e-15    1.54e+00
   3        -1.2166e-13   1.78e-15          -1.2177e-13      9.95e-16    1.16e+00
rNLOg = (-1.2176911e-13 +- 9.9499188e-16) pb

**************************************************
* real light quark emission - dipole - (onshell) *
**************************************************
The limits of integration are:

xl[0]=0.000000    xu[0]=1.000000
xl[1]=0.000000    xu[1]=1.000000
xl[2]=0.000000    xu[2]=1.000000
xl[3]=0.000000    xu[3]=1.000000
xl[4]=0.000000    xu[4]=1.000000
xl[5]=0.000000    xu[5]=1.000000

num_dim=6, calls=5000, it_num=1, max_it_num=5 verb=0, alph=1.50,
mode=0, bins=50, boxes=1

       single.......iteration                   accumulated......results   
iteration     integral    sigma             integral         sigma     chi-sq/it

   1        3.1036e-13   2.21e-14          3.1036e-13      2.21e-14    0.00e+00
   2        3.2141e-13   7.40e-15          3.2030e-13      7.01e-15    2.25e-01
   3        3.1031e-13   4.07e-15          3.1283e-13      3.52e-15    8.70e-01
   4        3.0466e-13   3.37e-15          3.0856e-13      2.43e-15    1.52e+00
   5        3.0682e-13   3.08e-15          3.0789e-13      1.91e-15    1.19e+00

num_dim=6, calls=50000, it_num=1, max_it_num=5 verb=0, alph=1.50,
mode=0, bins=50, boxes=1

       single.......iteration                   accumulated......results   
iteration     integral    sigma             integral         sigma     chi-sq/it

   1        3.0717e-13   9.68e-16          3.0717e-13      9.68e-16    0.00e+00
   2        3.0879e-13   9.92e-16          3.0796e-13      6.93e-16    1.36e+00
   3        3.1050e-13   1.11e-15          3.0867e-13      5.87e-16    2.58e+00
   4        3.0871e-13   1.06e-15          3.0868e-13      5.14e-16    1.72e+00
   5        3.0882e-13   1.06e-15          3.0871e-13      4.62e-16    1.29e+00
rNLOq = (3.0870804e-13 +- 4.6241396e-16) pb
NLO = (2.5684286e-11 +- 1.2826145e-14) pb
#chisq/dof = 1.88714e-07
#status = success
#chisq/dof = 5.54258e-09
#status = success
#chisq/dof = 1.66152e-09
#status = success
#chisq/dof = 1.70005e-09
#status = success
#chisq/dof = 1.57898e-09
#status = success
#chisq/dof = 1.48159e-10
#status = success
#chisq/dof = 1.82876e-09
#status = success
#chisq/dof = 3.60991e-10
#status = success

*******************************************************
* threshold resummation (unimproved nnll) - expansion *
*******************************************************
The limits of integration are:

xl[0]=0.000000    xu[0]=1.000000
xl[1]=0.000000    xu[1]=1.000000
xl[2]=0.000000    xu[2]=1.000000

num_dim=3, calls=7000, it_num=1, max_it_num=5 verb=0, alph=1.50,
mode=0, bins=50, boxes=1

       single.......iteration                   accumulated......results   
iteration     integral    sigma             integral         sigma     chi-sq/it

   1        6.7410e-12   5.85e-12          6.7410e-12      5.85e-12    0.00e+00
   2        -2.7111e-13   1.12e-12          -2.3742e-14      1.10e-12    1.39e+00
   3        -7.0423e-13   9.33e-13          -4.1895e-13      7.11e-13    8.05e-01
   4        -1.8504e-12   9.17e-13          -9.5654e-13      5.62e-13    1.04e+00
   5        -2.2295e-12   9.32e-13          -1.2961e-12      4.81e-13    1.12e+00

num_dim=3, calls=35000, it_num=1, max_it_num=5 verb=0, alph=1.50,
mode=0, bins=50, boxes=1

       single.......iteration                   accumulated......results   
iteration     integral    sigma             integral         sigma     chi-sq/it

   1        1.2947e-13   4.12e-13          1.2947e-13      4.12e-13    0.00e+00
   2        -2.0952e-13   4.11e-13          -4.0483e-14      2.91e-13    3.39e-01
   3        8.1235e-14   4.15e-13          -3.7763e-16      2.38e-13    1.98e-01
   4        -3.1996e-13   4.15e-13          -7.9819e-14      2.07e-13    2.81e-01
   5        1.9417e-13   4.12e-13          -2.4695e-14      1.85e-13    2.99e-01
   5        -1.0069e-13   4.12e-13          -3.7440e-14      1.69e-13    2.45e-01
   5        -4.4837e-13   4.14e-13          -9.5781e-14      1.56e-13    3.45e-01
   5        6.7874e-13   4.15e-13          2.3200e-16      1.46e-13    7.31e-01
aNNLO+NNLL = (2.5684518e-11 +- 1.4670960e-13) pb

Results:
LO = (2.2052150e-11 +- 9.9210675e-15) pb
NLO = (2.5684286e-11 +- 1.2826145e-14) pb
aNNLO+NNLL = (2.5684518e-11 +- 1.4670960e-13) pb
Thanks for using LHAPDF 6.2.3. Please make sure to cite the paper:
  Eur.Phys.J. C75 (2015) 3, 132  (http://arxiv.org/abs/1412.7420)
 ====================================================
   FF 2.0, a package to evaluate one-loop integrals
 written by G. J. van Oldenborgh, NIKHEF-H, Amsterdam
 ====================================================
 for the algorithms used see preprint NIKHEF-H 89/17,
 'New Algorithms for One-loop Integrals', by G.J. van
 Oldenborgh and J.A.M. Vermaseren, published in 
 Zeitschrift fuer Physik C46(1990)425.
 ====================================================
 
total number of errors and warnings
===================================
fferr: no errors
 
