
  Welcome to Resummino git-latest
  Copyright 2008-2010 Jonathan Debove.
  Copyright 2011-2014 David R. Lamprea.
  Copyright 2011-2016 Marcel Rothering.

  Licensed under the EUPL 1.1 or later.
  See http://www.resummino.org/ for more information.

  If using Resummino for slepton pair production, please cite.
  - G. Bozzi, B. Fuks, M. Klasen, PRD 74, 015001 (2006); NPB 777, 157 (2007); NPB 794, 46 (2007).
  - B. Fuks, M. Klasen, D. R. Lamprea, M. Rothering, EPJC 73, 2480 (2013).

  For gaugino pair production, please cite:
  - J. Debove, B. Fuks, M. Klasen, PLB 688, 208 (2010); NPB 842, 51 (2011); NPB 849, 64 (2011).
  - B. Fuks, M. Klasen, D. R. Lamprea, M. Rothering, JHEP 1210, 081 (2012); EPJC 73, 2480 (2013).

  For associated gaugino gluino production, please cite:
  - B. Fuks, M. Klasen, M. Rothering, JHEP 07:053, (2016).
  - B. Fuks, M. Klasen, D. R. Lamprea, M. Rothering, EPJC 73, 2480 (2013).

LHAPDF 6.2.3 loading /pool/condor/dir_14281/resummino-releases/lhapdf-prefix/share/LHAPDF/PDF4LHC21_40/PDF4LHC21_40_0000.dat
PDF4LHC21_40 PDF set, member #0, version 1
 alpha_s(M_Z^2) = 0.1180 	 for LO PDF set 
 alpha_s(200.000^2) = 0.1055 	 for LO PDF set 

********************
* LO cross section *
********************
The limits of integration are:

xl[0]=0.000000    xu[0]=1.000000
xl[1]=0.000000    xu[1]=1.000000
xl[2]=0.000000    xu[2]=1.000000

num_dim=3, calls=2000, it_num=1, max_it_num=5 verb=0, alph=1.50,
mode=0, bins=50, boxes=1

       single.......iteration                   accumulated......results   
iteration     integral    sigma             integral         sigma     chi-sq/it

   1        2.1581e-11   7.08e-13          2.1581e-11      7.08e-13    0.00e+00
   2        2.1893e-11   2.33e-13          2.1862e-11      2.21e-13    1.74e-01
   3        2.2270e-11   1.35e-13          2.2160e-11      1.15e-13    1.32e+00
   4        2.1940e-11   1.24e-13          2.2058e-11      8.44e-14    1.44e+00
   5        2.1920e-11   1.30e-13          2.2017e-11      7.07e-14    1.28e+00

num_dim=3, calls=20000, it_num=1, max_it_num=5 verb=0, alph=1.50,
mode=0, bins=50, boxes=1

       single.......iteration                   accumulated......results   
iteration     integral    sigma             integral         sigma     chi-sq/it

   1        2.2039e-11   3.95e-14          2.2039e-11      3.95e-14    0.00e+00
   2        2.2049e-11   3.90e-14          2.2044e-11      2.77e-14    3.18e-02
   3        2.2131e-11   3.84e-14          2.2074e-11      2.25e-14    1.72e+00
   4        2.2100e-11   4.02e-14          2.2080e-11      1.96e-14    1.25e+00
   5        2.2008e-11   4.02e-14          2.2066e-11      1.76e-14    1.59e+00
   5        2.2048e-11   4.03e-14          2.2063e-11      1.62e-14    1.31e+00
   5        2.2078e-11   4.08e-14          2.2065e-11      1.50e-14    1.11e+00
   5        2.2026e-11   4.11e-14          2.2061e-11      1.41e-14    1.06e+00
   5        2.2012e-11   4.22e-14          2.2056e-11      1.34e-14    1.08e+00
   5        2.1972e-11   4.33e-14          2.2048e-11      1.28e-14    1.34e+00
   5        2.2039e-11   4.51e-14          2.2048e-11      1.23e-14    1.21e+00
   5        2.2034e-11   4.53e-14          2.2047e-11      1.19e-14    1.11e+00
   5        2.2092e-11   4.75e-14          2.2049e-11      1.15e-14    1.09e+00
   5        2.2039e-11   4.95e-14          2.2049e-11      1.12e-14    1.01e+00
   5        2.2052e-11   5.26e-14          2.2049e-11      1.10e-14    9.38e-01
   5        2.2010e-11   5.38e-14          2.2047e-11      1.07e-14    9.10e-01
   5        2.2026e-11   5.45e-14          2.2047e-11      1.05e-14    8.62e-01
   5        2.2095e-11   5.61e-14          2.2048e-11      1.04e-14    8.55e-01
   5        2.2133e-11   5.91e-14          2.2051e-11      1.02e-14    9.19e-01
   5        2.2148e-11   5.92e-14          2.2054e-11      1.01e-14    1.01e+00
   5        2.2002e-11   6.01e-14          2.2052e-11      9.92e-15    9.93e-01
LO = (2.2052150e-11 +- 9.9210675e-15) pb
LHAPDF 6.2.3 loading /pool/condor/dir_14281/resummino-releases/lhapdf-prefix/share/LHAPDF/PDF4LHC21_40/PDF4LHC21_40_0025.dat
PDF4LHC21_40 PDF set, member #25, version 1
 alpha_s(M_Z^2) = 0.1180 	 for NLO PDF set 
 alpha_s(200.000^2) = 0.1055 	 for NLO PDF set 

********************
* LO cross section *
********************
The limits of integration are:

xl[0]=0.000000    xu[0]=1.000000
xl[1]=0.000000    xu[1]=1.000000
xl[2]=0.000000    xu[2]=1.000000

num_dim=3, calls=2000, it_num=1, max_it_num=5 verb=0, alph=1.50,
mode=0, bins=50, boxes=1

       single.......iteration                   accumulated......results   
iteration     integral    sigma             integral         sigma     chi-sq/it

   1        2.1601e-11   7.07e-13          2.1601e-11      7.07e-13    0.00e+00
   2        2.1916e-11   2.33e-13          2.1886e-11      2.21e-13    1.79e-01
   3        2.2294e-11   1.34e-13          2.2184e-11      1.15e-13    1.33e+00
   4        2.1967e-11   1.23e-13          2.2083e-11      8.40e-14    1.44e+00
   5        2.1944e-11   1.29e-13          2.2042e-11      7.03e-14    1.29e+00

num_dim=3, calls=20000, it_num=1, max_it_num=5 verb=0, alph=1.50,
mode=0, bins=50, boxes=1

       single.......iteration                   accumulated......results   
iteration     integral    sigma             integral         sigma     chi-sq/it

   1        2.2059e-11   3.92e-14          2.2059e-11      3.92e-14    0.00e+00
   2        2.2070e-11   3.88e-14          2.2065e-11      2.76e-14    4.04e-02
   3        2.2154e-11   3.82e-14          2.2095e-11      2.24e-14    1.80e+00
   4        2.2122e-11   3.99e-14          2.2102e-11      1.95e-14    1.31e+00
   5        2.2031e-11   4.00e-14          2.2088e-11      1.75e-14    1.62e+00
   5        2.2071e-11   4.01e-14          2.2085e-11      1.61e-14    1.33e+00
   5        2.2101e-11   4.06e-14          2.2088e-11      1.49e-14    1.13e+00
   5        2.2049e-11   4.08e-14          2.2083e-11      1.40e-14    1.08e+00
   5        2.2034e-11   4.19e-14          2.2078e-11      1.33e-14    1.10e+00
   5        2.1998e-11   4.30e-14          2.2071e-11      1.27e-14    1.33e+00
   5        2.2061e-11   4.49e-14          2.2070e-11      1.22e-14    1.20e+00
   5        2.2056e-11   4.51e-14          2.2069e-11      1.18e-14    1.10e+00
   5        2.2114e-11   4.72e-14          2.2072e-11      1.14e-14    1.08e+00
   5        2.2058e-11   4.92e-14          2.2071e-11      1.12e-14    1.00e+00
   5        2.2075e-11   5.23e-14          2.2071e-11      1.09e-14    9.32e-01
   5        2.2034e-11   5.35e-14          2.2070e-11      1.07e-14    9.02e-01
   5        2.2047e-11   5.42e-14          2.2069e-11      1.05e-14    8.57e-01
   5        2.2117e-11   5.58e-14          2.2071e-11      1.03e-14    8.48e-01
   5        2.2153e-11   5.87e-14          2.2073e-11      1.01e-14    9.07e-01
   5        2.2167e-11   5.88e-14          2.2076e-11      1.00e-14    9.90e-01
   5        2.2026e-11   5.99e-14          2.2075e-11      9.87e-15    9.75e-01
   5        2.2095e-11   6.25e-14          2.2075e-11      9.74e-15    9.34e-01
   5        2.2109e-11   6.42e-14          2.2076e-11      9.63e-15    9.03e-01
   5        2.2029e-11   6.48e-14          2.2075e-11      9.53e-15    8.86e-01
   5        2.2190e-11   6.65e-14          2.2077e-11      9.43e-15    9.71e-01
   5        2.2052e-11   6.55e-14          2.2077e-11      9.34e-15    9.38e-01
   5        2.2212e-11   6.69e-14          2.2079e-11      9.25e-15    1.06e+00
   5        2.2110e-11   6.53e-14          2.2080e-11      9.16e-15    1.03e+00
   5        2.2071e-11   6.73e-14          2.2080e-11      9.07e-15    9.90e-01
   5        2.2149e-11   7.13e-14          2.2081e-11      9.00e-15    9.88e-01
   5        2.2021e-11   6.78e-14          2.2080e-11      8.92e-15    9.80e-01
   5        2.2091e-11   6.92e-14          2.2080e-11      8.85e-15    9.49e-01
   5        2.2202e-11   6.95e-14          2.2082e-11      8.78e-15    1.02e+00
   5        2.2001e-11   7.19e-14          2.2081e-11      8.71e-15    1.02e+00
   5        2.1979e-11   7.39e-14          2.2079e-11      8.65e-15    1.05e+00
   5        2.2148e-11   7.50e-14          2.2080e-11      8.60e-15    1.04e+00
   5        2.1918e-11   7.35e-14          2.2078e-11      8.54e-15    1.15e+00
   5        2.2030e-11   7.72e-14          2.2077e-11      8.49e-15    1.13e+00
   5        2.2143e-11   7.35e-14          2.2078e-11      8.43e-15    1.12e+00
   5        2.2110e-11   7.31e-14          2.2079e-11      8.37e-15    1.09e+00
   5        2.2138e-11   7.51e-14          2.2079e-11      8.32e-15    1.08e+00
   5        2.2105e-11   7.64e-14          2.2080e-11      8.27e-15    1.06e+00
   5        2.2180e-11   7.81e-14          2.2081e-11      8.23e-15    1.07e+00
   5        2.2117e-11   7.90e-14          2.2081e-11      8.18e-15    1.05e+00
   5        2.1999e-11   7.96e-14          2.2080e-11      8.14e-15    1.05e+00
   5        2.2075e-11   8.25e-14          2.2080e-11      8.10e-15    1.03e+00
   5        2.2143e-11   8.24e-14          2.2081e-11      8.06e-15    1.02e+00
   5        2.1818e-11   7.92e-14          2.2078e-11      8.02e-15    1.23e+00
   5        2.2218e-11   8.00e-14          2.2080e-11      7.98e-15    1.26e+00
   5        2.2210e-11   8.15e-14          2.2081e-11      7.94e-15    1.29e+00
   5        2.2076e-11   7.94e-14          2.2081e-11      7.90e-15    1.26e+00
   5        2.1959e-11   7.98e-14          2.2080e-11      7.87e-15    1.28e+00
   5        2.2119e-11   8.28e-14          2.2080e-11      7.83e-15    1.26e+00
   5        2.1995e-11   8.50e-14          2.2079e-11      7.80e-15    1.26e+00
   5        2.2253e-11   8.23e-14          2.2081e-11      7.76e-15    1.32e+00
LO = (2.2080748e-11 +- 7.7621920e-15) pb

*******************************************
* virtual corrections + integrated dipole *
*******************************************
The limits of integration are:

xl[0]=0.000000    xu[0]=1.000000
xl[1]=0.000000    xu[1]=1.000000
xl[2]=0.000000    xu[2]=1.000000

num_dim=3, calls=240, it_num=1, max_it_num=5 verb=0, alph=1.50,
mode=0, bins=50, boxes=1

       single.......iteration                   accumulated......results   
iteration     integral    sigma             integral         sigma     chi-sq/it

   1        3.2671e-12   3.29e-13          3.2671e-12      3.29e-13    0.00e+00
   2        3.1358e-12   1.22e-13          3.1517e-12      1.14e-13    1.40e-01
   3        3.4583e-12   8.72e-14          3.3455e-12      6.93e-14    2.34e+00
   4        3.4729e-12   7.34e-14          3.4056e-12      5.04e-14    2.09e+00
   5        3.6168e-12   8.17e-14          3.4639e-12      4.29e-14    2.78e+00

num_dim=3, calls=1200, it_num=1, max_it_num=3 verb=0, alph=1.50,
mode=0, bins=50, boxes=1

       single.......iteration                   accumulated......results   
iteration     integral    sigma             integral         sigma     chi-sq/it

   1        3.3910e-12   3.44e-14          3.3910e-12      3.44e-14    0.00e+00
   2        3.4781e-12   2.96e-14          3.4409e-12      2.24e-14    3.68e+00
   3        3.4472e-12   2.69e-14          3.4435e-12      1.72e-14    1.86e+00
   3        3.5269e-12   2.77e-14          3.4667e-12      1.46e-14    3.42e+00
   3        3.4240e-12   2.70e-14          3.4570e-12      1.29e-14    3.05e+00
   3        3.4636e-12   2.69e-14          3.4583e-12      1.16e-14    2.45e+00
   3        3.4287e-12   2.86e-14          3.4541e-12      1.08e-14    2.19e+00
   3        3.4844e-12   2.67e-14          3.4583e-12      9.98e-15    2.04e+00
   3        3.4670e-12   2.60e-14          3.4594e-12      9.32e-15    1.79e+00
   3        3.4664e-12   2.68e-14          3.4602e-12      8.80e-15    1.60e+00
   3        3.4348e-12   2.73e-14          3.4578e-12      8.38e-15    1.52e+00
   3        3.4539e-12   2.82e-14          3.4575e-12      8.03e-15    1.38e+00
   3        3.4799e-12   2.66e-14          3.4593e-12      7.69e-15    1.32e+00
   3        3.4692e-12   2.78e-14          3.4600e-12      7.41e-15    1.23e+00
   3        3.4780e-12   2.87e-14          3.4612e-12      7.17e-15    1.17e+00
vNLO = (3.4611683e-12 +- 7.1739096e-15) pb

*****************************
* collinear remainder (P+K) *
*****************************
The limits of integration are:

xl[0]=0.000000    xu[0]=1.000000
xl[1]=0.000000    xu[1]=1.000000
xl[2]=0.000000    xu[2]=1.000000
xl[3]=0.000000    xu[3]=1.000000

num_dim=4, calls=2500, it_num=1, max_it_num=5 verb=0, alph=1.50,
mode=0, bins=50, boxes=1

       single.......iteration                   accumulated......results   
iteration     integral    sigma             integral         sigma     chi-sq/it

   1        5.4421e-13   2.27e-13          5.4421e-13      2.27e-13    0.00e+00
   2        3.0702e-13   1.15e-13          3.5577e-13      1.03e-13    8.68e-01
   3        2.8043e-13   9.75e-14          3.1608e-13      7.08e-14    5.75e-01
   4        1.9416e-13   9.51e-14          2.7260e-13      5.68e-14    7.36e-01
   5        1.4067e-13   9.59e-14          2.3835e-13      4.88e-14    9.03e-01

num_dim=4, calls=25000, it_num=1, max_it_num=3 verb=0, alph=1.50,
mode=0, bins=50, boxes=1

       single.......iteration                   accumulated......results   
iteration     integral    sigma             integral         sigma     chi-sq/it

   1        1.7642e-13   3.03e-14          1.7642e-13      3.03e-14    0.00e+00
   2        1.5547e-13   3.04e-14          1.6598e-13      2.14e-14    2.39e-01
   3        1.8657e-13   3.01e-14          1.7291e-13      1.75e-14    2.74e-01
   3        1.7174e-13   3.03e-14          1.7262e-13      1.51e-14    1.83e-01
   3        2.0504e-13   3.04e-14          1.7906e-13      1.35e-14    3.66e-01
   3        1.9126e-13   3.02e-14          1.8110e-13      1.24e-14    3.20e-01
   3        1.9905e-13   3.03e-14          1.8366e-13      1.14e-14    3.17e-01
   3        1.3960e-13   3.03e-14          1.7817e-13      1.07e-14    5.36e-01
   3        1.4374e-13   3.03e-14          1.7435e-13      1.01e-14    6.12e-01
   3        1.7822e-13   3.04e-14          1.7474e-13      9.58e-15    5.46e-01
   3        1.6596e-13   3.04e-14          1.7394e-13      9.14e-15    4.99e-01
   3        1.9647e-13   3.04e-14          1.7581e-13      8.75e-15    4.99e-01
   3        1.9110e-13   3.04e-14          1.7698e-13      8.41e-15    4.77e-01
   3        1.5489e-13   3.05e-14          1.7542e-13      8.11e-15    4.78e-01
   3        1.5764e-13   3.05e-14          1.7425e-13      7.83e-15    4.66e-01
   3        1.4299e-13   3.08e-14          1.7235e-13      7.59e-15    5.00e-01
   3        1.7734e-13   3.09e-14          1.7264e-13      7.37e-15    4.70e-01
   3        1.3427e-13   3.09e-14          1.7057e-13      7.17e-15    5.28e-01
P+K = (1.7057031e-13 +- 7.1715905e-15) pb

********************************
* real gluon emission - dipole *
********************************
The limits of integration are:

xl[0]=0.000000    xu[0]=1.000000
xl[1]=0.000000    xu[1]=1.000000
xl[2]=0.000000    xu[2]=1.000000
xl[3]=0.000000    xu[3]=1.000000
xl[4]=0.000000    xu[4]=1.000000
xl[5]=0.000000    xu[5]=1.000000

num_dim=6, calls=250, it_num=1, max_it_num=5 verb=0, alph=1.50,
mode=0, bins=50, boxes=1

       single.......iteration                   accumulated......results   
iteration     integral    sigma             integral         sigma     chi-sq/it

   1        -1.2740e-13   3.07e-14          -1.2740e-13      3.07e-14    0.00e+00
   2        -1.5582e-13   4.09e-14          -1.3763e-13      2.45e-14    3.09e-01
   3        -1.1104e-13   1.58e-14          -1.1884e-13      1.33e-14    5.69e-01
   4        -1.1717e-13   1.28e-14          -1.1797e-13      9.22e-15    3.82e-01
   5        -1.3948e-13   1.81e-14          -1.2239e-13      8.22e-15    5.66e-01

num_dim=6, calls=2500, it_num=1, max_it_num=3 verb=0, alph=1.50,
mode=0, bins=50, boxes=1

       single.......iteration                   accumulated......results   
iteration     integral    sigma             integral         sigma     chi-sq/it

   1        -1.3146e-13   7.75e-15          -1.3146e-13      7.75e-15    0.00e+00
   2        -1.1839e-13   3.43e-15          -1.2053e-13      3.14e-15    2.38e+00
   3        -1.2597e-13   2.15e-15          -1.2423e-13      1.77e-15    2.22e+00
   3        -1.2207e-13   1.91e-15          -1.2323e-13      1.30e-15    1.71e+00
   3        -1.2209e-13   1.69e-15          -1.2281e-13      1.03e-15    1.35e+00
rNLOg = (-1.2280526e-13 +- 1.0312590e-15) pb

**************************************************
* real light quark emission - dipole - (onshell) *
**************************************************
The limits of integration are:

xl[0]=0.000000    xu[0]=1.000000
xl[1]=0.000000    xu[1]=1.000000
xl[2]=0.000000    xu[2]=1.000000
xl[3]=0.000000    xu[3]=1.000000
xl[4]=0.000000    xu[4]=1.000000
xl[5]=0.000000    xu[5]=1.000000

num_dim=6, calls=5000, it_num=1, max_it_num=5 verb=0, alph=1.50,
mode=0, bins=50, boxes=1

       single.......iteration                   accumulated......results   
iteration     integral    sigma             integral         sigma     chi-sq/it

   1        3.1041e-13   2.21e-14          3.1041e-13      2.21e-14    0.00e+00
   2        3.2136e-13   7.37e-15          3.2026e-13      6.99e-15    2.22e-01
   3        3.1022e-13   4.06e-15          3.1275e-13      3.51e-15    8.82e-01
   4        3.0465e-13   3.36e-15          3.0852e-13      2.43e-15    1.51e+00
   5        3.0670e-13   3.08e-15          3.0782e-13      1.91e-15    1.19e+00

num_dim=6, calls=50000, it_num=1, max_it_num=5 verb=0, alph=1.50,
mode=0, bins=50, boxes=1

       single.......iteration                   accumulated......results   
iteration     integral    sigma             integral         sigma     chi-sq/it

   1        3.0710e-13   9.67e-16          3.0710e-13      9.67e-16    0.00e+00
   2        3.0871e-13   9.92e-16          3.0789e-13      6.92e-16    1.35e+00
   3        3.1043e-13   1.11e-15          3.0860e-13      5.87e-16    2.56e+00
   4        3.0864e-13   1.06e-15          3.0861e-13      5.13e-16    1.71e+00
   5        3.0875e-13   1.06e-15          3.0864e-13      4.62e-16    1.28e+00
rNLOq = (3.0863525e-13 +- 4.6221598e-16) pb
NLO = (2.5898317e-11 +- 1.2822849e-14) pb
#chisq/dof = 1.70894e-07
#status = success
#chisq/dof = 2.1076e-08
#status = success
#chisq/dof = 7.74542e-10
#status = iteration is not making progress towards solution
#chisq/dof = 6.43794e-09
#status = success
#chisq/dof = 9.59129e-10
#status = success
#chisq/dof = 1.15856e-10
#status = success
#chisq/dof = 3.20838e-09
#status = success
#chisq/dof = 2.64715e-10
#status = success

*******************************************************
* threshold resummation (unimproved nnll) - expansion *
*******************************************************
The limits of integration are:

xl[0]=0.000000    xu[0]=1.000000
xl[1]=0.000000    xu[1]=1.000000
xl[2]=0.000000    xu[2]=1.000000

num_dim=3, calls=7000, it_num=1, max_it_num=5 verb=0, alph=1.50,
mode=0, bins=50, boxes=1

       single.......iteration                   accumulated......results   
iteration     integral    sigma             integral         sigma     chi-sq/it

   1        6.6031e-12   4.26e-12          6.6031e-12      4.26e-12    0.00e+00
   2        -1.0233e-12   1.04e-12          -5.9405e-13      1.01e-12    3.02e+00
   3        1.2278e-12   8.72e-13          4.5040e-13      6.61e-13    2.44e+00
   4        -1.4394e-12   8.57e-13          -2.5413e-13      5.23e-13    2.64e+00
   5        -5.3872e-13   8.71e-13          -3.2963e-13      4.48e-13    2.00e+00

num_dim=3, calls=35000, it_num=1, max_it_num=5 verb=0, alph=1.50,
mode=0, bins=50, boxes=1

       single.......iteration                   accumulated......results   
iteration     integral    sigma             integral         sigma     chi-sq/it

   1        -1.3791e-13   3.88e-13          -1.3791e-13      3.88e-13    0.00e+00
   2        -8.2601e-13   3.85e-13          -4.8428e-13      2.73e-13    1.58e+00
   3        -1.0065e-12   3.88e-13          -6.5740e-13      2.23e-13    1.40e+00
   4        -8.6068e-13   3.88e-13          -7.0797e-13      1.94e-13    1.00e+00
   5        2.8670e-13   3.86e-13          -5.0816e-13      1.73e-13    2.08e+00
   5        -1.5964e-13   3.87e-13          -4.5016e-13      1.58e-13    1.80e+00
   5        -4.0135e-13   3.89e-13          -4.4324e-13      1.46e-13    1.50e+00
   5        -1.1907e-13   3.85e-13          -4.0228e-13      1.37e-13    1.37e+00
   5        -1.7963e-14   3.87e-13          -3.5956e-13      1.29e-13    1.31e+00
   5        1.1477e-14   3.89e-13          -3.2275e-13      1.22e-13    1.26e+00
   5        -2.1250e-13   3.86e-13          -3.1265e-13      1.17e-13    1.14e+00
   5        -2.3816e-13   3.87e-13          -3.0645e-13      1.12e-13    1.04e+00
   5        -5.1089e-13   3.89e-13          -3.2203e-13      1.07e-13    9.72e-01
   5        -4.6346e-13   3.89e-13          -3.3207e-13      1.04e-13    9.07e-01
   5        -2.7284e-13   3.90e-13          -3.2817e-13      1.00e-13    8.44e-01
   5        -6.8793e-13   3.87e-13          -3.5067e-13      9.69e-14    8.41e-01
   5        3.7451e-14   3.89e-13          -3.2802e-13      9.40e-14    8.47e-01
   5        2.4745e-13   3.90e-13          -2.9636e-13      9.14e-14    9.19e-01
   5        -1.0414e-12   3.88e-13          -3.3555e-13      8.90e-14    1.06e+00
   5        -5.5782e-13   3.91e-13          -3.4647e-13      8.67e-14    1.02e+00
   5        -1.2374e-13   3.93e-13          -3.3611e-13      8.47e-14    9.86e-01
   5        -8.6404e-14   3.92e-13          -3.2499e-13      8.28e-14    9.58e-01
   5        -5.6133e-14   3.93e-13          -3.1358e-13      8.10e-14    9.35e-01
   5        -1.4886e-13   3.96e-13          -3.0695e-13      7.94e-14    9.01e-01
   5        -3.4512e-14   3.96e-13          -2.9644e-13      7.78e-14    8.83e-01
   5        -6.7787e-13   3.99e-13          -3.1042e-13      7.64e-14    8.82e-01
   5        -4.7134e-13   3.95e-13          -3.1621e-13      7.50e-14    8.55e-01
   5        -5.3691e-13   3.99e-13          -3.2375e-13      7.37e-14    8.34e-01
   5        -4.6071e-13   4.00e-13          -3.2826e-13      7.25e-14    8.08e-01
   5        1.0949e-13   3.99e-13          -3.1429e-13      7.13e-14    8.20e-01
   5        -2.7376e-13   4.01e-13          -3.1305e-13      7.02e-14    7.93e-01
   5        -1.1081e-12   4.03e-13          -3.3653e-13      6.92e-14    8.90e-01
   5        -5.2605e-13   4.04e-13          -3.4194e-13      6.82e-14    8.69e-01
   5        -7.5934e-14   4.04e-13          -3.3459e-13      6.72e-14    8.55e-01
   5        -4.1058e-13   4.04e-13          -3.3664e-13      6.63e-14    8.31e-01
   5        -6.5653e-13   4.05e-13          -3.4498e-13      6.55e-14    8.25e-01
   5        1.5559e-13   4.03e-13          -3.3215e-13      6.46e-14    8.44e-01
   5        -1.1841e-13   4.06e-13          -3.2686e-13      6.38e-14    8.28e-01
   5        -3.8269e-13   4.05e-13          -3.2821e-13      6.30e-14    8.07e-01
   5        4.1701e-13   4.08e-13          -3.1087e-13      6.23e-14    8.69e-01
   5        2.3436e-14   4.14e-13          -3.0347e-13      6.16e-14    8.64e-01
   5        4.7331e-13   4.12e-13          -2.8649e-13      6.09e-14    9.27e-01
   5        -4.9240e-15   4.10e-13          -2.8042e-13      6.03e-14    9.16e-01
   5        7.3968e-13   4.12e-13          -2.5907e-13      5.96e-14    1.03e+00
   5        2.9962e-13   4.15e-13          -2.4779e-13      5.90e-14    1.05e+00
   5        4.1701e-13   4.12e-13          -2.3441e-13      5.84e-14    1.08e+00
   5        -8.5467e-13   4.14e-13          -2.4652e-13      5.78e-14    1.11e+00
   5        -3.0837e-13   4.17e-13          -2.4769e-13      5.73e-14    1.09e+00
   5        -1.8521e-14   4.17e-13          -2.4344e-13      5.68e-14    1.07e+00
   5        2.9063e-13   4.16e-13          -2.3369e-13      5.62e-14    1.08e+00
   5        3.3623e-15   4.19e-13          -2.2949e-13      5.57e-14    1.07e+00
   5        -2.5918e-13   4.21e-13          -2.3000e-13      5.53e-14    1.04e+00
   5        -1.5208e-13   4.18e-13          -2.2866e-13      5.48e-14    1.02e+00
   5        2.2422e-14   4.14e-13          -2.2434e-13      5.43e-14    1.01e+00
   5        -3.2388e-13   4.20e-13          -2.2598e-13      5.39e-14    9.95e-01
aNNLO+NNLL = (2.5672341e-11 +- 5.5368657e-14) pb

Results:
LO = (2.2052150e-11 +- 9.9210675e-15) pb
NLO = (2.5898317e-11 +- 1.2822849e-14) pb
aNNLO+NNLL = (2.5672341e-11 +- 5.5368657e-14) pb
Thanks for using LHAPDF 6.2.3. Please make sure to cite the paper:
  Eur.Phys.J. C75 (2015) 3, 132  (http://arxiv.org/abs/1412.7420)
 ====================================================
   FF 2.0, a package to evaluate one-loop integrals
 written by G. J. van Oldenborgh, NIKHEF-H, Amsterdam
 ====================================================
 for the algorithms used see preprint NIKHEF-H 89/17,
 'New Algorithms for One-loop Integrals', by G.J. van
 Oldenborgh and J.A.M. Vermaseren, published in 
 Zeitschrift fuer Physik C46(1990)425.
 ====================================================
 
total number of errors and warnings
===================================
fferr: no errors
 
