
  Welcome to Resummino git-latest
  Copyright 2008-2010 Jonathan Debove.
  Copyright 2011-2014 David R. Lamprea.
  Copyright 2011-2016 Marcel Rothering.

  Licensed under the EUPL 1.1 or later.
  See http://www.resummino.org/ for more information.

  If using Resummino for slepton pair production, please cite.
  - G. Bozzi, B. Fuks, M. Klasen, PRD 74, 015001 (2006); NPB 777, 157 (2007); NPB 794, 46 (2007).
  - B. Fuks, M. Klasen, D. R. Lamprea, M. Rothering, EPJC 73, 2480 (2013).

  For gaugino pair production, please cite:
  - J. Debove, B. Fuks, M. Klasen, PLB 688, 208 (2010); NPB 842, 51 (2011); NPB 849, 64 (2011).
  - B. Fuks, M. Klasen, D. R. Lamprea, M. Rothering, JHEP 1210, 081 (2012); EPJC 73, 2480 (2013).

  For associated gaugino gluino production, please cite:
  - B. Fuks, M. Klasen, M. Rothering, JHEP 07:053, (2016).
  - B. Fuks, M. Klasen, D. R. Lamprea, M. Rothering, EPJC 73, 2480 (2013).

LHAPDF 6.2.3 loading /pool/condor/dir_255514/resummino-releases/lhapdf-prefix/share/LHAPDF/PDF4LHC21_40/PDF4LHC21_40_0000.dat
PDF4LHC21_40 PDF set, member #0, version 1
 alpha_s(M_Z^2) = 0.1180 	 for LO PDF set 
 alpha_s(1800.000^2) = 0.0816 	 for LO PDF set 

********************
* LO cross section *
********************
The limits of integration are:

xl[0]=0.000000    xu[0]=1.000000
xl[1]=0.000000    xu[1]=1.000000
xl[2]=0.000000    xu[2]=1.000000

num_dim=3, calls=2000, it_num=1, max_it_num=5 verb=0, alph=1.50,
mode=0, bins=50, boxes=1

       single.......iteration                   accumulated......results   
iteration     integral    sigma             integral         sigma     chi-sq/it

   1        1.1451e-13   3.39e-15          1.1451e-13      3.39e-15    0.00e+00
   2        1.2045e-13   1.23e-15          1.1976e-13      1.16e-15    2.72e+00
   3        1.2208e-13   6.70e-16          1.2150e-13      5.80e-16    2.87e+00
   4        1.2056e-13   6.34e-16          1.2107e-13      4.28e-16    2.31e+00
   5        1.2038e-13   6.56e-16          1.2087e-13      3.58e-16    1.92e+00

num_dim=3, calls=20000, it_num=1, max_it_num=5 verb=0, alph=1.50,
mode=0, bins=50, boxes=1

       single.......iteration                   accumulated......results   
iteration     integral    sigma             integral         sigma     chi-sq/it

   1        1.2101e-13   2.01e-16          1.2101e-13      2.01e-16    0.00e+00
   2        1.2098e-13   1.95e-16          1.2100e-13      1.40e-16    1.52e-02
   3        1.2128e-13   1.93e-16          1.2109e-13      1.13e-16    6.99e-01
   4        1.2126e-13   2.05e-16          1.2113e-13      9.92e-17    6.29e-01
   5        1.2076e-13   2.06e-16          1.2106e-13      8.93e-17    1.13e+00
LO = (1.2106123e-13 +- 8.9322356e-17) pb
LHAPDF 6.2.3 loading /pool/condor/dir_255514/resummino-releases/lhapdf-prefix/share/LHAPDF/PDF4LHC21_40/PDF4LHC21_40_0022.dat
PDF4LHC21_40 PDF set, member #22, version 1
 alpha_s(M_Z^2) = 0.1180 	 for NLO PDF set 
 alpha_s(1800.000^2) = 0.0816 	 for NLO PDF set 

********************
* LO cross section *
********************
The limits of integration are:

xl[0]=0.000000    xu[0]=1.000000
xl[1]=0.000000    xu[1]=1.000000
xl[2]=0.000000    xu[2]=1.000000

num_dim=3, calls=2000, it_num=1, max_it_num=5 verb=0, alph=1.50,
mode=0, bins=50, boxes=1

       single.......iteration                   accumulated......results   
iteration     integral    sigma             integral         sigma     chi-sq/it

   1        1.2076e-13   3.40e-15          1.2076e-13      3.40e-15    0.00e+00
   2        1.2663e-13   1.26e-15          1.2592e-13      1.18e-15    2.62e+00
   3        1.2828e-13   7.20e-16          1.2764e-13      6.15e-16    2.77e+00
   4        1.2648e-13   6.88e-16          1.2713e-13      4.59e-16    2.37e+00
   5        1.2641e-13   7.09e-16          1.2691e-13      3.85e-16    1.96e+00

num_dim=3, calls=20000, it_num=1, max_it_num=5 verb=0, alph=1.50,
mode=0, bins=50, boxes=1

       single.......iteration                   accumulated......results   
iteration     integral    sigma             integral         sigma     chi-sq/it

   1        1.2716e-13   2.16e-16          1.2716e-13      2.16e-16    0.00e+00
   2        1.2718e-13   2.10e-16          1.2717e-13      1.50e-16    5.20e-03
   3        1.2746e-13   2.07e-16          1.2727e-13      1.22e-16    6.56e-01
   4        1.2743e-13   2.19e-16          1.2731e-13      1.06e-16    5.69e-01
   5        1.2692e-13   2.21e-16          1.2723e-13      9.59e-17    1.04e+00
   5        1.2699e-13   2.21e-16          1.2720e-13      8.80e-17    1.04e+00
   5        1.2735e-13   2.21e-16          1.2722e-13      8.17e-17    9.32e-01
   5        1.2698e-13   2.26e-16          1.2719e-13      7.69e-17    9.42e-01
   5        1.2696e-13   2.29e-16          1.2717e-13      7.29e-17    9.33e-01
   5        1.2685e-13   2.35e-16          1.2714e-13      6.96e-17    1.01e+00
   5        1.2699e-13   2.46e-16          1.2713e-13      6.70e-17    9.40e-01
   5        1.2718e-13   2.51e-16          1.2713e-13      6.47e-17    8.58e-01
   5        1.2737e-13   2.64e-16          1.2714e-13      6.28e-17    8.54e-01
   5        1.2702e-13   2.77e-16          1.2714e-13      6.13e-17    8.02e-01
   5        1.2717e-13   2.93e-16          1.2714e-13      6.00e-17    7.46e-01
   5        1.2677e-13   3.03e-16          1.2713e-13      5.88e-17    7.93e-01
   5        1.2683e-13   3.06e-16          1.2712e-13      5.78e-17    7.98e-01
   5        1.2736e-13   3.13e-16          1.2712e-13      5.68e-17    7.85e-01
   5        1.2751e-13   3.37e-16          1.2713e-13      5.60e-17    8.12e-01
   5        1.2763e-13   3.30e-16          1.2715e-13      5.52e-17    8.87e-01
   5        1.2689e-13   3.37e-16          1.2714e-13      5.45e-17    8.70e-01
   5        1.2731e-13   3.46e-16          1.2715e-13      5.38e-17    8.40e-01
   5        1.2743e-13   3.57e-16          1.2715e-13      5.32e-17    8.30e-01
   5        1.2712e-13   3.77e-16          1.2715e-13      5.27e-17    7.94e-01
   5        1.2760e-13   3.83e-16          1.2716e-13      5.22e-17    8.19e-01
   5        1.2689e-13   3.82e-16          1.2715e-13      5.17e-17    8.06e-01
   5        1.2810e-13   3.99e-16          1.2717e-13      5.13e-17    9.89e-01
   5        1.2714e-13   3.77e-16          1.2717e-13      5.08e-17    9.52e-01
   5        1.2703e-13   3.85e-16          1.2717e-13      5.04e-17    9.23e-01
   5        1.2726e-13   3.98e-16          1.2717e-13      5.00e-17    8.92e-01
   5        1.2700e-13   4.00e-16          1.2717e-13      4.96e-17    8.68e-01
   5        1.2709e-13   4.18e-16          1.2717e-13      4.93e-17    8.42e-01
   5        1.2766e-13   4.09e-16          1.2717e-13      4.89e-17    8.60e-01
   5        1.2683e-13   4.23e-16          1.2717e-13      4.86e-17    8.53e-01
   5        1.2643e-13   4.19e-16          1.2716e-13      4.83e-17    9.19e-01
   5        1.2749e-13   4.26e-16          1.2716e-13      4.80e-17    9.10e-01
   5        1.2607e-13   4.25e-16          1.2715e-13      4.77e-17    1.07e+00
   5        1.2669e-13   4.36e-16          1.2714e-13      4.74e-17    1.07e+00
   5        1.2757e-13   4.28e-16          1.2715e-13      4.71e-17    1.07e+00
   5        1.2702e-13   4.36e-16          1.2715e-13      4.68e-17    1.04e+00
   5        1.2722e-13   4.47e-16          1.2715e-13      4.66e-17    1.01e+00
   5        1.2692e-13   4.50e-16          1.2715e-13      4.63e-17    9.96e-01
   5        1.2804e-13   4.65e-16          1.2715e-13      4.61e-17    1.06e+00
   5        1.2744e-13   4.59e-16          1.2716e-13      4.59e-17    1.04e+00
   5        1.2663e-13   4.63e-16          1.2715e-13      4.56e-17    1.05e+00
   5        1.2712e-13   4.67e-16          1.2715e-13      4.54e-17    1.03e+00
   5        1.2781e-13   4.85e-16          1.2716e-13      4.52e-17    1.04e+00
   5        1.2597e-13   4.76e-16          1.2715e-13      4.50e-17    1.15e+00
   5        1.2815e-13   4.92e-16          1.2715e-13      4.48e-17    1.21e+00
   5        1.2793e-13   4.88e-16          1.2716e-13      4.46e-17    1.24e+00
   5        1.2715e-13   4.90e-16          1.2716e-13      4.45e-17    1.22e+00
   5        1.2610e-13   4.91e-16          1.2715e-13      4.43e-17    1.28e+00
   5        1.2722e-13   5.06e-16          1.2715e-13      4.41e-17    1.26e+00
   5        1.2728e-13   5.21e-16          1.2715e-13      4.40e-17    1.24e+00
   5        1.2793e-13   5.08e-16          1.2716e-13      4.38e-17    1.26e+00
LO = (1.2715969e-13 +- 4.3791139e-17) pb

*******************************************
* virtual corrections + integrated dipole *
*******************************************
The limits of integration are:

xl[0]=0.000000    xu[0]=1.000000
xl[1]=0.000000    xu[1]=1.000000
xl[2]=0.000000    xu[2]=1.000000

num_dim=3, calls=240, it_num=1, max_it_num=5 verb=0, alph=1.50,
mode=0, bins=50, boxes=1

       single.......iteration                   accumulated......results   
iteration     integral    sigma             integral         sigma     chi-sq/it

   1        1.3359e-14   1.12e-15          1.3359e-14      1.12e-15    0.00e+00
   2        1.4398e-14   6.32e-16          1.4145e-14      5.50e-16    6.56e-01
   3        1.5586e-14   3.93e-16          1.5099e-14      3.20e-16    2.60e+00
   4        1.5778e-14   2.85e-16          1.5477e-14      2.13e-16    2.57e+00
   5        1.6115e-14   3.48e-16          1.5651e-14      1.82e-16    2.54e+00

num_dim=3, calls=1200, it_num=1, max_it_num=3 verb=0, alph=1.50,
mode=0, bins=50, boxes=1

       single.......iteration                   accumulated......results   
iteration     integral    sigma             integral         sigma     chi-sq/it

   1        1.5188e-14   1.51e-16          1.5188e-14      1.51e-16    0.00e+00
   2        1.5516e-14   1.18e-16          1.5392e-14      9.31e-17    2.91e+00
   3        1.5401e-14   1.12e-16          1.5396e-14      7.17e-17    1.46e+00
   3        1.5722e-14   1.14e-16          1.5488e-14      6.07e-17    2.93e+00
   3        1.5285e-14   1.15e-16          1.5444e-14      5.37e-17    2.81e+00
   3        1.5497e-14   1.14e-16          1.5454e-14      4.86e-17    2.28e+00
   3        1.5307e-14   1.19e-16          1.5433e-14      4.50e-17    2.12e+00
   3        1.5559e-14   1.12e-16          1.5450e-14      4.18e-17    1.97e+00
   3        1.5532e-14   1.10e-16          1.5461e-14      3.90e-17    1.79e+00
   3        1.5410e-14   1.12e-16          1.5455e-14      3.69e-17    1.61e+00
   3        1.5442e-14   1.18e-16          1.5454e-14      3.52e-17    1.45e+00
vNLO = (1.5454196e-14 +- 3.5164029e-17) pb

*****************************
* collinear remainder (P+K) *
*****************************
The limits of integration are:

xl[0]=0.000000    xu[0]=1.000000
xl[1]=0.000000    xu[1]=1.000000
xl[2]=0.000000    xu[2]=1.000000
xl[3]=0.000000    xu[3]=1.000000

num_dim=4, calls=2500, it_num=1, max_it_num=5 verb=0, alph=1.50,
mode=0, bins=50, boxes=1

       single.......iteration                   accumulated......results   
iteration     integral    sigma             integral         sigma     chi-sq/it

   1        2.0467e-14   1.05e-15          2.0467e-14      1.05e-15    0.00e+00
   2        2.0475e-14   4.28e-16          2.0474e-14      3.96e-16    4.09e-05
   3        2.0535e-14   3.47e-16          2.0509e-14      2.61e-16    6.90e-03
   4        2.0567e-14   3.35e-16          2.0531e-14      2.06e-16    1.08e-02
   5        2.0858e-14   3.32e-16          2.0621e-14      1.75e-16    1.83e-01

num_dim=4, calls=25000, it_num=1, max_it_num=3 verb=0, alph=1.50,
mode=0, bins=50, boxes=1

       single.......iteration                   accumulated......results   
iteration     integral    sigma             integral         sigma     chi-sq/it

   1        2.0835e-14   1.03e-16          2.0835e-14      1.03e-16    0.00e+00
   2        2.0877e-14   1.02e-16          2.0856e-14      7.25e-17    8.47e-02
   3        2.0603e-14   1.03e-16          2.0772e-14      5.93e-17    2.06e+00
   3        2.0727e-14   1.04e-16          2.0761e-14      5.14e-17    1.42e+00
   3        2.0571e-14   1.04e-16          2.0724e-14      4.61e-17    1.73e+00
   3        2.0554e-14   1.04e-16          2.0696e-14      4.21e-17    1.83e+00
   3        2.0613e-14   1.03e-16          2.0684e-14      3.90e-17    1.62e+00
   3        2.0662e-14   1.04e-16          2.0681e-14      3.65e-17    1.39e+00
P+K = (2.0681214e-14 +- 3.6522626e-17) pb

********************************
* real gluon emission - dipole *
********************************
The limits of integration are:

xl[0]=0.000000    xu[0]=1.000000
xl[1]=0.000000    xu[1]=1.000000
xl[2]=0.000000    xu[2]=1.000000
xl[3]=0.000000    xu[3]=1.000000
xl[4]=0.000000    xu[4]=1.000000
xl[5]=0.000000    xu[5]=1.000000

num_dim=6, calls=250, it_num=1, max_it_num=5 verb=0, alph=1.50,
mode=0, bins=50, boxes=1

       single.......iteration                   accumulated......results   
iteration     integral    sigma             integral         sigma     chi-sq/it

   1        -1.6671e-16   5.52e-17          -1.6671e-16      5.52e-17    0.00e+00
   2        -1.9514e-16   4.21e-17          -1.8469e-16      3.35e-17    1.68e-01
   3        -1.3062e-16   1.50e-17          -1.3960e-16      1.37e-17    1.17e+00
   4        -1.4202e-16   1.20e-17          -1.4097e-16      9.01e-18    7.86e-01
   5        -1.4561e-16   8.78e-18          -1.4335e-16      6.29e-18    6.24e-01

num_dim=6, calls=2500, it_num=1, max_it_num=3 verb=0, alph=1.50,
mode=0, bins=50, boxes=1

       single.......iteration                   accumulated......results   
iteration     integral    sigma             integral         sigma     chi-sq/it

   1        -1.5418e-16   2.92e-18          -1.5418e-16      2.92e-18    0.00e+00
   2        -1.5106e-16   1.86e-18          -1.5196e-16      1.57e-18    8.14e-01
   3        -1.5287e-16   2.02e-18          -1.5230e-16      1.24e-18    4.70e-01
rNLOg = (-1.5230166e-16 +- 1.2365375e-18) pb

**************************************************
* real light quark emission - dipole - (onshell) *
**************************************************
The limits of integration are:

xl[0]=0.000000    xu[0]=1.000000
xl[1]=0.000000    xu[1]=1.000000
xl[2]=0.000000    xu[2]=1.000000
xl[3]=0.000000    xu[3]=1.000000
xl[4]=0.000000    xu[4]=1.000000
xl[5]=0.000000    xu[5]=1.000000

num_dim=6, calls=5000, it_num=1, max_it_num=5 verb=0, alph=1.50,
mode=0, bins=50, boxes=1

       single.......iteration                   accumulated......results   
iteration     integral    sigma             integral         sigma     chi-sq/it

   1        2.9218e-16   1.82e-17          2.9218e-16      1.82e-17    0.00e+00
   2        2.8569e-16   5.30e-18          2.8620e-16      5.08e-18    1.18e-01
   3        2.8101e-16   2.96e-18          2.8232e-16      2.56e-18    4.48e-01
   4        2.7929e-16   2.22e-18          2.8059e-16      1.68e-18    5.66e-01
   5        2.8058e-16   1.96e-18          2.8059e-16      1.28e-18    4.25e-01

num_dim=6, calls=50000, it_num=1, max_it_num=5 verb=0, alph=1.50,
mode=0, bins=50, boxes=1

       single.......iteration                   accumulated......results   
iteration     integral    sigma             integral         sigma     chi-sq/it

   1        2.8042e-16   6.01e-19          2.8042e-16      6.01e-19    0.00e+00
   2        2.8205e-16   7.86e-19          2.8102e-16      4.77e-19    2.74e+00
   3        2.8261e-16   7.97e-19          2.8144e-16      4.09e-19    2.84e+00
   4        2.8143e-16   6.69e-19          2.8144e-16      3.49e-19    1.89e+00
   5        2.8194e-16   7.81e-19          2.8152e-16      3.19e-19    1.51e+00
rNLOq = (2.8152192e-16 +- 3.1887618e-19) pb
NLO = (1.6342432e-13 +- 6.7005267e-17) pb
#chisq/dof = 2.89014e-09
#status = success
#chisq/dof = 5.71296e-10
#status = success
#chisq/dof = 5.22009e-10
#status = success
#chisq/dof = 3.46127e-09
#status = success
#chisq/dof = 1.03657e-10
#status = success
#chisq/dof = 3.60349e-12
#status = success
#chisq/dof = 3.85397e-10
#status = success
#chisq/dof = 4.62148e-11
#status = success

*******************************************************
* threshold resummation (unimproved nnll) - expansion *
*******************************************************
The limits of integration are:

xl[0]=0.000000    xu[0]=1.000000
xl[1]=0.000000    xu[1]=1.000000
xl[2]=0.000000    xu[2]=1.000000

num_dim=3, calls=7000, it_num=1, max_it_num=5 verb=0, alph=1.50,
mode=0, bins=50, boxes=1

       single.......iteration                   accumulated......results   
iteration     integral    sigma             integral         sigma     chi-sq/it

   1        3.2117e-15   9.65e-16          3.2117e-15      9.65e-16    0.00e+00
   2        2.6237e-15   3.42e-16          2.6893e-15      3.22e-16    3.30e-01
   3        1.4099e-15   3.13e-16          2.0308e-15      2.25e-16    4.22e+00
   4        2.0318e-15   3.12e-16          2.0312e-15      1.82e-16    2.81e+00
   5        2.0173e-15   3.14e-16          2.0277e-15      1.58e-16    2.11e+00

num_dim=3, calls=35000, it_num=1, max_it_num=5 verb=0, alph=1.50,
mode=0, bins=50, boxes=1

       single.......iteration                   accumulated......results   
iteration     integral    sigma             integral         sigma     chi-sq/it

   1        2.5610e-15   1.38e-16          2.5610e-15      1.38e-16    0.00e+00
   2        2.6758e-15   1.38e-16          2.6184e-15      9.77e-17    3.46e-01
   3        2.6757e-15   1.38e-16          2.6376e-15      7.97e-17    2.30e-01
   4        2.5601e-15   1.38e-16          2.6182e-15      6.90e-17    2.32e-01
   5        2.2462e-15   1.38e-16          2.5440e-15      6.17e-17    1.62e+00
   5        2.3126e-15   1.38e-16          2.5056e-15      5.64e-17    1.77e+00
   5        2.4433e-15   1.38e-16          2.4967e-15      5.22e-17    1.50e+00
   5        2.6164e-15   1.38e-16          2.5117e-15      4.88e-17    1.38e+00
   5        2.4951e-15   1.38e-16          2.5098e-15      4.60e-17    1.21e+00
   5        2.4993e-15   1.38e-16          2.5088e-15      4.37e-17    1.08e+00
   5        2.4301e-15   1.38e-16          2.5017e-15      4.16e-17    9.97e-01
   5        2.4087e-15   1.39e-16          2.4940e-15      3.99e-17    9.44e-01
aNNLO+NNLL = (1.6591834e-13 +- 7.7979398e-17) pb

Results:
LO = (1.2106123e-13 +- 8.9322356e-17) pb
NLO = (1.6342432e-13 +- 6.7005267e-17) pb
aNNLO+NNLL = (1.6591834e-13 +- 7.7979398e-17) pb
Thanks for using LHAPDF 6.2.3. Please make sure to cite the paper:
  Eur.Phys.J. C75 (2015) 3, 132  (http://arxiv.org/abs/1412.7420)
 ====================================================
   FF 2.0, a package to evaluate one-loop integrals
 written by G. J. van Oldenborgh, NIKHEF-H, Amsterdam
 ====================================================
 for the algorithms used see preprint NIKHEF-H 89/17,
 'New Algorithms for One-loop Integrals', by G.J. van
 Oldenborgh and J.A.M. Vermaseren, published in 
 Zeitschrift fuer Physik C46(1990)425.
 ====================================================
 
total number of errors and warnings
===================================
fferr: no errors
 
