
  Welcome to Resummino git-latest
  Copyright 2008-2010 Jonathan Debove.
  Copyright 2011-2014 David R. Lamprea.
  Copyright 2011-2016 Marcel Rothering.

  Licensed under the EUPL 1.1 or later.
  See http://www.resummino.org/ for more information.

  If using Resummino for slepton pair production, please cite.
  - G. Bozzi, B. Fuks, M. Klasen, PRD 74, 015001 (2006); NPB 777, 157 (2007); NPB 794, 46 (2007).
  - B. Fuks, M. Klasen, D. R. Lamprea, M. Rothering, EPJC 73, 2480 (2013).

  For gaugino pair production, please cite:
  - J. Debove, B. Fuks, M. Klasen, PLB 688, 208 (2010); NPB 842, 51 (2011); NPB 849, 64 (2011).
  - B. Fuks, M. Klasen, D. R. Lamprea, M. Rothering, JHEP 1210, 081 (2012); EPJC 73, 2480 (2013).

  For associated gaugino gluino production, please cite:
  - B. Fuks, M. Klasen, M. Rothering, JHEP 07:053, (2016).
  - B. Fuks, M. Klasen, D. R. Lamprea, M. Rothering, EPJC 73, 2480 (2013).

LHAPDF 6.2.3 loading /pool/condor/dir_47942/resummino-releases/lhapdf-prefix/share/LHAPDF/PDF4LHC21_40/PDF4LHC21_40_0000.dat
PDF4LHC21_40 PDF set, member #0, version 1
 alpha_s(M_Z^2) = 0.1180 	 for LO PDF set 
 alpha_s(1900.000^2) = 0.0811 	 for LO PDF set 

********************
* LO cross section *
********************
The limits of integration are:

xl[0]=0.000000    xu[0]=1.000000
xl[1]=0.000000    xu[1]=1.000000
xl[2]=0.000000    xu[2]=1.000000

num_dim=3, calls=2000, it_num=1, max_it_num=5 verb=0, alph=1.50,
mode=0, bins=50, boxes=1

       single.......iteration                   accumulated......results   
iteration     integral    sigma             integral         sigma     chi-sq/it

   1        8.3909e-14   2.47e-15          8.3909e-14      2.47e-15    0.00e+00
   2        8.8151e-14   8.96e-16          8.7658e-14      8.42e-16    2.61e+00
   3        8.9342e-14   4.86e-16          8.8921e-14      4.21e-16    2.80e+00
   4        8.8223e-14   4.60e-16          8.8603e-14      3.10e-16    2.29e+00
   5        8.8140e-14   4.75e-16          8.8464e-14      2.60e-16    1.88e+00

num_dim=3, calls=20000, it_num=1, max_it_num=5 verb=0, alph=1.50,
mode=0, bins=50, boxes=1

       single.......iteration                   accumulated......results   
iteration     integral    sigma             integral         sigma     chi-sq/it

   1        8.8554e-14   1.45e-16          8.8554e-14      1.45e-16    0.00e+00
   2        8.8530e-14   1.41e-16          8.8541e-14      1.01e-16    1.37e-02
   3        8.8742e-14   1.40e-16          8.8611e-14      8.21e-17    6.83e-01
   4        8.8730e-14   1.48e-16          8.8639e-14      7.18e-17    6.19e-01
   5        8.8364e-14   1.49e-16          8.8587e-14      6.47e-17    1.15e+00
LO = (8.8586874e-14 +- 6.4688491e-17) pb
LHAPDF 6.2.3 loading /pool/condor/dir_47942/resummino-releases/lhapdf-prefix/share/LHAPDF/PDF4LHC21_40/PDF4LHC21_40_0001.dat
PDF4LHC21_40 PDF set, member #1, version 1
 alpha_s(M_Z^2) = 0.1180 	 for NLO PDF set 
 alpha_s(1900.000^2) = 0.0811 	 for NLO PDF set 

********************
* LO cross section *
********************
The limits of integration are:

xl[0]=0.000000    xu[0]=1.000000
xl[1]=0.000000    xu[1]=1.000000
xl[2]=0.000000    xu[2]=1.000000

num_dim=3, calls=2000, it_num=1, max_it_num=5 verb=0, alph=1.50,
mode=0, bins=50, boxes=1

       single.......iteration                   accumulated......results   
iteration     integral    sigma             integral         sigma     chi-sq/it

   1        6.0244e-14   3.23e-15          6.0244e-14      3.23e-15    0.00e+00
   2        6.4010e-14   2.09e-15          6.2898e-14      1.76e-15    9.58e-01
   3        6.5464e-14   1.89e-15          6.4088e-14      1.29e-15    9.74e-01
   4        6.8358e-14   1.80e-15          6.5532e-14      1.05e-15    1.89e+00
   5        6.4362e-14   1.93e-15          6.5266e-14      9.19e-16    1.49e+00

num_dim=3, calls=20000, it_num=1, max_it_num=5 verb=0, alph=1.50,
mode=0, bins=50, boxes=1

       single.......iteration                   accumulated......results   
iteration     integral    sigma             integral         sigma     chi-sq/it

   1        6.6390e-14   5.92e-16          6.6390e-14      5.92e-16    0.00e+00
   2        6.6630e-14   5.86e-16          6.6511e-14      4.16e-16    8.31e-02
   3        6.6450e-14   5.85e-16          6.6491e-14      3.39e-16    4.51e-02
   4        6.6296e-14   5.93e-16          6.6443e-14      2.94e-16    5.73e-02
   5        6.5982e-14   5.91e-16          6.6351e-14      2.64e-16    1.65e-01
   5        6.5321e-14   5.95e-16          6.6182e-14      2.41e-16    6.33e-01
   5        6.7001e-14   5.90e-16          6.6299e-14      2.23e-16    8.03e-01
   5        6.5568e-14   5.96e-16          6.6209e-14      2.09e-16    8.77e-01
   5        6.5274e-14   6.02e-16          6.6109e-14      1.97e-16    1.04e+00
   5        6.4839e-14   6.02e-16          6.5985e-14      1.88e-16    1.37e+00
   5        6.6240e-14   5.97e-16          6.6008e-14      1.79e-16    1.25e+00
   5        6.5293e-14   6.06e-16          6.5951e-14      1.72e-16    1.25e+00
   5        6.5252e-14   6.14e-16          6.5900e-14      1.65e-16    1.25e+00
   5        6.6258e-14   6.07e-16          6.5925e-14      1.60e-16    1.18e+00
   5        6.5682e-14   6.13e-16          6.5910e-14      1.54e-16    1.10e+00
   5        6.5848e-14   6.19e-16          6.5906e-14      1.50e-16    1.03e+00
   5        6.6377e-14   6.11e-16          6.5933e-14      1.45e-16    1.00e+00
   5        6.6407e-14   6.16e-16          6.5958e-14      1.42e-16    9.74e-01
   5        6.5906e-14   6.20e-16          6.5955e-14      1.38e-16    9.20e-01
   5        6.5927e-14   6.27e-16          6.5954e-14      1.35e-16    8.72e-01
   5        6.4253e-14   6.41e-16          6.5882e-14      1.32e-16    1.16e+00
   5        6.6571e-14   6.30e-16          6.5911e-14      1.29e-16    1.16e+00
   5        6.6274e-14   6.36e-16          6.5925e-14      1.27e-16    1.13e+00
   5        6.5145e-14   6.43e-16          6.5896e-14      1.24e-16    1.14e+00
   5        6.6462e-14   6.47e-16          6.5916e-14      1.22e-16    1.12e+00
   5        6.6686e-14   6.33e-16          6.5944e-14      1.20e-16    1.13e+00
   5        6.5970e-14   6.49e-16          6.5945e-14      1.18e-16    1.09e+00
   5        6.5337e-14   6.51e-16          6.5925e-14      1.16e-16    1.08e+00
   5        6.6713e-14   6.46e-16          6.5950e-14      1.14e-16    1.09e+00
   5        6.6014e-14   6.52e-16          6.5952e-14      1.12e-16    1.06e+00
   5        6.6416e-14   6.56e-16          6.5965e-14      1.11e-16    1.04e+00
   5        6.5861e-14   6.62e-16          6.5962e-14      1.09e-16    1.00e+00
   5        6.6513e-14   6.66e-16          6.5977e-14      1.08e-16    9.94e-01
   5        6.5736e-14   6.82e-16          6.5971e-14      1.06e-16    9.67e-01
   5        6.5934e-14   6.69e-16          6.5970e-14      1.05e-16    9.39e-01
   5        6.6471e-14   6.79e-16          6.5982e-14      1.04e-16    9.27e-01
   5        6.6086e-14   6.75e-16          6.5984e-14      1.03e-16    9.02e-01
   5        6.5041e-14   6.81e-16          6.5963e-14      1.02e-16    9.29e-01
   5        6.5702e-14   6.91e-16          6.5958e-14      1.00e-16    9.08e-01
   5        6.6054e-14   6.96e-16          6.5960e-14      9.94e-17    8.85e-01
   5        6.5773e-14   6.84e-16          6.5956e-14      9.84e-17    8.65e-01
   5        6.5694e-14   6.87e-16          6.5950e-14      9.74e-17    8.47e-01
   5        6.6361e-14   7.06e-16          6.5958e-14      9.65e-17    8.35e-01
   5        6.5710e-14   6.85e-16          6.5953e-14      9.56e-17    8.18e-01
   5        6.5210e-14   6.76e-16          6.5939e-14      9.46e-17    8.27e-01
   5        6.6419e-14   6.74e-16          6.5948e-14      9.37e-17    8.19e-01
   5        6.6254e-14   6.78e-16          6.5954e-14      9.28e-17    8.06e-01
   5        6.5930e-14   6.74e-16          6.5953e-14      9.19e-17    7.89e-01
   5        6.5944e-14   6.91e-16          6.5953e-14      9.11e-17    7.72e-01
   5        6.6430e-14   6.92e-16          6.5961e-14      9.04e-17    7.66e-01
   5        6.6407e-14   6.92e-16          6.5969e-14      8.96e-17    7.59e-01
   5        6.5711e-14   6.92e-16          6.5964e-14      8.89e-17    7.47e-01
   5        6.7315e-14   6.85e-16          6.5987e-14      8.81e-17    8.06e-01
   5        6.5806e-14   7.09e-16          6.5984e-14      8.74e-17    7.92e-01
   5        6.6336e-14   6.79e-16          6.5990e-14      8.67e-17    7.82e-01
LO = (6.5989799e-14 +- 8.6729446e-17) pb

*******************************************
* virtual corrections + integrated dipole *
*******************************************
The limits of integration are:

xl[0]=0.000000    xu[0]=1.000000
xl[1]=0.000000    xu[1]=1.000000
xl[2]=0.000000    xu[2]=1.000000

num_dim=3, calls=240, it_num=1, max_it_num=5 verb=0, alph=1.50,
mode=0, bins=50, boxes=1

       single.......iteration                   accumulated......results   
iteration     integral    sigma             integral         sigma     chi-sq/it

   1        6.7993e-15   1.10e-15          6.7993e-15      1.10e-15    0.00e+00
   2        7.7476e-15   7.56e-16          7.4450e-15      6.24e-16    5.02e-01
   3        8.4408e-15   7.07e-16          7.8812e-15      4.68e-16    8.09e-01
   4        8.1244e-15   7.25e-16          7.9527e-15      3.93e-16    5.66e-01
   5        8.0749e-15   6.78e-16          7.9834e-15      3.40e-16    4.30e-01

num_dim=3, calls=1200, it_num=1, max_it_num=3 verb=0, alph=1.50,
mode=0, bins=50, boxes=1

       single.......iteration                   accumulated......results   
iteration     integral    sigma             integral         sigma     chi-sq/it

   1        7.3604e-15   3.12e-16          7.3604e-15      3.12e-16    0.00e+00
   2        7.6866e-15   3.00e-16          7.5294e-15      2.16e-16    5.68e-01
   3        7.9832e-15   2.94e-16          7.6890e-15      1.74e-16    1.06e+00
   3        7.9766e-15   2.95e-16          7.7635e-15      1.50e-16    9.40e-01
   3        8.1809e-15   2.83e-16          7.8551e-15      1.32e-16    1.13e+00
   3        8.5167e-15   2.82e-16          7.9749e-15      1.20e-16    1.81e+00
   3        7.7083e-15   3.06e-16          7.9393e-15      1.12e-16    1.62e+00
   3        7.9890e-15   2.95e-16          7.9456e-15      1.04e-16    1.39e+00
   3        8.4517e-15   2.76e-16          8.0088e-15      9.76e-17    1.58e+00
   3        8.5281e-15   2.91e-16          8.0613e-15      9.26e-17    1.72e+00
   3        7.8958e-15   2.98e-16          8.0468e-15      8.84e-17    1.58e+00
   3        7.6451e-15   3.05e-16          8.0157e-15      8.49e-17    1.58e+00
   3        8.2863e-15   2.87e-16          8.0374e-15      8.14e-17    1.52e+00
   3        8.3879e-15   2.95e-16          8.0622e-15      7.85e-17    1.50e+00
   3        7.8962e-15   2.98e-16          8.0514e-15      7.59e-17    1.42e+00
   3        8.1023e-15   2.95e-16          8.0546e-15      7.35e-17    1.32e+00
   3        8.2328e-15   2.96e-16          8.0649e-15      7.13e-17    1.26e+00
   3        7.5448e-15   3.16e-16          8.0398e-15      6.96e-17    1.34e+00
   3        8.2863e-15   2.91e-16          8.0531e-15      6.77e-17    1.30e+00
   3        8.0621e-15   3.01e-16          8.0535e-15      6.60e-17    1.23e+00
   3        7.8360e-15   3.03e-16          8.0437e-15      6.45e-17    1.20e+00
   3        7.8661e-15   2.94e-16          8.0356e-15      6.30e-17    1.16e+00
   3        7.4760e-15   3.01e-16          8.0120e-15      6.17e-17    1.25e+00
   3        8.0827e-15   2.83e-16          8.0152e-15      6.03e-17    1.20e+00
   3        7.6053e-15   3.07e-16          8.0000e-15      5.91e-17    1.22e+00
   3        8.1273e-15   2.91e-16          8.0050e-15      5.80e-17    1.18e+00
   3        7.7296e-15   2.95e-16          7.9948e-15      5.69e-17    1.17e+00
   3        8.3426e-15   2.88e-16          8.0079e-15      5.58e-17    1.18e+00
   3        7.7916e-15   2.95e-16          8.0004e-15      5.48e-17    1.15e+00
   3        8.5037e-15   2.75e-16          8.0196e-15      5.38e-17    1.23e+00
   3        7.8367e-15   3.07e-16          8.0142e-15      5.30e-17    1.20e+00
   3        8.3210e-15   2.95e-16          8.0238e-15      5.21e-17    1.19e+00
   3        8.0684e-15   3.03e-16          8.0251e-15      5.14e-17    1.15e+00
   3        8.1931e-15   2.88e-16          8.0303e-15      5.06e-17    1.13e+00
   3        8.0706e-15   2.94e-16          8.0314e-15      4.98e-17    1.10e+00
   3        7.6412e-15   3.04e-16          8.0212e-15      4.92e-17    1.11e+00
   3        8.0863e-15   2.93e-16          8.0230e-15      4.85e-17    1.08e+00
   3        8.4164e-15   2.86e-16          8.0340e-15      4.78e-17    1.10e+00
   3        7.9544e-15   2.89e-16          8.0319e-15      4.72e-17    1.08e+00
   3        7.8938e-15   2.91e-16          8.0283e-15      4.66e-17    1.05e+00
   3        8.2538e-15   2.86e-16          8.0342e-15      4.60e-17    1.04e+00
   3        7.9983e-15   2.92e-16          8.0333e-15      4.54e-17    1.02e+00
   3        8.0022e-15   2.99e-16          8.0326e-15      4.49e-17    9.93e-01
   3        8.5610e-15   2.77e-16          8.0461e-15      4.43e-17    1.05e+00
   3        7.8617e-15   2.99e-16          8.0421e-15      4.38e-17    1.04e+00
   3        8.2228e-15   2.93e-16          8.0461e-15      4.34e-17    1.02e+00
   3        8.1950e-15   2.87e-16          8.0494e-15      4.29e-17    1.01e+00
   3        7.8607e-15   2.85e-16          8.0453e-15      4.24e-17    9.93e-01
   3        7.9354e-15   2.94e-16          8.0430e-15      4.20e-17    9.76e-01
   3        7.8918e-15   3.10e-16          8.0403e-15      4.16e-17    9.60e-01
   3        7.9773e-15   3.02e-16          8.0391e-15      4.12e-17    9.42e-01
   3        8.3549e-15   2.90e-16          8.0454e-15      4.08e-17    9.46e-01
   3        7.6339e-15   3.11e-16          8.0384e-15      4.04e-17    9.61e-01
vNLO = (8.0384166e-15 +- 4.0433926e-17) pb

*****************************
* collinear remainder (P+K) *
*****************************
The limits of integration are:

xl[0]=0.000000    xu[0]=1.000000
xl[1]=0.000000    xu[1]=1.000000
xl[2]=0.000000    xu[2]=1.000000
xl[3]=0.000000    xu[3]=1.000000

num_dim=4, calls=2500, it_num=1, max_it_num=5 verb=0, alph=1.50,
mode=0, bins=50, boxes=1

       single.......iteration                   accumulated......results   
iteration     integral    sigma             integral         sigma     chi-sq/it

   1        1.2958e-14   8.66e-16          1.2958e-14      8.66e-16    0.00e+00
   2        1.4142e-14   4.01e-16          1.3933e-14      3.64e-16    1.54e+00
   3        1.3321e-14   3.50e-16          1.3615e-14      2.52e-16    1.50e+00
   4        1.3872e-14   3.35e-16          1.3708e-14      2.02e-16    1.13e+00
   5        1.4048e-14   3.35e-16          1.3798e-14      1.73e-16    1.03e+00

num_dim=4, calls=25000, it_num=1, max_it_num=3 verb=0, alph=1.50,
mode=0, bins=50, boxes=1

       single.......iteration                   accumulated......results   
iteration     integral    sigma             integral         sigma     chi-sq/it

   1        1.3891e-14   1.05e-16          1.3891e-14      1.05e-16    0.00e+00
   2        1.3883e-14   1.07e-16          1.3887e-14      7.48e-17    2.75e-03
   3        1.3645e-14   1.06e-16          1.3807e-14      6.11e-17    1.74e+00
   3        1.3676e-14   1.07e-16          1.3775e-14      5.31e-17    1.54e+00
   3        1.3799e-14   1.06e-16          1.3779e-14      4.75e-17    1.17e+00
   3        1.3626e-14   1.07e-16          1.3754e-14      4.34e-17    1.28e+00
   3        1.3690e-14   1.07e-16          1.3745e-14      4.02e-17    1.12e+00
   3        1.3749e-14   1.07e-16          1.3746e-14      3.77e-17    9.56e-01
   3        1.3563e-14   1.08e-16          1.3726e-14      3.56e-17    1.15e+00
   3        1.3637e-14   1.09e-16          1.3717e-14      3.38e-17    1.09e+00
   3        1.3629e-14   1.09e-16          1.3710e-14      3.23e-17    1.04e+00
   3        1.3712e-14   1.08e-16          1.3710e-14      3.09e-17    9.48e-01
   3        1.3855e-14   1.07e-16          1.3721e-14      2.97e-17    1.01e+00
   3        1.3715e-14   1.09e-16          1.3720e-14      2.87e-17    9.32e-01
P+K = (1.3720433e-14 +- 2.8682327e-17) pb

********************************
* real gluon emission - dipole *
********************************
The limits of integration are:

xl[0]=0.000000    xu[0]=1.000000
xl[1]=0.000000    xu[1]=1.000000
xl[2]=0.000000    xu[2]=1.000000
xl[3]=0.000000    xu[3]=1.000000
xl[4]=0.000000    xu[4]=1.000000
xl[5]=0.000000    xu[5]=1.000000

num_dim=6, calls=250, it_num=1, max_it_num=5 verb=0, alph=1.50,
mode=0, bins=50, boxes=1

       single.......iteration                   accumulated......results   
iteration     integral    sigma             integral         sigma     chi-sq/it

   1        -7.0163e-17   4.02e-17          -7.0163e-17      4.02e-17    0.00e+00
   2        -1.8610e-19   2.53e-17          -2.0100e-17      2.14e-17    2.17e+00
   3        -1.6610e-17   1.23e-17          -1.7477e-17      1.07e-17    1.10e+00
   4        -4.8842e-17   1.39e-17          -2.9133e-17      8.47e-18    1.80e+00
   5        -3.5241e-17   1.26e-17          -3.1024e-17      7.04e-18    1.39e+00

num_dim=6, calls=2500, it_num=1, max_it_num=3 verb=0, alph=1.50,
mode=0, bins=50, boxes=1

       single.......iteration                   accumulated......results   
iteration     integral    sigma             integral         sigma     chi-sq/it

   1        -4.0332e-17   3.77e-18          -4.0332e-17      3.77e-18    0.00e+00
   2        -4.2179e-17   2.90e-18          -4.1493e-17      2.30e-18    1.51e-01
   3        -4.3269e-17   2.87e-18          -4.2187e-17      1.79e-18    1.92e-01
rNLOg = (-4.2186616e-17 +- 1.7927066e-18) pb

**************************************************
* real light quark emission - dipole - (onshell) *
**************************************************
The limits of integration are:

xl[0]=0.000000    xu[0]=1.000000
xl[1]=0.000000    xu[1]=1.000000
xl[2]=0.000000    xu[2]=1.000000
xl[3]=0.000000    xu[3]=1.000000
xl[4]=0.000000    xu[4]=1.000000
xl[5]=0.000000    xu[5]=1.000000

num_dim=6, calls=5000, it_num=1, max_it_num=5 verb=0, alph=1.50,
mode=0, bins=50, boxes=1

       single.......iteration                   accumulated......results   
iteration     integral    sigma             integral         sigma     chi-sq/it

   1        1.9308e-16   1.25e-17          1.9308e-16      1.25e-17    0.00e+00
   2        1.8686e-16   3.45e-18          1.8730e-16      3.32e-18    2.30e-01
   3        1.8432e-16   1.95e-18          1.8509e-16      1.68e-18    4.15e-01
   4        1.8340e-16   1.52e-18          1.8416e-16      1.13e-18    4.60e-01
   5        1.8395e-16   1.36e-18          1.8407e-16      8.68e-19    3.48e-01

num_dim=6, calls=50000, it_num=1, max_it_num=5 verb=0, alph=1.50,
mode=0, bins=50, boxes=1

       single.......iteration                   accumulated......results   
iteration     integral    sigma             integral         sigma     chi-sq/it

   1        1.8404e-16   4.07e-19          1.8404e-16      4.07e-19    0.00e+00
   2        1.8504e-16   5.18e-19          1.8442e-16      3.20e-19    2.30e+00
   3        1.8528e-16   5.28e-19          1.8465e-16      2.74e-19    2.11e+00
   4        1.8478e-16   4.43e-19          1.8469e-16      2.33e-19    1.42e+00
   5        1.8512e-16   5.13e-19          1.8476e-16      2.12e-19    1.22e+00
rNLOq = (1.8476315e-16 +- 2.1196830e-19) pb
NLO = (8.7891225e-14 +- 9.9914132e-17) pb
#chisq/dof = 2.16762e-09
#status = success
#chisq/dof = 6.60238e-09
#status = success
#chisq/dof = 4.95898e-10
#status = success
#chisq/dof = 4.23454e-09
#status = success
#chisq/dof = 3.91934e-11
#status = success
#chisq/dof = 3.53387e-12
#status = success
#chisq/dof = 1.63102e-10
#status = success
#chisq/dof = 4.80137e-11
#status = success

*******************************************************
* threshold resummation (unimproved nnll) - expansion *
*******************************************************
The limits of integration are:

xl[0]=0.000000    xu[0]=1.000000
xl[1]=0.000000    xu[1]=1.000000
xl[2]=0.000000    xu[2]=1.000000

num_dim=3, calls=7000, it_num=1, max_it_num=5 verb=0, alph=1.50,
mode=0, bins=50, boxes=1

       single.......iteration                   accumulated......results   
iteration     integral    sigma             integral         sigma     chi-sq/it

   1        1.1758e-15   2.24e-15          1.1758e-15      2.24e-15    0.00e+00
   2        2.7965e-15   6.87e-16          2.6569e-15      6.57e-16    4.79e-01
   3        1.5607e-15   5.99e-16          2.0581e-15      4.43e-16    1.00e+00
   4        3.4301e-15   5.92e-16          2.5505e-15      3.54e-16    1.82e+00
   5        2.5680e-15   6.00e-16          2.5550e-15      3.05e-16    1.36e+00

num_dim=3, calls=35000, it_num=1, max_it_num=5 verb=0, alph=1.50,
mode=0, bins=50, boxes=1

       single.......iteration                   accumulated......results   
iteration     integral    sigma             integral         sigma     chi-sq/it

   1        2.1740e-15   2.66e-16          2.1740e-15      2.66e-16    0.00e+00
   2        2.4374e-15   2.65e-16          2.3064e-15      1.88e-16    4.92e-01
   3        2.5382e-15   2.65e-16          2.3838e-15      1.53e-16    5.01e-01
   4        2.4116e-15   2.67e-16          2.3907e-15      1.33e-16    3.36e-01
   5        1.9102e-15   2.65e-16          2.2942e-15      1.19e-16    9.08e-01
   5        2.0839e-15   2.65e-16          2.2590e-15      1.08e-16    8.31e-01
   5        2.2838e-15   2.67e-16          2.2625e-15      1.00e-16    6.94e-01
   5        2.0438e-15   2.66e-16          2.2352e-15      9.40e-17    6.80e-01
   5        2.0523e-15   2.67e-16          2.2150e-15      8.86e-17    6.47e-01
   5        2.1662e-15   2.67e-16          2.2102e-15      8.41e-17    5.78e-01
   5        1.8368e-15   2.66e-16          2.1762e-15      8.02e-17    7.00e-01
   5        2.2334e-15   2.67e-16          2.1809e-15      7.68e-17    6.40e-01
   5        2.2838e-15   2.68e-16          2.1887e-15      7.38e-17    5.98e-01
   5        2.6479e-15   2.67e-16          2.2213e-15      7.12e-17    7.63e-01
   5        2.2437e-15   2.68e-16          2.2227e-15      6.88e-17    7.09e-01
   5        2.2217e-15   2.67e-16          2.2227e-15      6.66e-17    6.62e-01
   5        1.9159e-15   2.68e-16          2.2048e-15      6.47e-17    6.97e-01
   5        1.8935e-15   2.70e-16          2.1879e-15      6.29e-17    7.30e-01
   5        2.3229e-15   2.68e-16          2.1950e-15      6.12e-17    7.03e-01
   5        2.0618e-15   2.70e-16          2.1885e-15      5.97e-17    6.78e-01
   5        2.1873e-15   2.70e-16          2.1884e-15      5.83e-17    6.44e-01
   5        2.3384e-15   2.74e-16          2.1949e-15      5.70e-17    6.27e-01
   5        2.2765e-15   2.73e-16          2.1983e-15      5.58e-17    6.03e-01
   5        2.4097e-15   2.75e-16          2.2067e-15      5.47e-17    6.01e-01
   5        2.0690e-15   2.76e-16          2.2015e-15      5.37e-17    5.86e-01
   5        2.6060e-15   2.76e-16          2.2162e-15      5.27e-17    6.45e-01
   5        2.2079e-15   2.74e-16          2.2159e-15      5.17e-17    6.21e-01
   5        2.2213e-15   2.77e-16          2.2161e-15      5.08e-17    5.98e-01
   5        2.4625e-15   2.77e-16          2.2241e-15      5.00e-17    6.04e-01
   5        2.1496e-15   2.81e-16          2.2218e-15      4.92e-17    5.85e-01
   5        2.3248e-15   2.78e-16          2.2250e-15      4.85e-17    5.70e-01
   5        2.5747e-15   2.78e-16          2.2353e-15      4.78e-17    6.01e-01
   5        2.6188e-15   2.80e-16          2.2461e-15      4.71e-17    6.39e-01
   5        2.1051e-15   2.82e-16          2.2423e-15      4.64e-17    6.27e-01
   5        2.3528e-15   2.80e-16          2.2453e-15      4.58e-17    6.13e-01
   5        2.7017e-15   2.81e-16          2.2571e-15      4.52e-17    6.69e-01
   5        1.8991e-15   2.79e-16          2.2480e-15      4.46e-17    6.95e-01
   5        2.1884e-15   2.79e-16          2.2465e-15      4.41e-17    6.78e-01
   5        2.4243e-15   2.81e-16          2.2507e-15      4.35e-17    6.70e-01
   5        1.8312e-15   2.81e-16          2.2409e-15      4.30e-17    7.09e-01
   5        1.9628e-15   2.84e-16          2.2347e-15      4.25e-17    7.15e-01
   5        2.0390e-15   2.83e-16          2.2303e-15      4.21e-17    7.09e-01
   5        1.9366e-15   2.82e-16          2.2240e-15      4.16e-17    7.17e-01
   5        1.3738e-15   2.81e-16          2.2058e-15      4.12e-17    9.08e-01
   5        2.3249e-15   2.84e-16          2.2082e-15      4.07e-17    8.91e-01
   5        1.7565e-15   2.85e-16          2.1992e-15      4.03e-17    9.26e-01
   5        2.3840e-15   2.88e-16          2.2027e-15      3.99e-17    9.15e-01
   5        2.3512e-15   2.86e-16          2.2056e-15      3.95e-17    9.01e-01
   5        2.3697e-15   2.85e-16          2.2087e-15      3.92e-17    8.89e-01
   5        2.0375e-15   2.84e-16          2.2055e-15      3.88e-17    8.78e-01
   5        2.1770e-15   2.83e-16          2.2050e-15      3.84e-17    8.61e-01
   5        2.6200e-15   2.84e-16          2.2124e-15      3.81e-17    8.85e-01
   5        2.1389e-15   2.85e-16          2.2111e-15      3.78e-17    8.69e-01
   5        2.2470e-15   2.85e-16          2.2117e-15      3.74e-17    8.53e-01
   5        2.0003e-15   2.84e-16          2.2081e-15      3.71e-17    8.47e-01
aNNLO+NNLL = (9.0099367e-14 +- 1.0658590e-16) pb

Results:
LO = (8.8586874e-14 +- 6.4688491e-17) pb
NLO = (8.7891225e-14 +- 9.9914132e-17) pb
aNNLO+NNLL = (9.0099367e-14 +- 1.0658590e-16) pb
Thanks for using LHAPDF 6.2.3. Please make sure to cite the paper:
  Eur.Phys.J. C75 (2015) 3, 132  (http://arxiv.org/abs/1412.7420)
 ====================================================
   FF 2.0, a package to evaluate one-loop integrals
 written by G. J. van Oldenborgh, NIKHEF-H, Amsterdam
 ====================================================
 for the algorithms used see preprint NIKHEF-H 89/17,
 'New Algorithms for One-loop Integrals', by G.J. van
 Oldenborgh and J.A.M. Vermaseren, published in 
 Zeitschrift fuer Physik C46(1990)425.
 ====================================================
 
total number of errors and warnings
===================================
fferr: no errors
 
