
  Welcome to Resummino git-latest
  Copyright 2008-2010 Jonathan Debove.
  Copyright 2011-2014 David R. Lamprea.
  Copyright 2011-2016 Marcel Rothering.

  Licensed under the EUPL 1.1 or later.
  See http://www.resummino.org/ for more information.

  If using Resummino for slepton pair production, please cite.
  - G. Bozzi, B. Fuks, M. Klasen, PRD 74, 015001 (2006); NPB 777, 157 (2007); NPB 794, 46 (2007).
  - B. Fuks, M. Klasen, D. R. Lamprea, M. Rothering, EPJC 73, 2480 (2013).

  For gaugino pair production, please cite:
  - J. Debove, B. Fuks, M. Klasen, PLB 688, 208 (2010); NPB 842, 51 (2011); NPB 849, 64 (2011).
  - B. Fuks, M. Klasen, D. R. Lamprea, M. Rothering, JHEP 1210, 081 (2012); EPJC 73, 2480 (2013).

  For associated gaugino gluino production, please cite:
  - B. Fuks, M. Klasen, M. Rothering, JHEP 07:053, (2016).
  - B. Fuks, M. Klasen, D. R. Lamprea, M. Rothering, EPJC 73, 2480 (2013).

LHAPDF 6.2.3 loading /pool/condor/dir_59970/resummino-releases/lhapdf-prefix/share/LHAPDF/PDF4LHC21_40/PDF4LHC21_40_0000.dat
PDF4LHC21_40 PDF set, member #0, version 1
 alpha_s(M_Z^2) = 0.1180 	 for LO PDF set 
 alpha_s(1800.000^2) = 0.0816 	 for LO PDF set 

********************
* LO cross section *
********************
The limits of integration are:

xl[0]=0.000000    xu[0]=1.000000
xl[1]=0.000000    xu[1]=1.000000
xl[2]=0.000000    xu[2]=1.000000

num_dim=3, calls=2000, it_num=1, max_it_num=5 verb=0, alph=1.50,
mode=0, bins=50, boxes=1

       single.......iteration                   accumulated......results   
iteration     integral    sigma             integral         sigma     chi-sq/it

   1        1.1451e-13   3.39e-15          1.1451e-13      3.39e-15    0.00e+00
   2        1.2045e-13   1.23e-15          1.1976e-13      1.16e-15    2.72e+00
   3        1.2208e-13   6.70e-16          1.2150e-13      5.80e-16    2.87e+00
   4        1.2056e-13   6.34e-16          1.2107e-13      4.28e-16    2.31e+00
   5        1.2038e-13   6.56e-16          1.2087e-13      3.58e-16    1.92e+00

num_dim=3, calls=20000, it_num=1, max_it_num=5 verb=0, alph=1.50,
mode=0, bins=50, boxes=1

       single.......iteration                   accumulated......results   
iteration     integral    sigma             integral         sigma     chi-sq/it

   1        1.2101e-13   2.01e-16          1.2101e-13      2.01e-16    0.00e+00
   2        1.2098e-13   1.95e-16          1.2100e-13      1.40e-16    1.52e-02
   3        1.2128e-13   1.93e-16          1.2109e-13      1.13e-16    6.99e-01
   4        1.2126e-13   2.05e-16          1.2113e-13      9.92e-17    6.29e-01
   5        1.2076e-13   2.06e-16          1.2106e-13      8.93e-17    1.13e+00
LO = (1.2106123e-13 +- 8.9322356e-17) pb
LHAPDF 6.2.3 loading /pool/condor/dir_59970/resummino-releases/lhapdf-prefix/share/LHAPDF/PDF4LHC21_40/PDF4LHC21_40_0024.dat
PDF4LHC21_40 PDF set, member #24, version 1
 alpha_s(M_Z^2) = 0.1180 	 for NLO PDF set 
 alpha_s(1800.000^2) = 0.0816 	 for NLO PDF set 

********************
* LO cross section *
********************
The limits of integration are:

xl[0]=0.000000    xu[0]=1.000000
xl[1]=0.000000    xu[1]=1.000000
xl[2]=0.000000    xu[2]=1.000000

num_dim=3, calls=2000, it_num=1, max_it_num=5 verb=0, alph=1.50,
mode=0, bins=50, boxes=1

       single.......iteration                   accumulated......results   
iteration     integral    sigma             integral         sigma     chi-sq/it

   1        1.2288e-13   4.74e-15          1.2288e-13      4.74e-15    0.00e+00
   2        1.2775e-13   2.31e-15          1.2682e-13      2.07e-15    8.55e-01
   3        1.3167e-13   1.83e-15          1.2954e-13      1.37e-15    1.96e+00
   4        1.3239e-13   1.74e-15          1.3063e-13      1.08e-15    1.86e+00
   5        1.3177e-13   1.77e-15          1.3094e-13      9.22e-16    1.47e+00

num_dim=3, calls=20000, it_num=1, max_it_num=5 verb=0, alph=1.50,
mode=0, bins=50, boxes=1

       single.......iteration                   accumulated......results   
iteration     integral    sigma             integral         sigma     chi-sq/it

   1        1.3082e-13   5.67e-16          1.3082e-13      5.67e-16    0.00e+00
   2        1.3099e-13   5.62e-16          1.3091e-13      3.99e-16    4.22e-02
   3        1.3215e-13   5.47e-16          1.3134e-13      3.22e-16    1.71e+00
   4        1.3179e-13   5.58e-16          1.3145e-13      2.79e-16    1.31e+00
   5        1.3141e-13   5.57e-16          1.3144e-13      2.49e-16    9.81e-01
   5        1.3093e-13   5.72e-16          1.3136e-13      2.29e-16    9.20e-01
   5        1.3216e-13   5.57e-16          1.3148e-13      2.12e-16    1.06e+00
   5        1.3070e-13   5.71e-16          1.3138e-13      1.98e-16    1.14e+00
   5        1.3014e-13   5.82e-16          1.3125e-13      1.88e-16    1.51e+00
   5        1.2997e-13   5.93e-16          1.3114e-13      1.79e-16    1.81e+00
   5        1.3180e-13   5.70e-16          1.3120e-13      1.71e-16    1.76e+00
   5        1.3063e-13   5.87e-16          1.3115e-13      1.64e-16    1.67e+00
   5        1.3121e-13   5.83e-16          1.3116e-13      1.58e-16    1.54e+00
   5        1.3022e-13   6.04e-16          1.3110e-13      1.53e-16    1.59e+00
   5        1.3158e-13   6.00e-16          1.3113e-13      1.48e-16    1.52e+00
   5        1.3072e-13   6.22e-16          1.3110e-13      1.44e-16    1.44e+00
   5        1.3118e-13   6.09e-16          1.3111e-13      1.40e-16    1.36e+00
   5        1.3155e-13   6.29e-16          1.3113e-13      1.37e-16    1.30e+00
   5        1.3257e-13   6.12e-16          1.3120e-13      1.33e-16    1.52e+00
   5        1.3192e-13   6.21e-16          1.3123e-13      1.31e-16    1.51e+00
   5        1.3090e-13   6.38e-16          1.3122e-13      1.28e-16    1.45e+00
   5        1.3136e-13   6.31e-16          1.3122e-13      1.25e-16    1.38e+00
   5        1.3096e-13   6.44e-16          1.3121e-13      1.23e-16    1.32e+00
   5        1.3124e-13   6.37e-16          1.3121e-13      1.21e-16    1.27e+00
   5        1.3222e-13   6.33e-16          1.3125e-13      1.19e-16    1.32e+00
   5        1.3160e-13   6.73e-16          1.3126e-13      1.17e-16    1.27e+00
   5        1.3133e-13   6.69e-16          1.3126e-13      1.15e-16    1.23e+00
   5        1.3163e-13   6.44e-16          1.3127e-13      1.13e-16    1.19e+00
   5        1.3052e-13   6.52e-16          1.3125e-13      1.12e-16    1.20e+00
   5        1.3111e-13   6.59e-16          1.3125e-13      1.10e-16    1.16e+00
   5        1.3129e-13   6.53e-16          1.3125e-13      1.09e-16    1.12e+00
   5        1.3073e-13   6.66e-16          1.3123e-13      1.07e-16    1.10e+00
   5        1.3134e-13   6.76e-16          1.3124e-13      1.06e-16    1.07e+00
   5        1.3052e-13   6.75e-16          1.3122e-13      1.05e-16    1.07e+00
   5        1.3149e-13   6.68e-16          1.3123e-13      1.03e-16    1.04e+00
   5        1.3234e-13   6.87e-16          1.3125e-13      1.02e-16    1.08e+00
   5        1.3007e-13   6.95e-16          1.3123e-13      1.01e-16    1.13e+00
   5        1.3074e-13   6.97e-16          1.3122e-13      1.00e-16    1.12e+00
   5        1.3084e-13   7.24e-16          1.3121e-13      9.90e-17    1.09e+00
   5        1.3110e-13   6.99e-16          1.3121e-13      9.81e-17    1.07e+00
   5        1.3112e-13   7.25e-16          1.3121e-13      9.72e-17    1.04e+00
   5        1.3175e-13   6.98e-16          1.3122e-13      9.63e-17    1.03e+00
   5        1.3236e-13   7.13e-16          1.3124e-13      9.54e-17    1.06e+00
   5        1.3063e-13   7.25e-16          1.3123e-13      9.46e-17    1.06e+00
   5        1.2957e-13   7.49e-16          1.3120e-13      9.38e-17    1.14e+00
   5        1.3189e-13   7.29e-16          1.3121e-13      9.31e-17    1.13e+00
   5        1.3039e-13   7.62e-16          1.3120e-13      9.24e-17    1.13e+00
   5        1.3001e-13   7.37e-16          1.3118e-13      9.17e-17    1.17e+00
   5        1.3266e-13   7.64e-16          1.3120e-13      9.10e-17    1.22e+00
   5        1.3179e-13   7.59e-16          1.3121e-13      9.04e-17    1.21e+00
   5        1.3133e-13   7.42e-16          1.3121e-13      8.97e-17    1.18e+00
   5        1.3075e-13   7.52e-16          1.3120e-13      8.91e-17    1.17e+00
   5        1.3117e-13   7.64e-16          1.3120e-13      8.85e-17    1.14e+00
   5        1.3073e-13   7.92e-16          1.3120e-13      8.79e-17    1.13e+00
   5        1.3310e-13   7.37e-16          1.3123e-13      8.73e-17    1.23e+00
LO = (1.3122536e-13 +- 8.7297217e-17) pb

*******************************************
* virtual corrections + integrated dipole *
*******************************************
The limits of integration are:

xl[0]=0.000000    xu[0]=1.000000
xl[1]=0.000000    xu[1]=1.000000
xl[2]=0.000000    xu[2]=1.000000

num_dim=3, calls=240, it_num=1, max_it_num=5 verb=0, alph=1.50,
mode=0, bins=50, boxes=1

       single.......iteration                   accumulated......results   
iteration     integral    sigma             integral         sigma     chi-sq/it

   1        1.4021e-14   1.62e-15          1.4021e-14      1.62e-15    0.00e+00
   2        1.5038e-14   9.93e-16          1.4760e-14      8.47e-16    2.86e-01
   3        1.6214e-14   7.52e-16          1.5574e-14      5.62e-16    9.67e-01
   4        1.5976e-14   7.25e-16          1.5725e-14      4.44e-16    7.09e-01
   5        1.6719e-14   6.04e-16          1.6074e-14      3.58e-16    9.71e-01

num_dim=3, calls=1200, it_num=1, max_it_num=3 verb=0, alph=1.50,
mode=0, bins=50, boxes=1

       single.......iteration                   accumulated......results   
iteration     integral    sigma             integral         sigma     chi-sq/it

   1        1.5088e-14   3.32e-16          1.5088e-14      3.32e-16    0.00e+00
   2        1.5909e-14   3.02e-16          1.5537e-14      2.23e-16    3.35e+00
   3        1.5674e-14   3.01e-16          1.5586e-14      1.79e-16    1.74e+00
   3        1.6313e-14   2.55e-16          1.5826e-14      1.47e-16    2.97e+00
   3        1.6144e-14   2.71e-16          1.5898e-14      1.29e-16    2.50e+00
   3        1.6131e-14   2.75e-16          1.5940e-14      1.17e-16    2.11e+00
   3        1.5668e-14   3.09e-16          1.5906e-14      1.09e-16    1.88e+00
   3        1.6304e-14   2.62e-16          1.5965e-14      1.01e-16    1.89e+00
   3        1.6342e-14   2.60e-16          1.6014e-14      9.40e-17    1.88e+00
   3        1.6001e-14   2.77e-16          1.6013e-14      8.90e-17    1.67e+00
   3        1.5764e-14   2.96e-16          1.5992e-14      8.52e-17    1.57e+00
   3        1.5451e-14   3.21e-16          1.5957e-14      8.24e-17    1.67e+00
   3        1.6273e-14   2.84e-16          1.5981e-14      7.91e-17    1.63e+00
   3        1.6201e-14   2.64e-16          1.5999e-14      7.58e-17    1.55e+00
   3        1.5954e-14   3.05e-16          1.5997e-14      7.36e-17    1.44e+00
   3        1.5401e-14   3.05e-16          1.5964e-14      7.15e-17    1.58e+00
   3        1.6102e-14   2.72e-16          1.5973e-14      6.91e-17    1.50e+00
   3        1.5274e-14   3.33e-16          1.5944e-14      6.77e-17    1.66e+00
   3        1.6254e-14   2.76e-16          1.5962e-14      6.58e-17    1.63e+00
   3        1.6242e-14   2.78e-16          1.5977e-14      6.40e-17    1.60e+00
   3        1.6112e-14   2.81e-16          1.5983e-14      6.24e-17    1.53e+00
   3        1.5925e-14   2.83e-16          1.5981e-14      6.09e-17    1.46e+00
   3        1.5471e-14   3.02e-16          1.5961e-14      5.97e-17    1.52e+00
   3        1.5886e-14   2.88e-16          1.5958e-14      5.85e-17    1.45e+00
   3        1.5864e-14   2.98e-16          1.5954e-14      5.74e-17    1.40e+00
   3        1.5634e-14   2.87e-16          1.5942e-14      5.63e-17    1.39e+00
   3        1.5988e-14   2.95e-16          1.5943e-14      5.53e-17    1.34e+00
   3        1.6208e-14   2.77e-16          1.5954e-14      5.42e-17    1.32e+00
   3        1.5669e-14   2.95e-16          1.5944e-14      5.33e-17    1.30e+00
   3        1.6244e-14   2.70e-16          1.5956e-14      5.23e-17    1.30e+00
   3        1.5803e-14   2.86e-16          1.5951e-14      5.15e-17    1.27e+00
   3        1.6111e-14   2.80e-16          1.5956e-14      5.06e-17    1.24e+00
   3        1.5884e-14   2.98e-16          1.5954e-14      4.99e-17    1.20e+00
   3        1.6305e-14   2.63e-16          1.5966e-14      4.90e-17    1.21e+00
   3        1.5558e-14   3.09e-16          1.5956e-14      4.84e-17    1.23e+00
   3        1.5602e-14   3.00e-16          1.5947e-14      4.78e-17    1.23e+00
   3        1.5868e-14   2.96e-16          1.5945e-14      4.72e-17    1.20e+00
   3        1.6072e-14   2.68e-16          1.5949e-14      4.65e-17    1.17e+00
   3        1.6065e-14   2.78e-16          1.5952e-14      4.58e-17    1.15e+00
   3        1.5324e-14   3.09e-16          1.5938e-14      4.53e-17    1.22e+00
   3        1.6414e-14   2.58e-16          1.5953e-14      4.46e-17    1.27e+00
   3        1.5817e-14   3.00e-16          1.5950e-14      4.42e-17    1.25e+00
   3        1.6281e-14   2.82e-16          1.5958e-14      4.36e-17    1.25e+00
   3        1.6609e-14   2.67e-16          1.5975e-14      4.31e-17    1.35e+00
   3        1.6084e-14   2.68e-16          1.5977e-14      4.25e-17    1.33e+00
   3        1.6034e-14   2.92e-16          1.5978e-14      4.21e-17    1.30e+00
   3        1.6285e-14   2.72e-16          1.5986e-14      4.16e-17    1.30e+00
   3        1.6043e-14   2.78e-16          1.5987e-14      4.11e-17    1.27e+00
   3        1.5714e-14   2.99e-16          1.5982e-14      4.07e-17    1.26e+00
   3        1.6436e-14   2.94e-16          1.5990e-14      4.03e-17    1.28e+00
vNLO = (1.5990383e-14 +- 4.0348327e-17) pb

*****************************
* collinear remainder (P+K) *
*****************************
The limits of integration are:

xl[0]=0.000000    xu[0]=1.000000
xl[1]=0.000000    xu[1]=1.000000
xl[2]=0.000000    xu[2]=1.000000
xl[3]=0.000000    xu[3]=1.000000

num_dim=4, calls=2500, it_num=1, max_it_num=5 verb=0, alph=1.50,
mode=0, bins=50, boxes=1

       single.......iteration                   accumulated......results   
iteration     integral    sigma             integral         sigma     chi-sq/it

   1        2.2276e-14   1.35e-15          2.2276e-14      1.35e-15    0.00e+00
   2        2.3161e-14   5.42e-16          2.3037e-14      5.03e-16    3.72e-01
   3        2.3234e-14   4.35e-16          2.3149e-14      3.29e-16    2.30e-01
   4        2.2878e-14   4.29e-16          2.3049e-14      2.61e-16    2.37e-01
   5        2.2923e-14   4.22e-16          2.3014e-14      2.22e-16    1.94e-01

num_dim=4, calls=25000, it_num=1, max_it_num=3 verb=0, alph=1.50,
mode=0, bins=50, boxes=1

       single.......iteration                   accumulated......results   
iteration     integral    sigma             integral         sigma     chi-sq/it

   1        2.3274e-14   1.33e-16          2.3274e-14      1.33e-16    0.00e+00
   2        2.3406e-14   1.30e-16          2.3341e-14      9.30e-17    5.01e-01
   3        2.3030e-14   1.32e-16          2.3238e-14      7.61e-17    2.11e+00
   3        2.3140e-14   1.33e-16          2.3214e-14      6.60e-17    1.54e+00
   3        2.3078e-14   1.33e-16          2.3187e-14      5.91e-17    1.36e+00
   3        2.2905e-14   1.33e-16          2.3141e-14      5.40e-17    1.84e+00
   3        2.3112e-14   1.32e-16          2.3137e-14      5.00e-17    1.54e+00
   3        2.3113e-14   1.33e-16          2.3134e-14      4.68e-17    1.33e+00
   3        2.2949e-14   1.37e-16          2.3114e-14      4.43e-17    1.36e+00
   3        2.3156e-14   1.36e-16          2.3118e-14      4.22e-17    1.22e+00
   3        2.3092e-14   1.36e-16          2.3116e-14      4.03e-17    1.10e+00
P+K = (2.3116024e-14 +- 4.0282162e-17) pb

********************************
* real gluon emission - dipole *
********************************
The limits of integration are:

xl[0]=0.000000    xu[0]=1.000000
xl[1]=0.000000    xu[1]=1.000000
xl[2]=0.000000    xu[2]=1.000000
xl[3]=0.000000    xu[3]=1.000000
xl[4]=0.000000    xu[4]=1.000000
xl[5]=0.000000    xu[5]=1.000000

num_dim=6, calls=250, it_num=1, max_it_num=5 verb=0, alph=1.50,
mode=0, bins=50, boxes=1

       single.......iteration                   accumulated......results   
iteration     integral    sigma             integral         sigma     chi-sq/it

   1        -1.6843e-16   6.99e-17          -1.6843e-16      6.99e-17    0.00e+00
   2        -1.6208e-16   5.20e-17          -1.6434e-16      4.17e-17    5.31e-03
   3        -8.5245e-17   2.06e-17          -1.0072e-16      1.85e-17    1.45e+00
   4        -1.3330e-16   1.57e-17          -1.1965e-16      1.19e-17    1.57e+00
   5        -1.2720e-16   1.68e-17          -1.2220e-16      9.72e-18    1.21e+00

num_dim=6, calls=2500, it_num=1, max_it_num=3 verb=0, alph=1.50,
mode=0, bins=50, boxes=1

       single.......iteration                   accumulated......results   
iteration     integral    sigma             integral         sigma     chi-sq/it

   1        -1.3232e-16   4.80e-18          -1.3232e-16      4.80e-18    0.00e+00
   2        -1.3462e-16   3.33e-18          -1.3387e-16      2.74e-18    1.54e-01
   3        -1.3359e-16   3.35e-18          -1.3376e-16      2.12e-18    7.93e-02
rNLOg = (-1.3375511e-16 +- 2.1178014e-18) pb

**************************************************
* real light quark emission - dipole - (onshell) *
**************************************************
The limits of integration are:

xl[0]=0.000000    xu[0]=1.000000
xl[1]=0.000000    xu[1]=1.000000
xl[2]=0.000000    xu[2]=1.000000
xl[3]=0.000000    xu[3]=1.000000
xl[4]=0.000000    xu[4]=1.000000
xl[5]=0.000000    xu[5]=1.000000

num_dim=6, calls=5000, it_num=1, max_it_num=5 verb=0, alph=1.50,
mode=0, bins=50, boxes=1

       single.......iteration                   accumulated......results   
iteration     integral    sigma             integral         sigma     chi-sq/it

   1        2.8031e-16   1.77e-17          2.8031e-16      1.77e-17    0.00e+00
   2        2.7339e-16   5.11e-18          2.7392e-16      4.91e-18    1.41e-01
   3        2.6957e-16   2.84e-18          2.7066e-16      2.46e-18    3.64e-01
   4        2.6771e-16   2.14e-18          2.6898e-16      1.61e-18    5.16e-01
   5        2.6925e-16   1.91e-18          2.6910e-16      1.23e-18    3.90e-01

num_dim=6, calls=50000, it_num=1, max_it_num=5 verb=0, alph=1.50,
mode=0, bins=50, boxes=1

       single.......iteration                   accumulated......results   
iteration     integral    sigma             integral         sigma     chi-sq/it

   1        2.6897e-16   5.86e-19          2.6897e-16      5.86e-19    0.00e+00
   2        2.7043e-16   7.57e-19          2.6952e-16      4.63e-19    2.32e+00
   3        2.7091e-16   7.70e-19          2.6989e-16      3.97e-19    2.35e+00
   4        2.7000e-16   6.48e-19          2.6992e-16      3.39e-19    1.57e+00
   5        2.7048e-16   7.51e-19          2.7001e-16      3.09e-19    1.29e+00
rNLOq = (2.7001251e-16 +- 3.0870357e-19) pb
NLO = (1.7046803e-13 +- 1.0428818e-16) pb
#chisq/dof = 2.04569e-09
#status = success
#chisq/dof = 1.76749e-09
#status = success
#chisq/dof = 4.92564e-10
#status = success
#chisq/dof = 4.37358e-09
#status = success
#chisq/dof = 9.81669e-11
#status = success
#chisq/dof = 3.46011e-12
#status = success
#chisq/dof = 2.70534e-10
#status = success
#chisq/dof = 2.58083e-11
#status = success

*******************************************************
* threshold resummation (unimproved nnll) - expansion *
*******************************************************
The limits of integration are:

xl[0]=0.000000    xu[0]=1.000000
xl[1]=0.000000    xu[1]=1.000000
xl[2]=0.000000    xu[2]=1.000000

num_dim=3, calls=7000, it_num=1, max_it_num=5 verb=0, alph=1.50,
mode=0, bins=50, boxes=1

       single.......iteration                   accumulated......results   
iteration     integral    sigma             integral         sigma     chi-sq/it

   1        -3.2168e-15   4.29e-15          -3.2168e-15      4.29e-15    0.00e+00
   2        5.0161e-15   1.51e-15          4.1106e-15      1.42e-15    3.28e+00
   3        3.6693e-16   1.34e-15          2.1305e-15      9.76e-16    3.48e+00
   4        4.3052e-15   1.33e-15          2.8941e-15      7.86e-16    2.90e+00
   5        2.3484e-15   1.34e-15          2.7541e-15      6.78e-16    2.20e+00

num_dim=3, calls=35000, it_num=1, max_it_num=5 verb=0, alph=1.50,
mode=0, bins=50, boxes=1

       single.......iteration                   accumulated......results   
iteration     integral    sigma             integral         sigma     chi-sq/it

   1        3.1348e-15   5.96e-16          3.1348e-15      5.96e-16    0.00e+00
   2        3.5105e-15   5.94e-16          3.3234e-15      4.21e-16    1.99e-01
   3        4.2216e-15   5.94e-16          3.6233e-15      3.43e-16    8.60e-01
   4        3.5187e-15   5.97e-16          3.5973e-15      2.98e-16    5.81e-01
   5        2.3820e-15   5.96e-16          3.3548e-15      2.66e-16    1.27e+00
   5        2.7781e-15   5.97e-16          3.2591e-15      2.43e-16    1.17e+00
   5        2.9300e-15   5.97e-16          3.2122e-15      2.25e-16    1.02e+00
   5        3.2422e-15   5.96e-16          3.2159e-15      2.11e-16    8.73e-01
   5        2.4379e-15   5.95e-16          3.1293e-15      1.99e-16    9.54e-01
   5        3.0433e-15   5.97e-16          3.1207e-15      1.88e-16    8.50e-01
   5        2.4358e-15   5.95e-16          3.0582e-15      1.80e-16    8.85e-01
   5        2.6326e-15   5.98e-16          3.0229e-15      1.72e-16    8.47e-01
   5        3.2103e-15   6.01e-16          3.0371e-15      1.65e-16    7.84e-01
   5        3.6285e-15   5.97e-16          3.0793e-15      1.59e-16    7.94e-01
   5        3.4749e-15   5.97e-16          3.1056e-15      1.54e-16    7.66e-01
   5        3.4802e-15   5.97e-16          3.1290e-15      1.49e-16    7.40e-01
   5        2.4444e-15   5.99e-16          3.0890e-15      1.45e-16    7.71e-01
   5        2.4395e-15   6.01e-16          3.0534e-15      1.41e-16    7.90e-01
   5        3.9375e-15   6.01e-16          3.0993e-15      1.37e-16    8.60e-01
   5        3.2772e-15   6.02e-16          3.1081e-15      1.34e-16    8.19e-01
   5        2.2851e-15   6.06e-16          3.0699e-15      1.30e-16    8.66e-01
   5        3.3402e-15   6.08e-16          3.0818e-15      1.28e-16    8.34e-01
   5        2.8765e-15   6.08e-16          3.0731e-15      1.25e-16    8.01e-01
   5        3.4378e-15   6.14e-16          3.0876e-15      1.22e-16    7.81e-01
   5        2.3279e-15   6.15e-16          3.0587e-15      1.20e-16    8.10e-01
   5        3.7413e-15   6.17e-16          3.0835e-15      1.18e-16    8.24e-01
   5        2.8128e-15   6.16e-16          3.0740e-15      1.16e-16    8.00e-01
   5        3.1149e-15   6.29e-16          3.0753e-15      1.14e-16    7.70e-01
   5        3.3993e-15   6.27e-16          3.0856e-15      1.12e-16    7.52e-01
   5        2.7195e-15   6.30e-16          3.0744e-15      1.10e-16    7.37e-01
   5        2.8875e-15   6.37e-16          3.0690e-15      1.09e-16    7.16e-01
   5        4.1170e-15   6.32e-16          3.0990e-15      1.07e-16    7.79e-01
   5        3.7309e-15   6.36e-16          3.1164e-15      1.06e-16    7.84e-01
   5        2.2915e-15   6.38e-16          3.0945e-15      1.04e-16    8.10e-01
   5        3.4162e-15   6.33e-16          3.1029e-15      1.03e-16    7.94e-01
   5        3.8011e-15   6.35e-16          3.1207e-15      1.01e-16    8.05e-01
   5        3.0484e-15   6.32e-16          3.1189e-15      1.00e-16    7.83e-01
   5        2.1849e-15   6.31e-16          3.0960e-15      9.89e-17    8.19e-01
   5        3.1958e-15   6.30e-16          3.0984e-15      9.77e-17    7.98e-01
   5        1.4810e-15   6.32e-16          3.0606e-15      9.66e-17    9.42e-01
   5        2.4321e-15   6.43e-16          3.0468e-15      9.55e-17    9.42e-01
   5        2.7197e-15   6.38e-16          3.0396e-15      9.44e-17    9.25e-01
   5        1.8521e-15   6.35e-16          3.0139e-15      9.34e-17    9.84e-01
   5        1.3648e-15   6.35e-16          2.9789e-15      9.24e-17    1.12e+00
   5        2.4913e-15   6.36e-16          2.9688e-15      9.15e-17    1.10e+00
   5        1.3205e-15   6.41e-16          2.9359e-15      9.05e-17    1.22e+00
   5        3.1766e-15   6.47e-16          2.9405e-15      8.97e-17    1.20e+00
   5        3.3743e-15   6.53e-16          2.9486e-15      8.88e-17    1.18e+00
   5        3.2437e-15   6.47e-16          2.9540e-15      8.80e-17    1.16e+00
   5        2.6779e-15   6.50e-16          2.9491e-15      8.72e-17    1.14e+00
   5        2.5657e-15   6.54e-16          2.9424e-15      8.64e-17    1.13e+00
   5        4.1841e-15   6.53e-16          2.9638e-15      8.57e-17    1.17e+00
   5        2.5984e-15   6.50e-16          2.9575e-15      8.50e-17    1.16e+00
   5        2.6429e-15   6.45e-16          2.9522e-15      8.42e-17    1.14e+00
   5        2.5080e-15   6.51e-16          2.9448e-15      8.35e-17    1.13e+00
aNNLO+NNLL = (1.7341287e-13 +- 1.3362065e-16) pb

Results:
LO = (1.2106123e-13 +- 8.9322356e-17) pb
NLO = (1.7046803e-13 +- 1.0428818e-16) pb
aNNLO+NNLL = (1.7341287e-13 +- 1.3362065e-16) pb
Thanks for using LHAPDF 6.2.3. Please make sure to cite the paper:
  Eur.Phys.J. C75 (2015) 3, 132  (http://arxiv.org/abs/1412.7420)
 ====================================================
   FF 2.0, a package to evaluate one-loop integrals
 written by G. J. van Oldenborgh, NIKHEF-H, Amsterdam
 ====================================================
 for the algorithms used see preprint NIKHEF-H 89/17,
 'New Algorithms for One-loop Integrals', by G.J. van
 Oldenborgh and J.A.M. Vermaseren, published in 
 Zeitschrift fuer Physik C46(1990)425.
 ====================================================
 
total number of errors and warnings
===================================
fferr: no errors
 
