
  Welcome to Resummino git-latest
  Copyright 2008-2010 Jonathan Debove.
  Copyright 2011-2014 David R. Lamprea.
  Copyright 2011-2016 Marcel Rothering.

  Licensed under the EUPL 1.1 or later.
  See http://www.resummino.org/ for more information.

  If using Resummino for slepton pair production, please cite.
  - G. Bozzi, B. Fuks, M. Klasen, PRD 74, 015001 (2006); NPB 777, 157 (2007); NPB 794, 46 (2007).
  - B. Fuks, M. Klasen, D. R. Lamprea, M. Rothering, EPJC 73, 2480 (2013).

  For gaugino pair production, please cite:
  - J. Debove, B. Fuks, M. Klasen, PLB 688, 208 (2010); NPB 842, 51 (2011); NPB 849, 64 (2011).
  - B. Fuks, M. Klasen, D. R. Lamprea, M. Rothering, JHEP 1210, 081 (2012); EPJC 73, 2480 (2013).

  For associated gaugino gluino production, please cite:
  - B. Fuks, M. Klasen, M. Rothering, JHEP 07:053, (2016).
  - B. Fuks, M. Klasen, D. R. Lamprea, M. Rothering, EPJC 73, 2480 (2013).

LHAPDF 6.2.3 loading /pool/condor/dir_12264/resummino-releases/lhapdf-prefix/share/LHAPDF/PDF4LHC21_40/PDF4LHC21_40_0000.dat
PDF4LHC21_40 PDF set, member #0, version 1
 alpha_s(M_Z^2) = 0.1180 	 for LO PDF set 
 alpha_s(600.000^2) = 0.0920 	 for LO PDF set 

********************
* LO cross section *
********************
The limits of integration are:

xl[0]=0.000000    xu[0]=1.000000
xl[1]=0.000000    xu[1]=1.000000
xl[2]=0.000000    xu[2]=1.000000

num_dim=3, calls=2000, it_num=1, max_it_num=5 verb=0, alph=1.50,
mode=0, bins=50, boxes=1

       single.......iteration                   accumulated......results   
iteration     integral    sigma             integral         sigma     chi-sq/it

   1        5.6199e-12   1.79e-13          5.6199e-12      1.79e-13    0.00e+00
   2        5.7618e-12   6.00e-14          5.7475e-12      5.69e-14    5.65e-01
   3        5.8608e-12   3.40e-14          5.8310e-12      2.92e-14    1.74e+00
   4        5.7863e-12   3.17e-14          5.8105e-12      2.15e-14    1.52e+00
   5        5.7717e-12   3.31e-14          5.7990e-12      1.80e-14    1.38e+00

num_dim=3, calls=20000, it_num=1, max_it_num=5 verb=0, alph=1.50,
mode=0, bins=50, boxes=1

       single.......iteration                   accumulated......results   
iteration     integral    sigma             integral         sigma     chi-sq/it

   1        5.8102e-12   1.01e-14          5.8102e-12      1.01e-14    0.00e+00
   2        5.8131e-12   9.87e-15          5.8117e-12      7.06e-15    4.17e-02
   3        5.8290e-12   9.77e-15          5.8176e-12      5.72e-15    1.05e+00
   4        5.8249e-12   1.03e-14          5.8193e-12      5.00e-15    8.27e-01
   5        5.8026e-12   1.03e-14          5.8161e-12      4.50e-15    1.16e+00
LO = (5.8161387e-12 +- 4.4984453e-15) pb
LHAPDF 6.2.3 loading /pool/condor/dir_12264/resummino-releases/lhapdf-prefix/share/LHAPDF/PDF4LHC21_40/PDF4LHC21_40_0037.dat
PDF4LHC21_40 PDF set, member #37, version 1
 alpha_s(M_Z^2) = 0.1180 	 for NLO PDF set 
 alpha_s(600.000^2) = 0.0920 	 for NLO PDF set 

********************
* LO cross section *
********************
The limits of integration are:

xl[0]=0.000000    xu[0]=1.000000
xl[1]=0.000000    xu[1]=1.000000
xl[2]=0.000000    xu[2]=1.000000

num_dim=3, calls=2000, it_num=1, max_it_num=5 verb=0, alph=1.50,
mode=0, bins=50, boxes=1

       single.......iteration                   accumulated......results   
iteration     integral    sigma             integral         sigma     chi-sq/it

   1        5.6293e-12   1.79e-13          5.6293e-12      1.79e-13    0.00e+00
   2        5.7719e-12   6.01e-14          5.7575e-12      5.70e-14    5.68e-01
   3        5.8715e-12   3.41e-14          5.8415e-12      2.92e-14    1.76e+00
   4        5.7964e-12   3.18e-14          5.8209e-12      2.15e-14    1.54e+00
   5        5.7818e-12   3.33e-14          5.8093e-12      1.81e-14    1.40e+00

num_dim=3, calls=20000, it_num=1, max_it_num=5 verb=0, alph=1.50,
mode=0, bins=50, boxes=1

       single.......iteration                   accumulated......results   
iteration     integral    sigma             integral         sigma     chi-sq/it

   1        5.8204e-12   1.01e-14          5.8204e-12      1.01e-14    0.00e+00
   2        5.8233e-12   9.90e-15          5.8219e-12      7.08e-15    4.08e-02
   3        5.8394e-12   9.81e-15          5.8279e-12      5.74e-15    1.07e+00
   4        5.8352e-12   1.03e-14          5.8296e-12      5.02e-15    8.37e-01
   5        5.8127e-12   1.03e-14          5.8264e-12      4.51e-15    1.17e+00
   5        5.8185e-12   1.04e-14          5.8251e-12      4.14e-15    1.03e+00
   5        5.8276e-12   1.04e-14          5.8255e-12      3.84e-15    8.66e-01
   5        5.8130e-12   1.05e-14          5.8240e-12      3.61e-15    9.21e-01
   5        5.8138e-12   1.07e-14          5.8230e-12      3.42e-15    9.07e-01
   5        5.8061e-12   1.10e-14          5.8215e-12      3.27e-15    1.05e+00
   5        5.8201e-12   1.14e-14          5.8214e-12      3.14e-15    9.42e-01
   5        5.8194e-12   1.16e-14          5.8212e-12      3.03e-15    8.59e-01
   5        5.8327e-12   1.22e-14          5.8219e-12      2.94e-15    8.58e-01
   5        5.8167e-12   1.27e-14          5.8216e-12      2.87e-15    8.04e-01
   5        5.8241e-12   1.35e-14          5.8217e-12      2.80e-15    7.49e-01
   5        5.8106e-12   1.40e-14          5.8213e-12      2.75e-15    7.40e-01
   5        5.8106e-12   1.42e-14          5.8209e-12      2.70e-15    7.28e-01
   5        5.8322e-12   1.45e-14          5.8213e-12      2.65e-15    7.19e-01
   5        5.8399e-12   1.56e-14          5.8218e-12      2.62e-15    7.56e-01
   5        5.8445e-12   1.53e-14          5.8225e-12      2.58e-15    8.29e-01
   5        5.8082e-12   1.56e-14          5.8221e-12      2.54e-15    8.28e-01
   5        5.8277e-12   1.61e-14          5.8222e-12      2.51e-15    7.94e-01
   5        5.8304e-12   1.68e-14          5.8224e-12      2.49e-15    7.69e-01
   5        5.8181e-12   1.74e-14          5.8223e-12      2.46e-15    7.38e-01
   5        5.8475e-12   1.77e-14          5.8228e-12      2.44e-15    7.90e-01
   5        5.8117e-12   1.76e-14          5.8226e-12      2.41e-15    7.74e-01
   5        5.8639e-12   1.79e-14          5.8233e-12      2.39e-15    9.45e-01
   5        5.8254e-12   1.76e-14          5.8234e-12      2.37e-15    9.11e-01
   5        5.8224e-12   1.83e-14          5.8233e-12      2.35e-15    8.78e-01
   5        5.8377e-12   1.86e-14          5.8236e-12      2.33e-15    8.68e-01
   5        5.8118e-12   1.81e-14          5.8234e-12      2.31e-15    8.53e-01
   5        5.8242e-12   1.89e-14          5.8234e-12      2.30e-15    8.26e-01
   5        5.8490e-12   1.86e-14          5.8238e-12      2.28e-15    8.58e-01
   5        5.8088e-12   1.94e-14          5.8236e-12      2.26e-15    8.50e-01
   5        5.7882e-12   1.93e-14          5.8231e-12      2.25e-15    9.22e-01
   5        5.8442e-12   1.98e-14          5.8234e-12      2.23e-15    9.28e-01
   5        5.7726e-12   1.95e-14          5.8227e-12      2.22e-15    1.09e+00
   5        5.8020e-12   2.04e-14          5.8225e-12      2.21e-15    1.09e+00
   5        5.8405e-12   1.97e-14          5.8227e-12      2.19e-15    1.08e+00
   5        5.8253e-12   2.00e-14          5.8227e-12      2.18e-15    1.05e+00
   5        5.8304e-12   2.05e-14          5.8228e-12      2.17e-15    1.03e+00
   5        5.8190e-12   2.04e-14          5.8228e-12      2.15e-15    1.01e+00
   5        5.8648e-12   2.08e-14          5.8232e-12      2.14e-15    1.08e+00
   5        5.8399e-12   2.05e-14          5.8234e-12      2.13e-15    1.07e+00
   5        5.7938e-12   2.09e-14          5.8231e-12      2.12e-15    1.09e+00
   5        5.8160e-12   2.15e-14          5.8230e-12      2.11e-15    1.07e+00
   5        5.8509e-12   2.22e-14          5.8233e-12      2.10e-15    1.08e+00
   5        5.7739e-12   2.16e-14          5.8228e-12      2.09e-15    1.16e+00
   5        5.8703e-12   2.23e-14          5.8232e-12      2.08e-15    1.23e+00
   5        5.8558e-12   2.18e-14          5.8235e-12      2.07e-15    1.25e+00
   5        5.8175e-12   2.16e-14          5.8235e-12      2.06e-15    1.23e+00
   5        5.7772e-12   2.17e-14          5.8230e-12      2.05e-15    1.30e+00
   5        5.8277e-12   2.21e-14          5.8231e-12      2.05e-15    1.27e+00
   5        5.8287e-12   2.24e-14          5.8231e-12      2.04e-15    1.25e+00
   5        5.8667e-12   2.17e-14          5.8235e-12      2.03e-15    1.30e+00
LO = (5.8235017e-12 +- 2.0276534e-15) pb

*******************************************
* virtual corrections + integrated dipole *
*******************************************
The limits of integration are:

xl[0]=0.000000    xu[0]=1.000000
xl[1]=0.000000    xu[1]=1.000000
xl[2]=0.000000    xu[2]=1.000000

num_dim=3, calls=240, it_num=1, max_it_num=5 verb=0, alph=1.50,
mode=0, bins=50, boxes=1

       single.......iteration                   accumulated......results   
iteration     integral    sigma             integral         sigma     chi-sq/it

   1        7.2809e-13   7.06e-14          7.2809e-13      7.06e-14    0.00e+00
   2        7.3919e-13   3.45e-14          7.3705e-13      3.10e-14    1.99e-02
   3        8.0650e-13   2.09e-14          7.8475e-13      1.73e-14    1.74e+00
   4        8.0189e-13   1.45e-14          7.9481e-13      1.11e-14    1.35e+00
   5        8.2744e-13   1.85e-14          8.0353e-13      9.54e-15    1.58e+00

num_dim=3, calls=1200, it_num=1, max_it_num=3 verb=0, alph=1.50,
mode=0, bins=50, boxes=1

       single.......iteration                   accumulated......results   
iteration     integral    sigma             integral         sigma     chi-sq/it

   1        7.8093e-13   7.86e-15          7.8093e-13      7.86e-15    0.00e+00
   2        7.9972e-13   6.59e-15          7.9197e-13      5.05e-15    3.36e+00
   3        7.9208e-13   5.96e-15          7.9202e-13      3.85e-15    1.68e+00
   3        8.1015e-13   6.15e-15          7.9712e-13      3.26e-15    3.20e+00
   3        7.8689e-13   6.07e-15          7.9482e-13      2.88e-15    2.95e+00
   3        7.9725e-13   6.05e-15          7.9527e-13      2.60e-15    2.39e+00
   3        7.8814e-13   6.46e-15          7.9428e-13      2.41e-15    2.16e+00
   3        8.0254e-13   6.06e-15          7.9541e-13      2.24e-15    2.08e+00
   3        8.0113e-13   6.00e-15          7.9611e-13      2.10e-15    1.92e+00
   3        7.9709e-13   5.99e-15          7.9621e-13      1.98e-15    1.71e+00
   3        7.9228e-13   6.16e-15          7.9585e-13      1.89e-15    1.58e+00
   3        7.9588e-13   6.34e-15          7.9585e-13      1.81e-15    1.43e+00
vNLO = (7.9584926e-13 +- 1.8069561e-15) pb

*****************************
* collinear remainder (P+K) *
*****************************
The limits of integration are:

xl[0]=0.000000    xu[0]=1.000000
xl[1]=0.000000    xu[1]=1.000000
xl[2]=0.000000    xu[2]=1.000000
xl[3]=0.000000    xu[3]=1.000000

num_dim=4, calls=2500, it_num=1, max_it_num=5 verb=0, alph=1.50,
mode=0, bins=50, boxes=1

       single.......iteration                   accumulated......results   
iteration     integral    sigma             integral         sigma     chi-sq/it

   1        3.8227e-13   4.24e-14          3.8227e-13      4.24e-14    0.00e+00
   2        3.7379e-13   1.90e-14          3.7520e-13      1.73e-14    3.33e-02
   3        3.8169e-13   1.66e-14          3.7860e-13      1.20e-14    5.32e-02
   4        3.9494e-13   1.58e-14          3.8457e-13      9.54e-15    2.62e-01
   5        4.0829e-13   1.60e-14          3.9079e-13      8.19e-15    6.03e-01

num_dim=4, calls=25000, it_num=1, max_it_num=3 verb=0, alph=1.50,
mode=0, bins=50, boxes=1

       single.......iteration                   accumulated......results   
iteration     integral    sigma             integral         sigma     chi-sq/it

   1        3.9765e-13   5.06e-15          3.9765e-13      5.06e-15    0.00e+00
   2        3.9294e-13   5.04e-15          3.9528e-13      3.57e-15    4.35e-01
   3        3.8657e-13   5.04e-15          3.9237e-13      2.91e-15    1.21e+00
   3        3.9388e-13   5.03e-15          3.9275e-13      2.52e-15    8.31e-01
   3        3.8732e-13   5.04e-15          3.9166e-13      2.25e-15    8.56e-01
   3        3.8815e-13   5.04e-15          3.9108e-13      2.06e-15    7.66e-01
   3        3.8797e-13   5.06e-15          3.9064e-13      1.91e-15    6.92e-01
P+K = (3.9063716e-13 +- 1.9064683e-15) pb

********************************
* real gluon emission - dipole *
********************************
The limits of integration are:

xl[0]=0.000000    xu[0]=1.000000
xl[1]=0.000000    xu[1]=1.000000
xl[2]=0.000000    xu[2]=1.000000
xl[3]=0.000000    xu[3]=1.000000
xl[4]=0.000000    xu[4]=1.000000
xl[5]=0.000000    xu[5]=1.000000

num_dim=6, calls=250, it_num=1, max_it_num=5 verb=0, alph=1.50,
mode=0, bins=50, boxes=1

       single.......iteration                   accumulated......results   
iteration     integral    sigma             integral         sigma     chi-sq/it

   1        -2.0448e-14   6.54e-15          -2.0448e-14      6.54e-15    0.00e+00
   2        -2.6124e-14   5.65e-15          -2.3702e-14      4.27e-15    4.31e-01
   3        -1.7070e-14   2.12e-15          -1.8383e-14      1.90e-15    1.18e+00
   4        -2.1171e-14   2.75e-15          -1.9286e-14      1.56e-15    1.02e+00
   5        -1.6161e-14   1.33e-15          -1.7470e-14      1.01e-15    1.34e+00

num_dim=6, calls=2500, it_num=1, max_it_num=3 verb=0, alph=1.50,
mode=0, bins=50, boxes=1

       single.......iteration                   accumulated......results   
iteration     integral    sigma             integral         sigma     chi-sq/it

   1        -1.7641e-14   4.47e-16          -1.7641e-14      4.47e-16    0.00e+00
   2        -1.7492e-14   2.54e-16          -1.7529e-14      2.21e-16    8.33e-02
   3        -1.7840e-14   2.48e-16          -1.7666e-14      1.65e-16    4.80e-01
   3        -1.7608e-14   2.39e-16          -1.7647e-14      1.36e-16    3.33e-01
   3        -1.7778e-14   2.19e-16          -1.7684e-14      1.15e-16    3.15e-01
   3        -1.7714e-14   2.07e-16          -1.7691e-14      1.01e-16    2.55e-01
   3        -1.7650e-14   2.05e-16          -1.7683e-14      9.05e-17    2.18e-01
   3        -1.7694e-14   1.99e-16          -1.7685e-14      8.24e-17    1.87e-01
   3        -1.7796e-14   2.01e-16          -1.7701e-14      7.62e-17    1.96e-01
   3        -1.7887e-14   2.05e-16          -1.7723e-14      7.14e-17    2.56e-01
   3        -1.7648e-14   2.01e-16          -1.7715e-14      6.73e-17    2.43e-01
   3        -1.7674e-14   2.08e-16          -1.7711e-14      6.40e-17    2.24e-01
   3        -1.7712e-14   2.00e-16          -1.7711e-14      6.10e-17    2.05e-01
   3        -1.7895e-14   2.00e-16          -1.7727e-14      5.83e-17    2.49e-01
   3        -1.7472e-14   1.96e-16          -1.7706e-14      5.59e-17    3.42e-01
   3        -1.7724e-14   2.21e-16          -1.7707e-14      5.42e-17    3.19e-01
   3        -1.7570e-14   2.25e-16          -1.7700e-14      5.27e-17    3.21e-01
   3        -1.7442e-14   2.04e-16          -1.7684e-14      5.10e-17    3.90e-01
   3        -1.7648e-14   2.14e-16          -1.7682e-14      4.96e-17    3.70e-01
   3        -1.7415e-14   2.09e-16          -1.7667e-14      4.83e-17    4.32e-01
   3        -1.7305e-14   2.00e-16          -1.7647e-14      4.69e-17    5.65e-01
rNLOg = (-1.7647416e-14 +- 4.6935385e-17) pb

**************************************************
* real light quark emission - dipole - (onshell) *
**************************************************
The limits of integration are:

xl[0]=0.000000    xu[0]=1.000000
xl[1]=0.000000    xu[1]=1.000000
xl[2]=0.000000    xu[2]=1.000000
xl[3]=0.000000    xu[3]=1.000000
xl[4]=0.000000    xu[4]=1.000000
xl[5]=0.000000    xu[5]=1.000000

num_dim=6, calls=5000, it_num=1, max_it_num=5 verb=0, alph=1.50,
mode=0, bins=50, boxes=1

       single.......iteration                   accumulated......results   
iteration     integral    sigma             integral         sigma     chi-sq/it

   1        3.7095e-14   2.99e-15          3.7095e-14      2.99e-15    0.00e+00
   2        3.9823e-14   9.41e-16          3.9576e-14      8.97e-16    7.59e-01
   3        3.8005e-14   4.60e-16          3.8333e-14      4.10e-16    1.59e+00
   4        3.7415e-14   3.64e-16          3.7820e-14      2.72e-16    2.00e+00
   5        3.7790e-14   3.29e-16          3.7808e-14      2.10e-16    1.50e+00

num_dim=6, calls=50000, it_num=1, max_it_num=5 verb=0, alph=1.50,
mode=0, bins=50, boxes=1

       single.......iteration                   accumulated......results   
iteration     integral    sigma             integral         sigma     chi-sq/it

   1        3.7699e-14   1.01e-16          3.7699e-14      1.01e-16    0.00e+00
   2        3.7937e-14   1.10e-16          3.7807e-14      7.45e-17    2.52e+00
   3        3.8071e-14   1.19e-16          3.7881e-14      6.32e-17    3.02e+00
   4        3.7893e-14   1.16e-16          3.7884e-14      5.55e-17    2.02e+00
   5        3.7938e-14   1.19e-16          3.7894e-14      5.03e-17    1.56e+00
   5        3.7829e-14   1.05e-16          3.7882e-14      4.54e-17    1.31e+00
rNLOq = (3.7881762e-14 +- 4.5415779e-17) pb
NLO = (7.0302225e-12 +- 3.3189389e-15) pb
#chisq/dof = 2.85966e-09
#status = success
#chisq/dof = 8.2597e-09
#status = success
#chisq/dof = 4.54868e-10
#status = success
#chisq/dof = 7.81523e-10
#status = success
#chisq/dof = 2.71609e-10
#status = success
#chisq/dof = 3.14103e-12
#status = success
#chisq/dof = 2.47139e-09
#status = success
#chisq/dof = 8.84055e-11
#status = iteration is not making progress towards solution

*******************************************************
* threshold resummation (unimproved nnll) - expansion *
*******************************************************
The limits of integration are:

xl[0]=0.000000    xu[0]=1.000000
xl[1]=0.000000    xu[1]=1.000000
xl[2]=0.000000    xu[2]=1.000000

num_dim=3, calls=7000, it_num=1, max_it_num=5 verb=0, alph=1.50,
mode=0, bins=50, boxes=1

       single.......iteration                   accumulated......results   
iteration     integral    sigma             integral         sigma     chi-sq/it

   1        4.9239e-13   6.60e-13          4.9239e-13      6.60e-13    0.00e+00
   2        -1.6460e-13   1.41e-13          -1.3605e-13      1.38e-13    9.47e-01
   3        -1.5521e-14   1.21e-13          -6.7920e-14      9.08e-14    6.90e-01
   4        -3.5084e-13   1.19e-13          -1.7192e-13      7.22e-14    1.65e+00
   5        -9.3283e-14   1.20e-13          -1.5102e-13      6.18e-14    1.32e+00

num_dim=3, calls=35000, it_num=1, max_it_num=5 verb=0, alph=1.50,
mode=0, bins=50, boxes=1

       single.......iteration                   accumulated......results   
iteration     integral    sigma             integral         sigma     chi-sq/it

   1        2.5141e-14   5.32e-14          2.5141e-14      5.32e-14    0.00e+00
   2        -6.0784e-14   5.34e-14          -1.7704e-14      3.77e-14    1.30e+00
   3        1.5932e-14   5.34e-14          -6.5242e-15      3.08e-14    7.82e-01
   4        -1.0585e-13   5.35e-14          -3.1251e-14      2.67e-14    1.39e+00
   5        2.3128e-14   5.31e-14          -2.0273e-14      2.38e-14    1.25e+00
   5        -4.6520e-14   5.34e-14          -2.4634e-14      2.18e-14    1.04e+00
   5        -1.7737e-13   5.33e-14          -4.6436e-14      2.02e-14    2.04e+00
   5        2.3133e-14   5.34e-14          -3.7757e-14      1.89e-14    1.96e+00
   5        -6.4586e-14   5.37e-14          -4.0704e-14      1.78e-14    1.74e+00
   5        -8.0849e-14   5.35e-14          -4.4703e-14      1.69e-14    1.60e+00
   5        3.5462e-14   5.35e-14          -3.7444e-14      1.61e-14    1.65e+00
   5        3.8217e-14   5.40e-14          -3.1272e-14      1.54e-14    1.66e+00
   5        -1.1242e-13   5.39e-14          -3.7428e-14      1.48e-14    1.70e+00
   5        -6.8520e-14   5.41e-14          -3.9603e-14      1.43e-14    1.59e+00
   5        2.1468e-15   5.44e-14          -3.6899e-14      1.38e-14    1.52e+00
   5        -6.4936e-14   5.44e-14          -3.8602e-14      1.34e-14    1.43e+00
   5        -3.2353e-14   5.42e-14          -3.8242e-14      1.30e-14    1.34e+00
   5        1.2065e-14   5.44e-14          -3.5517e-14      1.27e-14    1.31e+00
   5        -5.6599e-14   5.45e-14          -3.6597e-14      1.23e-14    1.25e+00
   5        -9.7673e-14   5.50e-14          -3.9515e-14      1.20e-14    1.24e+00
   5        1.5302e-14   5.49e-14          -3.7008e-14      1.18e-14    1.23e+00
   5        3.6439e-14   5.53e-14          -3.3832e-14      1.15e-14    1.25e+00
   5        -6.2470e-14   5.52e-14          -3.5023e-14      1.13e-14    1.21e+00
   5        3.1958e-14   5.51e-14          -3.2343e-14      1.10e-14    1.21e+00
   5        -1.3723e-13   5.51e-14          -3.6388e-14      1.08e-14    1.31e+00
   5        -1.3108e-13   5.54e-14          -3.9865e-14      1.06e-14    1.37e+00
   5        -3.2644e-14   5.53e-14          -3.9609e-14      1.04e-14    1.32e+00
   5        -9.1751e-14   5.59e-14          -4.1361e-14      1.02e-14    1.30e+00
   5        -1.0315e-13   5.59e-14          -4.3369e-14      1.01e-14    1.30e+00
   5        -4.8905e-14   5.58e-14          -4.3544e-14      9.92e-15    1.25e+00
   5        -6.2273e-15   5.58e-14          -4.2400e-14      9.76e-15    1.22e+00
   5        -5.3482e-14   5.62e-14          -4.2724e-14      9.62e-15    1.19e+00
   5        3.1926e-14   5.63e-14          -4.0610e-14      9.48e-15    1.20e+00
   5        -1.2359e-13   5.65e-14          -4.2886e-14      9.35e-15    1.23e+00
   5        -3.8298e-14   5.66e-14          -4.2764e-14      9.23e-15    1.19e+00
   5        -1.3942e-13   5.62e-14          -4.5304e-14      9.10e-15    1.24e+00
   5        -7.3447e-14   5.68e-14          -4.6009e-14      8.99e-15    1.21e+00
   5        1.5710e-14   5.68e-14          -4.4502e-14      8.88e-15    1.21e+00
   5        -1.0595e-13   5.75e-14          -4.5934e-14      8.77e-15    1.21e+00
   5        -4.3629e-15   5.75e-14          -4.4988e-14      8.67e-15    1.19e+00
   5        -4.8616e-14   5.71e-14          -4.5070e-14      8.58e-15    1.16e+00
   5        1.0161e-13   5.67e-14          -4.1795e-14      8.48e-15    1.29e+00
   5        -2.0437e-14   5.68e-14          -4.1328e-14      8.39e-15    1.27e+00
   5        5.7061e-14   5.66e-14          -3.9218e-14      8.30e-15    1.30e+00
   5        -9.6943e-14   5.70e-14          -4.0417e-14      8.21e-15    1.30e+00
   5        -4.1219e-15   5.65e-14          -3.9665e-14      8.12e-15    1.28e+00
   5        -1.4174e-14   5.72e-14          -3.9161e-14      8.04e-15    1.25e+00
   5        -6.5626e-15   5.75e-14          -3.8535e-14      7.97e-15    1.23e+00
   5        -8.1053e-14   5.74e-14          -3.9337e-14      7.89e-15    1.22e+00
   5        4.2596e-14   5.74e-14          -3.7816e-14      7.82e-15    1.24e+00
   5        -1.3234e-13   5.72e-14          -3.9551e-14      7.74e-15    1.27e+00
   5        -7.9029e-14   5.75e-14          -4.0255e-14      7.67e-15    1.25e+00
   5        -7.3887e-14   5.77e-14          -4.0839e-14      7.61e-15    1.23e+00
   5        -2.8157e-14   5.79e-14          -4.0624e-14      7.54e-15    1.21e+00
   5        -5.1023e-14   5.76e-14          -4.0799e-14      7.48e-15    1.19e+00
aNNLO+NNLL = (6.9894235e-12 +- 8.1825647e-15) pb

Results:
LO = (5.8161387e-12 +- 4.4984453e-15) pb
NLO = (7.0302225e-12 +- 3.3189389e-15) pb
aNNLO+NNLL = (6.9894235e-12 +- 8.1825647e-15) pb
Thanks for using LHAPDF 6.2.3. Please make sure to cite the paper:
  Eur.Phys.J. C75 (2015) 3, 132  (http://arxiv.org/abs/1412.7420)
 ====================================================
   FF 2.0, a package to evaluate one-loop integrals
 written by G. J. van Oldenborgh, NIKHEF-H, Amsterdam
 ====================================================
 for the algorithms used see preprint NIKHEF-H 89/17,
 'New Algorithms for One-loop Integrals', by G.J. van
 Oldenborgh and J.A.M. Vermaseren, published in 
 Zeitschrift fuer Physik C46(1990)425.
 ====================================================
 
total number of errors and warnings
===================================
fferr: no errors
 
