
  Welcome to Resummino git-latest
  Copyright 2008-2010 Jonathan Debove.
  Copyright 2011-2014 David R. Lamprea.
  Copyright 2011-2016 Marcel Rothering.

  Licensed under the EUPL 1.1 or later.
  See http://www.resummino.org/ for more information.

  If using Resummino for slepton pair production, please cite.
  - G. Bozzi, B. Fuks, M. Klasen, PRD 74, 015001 (2006); NPB 777, 157 (2007); NPB 794, 46 (2007).
  - B. Fuks, M. Klasen, D. R. Lamprea, M. Rothering, EPJC 73, 2480 (2013).

  For gaugino pair production, please cite:
  - J. Debove, B. Fuks, M. Klasen, PLB 688, 208 (2010); NPB 842, 51 (2011); NPB 849, 64 (2011).
  - B. Fuks, M. Klasen, D. R. Lamprea, M. Rothering, JHEP 1210, 081 (2012); EPJC 73, 2480 (2013).

  For associated gaugino gluino production, please cite:
  - B. Fuks, M. Klasen, M. Rothering, JHEP 07:053, (2016).
  - B. Fuks, M. Klasen, D. R. Lamprea, M. Rothering, EPJC 73, 2480 (2013).

LHAPDF 6.2.3 loading /pool/condor/dir_24410/resummino-releases/lhapdf-prefix/share/LHAPDF/PDF4LHC21_40/PDF4LHC21_40_0000.dat
PDF4LHC21_40 PDF set, member #0, version 1
 alpha_s(M_Z^2) = 0.1180 	 for LO PDF set 
 alpha_s(700.000^2) = 0.0903 	 for LO PDF set 

********************
* LO cross section *
********************
The limits of integration are:

xl[0]=0.000000    xu[0]=1.000000
xl[1]=0.000000    xu[1]=1.000000
xl[2]=0.000000    xu[2]=1.000000

num_dim=3, calls=2000, it_num=1, max_it_num=5 verb=0, alph=1.50,
mode=0, bins=50, boxes=1

       single.......iteration                   accumulated......results   
iteration     integral    sigma             integral         sigma     chi-sq/it

   1        4.0419e-12   1.28e-13          4.0419e-12      1.28e-13    0.00e+00
   2        4.1691e-12   4.37e-14          4.1559e-12      4.14e-14    8.79e-01
   3        4.2363e-12   2.45e-14          4.2155e-12      2.11e-14    1.84e+00
   4        4.1814e-12   2.28e-14          4.1998e-12      1.55e-14    1.63e+00
   5        4.1707e-12   2.39e-14          4.1912e-12      1.30e-14    1.48e+00

num_dim=3, calls=20000, it_num=1, max_it_num=5 verb=0, alph=1.50,
mode=0, bins=50, boxes=1

       single.......iteration                   accumulated......results   
iteration     integral    sigma             integral         sigma     chi-sq/it

   1        4.1997e-12   7.29e-15          4.1997e-12      7.29e-15    0.00e+00
   2        4.2012e-12   7.11e-15          4.2005e-12      5.09e-15    1.99e-02
   3        4.2125e-12   7.05e-15          4.2046e-12      4.13e-15    9.60e-01
   4        4.2103e-12   7.42e-15          4.2059e-12      3.61e-15    7.93e-01
   5        4.1940e-12   7.43e-15          4.2037e-12      3.24e-15    1.12e+00
LO = (4.2036592e-12 +- 3.2444870e-15) pb
LHAPDF 6.2.3 loading /pool/condor/dir_24410/resummino-releases/lhapdf-prefix/share/LHAPDF/PDF4LHC21_40/PDF4LHC21_40_0006.dat
PDF4LHC21_40 PDF set, member #6, version 1
 alpha_s(M_Z^2) = 0.1180 	 for NLO PDF set 
 alpha_s(700.000^2) = 0.0903 	 for NLO PDF set 

********************
* LO cross section *
********************
The limits of integration are:

xl[0]=0.000000    xu[0]=1.000000
xl[1]=0.000000    xu[1]=1.000000
xl[2]=0.000000    xu[2]=1.000000

num_dim=3, calls=2000, it_num=1, max_it_num=5 verb=0, alph=1.50,
mode=0, bins=50, boxes=1

       single.......iteration                   accumulated......results   
iteration     integral    sigma             integral         sigma     chi-sq/it

   1        4.0230e-12   1.26e-13          4.0230e-12      1.26e-13    0.00e+00
   2        4.1555e-12   4.36e-14          4.1414e-12      4.12e-14    9.83e-01
   3        4.2202e-12   2.47e-14          4.1994e-12      2.12e-14    1.84e+00
   4        4.1628e-12   2.33e-14          4.1829e-12      1.57e-14    1.68e+00
   5        4.1525e-12   2.43e-14          4.1739e-12      1.32e-14    1.53e+00

num_dim=3, calls=20000, it_num=1, max_it_num=5 verb=0, alph=1.50,
mode=0, bins=50, boxes=1

       single.......iteration                   accumulated......results   
iteration     integral    sigma             integral         sigma     chi-sq/it

   1        4.1827e-12   7.36e-15          4.1827e-12      7.36e-15    0.00e+00
   2        4.1857e-12   7.15e-15          4.1843e-12      5.13e-15    8.59e-02
   3        4.1966e-12   7.11e-15          4.1885e-12      4.16e-15    1.04e+00
   4        4.1934e-12   7.50e-15          4.1897e-12      3.64e-15    8.02e-01
   5        4.1778e-12   7.51e-15          4.1874e-12      3.27e-15    1.10e+00
   5        4.1813e-12   7.54e-15          4.1865e-12      3.00e-15    9.91e-01
   5        4.1885e-12   7.50e-15          4.1867e-12      2.79e-15    8.36e-01
   5        4.1778e-12   7.59e-15          4.1857e-12      2.62e-15    8.91e-01
   5        4.1791e-12   7.75e-15          4.1850e-12      2.48e-15    8.59e-01
   5        4.1749e-12   7.94e-15          4.1841e-12      2.37e-15    9.28e-01
   5        4.1825e-12   8.24e-15          4.1840e-12      2.27e-15    8.39e-01
   5        4.1834e-12   8.29e-15          4.1839e-12      2.19e-15    7.63e-01
   5        4.1915e-12   8.66e-15          4.1844e-12      2.13e-15    7.59e-01
   5        4.1794e-12   9.08e-15          4.1841e-12      2.07e-15    7.23e-01
   5        4.1837e-12   9.56e-15          4.1841e-12      2.02e-15    6.72e-01
   5        4.1761e-12   9.95e-15          4.1838e-12      1.98e-15    6.69e-01
   5        4.1743e-12   1.01e-14          4.1835e-12      1.95e-15    6.80e-01
   5        4.1900e-12   1.03e-14          4.1837e-12      1.91e-15    6.63e-01
   5        4.1952e-12   1.10e-14          4.1840e-12      1.88e-15    6.85e-01
   5        4.1984e-12   1.07e-14          4.1844e-12      1.86e-15    7.42e-01
   5        4.1752e-12   1.11e-14          4.1842e-12      1.83e-15    7.38e-01
   5        4.1860e-12   1.13e-14          4.1842e-12      1.81e-15    7.04e-01
   5        4.1905e-12   1.17e-14          4.1844e-12      1.79e-15    6.85e-01
   5        4.1853e-12   1.25e-14          4.1844e-12      1.77e-15    6.55e-01
   5        4.2000e-12   1.25e-14          4.1847e-12      1.75e-15    6.91e-01
   5        4.1772e-12   1.26e-14          4.1846e-12      1.73e-15    6.77e-01
   5        4.2145e-12   1.30e-14          4.1851e-12      1.72e-15    8.53e-01
   5        4.1850e-12   1.28e-14          4.1851e-12      1.70e-15    8.21e-01
   5        4.1829e-12   1.33e-14          4.1851e-12      1.69e-15    7.93e-01
   5        4.1933e-12   1.35e-14          4.1852e-12      1.68e-15    7.78e-01
   5        4.1762e-12   1.34e-14          4.1850e-12      1.66e-15    7.67e-01
   5        4.1837e-12   1.41e-14          4.1850e-12      1.65e-15    7.42e-01
   5        4.2039e-12   1.38e-14          4.1853e-12      1.64e-15    7.77e-01
   5        4.1776e-12   1.45e-14          4.1852e-12      1.63e-15    7.62e-01
   5        4.1594e-12   1.41e-14          4.1849e-12      1.62e-15    8.37e-01
   5        4.1988e-12   1.44e-14          4.1850e-12      1.61e-15    8.39e-01
   5        4.1445e-12   1.44e-14          4.1845e-12      1.60e-15    1.03e+00
   5        4.1665e-12   1.50e-14          4.1843e-12      1.59e-15    1.04e+00
   5        4.1958e-12   1.47e-14          4.1845e-12      1.58e-15    1.03e+00
   5        4.1872e-12   1.49e-14          4.1845e-12      1.57e-15    1.01e+00
   5        4.1920e-12   1.51e-14          4.1846e-12      1.56e-15    9.88e-01
   5        4.1815e-12   1.49e-14          4.1845e-12      1.55e-15    9.65e-01
   5        4.2161e-12   1.54e-14          4.1849e-12      1.55e-15    1.04e+00
   5        4.1980e-12   1.53e-14          4.1850e-12      1.54e-15    1.03e+00
   5        4.1630e-12   1.56e-14          4.1848e-12      1.53e-15    1.06e+00
   5        4.1787e-12   1.59e-14          4.1847e-12      1.52e-15    1.04e+00
   5        4.2068e-12   1.63e-14          4.1849e-12      1.52e-15    1.05e+00
   5        4.1483e-12   1.59e-14          4.1846e-12      1.51e-15    1.14e+00
   5        4.2178e-12   1.64e-14          4.1849e-12      1.50e-15    1.20e+00
   5        4.2081e-12   1.62e-14          4.1851e-12      1.50e-15    1.22e+00
   5        4.1809e-12   1.62e-14          4.1850e-12      1.49e-15    1.20e+00
   5        4.1503e-12   1.63e-14          4.1847e-12      1.49e-15    1.26e+00
   5        4.1865e-12   1.66e-14          4.1847e-12      1.48e-15    1.24e+00
   5        4.1879e-12   1.70e-14          4.1848e-12      1.47e-15    1.21e+00
   5        4.2145e-12   1.66e-14          4.1850e-12      1.47e-15    1.25e+00
LO = (4.1850042e-12 +- 1.4680652e-15) pb

*******************************************
* virtual corrections + integrated dipole *
*******************************************
The limits of integration are:

xl[0]=0.000000    xu[0]=1.000000
xl[1]=0.000000    xu[1]=1.000000
xl[2]=0.000000    xu[2]=1.000000

num_dim=3, calls=240, it_num=1, max_it_num=5 verb=0, alph=1.50,
mode=0, bins=50, boxes=1

       single.......iteration                   accumulated......results   
iteration     integral    sigma             integral         sigma     chi-sq/it

   1        5.0503e-13   4.79e-14          5.0503e-13      4.79e-14    0.00e+00
   2        5.2564e-13   2.46e-14          5.2134e-13      2.19e-14    1.46e-01
   3        5.7485e-13   1.51e-14          5.5764e-13      1.24e-14    2.10e+00
   4        5.7250e-13   1.02e-14          5.6654e-13      7.86e-15    1.69e+00
   5        5.8292e-13   1.26e-14          5.7111e-13      6.68e-15    1.57e+00

num_dim=3, calls=1200, it_num=1, max_it_num=3 verb=0, alph=1.50,
mode=0, bins=50, boxes=1

       single.......iteration                   accumulated......results   
iteration     integral    sigma             integral         sigma     chi-sq/it

   1        5.5142e-13   5.52e-15          5.5142e-13      5.52e-15    0.00e+00
   2        5.6495e-13   4.64e-15          5.5935e-13      3.55e-15    3.52e+00
   3        5.5875e-13   4.24e-15          5.5910e-13      2.72e-15    1.77e+00
   3        5.7154e-13   4.23e-15          5.6275e-13      2.29e-15    3.21e+00
   3        5.5558e-13   4.31e-15          5.6117e-13      2.02e-15    2.95e+00
   3        5.6263e-13   4.30e-15          5.6143e-13      1.83e-15    2.38e+00
   3        5.5666e-13   4.62e-15          5.6078e-13      1.70e-15    2.14e+00
   3        5.6576e-13   4.32e-15          5.6145e-13      1.58e-15    2.00e+00
   3        5.6591e-13   4.31e-15          5.6198e-13      1.49e-15    1.86e+00
   3        5.6292e-13   4.29e-15          5.6208e-13      1.40e-15    1.66e+00
   3        5.6035e-13   4.39e-15          5.6192e-13      1.34e-15    1.51e+00
   3        5.6288e-13   4.46e-15          5.6200e-13      1.28e-15    1.38e+00
vNLO = (5.6199984e-13 +- 1.2808565e-15) pb

*****************************
* collinear remainder (P+K) *
*****************************
The limits of integration are:

xl[0]=0.000000    xu[0]=1.000000
xl[1]=0.000000    xu[1]=1.000000
xl[2]=0.000000    xu[2]=1.000000
xl[3]=0.000000    xu[3]=1.000000

num_dim=4, calls=2500, it_num=1, max_it_num=5 verb=0, alph=1.50,
mode=0, bins=50, boxes=1

       single.......iteration                   accumulated......results   
iteration     integral    sigma             integral         sigma     chi-sq/it

   1        3.1400e-13   3.04e-14          3.1400e-13      3.04e-14    0.00e+00
   2        3.1386e-13   1.34e-14          3.1388e-13      1.23e-14    1.82e-05
   3        3.1767e-13   1.18e-14          3.1585e-13      8.51e-15    2.48e-02
   4        3.2837e-13   1.11e-14          3.2047e-13      6.76e-15    2.83e-01
   5        3.3703e-13   1.12e-14          3.2489e-13      5.78e-15    6.13e-01

num_dim=4, calls=25000, it_num=1, max_it_num=3 verb=0, alph=1.50,
mode=0, bins=50, boxes=1

       single.......iteration                   accumulated......results   
iteration     integral    sigma             integral         sigma     chi-sq/it

   1        3.3165e-13   3.56e-15          3.3165e-13      3.56e-15    0.00e+00
   2        3.2905e-13   3.54e-15          3.3034e-13      2.51e-15    2.68e-01
   3        3.2309e-13   3.55e-15          3.2793e-13      2.05e-15    1.53e+00
   3        3.2868e-13   3.55e-15          3.2812e-13      1.77e-15    1.03e+00
   3        3.2314e-13   3.55e-15          3.2712e-13      1.59e-15    1.16e+00
   3        3.2335e-13   3.54e-15          3.2649e-13      1.45e-15    1.12e+00
   3        3.2348e-13   3.56e-15          3.2606e-13      1.34e-15    1.04e+00
P+K = (3.2606259e-13 +- 1.3417250e-15) pb

********************************
* real gluon emission - dipole *
********************************
The limits of integration are:

xl[0]=0.000000    xu[0]=1.000000
xl[1]=0.000000    xu[1]=1.000000
xl[2]=0.000000    xu[2]=1.000000
xl[3]=0.000000    xu[3]=1.000000
xl[4]=0.000000    xu[4]=1.000000
xl[5]=0.000000    xu[5]=1.000000

num_dim=6, calls=250, it_num=1, max_it_num=5 verb=0, alph=1.50,
mode=0, bins=50, boxes=1

       single.......iteration                   accumulated......results   
iteration     integral    sigma             integral         sigma     chi-sq/it

   1        -1.3206e-14   4.35e-15          -1.3206e-14      4.35e-15    0.00e+00
   2        -1.6367e-14   3.42e-15          -1.5161e-14      2.69e-15    3.27e-01
   3        -1.0569e-14   1.53e-15          -1.1697e-14      1.33e-15    1.27e+00
   4        -1.2549e-14   1.51e-15          -1.2070e-14      9.99e-16    9.03e-01
   5        -1.2112e-14   1.12e-15          -1.2089e-14      7.45e-16    6.78e-01

num_dim=6, calls=2500, it_num=1, max_it_num=3 verb=0, alph=1.50,
mode=0, bins=50, boxes=1

       single.......iteration                   accumulated......results   
iteration     integral    sigma             integral         sigma     chi-sq/it

   1        -1.1916e-14   3.23e-16          -1.1916e-14      3.23e-16    0.00e+00
   2        -1.1214e-14   1.71e-16          -1.1369e-14      1.51e-16    3.69e+00
   3        -1.1478e-14   1.62e-16          -1.1420e-14      1.11e-16    1.97e+00
   3        -1.1277e-14   1.47e-16          -1.1368e-14      8.83e-17    1.51e+00
   3        -1.1404e-14   1.37e-16          -1.1378e-14      7.41e-17    1.15e+00
rNLOg = (-1.1378382e-14 +- 7.4149077e-17) pb

**************************************************
* real light quark emission - dipole - (onshell) *
**************************************************
The limits of integration are:

xl[0]=0.000000    xu[0]=1.000000
xl[1]=0.000000    xu[1]=1.000000
xl[2]=0.000000    xu[2]=1.000000
xl[3]=0.000000    xu[3]=1.000000
xl[4]=0.000000    xu[4]=1.000000
xl[5]=0.000000    xu[5]=1.000000

num_dim=6, calls=5000, it_num=1, max_it_num=5 verb=0, alph=1.50,
mode=0, bins=50, boxes=1

       single.......iteration                   accumulated......results   
iteration     integral    sigma             integral         sigma     chi-sq/it

   1        2.3894e-14   1.88e-15          2.3894e-14      1.88e-15    0.00e+00
   2        2.5594e-14   5.85e-16          2.5443e-14      5.59e-16    7.46e-01
   3        2.4516e-14   2.92e-16          2.4715e-14      2.59e-16    1.45e+00
   4        2.4114e-14   2.30e-16          2.4379e-14      1.72e-16    1.97e+00
   5        2.4330e-14   2.06e-16          2.4359e-14      1.32e-16    1.49e+00

num_dim=6, calls=50000, it_num=1, max_it_num=5 verb=0, alph=1.50,
mode=0, bins=50, boxes=1

       single.......iteration                   accumulated......results   
iteration     integral    sigma             integral         sigma     chi-sq/it

   1        2.4252e-14   6.25e-17          2.4252e-14      6.25e-17    0.00e+00
   2        2.4418e-14   6.99e-17          2.4326e-14      4.66e-17    3.12e+00
   3        2.4495e-14   7.48e-17          2.4373e-14      3.96e-17    3.40e+00
   4        2.4376e-14   7.28e-17          2.4374e-14      3.48e-17    2.27e+00
   5        2.4410e-14   7.53e-17          2.4380e-14      3.16e-17    1.75e+00
   5        2.4336e-14   6.62e-17          2.4372e-14      2.85e-17    1.47e+00
rNLOq = (2.4371803e-14 +- 2.8486799e-17) pb
NLO = (5.0860601e-12 +- 2.3669273e-15) pb
#chisq/dof = 2.3971e-09
#status = success
#chisq/dof = 4.74982e-09
#status = success
#chisq/dof = 1.19063e-09
#status = success
#chisq/dof = 2.09913e-09
#status = success
#chisq/dof = 1.57874e-09
#status = success
#chisq/dof = 4.30869e-12
#status = success
#chisq/dof = 5.60302e-10
#status = success
#chisq/dof = 2.70595e-10
#status = success

*******************************************************
* threshold resummation (unimproved nnll) - expansion *
*******************************************************
The limits of integration are:

xl[0]=0.000000    xu[0]=1.000000
xl[1]=0.000000    xu[1]=1.000000
xl[2]=0.000000    xu[2]=1.000000

num_dim=3, calls=7000, it_num=1, max_it_num=5 verb=0, alph=1.50,
mode=0, bins=50, boxes=1

       single.......iteration                   accumulated......results   
iteration     integral    sigma             integral         sigma     chi-sq/it

   1        3.4449e-13   5.92e-13          3.4449e-13      5.92e-13    0.00e+00
   2        -2.9835e-14   1.45e-13          -8.4895e-15      1.41e-13    3.78e-01
   3        -4.2631e-14   1.26e-13          -2.7467e-14      9.41e-14    2.05e-01
   4        -3.8637e-13   1.24e-13          -1.5906e-13      7.49e-14    1.91e+00
   5        -9.0801e-14   1.24e-13          -1.4092e-13      6.42e-14    1.49e+00

num_dim=3, calls=35000, it_num=1, max_it_num=5 verb=0, alph=1.50,
mode=0, bins=50, boxes=1

       single.......iteration                   accumulated......results   
iteration     integral    sigma             integral         sigma     chi-sq/it

   1        4.3927e-14   5.56e-14          4.3927e-14      5.56e-14    0.00e+00
   2        -4.3462e-14   5.56e-14          1.9057e-16      3.93e-14    1.23e+00
   3        3.4700e-16   5.53e-14          2.4308e-16      3.21e-14    6.17e-01
   4        -9.1593e-14   5.57e-14          -2.2613e-14      2.78e-14    1.09e+00
   5        1.8699e-14   5.54e-14          -1.4314e-14      2.48e-14    9.30e-01
   5        -4.5647e-14   5.55e-14          -1.9534e-14      2.27e-14    7.97e-01
   5        -1.5175e-13   5.56e-14          -3.8411e-14      2.10e-14    1.47e+00
   5        2.0530e-14   5.57e-14          -3.1077e-14      1.96e-14    1.40e+00
   5        -4.3415e-14   5.59e-14          -3.2433e-14      1.85e-14    1.23e+00
   5        -9.8330e-14   5.59e-14          -3.8955e-14      1.76e-14    1.24e+00
   5        5.6842e-14   5.56e-14          -3.0241e-14      1.68e-14    1.38e+00
   5        2.8635e-14   5.62e-14          -2.5427e-14      1.61e-14    1.35e+00
   5        -9.6404e-14   5.61e-14          -3.0818e-14      1.54e-14    1.36e+00
   5        -2.8230e-14   5.62e-14          -3.0637e-14      1.49e-14    1.25e+00
   5        1.6272e-15   5.64e-14          -2.8529e-14      1.44e-14    1.19e+00
   5        -2.0425e-14   5.65e-14          -2.8034e-14      1.40e-14    1.11e+00
   5        1.1504e-15   5.64e-14          -2.6353e-14      1.35e-14    1.06e+00
   5        -3.3510e-14   5.67e-14          -2.6740e-14      1.32e-14    9.94e-01
   5        -2.0142e-14   5.65e-14          -2.6400e-14      1.28e-14    9.40e-01
   5        -1.1602e-13   5.72e-14          -3.0696e-14      1.25e-14    1.01e+00
   5        -1.2816e-14   5.73e-14          -2.9881e-14      1.22e-14    9.67e-01
   5        4.1664e-14   5.77e-14          -2.6803e-14      1.20e-14    9.91e-01
   5        -5.0579e-14   5.75e-14          -2.7790e-14      1.17e-14    9.54e-01
   5        5.8604e-14   5.84e-14          -2.4449e-14      1.15e-14    1.00e+00
   5        -1.1979e-13   5.81e-14          -2.8030e-14      1.13e-14    1.07e+00
   5        -8.5546e-14   5.79e-14          -3.0127e-14      1.11e-14    1.06e+00
   5        1.5738e-14   5.80e-14          -2.8520e-14      1.09e-14    1.05e+00
   5        -7.8762e-14   5.81e-14          -3.0221e-14      1.07e-14    1.03e+00
   5        -4.5748e-14   5.81e-14          -3.0728e-14      1.05e-14    1.00e+00
   5        -5.9136e-14   5.86e-14          -3.1613e-14      1.03e-14    9.74e-01
   5        -4.7735e-14   5.85e-14          -3.2102e-14      1.02e-14    9.44e-01
   5        -7.3964e-15   5.80e-14          -3.1363e-14      1.00e-14    9.19e-01
   5        -1.9961e-15   5.86e-14          -3.0529e-14      9.88e-15    8.98e-01
   5        -1.0348e-13   5.87e-14          -3.2543e-14      9.75e-15    9.16e-01
   5        -6.6835e-14   5.84e-14          -3.3473e-14      9.61e-15    8.99e-01
   5        -1.1046e-13   5.81e-14          -3.5522e-14      9.49e-15    9.22e-01
   5        -4.4779e-14   5.82e-14          -3.5761e-14      9.36e-15    8.97e-01
   5        2.1942e-14   5.79e-14          -3.4290e-14      9.24e-15    8.99e-01
   5        -4.0819e-14   5.90e-14          -3.4446e-14      9.13e-15    8.76e-01
   5        4.6482e-14   5.88e-14          -3.2539e-14      9.02e-15    9.01e-01
   5        -1.2232e-14   5.96e-14          -3.2085e-14      8.92e-15    8.81e-01
   5        6.2182e-14   5.93e-14          -2.9999e-14      8.82e-15    9.20e-01
   5        -2.3872e-14   5.91e-14          -2.9865e-14      8.72e-15    8.98e-01
   5        1.0936e-13   5.94e-14          -2.6923e-14      8.63e-15    1.00e+00
   5        -1.0766e-13   5.98e-14          -2.8573e-14      8.54e-15    1.02e+00
   5        -1.2904e-14   5.97e-14          -2.8258e-14      8.46e-15    9.99e-01
   5        -6.1776e-14   6.05e-14          -2.8900e-14      8.38e-15    9.84e-01
   5        -1.4877e-14   6.03e-14          -2.8635e-14      8.30e-15    9.64e-01
   5        -1.0814e-14   5.97e-14          -2.8297e-14      8.22e-15    9.46e-01
   5        -4.2133e-14   6.01e-14          -2.8551e-14      8.14e-15    9.28e-01
   5        -9.8156e-14   6.05e-14          -2.9790e-14      8.07e-15    9.35e-01
   5        -3.2630e-14   6.02e-14          -2.9840e-14      8.00e-15    9.17e-01
   5        -6.8874e-14   6.02e-14          -3.0516e-14      7.93e-15    9.07e-01
   5        1.8129e-14   6.05e-14          -2.9695e-14      7.86e-15    9.02e-01
   5        -5.5905e-15   6.06e-14          -2.9296e-14      7.80e-15    8.88e-01
aNNLO+NNLL = (5.0567643e-12 +- 8.1465000e-15) pb

Results:
LO = (4.2036592e-12 +- 3.2444870e-15) pb
NLO = (5.0860601e-12 +- 2.3669273e-15) pb
aNNLO+NNLL = (5.0567643e-12 +- 8.1465000e-15) pb
Thanks for using LHAPDF 6.2.3. Please make sure to cite the paper:
  Eur.Phys.J. C75 (2015) 3, 132  (http://arxiv.org/abs/1412.7420)
 ====================================================
   FF 2.0, a package to evaluate one-loop integrals
 written by G. J. van Oldenborgh, NIKHEF-H, Amsterdam
 ====================================================
 for the algorithms used see preprint NIKHEF-H 89/17,
 'New Algorithms for One-loop Integrals', by G.J. van
 Oldenborgh and J.A.M. Vermaseren, published in 
 Zeitschrift fuer Physik C46(1990)425.
 ====================================================
 
total number of errors and warnings
===================================
fferr: no errors
 
