
  Welcome to Resummino git-latest
  Copyright 2008-2010 Jonathan Debove.
  Copyright 2011-2014 David R. Lamprea.
  Copyright 2011-2016 Marcel Rothering.

  Licensed under the EUPL 1.1 or later.
  See http://www.resummino.org/ for more information.

  If using Resummino for slepton pair production, please cite.
  - G. Bozzi, B. Fuks, M. Klasen, PRD 74, 015001 (2006); NPB 777, 157 (2007); NPB 794, 46 (2007).
  - B. Fuks, M. Klasen, D. R. Lamprea, M. Rothering, EPJC 73, 2480 (2013).

  For gaugino pair production, please cite:
  - J. Debove, B. Fuks, M. Klasen, PLB 688, 208 (2010); NPB 842, 51 (2011); NPB 849, 64 (2011).
  - B. Fuks, M. Klasen, D. R. Lamprea, M. Rothering, JHEP 1210, 081 (2012); EPJC 73, 2480 (2013).

  For associated gaugino gluino production, please cite:
  - B. Fuks, M. Klasen, M. Rothering, JHEP 07:053, (2016).
  - B. Fuks, M. Klasen, D. R. Lamprea, M. Rothering, EPJC 73, 2480 (2013).

LHAPDF 6.2.3 loading /pool/condor/dir_46265/resummino-releases/lhapdf-prefix/share/LHAPDF/PDF4LHC21_40/PDF4LHC21_40_0000.dat
PDF4LHC21_40 PDF set, member #0, version 1
 alpha_s(M_Z^2) = 0.1180 	 for LO PDF set 
 alpha_s(1900.000^2) = 0.0811 	 for LO PDF set 

********************
* LO cross section *
********************
The limits of integration are:

xl[0]=0.000000    xu[0]=1.000000
xl[1]=0.000000    xu[1]=1.000000
xl[2]=0.000000    xu[2]=1.000000

num_dim=3, calls=2000, it_num=1, max_it_num=5 verb=0, alph=1.50,
mode=0, bins=50, boxes=1

       single.......iteration                   accumulated......results   
iteration     integral    sigma             integral         sigma     chi-sq/it

   1        8.3909e-14   2.47e-15          8.3909e-14      2.47e-15    0.00e+00
   2        8.8151e-14   8.96e-16          8.7658e-14      8.42e-16    2.61e+00
   3        8.9342e-14   4.86e-16          8.8921e-14      4.21e-16    2.80e+00
   4        8.8223e-14   4.60e-16          8.8603e-14      3.10e-16    2.29e+00
   5        8.8140e-14   4.75e-16          8.8464e-14      2.60e-16    1.88e+00

num_dim=3, calls=20000, it_num=1, max_it_num=5 verb=0, alph=1.50,
mode=0, bins=50, boxes=1

       single.......iteration                   accumulated......results   
iteration     integral    sigma             integral         sigma     chi-sq/it

   1        8.8554e-14   1.45e-16          8.8554e-14      1.45e-16    0.00e+00
   2        8.8530e-14   1.41e-16          8.8541e-14      1.01e-16    1.37e-02
   3        8.8742e-14   1.40e-16          8.8611e-14      8.21e-17    6.83e-01
   4        8.8730e-14   1.48e-16          8.8639e-14      7.18e-17    6.19e-01
   5        8.8364e-14   1.49e-16          8.8587e-14      6.47e-17    1.15e+00
LO = (8.8586874e-14 +- 6.4688491e-17) pb
LHAPDF 6.2.3 loading /pool/condor/dir_46265/resummino-releases/lhapdf-prefix/share/LHAPDF/PDF4LHC21_40/PDF4LHC21_40_0015.dat
PDF4LHC21_40 PDF set, member #15, version 1
 alpha_s(M_Z^2) = 0.1180 	 for NLO PDF set 
 alpha_s(1900.000^2) = 0.0811 	 for NLO PDF set 

********************
* LO cross section *
********************
The limits of integration are:

xl[0]=0.000000    xu[0]=1.000000
xl[1]=0.000000    xu[1]=1.000000
xl[2]=0.000000    xu[2]=1.000000

num_dim=3, calls=2000, it_num=1, max_it_num=5 verb=0, alph=1.50,
mode=0, bins=50, boxes=1

       single.......iteration                   accumulated......results   
iteration     integral    sigma             integral         sigma     chi-sq/it

   1        9.7550e-14   2.76e-15          9.7550e-14      2.76e-15    0.00e+00
   2        1.0163e-13   1.03e-15          1.0113e-13      9.65e-16    1.92e+00
   3        1.0325e-13   6.06e-16          1.0265e-13      5.13e-16    2.69e+00
   4        1.0179e-13   5.81e-16          1.0227e-13      3.85e-16    2.20e+00
   5        1.0165e-13   6.05e-16          1.0209e-13      3.25e-16    1.83e+00

num_dim=3, calls=20000, it_num=1, max_it_num=5 verb=0, alph=1.50,
mode=0, bins=50, boxes=1

       single.......iteration                   accumulated......results   
iteration     integral    sigma             integral         sigma     chi-sq/it

   1        1.0229e-13   1.82e-16          1.0229e-13      1.82e-16    0.00e+00
   2        1.0235e-13   1.77e-16          1.0232e-13      1.27e-16    5.95e-02
   3        1.0260e-13   1.75e-16          1.0241e-13      1.03e-16    8.62e-01
   4        1.0251e-13   1.85e-16          1.0244e-13      8.97e-17    6.46e-01
   5        1.0208e-13   1.86e-16          1.0237e-13      8.08e-17    1.25e+00
   5        1.0221e-13   1.86e-16          1.0234e-13      7.41e-17    1.13e+00
   5        1.0243e-13   1.88e-16          1.0235e-13      6.89e-17    9.70e-01
   5        1.0214e-13   1.90e-16          1.0233e-13      6.48e-17    9.87e-01
   5        1.0215e-13   1.94e-16          1.0231e-13      6.15e-17    9.66e-01
   5        1.0197e-13   1.99e-16          1.0228e-13      5.87e-17    1.16e+00
   5        1.0220e-13   2.08e-16          1.0228e-13      5.65e-17    1.06e+00
   5        1.0229e-13   2.11e-16          1.0228e-13      5.46e-17    9.65e-01
   5        1.0247e-13   2.23e-16          1.0229e-13      5.30e-17    9.42e-01
   5        1.0219e-13   2.33e-16          1.0228e-13      5.17e-17    8.83e-01
   5        1.0232e-13   2.47e-16          1.0228e-13      5.06e-17    8.22e-01
   5        1.0198e-13   2.54e-16          1.0227e-13      4.96e-17    8.60e-01
   5        1.0205e-13   2.57e-16          1.0226e-13      4.87e-17    8.50e-01
   5        1.0247e-13   2.63e-16          1.0227e-13      4.79e-17    8.35e-01
   5        1.0266e-13   2.81e-16          1.0228e-13      4.72e-17    8.91e-01
   5        1.0274e-13   2.74e-16          1.0230e-13      4.65e-17    9.85e-01
   5        1.0210e-13   2.77e-16          1.0229e-13      4.59e-17    9.59e-01
   5        1.0243e-13   2.86e-16          1.0229e-13      4.53e-17    9.24e-01
   5        1.0253e-13   2.96e-16          1.0230e-13      4.48e-17    9.11e-01
   5        1.0223e-13   3.08e-16          1.0230e-13      4.43e-17    8.74e-01
   5        1.0273e-13   3.15e-16          1.0231e-13      4.39e-17    9.16e-01
   5        1.0209e-13   3.12e-16          1.0230e-13      4.35e-17    8.98e-01
   5        1.0305e-13   3.22e-16          1.0232e-13      4.31e-17    1.07e+00
   5        1.0230e-13   3.09e-16          1.0231e-13      4.27e-17    1.03e+00
   5        1.0224e-13   3.16e-16          1.0231e-13      4.23e-17    9.92e-01
   5        1.0240e-13   3.28e-16          1.0231e-13      4.19e-17    9.60e-01
   5        1.0220e-13   3.28e-16          1.0231e-13      4.16e-17    9.33e-01
   5        1.0227e-13   3.39e-16          1.0231e-13      4.13e-17    9.03e-01
   5        1.0270e-13   3.31e-16          1.0232e-13      4.10e-17    9.18e-01
   5        1.0197e-13   3.42e-16          1.0231e-13      4.07e-17    9.21e-01
   5        1.0171e-13   3.42e-16          1.0230e-13      4.04e-17    9.83e-01
   5        1.0261e-13   3.49e-16          1.0231e-13      4.01e-17    9.77e-01
   5        1.0145e-13   3.48e-16          1.0230e-13      3.99e-17    1.12e+00
   5        1.0195e-13   3.54e-16          1.0229e-13      3.96e-17    1.11e+00
   5        1.0263e-13   3.46e-16          1.0230e-13      3.94e-17    1.11e+00
   5        1.0222e-13   3.51e-16          1.0230e-13      3.91e-17    1.08e+00
   5        1.0241e-13   3.61e-16          1.0230e-13      3.89e-17    1.06e+00
   5        1.0216e-13   3.61e-16          1.0230e-13      3.87e-17    1.03e+00
   5        1.0300e-13   3.72e-16          1.0230e-13      3.85e-17    1.09e+00
   5        1.0250e-13   3.73e-16          1.0231e-13      3.82e-17    1.07e+00
   5        1.0183e-13   3.77e-16          1.0230e-13      3.81e-17    1.09e+00
   5        1.0227e-13   3.81e-16          1.0230e-13      3.79e-17    1.06e+00
   5        1.0280e-13   3.93e-16          1.0231e-13      3.77e-17    1.07e+00
   5        1.0127e-13   3.84e-16          1.0230e-13      3.75e-17    1.20e+00
   5        1.0311e-13   3.97e-16          1.0230e-13      3.73e-17    1.26e+00
   5        1.0293e-13   3.91e-16          1.0231e-13      3.72e-17    1.29e+00
   5        1.0227e-13   3.88e-16          1.0231e-13      3.70e-17    1.26e+00
   5        1.0148e-13   3.91e-16          1.0230e-13      3.68e-17    1.33e+00
   5        1.0238e-13   4.03e-16          1.0230e-13      3.67e-17    1.30e+00
   5        1.0237e-13   4.11e-16          1.0230e-13      3.65e-17    1.28e+00
   5        1.0306e-13   3.98e-16          1.0231e-13      3.64e-17    1.32e+00
LO = (1.0230841e-13 +- 3.6389339e-17) pb

*******************************************
* virtual corrections + integrated dipole *
*******************************************
The limits of integration are:

xl[0]=0.000000    xu[0]=1.000000
xl[1]=0.000000    xu[1]=1.000000
xl[2]=0.000000    xu[2]=1.000000

num_dim=3, calls=240, it_num=1, max_it_num=5 verb=0, alph=1.50,
mode=0, bins=50, boxes=1

       single.......iteration                   accumulated......results   
iteration     integral    sigma             integral         sigma     chi-sq/it

   1        1.0841e-14   9.20e-16          1.0841e-14      9.20e-16    0.00e+00
   2        1.1444e-14   4.96e-16          1.1308e-14      4.37e-16    3.32e-01
   3        1.2441e-14   3.36e-16          1.2019e-14      2.66e-16    2.28e+00
   4        1.2576e-14   2.29e-16          1.2340e-14      1.73e-16    2.36e+00
   5        1.2888e-14   2.87e-16          1.2487e-14      1.48e-16    2.44e+00

num_dim=3, calls=1200, it_num=1, max_it_num=3 verb=0, alph=1.50,
mode=0, bins=50, boxes=1

       single.......iteration                   accumulated......results   
iteration     integral    sigma             integral         sigma     chi-sq/it

   1        1.2132e-14   1.25e-16          1.2132e-14      1.25e-16    0.00e+00
   2        1.2401e-14   1.00e-16          1.2296e-14      7.81e-17    2.83e+00
   3        1.2314e-14   9.48e-17          1.2303e-14      6.03e-17    1.43e+00
   3        1.2584e-14   9.64e-17          1.2382e-14      5.11e-17    2.98e+00
   3        1.2252e-14   9.54e-17          1.2353e-14      4.50e-17    2.60e+00
   3        1.2396e-14   9.70e-17          1.2361e-14      4.09e-17    2.11e+00
   3        1.2245e-14   1.01e-16          1.2345e-14      3.79e-17    1.94e+00
   3        1.2452e-14   9.50e-17          1.2359e-14      3.52e-17    1.83e+00
   3        1.2443e-14   9.09e-17          1.2370e-14      3.28e-17    1.69e+00
   3        1.2342e-14   9.52e-17          1.2367e-14      3.10e-17    1.51e+00
   3        1.2337e-14   9.84e-17          1.2365e-14      2.96e-17    1.37e+00
   3        1.2391e-14   9.98e-17          1.2367e-14      2.84e-17    1.25e+00
vNLO = (1.2366648e-14 +- 2.8366516e-17) pb

*****************************
* collinear remainder (P+K) *
*****************************
The limits of integration are:

xl[0]=0.000000    xu[0]=1.000000
xl[1]=0.000000    xu[1]=1.000000
xl[2]=0.000000    xu[2]=1.000000
xl[3]=0.000000    xu[3]=1.000000

num_dim=4, calls=2500, it_num=1, max_it_num=5 verb=0, alph=1.50,
mode=0, bins=50, boxes=1

       single.......iteration                   accumulated......results   
iteration     integral    sigma             integral         sigma     chi-sq/it

   1        1.6675e-14   8.54e-16          1.6675e-14      8.54e-16    0.00e+00
   2        1.6767e-14   3.51e-16          1.6754e-14      3.25e-16    9.85e-03
   3        1.6748e-14   2.83e-16          1.6751e-14      2.13e-16    5.01e-03
   4        1.6791e-14   2.74e-16          1.6766e-14      1.68e-16    7.84e-03
   5        1.7025e-14   2.71e-16          1.6838e-14      1.43e-16    1.71e-01

num_dim=4, calls=25000, it_num=1, max_it_num=3 verb=0, alph=1.50,
mode=0, bins=50, boxes=1

       single.......iteration                   accumulated......results   
iteration     integral    sigma             integral         sigma     chi-sq/it

   1        1.7008e-14   8.41e-17          1.7008e-14      8.41e-17    0.00e+00
   2        1.7041e-14   8.35e-17          1.7024e-14      5.92e-17    7.82e-02
   3        1.6817e-14   8.43e-17          1.6956e-14      4.85e-17    2.06e+00
   3        1.6910e-14   8.47e-17          1.6945e-14      4.21e-17    1.45e+00
   3        1.6797e-14   8.52e-17          1.6916e-14      3.77e-17    1.69e+00
   3        1.6778e-14   8.48e-17          1.6893e-14      3.45e-17    1.80e+00
   3        1.6823e-14   8.43e-17          1.6883e-14      3.19e-17    1.59e+00
   3        1.6862e-14   8.50e-17          1.6880e-14      2.99e-17    1.37e+00
   3        1.6891e-14   8.62e-17          1.6881e-14      2.82e-17    1.20e+00
P+K = (1.6881454e-14 +- 2.8223836e-17) pb

********************************
* real gluon emission - dipole *
********************************
The limits of integration are:

xl[0]=0.000000    xu[0]=1.000000
xl[1]=0.000000    xu[1]=1.000000
xl[2]=0.000000    xu[2]=1.000000
xl[3]=0.000000    xu[3]=1.000000
xl[4]=0.000000    xu[4]=1.000000
xl[5]=0.000000    xu[5]=1.000000

num_dim=6, calls=250, it_num=1, max_it_num=5 verb=0, alph=1.50,
mode=0, bins=50, boxes=1

       single.......iteration                   accumulated......results   
iteration     integral    sigma             integral         sigma     chi-sq/it

   1        -1.2981e-16   4.19e-17          -1.2981e-16      4.19e-17    0.00e+00
   2        -1.5638e-16   3.44e-17          -1.4568e-16      2.66e-17    2.40e-01
   3        -9.6106e-17   9.62e-18          -1.0184e-16      9.04e-18    1.66e+00
   4        -1.2205e-16   1.28e-17          -1.0856e-16      7.39e-18    1.66e+00
   5        -1.1215e-16   7.15e-18          -1.1042e-16      5.14e-18    1.27e+00

num_dim=6, calls=2500, it_num=1, max_it_num=3 verb=0, alph=1.50,
mode=0, bins=50, boxes=1

       single.......iteration                   accumulated......results   
iteration     integral    sigma             integral         sigma     chi-sq/it

   1        -1.2009e-16   2.73e-18          -1.2009e-16      2.73e-18    0.00e+00
   2        -1.1863e-16   1.87e-18          -1.1910e-16      1.54e-18    1.93e-01
   3        -1.2001e-16   1.53e-18          -1.1956e-16      1.08e-18    1.86e-01
rNLOg = (-1.1955929e-16 +- 1.0848545e-18) pb

**************************************************
* real light quark emission - dipole - (onshell) *
**************************************************
The limits of integration are:

xl[0]=0.000000    xu[0]=1.000000
xl[1]=0.000000    xu[1]=1.000000
xl[2]=0.000000    xu[2]=1.000000
xl[3]=0.000000    xu[3]=1.000000
xl[4]=0.000000    xu[4]=1.000000
xl[5]=0.000000    xu[5]=1.000000

num_dim=6, calls=5000, it_num=1, max_it_num=5 verb=0, alph=1.50,
mode=0, bins=50, boxes=1

       single.......iteration                   accumulated......results   
iteration     integral    sigma             integral         sigma     chi-sq/it

   1        1.9274e-16   1.22e-17          1.9274e-16      1.22e-17    0.00e+00
   2        1.8665e-16   3.39e-18          1.8709e-16      3.26e-18    2.32e-01
   3        1.8399e-16   1.90e-18          1.8478e-16      1.64e-18    4.52e-01
   4        1.8302e-16   1.49e-18          1.8381e-16      1.10e-18    5.10e-01
   5        1.8374e-16   1.30e-18          1.8378e-16      8.41e-19    3.83e-01

num_dim=6, calls=50000, it_num=1, max_it_num=5 verb=0, alph=1.50,
mode=0, bins=50, boxes=1

       single.......iteration                   accumulated......results   
iteration     integral    sigma             integral         sigma     chi-sq/it

   1        1.8378e-16   3.92e-19          1.8378e-16      3.92e-19    0.00e+00
   2        1.8483e-16   5.00e-19          1.8418e-16      3.08e-19    2.77e+00
   3        1.8516e-16   5.10e-19          1.8444e-16      2.64e-19    2.72e+00
   4        1.8450e-16   4.28e-19          1.8446e-16      2.25e-19    1.82e+00
   5        1.8480e-16   5.03e-19          1.8452e-16      2.05e-19    1.46e+00
rNLOq = (1.8451509e-16 +- 2.0507711e-19) pb
NLO = (1.3162147e-13 +- 5.4098495e-17) pb
#chisq/dof = 2.08899e-09
#status = success
#chisq/dof = 4.67034e-10
#status = success
#chisq/dof = 6.10718e-10
#status = success
#chisq/dof = 1.82027e-09
#status = success
#chisq/dof = 7.43399e-11
#status = success
#chisq/dof = 3.50536e-12
#status = success
#chisq/dof = 3.5126e-10
#status = success
#chisq/dof = 3.56357e-11
#status = success

*******************************************************
* threshold resummation (unimproved nnll) - expansion *
*******************************************************
The limits of integration are:

xl[0]=0.000000    xu[0]=1.000000
xl[1]=0.000000    xu[1]=1.000000
xl[2]=0.000000    xu[2]=1.000000

num_dim=3, calls=7000, it_num=1, max_it_num=5 verb=0, alph=1.50,
mode=0, bins=50, boxes=1

       single.......iteration                   accumulated......results   
iteration     integral    sigma             integral         sigma     chi-sq/it

   1        2.6402e-15   6.37e-16          2.6402e-15      6.37e-16    0.00e+00
   2        2.0217e-15   2.03e-16          2.0786e-15      1.93e-16    8.57e-01
   3        1.4782e-15   1.82e-16          1.7602e-15      1.32e-16    2.99e+00
   4        1.8001e-15   1.79e-16          1.7743e-15      1.06e-16    2.00e+00
   5        1.8138e-15   1.80e-16          1.7845e-15      9.17e-17    1.51e+00

num_dim=3, calls=35000, it_num=1, max_it_num=5 verb=0, alph=1.50,
mode=0, bins=50, boxes=1

       single.......iteration                   accumulated......results   
iteration     integral    sigma             integral         sigma     chi-sq/it

   1        2.0119e-15   7.92e-17          2.0119e-15      7.92e-17    0.00e+00
   2        2.1190e-15   7.88e-17          2.0657e-15      5.59e-17    9.17e-01
   3        2.0876e-15   7.87e-17          2.0731e-15      4.56e-17    4.84e-01
   4        2.0371e-15   7.90e-17          2.0641e-15      3.95e-17    3.75e-01
   5        1.8403e-15   7.88e-17          2.0192e-15      3.53e-17    1.89e+00
   5        1.9132e-15   7.92e-17          2.0016e-15      3.22e-17    1.81e+00
   5        2.0054e-15   7.90e-17          2.0022e-15      2.98e-17    1.51e+00
   5        2.0879e-15   7.91e-17          2.0129e-15      2.79e-17    1.44e+00
aNNLO+NNLL = (1.3363432e-13 +- 6.0880545e-17) pb

Results:
LO = (8.8586874e-14 +- 6.4688491e-17) pb
NLO = (1.3162147e-13 +- 5.4098495e-17) pb
aNNLO+NNLL = (1.3363432e-13 +- 6.0880545e-17) pb
Thanks for using LHAPDF 6.2.3. Please make sure to cite the paper:
  Eur.Phys.J. C75 (2015) 3, 132  (http://arxiv.org/abs/1412.7420)
 ====================================================
   FF 2.0, a package to evaluate one-loop integrals
 written by G. J. van Oldenborgh, NIKHEF-H, Amsterdam
 ====================================================
 for the algorithms used see preprint NIKHEF-H 89/17,
 'New Algorithms for One-loop Integrals', by G.J. van
 Oldenborgh and J.A.M. Vermaseren, published in 
 Zeitschrift fuer Physik C46(1990)425.
 ====================================================
 
total number of errors and warnings
===================================
fferr: no errors
 
