
  Welcome to Resummino git-latest
  Copyright 2008-2010 Jonathan Debove.
  Copyright 2011-2014 David R. Lamprea.
  Copyright 2011-2016 Marcel Rothering.

  Licensed under the EUPL 1.1 or later.
  See http://www.resummino.org/ for more information.

  If using Resummino for slepton pair production, please cite.
  - G. Bozzi, B. Fuks, M. Klasen, PRD 74, 015001 (2006); NPB 777, 157 (2007); NPB 794, 46 (2007).
  - B. Fuks, M. Klasen, D. R. Lamprea, M. Rothering, EPJC 73, 2480 (2013).

  For gaugino pair production, please cite:
  - J. Debove, B. Fuks, M. Klasen, PLB 688, 208 (2010); NPB 842, 51 (2011); NPB 849, 64 (2011).
  - B. Fuks, M. Klasen, D. R. Lamprea, M. Rothering, JHEP 1210, 081 (2012); EPJC 73, 2480 (2013).

  For associated gaugino gluino production, please cite:
  - B. Fuks, M. Klasen, M. Rothering, JHEP 07:053, (2016).
  - B. Fuks, M. Klasen, D. R. Lamprea, M. Rothering, EPJC 73, 2480 (2013).

LHAPDF 6.2.3 loading /pool/condor/dir_33676/resummino-releases/lhapdf-prefix/share/LHAPDF/PDF4LHC21_40/PDF4LHC21_40_0000.dat
PDF4LHC21_40 PDF set, member #0, version 1
 alpha_s(M_Z^2) = 0.1180 	 for LO PDF set 
 alpha_s(100.000^2) = 0.1164 	 for LO PDF set 

********************
* LO cross section *
********************
The limits of integration are:

xl[0]=0.000000    xu[0]=1.000000
xl[1]=0.000000    xu[1]=1.000000
xl[2]=0.000000    xu[2]=1.000000

num_dim=3, calls=2000, it_num=1, max_it_num=5 verb=0, alph=1.50,
mode=0, bins=50, boxes=1

       single.......iteration                   accumulated......results   
iteration     integral    sigma             integral         sigma     chi-sq/it

   1        3.0850e-11   1.10e-12          3.0850e-11      1.10e-12    0.00e+00
   2        3.1518e-11   3.56e-13          3.1454e-11      3.38e-13    3.36e-01
   3        3.2072e-11   2.04e-13          3.1908e-11      1.75e-13    1.39e+00
   4        3.1578e-11   1.85e-13          3.1753e-11      1.27e-13    1.49e+00
   5        3.1537e-11   1.92e-13          3.1687e-11      1.06e-13    1.33e+00

num_dim=3, calls=20000, it_num=1, max_it_num=5 verb=0, alph=1.50,
mode=0, bins=50, boxes=1

       single.......iteration                   accumulated......results   
iteration     integral    sigma             integral         sigma     chi-sq/it

   1        3.1716e-11   5.86e-14          3.1716e-11      5.86e-14    0.00e+00
   2        3.1735e-11   5.82e-14          3.1726e-11      4.13e-14    4.95e-02
   3        3.1863e-11   5.71e-14          3.1773e-11      3.35e-14    1.93e+00
   4        3.1805e-11   5.95e-14          3.1780e-11      2.92e-14    1.36e+00
   5        3.1667e-11   5.94e-14          3.1758e-11      2.62e-14    1.76e+00
   5        3.1738e-11   5.96e-14          3.1755e-11      2.40e-14    1.43e+00
   5        3.1783e-11   6.05e-14          3.1759e-11      2.23e-14    1.22e+00
   5        3.1713e-11   6.07e-14          3.1753e-11      2.09e-14    1.12e+00
   5        3.1687e-11   6.23e-14          3.1747e-11      1.98e-14    1.10e+00
   5        3.1619e-11   6.37e-14          3.1735e-11      1.89e-14    1.39e+00
   5        3.1718e-11   6.63e-14          3.1734e-11      1.82e-14    1.26e+00
   5        3.1723e-11   6.62e-14          3.1733e-11      1.76e-14    1.14e+00
   5        3.1803e-11   6.88e-14          3.1738e-11      1.70e-14    1.13e+00
   5        3.1733e-11   7.16e-14          3.1737e-11      1.65e-14    1.04e+00
   5        3.1730e-11   7.52e-14          3.1737e-11      1.62e-14    9.69e-01
   5        3.1683e-11   7.59e-14          3.1735e-11      1.58e-14    9.37e-01
   5        3.1713e-11   7.77e-14          3.1734e-11      1.55e-14    8.83e-01
   5        3.1812e-11   7.93e-14          3.1737e-11      1.52e-14    8.86e-01
   5        3.1855e-11   8.38e-14          3.1740e-11      1.50e-14    9.45e-01
   5        3.1886e-11   8.41e-14          3.1745e-11      1.47e-14    1.05e+00
   5        3.1665e-11   8.57e-14          3.1743e-11      1.45e-14    1.04e+00
   5        3.1776e-11   8.94e-14          3.1743e-11      1.43e-14    9.95e-01
   5        3.1795e-11   9.21e-14          3.1745e-11      1.42e-14    9.64e-01
   5        3.1658e-11   9.20e-14          3.1743e-11      1.40e-14    9.59e-01
   5        3.1905e-11   9.43e-14          3.1746e-11      1.38e-14    1.04e+00
   5        3.1712e-11   9.27e-14          3.1745e-11      1.37e-14    1.00e+00
   5        3.1905e-11   9.47e-14          3.1749e-11      1.35e-14    1.07e+00
   5        3.1821e-11   9.39e-14          3.1750e-11      1.34e-14    1.05e+00
   5        3.1725e-11   9.71e-14          3.1750e-11      1.33e-14    1.02e+00
   5        3.1845e-11   1.03e-13          3.1751e-11      1.32e-14    1.01e+00
   5        3.1635e-11   9.84e-14          3.1749e-11      1.31e-14    1.02e+00
   5        3.1768e-11   1.01e-13          3.1750e-11      1.29e-14    9.93e-01
   5        3.1944e-11   1.02e-13          3.1753e-11      1.28e-14    1.07e+00
   5        3.1633e-11   1.05e-13          3.1751e-11      1.27e-14    1.08e+00
   5        3.1639e-11   1.08e-13          3.1749e-11      1.27e-14    1.08e+00
   5        3.1845e-11   1.10e-13          3.1751e-11      1.26e-14    1.07e+00
   5        3.1537e-11   1.06e-13          3.1748e-11      1.25e-14    1.15e+00
   5        3.1690e-11   1.11e-13          3.1747e-11      1.24e-14    1.13e+00
   5        3.1872e-11   1.07e-13          3.1749e-11      1.23e-14    1.13e+00
   5        3.1785e-11   1.06e-13          3.1749e-11      1.22e-14    1.11e+00
   5        3.1844e-11   1.10e-13          3.1750e-11      1.22e-14    1.10e+00
   5        3.1817e-11   1.12e-13          3.1751e-11      1.21e-14    1.08e+00
   5        3.1869e-11   1.15e-13          3.1752e-11      1.20e-14    1.08e+00
   5        3.1781e-11   1.16e-13          3.1753e-11      1.20e-14    1.06e+00
   5        3.1669e-11   1.17e-13          3.1752e-11      1.19e-14    1.04e+00
   5        3.1725e-11   1.22e-13          3.1751e-11      1.19e-14    1.02e+00
   5        3.1830e-11   1.20e-13          3.1752e-11      1.18e-14    1.01e+00
   5        3.1358e-11   1.15e-13          3.1748e-11      1.17e-14    1.24e+00
   5        3.1941e-11   1.15e-13          3.1750e-11      1.17e-14    1.27e+00
   5        3.1934e-11   1.18e-13          3.1752e-11      1.16e-14    1.29e+00
   5        3.1749e-11   1.16e-13          3.1752e-11      1.16e-14    1.27e+00
   5        3.1572e-11   1.16e-13          3.1750e-11      1.15e-14    1.29e+00
   5        3.1825e-11   1.20e-13          3.1751e-11      1.14e-14    1.27e+00
   5        3.1633e-11   1.21e-13          3.1750e-11      1.14e-14    1.26e+00
   5        3.1976e-11   1.19e-13          3.1752e-11      1.13e-14    1.31e+00
LO = (3.1751733e-11 +- 1.1343209e-14) pb
LHAPDF 6.2.3 loading /pool/condor/dir_33676/resummino-releases/lhapdf-prefix/share/LHAPDF/PDF4LHC21_40/PDF4LHC21_40_0007.dat
PDF4LHC21_40 PDF set, member #7, version 1
 alpha_s(M_Z^2) = 0.1180 	 for NLO PDF set 
 alpha_s(100.000^2) = 0.1164 	 for NLO PDF set 

********************
* LO cross section *
********************
The limits of integration are:

xl[0]=0.000000    xu[0]=1.000000
xl[1]=0.000000    xu[1]=1.000000
xl[2]=0.000000    xu[2]=1.000000

num_dim=3, calls=2000, it_num=1, max_it_num=5 verb=0, alph=1.50,
mode=0, bins=50, boxes=1

       single.......iteration                   accumulated......results   
iteration     integral    sigma             integral         sigma     chi-sq/it

   1        3.0643e-11   1.09e-12          3.0643e-11      1.09e-12    0.00e+00
   2        3.1296e-11   3.57e-13          3.1233e-11      3.39e-13    3.24e-01
   3        3.1850e-11   2.07e-13          3.1683e-11      1.77e-13    1.37e+00
   4        3.1316e-11   1.91e-13          3.1514e-11      1.30e-13    1.58e+00
   5        3.1317e-11   1.95e-13          3.1454e-11      1.08e-13    1.36e+00

num_dim=3, calls=20000, it_num=1, max_it_num=5 verb=0, alph=1.50,
mode=0, bins=50, boxes=1

       single.......iteration                   accumulated......results   
iteration     integral    sigma             integral         sigma     chi-sq/it

   1        3.1497e-11   5.96e-14          3.1497e-11      5.96e-14    0.00e+00
   2        3.1521e-11   5.92e-14          3.1509e-11      4.20e-14    7.78e-02
   3        3.1641e-11   5.81e-14          3.1555e-11      3.40e-14    1.74e+00
   4        3.1578e-11   6.06e-14          3.1560e-11      2.97e-14    1.20e+00
   5        3.1445e-11   6.05e-14          3.1538e-11      2.67e-14    1.63e+00
   5        3.1513e-11   6.07e-14          3.1534e-11      2.44e-14    1.33e+00
   5        3.1565e-11   6.14e-14          3.1538e-11      2.27e-14    1.15e+00
   5        3.1484e-11   6.19e-14          3.1532e-11      2.13e-14    1.08e+00
   5        3.1467e-11   6.33e-14          3.1525e-11      2.02e-14    1.06e+00
   5        3.1384e-11   6.48e-14          3.1513e-11      1.93e-14    1.43e+00
   5        3.1495e-11   6.71e-14          3.1511e-11      1.85e-14    1.29e+00
   5        3.1509e-11   6.68e-14          3.1511e-11      1.78e-14    1.17e+00
   5        3.1581e-11   6.94e-14          3.1516e-11      1.73e-14    1.16e+00
   5        3.1518e-11   7.24e-14          3.1516e-11      1.68e-14    1.07e+00
   5        3.1514e-11   7.57e-14          3.1516e-11      1.64e-14    9.91e-01
   5        3.1461e-11   7.64e-14          3.1513e-11      1.60e-14    9.58e-01
   5        3.1497e-11   7.82e-14          3.1513e-11      1.57e-14    9.00e-01
   5        3.1584e-11   8.01e-14          3.1515e-11      1.54e-14    8.92e-01
   5        3.1636e-11   8.43e-14          3.1519e-11      1.52e-14    9.53e-01
   5        3.1669e-11   8.46e-14          3.1524e-11      1.49e-14    1.06e+00
   5        3.1439e-11   8.62e-14          3.1521e-11      1.47e-14    1.06e+00
   5        3.1554e-11   8.99e-14          3.1522e-11      1.45e-14    1.01e+00
   5        3.1580e-11   9.25e-14          3.1524e-11      1.43e-14    9.84e-01
   5        3.1431e-11   9.22e-14          3.1521e-11      1.42e-14    9.84e-01
   5        3.1678e-11   9.46e-14          3.1525e-11      1.40e-14    1.05e+00
   5        3.1480e-11   9.27e-14          3.1524e-11      1.39e-14    1.02e+00
   5        3.1687e-11   9.42e-14          3.1527e-11      1.37e-14    1.09e+00
   5        3.1600e-11   9.35e-14          3.1529e-11      1.36e-14    1.08e+00
   5        3.1504e-11   9.69e-14          3.1528e-11      1.34e-14    1.04e+00
   5        3.1626e-11   1.03e-13          3.1530e-11      1.33e-14    1.04e+00
   5        3.1413e-11   9.83e-14          3.1528e-11      1.32e-14    1.05e+00
   5        3.1556e-11   9.99e-14          3.1528e-11      1.31e-14    1.02e+00
   5        3.1719e-11   1.02e-13          3.1531e-11      1.30e-14    1.09e+00
   5        3.1412e-11   1.05e-13          3.1530e-11      1.29e-14    1.10e+00
   5        3.1415e-11   1.09e-13          3.1528e-11      1.28e-14    1.10e+00
   5        3.1622e-11   1.10e-13          3.1529e-11      1.27e-14    1.09e+00
   5        3.1328e-11   1.07e-13          3.1526e-11      1.26e-14    1.15e+00
   5        3.1470e-11   1.13e-13          3.1526e-11      1.25e-14    1.13e+00
   5        3.1643e-11   1.06e-13          3.1527e-11      1.25e-14    1.13e+00
   5        3.1547e-11   1.05e-13          3.1528e-11      1.24e-14    1.10e+00
   5        3.1617e-11   1.07e-13          3.1529e-11      1.23e-14    1.09e+00
   5        3.1591e-11   1.11e-13          3.1530e-11      1.22e-14    1.07e+00
   5        3.1625e-11   1.12e-13          3.1531e-11      1.21e-14    1.07e+00
   5        3.1561e-11   1.13e-13          3.1531e-11      1.21e-14    1.04e+00
   5        3.1458e-11   1.16e-13          3.1530e-11      1.20e-14    1.03e+00
   5        3.1486e-11   1.20e-13          3.1530e-11      1.19e-14    1.01e+00
   5        3.1602e-11   1.18e-13          3.1531e-11      1.19e-14    9.94e-01
   5        3.1134e-11   1.13e-13          3.1526e-11      1.18e-14    1.23e+00
   5        3.1736e-11   1.14e-13          3.1528e-11      1.18e-14    1.28e+00
   5        3.1703e-11   1.14e-13          3.1530e-11      1.17e-14    1.30e+00
   5        3.1527e-11   1.12e-13          3.1530e-11      1.16e-14    1.27e+00
   5        3.1356e-11   1.12e-13          3.1528e-11      1.16e-14    1.29e+00
   5        3.1602e-11   1.15e-13          3.1529e-11      1.15e-14    1.28e+00
   5        3.1414e-11   1.18e-13          3.1528e-11      1.15e-14    1.27e+00
   5        3.1744e-11   1.16e-13          3.1530e-11      1.14e-14    1.31e+00
LO = (3.1530131e-11 +- 1.1400627e-14) pb

*******************************************
* virtual corrections + integrated dipole *
*******************************************
The limits of integration are:

xl[0]=0.000000    xu[0]=1.000000
xl[1]=0.000000    xu[1]=1.000000
xl[2]=0.000000    xu[2]=1.000000

num_dim=3, calls=240, it_num=1, max_it_num=5 verb=0, alph=1.50,
mode=0, bins=50, boxes=1

       single.......iteration                   accumulated......results   
iteration     integral    sigma             integral         sigma     chi-sq/it

   1        5.0172e-12   5.35e-13          5.0172e-12      5.35e-13    0.00e+00
   2        4.8735e-12   1.97e-13          4.8907e-12      1.85e-13    6.36e-02
   3        5.4170e-12   1.57e-13          5.1963e-12      1.20e-13    2.38e+00
   4        5.5009e-12   1.15e-13          5.3555e-12      8.29e-14    2.71e+00
   5        5.6971e-12   1.37e-13          5.4467e-12      7.09e-14    3.17e+00

num_dim=3, calls=1200, it_num=1, max_it_num=3 verb=0, alph=1.50,
mode=0, bins=50, boxes=1

       single.......iteration                   accumulated......results   
iteration     integral    sigma             integral         sigma     chi-sq/it

   1        5.3443e-12   5.74e-14          5.3443e-12      5.74e-14    0.00e+00
   2        5.4862e-12   4.99e-14          5.4251e-12      3.76e-14    3.48e+00
   3        5.4402e-12   4.56e-14          5.4312e-12      2.90e-14    1.77e+00
   3        5.5568e-12   4.57e-14          5.4673e-12      2.45e-14    2.97e+00
   3        5.3982e-12   4.56e-14          5.4518e-12      2.16e-14    2.68e+00
   3        5.4444e-12   4.57e-14          5.4505e-12      1.95e-14    2.15e+00
   3        5.3953e-12   4.71e-14          5.4424e-12      1.80e-14    1.98e+00
   3        5.4856e-12   4.44e-14          5.4485e-12      1.67e-14    1.81e+00
   3        5.4364e-12   4.32e-14          5.4469e-12      1.56e-14    1.60e+00
   3        5.4513e-12   4.52e-14          5.4474e-12      1.47e-14    1.42e+00
   3        5.3935e-12   4.52e-14          5.4422e-12      1.40e-14    1.41e+00
   3        5.4404e-12   4.66e-14          5.4421e-12      1.34e-14    1.28e+00
   3        5.4827e-12   4.40e-14          5.4455e-12      1.28e-14    1.24e+00
   3        5.4662e-12   4.58e-14          5.4470e-12      1.24e-14    1.16e+00
   3        5.4811e-12   4.71e-14          5.4492e-12      1.20e-14    1.11e+00
   3        5.3835e-12   4.55e-14          5.4450e-12      1.16e-14    1.16e+00
   3        5.4318e-12   4.39e-14          5.4441e-12      1.12e-14    1.10e+00
   3        5.4162e-12   4.64e-14          5.4426e-12      1.09e-14    1.05e+00
   3        5.4964e-12   4.51e-14          5.4456e-12      1.06e-14    1.07e+00
vNLO = (5.4455539e-12 +- 1.0565647e-14) pb

*****************************
* collinear remainder (P+K) *
*****************************
The limits of integration are:

xl[0]=0.000000    xu[0]=1.000000
xl[1]=0.000000    xu[1]=1.000000
xl[2]=0.000000    xu[2]=1.000000
xl[3]=0.000000    xu[3]=1.000000

num_dim=4, calls=2500, it_num=1, max_it_num=5 verb=0, alph=1.50,
mode=0, bins=50, boxes=1

       single.......iteration                   accumulated......results   
iteration     integral    sigma             integral         sigma     chi-sq/it

   1        6.1037e-13   4.99e-13          6.1037e-13      4.99e-13    0.00e+00
   2        -4.2994e-13   2.55e-13          -2.1477e-13      2.27e-13    3.44e+00
   3        -5.6364e-13   2.18e-13          -3.9668e-13      1.57e-13    2.34e+00
   4        -5.7160e-13   2.13e-13          -4.5832e-13      1.26e-13    1.70e+00
   5        -7.6842e-13   2.14e-13          -5.3855e-13      1.09e-13    1.67e+00

num_dim=4, calls=25000, it_num=1, max_it_num=3 verb=0, alph=1.50,
mode=0, bins=50, boxes=1

       single.......iteration                   accumulated......results   
iteration     integral    sigma             integral         sigma     chi-sq/it

   1        -6.1849e-13   6.80e-14          -6.1849e-13      6.80e-14    0.00e+00
   2        -6.2944e-13   6.73e-14          -6.2402e-13      4.78e-14    1.31e-02
   3        -5.8220e-13   6.72e-14          -6.0995e-13      3.89e-14    1.35e-01
   3        -5.9746e-13   6.76e-14          -6.0684e-13      3.37e-14    9.87e-02
   3        -5.2930e-13   6.73e-14          -5.9124e-13      3.02e-14    3.39e-01
   3        -6.2381e-13   6.77e-14          -5.9664e-13      2.75e-14    3.10e-01
   3        -5.8004e-13   6.69e-14          -5.9424e-13      2.55e-14    2.67e-01
   3        -6.4801e-13   6.73e-14          -6.0098e-13      2.38e-14    3.09e-01
   3        -7.1506e-13   6.72e-14          -6.1372e-13      2.25e-14    5.90e-01
   3        -6.1909e-13   6.74e-14          -6.1426e-13      2.13e-14    5.26e-01
   3        -5.5972e-13   6.77e-14          -6.0934e-13      2.03e-14    5.32e-01
   3        -5.8891e-13   6.74e-14          -6.0764e-13      1.95e-14    4.91e-01
   3        -6.3702e-13   6.77e-14          -6.0988e-13      1.87e-14    4.65e-01
   3        -6.7373e-13   6.73e-14          -6.1445e-13      1.80e-14    4.93e-01
   3        -6.4466e-13   6.86e-14          -6.1640e-13      1.74e-14    4.71e-01
   3        -5.9488e-13   6.82e-14          -6.1508e-13      1.69e-14    4.46e-01
   3        -6.1107e-13   6.88e-14          -6.1485e-13      1.64e-14    4.18e-01
   3        -6.6864e-13   6.84e-14          -6.1778e-13      1.59e-14    4.28e-01
   3        -6.3718e-13   6.80e-14          -6.1879e-13      1.55e-14    4.09e-01
   3        -5.6282e-13   6.89e-14          -6.1609e-13      1.51e-14    4.20e-01
   3        -6.6635e-13   6.89e-14          -6.1840e-13      1.48e-14    4.24e-01
   3        -5.5875e-13   6.98e-14          -6.1584e-13      1.45e-14    4.38e-01
   3        -6.5007e-13   6.94e-14          -6.1727e-13      1.42e-14    4.28e-01
   3        -6.5937e-13   6.94e-14          -6.1895e-13      1.39e-14    4.25e-01
   3        -6.7247e-13   6.95e-14          -6.2100e-13      1.36e-14    4.31e-01
   3        -5.6626e-13   6.99e-14          -6.1900e-13      1.34e-14    4.37e-01
   3        -5.5837e-13   6.95e-14          -6.1685e-13      1.31e-14    4.49e-01
   3        -6.8409e-13   7.00e-14          -6.1913e-13      1.29e-14    4.65e-01
   3        -6.5481e-13   7.03e-14          -6.2029e-13      1.27e-14    4.58e-01
   3        -6.4205e-13   6.99e-14          -6.2099e-13      1.25e-14    4.45e-01
   3        -6.0420e-13   7.10e-14          -6.2048e-13      1.23e-14    4.32e-01
   3        -5.8213e-13   7.07e-14          -6.1936e-13      1.21e-14    4.27e-01
   3        -5.6062e-13   7.00e-14          -6.1765e-13      1.19e-14    4.35e-01
   3        -5.2597e-13   7.01e-14          -6.1507e-13      1.18e-14    4.73e-01
   3        -5.5630e-13   7.20e-14          -6.1354e-13      1.16e-14    4.78e-01
   3        -6.0670e-13   7.08e-14          -6.1336e-13      1.15e-14    4.64e-01
   3        -6.8187e-13   7.05e-14          -6.1512e-13      1.13e-14    4.77e-01
   3        -6.1976e-13   7.10e-14          -6.1524e-13      1.12e-14    4.64e-01
   3        -6.0148e-13   7.11e-14          -6.1491e-13      1.10e-14    4.53e-01
   3        -6.8559e-13   7.15e-14          -6.1655e-13      1.09e-14    4.66e-01
   3        -5.6243e-13   7.25e-14          -6.1535e-13      1.08e-14    4.68e-01
   3        -5.0075e-13   7.14e-14          -6.1280e-13      1.07e-14    5.18e-01
   3        -6.0318e-13   7.16e-14          -6.1259e-13      1.05e-14    5.06e-01
P+K = (-6.1258955e-13 +- 1.0544202e-14) pb

********************************
* real gluon emission - dipole *
********************************
The limits of integration are:

xl[0]=0.000000    xu[0]=1.000000
xl[1]=0.000000    xu[1]=1.000000
xl[2]=0.000000    xu[2]=1.000000
xl[3]=0.000000    xu[3]=1.000000
xl[4]=0.000000    xu[4]=1.000000
xl[5]=0.000000    xu[5]=1.000000

num_dim=6, calls=250, it_num=1, max_it_num=5 verb=0, alph=1.50,
mode=0, bins=50, boxes=1

       single.......iteration                   accumulated......results   
iteration     integral    sigma             integral         sigma     chi-sq/it

   1        -2.1674e-13   4.80e-14          -2.1674e-13      4.80e-14    0.00e+00
   2        -2.7358e-13   7.12e-14          -2.3449e-13      3.98e-14    4.38e-01
   3        -2.4486e-13   6.49e-14          -2.3732e-13      3.39e-14    2.28e-01
   4        -1.9776e-13   3.93e-14          -2.2041e-13      2.57e-14    3.46e-01
   5        -2.0983e-13   2.77e-14          -2.1553e-13      1.88e-14    2.79e-01

num_dim=6, calls=2500, it_num=1, max_it_num=3 verb=0, alph=1.50,
mode=0, bins=50, boxes=1

       single.......iteration                   accumulated......results   
iteration     integral    sigma             integral         sigma     chi-sq/it

   1        -2.3667e-13   1.16e-14          -2.3667e-13      1.16e-14    0.00e+00
   2        -2.1407e-13   5.25e-15          -2.1791e-13      4.78e-15    3.15e+00
   3        -2.2955e-13   4.37e-15          -2.2425e-13      3.23e-15    3.19e+00
   3        -2.2393e-13   4.29e-15          -2.2413e-13      2.58e-15    2.13e+00
   3        -2.2421e-13   3.67e-15          -2.2416e-13      2.11e-15    1.60e+00
   3        -2.2200e-13   3.25e-15          -2.2352e-13      1.77e-15    1.34e+00
rNLOg = (-2.2351806e-13 +- 1.7683270e-15) pb

**************************************************
* real light quark emission - dipole - (onshell) *
**************************************************
The limits of integration are:

xl[0]=0.000000    xu[0]=1.000000
xl[1]=0.000000    xu[1]=1.000000
xl[2]=0.000000    xu[2]=1.000000
xl[3]=0.000000    xu[3]=1.000000
xl[4]=0.000000    xu[4]=1.000000
xl[5]=0.000000    xu[5]=1.000000

num_dim=6, calls=5000, it_num=1, max_it_num=5 verb=0, alph=1.50,
mode=0, bins=50, boxes=1

       single.......iteration                   accumulated......results   
iteration     integral    sigma             integral         sigma     chi-sq/it

   1        6.5182e-13   4.37e-14          6.5182e-13      4.37e-14    0.00e+00
   2        6.5855e-13   1.69e-14          6.5768e-13      1.58e-14    2.06e-02
   3        6.4416e-13   1.01e-14          6.4810e-13      8.53e-15    2.70e-01
   4        6.2630e-13   7.42e-15          6.3570e-13      5.60e-15    1.42e+00
   5        6.2759e-13   6.60e-15          6.3230e-13      4.27e-15    1.28e+00

num_dim=6, calls=50000, it_num=1, max_it_num=5 verb=0, alph=1.50,
mode=0, bins=50, boxes=1

       single.......iteration                   accumulated......results   
iteration     integral    sigma             integral         sigma     chi-sq/it

   1        6.3048e-13   2.13e-15          6.3048e-13      2.13e-15    0.00e+00
   2        6.3363e-13   2.17e-15          6.3203e-13      1.52e-15    1.07e+00
   3        6.3773e-13   2.39e-15          6.3367e-13      1.28e-15    2.56e+00
   4        6.3330e-13   2.22e-15          6.3358e-13      1.11e-15    1.71e+00
   5        6.3348e-13   2.28e-15          6.3356e-13      9.98e-16    1.28e+00
rNLOq = (6.3356179e-13 +- 9.9833179e-16) pb
NLO = (3.6773139e-11 +- 1.8892090e-14) pb
#chisq/dof = 7.11591e-07
#status = success
#chisq/dof = 1.37873e-08
#status = success
#chisq/dof = 5.25273e-09
#status = success
#chisq/dof = 7.90477e-09
#status = success
#chisq/dof = 2.23582e-09
#status = success
#chisq/dof = 3.97939e-10
#status = success
#chisq/dof = 1.0837e-08
#status = success
#chisq/dof = 1.14861e-09
#status = success

*******************************************************
* threshold resummation (unimproved nnll) - expansion *
*******************************************************
The limits of integration are:

xl[0]=0.000000    xu[0]=1.000000
xl[1]=0.000000    xu[1]=1.000000
xl[2]=0.000000    xu[2]=1.000000

num_dim=3, calls=7000, it_num=1, max_it_num=5 verb=0, alph=1.50,
mode=0, bins=50, boxes=1

       single.......iteration                   accumulated......results   
iteration     integral    sigma             integral         sigma     chi-sq/it

   1        1.5894e-11   1.03e-11          1.5894e-11      1.03e-11    0.00e+00
   2        -4.3160e-12   2.48e-12          -3.1965e-12      2.41e-12    3.67e+00
   3        4.4059e-12   2.05e-12          1.2143e-12      1.56e-12    4.71e+00
   4        -2.6839e-12   2.00e-12          -2.6872e-13      1.23e-12    3.93e+00
   5        1.3925e-12   1.99e-12          1.9243e-13      1.05e-12    3.07e+00

num_dim=3, calls=35000, it_num=1, max_it_num=5 verb=0, alph=1.50,
mode=0, bins=50, boxes=1

       single.......iteration                   accumulated......results   
iteration     integral    sigma             integral         sigma     chi-sq/it

   1        -4.1877e-13   8.90e-13          -4.1877e-13      8.90e-13    0.00e+00
   2        -3.2584e-13   8.90e-13          -3.7229e-13      6.29e-13    5.45e-03
   3        -1.2986e-12   8.89e-13          -6.8140e-13      5.14e-13    3.64e-01
   4        -1.5733e-12   8.92e-13          -9.0369e-13      4.45e-13    4.93e-01
   5        1.0534e-12   8.94e-13          -5.1502e-13      3.98e-13    1.33e+00
   5        1.9715e-14   8.97e-13          -4.2685e-13      3.64e-13    1.12e+00
   5        -6.4333e-13   8.96e-13          -4.5755e-13      3.37e-13    9.44e-01
   5        -8.3787e-13   8.99e-13          -5.0449e-13      3.16e-13    8.32e-01
   5        4.1562e-13   8.95e-13          -4.0256e-13      2.98e-13    8.45e-01
   5        -1.0068e-13   8.99e-13          -3.7270e-13      2.83e-13    7.63e-01
   5        3.2494e-13   9.01e-13          -3.1020e-13      2.70e-13    7.41e-01
   5        7.9690e-13   9.00e-13          -2.1898e-13      2.58e-13    8.00e-01
   5        -2.7507e-13   9.05e-13          -2.2321e-13      2.48e-13    7.34e-01
   5        3.0273e-13   9.02e-13          -1.8614e-13      2.40e-13    7.01e-01
   5        -6.8146e-13   9.14e-13          -2.1797e-13      2.32e-13    6.71e-01
   5        -8.5327e-13   9.09e-13          -2.5671e-13      2.25e-13    6.57e-01
   5        7.5237e-13   9.10e-13          -1.9877e-13      2.18e-13    6.88e-01
   5        6.4294e-13   9.10e-13          -1.5306e-13      2.12e-13    6.95e-01
   5        -1.0695e-12   9.08e-13          -2.0041e-13      2.06e-13    7.10e-01
   5        -1.3892e-12   9.19e-13          -2.5746e-13      2.01e-13    7.57e-01
   5        6.8245e-13   9.15e-13          -2.1402e-13      1.97e-13    7.69e-01
   5        4.4551e-13   9.12e-13          -1.8470e-13      1.92e-13    7.56e-01
   5        3.9991e-13   9.22e-13          -1.6033e-13      1.88e-13    7.40e-01
   5        3.1826e-13   9.18e-13          -1.4101e-13      1.84e-13    7.19e-01
   5        3.9947e-13   9.18e-13          -1.2006e-13      1.81e-13    7.03e-01
   5        -2.0692e-12   9.21e-13          -1.9241e-13      1.77e-13    8.47e-01
   5        2.9641e-13   9.21e-13          -1.7493e-13      1.74e-13    8.25e-01
   5        -1.0747e-12   9.21e-13          -2.0603e-13      1.71e-13    8.29e-01
   5        5.9314e-13   9.21e-13          -1.7935e-13      1.68e-13    8.25e-01
   5        -1.1755e-13   9.30e-13          -1.7739e-13      1.66e-13    7.97e-01
   5        -7.6385e-13   9.34e-13          -1.9527e-13      1.63e-13    7.83e-01
   5        -2.0628e-12   9.34e-13          -2.5051e-13      1.61e-13    8.83e-01
   5        -6.1122e-14   9.31e-13          -2.4503e-13      1.58e-13    8.56e-01
   5        3.0341e-14   9.22e-13          -2.3715e-13      1.56e-13    8.33e-01
   5        -4.1847e-13   9.37e-13          -2.4204e-13      1.54e-13    8.10e-01
   5        -6.9598e-13   9.30e-13          -2.5413e-13      1.52e-13    7.93e-01
   5        7.8008e-13   9.39e-13          -2.2776e-13      1.50e-13    8.04e-01
   5        1.1071e-12   9.36e-13          -1.9440e-13      1.48e-13    8.36e-01
   5        -6.3100e-14   9.42e-13          -1.9124e-13      1.46e-13    8.14e-01
   5        1.7728e-12   9.48e-13          -1.4560e-13      1.44e-13    9.01e-01
   5        9.2205e-13   9.42e-13          -1.2108e-13      1.43e-13    9.10e-01
   5        9.2934e-14   9.52e-13          -1.1637e-13      1.41e-13    8.89e-01
   5        1.8585e-13   9.60e-13          -1.0996e-13      1.40e-13    8.70e-01
   5        1.3670e-12   9.52e-13          -7.8843e-14      1.38e-13    9.05e-01
   5        1.0898e-12   9.59e-13          -5.5044e-14      1.37e-13    9.17e-01
   5        9.4585e-13   9.48e-13          -3.4610e-14      1.35e-13    9.21e-01
   5        -2.9551e-12   9.59e-13          -9.1729e-14      1.34e-13    1.10e+00
   5        -6.2017e-13   9.62e-13          -1.0181e-13      1.33e-13    1.08e+00
   5        9.3174e-13   9.66e-13          -8.2638e-14      1.32e-13    1.08e+00
   5        6.9965e-13   9.67e-13          -6.8422e-14      1.30e-13    1.07e+00
   5        6.9144e-13   9.75e-13          -5.5062e-14      1.29e-13    1.06e+00
   5        -9.4060e-13   9.90e-13          -6.9905e-14      1.28e-13    1.06e+00
   5        5.5160e-13   9.80e-13          -5.9457e-14      1.27e-13    1.05e+00
   5        -6.3399e-13   9.87e-13          -6.8818e-14      1.26e-13    1.03e+00
   5        1.1143e-12   1.00e-12          -5.0404e-14      1.25e-13    1.04e+00
aNNLO+NNLL = (3.6722735e-11 +- 1.2645072e-13) pb

Results:
LO = (3.1751733e-11 +- 1.1343209e-14) pb
NLO = (3.6773139e-11 +- 1.8892090e-14) pb
aNNLO+NNLL = (3.6722735e-11 +- 1.2645072e-13) pb
Thanks for using LHAPDF 6.2.3. Please make sure to cite the paper:
  Eur.Phys.J. C75 (2015) 3, 132  (http://arxiv.org/abs/1412.7420)
 ====================================================
   FF 2.0, a package to evaluate one-loop integrals
 written by G. J. van Oldenborgh, NIKHEF-H, Amsterdam
 ====================================================
 for the algorithms used see preprint NIKHEF-H 89/17,
 'New Algorithms for One-loop Integrals', by G.J. van
 Oldenborgh and J.A.M. Vermaseren, published in 
 Zeitschrift fuer Physik C46(1990)425.
 ====================================================
 
total number of errors and warnings
===================================
fferr: no errors
 
