
  Welcome to Resummino git-latest
  Copyright 2008-2010 Jonathan Debove.
  Copyright 2011-2014 David R. Lamprea.
  Copyright 2011-2016 Marcel Rothering.

  Licensed under the EUPL 1.1 or later.
  See http://www.resummino.org/ for more information.

  If using Resummino for slepton pair production, please cite.
  - G. Bozzi, B. Fuks, M. Klasen, PRD 74, 015001 (2006); NPB 777, 157 (2007); NPB 794, 46 (2007).
  - B. Fuks, M. Klasen, D. R. Lamprea, M. Rothering, EPJC 73, 2480 (2013).

  For gaugino pair production, please cite:
  - J. Debove, B. Fuks, M. Klasen, PLB 688, 208 (2010); NPB 842, 51 (2011); NPB 849, 64 (2011).
  - B. Fuks, M. Klasen, D. R. Lamprea, M. Rothering, JHEP 1210, 081 (2012); EPJC 73, 2480 (2013).

  For associated gaugino gluino production, please cite:
  - B. Fuks, M. Klasen, M. Rothering, JHEP 07:053, (2016).
  - B. Fuks, M. Klasen, D. R. Lamprea, M. Rothering, EPJC 73, 2480 (2013).

LHAPDF 6.2.3 loading /pool/condor/dir_5699/resummino-releases/lhapdf-prefix/share/LHAPDF/PDF4LHC21_40/PDF4LHC21_40_0000.dat
PDF4LHC21_40 PDF set, member #0, version 1
 alpha_s(M_Z^2) = 0.1180 	 for LO PDF set 
 alpha_s(200.000^2) = 0.1055 	 for LO PDF set 

********************
* LO cross section *
********************
The limits of integration are:

xl[0]=0.000000    xu[0]=1.000000
xl[1]=0.000000    xu[1]=1.000000
xl[2]=0.000000    xu[2]=1.000000

num_dim=3, calls=2000, it_num=1, max_it_num=5 verb=0, alph=1.50,
mode=0, bins=50, boxes=1

       single.......iteration                   accumulated......results   
iteration     integral    sigma             integral         sigma     chi-sq/it

   1        2.1581e-11   7.08e-13          2.1581e-11      7.08e-13    0.00e+00
   2        2.1893e-11   2.33e-13          2.1862e-11      2.21e-13    1.74e-01
   3        2.2270e-11   1.35e-13          2.2160e-11      1.15e-13    1.32e+00
   4        2.1940e-11   1.24e-13          2.2058e-11      8.44e-14    1.44e+00
   5        2.1920e-11   1.30e-13          2.2017e-11      7.07e-14    1.28e+00

num_dim=3, calls=20000, it_num=1, max_it_num=5 verb=0, alph=1.50,
mode=0, bins=50, boxes=1

       single.......iteration                   accumulated......results   
iteration     integral    sigma             integral         sigma     chi-sq/it

   1        2.2039e-11   3.95e-14          2.2039e-11      3.95e-14    0.00e+00
   2        2.2049e-11   3.90e-14          2.2044e-11      2.77e-14    3.18e-02
   3        2.2131e-11   3.84e-14          2.2074e-11      2.25e-14    1.72e+00
   4        2.2100e-11   4.02e-14          2.2080e-11      1.96e-14    1.25e+00
   5        2.2008e-11   4.02e-14          2.2066e-11      1.76e-14    1.59e+00
   5        2.2048e-11   4.03e-14          2.2063e-11      1.62e-14    1.31e+00
   5        2.2078e-11   4.08e-14          2.2065e-11      1.50e-14    1.11e+00
   5        2.2026e-11   4.11e-14          2.2061e-11      1.41e-14    1.06e+00
   5        2.2012e-11   4.22e-14          2.2056e-11      1.34e-14    1.08e+00
   5        2.1972e-11   4.33e-14          2.2048e-11      1.28e-14    1.34e+00
   5        2.2039e-11   4.51e-14          2.2048e-11      1.23e-14    1.21e+00
   5        2.2034e-11   4.53e-14          2.2047e-11      1.19e-14    1.11e+00
   5        2.2092e-11   4.75e-14          2.2049e-11      1.15e-14    1.09e+00
   5        2.2039e-11   4.95e-14          2.2049e-11      1.12e-14    1.01e+00
   5        2.2052e-11   5.26e-14          2.2049e-11      1.10e-14    9.38e-01
   5        2.2010e-11   5.38e-14          2.2047e-11      1.07e-14    9.10e-01
   5        2.2026e-11   5.45e-14          2.2047e-11      1.05e-14    8.62e-01
   5        2.2095e-11   5.61e-14          2.2048e-11      1.04e-14    8.55e-01
   5        2.2133e-11   5.91e-14          2.2051e-11      1.02e-14    9.19e-01
   5        2.2148e-11   5.92e-14          2.2054e-11      1.01e-14    1.01e+00
   5        2.2002e-11   6.01e-14          2.2052e-11      9.92e-15    9.93e-01
LO = (2.2052150e-11 +- 9.9210675e-15) pb
LHAPDF 6.2.3 loading /pool/condor/dir_5699/resummino-releases/lhapdf-prefix/share/LHAPDF/PDF4LHC21_40/PDF4LHC21_40_0007.dat
PDF4LHC21_40 PDF set, member #7, version 1
 alpha_s(M_Z^2) = 0.1180 	 for NLO PDF set 
 alpha_s(200.000^2) = 0.1055 	 for NLO PDF set 

********************
* LO cross section *
********************
The limits of integration are:

xl[0]=0.000000    xu[0]=1.000000
xl[1]=0.000000    xu[1]=1.000000
xl[2]=0.000000    xu[2]=1.000000

num_dim=3, calls=2000, it_num=1, max_it_num=5 verb=0, alph=1.50,
mode=0, bins=50, boxes=1

       single.......iteration                   accumulated......results   
iteration     integral    sigma             integral         sigma     chi-sq/it

   1        2.1376e-11   7.05e-13          2.1376e-11      7.05e-13    0.00e+00
   2        2.1688e-11   2.34e-13          2.1657e-11      2.22e-13    1.77e-01
   3        2.2057e-11   1.37e-13          2.1946e-11      1.17e-13    1.26e+00
   4        2.1696e-11   1.29e-13          2.1834e-11      8.67e-14    1.53e+00
   5        2.1710e-11   1.33e-13          2.1797e-11      7.26e-14    1.30e+00

num_dim=3, calls=20000, it_num=1, max_it_num=5 verb=0, alph=1.50,
mode=0, bins=50, boxes=1

       single.......iteration                   accumulated......results   
iteration     integral    sigma             integral         sigma     chi-sq/it

   1        2.1829e-11   4.03e-14          2.1829e-11      4.03e-14    0.00e+00
   2        2.1842e-11   3.99e-14          2.1836e-11      2.84e-14    4.97e-02
   3        2.1919e-11   3.92e-14          2.1864e-11      2.30e-14    1.51e+00
   4        2.1883e-11   4.11e-14          2.1869e-11      2.01e-14    1.06e+00
   5        2.1795e-11   4.12e-14          2.1854e-11      1.80e-14    1.43e+00
   5        2.1833e-11   4.12e-14          2.1851e-11      1.65e-14    1.19e+00
   5        2.1868e-11   4.16e-14          2.1853e-11      1.54e-14    1.02e+00
   5        2.1808e-11   4.21e-14          2.1848e-11      1.44e-14    1.02e+00
   5        2.1800e-11   4.30e-14          2.1843e-11      1.37e-14    1.03e+00
   5        2.1748e-11   4.42e-14          2.1835e-11      1.31e-14    1.38e+00
   5        2.1826e-11   4.57e-14          2.1834e-11      1.26e-14    1.25e+00
   5        2.1829e-11   4.58e-14          2.1834e-11      1.21e-14    1.14e+00
   5        2.1879e-11   4.81e-14          2.1837e-11      1.17e-14    1.11e+00
   5        2.1832e-11   5.02e-14          2.1836e-11      1.14e-14    1.02e+00
   5        2.1844e-11   5.29e-14          2.1837e-11      1.12e-14    9.53e-01
   5        2.1798e-11   5.43e-14          2.1835e-11      1.10e-14    9.23e-01
   5        2.1818e-11   5.50e-14          2.1834e-11      1.07e-14    8.71e-01
   5        2.1880e-11   5.66e-14          2.1836e-11      1.06e-14    8.56e-01
   5        2.1923e-11   5.96e-14          2.1839e-11      1.04e-14    9.23e-01
   5        2.1939e-11   5.96e-14          2.1842e-11      1.02e-14    1.02e+00
   5        2.1786e-11   6.05e-14          2.1840e-11      1.01e-14    1.01e+00
   5        2.1863e-11   6.31e-14          2.1841e-11      9.97e-15    9.68e-01
   5        2.1880e-11   6.48e-14          2.1842e-11      9.85e-15    9.41e-01
   5        2.1790e-11   6.51e-14          2.1840e-11      9.74e-15    9.27e-01
   5        2.1950e-11   6.68e-14          2.1843e-11      9.64e-15    9.99e-01
   5        2.1804e-11   6.55e-14          2.1842e-11      9.54e-15    9.72e-01
   5        2.1975e-11   6.64e-14          2.1845e-11      9.44e-15    1.09e+00
   5        2.1881e-11   6.52e-14          2.1845e-11      9.34e-15    1.06e+00
   5        2.1835e-11   6.73e-14          2.1845e-11      9.25e-15    1.02e+00
   5        2.1915e-11   7.13e-14          2.1846e-11      9.18e-15    1.02e+00
   5        2.1783e-11   6.80e-14          2.1845e-11      9.09e-15    1.01e+00
   5        2.1863e-11   6.87e-14          2.1845e-11      9.01e-15    9.82e-01
   5        2.1965e-11   6.94e-14          2.1847e-11      8.94e-15    1.04e+00
   5        2.1767e-11   7.22e-14          2.1846e-11      8.87e-15    1.05e+00
   5        2.1745e-11   7.40e-14          2.1845e-11      8.81e-15    1.07e+00
   5        2.1915e-11   7.42e-14          2.1846e-11      8.75e-15    1.07e+00
   5        2.1695e-11   7.37e-14          2.1844e-11      8.69e-15    1.15e+00
   5        2.1801e-11   7.75e-14          2.1843e-11      8.63e-15    1.13e+00
   5        2.1902e-11   7.29e-14          2.1844e-11      8.57e-15    1.11e+00
   5        2.1861e-11   7.25e-14          2.1844e-11      8.51e-15    1.09e+00
   5        2.1905e-11   7.40e-14          2.1845e-11      8.46e-15    1.08e+00
   5        2.1870e-11   7.59e-14          2.1845e-11      8.41e-15    1.05e+00
   5        2.1939e-11   7.80e-14          2.1846e-11      8.36e-15    1.06e+00
   5        2.1877e-11   7.76e-14          2.1847e-11      8.31e-15    1.04e+00
   5        2.1765e-11   7.92e-14          2.1846e-11      8.26e-15    1.04e+00
   5        2.1839e-11   8.24e-14          2.1846e-11      8.22e-15    1.02e+00
   5        2.1897e-11   8.11e-14          2.1846e-11      8.18e-15    1.00e+00
   5        2.1573e-11   7.78e-14          2.1843e-11      8.14e-15    1.24e+00
   5        2.1992e-11   7.88e-14          2.1845e-11      8.09e-15    1.29e+00
   5        2.1968e-11   7.91e-14          2.1846e-11      8.05e-15    1.31e+00
   5        2.1843e-11   7.74e-14          2.1846e-11      8.01e-15    1.29e+00
   5        2.1723e-11   7.78e-14          2.1845e-11      7.96e-15    1.31e+00
   5        2.1892e-11   8.06e-14          2.1845e-11      7.93e-15    1.29e+00
   5        2.1767e-11   8.25e-14          2.1845e-11      7.89e-15    1.28e+00
   5        2.2013e-11   8.02e-14          2.1846e-11      7.85e-15    1.34e+00
LO = (2.1846160e-11 +- 7.8519927e-15) pb

*******************************************
* virtual corrections + integrated dipole *
*******************************************
The limits of integration are:

xl[0]=0.000000    xu[0]=1.000000
xl[1]=0.000000    xu[1]=1.000000
xl[2]=0.000000    xu[2]=1.000000

num_dim=3, calls=240, it_num=1, max_it_num=5 verb=0, alph=1.50,
mode=0, bins=50, boxes=1

       single.......iteration                   accumulated......results   
iteration     integral    sigma             integral         sigma     chi-sq/it

   1        3.2358e-12   3.28e-13          3.2358e-12      3.28e-13    0.00e+00
   2        3.1019e-12   1.21e-13          3.1181e-12      1.14e-13    1.47e-01
   3        3.4038e-12   8.88e-14          3.2957e-12      7.00e-14    2.03e+00
   4        3.4313e-12   7.43e-14          3.3595e-12      5.09e-14    1.94e+00
   5        3.5870e-12   8.25e-14          3.4222e-12      4.34e-14    2.83e+00

num_dim=3, calls=1200, it_num=1, max_it_num=3 verb=0, alph=1.50,
mode=0, bins=50, boxes=1

       single.......iteration                   accumulated......results   
iteration     integral    sigma             integral         sigma     chi-sq/it

   1        3.3520e-12   3.48e-14          3.3520e-12      3.48e-14    0.00e+00
   2        3.4378e-12   3.04e-14          3.4007e-12      2.29e-14    3.45e+00
   3        3.4090e-12   2.77e-14          3.4040e-12      1.76e-14    1.75e+00
   3        3.4917e-12   2.87e-14          3.4281e-12      1.50e-14    3.43e+00
   3        3.3835e-12   2.80e-14          3.4181e-12      1.32e-14    3.07e+00
   3        3.4208e-12   2.82e-14          3.4186e-12      1.20e-14    2.45e+00
   3        3.3931e-12   2.91e-14          3.4149e-12      1.11e-14    2.16e+00
   3        3.4479e-12   2.74e-14          3.4196e-12      1.03e-14    2.03e+00
   3        3.4232e-12   2.68e-14          3.4200e-12      9.59e-15    1.77e+00
   3        3.4257e-12   2.76e-14          3.4206e-12      9.06e-15    1.58e+00
   3        3.3952e-12   2.79e-14          3.4182e-12      8.61e-15    1.50e+00
   3        3.4209e-12   2.88e-14          3.4184e-12      8.25e-15    1.36e+00
   3        3.4462e-12   2.71e-14          3.4208e-12      7.89e-15    1.33e+00
   3        3.4312e-12   2.82e-14          3.4215e-12      7.60e-15    1.24e+00
   3        3.4413e-12   2.92e-14          3.4228e-12      7.36e-15    1.18e+00
   3        3.3838e-12   2.83e-14          3.4203e-12      7.12e-15    1.22e+00
vNLO = (3.4203167e-12 +- 7.1196070e-15) pb

*****************************
* collinear remainder (P+K) *
*****************************
The limits of integration are:

xl[0]=0.000000    xu[0]=1.000000
xl[1]=0.000000    xu[1]=1.000000
xl[2]=0.000000    xu[2]=1.000000
xl[3]=0.000000    xu[3]=1.000000

num_dim=4, calls=2500, it_num=1, max_it_num=5 verb=0, alph=1.50,
mode=0, bins=50, boxes=1

       single.......iteration                   accumulated......results   
iteration     integral    sigma             integral         sigma     chi-sq/it

   1        5.7095e-13   2.25e-13          5.7095e-13      2.25e-13    0.00e+00
   2        3.3352e-13   1.14e-13          3.8192e-13      1.02e-13    8.87e-01
   3        3.0367e-13   9.55e-14          3.4038e-13      6.96e-14    6.01e-01
   4        2.2483e-13   9.30e-14          2.9892e-13      5.57e-14    7.31e-01
   5        1.6801e-13   9.40e-14          2.6488e-13      4.79e-14    9.07e-01

num_dim=4, calls=25000, it_num=1, max_it_num=3 verb=0, alph=1.50,
mode=0, bins=50, boxes=1

       single.......iteration                   accumulated......results   
iteration     integral    sigma             integral         sigma     chi-sq/it

   1        2.0826e-13   2.97e-14          2.0826e-13      2.97e-14    0.00e+00
   2        1.9060e-13   2.97e-14          1.9945e-13      2.10e-14    1.77e-01
   3        2.1808e-13   2.95e-14          2.0571e-13      1.71e-14    2.21e-01
   3        2.0496e-13   2.96e-14          2.0552e-13      1.48e-14    1.47e-01
   3        2.3405e-13   2.97e-14          2.1119e-13      1.33e-14    2.95e-01
   3        2.2262e-13   2.96e-14          2.1310e-13      1.21e-14    2.61e-01
   3        2.3112e-13   2.96e-14          2.1568e-13      1.12e-14    2.70e-01
   3        1.7262e-13   2.97e-14          2.1031e-13      1.05e-14    4.95e-01
   3        1.7043e-13   2.97e-14          2.0589e-13      9.88e-15    6.33e-01
   3        2.1174e-13   2.97e-14          2.0647e-13      9.38e-15    5.67e-01
   3        1.9999e-13   2.97e-14          2.0589e-13      8.94e-15    5.14e-01
   3        2.3022e-13   2.98e-14          2.0790e-13      8.57e-15    5.23e-01
   3        2.2145e-13   2.98e-14          2.0894e-13      8.23e-15    4.96e-01
   3        1.8457e-13   2.99e-14          2.0722e-13      7.94e-15    5.05e-01
   3        1.8843e-13   2.99e-14          2.0599e-13      7.67e-15    4.95e-01
   3        1.7512e-13   3.02e-14          2.0412e-13      7.44e-15    5.28e-01
   3        2.0672e-13   3.02e-14          2.0426e-13      7.22e-15    4.95e-01
   3        1.7219e-13   3.03e-14          2.0255e-13      7.02e-15    5.28e-01
P+K = (2.0254553e-13 +- 7.0243816e-15) pb

********************************
* real gluon emission - dipole *
********************************
The limits of integration are:

xl[0]=0.000000    xu[0]=1.000000
xl[1]=0.000000    xu[1]=1.000000
xl[2]=0.000000    xu[2]=1.000000
xl[3]=0.000000    xu[3]=1.000000
xl[4]=0.000000    xu[4]=1.000000
xl[5]=0.000000    xu[5]=1.000000

num_dim=6, calls=250, it_num=1, max_it_num=5 verb=0, alph=1.50,
mode=0, bins=50, boxes=1

       single.......iteration                   accumulated......results   
iteration     integral    sigma             integral         sigma     chi-sq/it

   1        -1.2645e-13   3.07e-14          -1.2645e-13      3.07e-14    0.00e+00
   2        -1.5617e-13   4.11e-14          -1.3709e-13      2.46e-14    3.35e-01
   3        -1.1219e-13   1.64e-14          -1.1982e-13      1.36e-14    5.22e-01
   4        -1.1116e-13   1.23e-14          -1.1505e-13      9.13e-15    4.22e-01
   5        -1.2924e-13   1.08e-14          -1.2096e-13      6.97e-15    5.68e-01

num_dim=6, calls=2500, it_num=1, max_it_num=3 verb=0, alph=1.50,
mode=0, bins=50, boxes=1

       single.......iteration                   accumulated......results   
iteration     integral    sigma             integral         sigma     chi-sq/it

   1        -1.2242e-13   3.38e-15          -1.2242e-13      3.38e-15    0.00e+00
   2        -1.1835e-13   2.14e-15          -1.1952e-13      1.81e-15    1.04e+00
   3        -1.2226e-13   1.92e-15          -1.2080e-13      1.32e-15    1.06e+00
rNLOg = (-1.2080376e-13 +- 1.3161057e-15) pb

**************************************************
* real light quark emission - dipole - (onshell) *
**************************************************
The limits of integration are:

xl[0]=0.000000    xu[0]=1.000000
xl[1]=0.000000    xu[1]=1.000000
xl[2]=0.000000    xu[2]=1.000000
xl[3]=0.000000    xu[3]=1.000000
xl[4]=0.000000    xu[4]=1.000000
xl[5]=0.000000    xu[5]=1.000000

num_dim=6, calls=5000, it_num=1, max_it_num=5 verb=0, alph=1.50,
mode=0, bins=50, boxes=1

       single.......iteration                   accumulated......results   
iteration     integral    sigma             integral         sigma     chi-sq/it

   1        3.0890e-13   2.20e-14          3.0890e-13      2.20e-14    0.00e+00
   2        3.1974e-13   7.36e-15          3.1865e-13      6.98e-15    2.18e-01
   3        3.0868e-13   4.05e-15          3.1120e-13      3.51e-15    8.73e-01
   4        3.0312e-13   3.35e-15          3.0697e-13      2.42e-15    1.51e+00
   5        3.0527e-13   3.06e-15          3.0632e-13      1.90e-15    1.18e+00

num_dim=6, calls=50000, it_num=1, max_it_num=5 verb=0, alph=1.50,
mode=0, bins=50, boxes=1

       single.......iteration                   accumulated......results   
iteration     integral    sigma             integral         sigma     chi-sq/it

   1        3.0565e-13   9.62e-16          3.0565e-13      9.62e-16    0.00e+00
   2        3.0725e-13   9.86e-16          3.0643e-13      6.88e-16    1.35e+00
   3        3.0899e-13   1.10e-15          3.0715e-13      5.84e-16    2.62e+00
   4        3.0716e-13   1.05e-15          3.0715e-13      5.10e-16    1.74e+00
   5        3.0728e-13   1.06e-15          3.0718e-13      4.60e-16    1.31e+00
rNLOq = (3.0717701e-13 +- 4.5951764e-16) pb
NLO = (2.5655395e-11 +- 1.2791709e-14) pb
#chisq/dof = 1.56994e-07
#status = success
#chisq/dof = 1.16899e-08
#status = success
#chisq/dof = 4.39242e-09
#status = success
#chisq/dof = 7.01843e-09
#status = success
#chisq/dof = 2.24143e-09
#status = success
#chisq/dof = 1.45818e-10
#status = success
#chisq/dof = 2.89739e-09
#status = success
#chisq/dof = 3.58636e-10
#status = success

*******************************************************
* threshold resummation (unimproved nnll) - expansion *
*******************************************************
The limits of integration are:

xl[0]=0.000000    xu[0]=1.000000
xl[1]=0.000000    xu[1]=1.000000
xl[2]=0.000000    xu[2]=1.000000

num_dim=3, calls=7000, it_num=1, max_it_num=5 verb=0, alph=1.50,
mode=0, bins=50, boxes=1

       single.......iteration                   accumulated......results   
iteration     integral    sigma             integral         sigma     chi-sq/it

   1        6.3321e-12   4.25e-12          6.3321e-12      4.25e-12    0.00e+00
   2        -1.0925e-12   1.03e-12          -6.8398e-13      9.97e-13    2.89e+00
   3        1.2742e-12   8.60e-13          4.3888e-13      6.51e-13    2.55e+00
   4        -1.4015e-12   8.45e-13          -2.4659e-13      5.16e-13    2.69e+00
   5        -5.7657e-13   8.56e-13          -3.3449e-13      4.42e-13    2.05e+00

num_dim=3, calls=35000, it_num=1, max_it_num=5 verb=0, alph=1.50,
mode=0, bins=50, boxes=1

       single.......iteration                   accumulated......results   
iteration     integral    sigma             integral         sigma     chi-sq/it

   1        -1.5966e-13   3.82e-13          -1.5966e-13      3.82e-13    0.00e+00
   2        -8.6973e-13   3.79e-13          -5.1738e-13      2.69e-13    1.74e+00
   3        -9.7672e-13   3.82e-13          -6.6977e-13      2.20e-13    1.35e+00
   4        -8.6603e-13   3.82e-13          -7.1867e-13      1.91e-13    9.68e-01
   5        2.4548e-13   3.80e-13          -5.2481e-13      1.70e-13    2.01e+00
   5        -1.6264e-13   3.81e-13          -4.6455e-13      1.56e-13    1.76e+00
   5        -4.2374e-13   3.83e-13          -4.5877e-13      1.44e-13    1.47e+00
   5        -9.2178e-14   3.79e-13          -4.1245e-13      1.35e-13    1.37e+00
   5        -1.7991e-14   3.81e-13          -3.6863e-13      1.27e-13    1.32e+00
   5        2.2065e-14   3.83e-13          -3.2986e-13      1.21e-13    1.28e+00
   5        -1.8740e-13   3.80e-13          -3.1683e-13      1.15e-13    1.16e+00
   5        -2.4649e-13   3.82e-13          -3.1098e-13      1.10e-13    1.06e+00
   5        -4.6321e-13   3.83e-13          -3.2256e-13      1.06e-13    9.85e-01
   5        -4.2046e-13   3.83e-13          -3.2950e-13      1.02e-13    9.14e-01
   5        -2.5042e-13   3.85e-13          -3.2431e-13      9.86e-14    8.51e-01
   5        -6.8359e-13   3.83e-13          -3.4667e-13      9.54e-14    8.50e-01
   5        3.6607e-14   3.83e-13          -3.2430e-13      9.26e-14    8.55e-01
   5        3.3350e-13   3.84e-13          -2.8808e-13      9.00e-14    9.69e-01
   5        -9.5892e-13   3.82e-13          -3.2343e-13      8.76e-14    1.08e+00
   5        -6.1467e-13   3.85e-13          -3.3775e-13      8.54e-14    1.05e+00
   5        -1.9869e-13   3.87e-13          -3.3128e-13      8.34e-14    1.00e+00
   5        8.5448e-15   3.86e-13          -3.1612e-13      8.16e-14    9.90e-01
   5        -5.0337e-14   3.87e-13          -3.0481e-13      7.98e-14    9.66e-01
   5        -1.5909e-13   3.89e-13          -2.9891e-13      7.82e-14    9.30e-01
   5        -8.8216e-14   3.88e-13          -2.9071e-13      7.66e-14    9.03e-01
   5        -6.2735e-13   3.91e-13          -3.0315e-13      7.52e-14    8.95e-01
   5        -3.7722e-13   3.88e-13          -3.0583e-13      7.38e-14    8.62e-01
   5        -5.4686e-13   3.91e-13          -3.1413e-13      7.25e-14    8.44e-01
   5        -2.4687e-13   3.91e-13          -3.1189e-13      7.13e-14    8.15e-01
   5        2.0285e-13   3.91e-13          -2.9528e-13      7.02e-14    8.44e-01
   5        -3.7254e-13   3.93e-13          -2.9767e-13      6.91e-14    8.18e-01
   5        -9.5655e-13   3.94e-13          -3.1731e-13      6.80e-14    8.79e-01
   5        -3.2340e-13   3.93e-13          -3.1749e-13      6.70e-14    8.51e-01
   5        -1.4721e-13   3.93e-13          -3.1268e-13      6.61e-14    8.31e-01
   5        -4.5504e-13   3.95e-13          -3.1656e-13      6.52e-14    8.10e-01
   5        -5.7368e-13   3.92e-13          -3.2346e-13      6.43e-14    7.99e-01
   5        8.8289e-14   3.95e-13          -3.1285e-13      6.35e-14    8.06e-01
   5        -1.9705e-13   3.96e-13          -3.0995e-13      6.27e-14    7.87e-01
   5        -3.3563e-13   3.95e-13          -3.1058e-13      6.19e-14    7.66e-01
   5        3.5624e-13   4.00e-13          -2.9495e-13      6.12e-14    8.16e-01
   5        -2.8964e-14   4.03e-13          -2.8897e-13      6.05e-14    8.06e-01
   5        5.1266e-13   4.02e-13          -2.7123e-13      5.98e-14    8.82e-01
   5        -8.3747e-14   4.00e-13          -2.6712e-13      5.91e-14    8.66e-01
   5        8.5368e-13   4.01e-13          -2.4329e-13      5.85e-14    1.02e+00
   5        3.2738e-13   4.05e-13          -2.3165e-13      5.79e-14    1.04e+00
   5        3.3079e-13   4.01e-13          -2.2016e-13      5.73e-14    1.06e+00
   5        -8.6953e-13   4.04e-13          -2.3298e-13      5.67e-14    1.10e+00
   5        -2.2550e-13   4.05e-13          -2.3283e-13      5.62e-14    1.07e+00
   5        -8.3134e-14   4.06e-13          -2.3002e-13      5.57e-14    1.05e+00
   5        3.5307e-13   4.04e-13          -2.1913e-13      5.51e-14    1.07e+00
   5        3.8426e-14   4.06e-13          -2.1446e-13      5.46e-14    1.06e+00
   5        -1.3351e-13   4.08e-13          -2.1304e-13      5.42e-14    1.04e+00
   5        -1.0127e-13   4.10e-13          -2.1112e-13      5.37e-14    1.02e+00
   5        8.8860e-14   4.07e-13          -2.0598e-13      5.32e-14    1.01e+00
   5        -9.1224e-14   4.10e-13          -2.0408e-13      5.28e-14    9.95e-01
aNNLO+NNLL = (2.5451318e-11 +- 5.4311260e-14) pb

Results:
LO = (2.2052150e-11 +- 9.9210675e-15) pb
NLO = (2.5655395e-11 +- 1.2791709e-14) pb
aNNLO+NNLL = (2.5451318e-11 +- 5.4311260e-14) pb
Thanks for using LHAPDF 6.2.3. Please make sure to cite the paper:
  Eur.Phys.J. C75 (2015) 3, 132  (http://arxiv.org/abs/1412.7420)
 ====================================================
   FF 2.0, a package to evaluate one-loop integrals
 written by G. J. van Oldenborgh, NIKHEF-H, Amsterdam
 ====================================================
 for the algorithms used see preprint NIKHEF-H 89/17,
 'New Algorithms for One-loop Integrals', by G.J. van
 Oldenborgh and J.A.M. Vermaseren, published in 
 Zeitschrift fuer Physik C46(1990)425.
 ====================================================
 
total number of errors and warnings
===================================
fferr: no errors
 
