
  Welcome to Resummino git-latest
  Copyright 2008-2010 Jonathan Debove.
  Copyright 2011-2014 David R. Lamprea.
  Copyright 2011-2016 Marcel Rothering.

  Licensed under the EUPL 1.1 or later.
  See http://www.resummino.org/ for more information.

  If using Resummino for slepton pair production, please cite.
  - G. Bozzi, B. Fuks, M. Klasen, PRD 74, 015001 (2006); NPB 777, 157 (2007); NPB 794, 46 (2007).
  - B. Fuks, M. Klasen, D. R. Lamprea, M. Rothering, EPJC 73, 2480 (2013).

  For gaugino pair production, please cite:
  - J. Debove, B. Fuks, M. Klasen, PLB 688, 208 (2010); NPB 842, 51 (2011); NPB 849, 64 (2011).
  - B. Fuks, M. Klasen, D. R. Lamprea, M. Rothering, JHEP 1210, 081 (2012); EPJC 73, 2480 (2013).

  For associated gaugino gluino production, please cite:
  - B. Fuks, M. Klasen, M. Rothering, JHEP 07:053, (2016).
  - B. Fuks, M. Klasen, D. R. Lamprea, M. Rothering, EPJC 73, 2480 (2013).

LHAPDF 6.2.3 loading /pool/condor/dir_39337/resummino-releases/lhapdf-prefix/share/LHAPDF/PDF4LHC21_40/PDF4LHC21_40_0000.dat
PDF4LHC21_40 PDF set, member #0, version 1
 alpha_s(M_Z^2) = 0.1180 	 for LO PDF set 
 alpha_s(1700.000^2) = 0.0820 	 for LO PDF set 

********************
* LO cross section *
********************
The limits of integration are:

xl[0]=0.000000    xu[0]=1.000000
xl[1]=0.000000    xu[1]=1.000000
xl[2]=0.000000    xu[2]=1.000000

num_dim=3, calls=2000, it_num=1, max_it_num=5 verb=0, alph=1.50,
mode=0, bins=50, boxes=1

       single.......iteration                   accumulated......results   
iteration     integral    sigma             integral         sigma     chi-sq/it

   1        1.5681e-13   4.67e-15          1.5681e-13      4.67e-15    0.00e+00
   2        1.6511e-13   1.69e-15          1.6415e-13      1.59e-15    2.79e+00
   3        1.6734e-13   9.27e-16          1.6653e-13      8.01e-16    2.90e+00
   4        1.6529e-13   8.77e-16          1.6596e-13      5.91e-16    2.30e+00
   5        1.6493e-13   9.09e-16          1.6566e-13      4.96e-16    1.95e+00

num_dim=3, calls=20000, it_num=1, max_it_num=5 verb=0, alph=1.50,
mode=0, bins=50, boxes=1

       single.......iteration                   accumulated......results   
iteration     integral    sigma             integral         sigma     chi-sq/it

   1        1.6590e-13   2.78e-16          1.6590e-13      2.78e-16    0.00e+00
   2        1.6585e-13   2.70e-16          1.6588e-13      1.94e-16    1.74e-02
   3        1.6627e-13   2.68e-16          1.6601e-13      1.57e-16    7.23e-01
   4        1.6624e-13   2.84e-16          1.6607e-13      1.37e-16    6.44e-01
   5        1.6557e-13   2.84e-16          1.6597e-13      1.24e-16    1.10e+00
LO = (1.6597135e-13 +- 1.2366725e-16) pb
LHAPDF 6.2.3 loading /pool/condor/dir_39337/resummino-releases/lhapdf-prefix/share/LHAPDF/PDF4LHC21_40/PDF4LHC21_40_0031.dat
PDF4LHC21_40 PDF set, member #31, version 1
 alpha_s(M_Z^2) = 0.1180 	 for NLO PDF set 
 alpha_s(1700.000^2) = 0.0820 	 for NLO PDF set 

********************
* LO cross section *
********************
The limits of integration are:

xl[0]=0.000000    xu[0]=1.000000
xl[1]=0.000000    xu[1]=1.000000
xl[2]=0.000000    xu[2]=1.000000

num_dim=3, calls=2000, it_num=1, max_it_num=5 verb=0, alph=1.50,
mode=0, bins=50, boxes=1

       single.......iteration                   accumulated......results   
iteration     integral    sigma             integral         sigma     chi-sq/it

   1        1.1650e-13   4.50e-15          1.1650e-13      4.50e-15    0.00e+00
   2        1.2265e-13   2.34e-15          1.2134e-13      2.08e-15    1.47e+00
   3        1.2599e-13   1.90e-15          1.2387e-13      1.40e-15    2.10e+00
   4        1.2676e-13   1.80e-15          1.2497e-13      1.10e-15    1.94e+00
   5        1.2592e-13   1.82e-15          1.2522e-13      9.45e-16    1.50e+00

num_dim=3, calls=20000, it_num=1, max_it_num=5 verb=0, alph=1.50,
mode=0, bins=50, boxes=1

       single.......iteration                   accumulated......results   
iteration     integral    sigma             integral         sigma     chi-sq/it

   1        1.2560e-13   5.83e-16          1.2560e-13      5.83e-16    0.00e+00
   2        1.2577e-13   5.82e-16          1.2569e-13      4.12e-16    4.47e-02
   3        1.2672e-13   5.70e-16          1.2604e-13      3.34e-16    1.10e+00
   4        1.2659e-13   5.74e-16          1.2618e-13      2.89e-16    9.57e-01
   5        1.2626e-13   5.75e-16          1.2619e-13      2.58e-16    7.21e-01
   5        1.2554e-13   5.91e-16          1.2609e-13      2.36e-16    7.84e-01
   5        1.2675e-13   5.74e-16          1.2618e-13      2.19e-16    8.40e-01
   5        1.2526e-13   5.89e-16          1.2607e-13      2.05e-16    1.03e+00
   5        1.2469e-13   6.02e-16          1.2593e-13      1.94e-16    1.49e+00
   5        1.2500e-13   5.97e-16          1.2584e-13      1.84e-16    1.56e+00
   5        1.2640e-13   5.83e-16          1.2589e-13      1.76e-16    1.49e+00
   5        1.2592e-13   5.96e-16          1.2589e-13      1.69e-16    1.36e+00
   5        1.2595e-13   6.04e-16          1.2590e-13      1.62e-16    1.24e+00
   5        1.2503e-13   6.25e-16          1.2584e-13      1.57e-16    1.29e+00
   5        1.2625e-13   6.15e-16          1.2587e-13      1.52e-16    1.23e+00
   5        1.2495e-13   6.37e-16          1.2582e-13      1.48e-16    1.28e+00
   5        1.2590e-13   6.32e-16          1.2582e-13      1.44e-16    1.20e+00
   5        1.2586e-13   6.48e-16          1.2582e-13      1.41e-16    1.13e+00
   5        1.2714e-13   6.24e-16          1.2589e-13      1.37e-16    1.30e+00
   5        1.2660e-13   6.36e-16          1.2592e-13      1.34e-16    1.29e+00
   5        1.2478e-13   6.48e-16          1.2587e-13      1.31e-16    1.38e+00
   5        1.2646e-13   6.46e-16          1.2590e-13      1.29e-16    1.35e+00
   5        1.2611e-13   6.56e-16          1.2590e-13      1.26e-16    1.29e+00
   5        1.2578e-13   6.68e-16          1.2590e-13      1.24e-16    1.24e+00
   5        1.2669e-13   6.63e-16          1.2593e-13      1.22e-16    1.24e+00
   5        1.2616e-13   6.80e-16          1.2593e-13      1.20e-16    1.20e+00
   5        1.2571e-13   7.08e-16          1.2593e-13      1.18e-16    1.16e+00
   5        1.2579e-13   6.77e-16          1.2592e-13      1.17e-16    1.11e+00
   5        1.2560e-13   6.96e-16          1.2591e-13      1.15e-16    1.08e+00
   5        1.2598e-13   6.76e-16          1.2592e-13      1.13e-16    1.04e+00
   5        1.2532e-13   7.00e-16          1.2590e-13      1.12e-16    1.03e+00
   5        1.2587e-13   7.06e-16          1.2590e-13      1.11e-16    1.00e+00
   5        1.2593e-13   7.19e-16          1.2590e-13      1.09e-16    9.69e-01
   5        1.2562e-13   7.16e-16          1.2589e-13      1.08e-16    9.45e-01
   5        1.2516e-13   7.08e-16          1.2588e-13      1.07e-16    9.48e-01
   5        1.2628e-13   7.17e-16          1.2589e-13      1.06e-16    9.29e-01
   5        1.2514e-13   7.12e-16          1.2587e-13      1.05e-16    9.33e-01
   5        1.2479e-13   7.20e-16          1.2585e-13      1.03e-16    9.68e-01
   5        1.2580e-13   7.14e-16          1.2585e-13      1.02e-16    9.43e-01
   5        1.2595e-13   7.23e-16          1.2585e-13      1.01e-16    9.19e-01
   5        1.2568e-13   7.42e-16          1.2585e-13      1.00e-16    8.97e-01
   5        1.2571e-13   7.27e-16          1.2584e-13      9.95e-17    8.76e-01
   5        1.2663e-13   7.23e-16          1.2586e-13      9.86e-17    8.83e-01
   5        1.2532e-13   7.43e-16          1.2585e-13      9.77e-17    8.75e-01
   5        1.2419e-13   7.55e-16          1.2582e-13      9.69e-17    9.62e-01
   5        1.2607e-13   7.26e-16          1.2583e-13      9.60e-17    9.44e-01
   5        1.2547e-13   7.62e-16          1.2582e-13      9.53e-17    9.28e-01
   5        1.2517e-13   7.34e-16          1.2581e-13      9.45e-17    9.24e-01
   5        1.2682e-13   7.41e-16          1.2583e-13      9.37e-17    9.43e-01
   5        1.2664e-13   7.43e-16          1.2584e-13      9.30e-17    9.48e-01
   5        1.2584e-13   7.50e-16          1.2584e-13      9.23e-17    9.29e-01
   5        1.2580e-13   7.38e-16          1.2584e-13      9.16e-17    9.11e-01
   5        1.2599e-13   7.57e-16          1.2584e-13      9.09e-17    8.94e-01
   5        1.2563e-13   7.69e-16          1.2584e-13      9.03e-17    8.79e-01
   5        1.2732e-13   7.51e-16          1.2586e-13      8.96e-17    9.34e-01
LO = (1.2585879e-13 +- 8.9633955e-17) pb

*******************************************
* virtual corrections + integrated dipole *
*******************************************
The limits of integration are:

xl[0]=0.000000    xu[0]=1.000000
xl[1]=0.000000    xu[1]=1.000000
xl[2]=0.000000    xu[2]=1.000000

num_dim=3, calls=240, it_num=1, max_it_num=5 verb=0, alph=1.50,
mode=0, bins=50, boxes=1

       single.......iteration                   accumulated......results   
iteration     integral    sigma             integral         sigma     chi-sq/it

   1        1.2750e-14   1.47e-15          1.2750e-14      1.47e-15    0.00e+00
   2        1.4671e-14   1.00e-15          1.4058e-14      8.29e-16    1.17e+00
   3        1.5874e-14   7.79e-16          1.5021e-14      5.68e-16    1.86e+00
   4        1.5730e-14   8.04e-16          1.5257e-14      4.64e-16    1.41e+00
   5        1.5833e-14   6.65e-16          1.5446e-14      3.80e-16    1.18e+00

num_dim=3, calls=1200, it_num=1, max_it_num=3 verb=0, alph=1.50,
mode=0, bins=50, boxes=1

       single.......iteration                   accumulated......results   
iteration     integral    sigma             integral         sigma     chi-sq/it

   1        1.4498e-14   3.42e-16          1.4498e-14      3.42e-16    0.00e+00
   2        1.5263e-14   3.12e-16          1.4916e-14      2.30e-16    2.74e+00
   3        1.4950e-14   3.25e-16          1.4927e-14      1.88e-16    1.37e+00
   3        1.5647e-14   2.77e-16          1.5154e-14      1.55e-16    2.46e+00
   3        1.5593e-14   2.76e-16          1.5260e-14      1.35e-16    2.32e+00
   3        1.5491e-14   2.95e-16          1.5300e-14      1.23e-16    1.96e+00
   3        1.5171e-14   3.06e-16          1.5282e-14      1.14e-16    1.66e+00
   3        1.5703e-14   2.74e-16          1.5345e-14      1.05e-16    1.71e+00
   3        1.5879e-14   2.65e-16          1.5417e-14      9.79e-17    1.93e+00
   3        1.5358e-14   3.01e-16          1.5412e-14      9.31e-17    1.72e+00
   3        1.5359e-14   3.03e-16          1.5407e-14      8.90e-17    1.55e+00
   3        1.4955e-14   3.27e-16          1.5376e-14      8.59e-17    1.57e+00
   3        1.5672e-14   2.93e-16          1.5399e-14      8.24e-17    1.52e+00
   3        1.5458e-14   2.79e-16          1.5404e-14      7.90e-17    1.41e+00
   3        1.5372e-14   3.09e-16          1.5402e-14      7.66e-17    1.31e+00
   3        1.4752e-14   3.16e-16          1.5366e-14      7.44e-17    1.49e+00
   3        1.5602e-14   2.80e-16          1.5382e-14      7.19e-17    1.44e+00
   3        1.4784e-14   3.41e-16          1.5356e-14      7.04e-17    1.52e+00
   3        1.5695e-14   2.81e-16          1.5376e-14      6.83e-17    1.52e+00
   3        1.5611e-14   2.92e-16          1.5388e-14      6.65e-17    1.47e+00
   3        1.5605e-14   2.83e-16          1.5400e-14      6.47e-17    1.42e+00
   3        1.5344e-14   2.88e-16          1.5397e-14      6.31e-17    1.36e+00
   3        1.4904e-14   3.16e-16          1.5378e-14      6.19e-17    1.40e+00
   3        1.5337e-14   2.95e-16          1.5376e-14      6.06e-17    1.34e+00
   3        1.5496e-14   3.04e-16          1.5381e-14      5.94e-17    1.29e+00
   3        1.4995e-14   3.10e-16          1.5367e-14      5.84e-17    1.30e+00
   3        1.5503e-14   3.02e-16          1.5372e-14      5.73e-17    1.26e+00
   3        1.5726e-14   2.94e-16          1.5385e-14      5.62e-17    1.26e+00
   3        1.5125e-14   3.03e-16          1.5376e-14      5.53e-17    1.24e+00
vNLO = (1.5376323e-14 +- 5.5292179e-17) pb

*****************************
* collinear remainder (P+K) *
*****************************
The limits of integration are:

xl[0]=0.000000    xu[0]=1.000000
xl[1]=0.000000    xu[1]=1.000000
xl[2]=0.000000    xu[2]=1.000000
xl[3]=0.000000    xu[3]=1.000000

num_dim=4, calls=2500, it_num=1, max_it_num=5 verb=0, alph=1.50,
mode=0, bins=50, boxes=1

       single.......iteration                   accumulated......results   
iteration     integral    sigma             integral         sigma     chi-sq/it

   1        2.2413e-14   1.29e-15          2.2413e-14      1.29e-15    0.00e+00
   2        2.3455e-14   5.15e-16          2.3312e-14      4.79e-16    5.63e-01
   3        2.3303e-14   4.13e-16          2.3307e-14      3.13e-16    2.81e-01
   4        2.2919e-14   4.06e-16          2.3162e-14      2.48e-16    3.78e-01
   5        2.2940e-14   4.06e-16          2.3102e-14      2.11e-16    3.38e-01

num_dim=4, calls=25000, it_num=1, max_it_num=3 verb=0, alph=1.50,
mode=0, bins=50, boxes=1

       single.......iteration                   accumulated......results   
iteration     integral    sigma             integral         sigma     chi-sq/it

   1        2.3225e-14   1.30e-16          2.3225e-14      1.30e-16    0.00e+00
   2        2.3383e-14   1.25e-16          2.3307e-14      9.00e-17    7.69e-01
   3        2.3092e-14   1.26e-16          2.3235e-14      7.33e-17    1.35e+00
   3        2.3197e-14   1.27e-16          2.3225e-14      6.34e-17    9.21e-01
   3        2.3104e-14   1.27e-16          2.3201e-14      5.67e-17    8.74e-01
   3        2.2942e-14   1.28e-16          2.3159e-14      5.19e-17    1.38e+00
P+K = (2.3158727e-14 +- 5.1893288e-17) pb

********************************
* real gluon emission - dipole *
********************************
The limits of integration are:

xl[0]=0.000000    xu[0]=1.000000
xl[1]=0.000000    xu[1]=1.000000
xl[2]=0.000000    xu[2]=1.000000
xl[3]=0.000000    xu[3]=1.000000
xl[4]=0.000000    xu[4]=1.000000
xl[5]=0.000000    xu[5]=1.000000

num_dim=6, calls=250, it_num=1, max_it_num=5 verb=0, alph=1.50,
mode=0, bins=50, boxes=1

       single.......iteration                   accumulated......results   
iteration     integral    sigma             integral         sigma     chi-sq/it

   1        -1.5462e-16   7.06e-17          -1.5462e-16      7.06e-17    0.00e+00
   2        -1.1786e-16   3.97e-17          -1.2668e-16      3.46e-17    2.06e-01
   3        -6.3160e-17   1.26e-17          -7.0578e-17      1.18e-17    1.59e+00
   4        -1.0200e-16   1.65e-17          -8.1238e-17      9.61e-18    1.86e+00
   5        -1.2427e-16   2.34e-17          -8.7462e-17      8.89e-18    2.12e+00

num_dim=6, calls=2500, it_num=1, max_it_num=3 verb=0, alph=1.50,
mode=0, bins=50, boxes=1

       single.......iteration                   accumulated......results   
iteration     integral    sigma             integral         sigma     chi-sq/it

   1        -1.2242e-16   6.06e-18          -1.2242e-16      6.06e-18    0.00e+00
   2        -1.1813e-16   3.52e-18          -1.1921e-16      3.04e-18    3.76e-01
   3        -1.1672e-16   3.36e-18          -1.1809e-16      2.26e-18    3.39e-01
rNLOg = (-1.1808844e-16 +- 2.2566854e-18) pb

**************************************************
* real light quark emission - dipole - (onshell) *
**************************************************
The limits of integration are:

xl[0]=0.000000    xu[0]=1.000000
xl[1]=0.000000    xu[1]=1.000000
xl[2]=0.000000    xu[2]=1.000000
xl[3]=0.000000    xu[3]=1.000000
xl[4]=0.000000    xu[4]=1.000000
xl[5]=0.000000    xu[5]=1.000000

num_dim=6, calls=5000, it_num=1, max_it_num=5 verb=0, alph=1.50,
mode=0, bins=50, boxes=1

       single.......iteration                   accumulated......results   
iteration     integral    sigma             integral         sigma     chi-sq/it

   1        3.9784e-16   2.52e-17          3.9784e-16      2.52e-17    0.00e+00
   2        3.9409e-16   7.88e-18          3.9442e-16      7.52e-18    2.02e-02
   3        3.8481e-16   4.17e-18          3.8707e-16      3.65e-18    6.35e-01
   4        3.8356e-16   3.09e-18          3.8503e-16      2.36e-18    6.03e-01
   5        3.8417e-16   2.85e-18          3.8468e-16      1.81e-18    4.66e-01

num_dim=6, calls=50000, it_num=1, max_it_num=5 verb=0, alph=1.50,
mode=0, bins=50, boxes=1

       single.......iteration                   accumulated......results   
iteration     integral    sigma             integral         sigma     chi-sq/it

   1        3.8408e-16   8.72e-19          3.8408e-16      8.72e-19    0.00e+00
   2        3.8629e-16   1.12e-18          3.8491e-16      6.89e-19    2.41e+00
   3        3.8686e-16   1.13e-18          3.8544e-16      5.88e-19    2.29e+00
   4        3.8559e-16   9.77e-19          3.8548e-16      5.04e-19    1.54e+00
   5        3.8642e-16   1.10e-18          3.8564e-16      4.58e-19    1.30e+00
rNLOq = (3.8564125e-16 +- 4.5816114e-19) pb
NLO = (1.6466139e-13 +- 1.1742950e-16) pb
#chisq/dof = 2.00613e-09
#status = success
#chisq/dof = 9.06544e-10
#status = success
#chisq/dof = 1.1341e-09
#status = success
#chisq/dof = 4.7121e-09
#status = success
#chisq/dof = 1.15284e-10
#status = success
#chisq/dof = 3.4795e-12
#status = success
#chisq/dof = 2.00297e-10
#status = success
#chisq/dof = 1.54788e-11
#status = success

*******************************************************
* threshold resummation (unimproved nnll) - expansion *
*******************************************************
The limits of integration are:

xl[0]=0.000000    xu[0]=1.000000
xl[1]=0.000000    xu[1]=1.000000
xl[2]=0.000000    xu[2]=1.000000

num_dim=3, calls=7000, it_num=1, max_it_num=5 verb=0, alph=1.50,
mode=0, bins=50, boxes=1

       single.......iteration                   accumulated......results   
iteration     integral    sigma             integral         sigma     chi-sq/it

   1        -5.9389e-15   1.08e-14          -5.9389e-15      1.08e-14    0.00e+00
   2        8.4000e-15   4.62e-15          6.1769e-15      4.25e-15    1.49e+00
   3        -6.7465e-15   4.19e-15          -3.8110e-16      2.98e-15    3.09e+00
   4        1.0569e-15   4.16e-15          1.0757e-16      2.42e-15    2.09e+00
   5        -1.0140e-15   4.19e-15          -1.7397e-16      2.10e-15    1.58e+00

num_dim=3, calls=35000, it_num=1, max_it_num=5 verb=0, alph=1.50,
mode=0, bins=50, boxes=1

       single.......iteration                   accumulated......results   
iteration     integral    sigma             integral         sigma     chi-sq/it

   1        4.4204e-15   1.85e-15          4.4204e-15      1.85e-15    0.00e+00
   2        4.7565e-15   1.85e-15          4.5880e-15      1.31e-15    1.65e-02
   3        7.0202e-15   1.86e-15          5.3961e-15      1.07e-15    5.82e-01
   4        5.6582e-15   1.85e-15          5.4616e-15      9.26e-16    3.93e-01
   5        5.6920e-16   1.86e-15          4.4886e-15      8.29e-16    1.68e+00
   5        3.8946e-15   1.85e-15          4.3891e-15      7.56e-16    1.36e+00
   5        3.9518e-15   1.85e-15          4.3267e-15      7.00e-16    1.14e+00
   5        6.3099e-15   1.86e-15          4.5734e-15      6.55e-16    1.12e+00
   5        1.3667e-15   1.85e-15          4.2159e-15      6.18e-16    1.32e+00
   5        2.8926e-15   1.85e-15          4.0836e-15      5.86e-16    1.22e+00
   5        3.8582e-15   1.85e-15          4.0630e-15      5.59e-16    1.10e+00
   5        3.4220e-15   1.87e-15          4.0103e-15      5.35e-16    1.01e+00
   5        5.8853e-15   1.87e-15          4.1525e-15      5.15e-16    1.00e+00
   5        3.2613e-15   1.87e-15          4.0895e-15      4.96e-16    9.43e-01
   5        6.8471e-15   1.87e-15          4.2707e-15      4.79e-16    1.02e+00
   5        4.8032e-15   1.87e-15          4.3033e-15      4.64e-16    9.57e-01
   5        2.8178e-15   1.88e-15          4.2179e-15      4.51e-16    9.34e-01
   5        2.9003e-15   1.87e-15          4.1456e-15      4.38e-16    9.07e-01
   5        5.6845e-15   1.88e-15          4.2247e-15      4.27e-16    8.92e-01
   5        4.8688e-15   1.89e-15          4.2560e-15      4.16e-16    8.51e-01
   5        4.9563e-16   1.90e-15          4.0835e-15      4.07e-16    9.95e-01
   5        5.5409e-15   1.91e-15          4.1465e-15      3.98e-16    9.74e-01
   5        2.8314e-15   1.90e-15          4.0913e-15      3.89e-16    9.51e-01
   5        5.9748e-15   1.92e-15          4.1655e-15      3.82e-16    9.49e-01
   5        -9.8608e-17   1.92e-15          4.0030e-15      3.74e-16    1.11e+00
   5        4.1412e-15   1.92e-15          4.0081e-15      3.67e-16    1.06e+00
   5        2.0589e-15   1.93e-15          3.9400e-15      3.61e-16    1.06e+00
   5        3.0343e-15   1.94e-15          3.9097e-15      3.55e-16    1.03e+00
   5        4.7324e-15   1.93e-15          3.9366e-15      3.49e-16    9.99e-01
   5        2.2419e-15   1.95e-15          3.8838e-15      3.44e-16    9.90e-01
   5        3.3264e-15   1.96e-15          3.8672e-15      3.38e-16    9.59e-01
   5        7.2425e-15   1.95e-15          3.9658e-15      3.33e-16    1.02e+00
   5        5.4677e-15   1.95e-15          4.0084e-15      3.29e-16    1.01e+00
   5        1.8259e-15   1.95e-15          3.9484e-15      3.24e-16    1.01e+00
   5        6.2435e-15   1.94e-15          4.0105e-15      3.20e-16    1.02e+00
   5        4.6459e-15   1.96e-15          4.0270e-15      3.15e-16    9.98e-01
   5        3.8147e-15   1.95e-15          4.0216e-15      3.11e-16    9.71e-01
   5        -3.8854e-17   1.97e-15          3.9222e-15      3.08e-16    1.06e+00
   5        3.7766e-15   1.97e-15          3.9187e-15      3.04e-16    1.03e+00
   5        1.5130e-15   1.98e-15          3.8634e-15      3.00e-16    1.04e+00
   5        2.4741e-15   1.99e-15          3.8324e-15      2.97e-16    1.03e+00
   5        3.3908e-15   1.98e-15          3.8227e-15      2.94e-16    1.00e+00
   5        1.9784e-15   1.99e-15          3.7833e-15      2.91e-16    9.98e-01
   5        2.4223e-15   2.01e-15          3.7554e-15      2.88e-16    9.86e-01
   5        1.5427e-16   2.01e-15          3.6829e-15      2.85e-16    1.03e+00
   5        -7.8091e-17   2.00e-15          3.6082e-15      2.82e-16    1.09e+00
   5        6.3989e-15   2.00e-15          3.6625e-15      2.79e-16    1.11e+00
   5        3.5352e-15   2.02e-15          3.6601e-15      2.76e-16    1.08e+00
   5        6.1286e-16   2.02e-15          3.6040e-15      2.74e-16    1.11e+00
   5        4.5032e-15   2.01e-15          3.6203e-15      2.71e-16    1.09e+00
   5        2.5237e-15   2.01e-15          3.6007e-15      2.69e-16    1.07e+00
   5        5.9243e-15   2.01e-15          3.6413e-15      2.67e-16    1.08e+00
   5        9.1448e-16   2.01e-15          3.5942e-15      2.64e-16    1.09e+00
   5        1.2788e-15   2.01e-15          3.5548e-15      2.62e-16    1.10e+00
   5        2.5840e-15   2.01e-15          3.5386e-15      2.60e-16    1.08e+00
aNNLO+NNLL = (1.6820002e-13 +- 2.8511028e-16) pb

Results:
LO = (1.6597135e-13 +- 1.2366725e-16) pb
NLO = (1.6466139e-13 +- 1.1742950e-16) pb
aNNLO+NNLL = (1.6820002e-13 +- 2.8511028e-16) pb
Thanks for using LHAPDF 6.2.3. Please make sure to cite the paper:
  Eur.Phys.J. C75 (2015) 3, 132  (http://arxiv.org/abs/1412.7420)
 ====================================================
   FF 2.0, a package to evaluate one-loop integrals
 written by G. J. van Oldenborgh, NIKHEF-H, Amsterdam
 ====================================================
 for the algorithms used see preprint NIKHEF-H 89/17,
 'New Algorithms for One-loop Integrals', by G.J. van
 Oldenborgh and J.A.M. Vermaseren, published in 
 Zeitschrift fuer Physik C46(1990)425.
 ====================================================
 
total number of errors and warnings
===================================
fferr: no errors
 
