
  Welcome to Resummino git-latest
  Copyright 2008-2010 Jonathan Debove.
  Copyright 2011-2014 David R. Lamprea.
  Copyright 2011-2016 Marcel Rothering.

  Licensed under the EUPL 1.1 or later.
  See http://www.resummino.org/ for more information.

  If using Resummino for slepton pair production, please cite.
  - G. Bozzi, B. Fuks, M. Klasen, PRD 74, 015001 (2006); NPB 777, 157 (2007); NPB 794, 46 (2007).
  - B. Fuks, M. Klasen, D. R. Lamprea, M. Rothering, EPJC 73, 2480 (2013).

  For gaugino pair production, please cite:
  - J. Debove, B. Fuks, M. Klasen, PLB 688, 208 (2010); NPB 842, 51 (2011); NPB 849, 64 (2011).
  - B. Fuks, M. Klasen, D. R. Lamprea, M. Rothering, JHEP 1210, 081 (2012); EPJC 73, 2480 (2013).

  For associated gaugino gluino production, please cite:
  - B. Fuks, M. Klasen, M. Rothering, JHEP 07:053, (2016).
  - B. Fuks, M. Klasen, D. R. Lamprea, M. Rothering, EPJC 73, 2480 (2013).

LHAPDF 6.2.3 loading /pool/condor/dir_151084/resummino-releases/lhapdf-prefix/share/LHAPDF/PDF4LHC21_40/PDF4LHC21_40_0000.dat
PDF4LHC21_40 PDF set, member #0, version 1
 alpha_s(M_Z^2) = 0.1180 	 for LO PDF set 
 alpha_s(800.000^2) = 0.0890 	 for LO PDF set 

********************
* LO cross section *
********************
The limits of integration are:

xl[0]=0.000000    xu[0]=1.000000
xl[1]=0.000000    xu[1]=1.000000
xl[2]=0.000000    xu[2]=1.000000

num_dim=3, calls=2000, it_num=1, max_it_num=5 verb=0, alph=1.50,
mode=0, bins=50, boxes=1

       single.......iteration                   accumulated......results   
iteration     integral    sigma             integral         sigma     chi-sq/it

   1        2.9091e-12   9.21e-14          2.9091e-12      9.21e-14    0.00e+00
   2        3.0169e-12   3.17e-14          3.0054e-12      3.00e-14    1.22e+00
   3        3.0633e-12   1.77e-14          3.0484e-12      1.52e-14    1.99e+00
   4        3.0243e-12   1.65e-14          3.0373e-12      1.12e-14    1.72e+00
   5        3.0155e-12   1.73e-14          3.0309e-12      9.39e-15    1.57e+00

num_dim=3, calls=20000, it_num=1, max_it_num=5 verb=0, alph=1.50,
mode=0, bins=50, boxes=1

       single.......iteration                   accumulated......results   
iteration     integral    sigma             integral         sigma     chi-sq/it

   1        3.0367e-12   5.27e-15          3.0367e-12      5.27e-15    0.00e+00
   2        3.0378e-12   5.13e-15          3.0373e-12      3.68e-15    2.13e-02
   3        3.0456e-12   5.09e-15          3.0401e-12      2.98e-15    8.84e-01
   4        3.0444e-12   5.36e-15          3.0411e-12      2.60e-15    7.51e-01
   5        3.0329e-12   5.37e-15          3.0395e-12      2.34e-15    1.03e+00
LO = (3.0395452e-12 +- 2.3437476e-15) pb
LHAPDF 6.2.3 loading /pool/condor/dir_151084/resummino-releases/lhapdf-prefix/share/LHAPDF/PDF4LHC21_40/PDF4LHC21_40_0003.dat
PDF4LHC21_40 PDF set, member #3, version 1
 alpha_s(M_Z^2) = 0.1180 	 for NLO PDF set 
 alpha_s(800.000^2) = 0.0890 	 for NLO PDF set 

********************
* LO cross section *
********************
The limits of integration are:

xl[0]=0.000000    xu[0]=1.000000
xl[1]=0.000000    xu[1]=1.000000
xl[2]=0.000000    xu[2]=1.000000

num_dim=3, calls=2000, it_num=1, max_it_num=5 verb=0, alph=1.50,
mode=0, bins=50, boxes=1

       single.......iteration                   accumulated......results   
iteration     integral    sigma             integral         sigma     chi-sq/it

   1        3.3113e-12   9.34e-14          3.3113e-12      9.34e-14    0.00e+00
   2        3.4375e-12   3.39e-14          3.4228e-12      3.19e-14    1.62e+00
   3        3.4720e-12   2.06e-14          3.4575e-12      1.73e-14    1.65e+00
   4        3.4401e-12   1.95e-14          3.4499e-12      1.29e-14    1.25e+00
   5        3.4270e-12   2.04e-14          3.4433e-12      1.09e-14    1.16e+00

num_dim=3, calls=20000, it_num=1, max_it_num=5 verb=0, alph=1.50,
mode=0, bins=50, boxes=1

       single.......iteration                   accumulated......results   
iteration     integral    sigma             integral         sigma     chi-sq/it

   1        3.4464e-12   6.22e-15          3.4464e-12      6.22e-15    0.00e+00
   2        3.4502e-12   6.03e-15          3.4484e-12      4.33e-15    1.84e-01
   3        3.4593e-12   6.00e-15          3.4521e-12      3.51e-15    1.19e+00
   4        3.4599e-12   6.31e-15          3.4540e-12      3.07e-15    1.19e+00
   5        3.4459e-12   6.27e-15          3.4524e-12      2.75e-15    1.22e+00
   5        3.4482e-12   6.34e-15          3.4517e-12      2.53e-15    1.05e+00
   5        3.4568e-12   6.25e-15          3.4524e-12      2.34e-15    9.72e-01
   5        3.4544e-12   6.43e-15          3.4527e-12      2.20e-15    8.44e-01
   5        3.4442e-12   6.47e-15          3.4518e-12      2.08e-15    9.30e-01
   5        3.4480e-12   6.61e-15          3.4514e-12      1.99e-15    8.61e-01
   5        3.4456e-12   6.91e-15          3.4510e-12      1.91e-15    8.40e-01
   5        3.4567e-12   6.97e-15          3.4514e-12      1.84e-15    8.20e-01
   5        3.4565e-12   7.23e-15          3.4517e-12      1.78e-15    7.90e-01
   5        3.4433e-12   7.54e-15          3.4513e-12      1.74e-15    8.19e-01
   5        3.4492e-12   7.92e-15          3.4512e-12      1.70e-15    7.66e-01
   5        3.4449e-12   8.32e-15          3.4509e-12      1.66e-15    7.50e-01
   5        3.4427e-12   8.35e-15          3.4506e-12      1.63e-15    7.62e-01
   5        3.4556e-12   8.58e-15          3.4508e-12      1.60e-15    7.37e-01
   5        3.4536e-12   9.18e-15          3.4509e-12      1.58e-15    7.01e-01
   5        3.4581e-12   8.94e-15          3.4511e-12      1.55e-15    6.98e-01
   5        3.4447e-12   9.33e-15          3.4509e-12      1.53e-15    6.85e-01
   5        3.4522e-12   9.42e-15          3.4509e-12      1.51e-15    6.54e-01
   5        3.4605e-12   9.64e-15          3.4512e-12      1.49e-15    6.67e-01
   5        3.4514e-12   1.03e-14          3.4512e-12      1.48e-15    6.38e-01
   5        3.4611e-12   1.05e-14          3.4514e-12      1.46e-15    6.48e-01
   5        3.4494e-12   1.07e-14          3.4513e-12      1.45e-15    6.24e-01
   5        3.4696e-12   1.11e-14          3.4516e-12      1.44e-15    7.03e-01
   5        3.4463e-12   1.10e-14          3.4516e-12      1.43e-15    6.85e-01
   5        3.4393e-12   1.13e-14          3.4514e-12      1.42e-15    7.02e-01
   5        3.4554e-12   1.15e-14          3.4514e-12      1.40e-15    6.82e-01
   5        3.4471e-12   1.19e-14          3.4514e-12      1.40e-15    6.64e-01
   5        3.4445e-12   1.23e-14          3.4513e-12      1.39e-15    6.52e-01
   5        3.4674e-12   1.22e-14          3.4515e-12      1.38e-15    6.85e-01
   5        3.4521e-12   1.29e-14          3.4515e-12      1.37e-15    6.65e-01
   5        3.4338e-12   1.22e-14          3.4513e-12      1.36e-15    7.06e-01
   5        3.4605e-12   1.23e-14          3.4514e-12      1.35e-15    7.01e-01
   5        3.4083e-12   1.26e-14          3.4509e-12      1.35e-15    1.01e+00
   5        3.4273e-12   1.30e-14          3.4506e-12      1.34e-15    1.07e+00
   5        3.4595e-12   1.28e-14          3.4507e-12      1.33e-15    1.05e+00
   5        3.4563e-12   1.32e-14          3.4508e-12      1.32e-15    1.03e+00
   5        3.4543e-12   1.32e-14          3.4508e-12      1.32e-15    1.00e+00
   5        3.4465e-12   1.30e-14          3.4508e-12      1.31e-15    9.83e-01
   5        3.4711e-12   1.34e-14          3.4510e-12      1.30e-15    1.01e+00
   5        3.4628e-12   1.32e-14          3.4511e-12      1.30e-15    1.01e+00
   5        3.4405e-12   1.31e-14          3.4510e-12      1.29e-15    1.00e+00
   5        3.4477e-12   1.32e-14          3.4509e-12      1.29e-15    9.79e-01
   5        3.4654e-12   1.34e-14          3.4511e-12      1.28e-15    9.83e-01
   5        3.4206e-12   1.32e-14          3.4508e-12      1.27e-15    1.07e+00
   5        3.4790e-12   1.36e-14          3.4510e-12      1.27e-15    1.14e+00
   5        3.4695e-12   1.34e-14          3.4512e-12      1.26e-15    1.16e+00
   5        3.4523e-12   1.36e-14          3.4512e-12      1.26e-15    1.13e+00
   5        3.4195e-12   1.36e-14          3.4509e-12      1.25e-15    1.22e+00
   5        3.4487e-12   1.39e-14          3.4509e-12      1.25e-15    1.19e+00
   5        3.4491e-12   1.46e-14          3.4509e-12      1.24e-15    1.17e+00
   5        3.4672e-12   1.41e-14          3.4510e-12      1.24e-15    1.17e+00
LO = (3.4510379e-12 +- 1.2376273e-15) pb

*******************************************
* virtual corrections + integrated dipole *
*******************************************
The limits of integration are:

xl[0]=0.000000    xu[0]=1.000000
xl[1]=0.000000    xu[1]=1.000000
xl[2]=0.000000    xu[2]=1.000000

num_dim=3, calls=240, it_num=1, max_it_num=5 verb=0, alph=1.50,
mode=0, bins=50, boxes=1

       single.......iteration                   accumulated......results   
iteration     integral    sigma             integral         sigma     chi-sq/it

   1        4.0632e-13   3.44e-14          4.0632e-13      3.44e-14    0.00e+00
   2        4.2326e-13   1.82e-14          4.1956e-13      1.61e-14    1.90e-01
   3        4.6578e-13   1.20e-14          4.4931e-13      9.59e-15    2.76e+00
   4        4.6946e-13   9.49e-15          4.5950e-13      6.75e-15    2.58e+00
   5        4.6834e-13   9.52e-15          4.6245e-13      5.50e-15    2.08e+00

num_dim=3, calls=1200, it_num=1, max_it_num=3 verb=0, alph=1.50,
mode=0, bins=50, boxes=1

       single.......iteration                   accumulated......results   
iteration     integral    sigma             integral         sigma     chi-sq/it

   1        4.5000e-13   4.56e-15          4.5000e-13      4.56e-15    0.00e+00
   2        4.5978e-13   3.88e-15          4.5567e-13      2.95e-15    2.68e+00
   3        4.5525e-13   3.68e-15          4.5551e-13      2.30e-15    1.34e+00
   3        4.6259e-13   3.43e-15          4.5771e-13      1.91e-15    1.87e+00
   3        4.5098e-13   3.50e-15          4.5617e-13      1.68e-15    2.12e+00
   3        4.6042e-13   3.49e-15          4.5696e-13      1.51e-15    1.93e+00
   3        4.5081e-13   3.80e-15          4.5612e-13      1.41e-15    1.99e+00
   3        4.5974e-13   3.55e-15          4.5661e-13      1.31e-15    1.83e+00
   3        4.5802e-13   3.38e-15          4.5679e-13      1.22e-15    1.62e+00
   3        4.5578e-13   3.56e-15          4.5669e-13      1.15e-15    1.45e+00
   3        4.5634e-13   3.79e-15          4.5666e-13      1.10e-15    1.31e+00
   3        4.5898e-13   3.65e-15          4.5685e-13      1.06e-15    1.22e+00
   3        4.6020e-13   3.49e-15          4.5713e-13      1.01e-15    1.19e+00
vNLO = (4.5713419e-13 +- 1.0105127e-15) pb

*****************************
* collinear remainder (P+K) *
*****************************
The limits of integration are:

xl[0]=0.000000    xu[0]=1.000000
xl[1]=0.000000    xu[1]=1.000000
xl[2]=0.000000    xu[2]=1.000000
xl[3]=0.000000    xu[3]=1.000000

num_dim=4, calls=2500, it_num=1, max_it_num=5 verb=0, alph=1.50,
mode=0, bins=50, boxes=1

       single.......iteration                   accumulated......results   
iteration     integral    sigma             integral         sigma     chi-sq/it

   1        2.6493e-13   2.45e-14          2.6493e-13      2.45e-14    0.00e+00
   2        2.6537e-13   1.17e-14          2.6529e-13      1.05e-14    2.52e-04
   3        2.7127e-13   1.05e-14          2.6828e-13      7.44e-15    8.10e-02
   4        2.7991e-13   9.81e-15          2.7253e-13      5.93e-15    3.51e-01
   5        2.8496e-13   9.92e-15          2.7580e-13      5.09e-15    5.53e-01

num_dim=4, calls=25000, it_num=1, max_it_num=3 verb=0, alph=1.50,
mode=0, bins=50, boxes=1

       single.......iteration                   accumulated......results   
iteration     integral    sigma             integral         sigma     chi-sq/it

   1        2.7951e-13   3.16e-15          2.7951e-13      3.16e-15    0.00e+00
   2        2.7841e-13   3.14e-15          2.7896e-13      2.22e-15    6.12e-02
   3        2.7300e-13   3.15e-15          2.7697e-13      1.82e-15    1.23e+00
   3        2.7762e-13   3.15e-15          2.7713e-13      1.57e-15    8.27e-01
   3        2.7363e-13   3.15e-15          2.7643e-13      1.41e-15    8.68e-01
   3        2.7392e-13   3.15e-15          2.7602e-13      1.28e-15    8.01e-01
   3        2.7249e-13   3.15e-15          2.7551e-13      1.19e-15    8.46e-01
   3        2.7460e-13   3.16e-15          2.7540e-13      1.11e-15    7.36e-01
   3        2.7849e-13   3.13e-15          2.7574e-13      1.05e-15    7.51e-01
   3        2.7755e-13   3.16e-15          2.7592e-13      9.96e-16    7.01e-01
P+K = (2.7592386e-13 +- 9.9562523e-16) pb

********************************
* real gluon emission - dipole *
********************************
The limits of integration are:

xl[0]=0.000000    xu[0]=1.000000
xl[1]=0.000000    xu[1]=1.000000
xl[2]=0.000000    xu[2]=1.000000
xl[3]=0.000000    xu[3]=1.000000
xl[4]=0.000000    xu[4]=1.000000
xl[5]=0.000000    xu[5]=1.000000

num_dim=6, calls=250, it_num=1, max_it_num=5 verb=0, alph=1.50,
mode=0, bins=50, boxes=1

       single.......iteration                   accumulated......results   
iteration     integral    sigma             integral         sigma     chi-sq/it

   1        -1.0023e-14   3.06e-15          -1.0023e-14      3.06e-15    0.00e+00
   2        -1.2215e-14   2.28e-15          -1.1430e-14      1.83e-15    3.31e-01
   3        -7.6411e-15   7.75e-16          -8.2186e-15      7.14e-16    1.99e+00
   4        -8.9375e-15   6.89e-16          -8.5907e-15      4.96e-16    1.50e+00
   5        -8.6008e-15   6.41e-16          -8.5945e-15      3.92e-16    1.12e+00

num_dim=6, calls=2500, it_num=1, max_it_num=3 verb=0, alph=1.50,
mode=0, bins=50, boxes=1

       single.......iteration                   accumulated......results   
iteration     integral    sigma             integral         sigma     chi-sq/it

   1        -9.1402e-15   2.00e-16          -9.1402e-15      2.00e-16    0.00e+00
   2        -9.0191e-15   1.27e-16          -9.0541e-15      1.07e-16    2.61e-01
   3        -9.3403e-15   1.47e-16          -9.1537e-15      8.68e-17    1.36e+00
rNLOg = (-9.1536544e-15 +- 8.6762753e-17) pb

**************************************************
* real light quark emission - dipole - (onshell) *
**************************************************
The limits of integration are:

xl[0]=0.000000    xu[0]=1.000000
xl[1]=0.000000    xu[1]=1.000000
xl[2]=0.000000    xu[2]=1.000000
xl[3]=0.000000    xu[3]=1.000000
xl[4]=0.000000    xu[4]=1.000000
xl[5]=0.000000    xu[5]=1.000000

num_dim=6, calls=5000, it_num=1, max_it_num=5 verb=0, alph=1.50,
mode=0, bins=50, boxes=1

       single.......iteration                   accumulated......results   
iteration     integral    sigma             integral         sigma     chi-sq/it

   1        1.5438e-14   1.19e-15          1.5438e-14      1.19e-15    0.00e+00
   2        1.6392e-14   3.60e-16          1.6312e-14      3.45e-16    5.88e-01
   3        1.5800e-14   1.87e-16          1.5916e-14      1.64e-16    1.15e+00
   4        1.5533e-14   1.47e-16          1.5703e-14      1.10e-16    1.77e+00
   5        1.5670e-14   1.29e-16          1.5689e-14      8.36e-17    1.34e+00

num_dim=6, calls=50000, it_num=1, max_it_num=5 verb=0, alph=1.50,
mode=0, bins=50, boxes=1

       single.......iteration                   accumulated......results   
iteration     integral    sigma             integral         sigma     chi-sq/it

   1        1.5623e-14   3.90e-17          1.5623e-14      3.90e-17    0.00e+00
   2        1.5730e-14   4.45e-17          1.5670e-14      2.94e-17    3.21e+00
   3        1.5778e-14   4.74e-17          1.5700e-14      2.50e-17    3.51e+00
   4        1.5700e-14   4.57e-17          1.5700e-14      2.19e-17    2.34e+00
   5        1.5724e-14   4.77e-17          1.5704e-14      1.99e-17    1.81e+00
   5        1.5676e-14   4.18e-17          1.5699e-14      1.80e-17    1.52e+00
   5        1.5636e-14   3.81e-17          1.5687e-14      1.63e-17    1.64e+00
   5        1.5714e-14   3.76e-17          1.5692e-14      1.49e-17    1.46e+00
rNLOq = (1.5691580e-14 +- 1.4915672e-17) pb
NLO = (4.1906339e-12 +- 1.8846424e-15) pb
#chisq/dof = 2.44773e-09
#status = success
#chisq/dof = 4.67963e-09
#status = success
#chisq/dof = 1.27059e-09
#status = success
#chisq/dof = 1.06479e-08
#status = success
#chisq/dof = 4.88139e-10
#status = success
#chisq/dof = 2.46859e-12
#status = success
#chisq/dof = 3.17972e-10
#status = success
#chisq/dof = 1.3118e-10
#status = success

*******************************************************
* threshold resummation (unimproved nnll) - expansion *
*******************************************************
The limits of integration are:

xl[0]=0.000000    xu[0]=1.000000
xl[1]=0.000000    xu[1]=1.000000
xl[2]=0.000000    xu[2]=1.000000

num_dim=3, calls=7000, it_num=1, max_it_num=5 verb=0, alph=1.50,
mode=0, bins=50, boxes=1

       single.......iteration                   accumulated......results   
iteration     integral    sigma             integral         sigma     chi-sq/it

   1        2.7158e-13   2.56e-13          2.7158e-13      2.56e-13    0.00e+00
   2        1.6939e-14   8.76e-14          4.3542e-14      8.29e-14    8.83e-01
   3        7.5421e-14   7.86e-14          6.0333e-14      5.70e-14    4.81e-01
   4        1.3537e-13   7.77e-14          8.6573e-14      4.60e-14    5.22e-01
   5        1.7531e-13   7.77e-14          1.0957e-13      3.96e-14    6.33e-01

num_dim=3, calls=35000, it_num=1, max_it_num=5 verb=0, alph=1.50,
mode=0, bins=50, boxes=1

       single.......iteration                   accumulated......results   
iteration     integral    sigma             integral         sigma     chi-sq/it

   1        -2.3355e-14   3.48e-14          -2.3355e-14      3.48e-14    0.00e+00
   2        -1.8034e-14   3.47e-14          -2.0689e-14      2.46e-14    1.17e-02
   3        -3.3204e-14   3.49e-14          -2.4838e-14      2.01e-14    4.88e-02
   4        -1.9652e-14   3.49e-14          -2.3543e-14      1.74e-14    3.81e-02
   5        -2.9843e-14   3.49e-14          -2.4799e-14      1.56e-14    3.51e-02
   5        -2.5042e-14   3.48e-14          -2.4839e-14      1.42e-14    2.81e-02
   5        -2.4406e-14   3.52e-14          -2.4779e-14      1.32e-14    2.34e-02
   5        -6.1851e-14   3.52e-14          -2.9350e-14      1.23e-14    1.59e-01
   5        -3.1822e-14   3.55e-14          -2.9617e-14      1.17e-14    1.40e-01
   5        -8.1452e-14   3.52e-14          -3.4730e-14      1.11e-14    3.41e-01
   5        -2.8500e-14   3.53e-14          -3.4171e-14      1.06e-14    3.10e-01
   5        -1.2022e-14   3.55e-14          -3.2368e-14      1.01e-14    3.14e-01
   5        -2.2649e-14   3.55e-14          -3.1637e-14      9.73e-15    2.94e-01
   5        8.7199e-14   3.55e-14          -2.3342e-14      9.39e-15    1.07e+00
   5        -3.4658e-14   3.56e-14          -2.4077e-14      9.08e-15    1.00e+00
   5        -3.8979e-14   3.60e-14          -2.4970e-14      8.80e-15    9.46e-01
   5        2.4643e-14   3.57e-14          -2.2123e-14      8.55e-15    1.00e+00
   5        -7.9854e-14   3.56e-14          -2.5270e-14      8.31e-15    1.09e+00
   5        -7.9169e-15   3.59e-14          -2.4387e-14      8.09e-15    1.04e+00
   5        -7.9467e-14   3.61e-14          -2.7025e-14      7.90e-15    1.10e+00
   5        -1.6968e-14   3.59e-14          -2.6560e-14      7.71e-15    1.05e+00
   5        -3.2323e-14   3.62e-14          -2.6810e-14      7.54e-15    1.00e+00
   5        1.2388e-14   3.62e-14          -2.5177e-14      7.39e-15    1.01e+00
   5        -1.1541e-14   3.65e-14          -2.4641e-14      7.24e-15    9.69e-01
   5        -6.5114e-14   3.64e-14          -2.6180e-14      7.10e-15    9.79e-01
   5        1.4727e-14   3.63e-14          -2.4673e-14      6.97e-15    9.88e-01
   5        -1.6037e-14   3.63e-14          -2.4366e-14      6.84e-15    9.52e-01
   5        -4.5439e-15   3.66e-14          -2.3697e-14      6.73e-15    9.28e-01
   5        2.1546e-14   3.65e-14          -2.2214e-14      6.62e-15    9.47e-01
   5        -3.9327e-14   3.71e-14          -2.2741e-14      6.51e-15    9.22e-01
   5        -3.6159e-15   3.69e-14          -2.2163e-14      6.41e-15    9.00e-01
   5        -7.4102e-15   3.67e-14          -2.1726e-14      6.32e-15    8.76e-01
   5        -2.0270e-14   3.68e-14          -2.1684e-14      6.23e-15    8.49e-01
   5        2.9860e-14   3.65e-14          -2.0223e-14      6.14e-15    8.82e-01
   5        -5.7260e-14   3.63e-14          -2.1255e-14      6.05e-15    8.86e-01
   5        3.6090e-15   3.63e-14          -2.0582e-14      5.97e-15    8.73e-01
   5        -7.5851e-14   3.62e-14          -2.2042e-14      5.89e-15    9.12e-01
   5        -3.1029e-16   3.62e-14          -2.1483e-14      5.81e-15    8.97e-01
   5        -1.7317e-14   3.64e-14          -2.1379e-14      5.74e-15    8.74e-01
   5        -4.4054e-15   3.66e-14          -2.0972e-14      5.67e-15    8.57e-01
   5        -4.4204e-14   3.69e-14          -2.1508e-14      5.61e-15    8.45e-01
   5        -7.6038e-14   3.67e-14          -2.2748e-14      5.54e-15    8.77e-01
   5        -1.3520e-15   3.67e-14          -2.2270e-14      5.48e-15    8.64e-01
   5        -1.5871e-14   3.68e-14          -2.2132e-14      5.42e-15    8.44e-01
   5        -2.4866e-14   3.71e-14          -2.2189e-14      5.36e-15    8.25e-01
   5        -3.7667e-14   3.67e-14          -2.2513e-14      5.31e-15    8.11e-01
   5        3.4922e-15   3.74e-14          -2.2000e-14      5.25e-15    8.03e-01
   5        3.0615e-15   3.74e-14          -2.1514e-14      5.20e-15    7.96e-01
   5        -5.5817e-15   3.70e-14          -2.1205e-14      5.15e-15    7.83e-01
   5        -8.2568e-14   3.73e-14          -2.2351e-14      5.10e-15    8.21e-01
   5        -3.0668e-14   3.69e-14          -2.2507e-14      5.06e-15    8.06e-01
   5        2.3402e-14   3.73e-14          -2.1678e-14      5.01e-15    8.19e-01
   5        1.5068e-14   3.71e-14          -2.1021e-14      4.96e-15    8.22e-01
   5        5.4424e-14   3.74e-14          -1.9713e-14      4.92e-15    8.82e-01
   5        8.1791e-15   3.72e-14          -1.9232e-14      4.88e-15    8.76e-01
aNNLO+NNLL = (4.1714016e-12 +- 5.2298208e-15) pb

Results:
LO = (3.0395452e-12 +- 2.3437476e-15) pb
NLO = (4.1906339e-12 +- 1.8846424e-15) pb
aNNLO+NNLL = (4.1714016e-12 +- 5.2298208e-15) pb
Thanks for using LHAPDF 6.2.3. Please make sure to cite the paper:
  Eur.Phys.J. C75 (2015) 3, 132  (http://arxiv.org/abs/1412.7420)
 ====================================================
   FF 2.0, a package to evaluate one-loop integrals
 written by G. J. van Oldenborgh, NIKHEF-H, Amsterdam
 ====================================================
 for the algorithms used see preprint NIKHEF-H 89/17,
 'New Algorithms for One-loop Integrals', by G.J. van
 Oldenborgh and J.A.M. Vermaseren, published in 
 Zeitschrift fuer Physik C46(1990)425.
 ====================================================
 
total number of errors and warnings
===================================
fferr: no errors
 
