
  Welcome to Resummino git-latest
  Copyright 2008-2010 Jonathan Debove.
  Copyright 2011-2014 David R. Lamprea.
  Copyright 2011-2016 Marcel Rothering.

  Licensed under the EUPL 1.1 or later.
  See http://www.resummino.org/ for more information.

  If using Resummino for slepton pair production, please cite.
  - G. Bozzi, B. Fuks, M. Klasen, PRD 74, 015001 (2006); NPB 777, 157 (2007); NPB 794, 46 (2007).
  - B. Fuks, M. Klasen, D. R. Lamprea, M. Rothering, EPJC 73, 2480 (2013).

  For gaugino pair production, please cite:
  - J. Debove, B. Fuks, M. Klasen, PLB 688, 208 (2010); NPB 842, 51 (2011); NPB 849, 64 (2011).
  - B. Fuks, M. Klasen, D. R. Lamprea, M. Rothering, JHEP 1210, 081 (2012); EPJC 73, 2480 (2013).

  For associated gaugino gluino production, please cite:
  - B. Fuks, M. Klasen, M. Rothering, JHEP 07:053, (2016).
  - B. Fuks, M. Klasen, D. R. Lamprea, M. Rothering, EPJC 73, 2480 (2013).

LHAPDF 6.2.3 loading /pool/condor/dir_33844/resummino-releases/lhapdf-prefix/share/LHAPDF/PDF4LHC21_40/PDF4LHC21_40_0000.dat
PDF4LHC21_40 PDF set, member #0, version 1
 alpha_s(M_Z^2) = 0.1180 	 for LO PDF set 
 alpha_s(600.000^2) = 0.0920 	 for LO PDF set 

********************
* LO cross section *
********************
The limits of integration are:

xl[0]=0.000000    xu[0]=1.000000
xl[1]=0.000000    xu[1]=1.000000
xl[2]=0.000000    xu[2]=1.000000

num_dim=3, calls=2000, it_num=1, max_it_num=5 verb=0, alph=1.50,
mode=0, bins=50, boxes=1

       single.......iteration                   accumulated......results   
iteration     integral    sigma             integral         sigma     chi-sq/it

   1        5.0948e-12   1.63e-13          5.0948e-12      1.63e-13    0.00e+00
   2        5.2327e-12   5.47e-14          5.2187e-12      5.18e-14    6.45e-01
   3        5.3221e-12   3.09e-14          5.2950e-12      2.65e-14    1.79e+00
   4        5.2534e-12   2.88e-14          5.2759e-12      1.95e-14    1.57e+00
   5        5.2406e-12   3.01e-14          5.2655e-12      1.64e-14    1.42e+00

num_dim=3, calls=20000, it_num=1, max_it_num=5 verb=0, alph=1.50,
mode=0, bins=50, boxes=1

       single.......iteration                   accumulated......results   
iteration     integral    sigma             integral         sigma     chi-sq/it

   1        5.2758e-12   9.17e-15          5.2758e-12      9.17e-15    0.00e+00
   2        5.2779e-12   8.96e-15          5.2769e-12      6.41e-15    2.72e-02
   3        5.2925e-12   8.87e-15          5.2822e-12      5.20e-15    1.04e+00
   4        5.2891e-12   9.35e-15          5.2839e-12      4.54e-15    8.30e-01
   5        5.2683e-12   9.35e-15          5.2809e-12      4.09e-15    1.18e+00
LO = (5.2808993e-12 +- 4.0850365e-15) pb
LHAPDF 6.2.3 loading /pool/condor/dir_33844/resummino-releases/lhapdf-prefix/share/LHAPDF/PDF4LHC21_40/PDF4LHC21_40_0000.dat
PDF4LHC21_40 PDF set, member #0, version 1
 alpha_s(M_Z^2) = 0.1180 	 for NLO PDF set 
 alpha_s(600.000^2) = 0.0920 	 for NLO PDF set 

********************
* LO cross section *
********************
The limits of integration are:

xl[0]=0.000000    xu[0]=1.000000
xl[1]=0.000000    xu[1]=1.000000
xl[2]=0.000000    xu[2]=1.000000

num_dim=3, calls=2000, it_num=1, max_it_num=5 verb=0, alph=1.50,
mode=0, bins=50, boxes=1

       single.......iteration                   accumulated......results   
iteration     integral    sigma             integral         sigma     chi-sq/it

   1        5.0948e-12   1.63e-13          5.0948e-12      1.63e-13    0.00e+00
   2        5.2327e-12   5.47e-14          5.2187e-12      5.18e-14    6.45e-01
   3        5.3221e-12   3.09e-14          5.2950e-12      2.65e-14    1.79e+00
   4        5.2534e-12   2.88e-14          5.2759e-12      1.95e-14    1.57e+00
   5        5.2406e-12   3.01e-14          5.2655e-12      1.64e-14    1.42e+00

num_dim=3, calls=20000, it_num=1, max_it_num=5 verb=0, alph=1.50,
mode=0, bins=50, boxes=1

       single.......iteration                   accumulated......results   
iteration     integral    sigma             integral         sigma     chi-sq/it

   1        5.2758e-12   9.17e-15          5.2758e-12      9.17e-15    0.00e+00
   2        5.2779e-12   8.96e-15          5.2769e-12      6.41e-15    2.72e-02
   3        5.2925e-12   8.87e-15          5.2822e-12      5.20e-15    1.04e+00
   4        5.2891e-12   9.35e-15          5.2839e-12      4.54e-15    8.30e-01
   5        5.2683e-12   9.35e-15          5.2809e-12      4.09e-15    1.18e+00
   5        5.2736e-12   9.37e-15          5.2797e-12      3.74e-15    1.05e+00
   5        5.2820e-12   9.39e-15          5.2800e-12      3.48e-15    8.79e-01
   5        5.2687e-12   9.50e-15          5.2787e-12      3.27e-15    9.33e-01
   5        5.2694e-12   9.74e-15          5.2778e-12      3.10e-15    9.20e-01
   5        5.2622e-12   9.96e-15          5.2764e-12      2.96e-15    1.07e+00
   5        5.2753e-12   1.04e-14          5.2763e-12      2.84e-15    9.60e-01
   5        5.2745e-12   1.05e-14          5.2762e-12      2.74e-15    8.75e-01
   5        5.2866e-12   1.10e-14          5.2768e-12      2.66e-15    8.72e-01
   5        5.2723e-12   1.16e-14          5.2766e-12      2.60e-15    8.16e-01
   5        5.2786e-12   1.23e-14          5.2766e-12      2.54e-15    7.60e-01
   5        5.2664e-12   1.27e-14          5.2763e-12      2.49e-15    7.51e-01
   5        5.2664e-12   1.29e-14          5.2759e-12      2.44e-15    7.40e-01
   5        5.2864e-12   1.32e-14          5.2762e-12      2.40e-15    7.32e-01
   5        5.2935e-12   1.41e-14          5.2767e-12      2.37e-15    7.72e-01
   5        5.2973e-12   1.39e-14          5.2773e-12      2.34e-15    8.44e-01
   5        5.2642e-12   1.41e-14          5.2770e-12      2.30e-15    8.44e-01
   5        5.2824e-12   1.46e-14          5.2771e-12      2.28e-15    8.10e-01
   5        5.2849e-12   1.52e-14          5.2773e-12      2.25e-15    7.85e-01
   5        5.2736e-12   1.57e-14          5.2772e-12      2.23e-15    7.53e-01
   5        5.3001e-12   1.60e-14          5.2776e-12      2.21e-15    8.05e-01
   5        5.2674e-12   1.59e-14          5.2774e-12      2.19e-15    7.89e-01
   5        5.3142e-12   1.62e-14          5.2781e-12      2.17e-15    9.53e-01
   5        5.2803e-12   1.60e-14          5.2781e-12      2.15e-15    9.18e-01
   5        5.2771e-12   1.66e-14          5.2781e-12      2.13e-15    8.85e-01
   5        5.2913e-12   1.69e-14          5.2783e-12      2.11e-15    8.75e-01
   5        5.2678e-12   1.64e-14          5.2781e-12      2.10e-15    8.60e-01
   5        5.2788e-12   1.71e-14          5.2782e-12      2.08e-15    8.32e-01
   5        5.3013e-12   1.69e-14          5.2785e-12      2.06e-15    8.64e-01
   5        5.2651e-12   1.76e-14          5.2783e-12      2.05e-15    8.55e-01
   5        5.2468e-12   1.74e-14          5.2779e-12      2.04e-15    9.25e-01
   5        5.2973e-12   1.79e-14          5.2781e-12      2.02e-15    9.32e-01
   5        5.2320e-12   1.76e-14          5.2775e-12      2.01e-15    1.09e+00
   5        5.2587e-12   1.85e-14          5.2773e-12      2.00e-15    1.09e+00
   5        5.2938e-12   1.79e-14          5.2775e-12      1.99e-15    1.08e+00
   5        5.2794e-12   1.81e-14          5.2775e-12      1.97e-15    1.06e+00
   5        5.2845e-12   1.85e-14          5.2776e-12      1.96e-15    1.03e+00
   5        5.2741e-12   1.84e-14          5.2776e-12      1.95e-15    1.01e+00
   5        5.3158e-12   1.88e-14          5.2780e-12      1.94e-15    1.08e+00
   5        5.2930e-12   1.86e-14          5.2782e-12      1.93e-15    1.07e+00
   5        5.2516e-12   1.90e-14          5.2779e-12      1.92e-15    1.09e+00
   5        5.2713e-12   1.95e-14          5.2778e-12      1.91e-15    1.07e+00
   5        5.3030e-12   2.00e-14          5.2780e-12      1.90e-15    1.08e+00
   5        5.2337e-12   1.95e-14          5.2776e-12      1.89e-15    1.17e+00
   5        5.3206e-12   2.02e-14          5.2780e-12      1.89e-15    1.24e+00
   5        5.3075e-12   1.97e-14          5.2783e-12      1.88e-15    1.26e+00
   5        5.2728e-12   1.96e-14          5.2782e-12      1.87e-15    1.23e+00
   5        5.2362e-12   1.96e-14          5.2778e-12      1.86e-15    1.30e+00
   5        5.2821e-12   2.00e-14          5.2779e-12      1.85e-15    1.27e+00
   5        5.2831e-12   2.03e-14          5.2779e-12      1.84e-15    1.25e+00
   5        5.3174e-12   1.97e-14          5.2783e-12      1.84e-15    1.30e+00
LO = (5.2782662e-12 +- 1.8368256e-15) pb

*******************************************
* virtual corrections + integrated dipole *
*******************************************
The limits of integration are:

xl[0]=0.000000    xu[0]=1.000000
xl[1]=0.000000    xu[1]=1.000000
xl[2]=0.000000    xu[2]=1.000000

num_dim=3, calls=240, it_num=1, max_it_num=5 verb=0, alph=1.50,
mode=0, bins=50, boxes=1

       single.......iteration                   accumulated......results   
iteration     integral    sigma             integral         sigma     chi-sq/it

   1        6.5766e-13   6.39e-14          6.5766e-13      6.39e-14    0.00e+00
   2        6.7251e-13   3.17e-14          6.6958e-13      2.84e-14    4.34e-02
   3        7.3269e-13   1.89e-14          7.1327e-13      1.58e-14    1.73e+00
   4        7.2750e-13   1.31e-14          7.2168e-13      1.01e-14    1.32e+00
   5        7.5023e-13   1.68e-14          7.2926e-13      8.63e-15    1.52e+00

num_dim=3, calls=1200, it_num=1, max_it_num=3 verb=0, alph=1.50,
mode=0, bins=50, boxes=1

       single.......iteration                   accumulated......results   
iteration     integral    sigma             integral         sigma     chi-sq/it

   1        7.0760e-13   7.11e-15          7.0760e-13      7.11e-15    0.00e+00
   2        7.2478e-13   5.95e-15          7.1771e-13      4.56e-15    3.43e+00
   3        7.1782e-13   5.39e-15          7.1776e-13      3.48e-15    1.72e+00
   3        7.3417e-13   5.59e-15          7.2234e-13      2.95e-15    3.21e+00
   3        7.1334e-13   5.51e-15          7.2033e-13      2.60e-15    2.93e+00
   3        7.2260e-13   5.47e-15          7.2075e-13      2.35e-15    2.37e+00
   3        7.1436e-13   5.85e-15          7.1986e-13      2.18e-15    2.15e+00
   3        7.2756e-13   5.49e-15          7.2091e-13      2.03e-15    2.08e+00
   3        7.2611e-13   5.42e-15          7.2155e-13      1.90e-15    1.92e+00
   3        7.2245e-13   5.42e-15          7.2165e-13      1.79e-15    1.71e+00
   3        7.1804e-13   5.58e-15          7.2131e-13      1.71e-15    1.58e+00
   3        7.2139e-13   5.74e-15          7.2131e-13      1.64e-15    1.44e+00
vNLO = (7.2131466e-13 +- 1.6357556e-15) pb

*****************************
* collinear remainder (P+K) *
*****************************
The limits of integration are:

xl[0]=0.000000    xu[0]=1.000000
xl[1]=0.000000    xu[1]=1.000000
xl[2]=0.000000    xu[2]=1.000000
xl[3]=0.000000    xu[3]=1.000000

num_dim=4, calls=2500, it_num=1, max_it_num=5 verb=0, alph=1.50,
mode=0, bins=50, boxes=1

       single.......iteration                   accumulated......results   
iteration     integral    sigma             integral         sigma     chi-sq/it

   1        8.4013e-13   5.00e-14          8.4013e-13      5.00e-14    0.00e+00
   2        8.5508e-13   1.83e-14          8.5331e-13      1.72e-14    7.88e-02
   3        8.5189e-13   1.42e-14          8.5246e-13      1.10e-14    4.14e-02
   4        8.5699e-13   1.32e-14          8.5431e-13      8.43e-15    5.09e-02
   5        8.6957e-13   1.35e-14          8.5861e-13      7.14e-15    2.69e-01

num_dim=4, calls=25000, it_num=1, max_it_num=3 verb=0, alph=1.50,
mode=0, bins=50, boxes=1

       single.......iteration                   accumulated......results   
iteration     integral    sigma             integral         sigma     chi-sq/it

   1        8.6825e-13   4.18e-15          8.6825e-13      4.18e-15    0.00e+00
   2        8.6730e-13   4.11e-15          8.6777e-13      2.93e-15    2.64e-02
   3        8.5774e-13   4.14e-15          8.6442e-13      2.39e-15    1.97e+00
   3        8.6533e-13   4.14e-15          8.6465e-13      2.07e-15    1.32e+00
   3        8.5869e-13   4.13e-15          8.6345e-13      1.85e-15    1.41e+00
   3        8.5698e-13   4.12e-15          8.6236e-13      1.69e-15    1.54e+00
   3        8.5925e-13   4.17e-15          8.6192e-13      1.57e-15    1.36e+00
P+K = (8.6192096e-13 +- 1.5653646e-15) pb

********************************
* real gluon emission - dipole *
********************************
The limits of integration are:

xl[0]=0.000000    xu[0]=1.000000
xl[1]=0.000000    xu[1]=1.000000
xl[2]=0.000000    xu[2]=1.000000
xl[3]=0.000000    xu[3]=1.000000
xl[4]=0.000000    xu[4]=1.000000
xl[5]=0.000000    xu[5]=1.000000

num_dim=6, calls=250, it_num=1, max_it_num=5 verb=0, alph=1.50,
mode=0, bins=50, boxes=1

       single.......iteration                   accumulated......results   
iteration     integral    sigma             integral         sigma     chi-sq/it

   1        -1.8405e-14   5.94e-15          -1.8405e-14      5.94e-15    0.00e+00
   2        -2.3453e-14   5.20e-15          -2.1265e-14      3.91e-15    4.09e-01
   3        -1.5737e-14   2.25e-15          -1.7112e-14      1.95e-15    9.54e-01
   4        -1.7254e-14   1.81e-15          -1.7188e-14      1.33e-15    6.37e-01
   5        -1.7534e-14   1.64e-15          -1.7325e-14      1.03e-15    4.84e-01

num_dim=6, calls=2500, it_num=1, max_it_num=3 verb=0, alph=1.50,
mode=0, bins=50, boxes=1

       single.......iteration                   accumulated......results   
iteration     integral    sigma             integral         sigma     chi-sq/it

   1        -1.5960e-14   4.50e-16          -1.5960e-14      4.50e-16    0.00e+00
   2        -1.5853e-14   2.46e-16          -1.5878e-14      2.16e-16    4.29e-02
   3        -1.6088e-14   2.59e-16          -1.5964e-14      1.66e-16    2.15e-01
   3        -1.5803e-14   2.17e-16          -1.5905e-14      1.32e-16    2.59e-01
   3        -1.5923e-14   1.90e-16          -1.5910e-14      1.08e-16    1.96e-01
   3        -1.5876e-14   1.86e-16          -1.5902e-14      9.35e-17    1.62e-01
   3        -1.5872e-14   1.85e-16          -1.5896e-14      8.34e-17    1.38e-01
   3        -1.5824e-14   1.78e-16          -1.5883e-14      7.55e-17    1.38e-01
   3        -1.5930e-14   1.80e-16          -1.5890e-14      6.96e-17    1.28e-01
   3        -1.6036e-14   1.83e-16          -1.5908e-14      6.51e-17    1.75e-01
   3        -1.5792e-14   1.79e-16          -1.5895e-14      6.12e-17    1.95e-01
   3        -1.5839e-14   1.86e-16          -1.5889e-14      5.81e-17    1.84e-01
   3        -1.5878e-14   1.78e-16          -1.5888e-14      5.53e-17    1.69e-01
   3        -1.6020e-14   1.78e-16          -1.5900e-14      5.28e-17    1.95e-01
   3        -1.5646e-14   1.74e-16          -1.5878e-14      5.05e-17    3.20e-01
   3        -1.5864e-14   1.97e-16          -1.5878e-14      4.89e-17    2.99e-01
   3        -1.5722e-14   2.00e-16          -1.5869e-14      4.75e-17    3.17e-01
   3        -1.5634e-14   1.82e-16          -1.5854e-14      4.60e-17    3.90e-01
   3        -1.5811e-14   1.90e-16          -1.5851e-14      4.47e-17    3.71e-01
   3        -1.5606e-14   1.86e-16          -1.5838e-14      4.34e-17    4.38e-01
   3        -1.5505e-14   1.78e-16          -1.5819e-14      4.22e-17    5.80e-01
rNLOg = (-1.5819321e-14 +- 4.2205475e-17) pb

**************************************************
* real light quark emission - dipole - (onshell) *
**************************************************
The limits of integration are:

xl[0]=0.000000    xu[0]=1.000000
xl[1]=0.000000    xu[1]=1.000000
xl[2]=0.000000    xu[2]=1.000000
xl[3]=0.000000    xu[3]=1.000000
xl[4]=0.000000    xu[4]=1.000000
xl[5]=0.000000    xu[5]=1.000000

num_dim=6, calls=5000, it_num=1, max_it_num=5 verb=0, alph=1.50,
mode=0, bins=50, boxes=1

       single.......iteration                   accumulated......results   
iteration     integral    sigma             integral         sigma     chi-sq/it

   1        3.2352e-14   2.64e-15          3.2352e-14      2.64e-15    0.00e+00
   2        3.4783e-14   8.47e-16          3.4557e-14      8.07e-16    7.67e-01
   3        3.3142e-14   4.09e-16          3.3431e-14      3.65e-16    1.61e+00
   4        3.2644e-14   3.13e-16          3.2978e-14      2.37e-16    1.97e+00
   5        3.2985e-14   2.84e-16          3.2981e-14      1.82e-16    1.47e+00

num_dim=6, calls=50000, it_num=1, max_it_num=5 verb=0, alph=1.50,
mode=0, bins=50, boxes=1

       single.......iteration                   accumulated......results   
iteration     integral    sigma             integral         sigma     chi-sq/it

   1        3.2871e-14   8.76e-17          3.2871e-14      8.76e-17    0.00e+00
   2        3.3090e-14   9.58e-17          3.2971e-14      6.47e-17    2.84e+00
   3        3.3197e-14   1.04e-16          3.3034e-14      5.49e-17    3.13e+00
   4        3.3045e-14   1.01e-16          3.3037e-14      4.82e-17    2.09e+00
   5        3.3083e-14   1.04e-16          3.3045e-14      4.37e-17    1.61e+00
   5        3.2988e-14   9.17e-17          3.3034e-14      3.95e-17    1.35e+00
rNLOq = (3.3034269e-14 +- 3.9482590e-17) pb
NLO = (6.8787167e-12 +- 2.9160471e-15) pb
#chisq/dof = 2.66239e-09
#status = success
#chisq/dof = 4.99162e-09
#status = success
#chisq/dof = 4.47819e-10
#status = success
#chisq/dof = 6.13873e-10
#status = success
#chisq/dof = 1.59481e-10
#status = success
#chisq/dof = 3.39039e-12
#status = success
#chisq/dof = 2.7389e-10
#status = success
#chisq/dof = 8.9646e-11
#status = success

*******************************************************
* threshold resummation (unimproved nnll) - expansion *
*******************************************************
The limits of integration are:

xl[0]=0.000000    xu[0]=1.000000
xl[1]=0.000000    xu[1]=1.000000
xl[2]=0.000000    xu[2]=1.000000

num_dim=3, calls=7000, it_num=1, max_it_num=5 verb=0, alph=1.50,
mode=0, bins=50, boxes=1

       single.......iteration                   accumulated......results   
iteration     integral    sigma             integral         sigma     chi-sq/it

   1        2.5974e-13   2.89e-13          2.5974e-13      2.89e-13    0.00e+00
   2        -2.5089e-14   6.22e-14          -1.2502e-14      6.08e-14    9.26e-01
   3        -5.2692e-15   5.41e-14          -8.4642e-15      4.04e-14    4.67e-01
   4        -3.9744e-14   5.35e-14          -1.9843e-14      3.23e-14    3.84e-01
   5        1.8790e-14   5.30e-14          -9.4119e-15      2.76e-14    3.85e-01

num_dim=3, calls=35000, it_num=1, max_it_num=5 verb=0, alph=1.50,
mode=0, bins=50, boxes=1

       single.......iteration                   accumulated......results   
iteration     integral    sigma             integral         sigma     chi-sq/it

   1        7.7625e-14   2.37e-14          7.7625e-14      2.37e-14    0.00e+00
   2        4.0099e-14   2.35e-14          5.8725e-14      1.67e-14    1.26e+00
   3        1.0069e-13   2.37e-14          7.2657e-14      1.37e-14    1.68e+00
   4        2.5567e-14   2.37e-14          6.0898e-14      1.18e-14    2.11e+00
   5        6.4008e-14   2.36e-14          6.1522e-14      1.06e-14    1.58e+00
   5        7.5704e-14   2.36e-14          6.3890e-14      9.66e-15    1.33e+00
   5        1.3997e-14   2.38e-14          5.6817e-14      8.94e-15    1.74e+00
   5        1.0127e-13   2.39e-14          6.2270e-14      8.38e-15    1.92e+00
   5        3.1839e-14   2.38e-14          5.8904e-14      7.90e-15    1.86e+00
   5        5.7412e-14   2.38e-14          5.8756e-14      7.50e-15    1.66e+00
   5        7.6769e-14   2.38e-14          6.0381e-14      7.15e-15    1.54e+00
   5        7.9057e-14   2.40e-14          6.1905e-14      6.85e-15    1.45e+00
   5        3.3297e-14   2.40e-14          5.9745e-14      6.59e-15    1.44e+00
   5        1.2363e-14   2.40e-14          5.6413e-14      6.35e-15    1.61e+00
   5        8.3749e-14   2.42e-14          5.8171e-14      6.15e-15    1.58e+00
   5        3.8317e-14   2.42e-14          5.6965e-14      5.96e-15    1.52e+00
   5        3.0158e-14   2.41e-14          5.5426e-14      5.78e-15    1.50e+00
   5        6.7689e-14   2.43e-14          5.6084e-14      5.63e-15    1.42e+00
   5        6.8433e-14   2.42e-14          5.6718e-14      5.48e-15    1.36e+00
   5        2.8415e-14   2.43e-14          5.5354e-14      5.35e-15    1.35e+00
   5        5.8554e-14   2.43e-14          5.5501e-14      5.22e-15    1.29e+00
   5        8.7296e-14   2.44e-14          5.6892e-14      5.11e-15    1.30e+00
   5        1.8683e-14   2.46e-14          5.5310e-14      5.00e-15    1.35e+00
   5        5.0277e-14   2.47e-14          5.5112e-14      4.90e-15    1.29e+00
   5        5.0253e-15   2.46e-14          5.3198e-14      4.81e-15    1.40e+00
   5        1.1993e-14   2.47e-14          5.1694e-14      4.72e-15    1.45e+00
   5        4.1491e-14   2.46e-14          5.1333e-14      4.63e-15    1.41e+00
   5        5.9248e-14   2.49e-14          5.1598e-14      4.55e-15    1.36e+00
   5        8.4559e-15   2.47e-14          5.0180e-14      4.48e-15    1.41e+00
   5        4.1785e-14   2.50e-14          4.9920e-14      4.41e-15    1.37e+00
   5        5.6823e-14   2.49e-14          5.0130e-14      4.34e-15    1.33e+00
   5        5.7442e-14   2.51e-14          5.0343e-14      4.28e-15    1.29e+00
   5        1.1189e-13   2.52e-14          5.2067e-14      4.22e-15    1.43e+00
   5        1.9986e-14   2.49e-14          5.1175e-14      4.16e-15    1.43e+00
   5        7.4571e-14   2.54e-14          5.1787e-14      4.10e-15    1.41e+00
   5        2.2977e-14   2.51e-14          5.1039e-14      4.05e-15    1.41e+00
   5        3.6240e-14   2.52e-14          5.0666e-14      4.00e-15    1.38e+00
   5        4.8320e-14   2.51e-14          5.0608e-14      3.95e-15    1.34e+00
   5        2.7542e-14   2.54e-14          5.0064e-14      3.90e-15    1.33e+00
   5        2.1346e-14   2.53e-14          4.9398e-14      3.86e-15    1.33e+00
   5        5.5066e-14   2.57e-14          4.9523e-14      3.81e-15    1.30e+00
   5        1.0671e-13   2.56e-14          5.0764e-14      3.77e-15    1.38e+00
   5        6.9812e-14   2.54e-14          5.1176e-14      3.73e-15    1.36e+00
   5        6.0929e-14   2.56e-14          5.1379e-14      3.69e-15    1.33e+00
   5        7.2431e-15   2.58e-14          5.0492e-14      3.65e-15    1.37e+00
   5        3.9804e-14   2.57e-14          5.0280e-14      3.62e-15    1.34e+00
   5        7.4181e-14   2.60e-14          5.0735e-14      3.58e-15    1.33e+00
   5        7.3737e-14   2.64e-14          5.1151e-14      3.55e-15    1.32e+00
   5        3.1787e-14   2.62e-14          5.0803e-14      3.52e-15    1.30e+00
   5        8.2592e-14   2.60e-14          5.1373e-14      3.49e-15    1.31e+00
   5        3.9010e-15   2.59e-14          5.0529e-14      3.46e-15    1.35e+00
   5        5.0652e-14   2.62e-14          5.0531e-14      3.43e-15    1.32e+00
   5        1.9335e-14   2.62e-14          5.0005e-14      3.40e-15    1.32e+00
   5        2.0908e-14   2.58e-14          4.9510e-14      3.37e-15    1.32e+00
   5        2.6611e-14   2.62e-14          4.9136e-14      3.34e-15    1.31e+00
aNNLO+NNLL = (6.9278531e-12 +- 4.4348235e-15) pb

Results:
LO = (5.2808993e-12 +- 4.0850365e-15) pb
NLO = (6.8787167e-12 +- 2.9160471e-15) pb
aNNLO+NNLL = (6.9278531e-12 +- 4.4348235e-15) pb
Thanks for using LHAPDF 6.2.3. Please make sure to cite the paper:
  Eur.Phys.J. C75 (2015) 3, 132  (http://arxiv.org/abs/1412.7420)
 ====================================================
   FF 2.0, a package to evaluate one-loop integrals
 written by G. J. van Oldenborgh, NIKHEF-H, Amsterdam
 ====================================================
 for the algorithms used see preprint NIKHEF-H 89/17,
 'New Algorithms for One-loop Integrals', by G.J. van
 Oldenborgh and J.A.M. Vermaseren, published in 
 Zeitschrift fuer Physik C46(1990)425.
 ====================================================
 
total number of errors and warnings
===================================
fferr: no errors
 
