
  Welcome to Resummino git-latest
  Copyright 2008-2010 Jonathan Debove.
  Copyright 2011-2014 David R. Lamprea.
  Copyright 2011-2016 Marcel Rothering.

  Licensed under the EUPL 1.1 or later.
  See http://www.resummino.org/ for more information.

  If using Resummino for slepton pair production, please cite.
  - G. Bozzi, B. Fuks, M. Klasen, PRD 74, 015001 (2006); NPB 777, 157 (2007); NPB 794, 46 (2007).
  - B. Fuks, M. Klasen, D. R. Lamprea, M. Rothering, EPJC 73, 2480 (2013).

  For gaugino pair production, please cite:
  - J. Debove, B. Fuks, M. Klasen, PLB 688, 208 (2010); NPB 842, 51 (2011); NPB 849, 64 (2011).
  - B. Fuks, M. Klasen, D. R. Lamprea, M. Rothering, JHEP 1210, 081 (2012); EPJC 73, 2480 (2013).

  For associated gaugino gluino production, please cite:
  - B. Fuks, M. Klasen, M. Rothering, JHEP 07:053, (2016).
  - B. Fuks, M. Klasen, D. R. Lamprea, M. Rothering, EPJC 73, 2480 (2013).

LHAPDF 6.2.3 loading /pool/condor/dir_23177/resummino-releases/lhapdf-prefix/share/LHAPDF/PDF4LHC21_40/PDF4LHC21_40_0000.dat
PDF4LHC21_40 PDF set, member #0, version 1
 alpha_s(M_Z^2) = 0.1180 	 for LO PDF set 
 alpha_s(1300.000^2) = 0.0844 	 for LO PDF set 

********************
* LO cross section *
********************
The limits of integration are:

xl[0]=0.000000    xu[0]=1.000000
xl[1]=0.000000    xu[1]=1.000000
xl[2]=0.000000    xu[2]=1.000000

num_dim=3, calls=2000, it_num=1, max_it_num=5 verb=0, alph=1.50,
mode=0, bins=50, boxes=1

       single.......iteration                   accumulated......results   
iteration     integral    sigma             integral         sigma     chi-sq/it

   1        5.6638e-13   1.74e-14          5.6638e-13      1.74e-14    0.00e+00
   2        5.9700e-13   6.26e-15          5.9349e-13      5.89e-15    2.74e+00
   3        6.0459e-13   3.44e-15          6.0177e-13      2.97e-15    2.69e+00
   4        5.9755e-13   3.24e-15          5.9984e-13      2.19e-15    2.10e+00
   5        5.9518e-13   3.38e-15          5.9846e-13      1.84e-15    1.91e+00

num_dim=3, calls=20000, it_num=1, max_it_num=5 verb=0, alph=1.50,
mode=0, bins=50, boxes=1

       single.......iteration                   accumulated......results   
iteration     integral    sigma             integral         sigma     chi-sq/it

   1        5.9963e-13   1.03e-15          5.9963e-13      1.03e-15    0.00e+00
   2        5.9959e-13   1.00e-15          5.9961e-13      7.20e-16    8.40e-04
   3        6.0115e-13   9.97e-16          6.0014e-13      5.84e-16    7.85e-01
   4        6.0095e-13   1.05e-15          6.0033e-13      5.11e-16    6.74e-01
   5        5.9868e-13   1.06e-15          6.0002e-13      4.60e-16    1.00e+00
LO = (6.0001910e-13 +- 4.5964769e-16) pb
LHAPDF 6.2.3 loading /pool/condor/dir_23177/resummino-releases/lhapdf-prefix/share/LHAPDF/PDF4LHC21_40/PDF4LHC21_40_0031.dat
PDF4LHC21_40 PDF set, member #31, version 1
 alpha_s(M_Z^2) = 0.1180 	 for NLO PDF set 
 alpha_s(1300.000^2) = 0.0844 	 for NLO PDF set 

********************
* LO cross section *
********************
The limits of integration are:

xl[0]=0.000000    xu[0]=1.000000
xl[1]=0.000000    xu[1]=1.000000
xl[2]=0.000000    xu[2]=1.000000

num_dim=3, calls=2000, it_num=1, max_it_num=5 verb=0, alph=1.50,
mode=0, bins=50, boxes=1

       single.......iteration                   accumulated......results   
iteration     integral    sigma             integral         sigma     chi-sq/it

   1        4.9681e-13   1.72e-14          4.9681e-13      1.72e-14    0.00e+00
   2        5.2337e-13   7.43e-15          5.1920e-13      6.82e-15    2.01e+00
   3        5.3397e-13   5.23e-15          5.2850e-13      4.15e-15    2.48e+00
   4        5.2759e-13   4.97e-15          5.2813e-13      3.18e-15    1.66e+00
   5        5.2362e-13   5.41e-15          5.2697e-13      2.74e-15    1.37e+00

num_dim=3, calls=20000, it_num=1, max_it_num=5 verb=0, alph=1.50,
mode=0, bins=50, boxes=1

       single.......iteration                   accumulated......results   
iteration     integral    sigma             integral         sigma     chi-sq/it

   1        5.2983e-13   1.58e-15          5.2983e-13      1.58e-15    0.00e+00
   2        5.3099e-13   1.53e-15          5.3043e-13      1.10e-15    2.79e-01
   3        5.3312e-13   1.51e-15          5.3135e-13      8.88e-16    1.18e+00
   4        5.3127e-13   1.56e-15          5.3133e-13      7.71e-16    7.85e-01
   5        5.2989e-13   1.55e-15          5.3105e-13      6.90e-16    7.65e-01
   5        5.2888e-13   1.56e-15          5.3069e-13      6.31e-16    9.32e-01
   5        5.3120e-13   1.60e-15          5.3076e-13      5.87e-16    7.91e-01
   5        5.2787e-13   1.59e-15          5.3041e-13      5.51e-16    1.10e+00
   5        5.2867e-13   1.61e-15          5.3023e-13      5.21e-16    1.09e+00
   5        5.2525e-13   1.71e-15          5.2980e-13      4.98e-16    1.83e+00
   5        5.3122e-13   1.64e-15          5.2992e-13      4.77e-16    1.72e+00
   5        5.2972e-13   1.67e-15          5.2991e-13      4.58e-16    1.56e+00
   5        5.3145e-13   1.68e-15          5.3002e-13      4.42e-16    1.50e+00
   5        5.2878e-13   1.74e-15          5.2994e-13      4.29e-16    1.42e+00
   5        5.3171e-13   1.77e-15          5.3004e-13      4.16e-16    1.39e+00
   5        5.2832e-13   1.79e-15          5.2995e-13      4.06e-16    1.35e+00
   5        5.3007e-13   1.75e-15          5.2996e-13      3.95e-16    1.27e+00
   5        5.3009e-13   1.80e-15          5.2996e-13      3.86e-16    1.19e+00
   5        5.3291e-13   1.81e-15          5.3009e-13      3.78e-16    1.27e+00
   5        5.3357e-13   1.73e-15          5.3025e-13      3.69e-16    1.40e+00
   5        5.2984e-13   1.78e-15          5.3023e-13      3.61e-16    1.33e+00
   5        5.3161e-13   1.80e-15          5.3029e-13      3.54e-16    1.30e+00
   5        5.3147e-13   1.81e-15          5.3033e-13      3.48e-16    1.26e+00
   5        5.3072e-13   1.89e-15          5.3034e-13      3.42e-16    1.20e+00
   5        5.3251e-13   1.92e-15          5.3041e-13      3.37e-16    1.21e+00
   5        5.2778e-13   1.98e-15          5.3034e-13      3.32e-16    1.23e+00
   5        5.3280e-13   1.95e-15          5.3040e-13      3.27e-16    1.24e+00
   5        5.3196e-13   1.91e-15          5.3045e-13      3.22e-16    1.22e+00
   5        5.3004e-13   1.97e-15          5.3044e-13      3.18e-16    1.17e+00
   5        5.3093e-13   1.95e-15          5.3045e-13      3.14e-16    1.14e+00
   5        5.2936e-13   2.03e-15          5.3042e-13      3.10e-16    1.11e+00
   5        5.3073e-13   1.99e-15          5.3043e-13      3.07e-16    1.07e+00
   5        5.3242e-13   1.99e-15          5.3048e-13      3.03e-16    1.07e+00
   5        5.2748e-13   2.08e-15          5.3042e-13      3.00e-16    1.10e+00
   5        5.2745e-13   2.05e-15          5.3035e-13      2.97e-16    1.13e+00
   5        5.3171e-13   2.04e-15          5.3038e-13      2.94e-16    1.11e+00
   5        5.2718e-13   2.12e-15          5.3032e-13      2.91e-16    1.14e+00
   5        5.2791e-13   2.17e-15          5.3028e-13      2.88e-16    1.14e+00
   5        5.2918e-13   2.13e-15          5.3026e-13      2.86e-16    1.12e+00
   5        5.2949e-13   2.15e-15          5.3025e-13      2.83e-16    1.09e+00
   5        5.3229e-13   2.14e-15          5.3028e-13      2.81e-16    1.09e+00
   5        5.3284e-13   2.16e-15          5.3032e-13      2.78e-16    1.09e+00
   5        5.3259e-13   2.18e-15          5.3036e-13      2.76e-16    1.09e+00
   5        5.2979e-13   2.22e-15          5.3035e-13      2.74e-16    1.07e+00
   5        5.2668e-13   2.30e-15          5.3030e-13      2.72e-16    1.10e+00
   5        5.3237e-13   2.28e-15          5.3033e-13      2.70e-16    1.10e+00
   5        5.3015e-13   2.44e-15          5.3033e-13      2.69e-16    1.07e+00
   5        5.2465e-13   2.22e-15          5.3024e-13      2.67e-16    1.19e+00
   5        5.3427e-13   2.26e-15          5.3030e-13      2.65e-16    1.23e+00
   5        5.3188e-13   2.27e-15          5.3032e-13      2.63e-16    1.21e+00
   5        5.3058e-13   2.19e-15          5.3032e-13      2.61e-16    1.19e+00
   5        5.2901e-13   2.18e-15          5.3031e-13      2.59e-16    1.17e+00
   5        5.3116e-13   2.19e-15          5.3032e-13      2.57e-16    1.15e+00
   5        5.2698e-13   2.35e-15          5.3028e-13      2.56e-16    1.17e+00
   5        5.3574e-13   2.19e-15          5.3035e-13      2.54e-16    1.26e+00
LO = (5.3035229e-13 +- 2.5416841e-16) pb

*******************************************
* virtual corrections + integrated dipole *
*******************************************
The limits of integration are:

xl[0]=0.000000    xu[0]=1.000000
xl[1]=0.000000    xu[1]=1.000000
xl[2]=0.000000    xu[2]=1.000000

num_dim=3, calls=240, it_num=1, max_it_num=5 verb=0, alph=1.50,
mode=0, bins=50, boxes=1

       single.......iteration                   accumulated......results   
iteration     integral    sigma             integral         sigma     chi-sq/it

   1        5.5624e-14   5.68e-15          5.5624e-14      5.68e-15    0.00e+00
   2        6.1804e-14   3.61e-15          6.0027e-14      3.05e-15    8.43e-01
   3        6.6163e-14   2.79e-15          6.3360e-14      2.06e-15    1.52e+00
   4        6.9073e-14   2.00e-15          6.6302e-14      1.43e-15    2.34e+00
   5        7.0844e-14   1.97e-15          6.7879e-14      1.16e-15    2.62e+00

num_dim=3, calls=1200, it_num=1, max_it_num=3 verb=0, alph=1.50,
mode=0, bins=50, boxes=1

       single.......iteration                   accumulated......results   
iteration     integral    sigma             integral         sigma     chi-sq/it

   1        6.4238e-14   9.67e-16          6.4238e-14      9.67e-16    0.00e+00
   2        6.6320e-14   9.09e-16          6.5344e-14      6.62e-16    2.46e+00
   3        6.5915e-14   8.59e-16          6.5556e-14      5.25e-16    1.37e+00
   3        6.8082e-14   8.00e-16          6.6316e-14      4.39e-16    3.24e+00
   3        6.6467e-14   7.79e-16          6.6353e-14      3.82e-16    2.44e+00
   3        6.6401e-14   8.83e-16          6.6360e-14      3.51e-16    1.95e+00
   3        6.4786e-14   9.11e-16          6.6157e-14      3.27e-16    2.06e+00
   3        6.7746e-14   7.88e-16          6.6391e-14      3.02e-16    2.26e+00
   3        6.7485e-14   7.64e-16          6.6539e-14      2.81e-16    2.20e+00
   3        6.6655e-14   8.32e-16          6.6551e-14      2.66e-16    1.96e+00
   3        6.5829e-14   9.02e-16          6.6493e-14      2.55e-16    1.82e+00
   3        6.5810e-14   8.95e-16          6.6441e-14      2.46e-16    1.70e+00
   3        6.7417e-14   8.23e-16          6.6521e-14      2.35e-16    1.67e+00
   3        6.6952e-14   7.84e-16          6.6557e-14      2.25e-16    1.56e+00
   3        6.6512e-14   8.53e-16          6.6554e-14      2.18e-16    1.45e+00
   3        6.5292e-14   8.66e-16          6.6479e-14      2.11e-16    1.49e+00
   3        6.6635e-14   8.33e-16          6.6488e-14      2.05e-16    1.40e+00
   3        6.5771e-14   8.93e-16          6.6452e-14      2.00e-16    1.35e+00
vNLO = (6.6452452e-14 +- 1.9967369e-16) pb

*****************************
* collinear remainder (P+K) *
*****************************
The limits of integration are:

xl[0]=0.000000    xu[0]=1.000000
xl[1]=0.000000    xu[1]=1.000000
xl[2]=0.000000    xu[2]=1.000000
xl[3]=0.000000    xu[3]=1.000000

num_dim=4, calls=2500, it_num=1, max_it_num=5 verb=0, alph=1.50,
mode=0, bins=50, boxes=1

       single.......iteration                   accumulated......results   
iteration     integral    sigma             integral         sigma     chi-sq/it

   1        7.3926e-14   4.74e-15          7.3926e-14      4.74e-15    0.00e+00
   2        7.6107e-14   1.85e-15          7.5819e-14      1.72e-15    1.84e-01
   3        7.5714e-14   1.52e-15          7.5760e-14      1.14e-15    9.30e-02
   4        7.5602e-14   1.46e-15          7.5700e-14      8.99e-16    6.44e-02
   5        7.7054e-14   1.41e-15          7.6093e-14      7.57e-16    2.13e-01

num_dim=4, calls=25000, it_num=1, max_it_num=3 verb=0, alph=1.50,
mode=0, bins=50, boxes=1

       single.......iteration                   accumulated......results   
iteration     integral    sigma             integral         sigma     chi-sq/it

   1        7.6769e-14   4.52e-16          7.6769e-14      4.52e-16    0.00e+00
   2        7.7062e-14   4.44e-16          7.6918e-14      3.17e-16    2.13e-01
   3        7.5884e-14   4.49e-16          7.6575e-14      2.59e-16    1.87e+00
   3        7.6308e-14   4.52e-16          7.6509e-14      2.25e-16    1.34e+00
   3        7.5698e-14   4.53e-16          7.6349e-14      2.01e-16    1.65e+00
   3        7.5600e-14   4.57e-16          7.6227e-14      1.84e-16    1.77e+00
   3        7.5704e-14   4.53e-16          7.6153e-14      1.71e-16    1.66e+00
   3        7.6132e-14   4.53e-16          7.6150e-14      1.60e-16    1.43e+00
P+K = (7.6150325e-14 +- 1.5967438e-16) pb

********************************
* real gluon emission - dipole *
********************************
The limits of integration are:

xl[0]=0.000000    xu[0]=1.000000
xl[1]=0.000000    xu[1]=1.000000
xl[2]=0.000000    xu[2]=1.000000
xl[3]=0.000000    xu[3]=1.000000
xl[4]=0.000000    xu[4]=1.000000
xl[5]=0.000000    xu[5]=1.000000

num_dim=6, calls=250, it_num=1, max_it_num=5 verb=0, alph=1.50,
mode=0, bins=50, boxes=1

       single.......iteration                   accumulated......results   
iteration     integral    sigma             integral         sigma     chi-sq/it

   1        -9.3330e-16   3.84e-16          -9.3330e-16      3.84e-16    0.00e+00
   2        -8.7219e-16   2.45e-16          -8.8987e-16      2.06e-16    1.80e-02
   3        -6.6686e-16   9.91e-17          -7.0871e-16      8.94e-17    4.84e-01
   4        -7.2414e-16   8.64e-17          -7.1669e-16      6.21e-17    3.28e-01
   5        -5.9863e-16   1.39e-16          -6.9709e-16      5.67e-17    3.96e-01

num_dim=6, calls=2500, it_num=1, max_it_num=3 verb=0, alph=1.50,
mode=0, bins=50, boxes=1

       single.......iteration                   accumulated......results   
iteration     integral    sigma             integral         sigma     chi-sq/it

   1        -7.1954e-16   2.79e-17          -7.1954e-16      2.79e-17    0.00e+00
   2        -7.2669e-16   1.73e-17          -7.2469e-16      1.47e-17    4.73e-02
   3        -7.3856e-16   1.37e-17          -7.3215e-16      1.00e-17    2.62e-01
rNLOg = (-7.3214933e-16 +- 1.0016408e-17) pb

**************************************************
* real light quark emission - dipole - (onshell) *
**************************************************
The limits of integration are:

xl[0]=0.000000    xu[0]=1.000000
xl[1]=0.000000    xu[1]=1.000000
xl[2]=0.000000    xu[2]=1.000000
xl[3]=0.000000    xu[3]=1.000000
xl[4]=0.000000    xu[4]=1.000000
xl[5]=0.000000    xu[5]=1.000000

num_dim=6, calls=5000, it_num=1, max_it_num=5 verb=0, alph=1.50,
mode=0, bins=50, boxes=1

       single.......iteration                   accumulated......results   
iteration     integral    sigma             integral         sigma     chi-sq/it

   1        1.9438e-15   1.30e-16          1.9438e-15      1.30e-16    0.00e+00
   2        1.9878e-15   3.90e-17          1.9841e-15      3.74e-17    1.05e-01
   3        1.9268e-15   2.16e-17          1.9412e-15      1.87e-17    9.34e-01
   4        1.9165e-15   1.67e-17          1.9274e-15      1.25e-17    9.45e-01
   5        1.9280e-15   1.47e-17          1.9277e-15      9.52e-18    7.09e-01

num_dim=6, calls=50000, it_num=1, max_it_num=5 verb=0, alph=1.50,
mode=0, bins=50, boxes=1

       single.......iteration                   accumulated......results   
iteration     integral    sigma             integral         sigma     chi-sq/it

   1        1.9255e-15   4.51e-18          1.9255e-15      4.51e-18    0.00e+00
   2        1.9379e-15   5.61e-18          1.9304e-15      3.51e-18    2.97e+00
   3        1.9415e-15   5.77e-18          1.9334e-15      3.00e-18    2.83e+00
   4        1.9341e-15   5.22e-18          1.9336e-15      2.60e-18    1.89e+00
   5        1.9380e-15   5.73e-18          1.9343e-15      2.37e-18    1.55e+00
   5        1.9303e-15   5.00e-18          1.9336e-15      2.14e-18    1.34e+00
rNLOq = (1.9335926e-15 +- 2.1403710e-18) pb
NLO = (6.7415651e-13 +- 3.6065493e-16) pb
#chisq/dof = 1.82764e-09
#status = success
#chisq/dof = 1.53417e-09
#status = success
#chisq/dof = 1.15828e-09
#status = success
#chisq/dof = 1.13336e-09
#status = success
#chisq/dof = 1.21425e-10
#status = success
#chisq/dof = 3.03546e-12
#status = success
#chisq/dof = 2.63676e-10
#status = success
#chisq/dof = 3.96363e-11
#status = success

*******************************************************
* threshold resummation (unimproved nnll) - expansion *
*******************************************************
The limits of integration are:

xl[0]=0.000000    xu[0]=1.000000
xl[1]=0.000000    xu[1]=1.000000
xl[2]=0.000000    xu[2]=1.000000

num_dim=3, calls=7000, it_num=1, max_it_num=5 verb=0, alph=1.50,
mode=0, bins=50, boxes=1

       single.......iteration                   accumulated......results   
iteration     integral    sigma             integral         sigma     chi-sq/it

   1        2.0176e-15   2.59e-14          2.0176e-15      2.59e-14    0.00e+00
   2        2.0331e-14   8.66e-15          1.8495e-14      8.21e-15    4.48e-01
   3        6.3781e-15   7.68e-15          1.2034e-14      5.61e-15    8.05e-01
   4        1.7125e-14   7.67e-15          1.3809e-14      4.53e-15    6.32e-01
   5        4.4769e-15   7.67e-15          1.1397e-14      3.90e-15    7.48e-01

num_dim=3, calls=35000, it_num=1, max_it_num=5 verb=0, alph=1.50,
mode=0, bins=50, boxes=1

       single.......iteration                   accumulated......results   
iteration     integral    sigma             integral         sigma     chi-sq/it

   1        9.6541e-15   3.41e-15          9.6541e-15      3.41e-15    0.00e+00
   2        7.4368e-15   3.39e-15          8.5388e-15      2.41e-15    2.12e-01
   3        3.3608e-15   3.41e-15          6.8199e-15      1.97e-15    8.75e-01
   4        9.2328e-15   3.42e-15          7.4202e-15      1.70e-15    7.08e-01
   5        2.5115e-15   3.42e-15          6.4439e-15      1.53e-15    9.43e-01
   5        3.5337e-15   3.40e-15          5.9566e-15      1.39e-15    8.77e-01
   5        1.0221e-14   3.44e-15          6.5575e-15      1.29e-15    9.51e-01
   5        2.2276e-15   3.43e-15          6.0221e-15      1.21e-15    1.01e+00
   5        5.4883e-15   3.44e-15          5.9635e-15      1.14e-15    8.90e-01
   5        6.8421e-16   3.43e-15          5.4398e-15      1.08e-15    1.03e+00
   5        5.8813e-15   3.45e-15          5.4793e-15      1.03e-15    9.26e-01
   5        2.8784e-15   3.45e-15          5.2656e-15      9.89e-16    8.90e-01
   5        7.8714e-15   3.44e-15          5.4642e-15      9.50e-16    8.60e-01
   5        7.8669e-15   3.46e-15          5.6327e-15      9.16e-16    8.28e-01
   5        6.5585e-15   3.49e-15          5.6926e-15      8.86e-16    7.74e-01
   5        1.1663e-14   3.50e-15          6.0529e-15      8.59e-16    9.05e-01
   5        5.6868e-15   3.47e-15          6.0317e-15      8.34e-16    8.49e-01
   5        1.2287e-15   3.47e-15          5.7701e-15      8.11e-16    9.05e-01
   5        2.4186e-15   3.49e-15          5.5980e-15      7.90e-16    9.04e-01
   5        1.2787e-14   3.54e-15          5.9396e-15      7.71e-16    1.06e+00
   5        4.8290e-15   3.49e-15          5.8879e-15      7.53e-16    1.01e+00
   5        9.7771e-16   3.47e-15          5.6674e-15      7.36e-16    1.06e+00
   5        7.6030e-15   3.48e-15          5.7502e-15      7.20e-16    1.02e+00
   5        9.1053e-15   3.50e-15          5.8864e-15      7.05e-16    1.02e+00
   5        7.8129e-15   3.51e-15          5.9613e-15      6.91e-16    9.87e-01
   5        1.3206e-14   3.52e-15          6.2294e-15      6.78e-16    1.11e+00
   5        5.6089e-15   3.50e-15          6.2070e-15      6.66e-16    1.07e+00
   5        7.0187e-15   3.52e-15          6.2350e-15      6.54e-16    1.03e+00
   5        5.4500e-15   3.53e-15          6.2089e-15      6.43e-16    9.96e-01
   5        4.7158e-15   3.58e-15          6.1621e-15      6.33e-16    9.67e-01
   5        9.0957e-15   3.55e-15          6.2523e-15      6.23e-16    9.57e-01
   5        1.4271e-14   3.54e-15          6.4928e-15      6.14e-16    1.09e+00
   5        3.8872e-15   3.57e-15          6.4178e-15      6.05e-16    1.07e+00
   5        6.3905e-15   3.54e-15          6.4170e-15      5.96e-16    1.04e+00
   5        1.0410e-14   3.59e-15          6.5239e-15      5.88e-16    1.04e+00
   5        1.0155e-14   3.58e-15          6.6195e-15      5.80e-16    1.04e+00
   5        -3.5677e-16   3.57e-15          6.4399e-15      5.73e-16    1.11e+00
   5        4.3441e-15   3.59e-15          6.3877e-15      5.66e-16    1.09e+00
   5        4.5477e-15   3.59e-15          6.3430e-15      5.59e-16    1.07e+00
   5        4.1779e-15   3.61e-15          6.2922e-15      5.52e-16    1.05e+00
   5        2.4393e-15   3.62e-15          6.2045e-15      5.46e-16    1.05e+00
   5        3.6293e-15   3.63e-15          6.1474e-15      5.40e-16    1.04e+00
   5        6.6220e-16   3.62e-15          6.0279e-15      5.34e-16    1.07e+00
   5        -3.9597e-16   3.61e-15          5.8905e-15      5.28e-16    1.12e+00
   5        2.7383e-15   3.68e-15          5.8270e-15      5.23e-16    1.11e+00
   5        3.4429e-15   3.66e-15          5.7794e-15      5.18e-16    1.09e+00
   5        1.2746e-14   3.65e-15          5.9166e-15      5.12e-16    1.15e+00
   5        4.4081e-15   3.68e-15          5.8879e-15      5.08e-16    1.12e+00
   5        9.4411e-15   3.65e-15          5.9553e-15      5.03e-16    1.12e+00
   5        -9.5649e-17   3.68e-15          5.8443e-15      4.98e-16    1.15e+00
   5        9.3124e-15   3.67e-15          5.9072e-15      4.94e-16    1.15e+00
   5        1.4088e-14   3.64e-15          6.0546e-15      4.89e-16    1.22e+00
   5        5.7663e-15   3.66e-15          6.0496e-15      4.85e-16    1.20e+00
   5        1.0986e-14   3.64e-15          6.1356e-15      4.81e-16    1.21e+00
   5        6.6476e-15   3.68e-15          6.1442e-15      4.77e-16    1.19e+00
aNNLO+NNLL = (6.8030069e-13 +- 5.9761265e-16) pb

Results:
LO = (6.0001910e-13 +- 4.5964769e-16) pb
NLO = (6.7415651e-13 +- 3.6065493e-16) pb
aNNLO+NNLL = (6.8030069e-13 +- 5.9761265e-16) pb
Thanks for using LHAPDF 6.2.3. Please make sure to cite the paper:
  Eur.Phys.J. C75 (2015) 3, 132  (http://arxiv.org/abs/1412.7420)
 ====================================================
   FF 2.0, a package to evaluate one-loop integrals
 written by G. J. van Oldenborgh, NIKHEF-H, Amsterdam
 ====================================================
 for the algorithms used see preprint NIKHEF-H 89/17,
 'New Algorithms for One-loop Integrals', by G.J. van
 Oldenborgh and J.A.M. Vermaseren, published in 
 Zeitschrift fuer Physik C46(1990)425.
 ====================================================
 
total number of errors and warnings
===================================
fferr: no errors
 
