
  Welcome to Resummino git-latest
  Copyright 2008-2010 Jonathan Debove.
  Copyright 2011-2014 David R. Lamprea.
  Copyright 2011-2016 Marcel Rothering.

  Licensed under the EUPL 1.1 or later.
  See http://www.resummino.org/ for more information.

  If using Resummino for slepton pair production, please cite.
  - G. Bozzi, B. Fuks, M. Klasen, PRD 74, 015001 (2006); NPB 777, 157 (2007); NPB 794, 46 (2007).
  - B. Fuks, M. Klasen, D. R. Lamprea, M. Rothering, EPJC 73, 2480 (2013).

  For gaugino pair production, please cite:
  - J. Debove, B. Fuks, M. Klasen, PLB 688, 208 (2010); NPB 842, 51 (2011); NPB 849, 64 (2011).
  - B. Fuks, M. Klasen, D. R. Lamprea, M. Rothering, JHEP 1210, 081 (2012); EPJC 73, 2480 (2013).

  For associated gaugino gluino production, please cite:
  - B. Fuks, M. Klasen, M. Rothering, JHEP 07:053, (2016).
  - B. Fuks, M. Klasen, D. R. Lamprea, M. Rothering, EPJC 73, 2480 (2013).

LHAPDF 6.2.3 loading /pool/condor/dir_5333/resummino-releases/lhapdf-prefix/share/LHAPDF/PDF4LHC21_40/PDF4LHC21_40_0000.dat
PDF4LHC21_40 PDF set, member #0, version 1
 alpha_s(M_Z^2) = 0.1180 	 for LO PDF set 
 alpha_s(700.000^2) = 0.0903 	 for LO PDF set 

********************
* LO cross section *
********************
The limits of integration are:

xl[0]=0.000000    xu[0]=1.000000
xl[1]=0.000000    xu[1]=1.000000
xl[2]=0.000000    xu[2]=1.000000

num_dim=3, calls=2000, it_num=1, max_it_num=5 verb=0, alph=1.50,
mode=0, bins=50, boxes=1

       single.......iteration                   accumulated......results   
iteration     integral    sigma             integral         sigma     chi-sq/it

   1        4.0419e-12   1.28e-13          4.0419e-12      1.28e-13    0.00e+00
   2        4.1691e-12   4.37e-14          4.1559e-12      4.14e-14    8.79e-01
   3        4.2363e-12   2.45e-14          4.2155e-12      2.11e-14    1.84e+00
   4        4.1814e-12   2.28e-14          4.1998e-12      1.55e-14    1.63e+00
   5        4.1707e-12   2.39e-14          4.1912e-12      1.30e-14    1.48e+00

num_dim=3, calls=20000, it_num=1, max_it_num=5 verb=0, alph=1.50,
mode=0, bins=50, boxes=1

       single.......iteration                   accumulated......results   
iteration     integral    sigma             integral         sigma     chi-sq/it

   1        4.1997e-12   7.29e-15          4.1997e-12      7.29e-15    0.00e+00
   2        4.2012e-12   7.11e-15          4.2005e-12      5.09e-15    1.99e-02
   3        4.2125e-12   7.05e-15          4.2046e-12      4.13e-15    9.60e-01
   4        4.2103e-12   7.42e-15          4.2059e-12      3.61e-15    7.93e-01
   5        4.1940e-12   7.43e-15          4.2037e-12      3.24e-15    1.12e+00
LO = (4.2036592e-12 +- 3.2444870e-15) pb
LHAPDF 6.2.3 loading /pool/condor/dir_5333/resummino-releases/lhapdf-prefix/share/LHAPDF/PDF4LHC21_40/PDF4LHC21_40_0004.dat
PDF4LHC21_40 PDF set, member #4, version 1
 alpha_s(M_Z^2) = 0.1180 	 for NLO PDF set 
 alpha_s(700.000^2) = 0.0903 	 for NLO PDF set 

********************
* LO cross section *
********************
The limits of integration are:

xl[0]=0.000000    xu[0]=1.000000
xl[1]=0.000000    xu[1]=1.000000
xl[2]=0.000000    xu[2]=1.000000

num_dim=3, calls=2000, it_num=1, max_it_num=5 verb=0, alph=1.50,
mode=0, bins=50, boxes=1

       single.......iteration                   accumulated......results   
iteration     integral    sigma             integral         sigma     chi-sq/it

   1        3.9721e-12   1.26e-13          3.9721e-12      1.26e-13    0.00e+00
   2        4.0947e-12   4.27e-14          4.0821e-12      4.04e-14    8.48e-01
   3        4.1628e-12   2.37e-14          4.1421e-12      2.05e-14    1.91e+00
   4        4.1109e-12   2.20e-14          4.1277e-12      1.50e-14    1.63e+00
   5        4.1001e-12   2.31e-14          4.1195e-12      1.26e-14    1.47e+00

num_dim=3, calls=20000, it_num=1, max_it_num=5 verb=0, alph=1.50,
mode=0, bins=50, boxes=1

       single.......iteration                   accumulated......results   
iteration     integral    sigma             integral         sigma     chi-sq/it

   1        4.1266e-12   7.05e-15          4.1266e-12      7.05e-15    0.00e+00
   2        4.1277e-12   6.88e-15          4.1272e-12      4.92e-15    1.12e-02
   3        4.1393e-12   6.82e-15          4.1313e-12      3.99e-15    1.05e+00
   4        4.1372e-12   7.19e-15          4.1327e-12      3.49e-15    8.71e-01
   5        4.1205e-12   7.19e-15          4.1304e-12      3.14e-15    1.24e+00
   5        4.1244e-12   7.21e-15          4.1294e-12      2.88e-15    1.10e+00
   5        4.1317e-12   7.22e-15          4.1297e-12      2.67e-15    9.35e-01
   5        4.1210e-12   7.31e-15          4.1287e-12      2.51e-15    9.84e-01
   5        4.1216e-12   7.51e-15          4.1280e-12      2.38e-15    9.62e-01
   5        4.1168e-12   7.67e-15          4.1270e-12      2.27e-15    1.07e+00
   5        4.1264e-12   8.02e-15          4.1270e-12      2.19e-15    9.64e-01
   5        4.1249e-12   8.12e-15          4.1268e-12      2.11e-15    8.82e-01
   5        4.1348e-12   8.54e-15          4.1273e-12      2.05e-15    8.77e-01
   5        4.1230e-12   8.95e-15          4.1271e-12      2.00e-15    8.27e-01
   5        4.1284e-12   9.53e-15          4.1271e-12      1.96e-15    7.69e-01
   5        4.1186e-12   9.84e-15          4.1268e-12      1.92e-15    7.66e-01
   5        4.1185e-12   9.97e-15          4.1265e-12      1.88e-15    7.60e-01
   5        4.1351e-12   1.02e-14          4.1268e-12      1.85e-15    7.55e-01
   5        4.1406e-12   1.10e-14          4.1272e-12      1.83e-15    7.99e-01
   5        4.1431e-12   1.07e-14          4.1276e-12      1.80e-15    8.70e-01
   5        4.1174e-12   1.09e-14          4.1274e-12      1.78e-15    8.69e-01
   5        4.1317e-12   1.13e-14          4.1275e-12      1.76e-15    8.35e-01
   5        4.1333e-12   1.18e-14          4.1276e-12      1.74e-15    8.08e-01
   5        4.1267e-12   1.22e-14          4.1276e-12      1.72e-15    7.73e-01
   5        4.1444e-12   1.24e-14          4.1279e-12      1.70e-15    8.16e-01
   5        4.1208e-12   1.25e-14          4.1278e-12      1.69e-15    7.96e-01
   5        4.1571e-12   1.28e-14          4.1283e-12      1.67e-15    9.64e-01
   5        4.1296e-12   1.25e-14          4.1283e-12      1.66e-15    9.29e-01
   5        4.1272e-12   1.30e-14          4.1283e-12      1.64e-15    8.96e-01
   5        4.1379e-12   1.32e-14          4.1284e-12      1.63e-15    8.83e-01
   5        4.1207e-12   1.29e-14          4.1283e-12      1.62e-15    8.65e-01
   5        4.1284e-12   1.36e-14          4.1283e-12      1.61e-15    8.37e-01
   5        4.1464e-12   1.33e-14          4.1286e-12      1.60e-15    8.69e-01
   5        4.1185e-12   1.38e-14          4.1284e-12      1.59e-15    8.58e-01
   5        4.1045e-12   1.36e-14          4.1281e-12      1.58e-15    9.23e-01
   5        4.1435e-12   1.40e-14          4.1283e-12      1.57e-15    9.31e-01
   5        4.0911e-12   1.37e-14          4.1278e-12      1.56e-15    1.11e+00
   5        4.1121e-12   1.43e-14          4.1276e-12      1.55e-15    1.11e+00
   5        4.1405e-12   1.39e-14          4.1278e-12      1.54e-15    1.10e+00
   5        4.1292e-12   1.41e-14          4.1278e-12      1.53e-15    1.07e+00
   5        4.1344e-12   1.44e-14          4.1279e-12      1.52e-15    1.05e+00
   5        4.1251e-12   1.44e-14          4.1279e-12      1.51e-15    1.03e+00
   5        4.1586e-12   1.47e-14          4.1282e-12      1.50e-15    1.11e+00
   5        4.1396e-12   1.45e-14          4.1283e-12      1.49e-15    1.09e+00
   5        4.1081e-12   1.48e-14          4.1281e-12      1.49e-15    1.11e+00
   5        4.1232e-12   1.51e-14          4.1280e-12      1.48e-15    1.09e+00
   5        4.1488e-12   1.57e-14          4.1282e-12      1.47e-15    1.10e+00
   5        4.0941e-12   1.53e-14          4.1279e-12      1.47e-15    1.18e+00
   5        4.1620e-12   1.58e-14          4.1282e-12      1.46e-15    1.26e+00
   5        4.1515e-12   1.54e-14          4.1284e-12      1.45e-15    1.28e+00
   5        4.1237e-12   1.53e-14          4.1284e-12      1.45e-15    1.25e+00
   5        4.0951e-12   1.53e-14          4.1281e-12      1.44e-15    1.32e+00
   5        4.1305e-12   1.56e-14          4.1281e-12      1.43e-15    1.30e+00
   5        4.1321e-12   1.60e-14          4.1281e-12      1.43e-15    1.27e+00
   5        4.1579e-12   1.56e-14          4.1284e-12      1.42e-15    1.32e+00
LO = (4.1283734e-12 +- 1.4229570e-15) pb

*******************************************
* virtual corrections + integrated dipole *
*******************************************
The limits of integration are:

xl[0]=0.000000    xu[0]=1.000000
xl[1]=0.000000    xu[1]=1.000000
xl[2]=0.000000    xu[2]=1.000000

num_dim=3, calls=240, it_num=1, max_it_num=5 verb=0, alph=1.50,
mode=0, bins=50, boxes=1

       single.......iteration                   accumulated......results   
iteration     integral    sigma             integral         sigma     chi-sq/it

   1        5.0089e-13   4.82e-14          5.0089e-13      4.82e-14    0.00e+00
   2        5.1858e-13   2.45e-14          5.1494e-13      2.18e-14    1.07e-01
   3        5.6525e-13   1.46e-14          5.4975e-13      1.21e-14    1.89e+00
   4        5.6086e-13   1.00e-14          5.5635e-13      7.73e-15    1.42e+00
   5        5.7713e-13   1.28e-14          5.6190e-13      6.61e-15    1.55e+00

num_dim=3, calls=1200, it_num=1, max_it_num=3 verb=0, alph=1.50,
mode=0, bins=50, boxes=1

       single.......iteration                   accumulated......results   
iteration     integral    sigma             integral         sigma     chi-sq/it

   1        5.4371e-13   5.40e-15          5.4371e-13      5.40e-15    0.00e+00
   2        5.5716e-13   4.46e-15          5.5170e-13      3.44e-15    3.68e+00
   3        5.5154e-13   4.07e-15          5.5163e-13      2.63e-15    1.84e+00
   3        5.6402e-13   4.21e-15          5.5510e-13      2.23e-15    3.30e+00
   3        5.4864e-13   4.17e-15          5.5366e-13      1.97e-15    2.94e+00
   3        5.5560e-13   4.12e-15          5.5402e-13      1.77e-15    2.39e+00
   3        5.4905e-13   4.45e-15          5.5334e-13      1.65e-15    2.17e+00
   3        5.5938e-13   4.16e-15          5.5416e-13      1.53e-15    2.12e+00
   3        5.5846e-13   4.11e-15          5.5468e-13      1.44e-15    1.98e+00
   3        5.5512e-13   4.10e-15          5.5473e-13      1.36e-15    1.76e+00
   3        5.5211e-13   4.23e-15          5.5449e-13      1.29e-15    1.62e+00
   3        5.5450e-13   4.33e-15          5.5449e-13      1.24e-15    1.47e+00
vNLO = (5.5448850e-13 +- 1.2367873e-15) pb

*****************************
* collinear remainder (P+K) *
*****************************
The limits of integration are:

xl[0]=0.000000    xu[0]=1.000000
xl[1]=0.000000    xu[1]=1.000000
xl[2]=0.000000    xu[2]=1.000000
xl[3]=0.000000    xu[3]=1.000000

num_dim=4, calls=2500, it_num=1, max_it_num=5 verb=0, alph=1.50,
mode=0, bins=50, boxes=1

       single.......iteration                   accumulated......results   
iteration     integral    sigma             integral         sigma     chi-sq/it

   1        3.0960e-13   3.03e-14          3.0960e-13      3.03e-14    0.00e+00
   2        3.0834e-13   1.32e-14          3.0854e-13      1.21e-14    1.44e-03
   3        3.1020e-13   1.15e-14          3.0941e-13      8.34e-15    5.67e-03
   4        3.2029e-13   1.09e-14          3.1344e-13      6.61e-15    2.14e-01
   5        3.3101e-13   1.10e-14          3.1813e-13      5.66e-15    6.31e-01

num_dim=4, calls=25000, it_num=1, max_it_num=3 verb=0, alph=1.50,
mode=0, bins=50, boxes=1

       single.......iteration                   accumulated......results   
iteration     integral    sigma             integral         sigma     chi-sq/it

   1        3.2444e-13   3.48e-15          3.2444e-13      3.48e-15    0.00e+00
   2        3.2185e-13   3.46e-15          3.2314e-13      2.45e-15    2.81e-01
   3        3.1577e-13   3.47e-15          3.2068e-13      2.00e-15    1.64e+00
   3        3.2133e-13   3.46e-15          3.2084e-13      1.73e-15    1.10e+00
   3        3.1562e-13   3.47e-15          3.1980e-13      1.55e-15    1.28e+00
   3        3.1623e-13   3.46e-15          3.1920e-13      1.42e-15    1.20e+00
   3        3.1612e-13   3.49e-15          3.1877e-13      1.31e-15    1.11e+00
P+K = (3.1876722e-13 +- 1.3113539e-15) pb

********************************
* real gluon emission - dipole *
********************************
The limits of integration are:

xl[0]=0.000000    xu[0]=1.000000
xl[1]=0.000000    xu[1]=1.000000
xl[2]=0.000000    xu[2]=1.000000
xl[3]=0.000000    xu[3]=1.000000
xl[4]=0.000000    xu[4]=1.000000
xl[5]=0.000000    xu[5]=1.000000

num_dim=6, calls=250, it_num=1, max_it_num=5 verb=0, alph=1.50,
mode=0, bins=50, boxes=1

       single.......iteration                   accumulated......results   
iteration     integral    sigma             integral         sigma     chi-sq/it

   1        -1.3062e-14   4.31e-15          -1.3062e-14      4.31e-15    0.00e+00
   2        -1.6411e-14   3.51e-15          -1.5072e-14      2.72e-15    3.63e-01
   3        -1.0857e-14   1.63e-15          -1.1965e-14      1.40e-15    1.07e+00
   4        -1.1404e-14   1.19e-15          -1.1640e-14      9.05e-16    7.41e-01
   5        -1.2839e-14   1.14e-15          -1.2102e-14      7.09e-16    7.25e-01

num_dim=6, calls=2500, it_num=1, max_it_num=3 verb=0, alph=1.50,
mode=0, bins=50, boxes=1

       single.......iteration                   accumulated......results   
iteration     integral    sigma             integral         sigma     chi-sq/it

   1        -1.1423e-14   2.82e-16          -1.1423e-14      2.82e-16    0.00e+00
   2        -1.1213e-14   1.71e-16          -1.1269e-14      1.47e-16    4.05e-01
   3        -1.1354e-14   1.61e-16          -1.1308e-14      1.08e-16    2.79e-01
   3        -1.1177e-14   1.51e-16          -1.1263e-14      8.81e-17    3.51e-01
   3        -1.1234e-14   1.35e-16          -1.1255e-14      7.38e-17    2.72e-01
   3        -1.1219e-14   1.28e-16          -1.1246e-14      6.39e-17    2.29e-01
   3        -1.1227e-14   1.24e-16          -1.1242e-14      5.68e-17    1.94e-01
   3        -1.1211e-14   1.21e-16          -1.1236e-14      5.14e-17    1.74e-01
   3        -1.1272e-14   1.22e-16          -1.1242e-14      4.74e-17    1.61e-01
   3        -1.1348e-14   1.25e-16          -1.1255e-14      4.43e-17    2.14e-01
   3        -1.1182e-14   1.22e-16          -1.1247e-14      4.16e-17    2.24e-01
   3        -1.1185e-14   1.24e-16          -1.1240e-14      3.95e-17    2.24e-01
   3        -1.1249e-14   1.21e-16          -1.1241e-14      3.75e-17    2.06e-01
   3        -1.1355e-14   1.21e-16          -1.1251e-14      3.58e-17    2.51e-01
   3        -1.1098e-14   1.19e-16          -1.1238e-14      3.43e-17    3.42e-01
   3        -1.1231e-14   1.32e-16          -1.1238e-14      3.32e-17    3.19e-01
   3        -1.1159e-14   1.35e-16          -1.1233e-14      3.22e-17    3.19e-01
   3        -1.1048e-14   1.22e-16          -1.1221e-14      3.12e-17    4.27e-01
   3        -1.1213e-14   1.31e-16          -1.1221e-14      3.03e-17    4.04e-01
   3        -1.1083e-14   1.29e-16          -1.1214e-14      2.95e-17    4.40e-01
   3        -1.1011e-14   1.23e-16          -1.1203e-14      2.87e-17    5.45e-01
rNLOg = (-1.1202716e-14 +- 2.8716328e-17) pb

**************************************************
* real light quark emission - dipole - (onshell) *
**************************************************
The limits of integration are:

xl[0]=0.000000    xu[0]=1.000000
xl[1]=0.000000    xu[1]=1.000000
xl[2]=0.000000    xu[2]=1.000000
xl[3]=0.000000    xu[3]=1.000000
xl[4]=0.000000    xu[4]=1.000000
xl[5]=0.000000    xu[5]=1.000000

num_dim=6, calls=5000, it_num=1, max_it_num=5 verb=0, alph=1.50,
mode=0, bins=50, boxes=1

       single.......iteration                   accumulated......results   
iteration     integral    sigma             integral         sigma     chi-sq/it

   1        2.3824e-14   1.90e-15          2.3824e-14      1.90e-15    0.00e+00
   2        2.5535e-14   5.90e-16          2.5385e-14      5.63e-16    7.42e-01
   3        2.4462e-14   2.93e-16          2.4658e-14      2.60e-16    1.43e+00
   4        2.4073e-14   2.29e-16          2.4329e-14      1.72e-16    1.90e+00
   5        2.4308e-14   2.07e-16          2.4321e-14      1.32e-16    1.43e+00

num_dim=6, calls=50000, it_num=1, max_it_num=5 verb=0, alph=1.50,
mode=0, bins=50, boxes=1

       single.......iteration                   accumulated......results   
iteration     integral    sigma             integral         sigma     chi-sq/it

   1        2.4212e-14   6.28e-17          2.4212e-14      6.28e-17    0.00e+00
   2        2.4374e-14   7.02e-17          2.4284e-14      4.68e-17    2.94e+00
   3        2.4447e-14   7.51e-17          2.4330e-14      3.97e-17    3.17e+00
   4        2.4336e-14   7.30e-17          2.4331e-14      3.49e-17    2.11e+00
   5        2.4369e-14   7.55e-17          2.4338e-14      3.17e-17    1.64e+00
   5        2.4294e-14   6.65e-17          2.4330e-14      2.86e-17    1.38e+00
rNLOq = (2.4329649e-14 +- 2.8593447e-17) pb
NLO = (5.0147561e-12 +- 2.2968981e-15) pb
#chisq/dof = 2.13182e-09
#status = success
#chisq/dof = 2.7894e-09
#status = success
#chisq/dof = 5.1608e-10
#status = success
#chisq/dof = 6.08992e-10
#status = success
#chisq/dof = 2.46349e-10
#status = success
#chisq/dof = 2.71611e-12
#status = success
#chisq/dof = 4.82862e-10
#status = success
#chisq/dof = 8.33193e-11
#status = success

*******************************************************
* threshold resummation (unimproved nnll) - expansion *
*******************************************************
The limits of integration are:

xl[0]=0.000000    xu[0]=1.000000
xl[1]=0.000000    xu[1]=1.000000
xl[2]=0.000000    xu[2]=1.000000

num_dim=3, calls=7000, it_num=1, max_it_num=5 verb=0, alph=1.50,
mode=0, bins=50, boxes=1

       single.......iteration                   accumulated......results   
iteration     integral    sigma             integral         sigma     chi-sq/it

   1        2.7787e-13   4.03e-13          2.7787e-13      4.03e-13    0.00e+00
   2        -9.0925e-14   8.48e-14          -7.5274e-14      8.30e-14    8.03e-01
   3        -3.2176e-14   7.33e-14          -5.1056e-14      5.49e-14    4.77e-01
   4        -1.5778e-13   7.21e-14          -9.0232e-14      4.37e-14    7.80e-01
   5        5.0249e-15   7.27e-14          -6.4983e-14      3.75e-14    9.00e-01

num_dim=3, calls=35000, it_num=1, max_it_num=5 verb=0, alph=1.50,
mode=0, bins=50, boxes=1

       single.......iteration                   accumulated......results   
iteration     integral    sigma             integral         sigma     chi-sq/it

   1        1.2415e-15   3.24e-14          1.2415e-15      3.24e-14    0.00e+00
   2        -7.8812e-15   3.25e-14          -3.3109e-15      2.29e-14    3.96e-02
   3        3.3663e-15   3.23e-14          -1.0735e-15      1.87e-14    3.40e-02
   4        -4.2652e-14   3.26e-14          -1.1380e-14      1.62e-14    4.31e-01
   5        -7.0311e-15   3.23e-14          -1.0503e-14      1.45e-14    3.27e-01
   5        -3.8359e-14   3.24e-14          -1.5137e-14      1.32e-14    3.85e-01
   5        -8.5505e-14   3.25e-14          -2.5124e-14      1.23e-14    9.90e-01
   5        2.0576e-16   3.25e-14          -2.1967e-14      1.15e-14    9.24e-01
   5        -2.6171e-14   3.28e-14          -2.2423e-14      1.08e-14    8.11e-01
   5        -8.3813e-14   3.27e-14          -2.8494e-14      1.03e-14    1.07e+00
   5        2.5266e-14   3.27e-14          -2.3652e-14      9.80e-15    1.21e+00
   5        2.1822e-14   3.30e-14          -1.9970e-14      9.40e-15    1.26e+00
   5        -7.4757e-14   3.29e-14          -2.4103e-14      9.04e-15    1.37e+00
   5        -2.7605e-14   3.31e-14          -2.4346e-14      8.72e-15    1.27e+00
   5        5.5513e-15   3.32e-14          -2.2419e-14      8.43e-15    1.23e+00
   5        -3.1005e-14   3.35e-14          -2.2931e-14      8.18e-15    1.15e+00
   5        -2.2981e-15   3.34e-14          -2.1761e-14      7.94e-15    1.10e+00
   5        -3.6048e-14   3.32e-14          -2.2533e-14      7.72e-15    1.05e+00
   5        -2.8507e-14   3.35e-14          -2.2835e-14      7.53e-15    9.91e-01
   5        -4.7902e-14   3.38e-14          -2.4020e-14      7.35e-15    9.66e-01
   5        -2.0371e-15   3.38e-14          -2.3028e-14      7.18e-15    9.38e-01
   5        1.8756e-14   3.38e-14          -2.1221e-14      7.02e-15    9.63e-01
   5        -2.8328e-14   3.37e-14          -2.1516e-14      6.87e-15    9.21e-01
   5        3.4556e-14   3.43e-14          -1.9347e-14      6.74e-15    9.93e-01
   5        -7.0364e-14   3.39e-14          -2.1283e-14      6.61e-15    1.04e+00
   5        -6.4253e-14   3.37e-14          -2.2871e-14      6.49e-15    1.06e+00
   5        -3.7485e-15   3.38e-14          -2.2193e-14      6.37e-15    1.03e+00
   5        -4.1577e-14   3.42e-14          -2.2844e-14      6.26e-15    1.01e+00
   5        -8.0847e-14   3.41e-14          -2.4731e-14      6.16e-15    1.07e+00
   5        -4.0193e-14   3.45e-14          -2.5210e-14      6.06e-15    1.04e+00
   5        -1.2542e-15   3.44e-14          -2.4489e-14      5.97e-15    1.02e+00
   5        -4.2675e-16   3.42e-14          -2.3778e-14      5.88e-15    1.00e+00
   5        -2.2823e-14   3.44e-14          -2.3751e-14      5.80e-15    9.73e-01
   5        -8.9523e-14   3.43e-14          -2.5580e-14      5.72e-15    1.05e+00
   5        -1.7609e-14   3.45e-14          -2.5367e-14      5.64e-15    1.02e+00
   5        -5.7015e-14   3.41e-14          -2.6209e-14      5.57e-15    1.02e+00
   5        -4.5301e-14   3.41e-14          -2.6705e-14      5.49e-15    9.97e-01
   5        9.0490e-15   3.41e-14          -2.5800e-14      5.42e-15    9.99e-01
   5        -2.9841e-14   3.43e-14          -2.5898e-14      5.36e-15    9.74e-01
   5        1.4343e-14   3.43e-14          -2.4942e-14      5.29e-15    9.83e-01
   5        -2.9204e-14   3.49e-14          -2.5038e-14      5.23e-15    9.59e-01
   5        2.6861e-14   3.46e-14          -2.3880e-14      5.17e-15    9.89e-01
   5        -2.2651e-14   3.43e-14          -2.3853e-14      5.12e-15    9.65e-01
   5        1.3028e-14   3.47e-14          -2.3069e-14      5.06e-15    9.69e-01
   5        -6.7571e-14   3.50e-14          -2.3981e-14      5.01e-15    9.83e-01
   5        -1.5050e-14   3.46e-14          -2.3797e-14      4.96e-15    9.62e-01
   5        1.5264e-14   3.51e-14          -2.3033e-14      4.91e-15    9.68e-01
   5        -2.6673e-14   3.54e-14          -2.3102e-14      4.86e-15    9.47e-01
   5        -3.7278e-14   3.50e-14          -2.3370e-14      4.82e-15    9.31e-01
   5        -4.2624e-14   3.53e-14          -2.3721e-14      4.77e-15    9.18e-01
   5        -9.6187e-14   3.51e-14          -2.5036e-14      4.73e-15    9.83e-01
   5        -1.3968e-14   3.57e-14          -2.4846e-14      4.69e-15    9.66e-01
   5        -4.8225e-14   3.53e-14          -2.5250e-14      4.65e-15    9.55e-01
   5        -2.7367e-14   3.53e-14          -2.5286e-14      4.61e-15    9.37e-01
   5        -2.3995e-14   3.52e-14          -2.5264e-14      4.57e-15    9.20e-01
aNNLO+NNLL = (4.9894919e-12 +- 5.1129125e-15) pb

Results:
LO = (4.2036592e-12 +- 3.2444870e-15) pb
NLO = (5.0147561e-12 +- 2.2968981e-15) pb
aNNLO+NNLL = (4.9894919e-12 +- 5.1129125e-15) pb
Thanks for using LHAPDF 6.2.3. Please make sure to cite the paper:
  Eur.Phys.J. C75 (2015) 3, 132  (http://arxiv.org/abs/1412.7420)
 ====================================================
   FF 2.0, a package to evaluate one-loop integrals
 written by G. J. van Oldenborgh, NIKHEF-H, Amsterdam
 ====================================================
 for the algorithms used see preprint NIKHEF-H 89/17,
 'New Algorithms for One-loop Integrals', by G.J. van
 Oldenborgh and J.A.M. Vermaseren, published in 
 Zeitschrift fuer Physik C46(1990)425.
 ====================================================
 
total number of errors and warnings
===================================
fferr: no errors
 
