
  Welcome to Resummino git-latest
  Copyright 2008-2010 Jonathan Debove.
  Copyright 2011-2014 David R. Lamprea.
  Copyright 2011-2016 Marcel Rothering.

  Licensed under the EUPL 1.1 or later.
  See http://www.resummino.org/ for more information.

  If using Resummino for slepton pair production, please cite.
  - G. Bozzi, B. Fuks, M. Klasen, PRD 74, 015001 (2006); NPB 777, 157 (2007); NPB 794, 46 (2007).
  - B. Fuks, M. Klasen, D. R. Lamprea, M. Rothering, EPJC 73, 2480 (2013).

  For gaugino pair production, please cite:
  - J. Debove, B. Fuks, M. Klasen, PLB 688, 208 (2010); NPB 842, 51 (2011); NPB 849, 64 (2011).
  - B. Fuks, M. Klasen, D. R. Lamprea, M. Rothering, JHEP 1210, 081 (2012); EPJC 73, 2480 (2013).

  For associated gaugino gluino production, please cite:
  - B. Fuks, M. Klasen, M. Rothering, JHEP 07:053, (2016).
  - B. Fuks, M. Klasen, D. R. Lamprea, M. Rothering, EPJC 73, 2480 (2013).

LHAPDF 6.2.3 loading /pool/condor/dir_9318/resummino-releases/lhapdf-prefix/share/LHAPDF/PDF4LHC21_40/PDF4LHC21_40_0000.dat
PDF4LHC21_40 PDF set, member #0, version 1
 alpha_s(M_Z^2) = 0.1180 	 for LO PDF set 
 alpha_s(300.000^2) = 0.1001 	 for LO PDF set 

********************
* LO cross section *
********************
The limits of integration are:

xl[0]=0.000000    xu[0]=1.000000
xl[1]=0.000000    xu[1]=1.000000
xl[2]=0.000000    xu[2]=1.000000

num_dim=3, calls=2000, it_num=1, max_it_num=5 verb=0, alph=1.50,
mode=0, bins=50, boxes=1

       single.......iteration                   accumulated......results   
iteration     integral    sigma             integral         sigma     chi-sq/it

   1        1.5294e-11   4.93e-13          1.5294e-11      4.93e-13    0.00e+00
   2        1.5559e-11   1.62e-13          1.5533e-11      1.54e-13    2.62e-01
   3        1.5765e-11   9.28e-14          1.5703e-11      7.95e-14    9.64e-01
   4        1.5549e-11   8.69e-14          1.5633e-11      5.86e-14    1.22e+00
   5        1.5537e-11   9.07e-14          1.5605e-11      4.92e-14    1.11e+00

num_dim=3, calls=20000, it_num=1, max_it_num=5 verb=0, alph=1.50,
mode=0, bins=50, boxes=1

       single.......iteration                   accumulated......results   
iteration     integral    sigma             integral         sigma     chi-sq/it

   1        1.5623e-11   2.76e-14          1.5623e-11      2.76e-14    0.00e+00
   2        1.5631e-11   2.72e-14          1.5627e-11      1.94e-14    3.95e-02
   3        1.5685e-11   2.68e-14          1.5647e-11      1.57e-14    1.55e+00
   4        1.5665e-11   2.81e-14          1.5651e-11      1.37e-14    1.14e+00
   5        1.5599e-11   2.82e-14          1.5641e-11      1.23e-14    1.54e+00
   5        1.5626e-11   2.83e-14          1.5639e-11      1.13e-14    1.27e+00
   5        1.5648e-11   2.85e-14          1.5640e-11      1.05e-14    1.08e+00
   5        1.5609e-11   2.88e-14          1.5636e-11      9.87e-15    1.07e+00
LO = (1.5636464e-11 +- 9.8709928e-15) pb
LHAPDF 6.2.3 loading /pool/condor/dir_9318/resummino-releases/lhapdf-prefix/share/LHAPDF/PDF4LHC21_40/PDF4LHC21_40_0015.dat
PDF4LHC21_40 PDF set, member #15, version 1
 alpha_s(M_Z^2) = 0.1180 	 for NLO PDF set 
 alpha_s(300.000^2) = 0.1001 	 for NLO PDF set 

********************
* LO cross section *
********************
The limits of integration are:

xl[0]=0.000000    xu[0]=1.000000
xl[1]=0.000000    xu[1]=1.000000
xl[2]=0.000000    xu[2]=1.000000

num_dim=3, calls=2000, it_num=1, max_it_num=5 verb=0, alph=1.50,
mode=0, bins=50, boxes=1

       single.......iteration                   accumulated......results   
iteration     integral    sigma             integral         sigma     chi-sq/it

   1        1.5342e-11   4.90e-13          1.5342e-11      4.90e-13    0.00e+00
   2        1.5615e-11   1.62e-13          1.5589e-11      1.53e-13    2.80e-01
   3        1.5819e-11   9.22e-14          1.5758e-11      7.90e-14    9.67e-01
   4        1.5607e-11   8.62e-14          1.5689e-11      5.82e-14    1.20e+00
   5        1.5590e-11   9.01e-14          1.5660e-11      4.89e-14    1.11e+00

num_dim=3, calls=20000, it_num=1, max_it_num=5 verb=0, alph=1.50,
mode=0, bins=50, boxes=1

       single.......iteration                   accumulated......results   
iteration     integral    sigma             integral         sigma     chi-sq/it

   1        1.5675e-11   2.74e-14          1.5675e-11      2.74e-14    0.00e+00
   2        1.5683e-11   2.70e-14          1.5679e-11      1.92e-14    5.09e-02
   3        1.5739e-11   2.67e-14          1.5699e-11      1.56e-14    1.68e+00
   4        1.5719e-11   2.79e-14          1.5704e-11      1.36e-14    1.24e+00
   5        1.5653e-11   2.80e-14          1.5694e-11      1.22e-14    1.60e+00
   5        1.5681e-11   2.81e-14          1.5692e-11      1.12e-14    1.31e+00
   5        1.5702e-11   2.83e-14          1.5694e-11      1.04e-14    1.11e+00
   5        1.5663e-11   2.85e-14          1.5690e-11      9.80e-15    1.10e+00
   5        1.5658e-11   2.93e-14          1.5687e-11      9.30e-15    1.10e+00
   5        1.5635e-11   3.01e-14          1.5682e-11      8.88e-15    1.27e+00
   5        1.5675e-11   3.14e-14          1.5682e-11      8.55e-15    1.15e+00
   5        1.5672e-11   3.17e-14          1.5681e-11      8.25e-15    1.05e+00
   5        1.5711e-11   3.34e-14          1.5683e-11      8.01e-15    1.03e+00
   5        1.5671e-11   3.47e-14          1.5682e-11      7.81e-15    9.56e-01
   5        1.5687e-11   3.70e-14          1.5682e-11      7.64e-15    8.89e-01
   5        1.5655e-11   3.81e-14          1.5681e-11      7.49e-15    8.63e-01
   5        1.5660e-11   3.84e-14          1.5681e-11      7.35e-15    8.29e-01
   5        1.5711e-11   3.94e-14          1.5682e-11      7.23e-15    8.15e-01
   5        1.5736e-11   4.18e-14          1.5683e-11      7.12e-15    8.61e-01
   5        1.5749e-11   4.14e-14          1.5685e-11      7.02e-15    9.45e-01
   5        1.5649e-11   4.21e-14          1.5684e-11      6.92e-15    9.33e-01
   5        1.5698e-11   4.37e-14          1.5684e-11      6.84e-15    8.93e-01
   5        1.5708e-11   4.51e-14          1.5685e-11      6.76e-15    8.65e-01
   5        1.5661e-11   4.62e-14          1.5684e-11      6.69e-15    8.39e-01
   5        1.5763e-11   4.74e-14          1.5686e-11      6.62e-15    9.16e-01
   5        1.5662e-11   4.69e-14          1.5685e-11      6.56e-15    8.89e-01
   5        1.5793e-11   4.79e-14          1.5687e-11      6.50e-15    1.05e+00
   5        1.5705e-11   4.67e-14          1.5688e-11      6.44e-15    1.01e+00
   5        1.5685e-11   4.81e-14          1.5688e-11      6.38e-15    9.76e-01
   5        1.5731e-11   5.07e-14          1.5688e-11      6.33e-15    9.67e-01
   5        1.5646e-11   4.87e-14          1.5688e-11      6.28e-15    9.61e-01
   5        1.5693e-11   4.95e-14          1.5688e-11      6.23e-15    9.30e-01
   5        1.5767e-11   4.91e-14          1.5689e-11      6.18e-15    9.82e-01
   5        1.5631e-11   5.13e-14          1.5688e-11      6.13e-15    9.90e-01
   5        1.5604e-11   5.24e-14          1.5687e-11      6.09e-15    1.04e+00
   5        1.5737e-11   5.33e-14          1.5688e-11      6.05e-15    1.03e+00
   5        1.5567e-11   5.19e-14          1.5686e-11      6.01e-15    1.15e+00
   5        1.5647e-11   5.46e-14          1.5686e-11      5.97e-15    1.13e+00
   5        1.5731e-11   5.26e-14          1.5686e-11      5.94e-15    1.12e+00
   5        1.5713e-11   5.25e-14          1.5687e-11      5.90e-15    1.10e+00
   5        1.5729e-11   5.41e-14          1.5687e-11      5.86e-15    1.09e+00
   5        1.5695e-11   5.41e-14          1.5687e-11      5.83e-15    1.06e+00
   5        1.5776e-11   5.54e-14          1.5688e-11      5.80e-15    1.10e+00
   5        1.5730e-11   5.58e-14          1.5689e-11      5.77e-15    1.08e+00
   5        1.5617e-11   5.63e-14          1.5688e-11      5.74e-15    1.10e+00
   5        1.5674e-11   5.80e-14          1.5688e-11      5.71e-15    1.07e+00
   5        1.5745e-11   5.89e-14          1.5688e-11      5.68e-15    1.07e+00
   5        1.5522e-11   5.66e-14          1.5687e-11      5.65e-15    1.23e+00
   5        1.5802e-11   5.76e-14          1.5688e-11      5.63e-15    1.28e+00
   5        1.5780e-11   5.69e-14          1.5689e-11      5.60e-15    1.31e+00
   5        1.5683e-11   5.53e-14          1.5688e-11      5.57e-15    1.28e+00
   5        1.5597e-11   5.66e-14          1.5688e-11      5.54e-15    1.31e+00
   5        1.5710e-11   5.80e-14          1.5688e-11      5.52e-15    1.29e+00
   5        1.5640e-11   5.91e-14          1.5687e-11      5.49e-15    1.28e+00
   5        1.5828e-11   5.77e-14          1.5689e-11      5.47e-15    1.36e+00
LO = (1.5688671e-11 +- 5.4700893e-15) pb

*******************************************
* virtual corrections + integrated dipole *
*******************************************
The limits of integration are:

xl[0]=0.000000    xu[0]=1.000000
xl[1]=0.000000    xu[1]=1.000000
xl[2]=0.000000    xu[2]=1.000000

num_dim=3, calls=240, it_num=1, max_it_num=5 verb=0, alph=1.50,
mode=0, bins=50, boxes=1

       single.......iteration                   accumulated......results   
iteration     integral    sigma             integral         sigma     chi-sq/it

   1        2.2063e-12   2.17e-13          2.2063e-12      2.17e-13    0.00e+00
   2        2.1135e-12   8.36e-14          2.1255e-12      7.81e-14    1.59e-01
   3        2.3106e-12   5.83e-14          2.2442e-12      4.67e-14    1.88e+00
   4        2.3464e-12   4.87e-14          2.2932e-12      3.37e-14    2.02e+00
   5        2.4444e-12   5.56e-14          2.3339e-12      2.88e-14    2.87e+00

num_dim=3, calls=1200, it_num=1, max_it_num=3 verb=0, alph=1.50,
mode=0, bins=50, boxes=1

       single.......iteration                   accumulated......results   
iteration     integral    sigma             integral         sigma     chi-sq/it

   1        2.2835e-12   2.28e-14          2.2835e-12      2.28e-14    0.00e+00
   2        2.3449e-12   1.97e-14          2.3186e-12      1.49e-14    4.16e+00
   3        2.3215e-12   1.77e-14          2.3198e-12      1.14e-14    2.09e+00
   3        2.3744e-12   1.81e-14          2.3353e-12      9.65e-15    3.56e+00
   3        2.3061e-12   1.78e-14          2.3287e-12      8.49e-15    3.19e+00
   3        2.3346e-12   1.78e-14          2.3298e-12      7.66e-15    2.57e+00
   3        2.3114e-12   1.91e-14          2.3272e-12      7.11e-15    2.27e+00
   3        2.3485e-12   1.78e-14          2.3301e-12      6.60e-15    2.12e+00
   3        2.3409e-12   1.75e-14          2.3315e-12      6.18e-15    1.90e+00
   3        2.3362e-12   1.78e-14          2.3320e-12      5.84e-15    1.70e+00
   3        2.3181e-12   1.82e-14          2.3307e-12      5.56e-15    1.58e+00
   3        2.3279e-12   1.87e-14          2.3305e-12      5.33e-15    1.44e+00
   3        2.3450e-12   1.78e-14          2.3317e-12      5.10e-15    1.37e+00
vNLO = (2.3316653e-12 +- 5.1049013e-15) pb

*****************************
* collinear remainder (P+K) *
*****************************
The limits of integration are:

xl[0]=0.000000    xu[0]=1.000000
xl[1]=0.000000    xu[1]=1.000000
xl[2]=0.000000    xu[2]=1.000000
xl[3]=0.000000    xu[3]=1.000000

num_dim=4, calls=2500, it_num=1, max_it_num=5 verb=0, alph=1.50,
mode=0, bins=50, boxes=1

       single.......iteration                   accumulated......results   
iteration     integral    sigma             integral         sigma     chi-sq/it

   1        5.3516e-13   1.32e-13          5.3516e-13      1.32e-13    0.00e+00
   2        4.0910e-13   6.77e-14          4.3535e-13      6.02e-14    7.23e-01
   3        4.2713e-13   5.53e-14          4.3089e-13      4.07e-14    3.66e-01
   4        4.4102e-13   5.56e-14          4.3443e-13      3.28e-14    2.52e-01
   5        3.8489e-13   5.56e-14          4.2160e-13      2.83e-14    3.36e-01

num_dim=4, calls=25000, it_num=1, max_it_num=3 verb=0, alph=1.50,
mode=0, bins=50, boxes=1

       single.......iteration                   accumulated......results   
iteration     integral    sigma             integral         sigma     chi-sq/it

   1        4.1930e-13   1.74e-14          4.1930e-13      1.74e-14    0.00e+00
   2        4.0326e-13   1.73e-14          4.1126e-13      1.23e-14    4.27e-01
   3        4.2024e-13   1.73e-14          4.1427e-13      1.00e-14    3.03e-01
   3        4.1618e-13   1.74e-14          4.1475e-13      8.67e-15    2.05e-01
   3        4.2254e-13   1.75e-14          4.1629e-13      7.77e-15    1.94e-01
   3        4.1504e-13   1.74e-14          4.1608e-13      7.09e-15    1.56e-01
   3        4.3011e-13   1.73e-14          4.1810e-13      6.56e-15    2.24e-01
   3        3.9280e-13   1.74e-14          4.1494e-13      6.14e-15    4.58e-01
   3        4.1545e-13   1.75e-14          4.1499e-13      5.79e-15    4.00e-01
   3        4.1144e-13   1.75e-14          4.1464e-13      5.50e-15    3.60e-01
   3        3.9823e-13   1.74e-14          4.1316e-13      5.24e-15    4.05e-01
   3        4.2928e-13   1.75e-14          4.1449e-13      5.02e-15    4.39e-01
   3        4.4024e-13   1.75e-14          4.1644e-13      4.83e-15    5.69e-01
P+K = (4.1644391e-13 +- 4.8276504e-15) pb

********************************
* real gluon emission - dipole *
********************************
The limits of integration are:

xl[0]=0.000000    xu[0]=1.000000
xl[1]=0.000000    xu[1]=1.000000
xl[2]=0.000000    xu[2]=1.000000
xl[3]=0.000000    xu[3]=1.000000
xl[4]=0.000000    xu[4]=1.000000
xl[5]=0.000000    xu[5]=1.000000

num_dim=6, calls=250, it_num=1, max_it_num=5 verb=0, alph=1.50,
mode=0, bins=50, boxes=1

       single.......iteration                   accumulated......results   
iteration     integral    sigma             integral         sigma     chi-sq/it

   1        -7.8535e-14   2.08e-14          -7.8535e-14      2.08e-14    0.00e+00
   2        -8.1404e-14   1.61e-14          -8.0330e-14      1.27e-14    1.19e-02
   3        -8.0945e-14   1.67e-14          -8.0557e-14      1.01e-14    6.36e-03
   4        -6.9111e-14   1.16e-14          -7.5588e-14      7.62e-15    1.89e-01
   5        -6.2005e-14   6.94e-15          -6.8162e-14      5.13e-15    5.76e-01

num_dim=6, calls=2500, it_num=1, max_it_num=3 verb=0, alph=1.50,
mode=0, bins=50, boxes=1

       single.......iteration                   accumulated......results   
iteration     integral    sigma             integral         sigma     chi-sq/it

   1        -7.4543e-14   3.24e-15          -7.4543e-14      3.24e-15    0.00e+00
   2        -7.3176e-14   1.66e-15          -7.3459e-14      1.48e-15    1.41e-01
   3        -7.4384e-14   1.31e-15          -7.3975e-14      9.82e-16    1.80e-01
   3        -7.3056e-14   1.25e-15          -7.3626e-14      7.73e-16    2.31e-01
   3        -7.3318e-14   1.07e-15          -7.3520e-14      6.27e-16    1.87e-01
   3        -7.2583e-14   9.43e-16          -7.3233e-14      5.22e-16    2.86e-01
   3        -7.2527e-14   9.03e-16          -7.3056e-14      4.52e-16    3.15e-01
   3        -7.2652e-14   8.95e-16          -7.2974e-14      4.03e-16    2.93e-01
   3        -7.2832e-14   8.79e-16          -7.2949e-14      3.67e-16    2.59e-01
   3        -7.3561e-14   9.03e-16          -7.3036e-14      3.40e-16    2.74e-01
   3        -7.2266e-14   8.98e-16          -7.2939e-14      3.18e-16    3.11e-01
   3        -7.2142e-14   9.11e-16          -7.2853e-14      3.00e-16    3.45e-01
   3        -7.2674e-14   8.82e-16          -7.2834e-14      2.84e-16    3.19e-01
   3        -7.3420e-14   8.96e-16          -7.2888e-14      2.71e-16    3.25e-01
   3        -7.1338e-14   8.64e-16          -7.2749e-14      2.58e-16    5.11e-01
rNLOg = (-7.2749085e-14 +- 2.5832827e-16) pb

**************************************************
* real light quark emission - dipole - (onshell) *
**************************************************
The limits of integration are:

xl[0]=0.000000    xu[0]=1.000000
xl[1]=0.000000    xu[1]=1.000000
xl[2]=0.000000    xu[2]=1.000000
xl[3]=0.000000    xu[3]=1.000000
xl[4]=0.000000    xu[4]=1.000000
xl[5]=0.000000    xu[5]=1.000000

num_dim=6, calls=5000, it_num=1, max_it_num=5 verb=0, alph=1.50,
mode=0, bins=50, boxes=1

       single.......iteration                   accumulated......results   
iteration     integral    sigma             integral         sigma     chi-sq/it

   1        1.6763e-13   1.27e-14          1.6763e-13      1.27e-14    0.00e+00
   2        1.7378e-13   3.97e-15          1.7324e-13      3.79e-15    2.13e-01
   3        1.6843e-13   2.14e-15          1.6959e-13      1.86e-15    7.16e-01
   4        1.6677e-13   1.77e-15          1.6811e-13      1.28e-15    8.81e-01
   5        1.6869e-13   1.63e-15          1.6833e-13      1.01e-15    6.80e-01

num_dim=6, calls=50000, it_num=1, max_it_num=5 verb=0, alph=1.50,
mode=0, bins=50, boxes=1

       single.......iteration                   accumulated......results   
iteration     integral    sigma             integral         sigma     chi-sq/it

   1        1.6808e-13   5.05e-16          1.6808e-13      5.05e-16    0.00e+00
   2        1.6905e-13   5.25e-16          1.6854e-13      3.64e-16    1.76e+00
   3        1.6994e-13   5.78e-16          1.6894e-13      3.08e-16    2.98e+00
   4        1.6894e-13   5.61e-16          1.6894e-13      2.70e-16    1.98e+00
   5        1.6906e-13   5.67e-16          1.6896e-13      2.44e-16    1.50e+00
rNLOq = (1.6896358e-13 +- 2.4377887e-16) pb
NLO = (1.8532994e-11 +- 8.9114681e-15) pb
#chisq/dof = 1.51921e-07
#status = success
#chisq/dof = 1.61049e-08
#status = success
#chisq/dof = 1.40801e-09
#status = success
#chisq/dof = 5.33348e-09
#status = success
#chisq/dof = 2.87829e-10
#status = success
#chisq/dof = 4.64301e-11
#status = success
#chisq/dof = 1.13487e-09
#status = success
#chisq/dof = 2.11507e-10
#status = success

*******************************************************
* threshold resummation (unimproved nnll) - expansion *
*******************************************************
The limits of integration are:

xl[0]=0.000000    xu[0]=1.000000
xl[1]=0.000000    xu[1]=1.000000
xl[2]=0.000000    xu[2]=1.000000

num_dim=3, calls=7000, it_num=1, max_it_num=5 verb=0, alph=1.50,
mode=0, bins=50, boxes=1

       single.......iteration                   accumulated......results   
iteration     integral    sigma             integral         sigma     chi-sq/it

   1        3.0754e-12   2.29e-12          3.0754e-12      2.29e-12    0.00e+00
   2        -2.4402e-13   5.76e-13          -4.6018e-14      5.58e-13    1.98e+00
   3        4.5511e-13   4.94e-13          2.3495e-13      3.70e-13    1.22e+00
   4        -1.0302e-12   4.89e-13          -2.2543e-13      2.95e-13    2.23e+00
   5        -1.8040e-13   4.96e-13          -2.1364e-13      2.54e-13    1.67e+00

num_dim=3, calls=35000, it_num=1, max_it_num=5 verb=0, alph=1.50,
mode=0, bins=50, boxes=1

       single.......iteration                   accumulated......results   
iteration     integral    sigma             integral         sigma     chi-sq/it

   1        -9.4831e-14   2.20e-13          -9.4831e-14      2.20e-13    0.00e+00
   2        -5.7342e-13   2.19e-13          -3.3471e-13      1.55e-13    2.38e+00
   3        -4.8458e-13   2.20e-13          -3.8453e-13      1.27e-13    1.34e+00
   4        -5.5082e-13   2.19e-13          -4.2616e-13      1.10e-13    1.04e+00
   5        8.4383e-14   2.18e-13          -3.2287e-13      9.80e-14    1.87e+00
   5        -1.0190e-13   2.19e-13          -2.8610e-13      8.95e-14    1.67e+00
   5        -3.8085e-13   2.20e-13          -2.9955e-13      8.29e-14    1.42e+00
   5        -1.1550e-14   2.19e-13          -2.6334e-13      7.75e-14    1.43e+00
   5        -1.8102e-13   2.19e-13          -2.5419e-13      7.31e-14    1.27e+00
   5        -1.6848e-13   2.19e-13          -2.4562e-13      6.93e-14    1.14e+00
   5        -7.1109e-14   2.19e-13          -2.2975e-13      6.61e-14    1.09e+00
   5        -8.9703e-14   2.20e-13          -2.1818e-13      6.33e-14    1.02e+00
   5        -3.0635e-13   2.21e-13          -2.2487e-13      6.09e-14    9.48e-01
   5        -2.9464e-13   2.20e-13          -2.2982e-13      5.87e-14    8.82e-01
   5        -6.4652e-14   2.22e-13          -2.1901e-13      5.67e-14    8.56e-01
   5        -5.0612e-13   2.20e-13          -2.3690e-13      5.49e-14    9.06e-01
   5        8.9631e-15   2.22e-13          -2.2266e-13      5.33e-14    9.22e-01
   5        1.6777e-13   2.22e-13          -2.0132e-13      5.18e-14    1.04e+00
   5        -5.1945e-13   2.22e-13          -2.1782e-13      5.05e-14    1.09e+00
   5        -4.9419e-13   2.23e-13          -2.3123e-13      4.92e-14    1.11e+00
   5        -5.7270e-14   2.22e-13          -2.2310e-13      4.81e-14    1.08e+00
   5        -1.1623e-13   2.25e-13          -2.1843e-13      4.70e-14    1.04e+00
   5        -3.9641e-14   2.24e-13          -2.1089e-13      4.60e-14    1.02e+00
   5        -5.1640e-14   2.24e-13          -2.0446e-13      4.51e-14    9.99e-01
   5        -1.5139e-13   2.24e-13          -2.0241e-13      4.42e-14    9.60e-01
   5        -4.2721e-13   2.26e-13          -2.1071e-13      4.34e-14    9.60e-01
   5        -2.4639e-13   2.25e-13          -2.1199e-13      4.26e-14    9.24e-01
   5        -4.3186e-13   2.27e-13          -2.1946e-13      4.18e-14    9.23e-01
   5        -4.1947e-13   2.26e-13          -2.2607e-13      4.11e-14    9.17e-01
   5        -7.7977e-14   2.27e-13          -2.2134e-13      4.05e-14    9.00e-01
   5        -2.0120e-13   2.26e-13          -2.2072e-13      3.99e-14    8.70e-01
   5        -6.0884e-13   2.28e-13          -2.3221e-13      3.93e-14    9.33e-01
   5        -1.1546e-13   2.28e-13          -2.2885e-13      3.87e-14    9.11e-01
   5        -1.8596e-13   2.30e-13          -2.2767e-13      3.82e-14    8.85e-01
   5        -3.4395e-13   2.29e-13          -2.3081e-13      3.76e-14    8.66e-01
   5        -4.0122e-13   2.29e-13          -2.3528e-13      3.71e-14    8.57e-01
   5        -6.9737e-14   2.31e-13          -2.3110e-13      3.67e-14    8.47e-01
   5        3.2161e-14   2.31e-13          -2.2464e-13      3.62e-14    8.58e-01
   5        -3.7749e-13   2.31e-13          -2.2831e-13      3.58e-14    8.47e-01
   5        1.1607e-13   2.34e-13          -2.2044e-13      3.54e-14    8.80e-01
   5        -5.2126e-14   2.36e-13          -2.1674e-13      3.50e-14    8.70e-01
   5        6.3119e-14   2.36e-13          -2.1071e-13      3.46e-14    8.82e-01
   5        3.0279e-14   2.33e-13          -2.0552e-13      3.42e-14    8.86e-01
   5        3.4544e-13   2.34e-13          -1.9402e-13      3.39e-14    9.92e-01
   5        -1.0146e-13   2.35e-13          -1.9214e-13      3.35e-14    9.72e-01
   5        1.5769e-13   2.34e-13          -1.8510e-13      3.32e-14    1.00e+00
   5        -5.2421e-13   2.35e-13          -1.9171e-13      3.28e-14    1.02e+00
   5        -3.0998e-13   2.35e-13          -1.9398e-13      3.25e-14    1.01e+00
   5        -5.6510e-14   2.38e-13          -1.9145e-13      3.22e-14    9.92e-01
   5        1.2000e-13   2.36e-13          -1.8573e-13      3.19e-14    1.01e+00
   5        -2.3613e-14   2.38e-13          -1.8286e-13      3.17e-14    9.95e-01
   5        -1.9252e-13   2.37e-13          -1.8303e-13      3.14e-14    9.76e-01
   5        -2.0936e-13   2.38e-13          -1.8348e-13      3.11e-14    9.57e-01
   5        -8.2581e-14   2.38e-13          -1.8178e-13      3.08e-14    9.43e-01
   5        -2.0813e-13   2.40e-13          -1.8221e-13      3.06e-14    9.25e-01
aNNLO+NNLL = (1.8350783e-11 +- 3.1858851e-14) pb

Results:
LO = (1.5636464e-11 +- 9.8709928e-15) pb
NLO = (1.8532994e-11 +- 8.9114681e-15) pb
aNNLO+NNLL = (1.8350783e-11 +- 3.1858851e-14) pb
Thanks for using LHAPDF 6.2.3. Please make sure to cite the paper:
  Eur.Phys.J. C75 (2015) 3, 132  (http://arxiv.org/abs/1412.7420)
 ====================================================
   FF 2.0, a package to evaluate one-loop integrals
 written by G. J. van Oldenborgh, NIKHEF-H, Amsterdam
 ====================================================
 for the algorithms used see preprint NIKHEF-H 89/17,
 'New Algorithms for One-loop Integrals', by G.J. van
 Oldenborgh and J.A.M. Vermaseren, published in 
 Zeitschrift fuer Physik C46(1990)425.
 ====================================================
 
total number of errors and warnings
===================================
fferr: no errors
 
