
  Welcome to Resummino git-latest
  Copyright 2008-2010 Jonathan Debove.
  Copyright 2011-2014 David R. Lamprea.
  Copyright 2011-2016 Marcel Rothering.

  Licensed under the EUPL 1.1 or later.
  See http://www.resummino.org/ for more information.

  If using Resummino for slepton pair production, please cite.
  - G. Bozzi, B. Fuks, M. Klasen, PRD 74, 015001 (2006); NPB 777, 157 (2007); NPB 794, 46 (2007).
  - B. Fuks, M. Klasen, D. R. Lamprea, M. Rothering, EPJC 73, 2480 (2013).

  For gaugino pair production, please cite:
  - J. Debove, B. Fuks, M. Klasen, PLB 688, 208 (2010); NPB 842, 51 (2011); NPB 849, 64 (2011).
  - B. Fuks, M. Klasen, D. R. Lamprea, M. Rothering, JHEP 1210, 081 (2012); EPJC 73, 2480 (2013).

  For associated gaugino gluino production, please cite:
  - B. Fuks, M. Klasen, M. Rothering, JHEP 07:053, (2016).
  - B. Fuks, M. Klasen, D. R. Lamprea, M. Rothering, EPJC 73, 2480 (2013).

LHAPDF 6.2.3 loading /pool/condor/dir_31916/resummino-releases/lhapdf-prefix/share/LHAPDF/PDF4LHC21_40/PDF4LHC21_40_0000.dat
PDF4LHC21_40 PDF set, member #0, version 1
 alpha_s(M_Z^2) = 0.1180 	 for LO PDF set 
 alpha_s(300.000^2) = 0.1001 	 for LO PDF set 

********************
* LO cross section *
********************
The limits of integration are:

xl[0]=0.000000    xu[0]=1.000000
xl[1]=0.000000    xu[1]=1.000000
xl[2]=0.000000    xu[2]=1.000000

num_dim=3, calls=2000, it_num=1, max_it_num=5 verb=0, alph=1.50,
mode=0, bins=50, boxes=1

       single.......iteration                   accumulated......results   
iteration     integral    sigma             integral         sigma     chi-sq/it

   1        1.5294e-11   4.93e-13          1.5294e-11      4.93e-13    0.00e+00
   2        1.5559e-11   1.62e-13          1.5533e-11      1.54e-13    2.62e-01
   3        1.5765e-11   9.28e-14          1.5703e-11      7.95e-14    9.64e-01
   4        1.5549e-11   8.69e-14          1.5633e-11      5.86e-14    1.22e+00
   5        1.5537e-11   9.07e-14          1.5605e-11      4.92e-14    1.11e+00

num_dim=3, calls=20000, it_num=1, max_it_num=5 verb=0, alph=1.50,
mode=0, bins=50, boxes=1

       single.......iteration                   accumulated......results   
iteration     integral    sigma             integral         sigma     chi-sq/it

   1        1.5623e-11   2.76e-14          1.5623e-11      2.76e-14    0.00e+00
   2        1.5631e-11   2.72e-14          1.5627e-11      1.94e-14    3.95e-02
   3        1.5685e-11   2.68e-14          1.5647e-11      1.57e-14    1.55e+00
   4        1.5665e-11   2.81e-14          1.5651e-11      1.37e-14    1.14e+00
   5        1.5599e-11   2.82e-14          1.5641e-11      1.23e-14    1.54e+00
   5        1.5626e-11   2.83e-14          1.5639e-11      1.13e-14    1.27e+00
   5        1.5648e-11   2.85e-14          1.5640e-11      1.05e-14    1.08e+00
   5        1.5609e-11   2.88e-14          1.5636e-11      9.87e-15    1.07e+00
LO = (1.5636464e-11 +- 9.8709928e-15) pb
LHAPDF 6.2.3 loading /pool/condor/dir_31916/resummino-releases/lhapdf-prefix/share/LHAPDF/PDF4LHC21_40/PDF4LHC21_40_0016.dat
PDF4LHC21_40 PDF set, member #16, version 1
 alpha_s(M_Z^2) = 0.1180 	 for NLO PDF set 
 alpha_s(300.000^2) = 0.1001 	 for NLO PDF set 

********************
* LO cross section *
********************
The limits of integration are:

xl[0]=0.000000    xu[0]=1.000000
xl[1]=0.000000    xu[1]=1.000000
xl[2]=0.000000    xu[2]=1.000000

num_dim=3, calls=2000, it_num=1, max_it_num=5 verb=0, alph=1.50,
mode=0, bins=50, boxes=1

       single.......iteration                   accumulated......results   
iteration     integral    sigma             integral         sigma     chi-sq/it

   1        1.5419e-11   4.98e-13          1.5419e-11      4.98e-13    0.00e+00
   2        1.5684e-11   1.63e-13          1.5658e-11      1.55e-13    2.56e-01
   3        1.5892e-11   9.36e-14          1.5830e-11      8.02e-14    9.63e-01
   4        1.5674e-11   8.75e-14          1.5759e-11      5.91e-14    1.21e+00
   5        1.5665e-11   9.14e-14          1.5731e-11      4.96e-14    1.10e+00

num_dim=3, calls=20000, it_num=1, max_it_num=5 verb=0, alph=1.50,
mode=0, bins=50, boxes=1

       single.......iteration                   accumulated......results   
iteration     integral    sigma             integral         sigma     chi-sq/it

   1        1.5750e-11   2.78e-14          1.5750e-11      2.78e-14    0.00e+00
   2        1.5757e-11   2.74e-14          1.5753e-11      1.95e-14    3.48e-02
   3        1.5811e-11   2.70e-14          1.5773e-11      1.58e-14    1.51e+00
   4        1.5792e-11   2.83e-14          1.5778e-11      1.38e-14    1.12e+00
   5        1.5725e-11   2.84e-14          1.5767e-11      1.24e-14    1.53e+00
   5        1.5752e-11   2.85e-14          1.5765e-11      1.14e-14    1.27e+00
   5        1.5775e-11   2.88e-14          1.5766e-11      1.06e-14    1.08e+00
   5        1.5736e-11   2.90e-14          1.5763e-11      9.95e-15    1.06e+00
   5        1.5731e-11   2.98e-14          1.5760e-11      9.44e-15    1.06e+00
   5        1.5701e-11   3.06e-14          1.5755e-11      9.02e-15    1.31e+00
   5        1.5748e-11   3.19e-14          1.5754e-11      8.68e-15    1.18e+00
   5        1.5746e-11   3.23e-14          1.5754e-11      8.38e-15    1.08e+00
   5        1.5785e-11   3.41e-14          1.5755e-11      8.14e-15    1.06e+00
   5        1.5748e-11   3.55e-14          1.5755e-11      7.94e-15    9.79e-01
   5        1.5761e-11   3.78e-14          1.5755e-11      7.77e-15    9.11e-01
   5        1.5726e-11   3.88e-14          1.5754e-11      7.61e-15    8.86e-01
   5        1.5735e-11   3.91e-14          1.5753e-11      7.47e-15    8.45e-01
   5        1.5786e-11   4.01e-14          1.5754e-11      7.35e-15    8.34e-01
   5        1.5814e-11   4.27e-14          1.5756e-11      7.24e-15    8.91e-01
   5        1.5825e-11   4.22e-14          1.5758e-11      7.14e-15    9.80e-01
   5        1.5719e-11   4.27e-14          1.5757e-11      7.04e-15    9.71e-01
   5        1.5774e-11   4.44e-14          1.5758e-11      6.95e-15    9.32e-01
   5        1.5783e-11   4.60e-14          1.5758e-11      6.87e-15    9.03e-01
   5        1.5728e-11   4.65e-14          1.5757e-11      6.80e-15    8.82e-01
   5        1.5837e-11   4.77e-14          1.5759e-11      6.73e-15    9.60e-01
   5        1.5730e-11   4.69e-14          1.5758e-11      6.66e-15    9.36e-01
   5        1.5860e-11   4.77e-14          1.5760e-11      6.60e-15    1.07e+00
   5        1.5780e-11   4.70e-14          1.5761e-11      6.54e-15    1.04e+00
   5        1.5758e-11   4.85e-14          1.5761e-11      6.48e-15    1.00e+00
   5        1.5808e-11   5.12e-14          1.5761e-11      6.43e-15    9.95e-01
   5        1.5722e-11   4.88e-14          1.5761e-11      6.37e-15    9.83e-01
   5        1.5767e-11   4.89e-14          1.5761e-11      6.32e-15    9.52e-01
   5        1.5840e-11   4.87e-14          1.5762e-11      6.27e-15    1.00e+00
   5        1.5704e-11   5.07e-14          1.5761e-11      6.22e-15    1.01e+00
   5        1.5678e-11   5.19e-14          1.5760e-11      6.17e-15    1.06e+00
   5        1.5812e-11   5.31e-14          1.5761e-11      6.13e-15    1.05e+00
   5        1.5650e-11   5.14e-14          1.5759e-11      6.09e-15    1.15e+00
   5        1.5725e-11   5.37e-14          1.5759e-11      6.05e-15    1.13e+00
   5        1.5803e-11   5.23e-14          1.5759e-11      6.01e-15    1.12e+00
   5        1.5779e-11   5.29e-14          1.5760e-11      5.97e-15    1.10e+00
   5        1.5807e-11   5.49e-14          1.5760e-11      5.94e-15    1.09e+00
   5        1.5769e-11   5.40e-14          1.5760e-11      5.90e-15    1.06e+00
   5        1.5843e-11   5.57e-14          1.5761e-11      5.87e-15    1.09e+00
   5        1.5796e-11   5.63e-14          1.5762e-11      5.84e-15    1.07e+00
   5        1.5689e-11   5.66e-14          1.5761e-11      5.81e-15    1.08e+00
   5        1.5753e-11   5.86e-14          1.5761e-11      5.78e-15    1.06e+00
   5        1.5807e-11   5.92e-14          1.5761e-11      5.75e-15    1.05e+00
   5        1.5576e-11   5.73e-14          1.5759e-11      5.72e-15    1.25e+00
   5        1.5877e-11   5.85e-14          1.5760e-11      5.69e-15    1.31e+00
   5        1.5851e-11   5.83e-14          1.5761e-11      5.67e-15    1.33e+00
   5        1.5755e-11   5.63e-14          1.5761e-11      5.64e-15    1.30e+00
   5        1.5677e-11   5.67e-14          1.5760e-11      5.61e-15    1.32e+00
   5        1.5786e-11   5.89e-14          1.5761e-11      5.59e-15    1.30e+00
   5        1.5699e-11   6.05e-14          1.5760e-11      5.56e-15    1.29e+00
   5        1.5898e-11   5.91e-14          1.5761e-11      5.54e-15    1.37e+00
LO = (1.5761363e-11 +- 5.5383695e-15) pb

*******************************************
* virtual corrections + integrated dipole *
*******************************************
The limits of integration are:

xl[0]=0.000000    xu[0]=1.000000
xl[1]=0.000000    xu[1]=1.000000
xl[2]=0.000000    xu[2]=1.000000

num_dim=3, calls=240, it_num=1, max_it_num=5 verb=0, alph=1.50,
mode=0, bins=50, boxes=1

       single.......iteration                   accumulated......results   
iteration     integral    sigma             integral         sigma     chi-sq/it

   1        2.2198e-12   2.21e-13          2.2198e-12      2.21e-13    0.00e+00
   2        2.1192e-12   8.43e-14          2.1320e-12      7.88e-14    1.80e-01
   3        2.3197e-12   5.94e-14          2.2516e-12      4.74e-14    1.90e+00
   4        2.3543e-12   4.97e-14          2.3006e-12      3.43e-14    2.01e+00
   5        2.4573e-12   5.68e-14          2.3425e-12      2.94e-14    2.90e+00

num_dim=3, calls=1200, it_num=1, max_it_num=3 verb=0, alph=1.50,
mode=0, bins=50, boxes=1

       single.......iteration                   accumulated......results   
iteration     integral    sigma             integral         sigma     chi-sq/it

   1        2.2933e-12   2.31e-14          2.2933e-12      2.31e-14    0.00e+00
   2        2.3541e-12   2.00e-14          2.3280e-12      1.51e-14    3.95e+00
   3        2.3330e-12   1.80e-14          2.3301e-12      1.16e-14    2.00e+00
   3        2.3862e-12   1.88e-14          2.3455e-12      9.86e-15    3.49e+00
   3        2.3166e-12   1.82e-14          2.3390e-12      8.67e-15    3.10e+00
   3        2.3455e-12   1.82e-14          2.3402e-12      7.83e-15    2.50e+00
   3        2.3215e-12   1.93e-14          2.3375e-12      7.25e-15    2.22e+00
   3        2.3615e-12   1.80e-14          2.3409e-12      6.73e-15    2.12e+00
   3        2.3492e-12   1.76e-14          2.3419e-12      6.28e-15    1.88e+00
   3        2.3463e-12   1.79e-14          2.3424e-12      5.93e-15    1.68e+00
   3        2.3269e-12   1.83e-14          2.3409e-12      5.64e-15    1.57e+00
   3        2.3404e-12   1.90e-14          2.3409e-12      5.41e-15    1.43e+00
   3        2.3575e-12   1.80e-14          2.3423e-12      5.18e-15    1.38e+00
vNLO = (2.3422757e-12 +- 5.1789488e-15) pb

*****************************
* collinear remainder (P+K) *
*****************************
The limits of integration are:

xl[0]=0.000000    xu[0]=1.000000
xl[1]=0.000000    xu[1]=1.000000
xl[2]=0.000000    xu[2]=1.000000
xl[3]=0.000000    xu[3]=1.000000

num_dim=4, calls=2500, it_num=1, max_it_num=5 verb=0, alph=1.50,
mode=0, bins=50, boxes=1

       single.......iteration                   accumulated......results   
iteration     integral    sigma             integral         sigma     chi-sq/it

   1        5.4969e-13   1.34e-13          5.4969e-13      1.34e-13    0.00e+00
   2        4.1866e-13   6.78e-14          4.4542e-13      6.05e-14    7.63e-01
   3        4.3419e-13   5.50e-14          4.3927e-13      4.07e-14    3.91e-01
   4        4.5237e-13   5.53e-14          4.4388e-13      3.28e-14    2.73e-01
   5        3.9667e-13   5.53e-14          4.3162e-13      2.82e-14    3.39e-01

num_dim=4, calls=25000, it_num=1, max_it_num=3 verb=0, alph=1.50,
mode=0, bins=50, boxes=1

       single.......iteration                   accumulated......results   
iteration     integral    sigma             integral         sigma     chi-sq/it

   1        4.2886e-13   1.73e-14          4.2886e-13      1.73e-14    0.00e+00
   2        4.1416e-13   1.73e-14          4.2149e-13      1.22e-14    3.61e-01
   3        4.2985e-13   1.72e-14          4.2429e-13      9.97e-15    2.59e-01
   3        4.2677e-13   1.73e-14          4.2491e-13      8.64e-15    1.78e-01
   3        4.3211e-13   1.74e-14          4.2633e-13      7.74e-15    1.68e-01
   3        4.2467e-13   1.73e-14          4.2606e-13      7.06e-15    1.36e-01
   3        4.4022e-13   1.72e-14          4.2810e-13      6.53e-15    2.10e-01
   3        4.0328e-13   1.73e-14          4.2500e-13      6.11e-15    4.38e-01
   3        4.2483e-13   1.74e-14          4.2498e-13      5.77e-15    3.83e-01
   3        4.2144e-13   1.75e-14          4.2463e-13      5.48e-15    3.44e-01
   3        4.0868e-13   1.74e-14          4.2318e-13      5.22e-15    3.87e-01
   3        4.4013e-13   1.74e-14          4.2458e-13      5.00e-15    4.30e-01
   3        4.4957e-13   1.75e-14          4.2648e-13      4.81e-15    5.52e-01
P+K = (4.2647541e-13 +- 4.8088472e-15) pb

********************************
* real gluon emission - dipole *
********************************
The limits of integration are:

xl[0]=0.000000    xu[0]=1.000000
xl[1]=0.000000    xu[1]=1.000000
xl[2]=0.000000    xu[2]=1.000000
xl[3]=0.000000    xu[3]=1.000000
xl[4]=0.000000    xu[4]=1.000000
xl[5]=0.000000    xu[5]=1.000000

num_dim=6, calls=250, it_num=1, max_it_num=5 verb=0, alph=1.50,
mode=0, bins=50, boxes=1

       single.......iteration                   accumulated......results   
iteration     integral    sigma             integral         sigma     chi-sq/it

   1        -7.9047e-14   2.11e-14          -7.9047e-14      2.11e-14    0.00e+00
   2        -8.2067e-14   1.62e-14          -8.0942e-14      1.29e-14    1.29e-02
   3        -7.7059e-14   1.16e-14          -7.8809e-14      8.63e-15    3.15e-02
   4        -6.7965e-14   7.81e-15          -7.2851e-14      5.79e-15    3.10e-01
   5        -8.5845e-14   1.23e-14          -7.5201e-14      5.24e-15    4.60e-01

num_dim=6, calls=2500, it_num=1, max_it_num=3 verb=0, alph=1.50,
mode=0, bins=50, boxes=1

       single.......iteration                   accumulated......results   
iteration     integral    sigma             integral         sigma     chi-sq/it

   1        -7.3526e-14   2.66e-15          -7.3526e-14      2.66e-15    0.00e+00
   2        -7.2592e-14   1.47e-15          -7.2811e-14      1.29e-15    9.46e-02
   3        -7.5035e-14   1.25e-15          -7.3958e-14      8.95e-16    8.19e-01
rNLOg = (-7.3958110e-14 +- 8.9472573e-16) pb

**************************************************
* real light quark emission - dipole - (onshell) *
**************************************************
The limits of integration are:

xl[0]=0.000000    xu[0]=1.000000
xl[1]=0.000000    xu[1]=1.000000
xl[2]=0.000000    xu[2]=1.000000
xl[3]=0.000000    xu[3]=1.000000
xl[4]=0.000000    xu[4]=1.000000
xl[5]=0.000000    xu[5]=1.000000

num_dim=6, calls=5000, it_num=1, max_it_num=5 verb=0, alph=1.50,
mode=0, bins=50, boxes=1

       single.......iteration                   accumulated......results   
iteration     integral    sigma             integral         sigma     chi-sq/it

   1        1.6888e-13   1.29e-14          1.6888e-13      1.29e-14    0.00e+00
   2        1.7528e-13   4.02e-15          1.7471e-13      3.84e-15    2.25e-01
   3        1.6982e-13   2.16e-15          1.7100e-13      1.88e-15    7.28e-01
   4        1.6819e-13   1.79e-15          1.6952e-13      1.30e-15    8.76e-01
   5        1.7016e-13   1.65e-15          1.6977e-13      1.02e-15    6.80e-01

num_dim=6, calls=50000, it_num=1, max_it_num=5 verb=0, alph=1.50,
mode=0, bins=50, boxes=1

       single.......iteration                   accumulated......results   
iteration     integral    sigma             integral         sigma     chi-sq/it

   1        1.6949e-13   5.10e-16          1.6949e-13      5.10e-16    0.00e+00
   2        1.7048e-13   5.30e-16          1.6997e-13      3.68e-16    1.79e+00
   3        1.7137e-13   5.84e-16          1.7037e-13      3.11e-16    2.98e+00
   4        1.7037e-13   5.67e-16          1.7037e-13      2.73e-16    1.99e+00
   5        1.7049e-13   5.73e-16          1.7039e-13      2.46e-16    1.50e+00
rNLOq = (1.7038912e-13 +- 2.4615823e-16) pb
NLO = (1.8626545e-11 +- 9.0266930e-15) pb
#chisq/dof = 1.08075e-07
#status = success
#chisq/dof = 1.81979e-08
#status = success
#chisq/dof = 7.1329e-10
#status = success
#chisq/dof = 4.73494e-09
#status = success
#chisq/dof = 5.22464e-10
#status = success
#chisq/dof = 2.72346e-11
#status = success
#chisq/dof = 1.55078e-09
#status = success
#chisq/dof = 9.32208e-11
#status = success

*******************************************************
* threshold resummation (unimproved nnll) - expansion *
*******************************************************
The limits of integration are:

xl[0]=0.000000    xu[0]=1.000000
xl[1]=0.000000    xu[1]=1.000000
xl[2]=0.000000    xu[2]=1.000000

num_dim=3, calls=7000, it_num=1, max_it_num=5 verb=0, alph=1.50,
mode=0, bins=50, boxes=1

       single.......iteration                   accumulated......results   
iteration     integral    sigma             integral         sigma     chi-sq/it

   1        3.4589e-12   2.57e-12          3.4589e-12      2.57e-12    0.00e+00
   2        -3.0121e-13   6.32e-13          -8.6277e-14      6.14e-13    2.02e+00
   3        3.9118e-13   5.39e-13          1.8327e-13      4.05e-13    1.18e+00
   4        -1.1081e-12   5.34e-13          -2.8857e-13      3.23e-13    2.03e+00
   5        -3.5243e-13   5.41e-13          -3.0532e-13      2.77e-13    1.52e+00

num_dim=3, calls=35000, it_num=1, max_it_num=5 verb=0, alph=1.50,
mode=0, bins=50, boxes=1

       single.......iteration                   accumulated......results   
iteration     integral    sigma             integral         sigma     chi-sq/it

   1        -6.2658e-14   2.40e-13          -6.2658e-14      2.40e-13    0.00e+00
   2        -6.1415e-13   2.39e-13          -3.3955e-13      1.69e-13    2.66e+00
   3        -5.1935e-13   2.40e-13          -3.9932e-13      1.38e-13    1.52e+00
   4        -5.7394e-13   2.39e-13          -4.4300e-13      1.20e-13    1.15e+00
   5        1.1807e-13   2.37e-13          -3.2943e-13      1.07e-13    1.97e+00
   5        -7.5820e-14   2.39e-13          -2.8720e-13      9.75e-14    1.77e+00
   5        -3.9801e-13   2.40e-13          -3.0292e-13      9.03e-14    1.50e+00
   5        6.4238e-15   2.38e-13          -2.6405e-13      8.45e-14    1.50e+00
   5        -1.9034e-13   2.39e-13          -2.5586e-13      7.96e-14    1.32e+00
   5        -1.1721e-13   2.39e-13          -2.4199e-13      7.56e-14    1.21e+00
   5        -6.0327e-14   2.39e-13          -2.2547e-13      7.20e-14    1.14e+00
   5        -1.3673e-13   2.40e-13          -2.1814e-13      6.90e-14    1.05e+00
   5        -3.0856e-13   2.41e-13          -2.2500e-13      6.63e-14    9.71e-01
   5        -3.4893e-13   2.40e-13          -2.3378e-13      6.39e-14    9.16e-01
   5        -5.6569e-14   2.42e-13          -2.2220e-13      6.18e-14    8.86e-01
   5        -5.0143e-13   2.40e-13          -2.3956e-13      5.99e-14    9.12e-01
   5        1.5967e-14   2.41e-13          -2.2474e-13      5.81e-14    9.21e-01
   5        2.3403e-13   2.42e-13          -1.9968e-13      5.65e-14    1.07e+00
   5        -5.7890e-13   2.41e-13          -2.1937e-13      5.50e-14    1.14e+00
   5        -4.7315e-13   2.44e-13          -2.3168e-13      5.36e-14    1.13e+00
   5        -9.0069e-14   2.43e-13          -2.2508e-13      5.24e-14    1.09e+00
   5        -1.1982e-13   2.45e-13          -2.2047e-13      5.12e-14    1.05e+00
   5        -6.6222e-14   2.44e-13          -2.1397e-13      5.01e-14    1.02e+00
   5        -5.7594e-14   2.45e-13          -2.0767e-13      4.91e-14    9.91e-01
   5        -2.0446e-13   2.45e-13          -2.0754e-13      4.82e-14    9.49e-01
   5        -3.9068e-13   2.47e-13          -2.1426e-13      4.73e-14    9.33e-01
   5        -2.7798e-13   2.45e-13          -2.1654e-13      4.64e-14    8.99e-01
   5        -4.6423e-13   2.47e-13          -2.2497e-13      4.56e-14    9.02e-01
   5        -4.4819e-13   2.47e-13          -2.3233e-13      4.49e-14    8.98e-01
   5        -5.6568e-14   2.48e-13          -2.2676e-13      4.41e-14    8.84e-01
   5        -2.1818e-13   2.47e-13          -2.2649e-13      4.35e-14    8.54e-01
   5        -6.1445e-13   2.48e-13          -2.3802e-13      4.28e-14    9.03e-01
   5        -8.4323e-14   2.49e-13          -2.3360e-13      4.22e-14    8.86e-01
   5        -1.8076e-13   2.51e-13          -2.3215e-13      4.16e-14    8.61e-01
   5        -3.4393e-13   2.50e-13          -2.3517e-13      4.10e-14    8.41e-01
   5        -4.0257e-13   2.51e-13          -2.3953e-13      4.05e-14    8.30e-01
   5        -1.7907e-14   2.52e-13          -2.3397e-13      4.00e-14    8.28e-01
   5        8.6512e-16   2.52e-13          -2.2822e-13      3.95e-14    8.28e-01
   5        -3.7559e-13   2.52e-13          -2.3175e-13      3.90e-14    8.15e-01
   5        1.4452e-13   2.56e-13          -2.2318e-13      3.86e-14    8.48e-01
   5        -4.9064e-14   2.57e-13          -2.1936e-13      3.81e-14    8.38e-01
   5        1.0729e-13   2.57e-13          -2.1233e-13      3.77e-14    8.56e-01
   5        3.7580e-14   2.54e-13          -2.0692e-13      3.73e-14    8.59e-01
   5        4.0578e-13   2.55e-13          -1.9410e-13      3.69e-14    9.70e-01
   5        -1.2122e-13   2.57e-13          -1.9262e-13      3.66e-14    9.50e-01
   5        2.0616e-13   2.55e-13          -1.8460e-13      3.62e-14    9.82e-01
   5        -5.8097e-13   2.56e-13          -1.9236e-13      3.58e-14    1.01e+00
   5        -3.3479e-13   2.56e-13          -1.9510e-13      3.55e-14    9.96e-01
   5        -4.5238e-14   2.58e-13          -1.9233e-13      3.51e-14    9.83e-01
   5        2.1675e-13   2.56e-13          -1.8474e-13      3.48e-14    1.01e+00
   5        4.1978e-14   2.58e-13          -1.8069e-13      3.45e-14    1.01e+00
   5        -1.6996e-13   2.59e-13          -1.8050e-13      3.42e-14    9.89e-01
   5        -1.6849e-13   2.60e-13          -1.8030e-13      3.39e-14    9.70e-01
   5        -7.5385e-14   2.60e-13          -1.7854e-13      3.36e-14    9.55e-01
   5        -2.8858e-13   2.63e-13          -1.8032e-13      3.34e-14    9.40e-01
aNNLO+NNLL = (1.8446226e-11 +- 3.4556989e-14) pb

Results:
LO = (1.5636464e-11 +- 9.8709928e-15) pb
NLO = (1.8626545e-11 +- 9.0266930e-15) pb
aNNLO+NNLL = (1.8446226e-11 +- 3.4556989e-14) pb
Thanks for using LHAPDF 6.2.3. Please make sure to cite the paper:
  Eur.Phys.J. C75 (2015) 3, 132  (http://arxiv.org/abs/1412.7420)
 ====================================================
   FF 2.0, a package to evaluate one-loop integrals
 written by G. J. van Oldenborgh, NIKHEF-H, Amsterdam
 ====================================================
 for the algorithms used see preprint NIKHEF-H 89/17,
 'New Algorithms for One-loop Integrals', by G.J. van
 Oldenborgh and J.A.M. Vermaseren, published in 
 Zeitschrift fuer Physik C46(1990)425.
 ====================================================
 
total number of errors and warnings
===================================
fferr: no errors
 
