
  Welcome to Resummino git-latest
  Copyright 2008-2010 Jonathan Debove.
  Copyright 2011-2014 David R. Lamprea.
  Copyright 2011-2016 Marcel Rothering.

  Licensed under the EUPL 1.1 or later.
  See http://www.resummino.org/ for more information.

  If using Resummino for slepton pair production, please cite.
  - G. Bozzi, B. Fuks, M. Klasen, PRD 74, 015001 (2006); NPB 777, 157 (2007); NPB 794, 46 (2007).
  - B. Fuks, M. Klasen, D. R. Lamprea, M. Rothering, EPJC 73, 2480 (2013).

  For gaugino pair production, please cite:
  - J. Debove, B. Fuks, M. Klasen, PLB 688, 208 (2010); NPB 842, 51 (2011); NPB 849, 64 (2011).
  - B. Fuks, M. Klasen, D. R. Lamprea, M. Rothering, JHEP 1210, 081 (2012); EPJC 73, 2480 (2013).

  For associated gaugino gluino production, please cite:
  - B. Fuks, M. Klasen, M. Rothering, JHEP 07:053, (2016).
  - B. Fuks, M. Klasen, D. R. Lamprea, M. Rothering, EPJC 73, 2480 (2013).

LHAPDF 6.2.3 loading /pool/condor/dir_27309/resummino-releases/lhapdf-prefix/share/LHAPDF/PDF4LHC21_40/PDF4LHC21_40_0000.dat
PDF4LHC21_40 PDF set, member #0, version 1
 alpha_s(M_Z^2) = 0.1180 	 for LO PDF set 
 alpha_s(1600.000^2) = 0.0826 	 for LO PDF set 

********************
* LO cross section *
********************
The limits of integration are:

xl[0]=0.000000    xu[0]=1.000000
xl[1]=0.000000    xu[1]=1.000000
xl[2]=0.000000    xu[2]=1.000000

num_dim=3, calls=2000, it_num=1, max_it_num=5 verb=0, alph=1.50,
mode=0, bins=50, boxes=1

       single.......iteration                   accumulated......results   
iteration     integral    sigma             integral         sigma     chi-sq/it

   1        2.6124e-12   8.30e-14          2.6124e-12      8.30e-14    0.00e+00
   2        2.7145e-12   2.87e-14          2.7036e-12      2.71e-14    1.35e+00
   3        2.7560e-12   1.59e-14          2.7426e-12      1.37e-14    2.07e+00
   4        2.7206e-12   1.48e-14          2.7324e-12      1.01e-14    1.77e+00
   5        2.7127e-12   1.55e-14          2.7266e-12      8.45e-15    1.61e+00

num_dim=3, calls=20000, it_num=1, max_it_num=5 verb=0, alph=1.50,
mode=0, bins=50, boxes=1

       single.......iteration                   accumulated......results   
iteration     integral    sigma             integral         sigma     chi-sq/it

   1        2.7316e-12   4.74e-15          2.7316e-12      4.74e-15    0.00e+00
   2        2.7324e-12   4.62e-15          2.7320e-12      3.31e-15    1.68e-02
   3        2.7394e-12   4.58e-15          2.7346e-12      2.68e-15    8.71e-01
   4        2.7384e-12   4.83e-15          2.7355e-12      2.34e-15    7.44e-01
   5        2.7281e-12   4.83e-15          2.7341e-12      2.11e-15    1.03e+00
LO = (2.7340577e-12 +- 2.1084249e-15) pb
LHAPDF 6.2.3 loading /pool/condor/dir_27309/resummino-releases/lhapdf-prefix/share/LHAPDF/PDF4LHC21_40/PDF4LHC21_40_0000.dat
PDF4LHC21_40 PDF set, member #0, version 1
 alpha_s(M_Z^2) = 0.1180 	 for NLO PDF set 
 alpha_s(1600.000^2) = 0.0826 	 for NLO PDF set 

********************
* LO cross section *
********************
The limits of integration are:

xl[0]=0.000000    xu[0]=1.000000
xl[1]=0.000000    xu[1]=1.000000
xl[2]=0.000000    xu[2]=1.000000

num_dim=3, calls=2000, it_num=1, max_it_num=5 verb=0, alph=1.50,
mode=0, bins=50, boxes=1

       single.......iteration                   accumulated......results   
iteration     integral    sigma             integral         sigma     chi-sq/it

   1        2.6124e-12   8.30e-14          2.6124e-12      8.30e-14    0.00e+00
   2        2.7145e-12   2.87e-14          2.7036e-12      2.71e-14    1.35e+00
   3        2.7560e-12   1.59e-14          2.7426e-12      1.37e-14    2.07e+00
   4        2.7206e-12   1.48e-14          2.7324e-12      1.01e-14    1.77e+00
   5        2.7127e-12   1.55e-14          2.7266e-12      8.45e-15    1.61e+00

num_dim=3, calls=20000, it_num=1, max_it_num=5 verb=0, alph=1.50,
mode=0, bins=50, boxes=1

       single.......iteration                   accumulated......results   
iteration     integral    sigma             integral         sigma     chi-sq/it

   1        2.7316e-12   4.74e-15          2.7316e-12      4.74e-15    0.00e+00
   2        2.7324e-12   4.62e-15          2.7320e-12      3.31e-15    1.68e-02
   3        2.7394e-12   4.58e-15          2.7346e-12      2.68e-15    8.71e-01
   4        2.7384e-12   4.83e-15          2.7355e-12      2.34e-15    7.44e-01
   5        2.7281e-12   4.83e-15          2.7341e-12      2.11e-15    1.03e+00
   5        2.7296e-12   4.84e-15          2.7334e-12      1.93e-15    9.66e-01
   5        2.7350e-12   4.84e-15          2.7336e-12      1.80e-15    8.22e-01
   5        2.7278e-12   4.91e-15          2.7329e-12      1.69e-15    8.81e-01
   5        2.7282e-12   5.03e-15          2.7324e-12      1.60e-15    8.68e-01
   5        2.7256e-12   5.14e-15          2.7318e-12      1.53e-15    9.50e-01
   5        2.7315e-12   5.37e-15          2.7318e-12      1.47e-15    8.56e-01
   5        2.7309e-12   5.42e-15          2.7317e-12      1.42e-15    7.80e-01
   5        2.7371e-12   5.69e-15          2.7321e-12      1.38e-15    7.85e-01
   5        2.7293e-12   5.98e-15          2.7319e-12      1.34e-15    7.39e-01
   5        2.7328e-12   6.32e-15          2.7320e-12      1.31e-15    6.88e-01
   5        2.7263e-12   6.55e-15          2.7317e-12      1.29e-15    6.90e-01
   5        2.7263e-12   6.65e-15          2.7315e-12      1.26e-15    6.88e-01
   5        2.7369e-12   6.82e-15          2.7317e-12      1.24e-15    6.83e-01
   5        2.7406e-12   7.33e-15          2.7320e-12      1.22e-15    7.24e-01
   5        2.7422e-12   7.12e-15          2.7323e-12      1.21e-15    7.91e-01
   5        2.7254e-12   7.25e-15          2.7321e-12      1.19e-15    7.95e-01
   5        2.7347e-12   7.49e-15          2.7321e-12      1.17e-15    7.63e-01
   5        2.7359e-12   7.79e-15          2.7322e-12      1.16e-15    7.38e-01
   5        2.7324e-12   8.17e-15          2.7322e-12      1.15e-15    7.06e-01
   5        2.7431e-12   8.27e-15          2.7324e-12      1.14e-15    7.47e-01
   5        2.7272e-12   8.35e-15          2.7323e-12      1.13e-15    7.32e-01
   5        2.7523e-12   8.56e-15          2.7327e-12      1.12e-15    9.10e-01
   5        2.7331e-12   8.33e-15          2.7327e-12      1.11e-15    8.77e-01
   5        2.7315e-12   8.60e-15          2.7327e-12      1.10e-15    8.46e-01
   5        2.7386e-12   8.75e-15          2.7328e-12      1.09e-15    8.33e-01
   5        2.7278e-12   8.68e-15          2.7327e-12      1.08e-15    8.16e-01
   5        2.7324e-12   9.13e-15          2.7327e-12      1.08e-15    7.89e-01
   5        2.7445e-12   8.90e-15          2.7328e-12      1.07e-15    8.19e-01
   5        2.7268e-12   9.23e-15          2.7328e-12      1.06e-15    8.07e-01
   5        2.7164e-12   9.00e-15          2.7325e-12      1.05e-15    8.79e-01
   5        2.7426e-12   9.24e-15          2.7327e-12      1.05e-15    8.87e-01
   5        2.7080e-12   9.16e-15          2.7324e-12      1.04e-15    1.06e+00
   5        2.7217e-12   9.42e-15          2.7322e-12      1.03e-15    1.07e+00
   5        2.7404e-12   9.29e-15          2.7323e-12      1.03e-15    1.06e+00
   5        2.7328e-12   9.46e-15          2.7323e-12      1.02e-15    1.03e+00
   5        2.7370e-12   9.66e-15          2.7324e-12      1.02e-15    1.01e+00
   5        2.7305e-12   9.58e-15          2.7324e-12      1.01e-15    9.88e-01
   5        2.7530e-12   9.83e-15          2.7326e-12      1.00e-15    1.07e+00
   5        2.7402e-12   9.73e-15          2.7327e-12      9.99e-16    1.06e+00
   5        2.7187e-12   9.97e-15          2.7325e-12      9.94e-16    1.08e+00
   5        2.7297e-12   1.02e-14          2.7325e-12      9.90e-16    1.06e+00
   5        2.7471e-12   1.05e-14          2.7326e-12      9.85e-16    1.07e+00
   5        2.7090e-12   1.03e-14          2.7324e-12      9.81e-16    1.16e+00
   5        2.7554e-12   1.06e-14          2.7326e-12      9.77e-16    1.24e+00
   5        2.7482e-12   1.04e-14          2.7327e-12      9.72e-16    1.26e+00
   5        2.7296e-12   1.03e-14          2.7327e-12      9.68e-16    1.23e+00
   5        2.7109e-12   1.03e-14          2.7325e-12      9.64e-16    1.30e+00
   5        2.7335e-12   1.06e-14          2.7325e-12      9.60e-16    1.27e+00
   5        2.7351e-12   1.09e-14          2.7325e-12      9.56e-16    1.25e+00
   5        2.7514e-12   1.06e-14          2.7327e-12      9.52e-16    1.28e+00
LO = (2.7327012e-12 +- 9.5213936e-16) pb

*******************************************
* virtual corrections + integrated dipole *
*******************************************
The limits of integration are:

xl[0]=0.000000    xu[0]=1.000000
xl[1]=0.000000    xu[1]=1.000000
xl[2]=0.000000    xu[2]=1.000000

num_dim=3, calls=240, it_num=1, max_it_num=5 verb=0, alph=1.50,
mode=0, bins=50, boxes=1

       single.......iteration                   accumulated......results   
iteration     integral    sigma             integral         sigma     chi-sq/it

   1        2.9643e-13   2.82e-14          2.9643e-13      2.82e-14    0.00e+00
   2        3.1532e-13   1.51e-14          3.1111e-13      1.33e-14    3.48e-01
   3        3.4231e-13   9.36e-15          3.3201e-13      7.66e-15    2.01e+00
   4        3.4037e-13   6.15e-15          3.3709e-13      4.80e-15    1.58e+00
   5        3.4981e-13   7.91e-15          3.4051e-13      4.10e-15    1.66e+00

num_dim=3, calls=1200, it_num=1, max_it_num=3 verb=0, alph=1.50,
mode=0, bins=50, boxes=1

       single.......iteration                   accumulated......results   
iteration     integral    sigma             integral         sigma     chi-sq/it

   1        3.2854e-13   3.32e-15          3.2854e-13      3.32e-15    0.00e+00
   2        3.3689e-13   2.71e-15          3.3354e-13      2.10e-15    3.80e+00
   3        3.3352e-13   2.48e-15          3.3353e-13      1.60e-15    1.90e+00
   3        3.4129e-13   2.58e-15          3.3570e-13      1.36e-15    3.44e+00
   3        3.3181e-13   2.56e-15          3.3484e-13      1.20e-15    3.03e+00
   3        3.3604e-13   2.54e-15          3.3506e-13      1.09e-15    2.46e+00
   3        3.3182e-13   2.72e-15          3.3462e-13      1.01e-15    2.26e+00
   3        3.3837e-13   2.54e-15          3.3513e-13      9.38e-16    2.20e+00
   3        3.3810e-13   2.52e-15          3.3549e-13      8.79e-16    2.08e+00
   3        3.3574e-13   2.51e-15          3.3552e-13      8.30e-16    1.85e+00
   3        3.3416e-13   2.59e-15          3.3539e-13      7.90e-16    1.69e+00
   3        3.3571e-13   2.65e-15          3.3542e-13      7.57e-16    1.54e+00
   3        3.3774e-13   2.60e-15          3.3560e-13      7.27e-16    1.47e+00
vNLO = (3.3559693e-13 +- 7.2703519e-16) pb

*****************************
* collinear remainder (P+K) *
*****************************
The limits of integration are:

xl[0]=0.000000    xu[0]=1.000000
xl[1]=0.000000    xu[1]=1.000000
xl[2]=0.000000    xu[2]=1.000000
xl[3]=0.000000    xu[3]=1.000000

num_dim=4, calls=2500, it_num=1, max_it_num=5 verb=0, alph=1.50,
mode=0, bins=50, boxes=1

       single.......iteration                   accumulated......results   
iteration     integral    sigma             integral         sigma     chi-sq/it

   1        4.7986e-13   2.52e-14          4.7986e-13      2.52e-14    0.00e+00
   2        4.8821e-13   9.04e-15          4.8726e-13      8.51e-15    9.74e-02
   3        4.8785e-13   6.80e-15          4.8762e-13      5.31e-15    5.02e-02
   4        4.9054e-13   6.40e-15          4.8881e-13      4.09e-15    7.44e-02
   5        4.9517e-13   6.45e-15          4.9063e-13      3.45e-15    2.29e-01

num_dim=4, calls=25000, it_num=1, max_it_num=3 verb=0, alph=1.50,
mode=0, bins=50, boxes=1

       single.......iteration                   accumulated......results   
iteration     integral    sigma             integral         sigma     chi-sq/it

   1        4.9639e-13   1.99e-15          4.9639e-13      1.99e-15    0.00e+00
   2        4.9638e-13   1.96e-15          4.9639e-13      1.40e-15    2.63e-05
   3        4.9154e-13   1.97e-15          4.9477e-13      1.14e-15    2.00e+00
   3        4.9463e-13   1.97e-15          4.9473e-13      9.87e-16    1.34e+00
   3        4.9209e-13   1.97e-15          4.9420e-13      8.83e-16    1.36e+00
P+K = (4.9420378e-13 +- 8.8276648e-16) pb

********************************
* real gluon emission - dipole *
********************************
The limits of integration are:

xl[0]=0.000000    xu[0]=1.000000
xl[1]=0.000000    xu[1]=1.000000
xl[2]=0.000000    xu[2]=1.000000
xl[3]=0.000000    xu[3]=1.000000
xl[4]=0.000000    xu[4]=1.000000
xl[5]=0.000000    xu[5]=1.000000

num_dim=6, calls=250, it_num=1, max_it_num=5 verb=0, alph=1.50,
mode=0, bins=50, boxes=1

       single.......iteration                   accumulated......results   
iteration     integral    sigma             integral         sigma     chi-sq/it

   1        -7.1838e-15   2.48e-15          -7.1838e-15      2.48e-15    0.00e+00
   2        -9.1102e-15   1.98e-15          -8.3596e-15      1.55e-15    3.67e-01
   3        -4.9684e-15   6.37e-16          -5.4580e-15      5.89e-16    2.23e+00
   4        -6.3016e-15   7.45e-16          -5.7824e-15      4.62e-16    1.75e+00
   5        -6.8259e-15   8.09e-16          -6.0393e-15      4.01e-16    1.63e+00

num_dim=6, calls=2500, it_num=1, max_it_num=3 verb=0, alph=1.50,
mode=0, bins=50, boxes=1

       single.......iteration                   accumulated......results   
iteration     integral    sigma             integral         sigma     chi-sq/it

   1        -6.1742e-15   2.02e-16          -6.1742e-15      2.02e-16    0.00e+00
   2        -6.0103e-15   9.89e-17          -6.0419e-15      8.88e-17    5.30e-01
   3        -6.1450e-15   8.58e-17          -6.0952e-15      6.17e-17    6.13e-01
rNLOg = (-6.0952132e-15 +- 6.1710821e-17) pb

**************************************************
* real light quark emission - dipole - (onshell) *
**************************************************
The limits of integration are:

xl[0]=0.000000    xu[0]=1.000000
xl[1]=0.000000    xu[1]=1.000000
xl[2]=0.000000    xu[2]=1.000000
xl[3]=0.000000    xu[3]=1.000000
xl[4]=0.000000    xu[4]=1.000000
xl[5]=0.000000    xu[5]=1.000000

num_dim=6, calls=5000, it_num=1, max_it_num=5 verb=0, alph=1.50,
mode=0, bins=50, boxes=1

       single.......iteration                   accumulated......results   
iteration     integral    sigma             integral         sigma     chi-sq/it

   1        1.2291e-14   9.68e-16          1.2291e-14      9.68e-16    0.00e+00
   2        1.3063e-14   2.94e-16          1.2998e-14      2.81e-16    5.82e-01
   3        1.2587e-14   1.48e-16          1.2677e-14      1.31e-16    1.12e+00
   4        1.2374e-14   1.17e-16          1.2508e-14      8.71e-17    1.74e+00
   5        1.2495e-14   1.03e-16          1.2502e-14      6.66e-17    1.31e+00

num_dim=6, calls=50000, it_num=1, max_it_num=5 verb=0, alph=1.50,
mode=0, bins=50, boxes=1

       single.......iteration                   accumulated......results   
iteration     integral    sigma             integral         sigma     chi-sq/it

   1        1.2456e-14   3.13e-17          1.2456e-14      3.13e-17    0.00e+00
   2        1.2533e-14   3.57e-17          1.2489e-14      2.36e-17    2.64e+00
   3        1.2572e-14   3.79e-17          1.2512e-14      2.00e-17    3.03e+00
   4        1.2516e-14   3.65e-17          1.2513e-14      1.75e-17    2.02e+00
   5        1.2535e-14   3.82e-17          1.2517e-14      1.59e-17    1.58e+00
   5        1.2494e-14   3.35e-17          1.2513e-14      1.44e-17    1.34e+00
rNLOq = (1.2512684e-14 +- 1.4398362e-17) pb
NLO = (3.5689194e-12 +- 1.4894434e-15) pb
#chisq/dof = 1.84771e-09
#status = success
#chisq/dof = 1.91812e-09
#status = success
#chisq/dof = 4.09362e-10
#status = success
#chisq/dof = 5.49049e-10
#status = success
#chisq/dof = 1.47575e-10
#status = success
#chisq/dof = 2.74125e-12
#status = success
#chisq/dof = 2.57647e-10
#status = success
#chisq/dof = 7.50014e-11
#status = success

*******************************************************
* threshold resummation (unimproved nnll) - expansion *
*******************************************************
The limits of integration are:

xl[0]=0.000000    xu[0]=1.000000
xl[1]=0.000000    xu[1]=1.000000
xl[2]=0.000000    xu[2]=1.000000

num_dim=3, calls=7000, it_num=1, max_it_num=5 verb=0, alph=1.50,
mode=0, bins=50, boxes=1

       single.......iteration                   accumulated......results   
iteration     integral    sigma             integral         sigma     chi-sq/it

   1        1.3367e-13   6.99e-14          1.3367e-13      6.99e-14    0.00e+00
   2        1.2464e-13   3.00e-14          1.2604e-13      2.76e-14    1.41e-02
   3        3.6081e-14   2.84e-14          8.2333e-14      1.98e-14    2.59e+00
   4        5.2029e-14   2.85e-14          7.2500e-14      1.62e-14    1.98e+00
   5        9.0604e-14   2.87e-14          7.6901e-14      1.41e-14    1.56e+00

num_dim=3, calls=35000, it_num=1, max_it_num=5 verb=0, alph=1.50,
mode=0, bins=50, boxes=1

       single.......iteration                   accumulated......results   
iteration     integral    sigma             integral         sigma     chi-sq/it

   1        8.7171e-14   1.27e-14          8.7171e-14      1.27e-14    0.00e+00
   2        9.8780e-14   1.27e-14          9.2967e-14      9.00e-15    4.16e-01
   3        1.0684e-13   1.28e-14          9.7554e-14      7.36e-15    6.01e-01
   4        8.7985e-14   1.28e-14          9.5186e-14      6.39e-15    5.40e-01
   5        9.6413e-14   1.28e-14          9.5430e-14      5.72e-15    4.07e-01
   5        9.0111e-14   1.29e-14          9.4552e-14      5.22e-15    3.54e-01
   5        1.0169e-13   1.29e-14          9.5563e-14      4.84e-15    3.39e-01
   5        9.7427e-14   1.29e-14          9.5793e-14      4.53e-15    2.93e-01
   5        8.6761e-14   1.29e-14          9.4802e-14      4.28e-15    3.11e-01
   5        9.6410e-14   1.29e-14          9.4960e-14      4.06e-15    2.78e-01
   5        8.1796e-14   1.29e-14          9.3771e-14      3.87e-15    3.45e-01
   5        7.6218e-14   1.29e-14          9.2325e-14      3.71e-15    4.68e-01
   5        9.4541e-14   1.30e-14          9.2493e-14      3.57e-15    4.31e-01
   5        8.3934e-14   1.29e-14          9.1888e-14      3.44e-15    4.29e-01
   5        9.3713e-14   1.30e-14          9.2008e-14      3.32e-15    4.00e-01
   5        1.1930e-13   1.31e-14          9.3662e-14      3.22e-15    6.46e-01
   5        7.6404e-14   1.30e-14          9.2658e-14      3.13e-15    7.10e-01
   5        9.1881e-14   1.30e-14          9.2616e-14      3.04e-15    6.68e-01
   5        1.0401e-13   1.31e-14          9.3201e-14      2.96e-15    6.71e-01
   5        1.0035e-13   1.31e-14          9.3550e-14      2.89e-15    6.51e-01
   5        6.8769e-14   1.30e-14          9.2388e-14      2.82e-15    7.91e-01
   5        1.0036e-13   1.31e-14          9.2740e-14      2.76e-15    7.70e-01
   5        8.0410e-14   1.33e-14          9.2232e-14      2.70e-15    7.73e-01
   5        9.1435e-14   1.33e-14          9.2200e-14      2.64e-15    7.39e-01
   5        1.0718e-13   1.33e-14          9.2771e-14      2.59e-15    7.59e-01
   5        1.0227e-13   1.32e-14          9.3124e-14      2.55e-15    7.49e-01
   5        7.3578e-14   1.33e-14          9.2429e-14      2.50e-15    8.01e-01
   5        1.0026e-13   1.34e-14          9.2694e-14      2.46e-15    7.83e-01
   5        9.8988e-14   1.34e-14          9.2898e-14      2.42e-15    7.63e-01
   5        1.0229e-13   1.35e-14          9.3189e-14      2.38e-15    7.53e-01
   5        8.7400e-14   1.34e-14          9.3013e-14      2.34e-15    7.34e-01
   5        9.6780e-14   1.34e-14          9.3124e-14      2.31e-15    7.12e-01
   5        1.0074e-13   1.36e-14          9.3337e-14      2.28e-15    7.00e-01
   5        9.7133e-14   1.35e-14          9.3442e-14      2.24e-15    6.81e-01
   5        1.0327e-13   1.36e-14          9.3702e-14      2.21e-15    6.76e-01
   5        9.4176e-14   1.35e-14          9.3715e-14      2.18e-15    6.57e-01
   5        1.2289e-13   1.37e-14          9.4443e-14      2.16e-15    7.62e-01
   5        8.8074e-14   1.36e-14          9.4286e-14      2.13e-15    7.47e-01
   5        1.0007e-13   1.37e-14          9.4423e-14      2.11e-15    7.32e-01
   5        5.8308e-14   1.37e-14          9.3590e-14      2.08e-15    8.87e-01
   5        8.7783e-14   1.37e-14          9.3460e-14      2.06e-15    8.70e-01
   5        9.2561e-14   1.38e-14          9.3440e-14      2.03e-15    8.48e-01
   5        9.9569e-14   1.38e-14          9.3571e-14      2.01e-15    8.33e-01
   5        8.7414e-14   1.38e-14          9.3443e-14      1.99e-15    8.18e-01
   5        9.9050e-14   1.39e-14          9.3555e-14      1.97e-15    8.03e-01
   5        9.2616e-14   1.39e-14          9.3537e-14      1.95e-15    7.85e-01
   5        9.0442e-14   1.41e-14          9.3478e-14      1.93e-15    7.69e-01
   5        1.0102e-13   1.41e-14          9.3618e-14      1.92e-15    7.59e-01
   5        1.0368e-13   1.41e-14          9.3799e-14      1.90e-15    7.53e-01
   5        1.1043e-13   1.41e-14          9.4096e-14      1.88e-15    7.66e-01
   5        8.5637e-14   1.41e-14          9.3947e-14      1.86e-15    7.58e-01
   5        9.0448e-14   1.41e-14          9.3887e-14      1.85e-15    7.44e-01
   5        7.6404e-14   1.42e-14          9.3595e-14      1.83e-15    7.59e-01
   5        1.0552e-13   1.41e-14          9.3792e-14      1.82e-15    7.57e-01
   5        8.3698e-14   1.41e-14          9.3627e-14      1.80e-15    7.53e-01
aNNLO+NNLL = (3.6625460e-12 +- 2.3386500e-15) pb

Results:
LO = (2.7340577e-12 +- 2.1084249e-15) pb
NLO = (3.5689194e-12 +- 1.4894434e-15) pb
aNNLO+NNLL = (3.6625460e-12 +- 2.3386500e-15) pb
Thanks for using LHAPDF 6.2.3. Please make sure to cite the paper:
  Eur.Phys.J. C75 (2015) 3, 132  (http://arxiv.org/abs/1412.7420)
 ====================================================
   FF 2.0, a package to evaluate one-loop integrals
 written by G. J. van Oldenborgh, NIKHEF-H, Amsterdam
 ====================================================
 for the algorithms used see preprint NIKHEF-H 89/17,
 'New Algorithms for One-loop Integrals', by G.J. van
 Oldenborgh and J.A.M. Vermaseren, published in 
 Zeitschrift fuer Physik C46(1990)425.
 ====================================================
 
total number of errors and warnings
===================================
fferr: no errors
 
