
  Welcome to Resummino git-latest
  Copyright 2008-2010 Jonathan Debove.
  Copyright 2011-2014 David R. Lamprea.
  Copyright 2011-2016 Marcel Rothering.

  Licensed under the EUPL 1.1 or later.
  See http://www.resummino.org/ for more information.

  If using Resummino for slepton pair production, please cite.
  - G. Bozzi, B. Fuks, M. Klasen, PRD 74, 015001 (2006); NPB 777, 157 (2007); NPB 794, 46 (2007).
  - B. Fuks, M. Klasen, D. R. Lamprea, M. Rothering, EPJC 73, 2480 (2013).

  For gaugino pair production, please cite:
  - J. Debove, B. Fuks, M. Klasen, PLB 688, 208 (2010); NPB 842, 51 (2011); NPB 849, 64 (2011).
  - B. Fuks, M. Klasen, D. R. Lamprea, M. Rothering, JHEP 1210, 081 (2012); EPJC 73, 2480 (2013).

  For associated gaugino gluino production, please cite:
  - B. Fuks, M. Klasen, M. Rothering, JHEP 07:053, (2016).
  - B. Fuks, M. Klasen, D. R. Lamprea, M. Rothering, EPJC 73, 2480 (2013).

LHAPDF 6.2.3 loading /pool/condor/dir_61347/resummino-releases/lhapdf-prefix/share/LHAPDF/PDF4LHC21_40/PDF4LHC21_40_0000.dat
PDF4LHC21_40 PDF set, member #0, version 1
 alpha_s(M_Z^2) = 0.1180 	 for LO PDF set 
 alpha_s(400.000^2) = 0.0965 	 for LO PDF set 

********************
* LO cross section *
********************
The limits of integration are:

xl[0]=0.000000    xu[0]=1.000000
xl[1]=0.000000    xu[1]=1.000000
xl[2]=0.000000    xu[2]=1.000000

num_dim=3, calls=2000, it_num=1, max_it_num=5 verb=0, alph=1.50,
mode=0, bins=50, boxes=1

       single.......iteration                   accumulated......results   
iteration     integral    sigma             integral         sigma     chi-sq/it

   1        1.0916e-11   3.50e-13          1.0916e-11      3.50e-13    0.00e+00
   2        1.1114e-11   1.15e-13          1.1095e-11      1.09e-13    2.89e-01
   3        1.1277e-11   6.60e-14          1.1228e-11      5.65e-14    1.17e+00
   4        1.1132e-11   6.17e-14          1.1184e-11      4.16e-14    1.22e+00
   5        1.1115e-11   6.44e-14          1.1164e-11      3.50e-14    1.12e+00

num_dim=3, calls=20000, it_num=1, max_it_num=5 verb=0, alph=1.50,
mode=0, bins=50, boxes=1

       single.......iteration                   accumulated......results   
iteration     integral    sigma             integral         sigma     chi-sq/it

   1        1.1184e-11   1.96e-14          1.1184e-11      1.96e-14    0.00e+00
   2        1.1190e-11   1.92e-14          1.1187e-11      1.37e-14    4.00e-02
   3        1.1225e-11   1.90e-14          1.1200e-11      1.11e-14    1.32e+00
   4        1.1214e-11   2.00e-14          1.1203e-11      9.71e-15    9.95e-01
   5        1.1169e-11   2.00e-14          1.1197e-11      8.73e-15    1.35e+00
LO = (1.1196798e-11 +- 8.7347299e-15) pb
LHAPDF 6.2.3 loading /pool/condor/dir_61347/resummino-releases/lhapdf-prefix/share/LHAPDF/PDF4LHC21_40/PDF4LHC21_40_0022.dat
PDF4LHC21_40 PDF set, member #22, version 1
 alpha_s(M_Z^2) = 0.1180 	 for NLO PDF set 
 alpha_s(400.000^2) = 0.0965 	 for NLO PDF set 

********************
* LO cross section *
********************
The limits of integration are:

xl[0]=0.000000    xu[0]=1.000000
xl[1]=0.000000    xu[1]=1.000000
xl[2]=0.000000    xu[2]=1.000000

num_dim=3, calls=2000, it_num=1, max_it_num=5 verb=0, alph=1.50,
mode=0, bins=50, boxes=1

       single.......iteration                   accumulated......results   
iteration     integral    sigma             integral         sigma     chi-sq/it

   1        1.0893e-11   3.48e-13          1.0893e-11      3.48e-13    0.00e+00
   2        1.1096e-11   1.14e-13          1.1076e-11      1.09e-13    3.07e-01
   3        1.1257e-11   6.53e-14          1.1209e-11      5.60e-14    1.16e+00
   4        1.1111e-11   6.09e-14          1.1164e-11      4.12e-14    1.24e+00
   5        1.1099e-11   6.35e-14          1.1145e-11      3.46e-14    1.11e+00

num_dim=3, calls=20000, it_num=1, max_it_num=5 verb=0, alph=1.50,
mode=0, bins=50, boxes=1

       single.......iteration                   accumulated......results   
iteration     integral    sigma             integral         sigma     chi-sq/it

   1        1.1163e-11   1.93e-14          1.1163e-11      1.93e-14    0.00e+00
   2        1.1168e-11   1.90e-14          1.1165e-11      1.35e-14    3.74e-02
   3        1.1204e-11   1.88e-14          1.1178e-11      1.10e-14    1.39e+00
   4        1.1192e-11   1.97e-14          1.1182e-11      9.59e-15    1.05e+00
   5        1.1147e-11   1.97e-14          1.1175e-11      8.62e-15    1.39e+00
   5        1.1164e-11   1.98e-14          1.1173e-11      7.91e-15    1.17e+00
   5        1.1179e-11   1.99e-14          1.1174e-11      7.35e-15    9.84e-01
   5        1.1153e-11   2.00e-14          1.1172e-11      6.90e-15    9.88e-01
   5        1.1150e-11   2.05e-14          1.1169e-11      6.54e-15    9.90e-01
   5        1.1136e-11   2.10e-14          1.1166e-11      6.24e-15    1.13e+00
   5        1.1160e-11   2.19e-14          1.1166e-11      6.00e-15    1.03e+00
   5        1.1160e-11   2.21e-14          1.1165e-11      5.79e-15    9.41e-01
   5        1.1187e-11   2.33e-14          1.1167e-11      5.62e-15    9.30e-01
   5        1.1159e-11   2.42e-14          1.1166e-11      5.47e-15    8.66e-01
   5        1.1171e-11   2.59e-14          1.1167e-11      5.36e-15    8.06e-01
   5        1.1146e-11   2.66e-14          1.1166e-11      5.25e-15    7.91e-01
   5        1.1147e-11   2.70e-14          1.1165e-11      5.15e-15    7.70e-01
   5        1.1188e-11   2.77e-14          1.1166e-11      5.07e-15    7.63e-01
   5        1.1204e-11   2.94e-14          1.1167e-11      4.99e-15    8.10e-01
   5        1.1212e-11   2.92e-14          1.1168e-11      4.92e-15    8.88e-01
   5        1.1141e-11   2.98e-14          1.1168e-11      4.86e-15    8.84e-01
   5        1.1178e-11   3.09e-14          1.1168e-11      4.80e-15    8.47e-01
   5        1.1185e-11   3.20e-14          1.1168e-11      4.74e-15    8.21e-01
   5        1.1154e-11   3.28e-14          1.1168e-11      4.70e-15    7.93e-01
   5        1.1220e-11   3.37e-14          1.1169e-11      4.65e-15    8.60e-01
   5        1.1150e-11   3.33e-14          1.1169e-11      4.61e-15    8.38e-01
   5        1.1242e-11   3.40e-14          1.1170e-11      4.56e-15    9.84e-01
   5        1.1181e-11   3.32e-14          1.1170e-11      4.52e-15    9.52e-01
   5        1.1169e-11   3.42e-14          1.1170e-11      4.48e-15    9.18e-01
   5        1.1198e-11   3.59e-14          1.1170e-11      4.45e-15    9.06e-01
   5        1.1142e-11   3.47e-14          1.1170e-11      4.41e-15    8.98e-01
   5        1.1173e-11   3.52e-14          1.1170e-11      4.38e-15    8.69e-01
   5        1.1225e-11   3.48e-14          1.1171e-11      4.34e-15    9.19e-01
   5        1.1136e-11   3.64e-14          1.1170e-11      4.31e-15    9.20e-01
   5        1.1108e-11   3.71e-14          1.1170e-11      4.28e-15    9.74e-01
   5        1.1205e-11   3.80e-14          1.1170e-11      4.26e-15    9.70e-01
   5        1.1083e-11   3.64e-14          1.1169e-11      4.23e-15    1.10e+00
   5        1.1135e-11   3.80e-14          1.1168e-11      4.20e-15    1.09e+00
   5        1.1197e-11   3.74e-14          1.1169e-11      4.18e-15    1.08e+00
   5        1.1181e-11   3.79e-14          1.1169e-11      4.15e-15    1.05e+00
   5        1.1197e-11   3.93e-14          1.1169e-11      4.13e-15    1.04e+00
   5        1.1167e-11   3.83e-14          1.1169e-11      4.10e-15    1.01e+00
   5        1.1236e-11   3.94e-14          1.1170e-11      4.08e-15    1.06e+00
   5        1.1203e-11   3.96e-14          1.1170e-11      4.06e-15    1.05e+00
   5        1.1109e-11   3.98e-14          1.1170e-11      4.04e-15    1.08e+00
   5        1.1158e-11   4.08e-14          1.1170e-11      4.02e-15    1.06e+00
   5        1.1218e-11   4.19e-14          1.1170e-11      4.00e-15    1.06e+00
   5        1.1058e-11   4.05e-14          1.1169e-11      3.98e-15    1.20e+00
   5        1.1256e-11   4.17e-14          1.1170e-11      3.96e-15    1.27e+00
   5        1.1231e-11   4.09e-14          1.1170e-11      3.95e-15    1.28e+00
   5        1.1160e-11   4.01e-14          1.1170e-11      3.93e-15    1.26e+00
   5        1.1089e-11   4.08e-14          1.1169e-11      3.91e-15    1.31e+00
   5        1.1182e-11   4.18e-14          1.1170e-11      3.89e-15    1.29e+00
   5        1.1159e-11   4.23e-14          1.1169e-11      3.88e-15    1.26e+00
   5        1.1274e-11   4.09e-14          1.1170e-11      3.86e-15    1.36e+00
LO = (1.1170380e-11 +- 3.8578810e-15) pb

*******************************************
* virtual corrections + integrated dipole *
*******************************************
The limits of integration are:

xl[0]=0.000000    xu[0]=1.000000
xl[1]=0.000000    xu[1]=1.000000
xl[2]=0.000000    xu[2]=1.000000

num_dim=3, calls=240, it_num=1, max_it_num=5 verb=0, alph=1.50,
mode=0, bins=50, boxes=1

       single.......iteration                   accumulated......results   
iteration     integral    sigma             integral         sigma     chi-sq/it

   1        1.5066e-12   1.48e-13          1.5066e-12      1.48e-13    0.00e+00
   2        1.4833e-12   6.22e-14          1.4868e-12      5.73e-14    2.11e-02
   3        1.5733e-12   3.99e-14          1.5451e-12      3.27e-14    7.79e-01
   4        1.6100e-12   3.18e-14          1.5785e-12      2.28e-14    1.19e+00
   5        1.6650e-12   3.75e-14          1.6018e-12      1.95e-14    1.86e+00

num_dim=3, calls=1200, it_num=1, max_it_num=3 verb=0, alph=1.50,
mode=0, bins=50, boxes=1

       single.......iteration                   accumulated......results   
iteration     integral    sigma             integral         sigma     chi-sq/it

   1        1.5695e-12   1.59e-14          1.5695e-12      1.59e-14    0.00e+00
   2        1.6109e-12   1.34e-14          1.5937e-12      1.03e-14    3.97e+00
   3        1.5953e-12   1.20e-14          1.5944e-12      7.81e-15    1.99e+00
   3        1.6311e-12   1.24e-14          1.6048e-12      6.60e-15    3.42e+00
   3        1.5838e-12   1.22e-14          1.6001e-12      5.81e-15    3.14e+00
   3        1.6054e-12   1.22e-14          1.6011e-12      5.24e-15    2.55e+00
   3        1.5884e-12   1.30e-14          1.5993e-12      4.86e-15    2.26e+00
   3        1.6135e-12   1.21e-14          1.6012e-12      4.51e-15    2.10e+00
   3        1.6087e-12   1.20e-14          1.6022e-12      4.22e-15    1.88e+00
   3        1.6050e-12   1.20e-14          1.6025e-12      3.98e-15    1.68e+00
   3        1.5934e-12   1.24e-14          1.6016e-12      3.79e-15    1.56e+00
   3        1.6004e-12   1.28e-14          1.6015e-12      3.63e-15    1.42e+00
vNLO = (1.6015252e-12 +- 3.6339324e-15) pb

*****************************
* collinear remainder (P+K) *
*****************************
The limits of integration are:

xl[0]=0.000000    xu[0]=1.000000
xl[1]=0.000000    xu[1]=1.000000
xl[2]=0.000000    xu[2]=1.000000
xl[3]=0.000000    xu[3]=1.000000

num_dim=4, calls=2500, it_num=1, max_it_num=5 verb=0, alph=1.50,
mode=0, bins=50, boxes=1

       single.......iteration                   accumulated......results   
iteration     integral    sigma             integral         sigma     chi-sq/it

   1        4.9855e-13   8.46e-14          4.9855e-13      8.46e-14    0.00e+00
   2        4.2717e-13   4.05e-14          4.4050e-13      3.66e-14    5.79e-01
   3        4.6713e-13   3.49e-14          4.5442e-13      2.52e-14    4.28e-01
   4        4.8804e-13   3.44e-14          4.6621e-13      2.03e-14    4.93e-01
   5        4.6603e-13   3.49e-14          4.6617e-13      1.76e-14    3.70e-01

num_dim=4, calls=25000, it_num=1, max_it_num=3 verb=0, alph=1.50,
mode=0, bins=50, boxes=1

       single.......iteration                   accumulated......results   
iteration     integral    sigma             integral         sigma     chi-sq/it

   1        4.7393e-13   1.09e-14          4.7393e-13      1.09e-14    0.00e+00
   2        4.6267e-13   1.08e-14          4.6825e-13      7.68e-15    5.37e-01
   3        4.6560e-13   1.09e-14          4.6737e-13      6.27e-15    2.89e-01
   3        4.6924e-13   1.08e-14          4.6784e-13      5.43e-15    2.00e-01
   3        4.6979e-13   1.09e-14          4.6823e-13      4.86e-15    1.56e-01
   3        4.6374e-13   1.09e-14          4.6748e-13      4.43e-15    1.54e-01
   3        4.7017e-13   1.09e-14          4.6786e-13      4.10e-15    1.37e-01
   3        4.5291e-13   1.09e-14          4.6600e-13      3.84e-15    3.54e-01
   3        4.7112e-13   1.09e-14          4.6656e-13      3.62e-15    3.34e-01
   3        4.6665e-13   1.10e-14          4.6657e-13      3.44e-15    2.97e-01
   3        4.5525e-13   1.09e-14          4.6555e-13      3.28e-15    3.65e-01
   3        4.7431e-13   1.10e-14          4.6627e-13      3.14e-15    3.85e-01
   3        4.8554e-13   1.10e-14          4.6773e-13      3.02e-15    5.91e-01
P+K = (4.6773164e-13 +- 3.0213135e-15) pb

********************************
* real gluon emission - dipole *
********************************
The limits of integration are:

xl[0]=0.000000    xu[0]=1.000000
xl[1]=0.000000    xu[1]=1.000000
xl[2]=0.000000    xu[2]=1.000000
xl[3]=0.000000    xu[3]=1.000000
xl[4]=0.000000    xu[4]=1.000000
xl[5]=0.000000    xu[5]=1.000000

num_dim=6, calls=250, it_num=1, max_it_num=5 verb=0, alph=1.50,
mode=0, bins=50, boxes=1

       single.......iteration                   accumulated......results   
iteration     integral    sigma             integral         sigma     chi-sq/it

   1        -4.9246e-14   1.41e-14          -4.9246e-14      1.41e-14    0.00e+00
   2        -4.5923e-14   7.35e-15          -4.6631e-14      6.52e-15    4.35e-02
   3        -4.0215e-14   4.35e-15          -4.2187e-14      3.62e-15    3.57e-01
   4        -4.6067e-14   5.47e-15          -4.3366e-14      3.02e-15    3.54e-01
   5        -4.3905e-14   4.46e-15          -4.3535e-14      2.50e-15    2.68e-01

num_dim=6, calls=2500, it_num=1, max_it_num=3 verb=0, alph=1.50,
mode=0, bins=50, boxes=1

       single.......iteration                   accumulated......results   
iteration     integral    sigma             integral         sigma     chi-sq/it

   1        -4.3743e-14   1.44e-15          -4.3743e-14      1.44e-15    0.00e+00
   2        -4.2968e-14   7.47e-16          -4.3132e-14      6.63e-16    2.28e-01
   3        -4.5219e-14   7.26e-16          -4.4081e-14      4.90e-16    2.37e+00
   3        -4.4233e-14   7.09e-16          -4.4130e-14      4.03e-16    1.59e+00
   3        -4.4499e-14   6.27e-16          -4.4238e-14      3.39e-16    1.25e+00
rNLOg = (-4.4237798e-14 +- 3.3905387e-16) pb

**************************************************
* real light quark emission - dipole - (onshell) *
**************************************************
The limits of integration are:

xl[0]=0.000000    xu[0]=1.000000
xl[1]=0.000000    xu[1]=1.000000
xl[2]=0.000000    xu[2]=1.000000
xl[3]=0.000000    xu[3]=1.000000
xl[4]=0.000000    xu[4]=1.000000
xl[5]=0.000000    xu[5]=1.000000

num_dim=6, calls=5000, it_num=1, max_it_num=5 verb=0, alph=1.50,
mode=0, bins=50, boxes=1

       single.......iteration                   accumulated......results   
iteration     integral    sigma             integral         sigma     chi-sq/it

   1        9.8578e-14   7.77e-15          9.8578e-14      7.77e-15    0.00e+00
   2        1.0454e-13   2.49e-15          1.0398e-13      2.37e-15    5.33e-01
   3        9.9532e-14   1.25e-15          1.0050e-13      1.10e-15    1.65e+00
   4        9.9037e-14   1.02e-15          9.9708e-14      7.48e-16    1.41e+00
   5        1.0012e-13   9.38e-16          9.9869e-14      5.85e-16    1.09e+00

num_dim=6, calls=50000, it_num=1, max_it_num=5 verb=0, alph=1.50,
mode=0, bins=50, boxes=1

       single.......iteration                   accumulated......results   
iteration     integral    sigma             integral         sigma     chi-sq/it

   1        9.9713e-14   2.87e-16          9.9713e-14      2.87e-16    0.00e+00
   2        1.0029e-13   3.04e-16          9.9985e-14      2.09e-16    1.90e+00
   3        1.0078e-13   3.30e-16          1.0021e-13      1.76e-16    3.04e+00
   4        1.0024e-13   3.24e-16          1.0022e-13      1.55e-16    2.03e+00
   5        1.0032e-13   3.29e-16          1.0024e-13      1.40e-16    1.54e+00
   5        1.0008e-13   2.94e-16          1.0021e-13      1.27e-16    1.28e+00
rNLOq = (1.0020811e-13 +- 1.2653097e-16) pb
NLO = (1.3295607e-11 +- 6.1113021e-15) pb
#chisq/dof = 1.49469e-08
#status = success
#chisq/dof = 1.11793e-08
#status = success
#chisq/dof = 7.57595e-10
#status = success
#chisq/dof = 1.66018e-09
#status = success
#chisq/dof = 2.25781e-10
#status = success
#chisq/dof = 1.81516e-11
#status = success
#chisq/dof = 5.49717e-10
#status = success
#chisq/dof = 9.61425e-11
#status = success

*******************************************************
* threshold resummation (unimproved nnll) - expansion *
*******************************************************
The limits of integration are:

xl[0]=0.000000    xu[0]=1.000000
xl[1]=0.000000    xu[1]=1.000000
xl[2]=0.000000    xu[2]=1.000000

num_dim=3, calls=7000, it_num=1, max_it_num=5 verb=0, alph=1.50,
mode=0, bins=50, boxes=1

       single.......iteration                   accumulated......results   
iteration     integral    sigma             integral         sigma     chi-sq/it

   1        7.0925e-13   1.31e-12          7.0925e-13      1.31e-12    0.00e+00
   2        -2.0078e-13   2.40e-13          -1.7127e-13      2.36e-13    4.65e-01
   3        -1.1788e-13   2.06e-13          -1.4086e-13      1.55e-13    2.47e-01
   4        -6.4433e-13   2.02e-13          -3.2710e-13      1.23e-13    1.46e+00
   5        -3.0845e-13   2.07e-13          -3.2221e-13      1.06e-13    1.10e+00

num_dim=3, calls=35000, it_num=1, max_it_num=5 verb=0, alph=1.50,
mode=0, bins=50, boxes=1

       single.......iteration                   accumulated......results   
iteration     integral    sigma             integral         sigma     chi-sq/it

   1        -2.8437e-14   9.07e-14          -2.8437e-14      9.07e-14    0.00e+00
   2        -1.6549e-13   9.09e-14          -9.6821e-14      6.42e-14    1.14e+00
   3        1.4189e-14   9.14e-14          -6.0154e-14      5.25e-14    1.06e+00
   4        -2.2143e-13   9.09e-14          -1.0053e-13      4.55e-14    1.49e+00
   5        -2.2020e-14   9.03e-14          -8.4643e-14      4.06e-14    1.27e+00
   5        -1.0124e-13   9.08e-14          -8.7409e-14      3.71e-14    1.02e+00
   5        -3.1719e-13   9.10e-14          -1.2016e-13      3.43e-14    1.76e+00
   5        7.1025e-14   9.12e-14          -9.6412e-14      3.21e-14    2.06e+00
   5        -1.2672e-13   9.11e-14          -9.9766e-14      3.03e-14    1.82e+00
   5        -6.5042e-14   9.09e-14          -9.6289e-14      2.88e-14    1.63e+00
   5        4.9628e-14   9.11e-14          -8.3067e-14      2.74e-14    1.70e+00
   5        -2.5665e-14   9.18e-14          -7.8366e-14      2.63e-14    1.58e+00
   5        -2.2235e-13   9.18e-14          -8.9278e-14      2.53e-14    1.64e+00
   5        -2.0520e-13   9.16e-14          -9.7465e-14      2.44e-14    1.62e+00
   5        -9.5543e-15   9.22e-14          -9.1727e-14      2.35e-14    1.57e+00
   5        -1.5720e-13   9.19e-14          -9.5757e-14      2.28e-14    1.50e+00
   5        -1.1809e-13   9.22e-14          -9.7046e-14      2.21e-14    1.41e+00
   5        1.0362e-13   9.24e-14          -8.6142e-14      2.15e-14    1.59e+00
   5        -1.3011e-13   9.21e-14          -8.8420e-14      2.10e-14    1.51e+00
   5        -1.5634e-13   9.25e-14          -9.1736e-14      2.04e-14    1.46e+00
   5        -9.3354e-14   9.29e-14          -9.1811e-14      2.00e-14    1.38e+00
   5        -3.6046e-14   9.34e-14          -8.9373e-14      1.95e-14    1.33e+00
   5        -1.2142e-13   9.35e-14          -9.0712e-14      1.91e-14    1.28e+00
   5        -4.5642e-14   9.35e-14          -8.8905e-14      1.87e-14    1.23e+00
   5        -2.1805e-13   9.38e-14          -9.3855e-14      1.84e-14    1.26e+00
   5        -2.6539e-13   9.41e-14          -1.0015e-13      1.80e-14    1.34e+00
   5        -7.1903e-14   9.39e-14          -9.9150e-14      1.77e-14    1.29e+00
   5        -1.7745e-13   9.51e-14          -1.0177e-13      1.74e-14    1.26e+00
   5        -2.5598e-13   9.47e-14          -1.0681e-13      1.71e-14    1.31e+00
   5        -1.7222e-13   9.45e-14          -1.0888e-13      1.68e-14    1.28e+00
   5        -1.2786e-13   9.42e-14          -1.0947e-13      1.66e-14    1.24e+00
   5        -1.7878e-13   9.45e-14          -1.1154e-13      1.63e-14    1.22e+00
   5        1.0686e-14   9.51e-14          -1.0804e-13      1.61e-14    1.23e+00
   5        -2.6530e-13   9.50e-14          -1.1243e-13      1.59e-14    1.27e+00
   5        -9.8552e-14   9.59e-14          -1.1206e-13      1.57e-14    1.24e+00
   5        -2.5390e-13   9.52e-14          -1.1579e-13      1.54e-14    1.26e+00
   5        -1.0963e-13   9.57e-14          -1.1564e-13      1.53e-14    1.23e+00
   5        -6.9519e-14   9.57e-14          -1.1449e-13      1.51e-14    1.20e+00
   5        -1.4166e-13   9.65e-14          -1.1514e-13      1.49e-14    1.17e+00
   5        -7.8760e-14   9.69e-14          -1.1430e-13      1.47e-14    1.14e+00
   5        -1.4998e-13   9.77e-14          -1.1509e-13      1.45e-14    1.12e+00
   5        2.0370e-14   9.63e-14          -1.1207e-13      1.44e-14    1.14e+00
   5        -2.5946e-14   9.70e-14          -1.1022e-13      1.42e-14    1.13e+00
   5        9.4385e-14   9.73e-14          -1.0594e-13      1.41e-14    1.20e+00
   5        -1.3332e-13   9.74e-14          -1.0650e-13      1.39e-14    1.18e+00
   5        1.7373e-14   9.63e-14          -1.0396e-13      1.38e-14    1.19e+00
   5        -8.7361e-14   9.69e-14          -1.0363e-13      1.37e-14    1.16e+00
   5        -1.1113e-13   9.81e-14          -1.0378e-13      1.35e-14    1.14e+00
   5        -1.4207e-13   9.87e-14          -1.0448e-13      1.34e-14    1.12e+00
   5        6.4701e-14   9.77e-14          -1.0136e-13      1.33e-14    1.16e+00
   5        -1.6665e-13   9.69e-14          -1.0256e-13      1.31e-14    1.14e+00
   5        -1.9457e-13   9.75e-14          -1.0420e-13      1.30e-14    1.14e+00
   5        -1.2771e-13   9.72e-14          -1.0462e-13      1.29e-14    1.12e+00
   5        -1.5985e-13   9.76e-14          -1.0557e-13      1.28e-14    1.10e+00
   5        -2.3931e-13   9.81e-14          -1.0781e-13      1.27e-14    1.11e+00
aNNLO+NNLL = (1.3187797e-11 +- 1.4089649e-14) pb

Results:
LO = (1.1196798e-11 +- 8.7347299e-15) pb
NLO = (1.3295607e-11 +- 6.1113021e-15) pb
aNNLO+NNLL = (1.3187797e-11 +- 1.4089649e-14) pb
Thanks for using LHAPDF 6.2.3. Please make sure to cite the paper:
  Eur.Phys.J. C75 (2015) 3, 132  (http://arxiv.org/abs/1412.7420)
 ====================================================
   FF 2.0, a package to evaluate one-loop integrals
 written by G. J. van Oldenborgh, NIKHEF-H, Amsterdam
 ====================================================
 for the algorithms used see preprint NIKHEF-H 89/17,
 'New Algorithms for One-loop Integrals', by G.J. van
 Oldenborgh and J.A.M. Vermaseren, published in 
 Zeitschrift fuer Physik C46(1990)425.
 ====================================================
 
total number of errors and warnings
===================================
fferr: no errors
 
