
  Welcome to Resummino git-latest
  Copyright 2008-2010 Jonathan Debove.
  Copyright 2011-2014 David R. Lamprea.
  Copyright 2011-2016 Marcel Rothering.

  Licensed under the EUPL 1.1 or later.
  See http://www.resummino.org/ for more information.

  If using Resummino for slepton pair production, please cite.
  - G. Bozzi, B. Fuks, M. Klasen, PRD 74, 015001 (2006); NPB 777, 157 (2007); NPB 794, 46 (2007).
  - B. Fuks, M. Klasen, D. R. Lamprea, M. Rothering, EPJC 73, 2480 (2013).

  For gaugino pair production, please cite:
  - J. Debove, B. Fuks, M. Klasen, PLB 688, 208 (2010); NPB 842, 51 (2011); NPB 849, 64 (2011).
  - B. Fuks, M. Klasen, D. R. Lamprea, M. Rothering, JHEP 1210, 081 (2012); EPJC 73, 2480 (2013).

  For associated gaugino gluino production, please cite:
  - B. Fuks, M. Klasen, M. Rothering, JHEP 07:053, (2016).
  - B. Fuks, M. Klasen, D. R. Lamprea, M. Rothering, EPJC 73, 2480 (2013).

LHAPDF 6.2.3 loading /pool/condor/dir_16205/resummino-releases/lhapdf-prefix/share/LHAPDF/PDF4LHC21_40/PDF4LHC21_40_0000.dat
PDF4LHC21_40 PDF set, member #0, version 1
 alpha_s(M_Z^2) = 0.1180 	 for LO PDF set 
 alpha_s(1500.000^2) = 0.0831 	 for LO PDF set 

********************
* LO cross section *
********************
The limits of integration are:

xl[0]=0.000000    xu[0]=1.000000
xl[1]=0.000000    xu[1]=1.000000
xl[2]=0.000000    xu[2]=1.000000

num_dim=3, calls=2000, it_num=1, max_it_num=5 verb=0, alph=1.50,
mode=0, bins=50, boxes=1

       single.......iteration                   accumulated......results   
iteration     integral    sigma             integral         sigma     chi-sq/it

   1        3.4112e-13   1.03e-14          3.4112e-13      1.03e-14    0.00e+00
   2        3.5914e-13   3.71e-15          3.5705e-13      3.49e-15    2.73e+00
   3        3.6393e-13   2.05e-15          3.6216e-13      1.77e-15    2.81e+00
   4        3.5958e-13   1.94e-15          3.6099e-13      1.31e-15    2.20e+00
   5        3.5836e-13   2.01e-15          3.6021e-13      1.09e-15    1.95e+00

num_dim=3, calls=20000, it_num=1, max_it_num=5 verb=0, alph=1.50,
mode=0, bins=50, boxes=1

       single.......iteration                   accumulated......results   
iteration     integral    sigma             integral         sigma     chi-sq/it

   1        3.6089e-13   6.15e-16          3.6089e-13      6.15e-16    0.00e+00
   2        3.6080e-13   5.99e-16          3.6085e-13      4.29e-16    1.05e-02
   3        3.6175e-13   5.93e-16          3.6116e-13      3.48e-16    7.60e-01
   4        3.6165e-13   6.27e-16          3.6127e-13      3.04e-16    6.63e-01
   5        3.6025e-13   6.29e-16          3.6108e-13      2.74e-16    1.03e+00
LO = (3.6107843e-13 +- 2.7375502e-16) pb
LHAPDF 6.2.3 loading /pool/condor/dir_16205/resummino-releases/lhapdf-prefix/share/LHAPDF/PDF4LHC21_40/PDF4LHC21_40_0000.dat
PDF4LHC21_40 PDF set, member #0, version 1
 alpha_s(M_Z^2) = 0.1180 	 for NLO PDF set 
 alpha_s(1500.000^2) = 0.0831 	 for NLO PDF set 

********************
* LO cross section *
********************
The limits of integration are:

xl[0]=0.000000    xu[0]=1.000000
xl[1]=0.000000    xu[1]=1.000000
xl[2]=0.000000    xu[2]=1.000000

num_dim=3, calls=2000, it_num=1, max_it_num=5 verb=0, alph=1.50,
mode=0, bins=50, boxes=1

       single.......iteration                   accumulated......results   
iteration     integral    sigma             integral         sigma     chi-sq/it

   1        3.4112e-13   1.03e-14          3.4112e-13      1.03e-14    0.00e+00
   2        3.5914e-13   3.71e-15          3.5705e-13      3.49e-15    2.73e+00
   3        3.6393e-13   2.05e-15          3.6216e-13      1.77e-15    2.81e+00
   4        3.5958e-13   1.94e-15          3.6099e-13      1.31e-15    2.20e+00
   5        3.5836e-13   2.01e-15          3.6021e-13      1.09e-15    1.95e+00

num_dim=3, calls=20000, it_num=1, max_it_num=5 verb=0, alph=1.50,
mode=0, bins=50, boxes=1

       single.......iteration                   accumulated......results   
iteration     integral    sigma             integral         sigma     chi-sq/it

   1        3.6089e-13   6.15e-16          3.6089e-13      6.15e-16    0.00e+00
   2        3.6080e-13   5.99e-16          3.6085e-13      4.29e-16    1.05e-02
   3        3.6175e-13   5.93e-16          3.6116e-13      3.48e-16    7.60e-01
   4        3.6165e-13   6.27e-16          3.6127e-13      3.04e-16    6.63e-01
   5        3.6025e-13   6.29e-16          3.6108e-13      2.74e-16    1.03e+00
   5        3.6039e-13   6.30e-16          3.6097e-13      2.51e-16    1.02e+00
   5        3.6138e-13   6.29e-16          3.6102e-13      2.33e-16    9.12e-01
   5        3.6019e-13   6.41e-16          3.6093e-13      2.19e-16    9.96e-01
   5        3.6030e-13   6.55e-16          3.6086e-13      2.08e-16    9.75e-01
   5        3.6008e-13   6.70e-16          3.6079e-13      1.98e-16    1.01e+00
   5        3.6065e-13   7.03e-16          3.6078e-13      1.91e-16    9.10e-01
   5        3.6070e-13   7.17e-16          3.6078e-13      1.85e-16    8.28e-01
   5        3.6153e-13   7.52e-16          3.6082e-13      1.79e-16    8.37e-01
   5        3.6047e-13   7.88e-16          3.6080e-13      1.75e-16    7.87e-01
   5        3.6091e-13   8.32e-16          3.6081e-13      1.71e-16    7.32e-01
   5        3.5987e-13   8.59e-16          3.6077e-13      1.68e-16    7.60e-01
   5        3.5998e-13   8.71e-16          3.6074e-13      1.65e-16    7.62e-01
   5        3.6140e-13   8.89e-16          3.6077e-13      1.62e-16    7.48e-01
   5        3.6177e-13   9.58e-16          3.6079e-13      1.60e-16    7.66e-01
   5        3.6226e-13   9.30e-16          3.6084e-13      1.57e-16    8.54e-01
   5        3.5994e-13   9.48e-16          3.6081e-13      1.55e-16    8.54e-01
   5        3.6142e-13   9.74e-16          3.6083e-13      1.53e-16    8.32e-01
   5        3.6135e-13   1.01e-15          3.6084e-13      1.52e-16    8.06e-01
   5        3.6107e-13   1.07e-15          3.6084e-13      1.50e-16    7.73e-01
   5        3.6211e-13   1.07e-15          3.6087e-13      1.49e-16    7.98e-01
   5        3.6018e-13   1.09e-15          3.6086e-13      1.47e-16    7.82e-01
   5        3.6362e-13   1.14e-15          3.6090e-13      1.46e-16    9.74e-01
   5        3.6093e-13   1.09e-15          3.6090e-13      1.45e-16    9.38e-01
   5        3.6073e-13   1.12e-15          3.6090e-13      1.44e-16    9.05e-01
   5        3.6131e-13   1.15e-15          3.6090e-13      1.42e-16    8.78e-01
   5        3.6034e-13   1.14e-15          3.6090e-13      1.41e-16    8.57e-01
   5        3.6070e-13   1.19e-15          3.6089e-13      1.40e-16    8.30e-01
   5        3.6225e-13   1.14e-15          3.6091e-13      1.39e-16    8.48e-01
   5        3.5977e-13   1.17e-15          3.6090e-13      1.38e-16    8.51e-01
   5        3.5876e-13   1.15e-15          3.6087e-13      1.37e-16    9.25e-01
   5        3.6195e-13   1.18e-15          3.6088e-13      1.36e-16    9.23e-01
   5        3.5798e-13   1.18e-15          3.6084e-13      1.36e-16    1.06e+00
   5        3.5969e-13   1.21e-15          3.6083e-13      1.35e-16    1.06e+00
   5        3.6204e-13   1.19e-15          3.6084e-13      1.34e-16    1.06e+00
   5        3.6075e-13   1.21e-15          3.6084e-13      1.33e-16    1.03e+00
   5        3.6126e-13   1.23e-15          3.6085e-13      1.32e-16    1.01e+00
   5        3.6041e-13   1.23e-15          3.6084e-13      1.31e-16    9.86e-01
   5        3.6339e-13   1.25e-15          3.6087e-13      1.31e-16    1.06e+00
   5        3.6179e-13   1.25e-15          3.6088e-13      1.30e-16    1.05e+00
   5        3.5965e-13   1.28e-15          3.6087e-13      1.29e-16    1.04e+00
   5        3.6069e-13   1.31e-15          3.6087e-13      1.29e-16    1.02e+00
   5        3.6280e-13   1.37e-15          3.6088e-13      1.28e-16    1.04e+00
   5        3.5798e-13   1.34e-15          3.6086e-13      1.28e-16    1.12e+00
   5        3.6376e-13   1.38e-15          3.6088e-13      1.27e-16    1.19e+00
   5        3.6313e-13   1.36e-15          3.6090e-13      1.27e-16    1.22e+00
   5        3.6070e-13   1.35e-15          3.6090e-13      1.26e-16    1.20e+00
   5        3.5818e-13   1.36e-15          3.6088e-13      1.25e-16    1.25e+00
   5        3.6106e-13   1.40e-15          3.6088e-13      1.25e-16    1.23e+00
   5        3.6114e-13   1.44e-15          3.6088e-13      1.24e-16    1.20e+00
   5        3.6336e-13   1.40e-15          3.6090e-13      1.24e-16    1.24e+00
LO = (3.6089894e-13 +- 1.2398412e-16) pb

*******************************************
* virtual corrections + integrated dipole *
*******************************************
The limits of integration are:

xl[0]=0.000000    xu[0]=1.000000
xl[1]=0.000000    xu[1]=1.000000
xl[2]=0.000000    xu[2]=1.000000

num_dim=3, calls=240, it_num=1, max_it_num=5 verb=0, alph=1.50,
mode=0, bins=50, boxes=1

       single.......iteration                   accumulated......results   
iteration     integral    sigma             integral         sigma     chi-sq/it

   1        3.8057e-14   3.36e-15          3.8057e-14      3.36e-15    0.00e+00
   2        4.1715e-14   1.93e-15          4.0805e-14      1.68e-15    8.90e-01
   3        4.5213e-14   1.18e-15          4.3754e-14      9.64e-16    2.76e+00
   4        4.5505e-14   8.38e-16          4.4752e-14      6.32e-16    2.46e+00
   5        4.6753e-14   1.03e-15          4.5302e-14      5.38e-16    2.54e+00

num_dim=3, calls=1200, it_num=1, max_it_num=3 verb=0, alph=1.50,
mode=0, bins=50, boxes=1

       single.......iteration                   accumulated......results   
iteration     integral    sigma             integral         sigma     chi-sq/it

   1        4.3749e-14   4.40e-16          4.3749e-14      4.40e-16    0.00e+00
   2        4.4807e-14   3.45e-16          4.4403e-14      2.72e-16    3.58e+00
   3        4.4520e-14   3.22e-16          4.4452e-14      2.08e-16    1.83e+00
   3        4.5445e-14   3.31e-16          4.4733e-14      1.76e-16    3.38e+00
   3        4.4252e-14   3.36e-16          4.4629e-14      1.56e-16    2.93e+00
   3        4.4793e-14   3.30e-16          4.4659e-14      1.41e-16    2.39e+00
   3        4.4142e-14   3.52e-16          4.4588e-14      1.31e-16    2.30e+00
   3        4.5089e-14   3.29e-16          4.4656e-14      1.22e-16    2.26e+00
   3        4.5022e-14   3.25e-16          4.4701e-14      1.14e-16    2.12e+00
   3        4.4616e-14   3.22e-16          4.4692e-14      1.07e-16    1.89e+00
   3        4.4621e-14   3.38e-16          4.4685e-14      1.02e-16    1.70e+00
   3        4.4778e-14   3.42e-16          4.4693e-14      9.80e-17    1.55e+00
   3        4.5028e-14   3.37e-16          4.4719e-14      9.41e-17    1.50e+00
   3        4.4682e-14   3.50e-16          4.4717e-14      9.09e-17    1.39e+00
vNLO = (4.4716511e-14 +- 9.0856347e-17) pb

*****************************
* collinear remainder (P+K) *
*****************************
The limits of integration are:

xl[0]=0.000000    xu[0]=1.000000
xl[1]=0.000000    xu[1]=1.000000
xl[2]=0.000000    xu[2]=1.000000
xl[3]=0.000000    xu[3]=1.000000

num_dim=4, calls=2500, it_num=1, max_it_num=5 verb=0, alph=1.50,
mode=0, bins=50, boxes=1

       single.......iteration                   accumulated......results   
iteration     integral    sigma             integral         sigma     chi-sq/it

   1        7.2265e-15   2.33e-15          7.2265e-15      2.33e-15    0.00e+00
   2        6.4420e-15   1.23e-15          6.6133e-15      1.09e-15    8.83e-02
   3        7.9554e-15   1.13e-15          7.2593e-15      7.85e-16    4.09e-01
   4        7.6952e-15   1.11e-15          7.4048e-15      6.41e-16    3.07e-01
   5        8.6945e-15   1.12e-15          7.7249e-15      5.56e-16    4.81e-01

num_dim=4, calls=25000, it_num=1, max_it_num=3 verb=0, alph=1.50,
mode=0, bins=50, boxes=1

       single.......iteration                   accumulated......results   
iteration     integral    sigma             integral         sigma     chi-sq/it

   1        8.2787e-15   3.51e-16          8.2787e-15      3.51e-16    0.00e+00
   2        8.1474e-15   3.49e-16          8.2127e-15      2.48e-16    7.01e-02
   3        7.6487e-15   3.51e-16          8.0248e-15      2.02e-16    8.98e-01
   3        7.9966e-15   3.49e-16          8.0177e-15      1.75e-16    6.00e-01
   3        7.4470e-15   3.51e-16          7.9042e-15      1.57e-16    9.79e-01
   3        7.7453e-15   3.51e-16          7.8778e-15      1.43e-16    8.17e-01
   3        7.5754e-15   3.52e-16          7.8349e-15      1.33e-16    7.87e-01
   3        7.5828e-15   3.51e-16          7.8034e-15      1.24e-16    7.39e-01
   3        8.0826e-15   3.51e-16          7.8343e-15      1.17e-16    7.17e-01
P+K = (7.8343282e-15 +- 1.1692317e-16) pb

********************************
* real gluon emission - dipole *
********************************
The limits of integration are:

xl[0]=0.000000    xu[0]=1.000000
xl[1]=0.000000    xu[1]=1.000000
xl[2]=0.000000    xu[2]=1.000000
xl[3]=0.000000    xu[3]=1.000000
xl[4]=0.000000    xu[4]=1.000000
xl[5]=0.000000    xu[5]=1.000000

num_dim=6, calls=250, it_num=1, max_it_num=5 verb=0, alph=1.50,
mode=0, bins=50, boxes=1

       single.......iteration                   accumulated......results   
iteration     integral    sigma             integral         sigma     chi-sq/it

   1        -5.7147e-16   2.06e-16          -5.7147e-16      2.06e-16    0.00e+00
   2        -6.1035e-16   1.42e-16          -5.9782e-16      1.17e-16    2.41e-02
   3        -3.9219e-16   4.95e-17          -4.2339e-16      4.56e-17    1.32e+00
   4        -4.8445e-16   5.15e-17          -4.5024e-16      3.41e-17    1.14e+00
   5        -5.2723e-16   3.68e-17          -4.8587e-16      2.50e-17    1.45e+00

num_dim=6, calls=2500, it_num=1, max_it_num=3 verb=0, alph=1.50,
mode=0, bins=50, boxes=1

       single.......iteration                   accumulated......results   
iteration     integral    sigma             integral         sigma     chi-sq/it

   1        -4.9823e-16   9.85e-18          -4.9823e-16      9.85e-18    0.00e+00
   2        -4.9400e-16   6.41e-18          -4.9526e-16      5.37e-18    1.30e-01
   3        -4.9908e-16   6.14e-18          -4.9692e-16      4.04e-18    1.75e-01
rNLOg = (-4.9691831e-16 +- 4.0430415e-18) pb

**************************************************
* real light quark emission - dipole - (onshell) *
**************************************************
The limits of integration are:

xl[0]=0.000000    xu[0]=1.000000
xl[1]=0.000000    xu[1]=1.000000
xl[2]=0.000000    xu[2]=1.000000
xl[3]=0.000000    xu[3]=1.000000
xl[4]=0.000000    xu[4]=1.000000
xl[5]=0.000000    xu[5]=1.000000

num_dim=6, calls=5000, it_num=1, max_it_num=5 verb=0, alph=1.50,
mode=0, bins=50, boxes=1

       single.......iteration                   accumulated......results   
iteration     integral    sigma             integral         sigma     chi-sq/it

   1        1.1224e-15   6.97e-17          1.1224e-15      6.97e-17    0.00e+00
   2        1.1412e-15   2.37e-17          1.1393e-15      2.24e-17    6.57e-02
   3        1.1027e-15   1.22e-17          1.1110e-15      1.07e-17    1.06e+00
   4        1.0968e-15   8.77e-18          1.1025e-15      6.78e-18    1.06e+00
   5        1.1024e-15   7.86e-18          1.1025e-15      5.14e-18    7.97e-01

num_dim=6, calls=50000, it_num=1, max_it_num=5 verb=0, alph=1.50,
mode=0, bins=50, boxes=1

       single.......iteration                   accumulated......results   
iteration     integral    sigma             integral         sigma     chi-sq/it

   1        1.0998e-15   2.45e-18          1.0998e-15      2.45e-18    0.00e+00
   2        1.1068e-15   3.26e-18          1.1023e-15      1.96e-18    3.02e+00
   3        1.1089e-15   3.25e-18          1.1041e-15      1.68e-18    3.00e+00
   4        1.1038e-15   2.86e-18          1.1040e-15      1.45e-18    2.00e+00
   5        1.1061e-15   3.17e-18          1.1044e-15      1.32e-18    1.59e+00
   5        1.1024e-15   2.74e-18          1.1040e-15      1.19e-18    1.36e+00
rNLOq = (1.1039964e-15 +- 1.1859327e-18) pb
NLO = (4.1405686e-13 +- 1.9317277e-16) pb
#chisq/dof = 2.01381e-09
#status = success
#chisq/dof = 1.26352e-09
#status = success
#chisq/dof = 6.02913e-10
#status = success
#chisq/dof = 1.25453e-08
#status = success
#chisq/dof = 1.646e-10
#status = success
#chisq/dof = 3.07633e-12
#status = success
#chisq/dof = 2.42989e-10
#status = success
#chisq/dof = 3.26809e-11
#status = success

*******************************************************
* threshold resummation (unimproved nnll) - expansion *
*******************************************************
The limits of integration are:

xl[0]=0.000000    xu[0]=1.000000
xl[1]=0.000000    xu[1]=1.000000
xl[2]=0.000000    xu[2]=1.000000

num_dim=3, calls=7000, it_num=1, max_it_num=5 verb=0, alph=1.50,
mode=0, bins=50, boxes=1

       single.......iteration                   accumulated......results   
iteration     integral    sigma             integral         sigma     chi-sq/it

   1        3.9918e-15   6.08e-14          3.9918e-15      6.08e-14    0.00e+00
   2        1.3768e-15   2.38e-14          1.7232e-15      2.21e-14    1.61e-03
   3        -3.7026e-15   2.13e-14          -1.0973e-15      1.53e-14    1.64e-02
   4        4.6232e-14   2.10e-14          1.5351e-14      1.24e-14    1.12e+00
   5        1.0167e-14   2.13e-14          1.4041e-14      1.07e-14    8.48e-01

num_dim=3, calls=35000, it_num=1, max_it_num=5 verb=0, alph=1.50,
mode=0, bins=50, boxes=1

       single.......iteration                   accumulated......results   
iteration     integral    sigma             integral         sigma     chi-sq/it

   1        -2.3027e-15   9.47e-15          -2.3027e-15      9.47e-15    0.00e+00
   2        3.5697e-15   9.43e-15          6.4650e-16      6.68e-15    1.93e-01
   3        1.4064e-14   9.42e-15          5.1399e-15      5.45e-15    7.72e-01
   4        1.7463e-15   9.47e-15          4.2952e-15      4.72e-15    5.47e-01
   5        -9.8965e-15   9.41e-15          1.4401e-15      4.22e-15    8.64e-01
   5        -2.3288e-15   9.43e-15          8.1158e-16      3.85e-15    7.18e-01
aNNLO+NNLL = (4.1486844e-13 +- 3.8576195e-15) pb

Results:
LO = (3.6107843e-13 +- 2.7375502e-16) pb
NLO = (4.1405686e-13 +- 1.9317277e-16) pb
aNNLO+NNLL = (4.1486844e-13 +- 3.8576195e-15) pb
Thanks for using LHAPDF 6.2.3. Please make sure to cite the paper:
  Eur.Phys.J. C75 (2015) 3, 132  (http://arxiv.org/abs/1412.7420)
 ====================================================
   FF 2.0, a package to evaluate one-loop integrals
 written by G. J. van Oldenborgh, NIKHEF-H, Amsterdam
 ====================================================
 for the algorithms used see preprint NIKHEF-H 89/17,
 'New Algorithms for One-loop Integrals', by G.J. van
 Oldenborgh and J.A.M. Vermaseren, published in 
 Zeitschrift fuer Physik C46(1990)425.
 ====================================================
 
total number of errors and warnings
===================================
fferr: no errors
 
