
  Welcome to Resummino git-latest
  Copyright 2008-2010 Jonathan Debove.
  Copyright 2011-2014 David R. Lamprea.
  Copyright 2011-2016 Marcel Rothering.

  Licensed under the EUPL 1.1 or later.
  See http://www.resummino.org/ for more information.

  If using Resummino for slepton pair production, please cite.
  - G. Bozzi, B. Fuks, M. Klasen, PRD 74, 015001 (2006); NPB 777, 157 (2007); NPB 794, 46 (2007).
  - B. Fuks, M. Klasen, D. R. Lamprea, M. Rothering, EPJC 73, 2480 (2013).

  For gaugino pair production, please cite:
  - J. Debove, B. Fuks, M. Klasen, PLB 688, 208 (2010); NPB 842, 51 (2011); NPB 849, 64 (2011).
  - B. Fuks, M. Klasen, D. R. Lamprea, M. Rothering, JHEP 1210, 081 (2012); EPJC 73, 2480 (2013).

  For associated gaugino gluino production, please cite:
  - B. Fuks, M. Klasen, M. Rothering, JHEP 07:053, (2016).
  - B. Fuks, M. Klasen, D. R. Lamprea, M. Rothering, EPJC 73, 2480 (2013).

LHAPDF 6.2.3 loading /pool/condor/dir_30053/resummino-releases/lhapdf-prefix/share/LHAPDF/PDF4LHC21_40/PDF4LHC21_40_0000.dat
PDF4LHC21_40 PDF set, member #0, version 1
 alpha_s(M_Z^2) = 0.1180 	 for LO PDF set 
 alpha_s(1200.000^2) = 0.0851 	 for LO PDF set 

********************
* LO cross section *
********************
The limits of integration are:

xl[0]=0.000000    xu[0]=1.000000
xl[1]=0.000000    xu[1]=1.000000
xl[2]=0.000000    xu[2]=1.000000

num_dim=3, calls=2000, it_num=1, max_it_num=5 verb=0, alph=1.50,
mode=0, bins=50, boxes=1

       single.......iteration                   accumulated......results   
iteration     integral    sigma             integral         sigma     chi-sq/it

   1        7.8440e-13   2.43e-14          7.8440e-13      2.43e-14    0.00e+00
   2        8.2578e-13   8.69e-15          8.2108e-13      8.18e-15    2.57e+00
   3        8.3627e-13   4.78e-15          8.3240e-13      4.13e-15    2.57e+00
   4        8.2644e-13   4.49e-15          8.2967e-13      3.04e-15    2.03e+00
   5        8.2313e-13   4.69e-15          8.2774e-13      2.55e-15    1.87e+00

num_dim=3, calls=20000, it_num=1, max_it_num=5 verb=0, alph=1.50,
mode=0, bins=50, boxes=1

       single.......iteration                   accumulated......results   
iteration     integral    sigma             integral         sigma     chi-sq/it

   1        8.2938e-13   1.43e-15          8.2938e-13      1.43e-15    0.00e+00
   2        8.2942e-13   1.39e-15          8.2940e-13      1.00e-15    4.30e-04
   3        8.3154e-13   1.38e-15          8.3013e-13      8.10e-16    7.87e-01
   4        8.3125e-13   1.46e-15          8.3039e-13      7.09e-16    6.73e-01
   5        8.2816e-13   1.47e-15          8.2997e-13      6.38e-16    9.75e-01
LO = (8.2997169e-13 +- 6.3803927e-16) pb
LHAPDF 6.2.3 loading /pool/condor/dir_30053/resummino-releases/lhapdf-prefix/share/LHAPDF/PDF4LHC21_40/PDF4LHC21_40_0011.dat
PDF4LHC21_40 PDF set, member #11, version 1
 alpha_s(M_Z^2) = 0.1180 	 for NLO PDF set 
 alpha_s(1200.000^2) = 0.0851 	 for NLO PDF set 

********************
* LO cross section *
********************
The limits of integration are:

xl[0]=0.000000    xu[0]=1.000000
xl[1]=0.000000    xu[1]=1.000000
xl[2]=0.000000    xu[2]=1.000000

num_dim=3, calls=2000, it_num=1, max_it_num=5 verb=0, alph=1.50,
mode=0, bins=50, boxes=1

       single.......iteration                   accumulated......results   
iteration     integral    sigma             integral         sigma     chi-sq/it

   1        7.9784e-13   2.44e-14          7.9784e-13      2.44e-14    0.00e+00
   2        8.3975e-13   8.81e-15          8.3493e-13      8.28e-15    2.61e+00
   3        8.5036e-13   4.91e-15          8.4634e-13      4.22e-15    2.59e+00
   4        8.4010e-13   4.67e-15          8.4353e-13      3.13e-15    2.05e+00
   5        8.3649e-13   4.86e-15          8.4146e-13      2.63e-15    1.91e+00

num_dim=3, calls=20000, it_num=1, max_it_num=5 verb=0, alph=1.50,
mode=0, bins=50, boxes=1

       single.......iteration                   accumulated......results   
iteration     integral    sigma             integral         sigma     chi-sq/it

   1        8.4328e-13   1.48e-15          8.4328e-13      1.48e-15    0.00e+00
   2        8.4349e-13   1.44e-15          8.4339e-13      1.03e-15    9.96e-03
   3        8.4563e-13   1.43e-15          8.4416e-13      8.36e-16    8.12e-01
   4        8.4528e-13   1.51e-15          8.4442e-13      7.32e-16    6.82e-01
   5        8.4216e-13   1.51e-15          8.4399e-13      6.59e-16    9.63e-01
   5        8.4238e-13   1.51e-15          8.4373e-13      6.04e-16    9.62e-01
   5        8.4447e-13   1.51e-15          8.4384e-13      5.61e-16    8.36e-01
   5        8.4191e-13   1.54e-15          8.4361e-13      5.27e-16    9.14e-01
   5        8.4217e-13   1.57e-15          8.4346e-13      5.00e-16    8.95e-01
   5        8.4175e-13   1.61e-15          8.4331e-13      4.77e-16    9.11e-01
   5        8.4304e-13   1.68e-15          8.4329e-13      4.59e-16    8.22e-01
   5        8.4331e-13   1.70e-15          8.4329e-13      4.43e-16    7.47e-01
   5        8.4504e-13   1.78e-15          8.4339e-13      4.30e-16    7.61e-01
   5        8.4232e-13   1.86e-15          8.4334e-13      4.19e-16    7.26e-01
   5        8.4353e-13   1.96e-15          8.4335e-13      4.10e-16    6.75e-01
   5        8.4135e-13   2.03e-15          8.4327e-13      4.02e-16    6.92e-01
   5        8.4132e-13   2.05e-15          8.4320e-13      3.94e-16    7.03e-01
   5        8.4448e-13   2.10e-15          8.4324e-13      3.87e-16    6.83e-01
   5        8.4551e-13   2.25e-15          8.4331e-13      3.82e-16    7.00e-01
   5        8.4644e-13   2.18e-15          8.4340e-13      3.76e-16    7.69e-01
   5        8.4147e-13   2.24e-15          8.4335e-13      3.71e-16    7.67e-01
   5        8.4433e-13   2.29e-15          8.4337e-13      3.66e-16    7.39e-01
   5        8.4457e-13   2.36e-15          8.4340e-13      3.62e-16    7.16e-01
   5        8.4418e-13   2.54e-15          8.4342e-13      3.58e-16    6.89e-01
   5        8.4625e-13   2.51e-15          8.4347e-13      3.55e-16    7.13e-01
   5        8.4191e-13   2.56e-15          8.4344e-13      3.51e-16    6.99e-01
   5        8.4975e-13   2.67e-15          8.4355e-13      3.48e-16    8.83e-01
   5        8.4353e-13   2.58e-15          8.4355e-13      3.45e-16    8.50e-01
   5        8.4289e-13   2.64e-15          8.4354e-13      3.42e-16    8.22e-01
   5        8.4461e-13   2.72e-15          8.4356e-13      3.40e-16    7.99e-01
   5        8.4210e-13   2.73e-15          8.4353e-13      3.37e-16    7.82e-01
   5        8.4299e-13   2.84e-15          8.4353e-13      3.35e-16    7.58e-01
   5        8.4694e-13   2.73e-15          8.4358e-13      3.32e-16    7.82e-01
   5        8.4169e-13   2.80e-15          8.4355e-13      3.30e-16    7.72e-01
   5        8.3849e-13   2.76e-15          8.4348e-13      3.27e-16    8.47e-01
   5        8.4619e-13   2.82e-15          8.4352e-13      3.25e-16    8.49e-01
   5        8.3593e-13   2.82e-15          8.4342e-13      3.23e-16    1.02e+00
   5        8.3997e-13   2.90e-15          8.4337e-13      3.21e-16    1.03e+00
   5        8.4590e-13   2.87e-15          8.4341e-13      3.19e-16    1.03e+00
   5        8.4331e-13   2.94e-15          8.4340e-13      3.17e-16    1.00e+00
   5        8.4466e-13   2.98e-15          8.4342e-13      3.16e-16    9.79e-01
   5        8.4269e-13   2.95e-15          8.4341e-13      3.14e-16    9.57e-01
   5        8.4965e-13   3.01e-15          8.4348e-13      3.12e-16    1.04e+00
   5        8.4585e-13   3.00e-15          8.4350e-13      3.10e-16    1.03e+00
   5        8.4027e-13   3.09e-15          8.4347e-13      3.09e-16    1.03e+00
   5        8.4288e-13   3.15e-15          8.4346e-13      3.07e-16    1.01e+00
   5        8.4818e-13   3.27e-15          8.4351e-13      3.06e-16    1.03e+00
   5        8.3658e-13   3.22e-15          8.4344e-13      3.05e-16    1.10e+00
   5        8.5041e-13   3.32e-15          8.4350e-13      3.03e-16    1.17e+00
   5        8.4870e-13   3.26e-15          8.4355e-13      3.02e-16    1.20e+00
   5        8.4303e-13   3.26e-15          8.4354e-13      3.01e-16    1.18e+00
   5        8.3691e-13   3.25e-15          8.4349e-13      2.99e-16    1.23e+00
   5        8.4369e-13   3.34e-15          8.4349e-13      2.98e-16    1.21e+00
   5        8.4432e-13   3.46e-15          8.4349e-13      2.97e-16    1.19e+00
   5        8.4884e-13   3.35e-15          8.4354e-13      2.96e-16    1.21e+00
LO = (8.4353553e-13 +- 2.9601503e-16) pb

*******************************************
* virtual corrections + integrated dipole *
*******************************************
The limits of integration are:

xl[0]=0.000000    xu[0]=1.000000
xl[1]=0.000000    xu[1]=1.000000
xl[2]=0.000000    xu[2]=1.000000

num_dim=3, calls=240, it_num=1, max_it_num=5 verb=0, alph=1.50,
mode=0, bins=50, boxes=1

       single.......iteration                   accumulated......results   
iteration     integral    sigma             integral         sigma     chi-sq/it

   1        9.0866e-14   8.18e-15          9.0866e-14      8.18e-15    0.00e+00
   2        1.0001e-13   4.74e-15          9.7705e-14      4.10e-15    9.35e-01
   3        1.0784e-13   2.85e-15          1.0454e-13      2.34e-15    2.53e+00
   4        1.0818e-13   1.96e-15          1.0668e-13      1.50e-15    2.16e+00
   5        1.1166e-13   2.46e-15          1.0803e-13      1.28e-15    2.37e+00

num_dim=3, calls=1200, it_num=1, max_it_num=3 verb=0, alph=1.50,
mode=0, bins=50, boxes=1

       single.......iteration                   accumulated......results   
iteration     integral    sigma             integral         sigma     chi-sq/it

   1        1.0461e-13   1.06e-15          1.0461e-13      1.06e-15    0.00e+00
   2        1.0724e-13   8.47e-16          1.0622e-13      6.63e-16    3.76e+00
   3        1.0628e-13   7.90e-16          1.0624e-13      5.08e-16    1.88e+00
   3        1.0868e-13   8.09e-16          1.0693e-13      4.30e-16    3.42e+00
   3        1.0576e-13   8.18e-16          1.0668e-13      3.81e-16    2.97e+00
   3        1.0705e-13   8.10e-16          1.0674e-13      3.45e-16    2.41e+00
   3        1.0546e-13   8.65e-16          1.0657e-13      3.20e-16    2.32e+00
   3        1.0775e-13   8.10e-16          1.0673e-13      2.98e-16    2.26e+00
   3        1.0777e-13   8.02e-16          1.0685e-13      2.79e-16    2.16e+00
   3        1.0675e-13   7.97e-16          1.0684e-13      2.63e-16    1.92e+00
   3        1.0666e-13   8.33e-16          1.0683e-13      2.51e-16    1.73e+00
   3        1.0711e-13   8.41e-16          1.0685e-13      2.41e-16    1.58e+00
   3        1.0767e-13   8.26e-16          1.0691e-13      2.31e-16    1.53e+00
   3        1.0672e-13   8.50e-16          1.0690e-13      2.23e-16    1.41e+00
vNLO = (1.0690041e-13 +- 2.2292878e-16) pb

*****************************
* collinear remainder (P+K) *
*****************************
The limits of integration are:

xl[0]=0.000000    xu[0]=1.000000
xl[1]=0.000000    xu[1]=1.000000
xl[2]=0.000000    xu[2]=1.000000
xl[3]=0.000000    xu[3]=1.000000

num_dim=4, calls=2500, it_num=1, max_it_num=5 verb=0, alph=1.50,
mode=0, bins=50, boxes=1

       single.......iteration                   accumulated......results   
iteration     integral    sigma             integral         sigma     chi-sq/it

   1        1.0305e-13   6.81e-15          1.0305e-13      6.81e-15    0.00e+00
   2        1.0336e-13   2.71e-15          1.0331e-13      2.52e-15    1.80e-03
   3        1.0419e-13   2.27e-15          1.0380e-13      1.69e-15    3.45e-02
   4        1.0480e-13   2.21e-15          1.0417e-13      1.34e-15    6.60e-02
   5        1.0720e-13   2.18e-15          1.0500e-13      1.14e-15    4.01e-01

num_dim=4, calls=25000, it_num=1, max_it_num=3 verb=0, alph=1.50,
mode=0, bins=50, boxes=1

       single.......iteration                   accumulated......results   
iteration     integral    sigma             integral         sigma     chi-sq/it

   1        1.0681e-13   6.82e-16          1.0681e-13      6.82e-16    0.00e+00
   2        1.0681e-13   6.77e-16          1.0681e-13      4.80e-16    2.43e-06
   3        1.0504e-13   6.84e-16          1.0622e-13      3.93e-16    2.24e+00
   3        1.0604e-13   6.82e-16          1.0618e-13      3.41e-16    1.51e+00
   3        1.0479e-13   6.87e-16          1.0590e-13      3.05e-16    1.95e+00
   3        1.0469e-13   6.84e-16          1.0570e-13      2.79e-16    2.09e+00
   3        1.0507e-13   6.87e-16          1.0561e-13      2.58e-16    1.86e+00
   3        1.0570e-13   6.85e-16          1.0562e-13      2.42e-16    1.59e+00
   3        1.0574e-13   6.94e-16          1.0564e-13      2.28e-16    1.40e+00
P+K = (1.0563586e-13 +- 2.2819867e-16) pb

********************************
* real gluon emission - dipole *
********************************
The limits of integration are:

xl[0]=0.000000    xu[0]=1.000000
xl[1]=0.000000    xu[1]=1.000000
xl[2]=0.000000    xu[2]=1.000000
xl[3]=0.000000    xu[3]=1.000000
xl[4]=0.000000    xu[4]=1.000000
xl[5]=0.000000    xu[5]=1.000000

num_dim=6, calls=250, it_num=1, max_it_num=5 verb=0, alph=1.50,
mode=0, bins=50, boxes=1

       single.......iteration                   accumulated......results   
iteration     integral    sigma             integral         sigma     chi-sq/it

   1        -1.6765e-15   6.06e-16          -1.6765e-15      6.06e-16    0.00e+00
   2        -1.9238e-15   5.17e-16          -1.8196e-15      3.93e-16    9.65e-02
   3        -1.0283e-15   1.28e-16          -1.1040e-15      1.22e-16    1.88e+00
   4        -1.2411e-15   1.10e-16          -1.1794e-15      8.16e-17    1.49e+00
   5        -1.5660e-15   1.35e-16          -1.2825e-15      6.99e-17    2.61e+00

num_dim=6, calls=2500, it_num=1, max_it_num=3 verb=0, alph=1.50,
mode=0, bins=50, boxes=1

       single.......iteration                   accumulated......results   
iteration     integral    sigma             integral         sigma     chi-sq/it

   1        -1.4602e-15   3.56e-17          -1.4602e-15      3.56e-17    0.00e+00
   2        -1.4433e-15   2.07e-17          -1.4476e-15      1.79e-17    1.69e-01
   3        -1.4556e-15   2.07e-17          -1.4510e-15      1.36e-17    1.27e-01
   3        -1.4350e-15   1.91e-17          -1.4457e-15      1.11e-17    2.39e-01
   3        -1.4355e-15   1.65e-17          -1.4425e-15      9.19e-18    2.45e-01
   3        -1.4255e-15   1.53e-17          -1.4380e-15      7.88e-18    3.77e-01
   3        -1.4287e-15   1.55e-17          -1.4361e-15      7.02e-18    3.62e-01
   3        -1.4235e-15   1.46e-17          -1.4337e-15      6.32e-18    3.97e-01
   3        -1.4344e-15   1.48e-17          -1.4338e-15      5.81e-18    3.48e-01
   3        -1.4411e-15   1.49e-17          -1.4348e-15      5.41e-18    3.32e-01
   3        -1.4250e-15   1.46e-17          -1.4336e-15      5.08e-18    3.38e-01
   3        -1.4293e-15   1.53e-17          -1.4332e-15      4.82e-18    3.14e-01
   3        -1.4364e-15   1.47e-17          -1.4335e-15      4.58e-18    2.91e-01
   3        -1.4420e-15   1.47e-17          -1.4342e-15      4.37e-18    2.92e-01
   3        -1.4125e-15   1.46e-17          -1.4325e-15      4.19e-18    4.17e-01
   3        -1.4286e-15   1.62e-17          -1.4322e-15      4.05e-18    3.92e-01
   3        -1.4198e-15   1.59e-17          -1.4315e-15      3.93e-18    4.04e-01
   3        -1.4083e-15   1.46e-17          -1.4299e-15      3.79e-18    5.17e-01
rNLOg = (-1.4298974e-15 +- 3.7933209e-18) pb

**************************************************
* real light quark emission - dipole - (onshell) *
**************************************************
The limits of integration are:

xl[0]=0.000000    xu[0]=1.000000
xl[1]=0.000000    xu[1]=1.000000
xl[2]=0.000000    xu[2]=1.000000
xl[3]=0.000000    xu[3]=1.000000
xl[4]=0.000000    xu[4]=1.000000
xl[5]=0.000000    xu[5]=1.000000

num_dim=6, calls=5000, it_num=1, max_it_num=5 verb=0, alph=1.50,
mode=0, bins=50, boxes=1

       single.......iteration                   accumulated......results   
iteration     integral    sigma             integral         sigma     chi-sq/it

   1        3.0244e-15   2.05e-16          3.0244e-15      2.05e-16    0.00e+00
   2        3.1188e-15   5.95e-17          3.1114e-15      5.71e-17    1.96e-01
   3        3.0234e-15   3.48e-17          3.0472e-15      2.97e-17    9.63e-01
   4        2.9934e-15   2.72e-17          3.0179e-15      2.01e-17    1.24e+00
   5        3.0164e-15   2.28e-17          3.0173e-15      1.51e-17    9.29e-01

num_dim=6, calls=50000, it_num=1, max_it_num=5 verb=0, alph=1.50,
mode=0, bins=50, boxes=1

       single.......iteration                   accumulated......results   
iteration     integral    sigma             integral         sigma     chi-sq/it

   1        3.0113e-15   7.01e-18          3.0113e-15      7.01e-18    0.00e+00
   2        3.0321e-15   8.68e-18          3.0195e-15      5.46e-18    3.47e+00
   3        3.0387e-15   8.95e-18          3.0247e-15      4.66e-18    3.42e+00
   4        3.0264e-15   8.17e-18          3.0251e-15      4.05e-18    2.29e+00
   5        3.0308e-15   8.89e-18          3.0261e-15      3.68e-18    1.80e+00
   5        3.0216e-15   7.71e-18          3.0253e-15      3.32e-18    1.50e+00
rNLOq = (3.0252595e-15 +- 3.3232694e-18) pb
NLO = (1.0576672e-12 +- 4.3522662e-16) pb
#chisq/dof = 2.17396e-09
#status = success
#chisq/dof = 1.53834e-09
#status = success
#chisq/dof = 5.53731e-10
#status = success
#chisq/dof = 1.03195e-09
#status = success
#chisq/dof = 2.10279e-10
#status = success
#chisq/dof = 3.15386e-12
#status = success
#chisq/dof = 1.72413e-10
#status = success
#chisq/dof = 4.36308e-11
#status = success

*******************************************************
* threshold resummation (unimproved nnll) - expansion *
*******************************************************
The limits of integration are:

xl[0]=0.000000    xu[0]=1.000000
xl[1]=0.000000    xu[1]=1.000000
xl[2]=0.000000    xu[2]=1.000000

num_dim=3, calls=7000, it_num=1, max_it_num=5 verb=0, alph=1.50,
mode=0, bins=50, boxes=1

       single.......iteration                   accumulated......results   
iteration     integral    sigma             integral         sigma     chi-sq/it

   1        8.7516e-15   2.94e-15          8.7516e-15      2.94e-15    0.00e+00
   2        4.7196e-15   8.16e-16          5.0086e-15      7.86e-16    1.75e+00
   3        4.3343e-15   6.90e-16          4.6280e-15      5.19e-16    1.08e+00
   4        4.2531e-15   6.90e-16          4.4926e-15      4.15e-16    7.85e-01
   5        5.6876e-15   6.87e-16          4.8114e-15      3.55e-16    1.14e+00

num_dim=3, calls=35000, it_num=1, max_it_num=5 verb=0, alph=1.50,
mode=0, bins=50, boxes=1

       single.......iteration                   accumulated......results   
iteration     integral    sigma             integral         sigma     chi-sq/it

   1        5.6412e-15   3.03e-16          5.6412e-15      3.03e-16    0.00e+00
   2        5.7585e-15   3.04e-16          5.6996e-15      2.15e-16    7.46e-02
   3        5.5974e-15   3.05e-16          5.6658e-15      1.76e-16    7.48e-02
   4        5.4563e-15   3.03e-16          5.6132e-15      1.52e-16    1.69e-01
   5        5.8335e-15   3.03e-16          5.6576e-15      1.36e-16    2.32e-01
   5        5.6603e-15   3.04e-16          5.6581e-15      1.24e-16    1.86e-01
   5        5.7721e-15   3.05e-16          5.6742e-15      1.15e-16    1.75e-01
   5        6.1101e-15   3.05e-16          5.7283e-15      1.08e-16    4.05e-01
   5        5.5046e-15   3.08e-16          5.7039e-15      1.02e-16    4.13e-01
   5        5.4777e-15   3.05e-16          5.6813e-15      9.63e-17    4.22e-01
   5        5.5823e-15   3.06e-16          5.6724e-15      9.19e-17    3.90e-01
   5        5.6892e-15   3.08e-16          5.6738e-15      8.80e-17    3.55e-01
   5        5.4104e-15   3.07e-16          5.6538e-15      8.46e-17    3.82e-01
   5        5.3213e-15   3.07e-16          5.6303e-15      8.16e-17    4.36e-01
   5        5.9244e-15   3.09e-16          5.6495e-15      7.89e-17    4.66e-01
   5        6.0885e-15   3.09e-16          5.6763e-15      7.64e-17    5.61e-01
aNNLO+NNLL = (1.0633435e-12 +- 4.4188368e-16) pb

Results:
LO = (8.2997169e-13 +- 6.3803927e-16) pb
NLO = (1.0576672e-12 +- 4.3522662e-16) pb
aNNLO+NNLL = (1.0633435e-12 +- 4.4188368e-16) pb
Thanks for using LHAPDF 6.2.3. Please make sure to cite the paper:
  Eur.Phys.J. C75 (2015) 3, 132  (http://arxiv.org/abs/1412.7420)
 ====================================================
   FF 2.0, a package to evaluate one-loop integrals
 written by G. J. van Oldenborgh, NIKHEF-H, Amsterdam
 ====================================================
 for the algorithms used see preprint NIKHEF-H 89/17,
 'New Algorithms for One-loop Integrals', by G.J. van
 Oldenborgh and J.A.M. Vermaseren, published in 
 Zeitschrift fuer Physik C46(1990)425.
 ====================================================
 
total number of errors and warnings
===================================
fferr: no errors
 
