
  Welcome to Resummino git-latest
  Copyright 2008-2010 Jonathan Debove.
  Copyright 2011-2014 David R. Lamprea.
  Copyright 2011-2016 Marcel Rothering.

  Licensed under the EUPL 1.1 or later.
  See http://www.resummino.org/ for more information.

  If using Resummino for slepton pair production, please cite.
  - G. Bozzi, B. Fuks, M. Klasen, PRD 74, 015001 (2006); NPB 777, 157 (2007); NPB 794, 46 (2007).
  - B. Fuks, M. Klasen, D. R. Lamprea, M. Rothering, EPJC 73, 2480 (2013).

  For gaugino pair production, please cite:
  - J. Debove, B. Fuks, M. Klasen, PLB 688, 208 (2010); NPB 842, 51 (2011); NPB 849, 64 (2011).
  - B. Fuks, M. Klasen, D. R. Lamprea, M. Rothering, JHEP 1210, 081 (2012); EPJC 73, 2480 (2013).

  For associated gaugino gluino production, please cite:
  - B. Fuks, M. Klasen, M. Rothering, JHEP 07:053, (2016).
  - B. Fuks, M. Klasen, D. R. Lamprea, M. Rothering, EPJC 73, 2480 (2013).

LHAPDF 6.2.3 loading /pool/condor/dir_7540/resummino-releases/lhapdf-prefix/share/LHAPDF/PDF4LHC21_40/PDF4LHC21_40_0000.dat
PDF4LHC21_40 PDF set, member #0, version 1
 alpha_s(M_Z^2) = 0.1180 	 for LO PDF set 
 alpha_s(600.000^2) = 0.0920 	 for LO PDF set 

********************
* LO cross section *
********************
The limits of integration are:

xl[0]=0.000000    xu[0]=1.000000
xl[1]=0.000000    xu[1]=1.000000
xl[2]=0.000000    xu[2]=1.000000

num_dim=3, calls=2000, it_num=1, max_it_num=5 verb=0, alph=1.50,
mode=0, bins=50, boxes=1

       single.......iteration                   accumulated......results   
iteration     integral    sigma             integral         sigma     chi-sq/it

   1        1.5294e-11   4.93e-13          1.5294e-11      4.93e-13    0.00e+00
   2        1.5559e-11   1.62e-13          1.5533e-11      1.54e-13    2.62e-01
   3        1.5765e-11   9.28e-14          1.5703e-11      7.95e-14    9.64e-01
   4        1.5549e-11   8.69e-14          1.5633e-11      5.86e-14    1.22e+00
   5        1.5537e-11   9.07e-14          1.5605e-11      4.92e-14    1.11e+00

num_dim=3, calls=20000, it_num=1, max_it_num=5 verb=0, alph=1.50,
mode=0, bins=50, boxes=1

       single.......iteration                   accumulated......results   
iteration     integral    sigma             integral         sigma     chi-sq/it

   1        1.5623e-11   2.76e-14          1.5623e-11      2.76e-14    0.00e+00
   2        1.5631e-11   2.72e-14          1.5627e-11      1.94e-14    3.95e-02
   3        1.5685e-11   2.68e-14          1.5647e-11      1.57e-14    1.55e+00
   4        1.5665e-11   2.81e-14          1.5651e-11      1.37e-14    1.14e+00
   5        1.5599e-11   2.82e-14          1.5641e-11      1.23e-14    1.54e+00
   5        1.5626e-11   2.83e-14          1.5639e-11      1.13e-14    1.27e+00
   5        1.5648e-11   2.85e-14          1.5640e-11      1.05e-14    1.08e+00
   5        1.5609e-11   2.88e-14          1.5636e-11      9.87e-15    1.07e+00
LO = (1.5636464e-11 +- 9.8709928e-15) pb
LHAPDF 6.2.3 loading /pool/condor/dir_7540/resummino-releases/lhapdf-prefix/share/LHAPDF/PDF4LHC21_40/PDF4LHC21_40_0000.dat
PDF4LHC21_40 PDF set, member #0, version 1
 alpha_s(M_Z^2) = 0.1180 	 for NLO PDF set 
 alpha_s(600.000^2) = 0.0920 	 for NLO PDF set 

********************
* LO cross section *
********************
The limits of integration are:

xl[0]=0.000000    xu[0]=1.000000
xl[1]=0.000000    xu[1]=1.000000
xl[2]=0.000000    xu[2]=1.000000

num_dim=3, calls=2000, it_num=1, max_it_num=5 verb=0, alph=1.50,
mode=0, bins=50, boxes=1

       single.......iteration                   accumulated......results   
iteration     integral    sigma             integral         sigma     chi-sq/it

   1        1.5294e-11   4.93e-13          1.5294e-11      4.93e-13    0.00e+00
   2        1.5559e-11   1.62e-13          1.5533e-11      1.54e-13    2.62e-01
   3        1.5765e-11   9.28e-14          1.5703e-11      7.95e-14    9.64e-01
   4        1.5549e-11   8.69e-14          1.5633e-11      5.86e-14    1.22e+00
   5        1.5537e-11   9.07e-14          1.5605e-11      4.92e-14    1.11e+00

num_dim=3, calls=20000, it_num=1, max_it_num=5 verb=0, alph=1.50,
mode=0, bins=50, boxes=1

       single.......iteration                   accumulated......results   
iteration     integral    sigma             integral         sigma     chi-sq/it

   1        1.5623e-11   2.76e-14          1.5623e-11      2.76e-14    0.00e+00
   2        1.5631e-11   2.72e-14          1.5627e-11      1.94e-14    3.95e-02
   3        1.5685e-11   2.68e-14          1.5647e-11      1.57e-14    1.55e+00
   4        1.5665e-11   2.81e-14          1.5651e-11      1.37e-14    1.14e+00
   5        1.5599e-11   2.82e-14          1.5641e-11      1.23e-14    1.54e+00
   5        1.5626e-11   2.83e-14          1.5639e-11      1.13e-14    1.27e+00
   5        1.5648e-11   2.85e-14          1.5640e-11      1.05e-14    1.08e+00
   5        1.5609e-11   2.88e-14          1.5636e-11      9.87e-15    1.07e+00
   5        1.5605e-11   2.96e-14          1.5633e-11      9.36e-15    1.06e+00
   5        1.5576e-11   3.04e-14          1.5628e-11      8.95e-15    1.30e+00
   5        1.5622e-11   3.16e-14          1.5628e-11      8.61e-15    1.18e+00
   5        1.5619e-11   3.20e-14          1.5627e-11      8.31e-15    1.08e+00
   5        1.5658e-11   3.37e-14          1.5629e-11      8.07e-15    1.05e+00
   5        1.5620e-11   3.51e-14          1.5629e-11      7.87e-15    9.75e-01
   5        1.5635e-11   3.74e-14          1.5629e-11      7.70e-15    9.07e-01
   5        1.5600e-11   3.84e-14          1.5628e-11      7.55e-15    8.83e-01
   5        1.5608e-11   3.88e-14          1.5627e-11      7.41e-15    8.42e-01
   5        1.5659e-11   3.98e-14          1.5628e-11      7.28e-15    8.30e-01
   5        1.5686e-11   4.22e-14          1.5630e-11      7.18e-15    8.86e-01
   5        1.5698e-11   4.18e-14          1.5632e-11      7.08e-15    9.75e-01
   5        1.5594e-11   4.23e-14          1.5631e-11      6.98e-15    9.65e-01
   5        1.5647e-11   4.40e-14          1.5631e-11      6.89e-15    9.25e-01
   5        1.5656e-11   4.55e-14          1.5632e-11      6.81e-15    8.96e-01
   5        1.5603e-11   4.62e-14          1.5631e-11      6.74e-15    8.74e-01
   5        1.5710e-11   4.74e-14          1.5633e-11      6.67e-15    9.51e-01
   5        1.5605e-11   4.66e-14          1.5632e-11      6.61e-15    9.27e-01
   5        1.5734e-11   4.75e-14          1.5634e-11      6.54e-15    1.07e+00
   5        1.5653e-11   4.66e-14          1.5634e-11      6.48e-15    1.03e+00
   5        1.5631e-11   4.81e-14          1.5634e-11      6.42e-15    9.96e-01
   5        1.5680e-11   5.08e-14          1.5635e-11      6.37e-15    9.90e-01
   5        1.5595e-11   4.85e-14          1.5634e-11      6.32e-15    9.79e-01
   5        1.5641e-11   4.86e-14          1.5635e-11      6.26e-15    9.48e-01
   5        1.5713e-11   4.84e-14          1.5636e-11      6.21e-15    1.00e+00
   5        1.5578e-11   5.05e-14          1.5635e-11      6.17e-15    1.01e+00
   5        1.5552e-11   5.17e-14          1.5634e-11      6.12e-15    1.05e+00
   5        1.5684e-11   5.28e-14          1.5634e-11      6.08e-15    1.05e+00
   5        1.5522e-11   5.11e-14          1.5633e-11      6.04e-15    1.15e+00
   5        1.5598e-11   5.34e-14          1.5632e-11      6.00e-15    1.13e+00
   5        1.5677e-11   5.20e-14          1.5633e-11      5.96e-15    1.12e+00
   5        1.5654e-11   5.25e-14          1.5633e-11      5.92e-15    1.10e+00
   5        1.5680e-11   5.44e-14          1.5634e-11      5.89e-15    1.09e+00
   5        1.5643e-11   5.36e-14          1.5634e-11      5.85e-15    1.06e+00
   5        1.5719e-11   5.53e-14          1.5635e-11      5.82e-15    1.09e+00
   5        1.5671e-11   5.59e-14          1.5635e-11      5.79e-15    1.08e+00
   5        1.5561e-11   5.64e-14          1.5634e-11      5.76e-15    1.09e+00
   5        1.5625e-11   5.83e-14          1.5634e-11      5.73e-15    1.07e+00
   5        1.5683e-11   5.88e-14          1.5635e-11      5.70e-15    1.06e+00
   5        1.5455e-11   5.67e-14          1.5633e-11      5.68e-15    1.25e+00
   5        1.5749e-11   5.78e-14          1.5634e-11      5.65e-15    1.31e+00
   5        1.5722e-11   5.77e-14          1.5635e-11      5.62e-15    1.33e+00
   5        1.5629e-11   5.60e-14          1.5635e-11      5.59e-15    1.30e+00
   5        1.5549e-11   5.67e-14          1.5634e-11      5.57e-15    1.32e+00
   5        1.5658e-11   5.87e-14          1.5634e-11      5.54e-15    1.30e+00
   5        1.5573e-11   6.00e-14          1.5634e-11      5.52e-15    1.29e+00
   5        1.5775e-11   5.87e-14          1.5635e-11      5.49e-15    1.37e+00
LO = (1.5635033e-11 +- 5.4942865e-15) pb

*******************************************
* virtual corrections + integrated dipole *
*******************************************
The limits of integration are:

xl[0]=0.000000    xu[0]=1.000000
xl[1]=0.000000    xu[1]=1.000000
xl[2]=0.000000    xu[2]=1.000000

num_dim=3, calls=240, it_num=1, max_it_num=5 verb=0, alph=1.50,
mode=0, bins=50, boxes=1

       single.......iteration                   accumulated......results   
iteration     integral    sigma             integral         sigma     chi-sq/it

   1        2.0226e-12   2.01e-13          2.0226e-12      2.01e-13    0.00e+00
   2        1.9336e-12   7.68e-14          1.9450e-12      7.18e-14    1.71e-01
   3        2.1149e-12   5.41e-14          2.0534e-12      4.32e-14    1.87e+00
   4        2.1474e-12   4.52e-14          2.0982e-12      3.12e-14    2.00e+00
   5        2.2408e-12   5.17e-14          2.1363e-12      2.67e-14    2.89e+00

num_dim=3, calls=1200, it_num=1, max_it_num=3 verb=0, alph=1.50,
mode=0, bins=50, boxes=1

       single.......iteration                   accumulated......results   
iteration     integral    sigma             integral         sigma     chi-sq/it

   1        2.0909e-12   2.11e-14          2.0909e-12      2.11e-14    0.00e+00
   2        2.1465e-12   1.82e-14          2.1227e-12      1.38e-14    3.98e+00
   3        2.1268e-12   1.64e-14          2.1244e-12      1.06e-14    2.01e+00
   3        2.1756e-12   1.71e-14          2.1386e-12      8.98e-15    3.51e+00
   3        2.1120e-12   1.66e-14          2.1325e-12      7.89e-15    3.13e+00
   3        2.1383e-12   1.66e-14          2.1336e-12      7.13e-15    2.52e+00
   3        2.1166e-12   1.76e-14          2.1312e-12      6.61e-15    2.24e+00
   3        2.1526e-12   1.64e-14          2.1342e-12      6.13e-15    2.12e+00
   3        2.1425e-12   1.60e-14          2.1352e-12      5.73e-15    1.89e+00
   3        2.1394e-12   1.64e-14          2.1357e-12      5.41e-15    1.68e+00
   3        2.1219e-12   1.67e-14          2.1344e-12      5.14e-15    1.58e+00
   3        2.1336e-12   1.73e-14          2.1343e-12      4.93e-15    1.43e+00
vNLO = (2.1343229e-12 +- 4.9297723e-15) pb

*****************************
* collinear remainder (P+K) *
*****************************
The limits of integration are:

xl[0]=0.000000    xu[0]=1.000000
xl[1]=0.000000    xu[1]=1.000000
xl[2]=0.000000    xu[2]=1.000000
xl[3]=0.000000    xu[3]=1.000000

num_dim=4, calls=2500, it_num=1, max_it_num=5 verb=0, alph=1.50,
mode=0, bins=50, boxes=1

       single.......iteration                   accumulated......results   
iteration     integral    sigma             integral         sigma     chi-sq/it

   1        4.9955e-13   1.21e-13          4.9955e-13      1.21e-13    0.00e+00
   2        3.8107e-13   6.17e-14          4.0539e-13      5.50e-14    7.57e-01
   3        3.9607e-13   5.01e-14          4.0030e-13      3.70e-14    3.87e-01
   4        4.1234e-13   5.04e-14          4.0452e-13      2.98e-14    2.70e-01
   5        3.6112e-13   5.04e-14          3.9327e-13      2.57e-14    3.40e-01

num_dim=4, calls=25000, it_num=1, max_it_num=3 verb=0, alph=1.50,
mode=0, bins=50, boxes=1

       single.......iteration                   accumulated......results   
iteration     integral    sigma             integral         sigma     chi-sq/it

   1        3.9083e-13   1.58e-14          3.9083e-13      1.58e-14    0.00e+00
   2        3.7729e-13   1.57e-14          3.8403e-13      1.11e-14    3.69e-01
   3        3.9175e-13   1.57e-14          3.8662e-13      9.09e-15    2.65e-01
   3        3.8884e-13   1.58e-14          3.8717e-13      7.87e-15    1.82e-01
   3        3.9380e-13   1.59e-14          3.8848e-13      7.05e-15    1.71e-01
   3        3.8703e-13   1.58e-14          3.8824e-13      6.44e-15    1.38e-01
   3        4.0117e-13   1.57e-14          3.9010e-13      5.96e-15    2.12e-01
   3        3.6744e-13   1.58e-14          3.8727e-13      5.57e-15    4.41e-01
   3        3.8717e-13   1.59e-14          3.8726e-13      5.26e-15    3.85e-01
   3        3.8404e-13   1.59e-14          3.8694e-13      4.99e-15    3.47e-01
   3        3.7229e-13   1.58e-14          3.8562e-13      4.76e-15    3.90e-01
   3        4.0085e-13   1.59e-14          3.8687e-13      4.56e-15    4.31e-01
   3        4.0984e-13   1.59e-14          3.8861e-13      4.38e-15    5.56e-01
P+K = (3.8861331e-13 +- 4.3831972e-15) pb

********************************
* real gluon emission - dipole *
********************************
The limits of integration are:

xl[0]=0.000000    xu[0]=1.000000
xl[1]=0.000000    xu[1]=1.000000
xl[2]=0.000000    xu[2]=1.000000
xl[3]=0.000000    xu[3]=1.000000
xl[4]=0.000000    xu[4]=1.000000
xl[5]=0.000000    xu[5]=1.000000

num_dim=6, calls=250, it_num=1, max_it_num=5 verb=0, alph=1.50,
mode=0, bins=50, boxes=1

       single.......iteration                   accumulated......results   
iteration     integral    sigma             integral         sigma     chi-sq/it

   1        -7.2018e-14   1.92e-14          -7.2018e-14      1.92e-14    0.00e+00
   2        -7.4612e-14   1.47e-14          -7.3653e-14      1.17e-14    1.15e-02
   3        -7.1180e-14   1.14e-14          -7.2386e-14      8.14e-15    1.73e-02
   4        -6.2839e-14   7.70e-15          -6.7343e-14      5.59e-15    2.54e-01
   5        -8.1899e-14   1.00e-14          -7.0798e-14      4.88e-15    5.92e-01

num_dim=6, calls=2500, it_num=1, max_it_num=3 verb=0, alph=1.50,
mode=0, bins=50, boxes=1

       single.......iteration                   accumulated......results   
iteration     integral    sigma             integral         sigma     chi-sq/it

   1        -6.5308e-14   1.95e-15          -6.5308e-14      1.95e-15    0.00e+00
   2        -6.5683e-14   1.18e-15          -6.5582e-14      1.01e-15    2.70e-02
   3        -6.7070e-14   1.02e-15          -6.6321e-14      7.18e-16    5.50e-01
rNLOg = (-6.6321166e-14 +- 7.1816325e-16) pb

**************************************************
* real light quark emission - dipole - (onshell) *
**************************************************
The limits of integration are:

xl[0]=0.000000    xu[0]=1.000000
xl[1]=0.000000    xu[1]=1.000000
xl[2]=0.000000    xu[2]=1.000000
xl[3]=0.000000    xu[3]=1.000000
xl[4]=0.000000    xu[4]=1.000000
xl[5]=0.000000    xu[5]=1.000000

num_dim=6, calls=5000, it_num=1, max_it_num=5 verb=0, alph=1.50,
mode=0, bins=50, boxes=1

       single.......iteration                   accumulated......results   
iteration     integral    sigma             integral         sigma     chi-sq/it

   1        1.5481e-13   1.18e-14          1.5481e-13      1.18e-14    0.00e+00
   2        1.6050e-13   3.66e-15          1.6000e-13      3.49e-15    2.14e-01
   3        1.5554e-13   1.97e-15          1.5661e-13      1.72e-15    7.26e-01
   4        1.5403e-13   1.63e-15          1.5526e-13      1.18e-15    8.79e-01
   5        1.5582e-13   1.51e-15          1.5548e-13      9.31e-16    6.81e-01

num_dim=6, calls=50000, it_num=1, max_it_num=5 verb=0, alph=1.50,
mode=0, bins=50, boxes=1

       single.......iteration                   accumulated......results   
iteration     integral    sigma             integral         sigma     chi-sq/it

   1        1.5525e-13   4.67e-16          1.5525e-13      4.67e-16    0.00e+00
   2        1.5614e-13   4.85e-16          1.5567e-13      3.36e-16    1.75e+00
   3        1.5696e-13   5.34e-16          1.5604e-13      2.85e-16    2.95e+00
   4        1.5604e-13   5.18e-16          1.5604e-13      2.50e-16    1.97e+00
   5        1.5615e-13   5.24e-16          1.5606e-13      2.25e-16    1.48e+00
rNLOq = (1.5606020e-13 +- 2.2528894e-16) pb
NLO = (1.8247708e-11 +- 8.6179331e-15) pb
#chisq/dof = 1.11838e-07
#status = success
#chisq/dof = 2.00447e-08
#status = success
#chisq/dof = 8.73208e-10
#status = success
#chisq/dof = 5.06037e-09
#status = success
#chisq/dof = 4.16437e-10
#status = success
#chisq/dof = 2.95237e-11
#status = success
#chisq/dof = 1.17066e-09
#status = success
#chisq/dof = 1.1208e-10
#status = success

*******************************************************
* threshold resummation (unimproved nnll) - expansion *
*******************************************************
The limits of integration are:

xl[0]=0.000000    xu[0]=1.000000
xl[1]=0.000000    xu[1]=1.000000
xl[2]=0.000000    xu[2]=1.000000

num_dim=3, calls=7000, it_num=1, max_it_num=5 verb=0, alph=1.50,
mode=0, bins=50, boxes=1

       single.......iteration                   accumulated......results   
iteration     integral    sigma             integral         sigma     chi-sq/it

   1        3.0011e-12   2.11e-12          3.0011e-12      2.11e-12    0.00e+00
   2        -2.7133e-13   6.07e-13          -2.0999e-14      5.83e-13    2.22e+00
   3        2.7689e-13   5.43e-13          1.3853e-13      3.98e-13    1.18e+00
   4        3.2699e-13   5.33e-13          2.0595e-13      3.19e-13    8.14e-01
   5        4.4663e-13   5.30e-13          2.6991e-13      2.73e-13    6.49e-01

num_dim=3, calls=35000, it_num=1, max_it_num=5 verb=0, alph=1.50,
mode=0, bins=50, boxes=1

       single.......iteration                   accumulated......results   
iteration     integral    sigma             integral         sigma     chi-sq/it

   1        -2.9879e-13   2.37e-13          -2.9879e-13      2.37e-13    0.00e+00
   2        -6.0487e-14   2.36e-13          -1.7911e-13      1.67e-13    5.08e-01
   3        -5.6601e-13   2.36e-13          -3.0852e-13      1.36e-13    1.15e+00
   4        -2.7028e-13   2.37e-13          -2.9901e-13      1.18e-13    7.73e-01
   5        -2.2583e-13   2.35e-13          -2.8428e-13      1.06e-13    5.99e-01
   5        -3.7969e-13   2.36e-13          -3.0021e-13      9.64e-14    5.07e-01
   5        -2.7888e-13   2.37e-13          -2.9719e-13      8.93e-14    4.23e-01
   5        -7.7515e-13   2.36e-13          -3.5689e-13      8.36e-14    8.74e-01
   5        -1.5042e-14   2.37e-13          -3.1910e-13      7.88e-14    9.96e-01
   5        -7.9952e-13   2.37e-13          -3.6675e-13      7.48e-14    1.29e+00
   5        -2.9462e-13   2.36e-13          -3.6018e-13      7.13e-14    1.17e+00
   5        1.8337e-14   2.38e-13          -3.2890e-13      6.83e-14    1.28e+00
   5        -5.5622e-13   2.38e-13          -3.4620e-13      6.56e-14    1.24e+00
   5        2.3920e-13   2.38e-13          -3.0469e-13      6.33e-14    1.58e+00
   5        -2.4956e-13   2.40e-13          -3.0109e-13      6.12e-14    1.47e+00
   5        -2.8019e-13   2.40e-13          -2.9982e-13      5.93e-14    1.37e+00
   5        1.4198e-13   2.39e-13          -2.7416e-13      5.75e-14    1.49e+00
   5        -7.4257e-13   2.39e-13          -2.9985e-13      5.59e-14    1.62e+00
   5        -4.0508e-13   2.40e-13          -3.0527e-13      5.45e-14    1.54e+00
   5        -6.7051e-13   2.42e-13          -3.2293e-13      5.31e-14    1.57e+00
   5        -1.8938e-13   2.41e-13          -3.1676e-13      5.19e-14    1.51e+00
   5        -1.7719e-13   2.42e-13          -3.1061e-13      5.07e-14    1.45e+00
   5        -1.9054e-16   2.43e-13          -2.9760e-13      4.97e-14    1.45e+00
   5        -2.0005e-13   2.45e-13          -2.9376e-13      4.87e-14    1.40e+00
   5        -5.1246e-13   2.44e-13          -3.0214e-13      4.77e-14    1.37e+00
   5        -2.4309e-13   2.43e-13          -2.9994e-13      4.68e-14    1.32e+00
   5        -3.4374e-13   2.42e-13          -3.0152e-13      4.60e-14    1.27e+00
   5        -1.8115e-13   2.43e-13          -2.9736e-13      4.52e-14    1.23e+00
   5        3.6227e-14   2.43e-13          -2.8622e-13      4.44e-14    1.25e+00
   5        -2.7163e-13   2.47e-13          -2.8576e-13      4.37e-14    1.21e+00
   5        -2.5578e-13   2.44e-13          -2.8483e-13      4.30e-14    1.17e+00
   5        -1.3877e-13   2.47e-13          -2.8053e-13      4.24e-14    1.14e+00
   5        -4.7039e-13   2.50e-13          -2.8585e-13      4.18e-14    1.12e+00
   5        3.2951e-14   2.46e-13          -2.7690e-13      4.12e-14    1.14e+00
   5        -1.9142e-13   2.47e-13          -2.7458e-13      4.07e-14    1.11e+00
   5        -2.3080e-13   2.47e-13          -2.7343e-13      4.01e-14    1.08e+00
   5        -5.9859e-13   2.48e-13          -2.8173e-13      3.96e-14    1.10e+00
   5        -1.3757e-13   2.47e-13          -2.7813e-13      3.91e-14    1.07e+00
   5        -3.3673e-13   2.48e-13          -2.7955e-13      3.86e-14    1.05e+00
   5        2.0737e-13   2.49e-13          -2.6809e-13      3.82e-14    1.12e+00
   5        -2.5160e-13   2.50e-13          -2.6772e-13      3.77e-14    1.09e+00
   5        -4.3127e-13   2.54e-13          -2.7126e-13      3.73e-14    1.07e+00
   5        -9.8902e-14   2.52e-13          -2.6757e-13      3.69e-14    1.06e+00
   5        -1.4260e-13   2.53e-13          -2.6496e-13      3.65e-14    1.04e+00
   5        -2.1652e-13   2.55e-13          -2.6399e-13      3.62e-14    1.02e+00
   5        -4.7705e-13   2.52e-13          -2.6829e-13      3.58e-14    1.01e+00
   5        -3.9224e-13   2.56e-13          -2.7067e-13      3.55e-14    9.92e-01
   5        -1.1607e-13   2.56e-13          -2.6776e-13      3.51e-14    9.79e-01
   5        -2.5391e-13   2.53e-13          -2.6750e-13      3.48e-14    9.58e-01
   5        -8.8764e-13   2.57e-13          -2.7869e-13      3.45e-14    1.06e+00
   5        -2.3277e-13   2.55e-13          -2.7787e-13      3.42e-14    1.04e+00
   5        1.7322e-13   2.58e-13          -2.7013e-13      3.39e-14    1.07e+00
   5        -1.1336e-13   2.60e-13          -2.6751e-13      3.36e-14    1.06e+00
   5        2.7695e-13   2.59e-13          -2.5851e-13      3.33e-14    1.12e+00
   5        5.2256e-15   2.59e-13          -2.5423e-13      3.30e-14    1.12e+00
aNNLO+NNLL = (1.7993482e-11 +- 3.4135699e-14) pb

Results:
LO = (1.5636464e-11 +- 9.8709928e-15) pb
NLO = (1.8247708e-11 +- 8.6179331e-15) pb
aNNLO+NNLL = (1.7993482e-11 +- 3.4135699e-14) pb
Thanks for using LHAPDF 6.2.3. Please make sure to cite the paper:
  Eur.Phys.J. C75 (2015) 3, 132  (http://arxiv.org/abs/1412.7420)
 ====================================================
   FF 2.0, a package to evaluate one-loop integrals
 written by G. J. van Oldenborgh, NIKHEF-H, Amsterdam
 ====================================================
 for the algorithms used see preprint NIKHEF-H 89/17,
 'New Algorithms for One-loop Integrals', by G.J. van
 Oldenborgh and J.A.M. Vermaseren, published in 
 Zeitschrift fuer Physik C46(1990)425.
 ====================================================
 
total number of errors and warnings
===================================
fferr: no errors
 
