
  Welcome to Resummino git-latest
  Copyright 2008-2010 Jonathan Debove.
  Copyright 2011-2014 David R. Lamprea.
  Copyright 2011-2016 Marcel Rothering.

  Licensed under the EUPL 1.1 or later.
  See http://www.resummino.org/ for more information.

  If using Resummino for slepton pair production, please cite.
  - G. Bozzi, B. Fuks, M. Klasen, PRD 74, 015001 (2006); NPB 777, 157 (2007); NPB 794, 46 (2007).
  - B. Fuks, M. Klasen, D. R. Lamprea, M. Rothering, EPJC 73, 2480 (2013).

  For gaugino pair production, please cite:
  - J. Debove, B. Fuks, M. Klasen, PLB 688, 208 (2010); NPB 842, 51 (2011); NPB 849, 64 (2011).
  - B. Fuks, M. Klasen, D. R. Lamprea, M. Rothering, JHEP 1210, 081 (2012); EPJC 73, 2480 (2013).

  For associated gaugino gluino production, please cite:
  - B. Fuks, M. Klasen, M. Rothering, JHEP 07:053, (2016).
  - B. Fuks, M. Klasen, D. R. Lamprea, M. Rothering, EPJC 73, 2480 (2013).

LHAPDF 6.2.3 loading /pool/condor/dir_44159/resummino-releases/lhapdf-prefix/share/LHAPDF/PDF4LHC21_40/PDF4LHC21_40_0000.dat
PDF4LHC21_40 PDF set, member #0, version 1
 alpha_s(M_Z^2) = 0.1180 	 for LO PDF set 
 alpha_s(1600.000^2) = 0.0826 	 for LO PDF set 

********************
* LO cross section *
********************
The limits of integration are:

xl[0]=0.000000    xu[0]=1.000000
xl[1]=0.000000    xu[1]=1.000000
xl[2]=0.000000    xu[2]=1.000000

num_dim=3, calls=2000, it_num=1, max_it_num=5 verb=0, alph=1.50,
mode=0, bins=50, boxes=1

       single.......iteration                   accumulated......results   
iteration     integral    sigma             integral         sigma     chi-sq/it

   1        2.1540e-13   6.46e-15          2.1540e-13      6.46e-15    0.00e+00
   2        2.2698e-13   2.34e-15          2.2563e-13      2.20e-15    2.84e+00
   3        2.3003e-13   1.29e-15          2.2891e-13      1.11e-15    2.90e+00
   4        2.2725e-13   1.21e-15          2.2815e-13      8.19e-16    2.27e+00
   5        2.2662e-13   1.26e-15          2.2770e-13      6.87e-16    1.97e+00

num_dim=3, calls=20000, it_num=1, max_it_num=5 verb=0, alph=1.50,
mode=0, bins=50, boxes=1

       single.......iteration                   accumulated......results   
iteration     integral    sigma             integral         sigma     chi-sq/it

   1        2.2808e-13   3.86e-16          2.2808e-13      3.86e-16    0.00e+00
   2        2.2801e-13   3.75e-16          2.2805e-13      2.69e-16    1.70e-02
   3        2.2860e-13   3.71e-16          2.2824e-13      2.18e-16    7.46e-01
   4        2.2855e-13   3.93e-16          2.2831e-13      1.91e-16    6.54e-01
   5        2.2764e-13   3.94e-16          2.2818e-13      1.72e-16    1.07e+00
LO = (2.2818342e-13 +- 1.7153206e-16) pb
LHAPDF 6.2.3 loading /pool/condor/dir_44159/resummino-releases/lhapdf-prefix/share/LHAPDF/PDF4LHC21_40/PDF4LHC21_40_0033.dat
PDF4LHC21_40 PDF set, member #33, version 1
 alpha_s(M_Z^2) = 0.1180 	 for NLO PDF set 
 alpha_s(1600.000^2) = 0.0826 	 for NLO PDF set 

********************
* LO cross section *
********************
The limits of integration are:

xl[0]=0.000000    xu[0]=1.000000
xl[1]=0.000000    xu[1]=1.000000
xl[2]=0.000000    xu[2]=1.000000

num_dim=3, calls=2000, it_num=1, max_it_num=5 verb=0, alph=1.50,
mode=0, bins=50, boxes=1

       single.......iteration                   accumulated......results   
iteration     integral    sigma             integral         sigma     chi-sq/it

   1        2.2883e-13   6.66e-15          2.2883e-13      6.66e-15    0.00e+00
   2        2.4032e-13   2.45e-15          2.3895e-13      2.30e-15    2.62e+00
   3        2.4369e-13   1.40e-15          2.4241e-13      1.20e-15    2.86e+00
   4        2.4053e-13   1.34e-15          2.4158e-13      8.93e-16    2.27e+00
   5        2.3979e-13   1.40e-15          2.4106e-13      7.52e-16    2.00e+00

num_dim=3, calls=20000, it_num=1, max_it_num=5 verb=0, alph=1.50,
mode=0, bins=50, boxes=1

       single.......iteration                   accumulated......results   
iteration     integral    sigma             integral         sigma     chi-sq/it

   1        2.4152e-13   4.23e-16          2.4152e-13      4.23e-16    0.00e+00
   2        2.4156e-13   4.11e-16          2.4154e-13      2.95e-16    5.88e-03
   3        2.4219e-13   4.07e-16          2.4176e-13      2.39e-16    8.30e-01
   4        2.4208e-13   4.31e-16          2.4184e-13      2.09e-16    6.93e-01
   5        2.4110e-13   4.33e-16          2.4170e-13      1.88e-16    1.11e+00
   5        2.4123e-13   4.32e-16          2.4162e-13      1.72e-16    1.09e+00
   5        2.4187e-13   4.34e-16          2.4166e-13      1.60e-16    9.54e-01
   5        2.4115e-13   4.42e-16          2.4160e-13      1.51e-16    9.82e-01
   5        2.4113e-13   4.49e-16          2.4155e-13      1.43e-16    9.80e-01
   5        2.4094e-13   4.60e-16          2.4150e-13      1.36e-16    1.05e+00
   5        2.4133e-13   4.82e-16          2.4148e-13      1.31e-16    9.54e-01
   5        2.4150e-13   4.90e-16          2.4149e-13      1.27e-16    8.67e-01
   5        2.4199e-13   5.15e-16          2.4151e-13      1.23e-16    8.69e-01
   5        2.4126e-13   5.38e-16          2.4150e-13      1.20e-16    8.19e-01
   5        2.4158e-13   5.69e-16          2.4150e-13      1.17e-16    7.62e-01
   5        2.4082e-13   5.87e-16          2.4148e-13      1.15e-16    7.98e-01
   5        2.4094e-13   5.94e-16          2.4146e-13      1.13e-16    7.97e-01
   5        2.4190e-13   6.07e-16          2.4147e-13      1.11e-16    7.81e-01
   5        2.4222e-13   6.53e-16          2.4150e-13      1.10e-16    8.07e-01
   5        2.4253e-13   6.33e-16          2.4153e-13      1.08e-16    9.01e-01
   5        2.4104e-13   6.45e-16          2.4151e-13      1.06e-16    8.83e-01
   5        2.4189e-13   6.60e-16          2.4152e-13      1.05e-16    8.57e-01
   5        2.4198e-13   6.82e-16          2.4153e-13      1.04e-16    8.38e-01
   5        2.4161e-13   7.22e-16          2.4153e-13      1.03e-16    8.02e-01
   5        2.4240e-13   7.33e-16          2.4155e-13      1.02e-16    8.26e-01
   5        2.4113e-13   7.40e-16          2.4154e-13      1.01e-16    8.05e-01
   5        2.4336e-13   7.63e-16          2.4157e-13      1.00e-16    9.89e-01
   5        2.4153e-13   7.36e-16          2.4157e-13      9.91e-17    9.52e-01
   5        2.4137e-13   7.54e-16          2.4157e-13      9.83e-17    9.21e-01
   5        2.4175e-13   7.79e-16          2.4157e-13      9.75e-17    8.91e-01
   5        2.4122e-13   7.78e-16          2.4157e-13      9.67e-17    8.68e-01
   5        2.4143e-13   8.07e-16          2.4157e-13      9.60e-17    8.41e-01
   5        2.4248e-13   7.80e-16          2.4158e-13      9.53e-17    8.57e-01
   5        2.4087e-13   8.02e-16          2.4157e-13      9.47e-17    8.54e-01
   5        2.4020e-13   7.94e-16          2.4155e-13      9.40e-17    9.15e-01
   5        2.4226e-13   8.09e-16          2.4156e-13      9.34e-17    9.11e-01
   5        2.3941e-13   8.07e-16          2.4153e-13      9.27e-17    1.08e+00
   5        2.4065e-13   8.28e-16          2.4152e-13      9.22e-17    1.08e+00
   5        2.4237e-13   8.13e-16          2.4153e-13      9.16e-17    1.08e+00
   5        2.4140e-13   8.26e-16          2.4153e-13      9.10e-17    1.05e+00
   5        2.4179e-13   8.41e-16          2.4153e-13      9.05e-17    1.03e+00
   5        2.4124e-13   8.45e-16          2.4153e-13      9.00e-17    1.01e+00
   5        2.4325e-13   8.66e-16          2.4155e-13      8.95e-17    1.08e+00
   5        2.4208e-13   8.59e-16          2.4155e-13      8.90e-17    1.06e+00
   5        2.4066e-13   8.79e-16          2.4154e-13      8.86e-17    1.06e+00
   5        2.4148e-13   8.93e-16          2.4154e-13      8.81e-17    1.04e+00
   5        2.4280e-13   9.31e-16          2.4155e-13      8.77e-17    1.05e+00
   5        2.3952e-13   9.11e-16          2.4154e-13      8.73e-17    1.14e+00
   5        2.4350e-13   9.38e-16          2.4155e-13      8.70e-17    1.20e+00
   5        2.4307e-13   9.25e-16          2.4157e-13      8.66e-17    1.23e+00
   5        2.4145e-13   9.24e-16          2.4157e-13      8.62e-17    1.21e+00
   5        2.3959e-13   9.29e-16          2.4155e-13      8.58e-17    1.27e+00
   5        2.4165e-13   9.54e-16          2.4155e-13      8.55e-17    1.25e+00
   5        2.4180e-13   9.76e-16          2.4155e-13      8.52e-17    1.23e+00
   5        2.4313e-13   9.55e-16          2.4156e-13      8.48e-17    1.25e+00
LO = (2.4156346e-13 +- 8.4820427e-17) pb

*******************************************
* virtual corrections + integrated dipole *
*******************************************
The limits of integration are:

xl[0]=0.000000    xu[0]=1.000000
xl[1]=0.000000    xu[1]=1.000000
xl[2]=0.000000    xu[2]=1.000000

num_dim=3, calls=240, it_num=1, max_it_num=5 verb=0, alph=1.50,
mode=0, bins=50, boxes=1

       single.......iteration                   accumulated......results   
iteration     integral    sigma             integral         sigma     chi-sq/it

   1        2.5471e-14   2.19e-15          2.5471e-14      2.19e-15    0.00e+00
   2        2.7758e-14   1.25e-15          2.7194e-14      1.09e-15    8.19e-01
   3        2.9929e-14   7.81e-16          2.9001e-14      6.34e-16    2.49e+00
   4        3.0237e-14   5.53e-16          2.9704e-14      4.17e-16    2.38e+00
   5        3.1043e-14   6.91e-16          3.0061e-14      3.57e-16    2.47e+00

num_dim=3, calls=1200, it_num=1, max_it_num=3 verb=0, alph=1.50,
mode=0, bins=50, boxes=1

       single.......iteration                   accumulated......results   
iteration     integral    sigma             integral         sigma     chi-sq/it

   1        2.9129e-14   2.99e-16          2.9129e-14      2.99e-16    0.00e+00
   2        2.9801e-14   2.35e-16          2.9545e-14      1.85e-16    3.12e+00
   3        2.9595e-14   2.22e-16          2.9565e-14      1.42e-16    1.57e+00
   3        3.0228e-14   2.26e-16          2.9753e-14      1.20e-16    3.11e+00
   3        2.9411e-14   2.28e-16          2.9679e-14      1.06e-16    2.77e+00
   3        2.9789e-14   2.28e-16          2.9699e-14      9.63e-17    2.26e+00
   3        2.9353e-14   2.40e-16          2.9651e-14      8.94e-17    2.18e+00
   3        2.9942e-14   2.25e-16          2.9691e-14      8.31e-17    2.07e+00
   3        2.9911e-14   2.18e-16          2.9719e-14      7.76e-17    1.93e+00
   3        2.9638e-14   2.22e-16          2.9710e-14      7.32e-17    1.73e+00
   3        2.9669e-14   2.33e-16          2.9706e-14      6.99e-17    1.56e+00
   3        2.9777e-14   2.34e-16          2.9712e-14      6.69e-17    1.42e+00
vNLO = (2.9711965e-14 +- 6.6940351e-17) pb

*****************************
* collinear remainder (P+K) *
*****************************
The limits of integration are:

xl[0]=0.000000    xu[0]=1.000000
xl[1]=0.000000    xu[1]=1.000000
xl[2]=0.000000    xu[2]=1.000000
xl[3]=0.000000    xu[3]=1.000000

num_dim=4, calls=2500, it_num=1, max_it_num=5 verb=0, alph=1.50,
mode=0, bins=50, boxes=1

       single.......iteration                   accumulated......results   
iteration     integral    sigma             integral         sigma     chi-sq/it

   1        3.6111e-14   2.01e-15          3.6111e-14      2.01e-15    0.00e+00
   2        3.6146e-14   8.04e-16          3.6141e-14      7.46e-16    2.62e-04
   3        3.6255e-14   6.59e-16          3.6205e-14      4.94e-16    6.61e-03
   4        3.6369e-14   6.39e-16          3.6267e-14      3.91e-16    1.82e-02
   5        3.6948e-14   6.32e-16          3.6455e-14      3.32e-16    2.24e-01

num_dim=4, calls=25000, it_num=1, max_it_num=3 verb=0, alph=1.50,
mode=0, bins=50, boxes=1

       single.......iteration                   accumulated......results   
iteration     integral    sigma             integral         sigma     chi-sq/it

   1        3.6917e-14   1.96e-16          3.6917e-14      1.96e-16    0.00e+00
   2        3.6969e-14   1.95e-16          3.6943e-14      1.38e-16    3.48e-02
   3        3.6427e-14   1.96e-16          3.6772e-14      1.13e-16    2.33e+00
   3        3.6683e-14   1.97e-16          3.6750e-14      9.80e-17    1.60e+00
   3        3.6386e-14   1.98e-16          3.6679e-14      8.79e-17    1.88e+00
   3        3.6347e-14   1.97e-16          3.6624e-14      8.03e-17    1.97e+00
   3        3.6467e-14   1.97e-16          3.6602e-14      7.43e-17    1.74e+00
   3        3.6578e-14   1.98e-16          3.6599e-14      6.96e-17    1.49e+00
P+K = (3.6598678e-14 +- 6.9595346e-17) pb

********************************
* real gluon emission - dipole *
********************************
The limits of integration are:

xl[0]=0.000000    xu[0]=1.000000
xl[1]=0.000000    xu[1]=1.000000
xl[2]=0.000000    xu[2]=1.000000
xl[3]=0.000000    xu[3]=1.000000
xl[4]=0.000000    xu[4]=1.000000
xl[5]=0.000000    xu[5]=1.000000

num_dim=6, calls=250, it_num=1, max_it_num=5 verb=0, alph=1.50,
mode=0, bins=50, boxes=1

       single.......iteration                   accumulated......results   
iteration     integral    sigma             integral         sigma     chi-sq/it

   1        -3.6124e-16   1.25e-16          -3.6124e-16      1.25e-16    0.00e+00
   2        -4.0236e-16   9.19e-17          -3.8787e-16      7.40e-17    7.05e-02
   3        -2.6054e-16   3.08e-17          -2.7938e-16      2.85e-17    1.30e+00
   4        -2.9059e-16   2.78e-17          -2.8513e-16      1.99e-17    8.91e-01
   5        -3.4078e-16   3.60e-17          -2.9813e-16      1.74e-17    1.13e+00

num_dim=6, calls=2500, it_num=1, max_it_num=3 verb=0, alph=1.50,
mode=0, bins=50, boxes=1

       single.......iteration                   accumulated......results   
iteration     integral    sigma             integral         sigma     chi-sq/it

   1        -3.2320e-16   9.66e-18          -3.2320e-16      9.66e-18    0.00e+00
   2        -3.2396e-16   5.52e-18          -3.2377e-16      4.79e-18    4.59e-03
   3        -3.2270e-16   4.72e-18          -3.2323e-16      3.36e-18    1.50e-02
rNLOg = (-3.2322702e-16 +- 3.3626205e-18) pb

**************************************************
* real light quark emission - dipole - (onshell) *
**************************************************
The limits of integration are:

xl[0]=0.000000    xu[0]=1.000000
xl[1]=0.000000    xu[1]=1.000000
xl[2]=0.000000    xu[2]=1.000000
xl[3]=0.000000    xu[3]=1.000000
xl[4]=0.000000    xu[4]=1.000000
xl[5]=0.000000    xu[5]=1.000000

num_dim=6, calls=5000, it_num=1, max_it_num=5 verb=0, alph=1.50,
mode=0, bins=50, boxes=1

       single.......iteration                   accumulated......results   
iteration     integral    sigma             integral         sigma     chi-sq/it

   1        6.2470e-16   3.86e-17          6.2470e-16      3.86e-17    0.00e+00
   2        6.2904e-16   1.29e-17          6.2860e-16      1.23e-17    1.14e-02
   3        6.0838e-16   6.66e-18          6.1298e-16      5.86e-18    1.05e+00
   4        6.0619e-16   4.78e-18          6.0891e-16      3.70e-18    9.71e-01
   5        6.0794e-16   4.28e-18          6.0849e-16      2.80e-18    7.36e-01

num_dim=6, calls=50000, it_num=1, max_it_num=5 verb=0, alph=1.50,
mode=0, bins=50, boxes=1

       single.......iteration                   accumulated......results   
iteration     integral    sigma             integral         sigma     chi-sq/it

   1        6.0705e-16   1.33e-18          6.0705e-16      1.33e-18    0.00e+00
   2        6.1095e-16   1.76e-18          6.0847e-16      1.06e-18    3.12e+00
   3        6.1199e-16   1.77e-18          6.0940e-16      9.10e-19    3.03e+00
   4        6.0927e-16   1.53e-18          6.0937e-16      7.82e-19    2.02e+00
   5        6.1045e-16   1.72e-18          6.0955e-16      7.12e-19    1.60e+00
rNLOq = (6.0955121e-16 +- 7.1240145e-19) pb
NLO = (3.0816042e-13 +- 1.2857232e-16) pb
#chisq/dof = 1.98464e-09
#status = success
#chisq/dof = 8.50411e-10
#status = success
#chisq/dof = 5.72419e-10
#status = success
#chisq/dof = 1.10093e-09
#status = success
#chisq/dof = 1.00847e-10
#status = success
#chisq/dof = 3.28309e-12
#status = success
#chisq/dof = 2.88154e-10
#status = success
#chisq/dof = 3.23614e-11
#status = success

*******************************************************
* threshold resummation (unimproved nnll) - expansion *
*******************************************************
The limits of integration are:

xl[0]=0.000000    xu[0]=1.000000
xl[1]=0.000000    xu[1]=1.000000
xl[2]=0.000000    xu[2]=1.000000

num_dim=3, calls=7000, it_num=1, max_it_num=5 verb=0, alph=1.50,
mode=0, bins=50, boxes=1

       single.......iteration                   accumulated......results   
iteration     integral    sigma             integral         sigma     chi-sq/it

   1        -3.2756e-15   1.57e-14          -3.2756e-15      1.57e-14    0.00e+00
   2        8.1009e-15   5.87e-15          6.7016e-15      5.50e-15    4.61e-01
   3        -6.2928e-15   5.11e-15          -2.6856e-16      3.75e-15    1.73e+00
   4        8.9653e-15   5.05e-15          3.0113e-15      3.01e-15    1.87e+00
   5        1.1367e-14   5.14e-15          5.1416e-15      2.60e-15    1.89e+00

num_dim=3, calls=35000, it_num=1, max_it_num=5 verb=0, alph=1.50,
mode=0, bins=50, boxes=1

       single.......iteration                   accumulated......results   
iteration     integral    sigma             integral         sigma     chi-sq/it

   1        4.8492e-15   2.28e-15          4.8492e-15      2.28e-15    0.00e+00
   2        7.6587e-15   2.27e-15          6.2588e-15      1.61e-15    7.65e-01
   3        9.5312e-15   2.27e-15          7.3506e-15      1.31e-15    1.07e+00
   4        4.8658e-15   2.28e-15          6.7327e-15      1.14e-15    1.01e+00
   5        2.6579e-15   2.28e-15          5.9238e-15      1.02e-15    1.40e+00
   5        4.5229e-15   2.28e-15          5.6914e-15      9.29e-16    1.18e+00
   5        3.2509e-15   2.28e-15          5.3444e-15      8.61e-16    1.15e+00
   5        5.1052e-15   2.30e-15          5.3149e-15      8.06e-16    9.85e-01
   5        2.6675e-15   2.28e-15          5.0216e-15      7.60e-16    1.01e+00
   5        3.2471e-15   2.28e-15          4.8439e-15      7.21e-16    9.60e-01
   5        2.6943e-15   2.28e-15          4.6482e-15      6.87e-16    9.45e-01
   5        3.2214e-15   2.29e-15          4.5304e-15      6.58e-16    8.91e-01
   5        5.7380e-15   2.30e-15          4.6221e-15      6.33e-16    8.38e-01
   5        7.8381e-15   2.29e-15          4.8503e-15      6.10e-16    9.15e-01
   5        6.3369e-15   2.29e-15          4.9491e-15      5.89e-16    8.78e-01
   5        2.2563e-15   2.28e-15          4.7810e-15      5.71e-16    9.06e-01
   5        4.6931e-16   2.29e-15          4.5294e-15      5.54e-16    1.06e+00
   5        3.3368e-15   2.31e-15          4.4645e-15      5.38e-16    1.01e+00
   5        6.8601e-15   2.30e-15          4.5886e-15      5.24e-16    1.01e+00
   5        3.8704e-15   2.31e-15          4.5535e-15      5.11e-16    9.63e-01
   5        3.3669e-15   2.33e-15          4.4988e-15      4.99e-16    9.27e-01
   5        4.9636e-15   2.34e-15          4.5191e-15      4.88e-16    8.85e-01
   5        2.4284e-15   2.34e-15          4.4318e-15      4.78e-16    8.79e-01
   5        6.2460e-15   2.35e-15          4.5037e-15      4.69e-16    8.66e-01
   5        8.5496e-16   2.37e-15          4.3662e-15      4.60e-16    9.25e-01
   5        4.3590e-15   2.34e-15          4.3659e-15      4.51e-16    8.88e-01
   5        4.4109e-15   2.37e-15          4.3675e-15      4.43e-16    8.54e-01
   5        5.3854e-15   2.38e-15          4.4016e-15      4.36e-16    8.29e-01
   5        5.3593e-15   2.38e-15          4.4326e-15      4.28e-16    8.05e-01
   5        1.9216e-15   2.39e-15          4.3545e-15      4.22e-16    8.14e-01
   5        3.9405e-15   2.38e-15          4.3419e-15      4.15e-16    7.88e-01
   5        8.1121e-15   2.39e-15          4.4524e-15      4.09e-16    8.40e-01
   5        7.2686e-15   2.40e-15          4.5317e-15      4.03e-16    8.56e-01
   5        3.3981e-15   2.41e-15          4.5008e-15      3.98e-16    8.36e-01
   5        3.9835e-15   2.41e-15          4.4871e-15      3.93e-16    8.13e-01
   5        6.3354e-15   2.42e-15          4.5343e-15      3.87e-16    8.06e-01
   5        3.8377e-15   2.44e-15          4.5171e-15      3.83e-16    7.86e-01
   5        3.5241e-15   2.44e-15          4.4932e-15      3.78e-16    7.69e-01
   5        2.6497e-15   2.43e-15          4.4495e-15      3.74e-16    7.63e-01
   5        1.3877e-15   2.43e-15          4.3790e-15      3.69e-16    7.84e-01
   5        -1.4039e-16   2.45e-15          4.2791e-15      3.65e-16    8.47e-01
   5        3.0319e-15   2.44e-15          4.2517e-15      3.61e-16    8.32e-01
   5        4.6262e-15   2.46e-15          4.2596e-15      3.57e-16    8.13e-01
   5        7.1779e-16   2.46e-15          4.1865e-15      3.54e-16    8.41e-01
   5        1.9434e-15   2.46e-15          4.1410e-15      3.50e-16    8.41e-01
   5        4.0116e-16   2.47e-15          4.0674e-15      3.46e-16    8.72e-01
   5        6.1376e-15   2.49e-15          4.1067e-15      3.43e-16    8.68e-01
   5        5.9515e-15   2.48e-15          4.1412e-15      3.40e-16    8.61e-01
   5        1.0138e-15   2.43e-15          4.0814e-15      3.37e-16    8.77e-01
   5        5.5090e-15   2.44e-15          4.1081e-15      3.34e-16    8.66e-01
   5        3.9398e-15   2.48e-15          4.1051e-15      3.31e-16    8.48e-01
   5        7.3810e-15   2.49e-15          4.1620e-15      3.28e-16    8.65e-01
   5        2.1217e-15   2.47e-15          4.1268e-15      3.25e-16    8.62e-01
   5        3.9768e-15   2.50e-15          4.1243e-15      3.22e-16    8.45e-01
   5        4.5583e-15   2.49e-15          4.1314e-15      3.19e-16    8.30e-01
aNNLO+NNLL = (3.1229184e-13 +- 3.4433499e-16) pb

Results:
LO = (2.2818342e-13 +- 1.7153206e-16) pb
NLO = (3.0816042e-13 +- 1.2857232e-16) pb
aNNLO+NNLL = (3.1229184e-13 +- 3.4433499e-16) pb
Thanks for using LHAPDF 6.2.3. Please make sure to cite the paper:
  Eur.Phys.J. C75 (2015) 3, 132  (http://arxiv.org/abs/1412.7420)
 ====================================================
   FF 2.0, a package to evaluate one-loop integrals
 written by G. J. van Oldenborgh, NIKHEF-H, Amsterdam
 ====================================================
 for the algorithms used see preprint NIKHEF-H 89/17,
 'New Algorithms for One-loop Integrals', by G.J. van
 Oldenborgh and J.A.M. Vermaseren, published in 
 Zeitschrift fuer Physik C46(1990)425.
 ====================================================
 
total number of errors and warnings
===================================
fferr: no errors
 
