
  Welcome to Resummino git-latest
  Copyright 2008-2010 Jonathan Debove.
  Copyright 2011-2014 David R. Lamprea.
  Copyright 2011-2016 Marcel Rothering.

  Licensed under the EUPL 1.1 or later.
  See http://www.resummino.org/ for more information.

  If using Resummino for slepton pair production, please cite.
  - G. Bozzi, B. Fuks, M. Klasen, PRD 74, 015001 (2006); NPB 777, 157 (2007); NPB 794, 46 (2007).
  - B. Fuks, M. Klasen, D. R. Lamprea, M. Rothering, EPJC 73, 2480 (2013).

  For gaugino pair production, please cite:
  - J. Debove, B. Fuks, M. Klasen, PLB 688, 208 (2010); NPB 842, 51 (2011); NPB 849, 64 (2011).
  - B. Fuks, M. Klasen, D. R. Lamprea, M. Rothering, JHEP 1210, 081 (2012); EPJC 73, 2480 (2013).

  For associated gaugino gluino production, please cite:
  - B. Fuks, M. Klasen, M. Rothering, JHEP 07:053, (2016).
  - B. Fuks, M. Klasen, D. R. Lamprea, M. Rothering, EPJC 73, 2480 (2013).

LHAPDF 6.2.3 loading /pool/condor/dir_46627/resummino-releases/lhapdf-prefix/share/LHAPDF/PDF4LHC21_40/PDF4LHC21_40_0000.dat
PDF4LHC21_40 PDF set, member #0, version 1
 alpha_s(M_Z^2) = 0.1180 	 for LO PDF set 
 alpha_s(1300.000^2) = 0.0844 	 for LO PDF set 

********************
* LO cross section *
********************
The limits of integration are:

xl[0]=0.000000    xu[0]=1.000000
xl[1]=0.000000    xu[1]=1.000000
xl[2]=0.000000    xu[2]=1.000000

num_dim=3, calls=2000, it_num=1, max_it_num=5 verb=0, alph=1.50,
mode=0, bins=50, boxes=1

       single.......iteration                   accumulated......results   
iteration     integral    sigma             integral         sigma     chi-sq/it

   1        5.6638e-13   1.74e-14          5.6638e-13      1.74e-14    0.00e+00
   2        5.9700e-13   6.26e-15          5.9349e-13      5.89e-15    2.74e+00
   3        6.0459e-13   3.44e-15          6.0177e-13      2.97e-15    2.69e+00
   4        5.9755e-13   3.24e-15          5.9984e-13      2.19e-15    2.10e+00
   5        5.9518e-13   3.38e-15          5.9846e-13      1.84e-15    1.91e+00

num_dim=3, calls=20000, it_num=1, max_it_num=5 verb=0, alph=1.50,
mode=0, bins=50, boxes=1

       single.......iteration                   accumulated......results   
iteration     integral    sigma             integral         sigma     chi-sq/it

   1        5.9963e-13   1.03e-15          5.9963e-13      1.03e-15    0.00e+00
   2        5.9959e-13   1.00e-15          5.9961e-13      7.20e-16    8.40e-04
   3        6.0115e-13   9.97e-16          6.0014e-13      5.84e-16    7.85e-01
   4        6.0095e-13   1.05e-15          6.0033e-13      5.11e-16    6.74e-01
   5        5.9868e-13   1.06e-15          6.0002e-13      4.60e-16    1.00e+00
LO = (6.0001910e-13 +- 4.5964769e-16) pb
LHAPDF 6.2.3 loading /pool/condor/dir_46627/resummino-releases/lhapdf-prefix/share/LHAPDF/PDF4LHC21_40/PDF4LHC21_40_0030.dat
PDF4LHC21_40 PDF set, member #30, version 1
 alpha_s(M_Z^2) = 0.1180 	 for NLO PDF set 
 alpha_s(1300.000^2) = 0.0844 	 for NLO PDF set 

********************
* LO cross section *
********************
The limits of integration are:

xl[0]=0.000000    xu[0]=1.000000
xl[1]=0.000000    xu[1]=1.000000
xl[2]=0.000000    xu[2]=1.000000

num_dim=3, calls=2000, it_num=1, max_it_num=5 verb=0, alph=1.50,
mode=0, bins=50, boxes=1

       single.......iteration                   accumulated......results   
iteration     integral    sigma             integral         sigma     chi-sq/it

   1        5.9112e-13   1.77e-14          5.9112e-13      1.77e-14    0.00e+00
   2        6.2150e-13   6.60e-15          6.1780e-13      6.19e-15    2.58e+00
   3        6.3023e-13   3.83e-15          6.2679e-13      3.26e-15    2.75e+00
   4        6.2238e-13   3.71e-15          6.2487e-13      2.45e-15    2.10e+00
   5        6.1886e-13   3.89e-15          6.2316e-13      2.07e-15    2.00e+00

num_dim=3, calls=20000, it_num=1, max_it_num=5 verb=0, alph=1.50,
mode=0, bins=50, boxes=1

       single.......iteration                   accumulated......results   
iteration     integral    sigma             integral         sigma     chi-sq/it

   1        6.2470e-13   1.17e-15          6.2470e-13      1.17e-15    0.00e+00
   2        6.2516e-13   1.13e-15          6.2493e-13      8.11e-16    8.01e-02
   3        6.2681e-13   1.12e-15          6.2558e-13      6.58e-16    9.61e-01
   4        6.2635e-13   1.19e-15          6.2576e-13      5.75e-16    7.50e-01
   5        6.2387e-13   1.19e-15          6.2540e-13      5.18e-16    1.07e+00
   5        6.2411e-13   1.19e-15          6.2520e-13      4.75e-16    1.05e+00
   5        6.2566e-13   1.19e-15          6.2526e-13      4.41e-16    9.01e-01
   5        6.2385e-13   1.21e-15          6.2510e-13      4.15e-16    9.42e-01
   5        6.2391e-13   1.23e-15          6.2498e-13      3.93e-16    9.28e-01
   5        6.2329e-13   1.27e-15          6.2483e-13      3.75e-16    1.00e+00
   5        6.2468e-13   1.31e-15          6.2482e-13      3.61e-16    9.05e-01
   5        6.2498e-13   1.33e-15          6.2483e-13      3.48e-16    8.24e-01
   5        6.2626e-13   1.40e-15          6.2491e-13      3.38e-16    8.38e-01
   5        6.2402e-13   1.45e-15          6.2486e-13      3.29e-16    8.01e-01
   5        6.2515e-13   1.53e-15          6.2488e-13      3.22e-16    7.46e-01
   5        6.2323e-13   1.57e-15          6.2481e-13      3.15e-16    7.67e-01
   5        6.2340e-13   1.59e-15          6.2476e-13      3.09e-16    7.66e-01
   5        6.2561e-13   1.63e-15          6.2479e-13      3.04e-16    7.37e-01
   5        6.2668e-13   1.74e-15          6.2484e-13      2.99e-16    7.59e-01
   5        6.2755e-13   1.68e-15          6.2493e-13      2.95e-16    8.51e-01
   5        6.2381e-13   1.72e-15          6.2489e-13      2.90e-16    8.29e-01
   5        6.2576e-13   1.75e-15          6.2492e-13      2.86e-16    8.01e-01
   5        6.2604e-13   1.80e-15          6.2495e-13      2.83e-16    7.82e-01
   5        6.2546e-13   1.92e-15          6.2496e-13      2.80e-16    7.51e-01
   5        6.2721e-13   1.92e-15          6.2500e-13      2.77e-16    7.76e-01
   5        6.2394e-13   1.95e-15          6.2498e-13      2.74e-16    7.57e-01
   5        6.2972e-13   2.02e-15          6.2507e-13      2.72e-16    9.37e-01
   5        6.2495e-13   1.97e-15          6.2507e-13      2.69e-16    9.02e-01
   5        6.2439e-13   2.02e-15          6.2505e-13      2.67e-16    8.74e-01
   5        6.2567e-13   2.07e-15          6.2506e-13      2.65e-16    8.47e-01
   5        6.2401e-13   2.08e-15          6.2505e-13      2.62e-16    8.27e-01
   5        6.2460e-13   2.17e-15          6.2504e-13      2.61e-16    8.02e-01
   5        6.2746e-13   2.09e-15          6.2508e-13      2.59e-16    8.18e-01
   5        6.2351e-13   2.15e-15          6.2506e-13      2.57e-16    8.09e-01
   5        6.2153e-13   2.09e-15          6.2500e-13      2.55e-16    8.67e-01
   5        6.2712e-13   2.13e-15          6.2503e-13      2.53e-16    8.70e-01
   5        6.1910e-13   2.13e-15          6.2495e-13      2.51e-16    1.06e+00
   5        6.2230e-13   2.17e-15          6.2492e-13      2.50e-16    1.07e+00
   5        6.2689e-13   2.16e-15          6.2494e-13      2.48e-16    1.06e+00
   5        6.2480e-13   2.21e-15          6.2494e-13      2.46e-16    1.04e+00
   5        6.2600e-13   2.25e-15          6.2495e-13      2.45e-16    1.02e+00
   5        6.2464e-13   2.23e-15          6.2495e-13      2.43e-16    9.92e-01
   5        6.2956e-13   2.27e-15          6.2500e-13      2.42e-16    1.07e+00
   5        6.2644e-13   2.27e-15          6.2502e-13      2.41e-16    1.05e+00
   5        6.2253e-13   2.34e-15          6.2499e-13      2.39e-16    1.05e+00
   5        6.2480e-13   2.38e-15          6.2499e-13      2.38e-16    1.03e+00
   5        6.2821e-13   2.45e-15          6.2502e-13      2.37e-16    1.04e+00
   5        6.1992e-13   2.41e-15          6.2497e-13      2.36e-16    1.12e+00
   5        6.3016e-13   2.49e-15          6.2502e-13      2.35e-16    1.18e+00
   5        6.2892e-13   2.46e-15          6.2505e-13      2.34e-16    1.21e+00
   5        6.2461e-13   2.46e-15          6.2505e-13      2.33e-16    1.19e+00
   5        6.1992e-13   2.47e-15          6.2500e-13      2.32e-16    1.25e+00
   5        6.2507e-13   2.54e-15          6.2500e-13      2.31e-16    1.22e+00
   5        6.2551e-13   2.60e-15          6.2501e-13      2.30e-16    1.20e+00
   5        6.2921e-13   2.55e-15          6.2504e-13      2.29e-16    1.23e+00
LO = (6.2504100e-13 +- 2.2895482e-16) pb

*******************************************
* virtual corrections + integrated dipole *
*******************************************
The limits of integration are:

xl[0]=0.000000    xu[0]=1.000000
xl[1]=0.000000    xu[1]=1.000000
xl[2]=0.000000    xu[2]=1.000000

num_dim=3, calls=240, it_num=1, max_it_num=5 verb=0, alph=1.50,
mode=0, bins=50, boxes=1

       single.......iteration                   accumulated......results   
iteration     integral    sigma             integral         sigma     chi-sq/it

   1        6.6639e-14   5.89e-15          6.6639e-14      5.89e-15    0.00e+00
   2        7.3469e-14   3.45e-15          7.1722e-14      2.98e-15    1.00e+00
   3        7.8677e-14   2.18e-15          7.6253e-14      1.76e-15    2.27e+00
   4        7.9740e-14   1.49e-15          7.8287e-14      1.14e-15    2.28e+00
   5        8.2098e-14   1.87e-15          7.9316e-14      9.70e-16    2.47e+00

num_dim=3, calls=1200, it_num=1, max_it_num=3 verb=0, alph=1.50,
mode=0, bins=50, boxes=1

       single.......iteration                   accumulated......results   
iteration     integral    sigma             integral         sigma     chi-sq/it

   1        7.6820e-14   8.21e-16          7.6820e-14      8.21e-16    0.00e+00
   2        7.8734e-14   6.59e-16          7.7985e-14      5.14e-16    3.31e+00
   3        7.8101e-14   6.23e-16          7.8032e-14      3.96e-16    1.66e+00
   3        7.9889e-14   6.28e-16          7.8561e-14      3.35e-16    3.19e+00
   3        7.7755e-14   6.33e-16          7.8384e-14      2.96e-16    2.71e+00
   3        7.8633e-14   6.46e-16          7.8428e-14      2.69e-16    2.19e+00
   3        7.7335e-14   6.79e-16          7.8279e-14      2.50e-16    2.20e+00
   3        7.9144e-14   6.37e-16          7.8395e-14      2.33e-16    2.11e+00
   3        7.9206e-14   6.11e-16          7.8498e-14      2.18e-16    2.04e+00
   3        7.8367e-14   6.26e-16          7.8484e-14      2.06e-16    1.82e+00
   3        7.8344e-14   6.52e-16          7.8471e-14      1.96e-16    1.64e+00
   3        7.8646e-14   6.54e-16          7.8485e-14      1.88e-16    1.50e+00
vNLO = (7.8485387e-14 +- 1.8784613e-16) pb

*****************************
* collinear remainder (P+K) *
*****************************
The limits of integration are:

xl[0]=0.000000    xu[0]=1.000000
xl[1]=0.000000    xu[1]=1.000000
xl[2]=0.000000    xu[2]=1.000000
xl[3]=0.000000    xu[3]=1.000000

num_dim=4, calls=2500, it_num=1, max_it_num=5 verb=0, alph=1.50,
mode=0, bins=50, boxes=1

       single.......iteration                   accumulated......results   
iteration     integral    sigma             integral         sigma     chi-sq/it

   1        8.0355e-14   5.08e-15          8.0355e-14      5.08e-15    0.00e+00
   2        8.0558e-14   2.05e-15          8.0530e-14      1.90e-15    1.37e-03
   3        8.0900e-14   1.71e-15          8.0734e-14      1.27e-15    1.12e-02
   4        8.1281e-14   1.66e-15          8.0936e-14      1.01e-15    3.03e-02
   5        8.3069e-14   1.64e-15          8.1522e-14      8.60e-16    3.29e-01

num_dim=4, calls=25000, it_num=1, max_it_num=3 verb=0, alph=1.50,
mode=0, bins=50, boxes=1

       single.......iteration                   accumulated......results   
iteration     integral    sigma             integral         sigma     chi-sq/it

   1        8.2868e-14   5.11e-16          8.2868e-14      5.11e-16    0.00e+00
   2        8.2922e-14   5.08e-16          8.2895e-14      3.61e-16    5.66e-03
   3        8.1512e-14   5.13e-16          8.2438e-14      2.95e-16    2.44e+00
   3        8.2270e-14   5.13e-16          8.2396e-14      2.56e-16    1.65e+00
   3        8.1416e-14   5.17e-16          8.2203e-14      2.29e-16    1.96e+00
   3        8.1312e-14   5.15e-16          8.2056e-14      2.09e-16    2.07e+00
   3        8.1581e-14   5.16e-16          8.1989e-14      1.94e-16    1.85e+00
   3        8.2022e-14   5.16e-16          8.1993e-14      1.82e-16    1.58e+00
   3        8.2094e-14   5.21e-16          8.2004e-14      1.71e-16    1.39e+00
P+K = (8.2003676e-14 +- 1.7145768e-16) pb

********************************
* real gluon emission - dipole *
********************************
The limits of integration are:

xl[0]=0.000000    xu[0]=1.000000
xl[1]=0.000000    xu[1]=1.000000
xl[2]=0.000000    xu[2]=1.000000
xl[3]=0.000000    xu[3]=1.000000
xl[4]=0.000000    xu[4]=1.000000
xl[5]=0.000000    xu[5]=1.000000

num_dim=6, calls=250, it_num=1, max_it_num=5 verb=0, alph=1.50,
mode=0, bins=50, boxes=1

       single.......iteration                   accumulated......results   
iteration     integral    sigma             integral         sigma     chi-sq/it

   1        -1.1605e-15   4.11e-16          -1.1605e-15      4.11e-16    0.00e+00
   2        -1.2917e-15   3.27e-16          -1.2409e-15      2.56e-16    6.24e-02
   3        -7.7095e-16   8.46e-17          -8.1728e-16      8.03e-17    1.55e+00
   4        -9.6251e-16   1.08e-16          -8.6930e-16      6.44e-17    1.42e+00
   5        -1.0515e-15   8.94e-17          -9.3145e-16      5.22e-17    1.75e+00

num_dim=6, calls=2500, it_num=1, max_it_num=3 verb=0, alph=1.50,
mode=0, bins=50, boxes=1

       single.......iteration                   accumulated......results   
iteration     integral    sigma             integral         sigma     chi-sq/it

   1        -1.0099e-15   2.84e-17          -1.0099e-15      2.84e-17    0.00e+00
   2        -9.9009e-16   1.53e-17          -9.9454e-16      1.35e-17    3.78e-01
   3        -1.0172e-15   1.69e-17          -1.0033e-15      1.05e-17    7.37e-01
rNLOg = (-1.0033178e-15 +- 1.0530431e-17) pb

**************************************************
* real light quark emission - dipole - (onshell) *
**************************************************
The limits of integration are:

xl[0]=0.000000    xu[0]=1.000000
xl[1]=0.000000    xu[1]=1.000000
xl[2]=0.000000    xu[2]=1.000000
xl[3]=0.000000    xu[3]=1.000000
xl[4]=0.000000    xu[4]=1.000000
xl[5]=0.000000    xu[5]=1.000000

num_dim=6, calls=5000, it_num=1, max_it_num=5 verb=0, alph=1.50,
mode=0, bins=50, boxes=1

       single.......iteration                   accumulated......results   
iteration     integral    sigma             integral         sigma     chi-sq/it

   1        2.0109e-15   1.32e-16          2.0109e-15      1.32e-16    0.00e+00
   2        2.0594e-15   4.03e-17          2.0553e-15      3.86e-17    1.24e-01
   3        1.9922e-15   2.22e-17          2.0079e-15      1.93e-17    1.07e+00
   4        1.9814e-15   1.71e-17          1.9931e-15      1.28e-17    1.06e+00
   5        1.9922e-15   1.48e-17          1.9927e-15      9.67e-18    7.98e-01

num_dim=6, calls=50000, it_num=1, max_it_num=5 verb=0, alph=1.50,
mode=0, bins=50, boxes=1

       single.......iteration                   accumulated......results   
iteration     integral    sigma             integral         sigma     chi-sq/it

   1        1.9903e-15   4.55e-18          1.9903e-15      4.55e-18    0.00e+00
   2        2.0042e-15   5.73e-18          1.9957e-15      3.56e-18    3.58e+00
   3        2.0083e-15   5.86e-18          1.9991e-15      3.04e-18    3.47e+00
   4        1.9990e-15   5.31e-18          1.9991e-15      2.64e-18    2.32e+00
   5        2.0032e-15   5.84e-18          1.9998e-15      2.41e-18    1.84e+00
   5        1.9958e-15   5.05e-18          1.9990e-15      2.17e-18    1.57e+00
   5        1.9917e-15   4.42e-18          1.9976e-15      1.95e-18    1.68e+00
   5        2.0019e-15   4.36e-18          1.9983e-15      1.78e-18    1.56e+00
   5        2.0109e-15   4.86e-18          1.9998e-15      1.67e-18    2.10e+00
   5        2.0093e-15   5.15e-18          2.0007e-15      1.59e-18    2.21e+00
   5        2.0083e-15   4.68e-18          2.0015e-15      1.51e-18    2.22e+00
   5        1.9979e-15   6.76e-18          2.0013e-15      1.47e-18    2.05e+00
   5        2.0151e-15   6.17e-18          2.0021e-15      1.43e-18    2.27e+00
   5        2.0050e-15   5.15e-18          2.0023e-15      1.38e-18    2.12e+00
   5        2.0002e-15   4.84e-18          2.0021e-15      1.32e-18    1.98e+00
   5        1.9980e-15   5.00e-18          2.0019e-15      1.28e-18    1.89e+00
   5        2.0042e-15   4.74e-18          2.0020e-15      1.24e-18    1.79e+00
   5        2.0030e-15   5.24e-18          2.0021e-15      1.20e-18    1.68e+00
   5        1.9914e-15   5.07e-18          2.0015e-15      1.17e-18    1.82e+00
   5        2.0055e-15   5.10e-18          2.0017e-15      1.14e-18    1.76e+00
   5        1.9960e-15   5.05e-18          2.0014e-15      1.11e-18    1.73e+00
   5        1.9976e-15   4.95e-18          2.0012e-15      1.09e-18    1.67e+00
   5        2.0175e-15   1.15e-17          2.0014e-15      1.08e-18    1.69e+00
   5        1.9913e-15   9.19e-18          2.0012e-15      1.07e-18    1.67e+00
   5        1.9975e-15   5.74e-18          2.0011e-15      1.06e-18    1.62e+00
   5        2.0090e-15   7.10e-18          2.0013e-15      1.04e-18    1.60e+00
   5        2.0220e-15   1.45e-17          2.0014e-15      1.04e-18    1.62e+00
   5        2.0047e-15   1.10e-17          2.0014e-15      1.04e-18    1.56e+00
   5        1.9921e-15   6.55e-18          2.0012e-15      1.02e-18    1.57e+00
   5        2.0054e-15   5.40e-18          2.0013e-15      1.01e-18    1.54e+00
   5        2.0026e-15   4.91e-18          2.0014e-15      9.85e-19    1.49e+00
rNLOq = (2.0013958e-15 +- 9.8541341e-19) pb
NLO = (7.8652814e-13 +- 3.4236833e-16) pb
#chisq/dof = 2.13638e-09
#status = success
#chisq/dof = 1.78657e-09
#status = success
#chisq/dof = 6.79375e-10
#status = success
#chisq/dof = 1.30713e-09
#status = success
#chisq/dof = 1.28405e-10
#status = success
#chisq/dof = 3.42821e-12
#status = success
#chisq/dof = 3.60035e-10
#status = success
#chisq/dof = 8.99023e-11
#status = success

*******************************************************
* threshold resummation (unimproved nnll) - expansion *
*******************************************************
The limits of integration are:

xl[0]=0.000000    xu[0]=1.000000
xl[1]=0.000000    xu[1]=1.000000
xl[2]=0.000000    xu[2]=1.000000

num_dim=3, calls=7000, it_num=1, max_it_num=5 verb=0, alph=1.50,
mode=0, bins=50, boxes=1

       single.......iteration                   accumulated......results   
iteration     integral    sigma             integral         sigma     chi-sq/it

   1        3.0869e-14   9.18e-14          3.0869e-14      9.18e-14    0.00e+00
   2        3.3845e-14   2.88e-14          3.3578e-14      2.75e-14    9.56e-04
   3        2.0055e-14   2.56e-14          2.6344e-14      1.87e-14    6.52e-02
   4        3.0678e-14   2.55e-14          2.7867e-14      1.51e-14    4.98e-02
   5        4.2494e-14   2.53e-14          3.1710e-14      1.30e-14    9.90e-02

num_dim=3, calls=35000, it_num=1, max_it_num=5 verb=0, alph=1.50,
mode=0, bins=50, boxes=1

       single.......iteration                   accumulated......results   
iteration     integral    sigma             integral         sigma     chi-sq/it

   1        7.8233e-15   1.13e-14          7.8233e-15      1.13e-14    0.00e+00
   2        8.5551e-15   1.12e-14          8.1915e-15      7.95e-15    2.12e-03
   3        -6.8072e-15   1.13e-14          3.2110e-15      6.50e-15    5.92e-01
   4        9.6401e-15   1.13e-14          4.8070e-15      5.64e-15    4.75e-01
   5        -4.8885e-15   1.12e-14          2.8579e-15      5.04e-15    5.05e-01
   5        -3.8589e-15   1.12e-14          1.7309e-15      4.60e-15    4.64e-01
   5        1.2161e-14   1.13e-14          3.2026e-15      4.26e-15    5.08e-01
   5        -1.3499e-14   1.14e-14          1.1501e-15      3.99e-15    7.05e-01
   5        5.5892e-15   1.13e-14          1.6401e-15      3.76e-15    6.34e-01
   5        -1.4879e-14   1.13e-14          4.4309e-19      3.57e-15    7.76e-01
aNNLO+NNLL = (7.8652858e-13 +- 3.5867886e-15) pb

Results:
LO = (6.0001910e-13 +- 4.5964769e-16) pb
NLO = (7.8652814e-13 +- 3.4236833e-16) pb
aNNLO+NNLL = (7.8652858e-13 +- 3.5867886e-15) pb
Thanks for using LHAPDF 6.2.3. Please make sure to cite the paper:
  Eur.Phys.J. C75 (2015) 3, 132  (http://arxiv.org/abs/1412.7420)
 ====================================================
   FF 2.0, a package to evaluate one-loop integrals
 written by G. J. van Oldenborgh, NIKHEF-H, Amsterdam
 ====================================================
 for the algorithms used see preprint NIKHEF-H 89/17,
 'New Algorithms for One-loop Integrals', by G.J. van
 Oldenborgh and J.A.M. Vermaseren, published in 
 Zeitschrift fuer Physik C46(1990)425.
 ====================================================
 
total number of errors and warnings
===================================
fferr: no errors
 
