
  Welcome to Resummino git-latest
  Copyright 2008-2010 Jonathan Debove.
  Copyright 2011-2014 David R. Lamprea.
  Copyright 2011-2016 Marcel Rothering.

  Licensed under the EUPL 1.1 or later.
  See http://www.resummino.org/ for more information.

  If using Resummino for slepton pair production, please cite.
  - G. Bozzi, B. Fuks, M. Klasen, PRD 74, 015001 (2006); NPB 777, 157 (2007); NPB 794, 46 (2007).
  - B. Fuks, M. Klasen, D. R. Lamprea, M. Rothering, EPJC 73, 2480 (2013).

  For gaugino pair production, please cite:
  - J. Debove, B. Fuks, M. Klasen, PLB 688, 208 (2010); NPB 842, 51 (2011); NPB 849, 64 (2011).
  - B. Fuks, M. Klasen, D. R. Lamprea, M. Rothering, JHEP 1210, 081 (2012); EPJC 73, 2480 (2013).

  For associated gaugino gluino production, please cite:
  - B. Fuks, M. Klasen, M. Rothering, JHEP 07:053, (2016).
  - B. Fuks, M. Klasen, D. R. Lamprea, M. Rothering, EPJC 73, 2480 (2013).

LHAPDF 6.2.3 loading /pool/condor/dir_110397/resummino-releases/lhapdf-prefix/share/LHAPDF/PDF4LHC21_40/PDF4LHC21_40_0000.dat
PDF4LHC21_40 PDF set, member #0, version 1
 alpha_s(M_Z^2) = 0.1180 	 for LO PDF set 
 alpha_s(700.000^2) = 0.0903 	 for LO PDF set 

********************
* LO cross section *
********************
The limits of integration are:

xl[0]=0.000000    xu[0]=1.000000
xl[1]=0.000000    xu[1]=1.000000
xl[2]=0.000000    xu[2]=1.000000

num_dim=3, calls=2000, it_num=1, max_it_num=5 verb=0, alph=1.50,
mode=0, bins=50, boxes=1

       single.......iteration                   accumulated......results   
iteration     integral    sigma             integral         sigma     chi-sq/it

   1        1.2152e-13   3.99e-15          1.2152e-13      3.99e-15    0.00e+00
   2        1.3029e-13   1.42e-15          1.2931e-13      1.33e-15    4.30e+00
   3        1.3147e-13   6.97e-16          1.3100e-13      6.18e-16    3.18e+00
   4        1.3062e-13   6.36e-16          1.3082e-13      4.43e-16    2.18e+00
   5        1.3073e-13   6.24e-16          1.3079e-13      3.61e-16    1.64e+00

num_dim=3, calls=20000, it_num=1, max_it_num=5 verb=0, alph=1.50,
mode=0, bins=50, boxes=1

       single.......iteration                   accumulated......results   
iteration     integral    sigma             integral         sigma     chi-sq/it

   1        1.3067e-13   2.00e-16          1.3067e-13      2.00e-16    0.00e+00
   2        1.3064e-13   1.92e-16          1.3065e-13      1.38e-16    7.97e-03
   3        1.3081e-13   1.85e-16          1.3071e-13      1.11e-16    2.23e-01
   4        1.3084e-13   1.97e-16          1.3074e-13      9.66e-17    2.62e-01
   5        1.3029e-13   2.04e-16          1.3066e-13      8.73e-17    1.21e+00
LO = (1.3065677e-13 +- 8.7335838e-17) pb
LHAPDF 6.2.3 loading /pool/condor/dir_110397/resummino-releases/lhapdf-prefix/share/LHAPDF/PDF4LHC21_40/PDF4LHC21_40_0000.dat
PDF4LHC21_40 PDF set, member #0, version 1
 alpha_s(M_Z^2) = 0.1180 	 for NLO PDF set 
 alpha_s(700.000^2) = 0.0903 	 for NLO PDF set 

********************
* LO cross section *
********************
The limits of integration are:

xl[0]=0.000000    xu[0]=1.000000
xl[1]=0.000000    xu[1]=1.000000
xl[2]=0.000000    xu[2]=1.000000

num_dim=3, calls=2000, it_num=1, max_it_num=5 verb=0, alph=1.50,
mode=0, bins=50, boxes=1

       single.......iteration                   accumulated......results   
iteration     integral    sigma             integral         sigma     chi-sq/it

   1        1.2152e-13   3.99e-15          1.2152e-13      3.99e-15    0.00e+00
   2        1.3029e-13   1.42e-15          1.2931e-13      1.33e-15    4.30e+00
   3        1.3147e-13   6.97e-16          1.3100e-13      6.18e-16    3.18e+00
   4        1.3062e-13   6.36e-16          1.3082e-13      4.43e-16    2.18e+00
   5        1.3073e-13   6.24e-16          1.3079e-13      3.61e-16    1.64e+00

num_dim=3, calls=20000, it_num=1, max_it_num=5 verb=0, alph=1.50,
mode=0, bins=50, boxes=1

       single.......iteration                   accumulated......results   
iteration     integral    sigma             integral         sigma     chi-sq/it

   1        1.3067e-13   2.00e-16          1.3067e-13      2.00e-16    0.00e+00
   2        1.3064e-13   1.92e-16          1.3065e-13      1.38e-16    7.97e-03
   3        1.3081e-13   1.85e-16          1.3071e-13      1.11e-16    2.23e-01
   4        1.3084e-13   1.97e-16          1.3074e-13      9.66e-17    2.62e-01
   5        1.3029e-13   2.04e-16          1.3066e-13      8.73e-17    1.21e+00
   5        1.3053e-13   2.01e-16          1.3064e-13      8.01e-17    1.04e+00
   5        1.3092e-13   2.00e-16          1.3068e-13      7.44e-17    1.16e+00
   5        1.3057e-13   2.07e-16          1.3066e-13      7.00e-17    1.03e+00
   5        1.3059e-13   2.08e-16          1.3066e-13      6.63e-17    9.14e-01
   5        1.3048e-13   2.11e-16          1.3064e-13      6.33e-17    8.85e-01
   5        1.3045e-13   2.22e-16          1.3063e-13      6.09e-17    8.61e-01
   5        1.3065e-13   2.25e-16          1.3063e-13      5.88e-17    7.84e-01
   5        1.3074e-13   2.35e-16          1.3063e-13      5.70e-17    7.37e-01
   5        1.3047e-13   2.50e-16          1.3063e-13      5.56e-17    7.13e-01
   5        1.3062e-13   2.63e-16          1.3063e-13      5.44e-17    6.62e-01
   5        1.3051e-13   2.76e-16          1.3062e-13      5.33e-17    6.29e-01
   5        1.3022e-13   2.75e-16          1.3061e-13      5.24e-17    7.19e-01
   5        1.3114e-13   2.84e-16          1.3062e-13      5.15e-17    8.74e-01
   5        1.3087e-13   3.05e-16          1.3063e-13      5.08e-17    8.61e-01
   5        1.3072e-13   3.00e-16          1.3063e-13      5.01e-17    8.20e-01
   5        1.3028e-13   3.18e-16          1.3062e-13      4.95e-17    8.40e-01
   5        1.3051e-13   3.31e-16          1.3062e-13      4.89e-17    8.06e-01
   5        1.3102e-13   3.30e-16          1.3063e-13      4.84e-17    8.33e-01
   5        1.3061e-13   3.56e-16          1.3063e-13      4.79e-17    7.97e-01
   5        1.3093e-13   3.57e-16          1.3064e-13      4.75e-17    7.92e-01
   5        1.3048e-13   3.71e-16          1.3063e-13      4.71e-17    7.67e-01
   5        1.3124e-13   4.02e-16          1.3064e-13      4.68e-17    8.25e-01
   5        1.3062e-13   3.72e-16          1.3064e-13      4.64e-17    7.94e-01
   5        1.3052e-13   3.80e-16          1.3064e-13      4.61e-17    7.69e-01
   5        1.3088e-13   4.00e-16          1.3064e-13      4.58e-17    7.56e-01
   5        1.3076e-13   3.97e-16          1.3064e-13      4.55e-17    7.33e-01
   5        1.3049e-13   4.17e-16          1.3064e-13      4.52e-17    7.14e-01
   5        1.3105e-13   4.17e-16          1.3065e-13      4.50e-17    7.22e-01
   5        1.3044e-13   4.39e-16          1.3064e-13      4.47e-17    7.06e-01
   5        1.3016e-13   4.34e-16          1.3064e-13      4.45e-17    7.22e-01
   5        1.3112e-13   4.48e-16          1.3064e-13      4.43e-17    7.35e-01
   5        1.2923e-13   4.39e-16          1.3063e-13      4.41e-17    9.99e-01
   5        1.2986e-13   4.54e-16          1.3062e-13      4.38e-17    1.05e+00
   5        1.3096e-13   4.63e-16          1.3063e-13      4.37e-17    1.03e+00
   5        1.3054e-13   4.75e-16          1.3063e-13      4.35e-17    1.01e+00
LO = (1.3062523e-13 +- 4.3470343e-17) pb

*******************************************
* virtual corrections + integrated dipole *
*******************************************
The limits of integration are:

xl[0]=0.000000    xu[0]=1.000000
xl[1]=0.000000    xu[1]=1.000000
xl[2]=0.000000    xu[2]=1.000000

num_dim=3, calls=240, it_num=1, max_it_num=5 verb=0, alph=1.50,
mode=0, bins=50, boxes=1

       single.......iteration                   accumulated......results   
iteration     integral    sigma             integral         sigma     chi-sq/it

   1        1.5053e-14   1.47e-15          1.5053e-14      1.47e-15    0.00e+00
   2        1.6123e-14   8.49e-16          1.5854e-14      7.35e-16    3.99e-01
   3        1.7661e-14   4.38e-16          1.7187e-14      3.76e-16    2.43e+00
   4        1.7903e-14   3.51e-16          1.7569e-14      2.57e-16    2.27e+00
   5        1.7982e-14   3.43e-16          1.7718e-14      2.06e-16    1.93e+00

num_dim=3, calls=1200, it_num=1, max_it_num=3 verb=0, alph=1.50,
mode=0, bins=50, boxes=1

       single.......iteration                   accumulated......results   
iteration     integral    sigma             integral         sigma     chi-sq/it

   1        1.7371e-14   1.56e-16          1.7371e-14      1.56e-16    0.00e+00
   2        1.7692e-14   1.30e-16          1.7560e-14      1.00e-16    2.50e+00
   3        1.7613e-14   1.21e-16          1.7582e-14      7.71e-17    1.31e+00
   3        1.7705e-14   1.08e-16          1.7623e-14      6.27e-17    1.16e+00
   3        1.7487e-14   1.21e-16          1.7594e-14      5.56e-17    1.12e+00
   3        1.7680e-14   1.14e-16          1.7611e-14      5.00e-17    9.88e-01
   3        1.7577e-14   1.23e-16          1.7606e-14      4.63e-17    8.34e-01
   3        1.7676e-14   1.16e-16          1.7616e-14      4.30e-17    7.59e-01
vNLO = (1.7615874e-14 +- 4.2981236e-17) pb

*****************************
* collinear remainder (P+K) *
*****************************
The limits of integration are:

xl[0]=0.000000    xu[0]=1.000000
xl[1]=0.000000    xu[1]=1.000000
xl[2]=0.000000    xu[2]=1.000000
xl[3]=0.000000    xu[3]=1.000000

num_dim=4, calls=2500, it_num=1, max_it_num=5 verb=0, alph=1.50,
mode=0, bins=50, boxes=1

       single.......iteration                   accumulated......results   
iteration     integral    sigma             integral         sigma     chi-sq/it

   1        1.8539e-14   1.17e-15          1.8539e-14      1.17e-15    0.00e+00
   2        1.8942e-14   4.58e-16          1.8888e-14      4.26e-16    1.02e-01
   3        1.9173e-14   3.72e-16          1.9050e-14      2.80e-16    1.77e-01
   4        1.9249e-14   3.57e-16          1.9126e-14      2.21e-16    1.82e-01
   5        1.9488e-14   3.48e-16          1.9229e-14      1.86e-16    3.30e-01

num_dim=4, calls=25000, it_num=1, max_it_num=3 verb=0, alph=1.50,
mode=0, bins=50, boxes=1

       single.......iteration                   accumulated......results   
iteration     integral    sigma             integral         sigma     chi-sq/it

   1        1.9540e-14   1.09e-16          1.9540e-14      1.09e-16    0.00e+00
   2        1.9560e-14   1.09e-16          1.9550e-14      7.71e-17    1.57e-02
   3        1.9268e-14   1.10e-16          1.9457e-14      6.31e-17    2.22e+00
   3        1.9403e-14   1.10e-16          1.9444e-14      5.47e-17    1.54e+00
   3        1.9201e-14   1.11e-16          1.9396e-14      4.91e-17    2.11e+00
   3        1.9187e-14   1.10e-16          1.9362e-14      4.48e-17    2.29e+00
   3        1.9302e-14   1.10e-16          1.9353e-14      4.15e-17    1.95e+00
   3        1.9352e-14   1.11e-16          1.9353e-14      3.89e-17    1.67e+00
   3        1.9321e-14   1.12e-16          1.9350e-14      3.67e-17    1.47e+00
P+K = (1.9349769e-14 +- 3.6731296e-17) pb

********************************
* real gluon emission - dipole *
********************************
The limits of integration are:

xl[0]=0.000000    xu[0]=1.000000
xl[1]=0.000000    xu[1]=1.000000
xl[2]=0.000000    xu[2]=1.000000
xl[3]=0.000000    xu[3]=1.000000
xl[4]=0.000000    xu[4]=1.000000
xl[5]=0.000000    xu[5]=1.000000

num_dim=6, calls=250, it_num=1, max_it_num=5 verb=0, alph=1.50,
mode=0, bins=50, boxes=1

       single.......iteration                   accumulated......results   
iteration     integral    sigma             integral         sigma     chi-sq/it

   1        -2.3183e-16   7.87e-17          -2.3183e-16      7.87e-17    0.00e+00
   2        -2.9749e-16   7.28e-17          -2.6719e-16      5.35e-17    3.75e-01
   3        -1.5842e-16   1.65e-17          -1.6788e-16      1.58e-17    2.08e+00
   4        -1.8907e-16   1.95e-17          -1.7626e-16      1.23e-17    1.62e+00
   5        -2.1803e-16   1.37e-17          -1.9481e-16      9.14e-18    2.51e+00

num_dim=6, calls=2500, it_num=1, max_it_num=3 verb=0, alph=1.50,
mode=0, bins=50, boxes=1

       single.......iteration                   accumulated......results   
iteration     integral    sigma             integral         sigma     chi-sq/it

   1        -2.0319e-16   3.81e-18          -2.0319e-16      3.81e-18    0.00e+00
   2        -2.0333e-16   2.51e-18          -2.0328e-16      2.09e-18    9.25e-04
   3        -2.0589e-16   2.48e-18          -2.0437e-16      1.60e-18    3.21e-01
rNLOg = (-2.0436718e-16 +- 1.6003551e-18) pb

**************************************************
* real light quark emission - dipole - (onshell) *
**************************************************
The limits of integration are:

xl[0]=0.000000    xu[0]=1.000000
xl[1]=0.000000    xu[1]=1.000000
xl[2]=0.000000    xu[2]=1.000000
xl[3]=0.000000    xu[3]=1.000000
xl[4]=0.000000    xu[4]=1.000000
xl[5]=0.000000    xu[5]=1.000000

num_dim=6, calls=5000, it_num=1, max_it_num=5 verb=0, alph=1.50,
mode=0, bins=50, boxes=1

       single.......iteration                   accumulated......results   
iteration     integral    sigma             integral         sigma     chi-sq/it

   1        5.0527e-16   3.13e-17          5.0527e-16      3.13e-17    0.00e+00
   2        5.1303e-16   1.05e-17          5.1224e-16      9.96e-18    5.53e-02
   3        4.9522e-16   5.39e-18          4.9908e-16      4.74e-18    1.16e+00
   4        4.9476e-16   3.83e-18          4.9647e-16      2.98e-18    9.38e-01
   5        4.9544e-16   3.40e-18          4.9602e-16      2.24e-18    7.17e-01

num_dim=6, calls=50000, it_num=1, max_it_num=5 verb=0, alph=1.50,
mode=0, bins=50, boxes=1

       single.......iteration                   accumulated......results   
iteration     integral    sigma             integral         sigma     chi-sq/it

   1        4.9496e-16   1.04e-18          4.9496e-16      1.04e-18    0.00e+00
   2        4.9812e-16   1.50e-18          4.9599e-16      8.55e-19    3.00e+00
   3        4.9908e-16   1.48e-18          4.9677e-16      7.40e-19    3.14e+00
   4        4.9597e-16   1.23e-18          4.9655e-16      6.34e-19    2.19e+00
   5        4.9768e-16   1.34e-18          4.9676e-16      5.73e-19    1.79e+00
rNLOq = (4.9676083e-16 +- 5.7296139e-19) pb
NLO = (1.6788327e-13 +- 7.1338173e-17) pb
#chisq/dof = 2.13419e-09
#status = success
#chisq/dof = 1.13495e-09
#status = success
#chisq/dof = 5.11537e-10
#status = success
#chisq/dof = 6.30322e-10
#status = success
#chisq/dof = 1.3967e-10
#status = success
#chisq/dof = 3.21195e-12
#status = success
#chisq/dof = 2.03961e-10
#status = success
#chisq/dof = 3.6233e-11
#status = success

*******************************************************
* threshold resummation (unimproved nnll) - expansion *
*******************************************************
The limits of integration are:

xl[0]=0.000000    xu[0]=1.000000
xl[1]=0.000000    xu[1]=1.000000
xl[2]=0.000000    xu[2]=1.000000

num_dim=3, calls=7000, it_num=1, max_it_num=5 verb=0, alph=1.50,
mode=0, bins=50, boxes=1

       single.......iteration                   accumulated......results   
iteration     integral    sigma             integral         sigma     chi-sq/it

   1        1.1131e-14   1.06e-14          1.1131e-14      1.06e-14    0.00e+00
   2        6.5062e-16   4.73e-15          2.4030e-15      4.32e-15    8.19e-01
   3        3.6700e-15   4.38e-15          3.0277e-15      3.08e-15    4.31e-01
   4        1.1230e-14   4.40e-15          5.7216e-15      2.52e-15    1.07e+00
   5        4.0905e-15   4.41e-15          5.3197e-15      2.19e-15    8.25e-01

num_dim=3, calls=35000, it_num=1, max_it_num=5 verb=0, alph=1.50,
mode=0, bins=50, boxes=1

       single.......iteration                   accumulated......results   
iteration     integral    sigma             integral         sigma     chi-sq/it

   1        8.5743e-16   1.94e-15          8.5743e-16      1.94e-15    0.00e+00
   2        9.3669e-16   1.94e-15          8.9717e-16      1.37e-15    8.35e-04
   3        -5.0820e-16   1.95e-15          4.3109e-16      1.12e-15    1.75e-01
   4        1.7465e-15   1.95e-15          7.5707e-16      9.72e-16    2.30e-01
   5        -1.0199e-15   1.95e-15          4.0230e-16      8.70e-16    3.39e-01
aNNLO+NNLL = (1.6828557e-13 +- 8.7263611e-16) pb

Results:
LO = (1.3065677e-13 +- 8.7335838e-17) pb
NLO = (1.6788327e-13 +- 7.1338173e-17) pb
aNNLO+NNLL = (1.6828557e-13 +- 8.7263611e-16) pb
Thanks for using LHAPDF 6.2.3. Please make sure to cite the paper:
  Eur.Phys.J. C75 (2015) 3, 132  (http://arxiv.org/abs/1412.7420)
 ====================================================
   FF 2.0, a package to evaluate one-loop integrals
 written by G. J. van Oldenborgh, NIKHEF-H, Amsterdam
 ====================================================
 for the algorithms used see preprint NIKHEF-H 89/17,
 'New Algorithms for One-loop Integrals', by G.J. van
 Oldenborgh and J.A.M. Vermaseren, published in 
 Zeitschrift fuer Physik C46(1990)425.
 ====================================================
 
total number of errors and warnings
===================================
fferr: no errors
 
