
  Welcome to Resummino git-latest
  Copyright 2008-2010 Jonathan Debove.
  Copyright 2011-2014 David R. Lamprea.
  Copyright 2011-2016 Marcel Rothering.

  Licensed under the EUPL 1.1 or later.
  See http://www.resummino.org/ for more information.

  If using Resummino for slepton pair production, please cite.
  - G. Bozzi, B. Fuks, M. Klasen, PRD 74, 015001 (2006); NPB 777, 157 (2007); NPB 794, 46 (2007).
  - B. Fuks, M. Klasen, D. R. Lamprea, M. Rothering, EPJC 73, 2480 (2013).

  For gaugino pair production, please cite:
  - J. Debove, B. Fuks, M. Klasen, PLB 688, 208 (2010); NPB 842, 51 (2011); NPB 849, 64 (2011).
  - B. Fuks, M. Klasen, D. R. Lamprea, M. Rothering, JHEP 1210, 081 (2012); EPJC 73, 2480 (2013).

  For associated gaugino gluino production, please cite:
  - B. Fuks, M. Klasen, M. Rothering, JHEP 07:053, (2016).
  - B. Fuks, M. Klasen, D. R. Lamprea, M. Rothering, EPJC 73, 2480 (2013).

LHAPDF 6.2.3 loading /pool/condor/dir_28823/resummino-releases/lhapdf-prefix/share/LHAPDF/PDF4LHC21_40/PDF4LHC21_40_0000.dat
PDF4LHC21_40 PDF set, member #0, version 1
 alpha_s(M_Z^2) = 0.1180 	 for LO PDF set 
 alpha_s(1500.000^2) = 0.0831 	 for LO PDF set 

********************
* LO cross section *
********************
The limits of integration are:

xl[0]=0.000000    xu[0]=1.000000
xl[1]=0.000000    xu[1]=1.000000
xl[2]=0.000000    xu[2]=1.000000

num_dim=3, calls=2000, it_num=1, max_it_num=5 verb=0, alph=1.50,
mode=0, bins=50, boxes=1

       single.......iteration                   accumulated......results   
iteration     integral    sigma             integral         sigma     chi-sq/it

   1        8.8100e-14   2.86e-15          8.8100e-14      2.86e-15    0.00e+00
   2        9.4522e-14   1.02e-15          9.3796e-14      9.62e-16    4.47e+00
   3        9.5307e-14   5.05e-16          9.4980e-14      4.47e-16    3.20e+00
   4        9.4676e-14   4.63e-16          9.4833e-14      3.22e-16    2.21e+00
   5        9.4820e-14   4.49e-16          9.4829e-14      2.62e-16    1.66e+00

num_dim=3, calls=20000, it_num=1, max_it_num=5 verb=0, alph=1.50,
mode=0, bins=50, boxes=1

       single.......iteration                   accumulated......results   
iteration     integral    sigma             integral         sigma     chi-sq/it

   1        9.4755e-14   1.45e-16          9.4755e-14      1.45e-16    0.00e+00
   2        9.4737e-14   1.39e-16          9.4746e-14      1.00e-16    8.19e-03
   3        9.4830e-14   1.33e-16          9.4776e-14      8.00e-17    1.32e-01
   4        9.4862e-14   1.42e-16          9.4797e-14      6.97e-17    1.80e-01
   5        9.4471e-14   1.48e-16          9.4738e-14      6.31e-17    1.13e+00
LO = (9.4737587e-14 +- 6.3067154e-17) pb
LHAPDF 6.2.3 loading /pool/condor/dir_28823/resummino-releases/lhapdf-prefix/share/LHAPDF/PDF4LHC21_40/PDF4LHC21_40_0001.dat
PDF4LHC21_40 PDF set, member #1, version 1
 alpha_s(M_Z^2) = 0.1180 	 for NLO PDF set 
 alpha_s(1500.000^2) = 0.0831 	 for NLO PDF set 

********************
* LO cross section *
********************
The limits of integration are:

xl[0]=0.000000    xu[0]=1.000000
xl[1]=0.000000    xu[1]=1.000000
xl[2]=0.000000    xu[2]=1.000000

num_dim=3, calls=2000, it_num=1, max_it_num=5 verb=0, alph=1.50,
mode=0, bins=50, boxes=1

       single.......iteration                   accumulated......results   
iteration     integral    sigma             integral         sigma     chi-sq/it

   1        8.1371e-14   2.71e-15          8.1371e-14      2.71e-15    0.00e+00
   2        8.7422e-14   9.88e-16          8.6712e-14      9.28e-16    4.41e+00
   3        8.8509e-14   4.95e-16          8.8110e-14      4.37e-16    3.66e+00
   4        8.7865e-14   4.80e-16          8.7999e-14      3.23e-16    2.49e+00
   5        8.7759e-14   4.78e-16          8.7924e-14      2.68e-16    1.91e+00

num_dim=3, calls=20000, it_num=1, max_it_num=5 verb=0, alph=1.50,
mode=0, bins=50, boxes=1

       single.......iteration                   accumulated......results   
iteration     integral    sigma             integral         sigma     chi-sq/it

   1        8.7875e-14   1.52e-16          8.7875e-14      1.52e-16    0.00e+00
   2        8.7945e-14   1.43e-16          8.7912e-14      1.04e-16    1.13e-01
   3        8.8029e-14   1.38e-16          8.7955e-14      8.31e-17    2.86e-01
   4        8.7979e-14   1.49e-16          8.7960e-14      7.25e-17    1.98e-01
   5        8.7627e-14   1.55e-16          8.7901e-14      6.57e-17    1.10e+00
   5        8.7761e-14   1.53e-16          8.7879e-14      6.04e-17    1.02e+00
   5        8.8028e-14   1.51e-16          8.7899e-14      5.61e-17    9.87e-01
   5        8.7754e-14   1.55e-16          8.7883e-14      5.27e-17    9.57e-01
   5        8.7877e-14   1.57e-16          8.7882e-14      5.00e-17    8.38e-01
   5        8.7691e-14   1.60e-16          8.7865e-14      4.77e-17    8.89e-01
   5        8.7800e-14   1.66e-16          8.7860e-14      4.58e-17    8.14e-01
   5        8.7873e-14   1.68e-16          8.7861e-14      4.42e-17    7.41e-01
   5        8.7990e-14   1.76e-16          8.7869e-14      4.29e-17    7.21e-01
   5        8.7765e-14   1.88e-16          8.7863e-14      4.18e-17    6.88e-01
   5        8.7938e-14   1.95e-16          8.7867e-14      4.09e-17    6.49e-01
   5        8.7807e-14   2.02e-16          8.7864e-14      4.01e-17    6.11e-01
   5        8.7563e-14   2.03e-16          8.7853e-14      3.93e-17    7.06e-01
   5        8.8148e-14   2.11e-16          8.7863e-14      3.86e-17    7.75e-01
   5        8.8070e-14   2.24e-16          8.7869e-14      3.81e-17    7.78e-01
   5        8.7960e-14   2.21e-16          8.7872e-14      3.75e-17    7.46e-01
   5        8.7722e-14   2.34e-16          8.7868e-14      3.70e-17    7.29e-01
   5        8.7773e-14   2.45e-16          8.7866e-14      3.66e-17    7.01e-01
   5        8.8189e-14   2.39e-16          8.7873e-14      3.62e-17    7.50e-01
   5        8.7941e-14   2.59e-16          8.7874e-14      3.59e-17    7.20e-01
   5        8.8118e-14   2.54e-16          8.7879e-14      3.55e-17    7.28e-01
   5        8.7716e-14   2.62e-16          8.7876e-14      3.52e-17    7.14e-01
   5        8.8308e-14   2.82e-16          8.7883e-14      3.49e-17    7.75e-01
   5        8.7833e-14   2.66e-16          8.7882e-14      3.46e-17    7.48e-01
   5        8.7849e-14   2.72e-16          8.7881e-14      3.43e-17    7.22e-01
   5        8.8037e-14   2.86e-16          8.7884e-14      3.41e-17    7.07e-01
   5        8.8046e-14   2.83e-16          8.7886e-14      3.38e-17    6.94e-01
   5        8.7792e-14   2.93e-16          8.7885e-14      3.36e-17    6.75e-01
   5        8.8077e-14   2.92e-16          8.7887e-14      3.34e-17    6.67e-01
   5        8.7625e-14   3.05e-16          8.7884e-14      3.32e-17    6.69e-01
   5        8.7576e-14   3.02e-16          8.7880e-14      3.30e-17    6.80e-01
   5        8.8254e-14   3.14e-16          8.7885e-14      3.28e-17    7.00e-01
   5        8.6930e-14   3.07e-16          8.7874e-14      3.26e-17    9.47e-01
   5        8.7310e-14   3.12e-16          8.7868e-14      3.25e-17    1.01e+00
   5        8.8095e-14   3.17e-16          8.7870e-14      3.23e-17    9.95e-01
   5        8.7803e-14   3.27e-16          8.7869e-14      3.21e-17    9.71e-01
   5        8.8035e-14   3.18e-16          8.7871e-14      3.20e-17    9.53e-01
   5        8.7799e-14   3.24e-16          8.7870e-14      3.18e-17    9.31e-01
   5        8.8835e-14   3.35e-16          8.7879e-14      3.17e-17    1.10e+00
   5        8.7951e-14   3.14e-16          8.7880e-14      3.15e-17    1.08e+00
LO = (8.7879640e-14 +- 3.1519061e-17) pb

*******************************************
* virtual corrections + integrated dipole *
*******************************************
The limits of integration are:

xl[0]=0.000000    xu[0]=1.000000
xl[1]=0.000000    xu[1]=1.000000
xl[2]=0.000000    xu[2]=1.000000

num_dim=3, calls=240, it_num=1, max_it_num=5 verb=0, alph=1.50,
mode=0, bins=50, boxes=1

       single.......iteration                   accumulated......results   
iteration     integral    sigma             integral         sigma     chi-sq/it

   1        9.2156e-15   9.08e-16          9.2156e-15      9.08e-16    0.00e+00
   2        9.9138e-15   5.16e-16          9.7434e-15      4.49e-16    4.46e-01
   3        1.0946e-14   2.88e-16          1.0596e-14      2.42e-16    2.77e+00
   4        1.1226e-14   2.42e-16          1.0910e-14      1.71e-16    2.97e+00
   5        1.1160e-14   2.25e-16          1.1002e-14      1.36e-16    2.42e+00

num_dim=3, calls=1200, it_num=1, max_it_num=3 verb=0, alph=1.50,
mode=0, bins=50, boxes=1

       single.......iteration                   accumulated......results   
iteration     integral    sigma             integral         sigma     chi-sq/it

   1        1.0661e-14   1.04e-16          1.0661e-14      1.04e-16    0.00e+00
   2        1.0890e-14   8.30e-17          1.0801e-14      6.48e-17    2.97e+00
   3        1.0913e-14   8.46e-17          1.0842e-14      5.15e-17    2.04e+00
   3        1.0984e-14   7.37e-17          1.0889e-14      4.22e-17    2.19e+00
   3        1.0849e-14   8.40e-17          1.0881e-14      3.77e-17    1.68e+00
   3        1.0903e-14   7.87e-17          1.0885e-14      3.40e-17    1.36e+00
   3        1.0875e-14   8.48e-17          1.0883e-14      3.16e-17    1.14e+00
vNLO = (1.0883422e-14 +- 3.1564589e-17) pb

*****************************
* collinear remainder (P+K) *
*****************************
The limits of integration are:

xl[0]=0.000000    xu[0]=1.000000
xl[1]=0.000000    xu[1]=1.000000
xl[2]=0.000000    xu[2]=1.000000
xl[3]=0.000000    xu[3]=1.000000

num_dim=4, calls=2500, it_num=1, max_it_num=5 verb=0, alph=1.50,
mode=0, bins=50, boxes=1

       single.......iteration                   accumulated......results   
iteration     integral    sigma             integral         sigma     chi-sq/it

   1        1.2215e-14   7.44e-16          1.2215e-14      7.44e-16    0.00e+00
   2        1.2605e-14   2.84e-16          1.2555e-14      2.66e-16    2.40e-01
   3        1.2621e-14   2.28e-16          1.2593e-14      1.73e-16    1.38e-01
   4        1.2686e-14   2.21e-16          1.2629e-14      1.36e-16    1.29e-01
   5        1.2829e-14   2.15e-16          1.2686e-14      1.15e-16    2.51e-01

num_dim=4, calls=25000, it_num=1, max_it_num=3 verb=0, alph=1.50,
mode=0, bins=50, boxes=1

       single.......iteration                   accumulated......results   
iteration     integral    sigma             integral         sigma     chi-sq/it

   1        1.2897e-14   6.70e-17          1.2897e-14      6.70e-17    0.00e+00
   2        1.2904e-14   6.67e-17          1.2901e-14      4.73e-17    5.38e-03
   3        1.2712e-14   6.75e-17          1.2839e-14      3.87e-17    2.63e+00
   3        1.2790e-14   6.73e-17          1.2827e-14      3.36e-17    1.88e+00
   3        1.2700e-14   6.80e-17          1.2802e-14      3.01e-17    2.11e+00
   3        1.2669e-14   6.76e-17          1.2780e-14      2.75e-17    2.34e+00
   3        1.2761e-14   6.74e-17          1.2777e-14      2.55e-17    1.96e+00
   3        1.2768e-14   6.78e-17          1.2776e-14      2.38e-17    1.68e+00
   3        1.2749e-14   6.89e-17          1.2773e-14      2.25e-17    1.49e+00
P+K = (1.2773199e-14 +- 2.2523468e-17) pb

********************************
* real gluon emission - dipole *
********************************
The limits of integration are:

xl[0]=0.000000    xu[0]=1.000000
xl[1]=0.000000    xu[1]=1.000000
xl[2]=0.000000    xu[2]=1.000000
xl[3]=0.000000    xu[3]=1.000000
xl[4]=0.000000    xu[4]=1.000000
xl[5]=0.000000    xu[5]=1.000000

num_dim=6, calls=250, it_num=1, max_it_num=5 verb=0, alph=1.50,
mode=0, bins=50, boxes=1

       single.......iteration                   accumulated......results   
iteration     integral    sigma             integral         sigma     chi-sq/it

   1        -1.3198e-16   4.58e-17          -1.3198e-16      4.58e-17    0.00e+00
   2        -1.7491e-16   4.77e-17          -1.5254e-16      3.30e-17    4.22e-01
   3        -8.0705e-17   8.67e-18          -8.5334e-17      8.38e-18    2.42e+00
   4        -1.1551e-16   1.41e-17          -9.3185e-17      7.21e-18    2.74e+00
   5        -1.1761e-16   8.33e-18          -1.0364e-16      5.45e-18    3.28e+00

num_dim=6, calls=2500, it_num=1, max_it_num=3 verb=0, alph=1.50,
mode=0, bins=50, boxes=1

       single.......iteration                   accumulated......results   
iteration     integral    sigma             integral         sigma     chi-sq/it

   1        -1.1624e-16   2.52e-18          -1.1624e-16      2.52e-18    0.00e+00
   2        -1.1316e-16   1.58e-18          -1.1403e-16      1.34e-18    1.08e+00
   3        -1.1631e-16   1.48e-18          -1.1505e-16      9.92e-19    1.19e+00
rNLOg = (-1.1505141e-16 +- 9.9211723e-19) pb

**************************************************
* real light quark emission - dipole - (onshell) *
**************************************************
The limits of integration are:

xl[0]=0.000000    xu[0]=1.000000
xl[1]=0.000000    xu[1]=1.000000
xl[2]=0.000000    xu[2]=1.000000
xl[3]=0.000000    xu[3]=1.000000
xl[4]=0.000000    xu[4]=1.000000
xl[5]=0.000000    xu[5]=1.000000

num_dim=6, calls=5000, it_num=1, max_it_num=5 verb=0, alph=1.50,
mode=0, bins=50, boxes=1

       single.......iteration                   accumulated......results   
iteration     integral    sigma             integral         sigma     chi-sq/it

   1        3.4170e-16   1.92e-17          3.4170e-16      1.92e-17    0.00e+00
   2        3.4714e-16   7.27e-18          3.4646e-16      6.80e-18    7.00e-02
   3        3.3199e-16   3.83e-18          3.3547e-16      3.33e-18    1.76e+00
   4        3.3380e-16   2.71e-18          3.3447e-16      2.10e-18    1.22e+00
   5        3.3285e-16   2.33e-18          3.3374e-16      1.56e-18    9.83e-01

num_dim=6, calls=50000, it_num=1, max_it_num=5 verb=0, alph=1.50,
mode=0, bins=50, boxes=1

       single.......iteration                   accumulated......results   
iteration     integral    sigma             integral         sigma     chi-sq/it

   1        3.3241e-16   7.49e-19          3.3241e-16      7.49e-19    0.00e+00
   2        3.3498e-16   9.91e-19          3.3334e-16      5.98e-19    4.30e+00
   3        3.3535e-16   9.98e-19          3.3387e-16      5.13e-19    3.63e+00
   4        3.3302e-16   8.48e-19          3.3364e-16      4.39e-19    2.67e+00
   5        3.3418e-16   9.46e-19          3.3374e-16      3.98e-19    2.07e+00
rNLOq = (3.3373970e-16 +- 3.9808958e-19) pb
NLO = (1.1175495e-13 +- 4.9982235e-17) pb
#chisq/dof = 1.9258e-09
#status = success
#chisq/dof = 7.04231e-09
#status = success
#chisq/dof = 4.72875e-10
#status = success
#chisq/dof = 3.86082e-09
#status = success
#chisq/dof = 3.67409e-11
#status = success
#chisq/dof = 3.88e-12
#status = success
#chisq/dof = 3.47465e-10
#status = success
#chisq/dof = 3.10056e-11
#status = success

*******************************************************
* threshold resummation (unimproved nnll) - expansion *
*******************************************************
The limits of integration are:

xl[0]=0.000000    xu[0]=1.000000
xl[1]=0.000000    xu[1]=1.000000
xl[2]=0.000000    xu[2]=1.000000

num_dim=3, calls=7000, it_num=1, max_it_num=5 verb=0, alph=1.50,
mode=0, bins=50, boxes=1

       single.......iteration                   accumulated......results   
iteration     integral    sigma             integral         sigma     chi-sq/it

   1        -1.7644e-16   3.40e-15          -1.7644e-16      3.40e-15    0.00e+00
   2        2.9978e-15   1.62e-15          2.4116e-15      1.46e-15    7.09e-01
   3        -2.4957e-15   1.48e-15          -1.8989e-17      1.04e-15    3.14e+00
   4        2.0260e-16   1.48e-15          5.4048e-17      8.51e-16    2.10e+00
   5        -2.3012e-15   1.47e-15          -5.3508e-16      7.37e-16    2.05e+00

num_dim=3, calls=35000, it_num=1, max_it_num=5 verb=0, alph=1.50,
mode=0, bins=50, boxes=1

       single.......iteration                   accumulated......results   
iteration     integral    sigma             integral         sigma     chi-sq/it

   1        1.9573e-15   6.49e-16          1.9573e-15      6.49e-16    0.00e+00
   2        2.1106e-15   6.59e-16          2.0328e-15      4.62e-16    2.75e-02
   3        1.9617e-15   6.59e-16          2.0093e-15      3.78e-16    1.76e-02
   4        2.2686e-15   6.59e-16          2.0736e-15      3.28e-16    5.05e-02
   5        4.8138e-16   6.58e-16          1.7565e-15      2.94e-16    1.21e+00
   5        1.4643e-15   6.56e-16          1.7078e-15      2.68e-16    1.00e+00
   5        1.3925e-15   6.58e-16          1.6628e-15      2.48e-16    8.67e-01
   5        2.2213e-15   6.63e-16          1.7315e-15      2.33e-16    8.32e-01
   5        1.0992e-15   6.61e-16          1.6618e-15      2.19e-16    8.30e-01
   5        1.7540e-15   6.64e-16          1.6708e-15      2.08e-16    7.39e-01
   5        1.2369e-15   6.61e-16          1.6316e-15      1.99e-16    7.05e-01
   5        1.1731e-15   6.69e-16          1.5944e-15      1.90e-16    6.80e-01
   5        1.5978e-15   6.65e-16          1.5947e-15      1.83e-16    6.23e-01
   5        1.1733e-15   6.63e-16          1.5648e-15      1.76e-16    6.04e-01
   5        2.6825e-15   6.70e-16          1.6374e-15      1.71e-16    7.47e-01
   5        3.1467e-15   6.68e-16          1.7297e-15      1.65e-16    1.02e+00
   5        1.4803e-15   6.66e-16          1.7153e-15      1.60e-16    9.61e-01
   5        1.3528e-15   6.66e-16          1.6954e-15      1.56e-16    9.21e-01
   5        1.4820e-15   6.66e-16          1.6843e-15      1.52e-16    8.75e-01
   5        2.1647e-15   6.68e-16          1.7079e-15      1.48e-16    8.55e-01
   5        -3.9175e-16   6.71e-16          1.6104e-15      1.45e-16    1.28e+00
   5        2.2839e-15   6.76e-16          1.6399e-15      1.41e-16    1.26e+00
   5        1.5433e-15   6.72e-16          1.6358e-15      1.38e-16    1.21e+00
   5        2.3943e-15   6.78e-16          1.6661e-15      1.36e-16    1.21e+00
   5        7.4094e-16   6.79e-16          1.6306e-15      1.33e-16    1.23e+00
   5        2.3182e-15   6.77e-16          1.6562e-15      1.30e-16    1.22e+00
   5        5.0617e-16   6.74e-16          1.6147e-15      1.28e-16    1.28e+00
   5        1.3225e-15   6.80e-16          1.6046e-15      1.26e-16    1.24e+00
   5        1.4092e-15   6.79e-16          1.5982e-15      1.24e-16    1.20e+00
   5        1.1712e-15   6.87e-16          1.5847e-15      1.22e-16    1.17e+00
   5        9.9245e-16   6.86e-16          1.5666e-15      1.20e-16    1.16e+00
   5        2.5467e-15   6.86e-16          1.5956e-15      1.18e-16    1.18e+00
   5        1.3914e-15   6.90e-16          1.5898e-15      1.16e-16    1.15e+00
   5        6.8297e-16   6.87e-16          1.5645e-15      1.15e-16    1.17e+00
   5        2.6904e-15   6.94e-16          1.5945e-15      1.13e-16    1.21e+00
   5        1.4416e-15   6.91e-16          1.5905e-15      1.12e-16    1.17e+00
   5        1.6999e-15   6.86e-16          1.5934e-15      1.10e-16    1.14e+00
   5        -3.4740e-16   6.89e-16          1.5448e-15      1.09e-16    1.32e+00
   5        1.2973e-15   6.98e-16          1.5389e-15      1.08e-16    1.29e+00
   5        2.7535e-16   6.92e-16          1.5091e-15      1.06e-16    1.34e+00
   5        9.9656e-16   7.01e-16          1.4975e-15      1.05e-16    1.32e+00
   5        1.6307e-15   6.97e-16          1.5005e-15      1.04e-16    1.29e+00
   5        2.0100e-16   6.88e-16          1.4715e-15      1.03e-16    1.34e+00
   5        1.1177e-15   6.91e-16          1.4638e-15      1.02e-16    1.31e+00
   5        5.6217e-16   7.04e-16          1.4453e-15      1.01e-16    1.32e+00
   5        4.5525e-16   6.98e-16          1.4252e-15      9.96e-17    1.34e+00
   5        1.7977e-15   6.96e-16          1.4326e-15      9.86e-17    1.31e+00
   5        8.5511e-16   7.02e-16          1.4215e-15      9.76e-17    1.30e+00
   5        1.6280e-15   7.02e-16          1.4254e-15      9.67e-17    1.27e+00
   5        1.2483e-15   7.04e-16          1.4221e-15      9.58e-17    1.25e+00
   5        1.5522e-15   7.03e-16          1.4245e-15      9.49e-17    1.22e+00
   5        3.1233e-15   7.08e-16          1.4545e-15      9.41e-17    1.31e+00
   5        1.0692e-16   7.10e-16          1.4312e-15      9.33e-17    1.35e+00
   5        3.3820e-16   7.02e-16          1.4123e-15      9.25e-17    1.37e+00
   5        6.6256e-16   7.03e-16          1.3995e-15      9.17e-17    1.37e+00
aNNLO+NNLL = (1.1315448e-13 +- 1.0441655e-16) pb

Results:
LO = (9.4737587e-14 +- 6.3067154e-17) pb
NLO = (1.1175495e-13 +- 4.9982235e-17) pb
aNNLO+NNLL = (1.1315448e-13 +- 1.0441655e-16) pb
Thanks for using LHAPDF 6.2.3. Please make sure to cite the paper:
  Eur.Phys.J. C75 (2015) 3, 132  (http://arxiv.org/abs/1412.7420)
 ====================================================
   FF 2.0, a package to evaluate one-loop integrals
 written by G. J. van Oldenborgh, NIKHEF-H, Amsterdam
 ====================================================
 for the algorithms used see preprint NIKHEF-H 89/17,
 'New Algorithms for One-loop Integrals', by G.J. van
 Oldenborgh and J.A.M. Vermaseren, published in 
 Zeitschrift fuer Physik C46(1990)425.
 ====================================================
 
total number of errors and warnings
===================================
fferr: no errors
 
