
  Welcome to Resummino git-latest
  Copyright 2008-2010 Jonathan Debove.
  Copyright 2011-2014 David R. Lamprea.
  Copyright 2011-2016 Marcel Rothering.

  Licensed under the EUPL 1.1 or later.
  See http://www.resummino.org/ for more information.

  If using Resummino for slepton pair production, please cite.
  - G. Bozzi, B. Fuks, M. Klasen, PRD 74, 015001 (2006); NPB 777, 157 (2007); NPB 794, 46 (2007).
  - B. Fuks, M. Klasen, D. R. Lamprea, M. Rothering, EPJC 73, 2480 (2013).

  For gaugino pair production, please cite:
  - J. Debove, B. Fuks, M. Klasen, PLB 688, 208 (2010); NPB 842, 51 (2011); NPB 849, 64 (2011).
  - B. Fuks, M. Klasen, D. R. Lamprea, M. Rothering, JHEP 1210, 081 (2012); EPJC 73, 2480 (2013).

  For associated gaugino gluino production, please cite:
  - B. Fuks, M. Klasen, M. Rothering, JHEP 07:053, (2016).
  - B. Fuks, M. Klasen, D. R. Lamprea, M. Rothering, EPJC 73, 2480 (2013).

LHAPDF 6.2.3 loading /pool/condor/dir_18634/resummino-releases/lhapdf-prefix/share/LHAPDF/PDF4LHC21_40/PDF4LHC21_40_0000.dat
PDF4LHC21_40 PDF set, member #0, version 1
 alpha_s(M_Z^2) = 0.1180 	 for LO PDF set 
 alpha_s(1800.000^2) = 0.0816 	 for LO PDF set 

********************
* LO cross section *
********************
The limits of integration are:

xl[0]=0.000000    xu[0]=1.000000
xl[1]=0.000000    xu[1]=1.000000
xl[2]=0.000000    xu[2]=1.000000

num_dim=3, calls=2000, it_num=1, max_it_num=5 verb=0, alph=1.50,
mode=0, bins=50, boxes=1

       single.......iteration                   accumulated......results   
iteration     integral    sigma             integral         sigma     chi-sq/it

   1        3.4177e-14   1.07e-15          3.4177e-14      1.07e-15    0.00e+00
   2        3.6651e-14   3.87e-16          3.6363e-14      3.64e-16    4.74e+00
   3        3.6871e-14   1.97e-16          3.6756e-14      1.73e-16    3.12e+00
   4        3.6582e-14   1.84e-16          3.6674e-14      1.26e-16    2.24e+00
   5        3.6709e-14   1.75e-16          3.6686e-14      1.02e-16    1.69e+00

num_dim=3, calls=20000, it_num=1, max_it_num=5 verb=0, alph=1.50,
mode=0, bins=50, boxes=1

       single.......iteration                   accumulated......results   
iteration     integral    sigma             integral         sigma     chi-sq/it

   1        3.6688e-14   5.68e-17          3.6688e-14      5.68e-17    0.00e+00
   2        3.6687e-14   5.45e-17          3.6687e-14      3.93e-17    1.28e-04
   3        3.6687e-14   5.15e-17          3.6687e-14      3.13e-17    1.55e-04
   4        3.6707e-14   5.51e-17          3.6692e-14      2.72e-17    3.35e-02
   5        3.6570e-14   5.82e-17          3.6670e-14      2.46e-17    9.30e-01
LO = (3.6670088e-14 +- 2.4637878e-17) pb
LHAPDF 6.2.3 loading /pool/condor/dir_18634/resummino-releases/lhapdf-prefix/share/LHAPDF/PDF4LHC21_40/PDF4LHC21_40_0033.dat
PDF4LHC21_40 PDF set, member #33, version 1
 alpha_s(M_Z^2) = 0.1180 	 for NLO PDF set 
 alpha_s(1800.000^2) = 0.0816 	 for NLO PDF set 

********************
* LO cross section *
********************
The limits of integration are:

xl[0]=0.000000    xu[0]=1.000000
xl[1]=0.000000    xu[1]=1.000000
xl[2]=0.000000    xu[2]=1.000000

num_dim=3, calls=2000, it_num=1, max_it_num=5 verb=0, alph=1.50,
mode=0, bins=50, boxes=1

       single.......iteration                   accumulated......results   
iteration     integral    sigma             integral         sigma     chi-sq/it

   1        2.9705e-14   1.00e-15          2.9705e-14      1.00e-15    0.00e+00
   2        3.2177e-14   3.59e-16          3.1895e-14      3.38e-16    5.41e+00
   3        3.2400e-14   1.82e-16          3.2286e-14      1.60e-16    3.57e+00
   4        3.2229e-14   1.66e-16          3.2259e-14      1.15e-16    2.40e+00
   5        3.2343e-14   1.56e-16          3.2288e-14      9.28e-17    1.85e+00

num_dim=3, calls=20000, it_num=1, max_it_num=5 verb=0, alph=1.50,
mode=0, bins=50, boxes=1

       single.......iteration                   accumulated......results   
iteration     integral    sigma             integral         sigma     chi-sq/it

   1        3.2249e-14   5.23e-17          3.2249e-14      5.23e-17    0.00e+00
   2        3.2237e-14   4.95e-17          3.2243e-14      3.59e-17    2.51e-02
   3        3.2252e-14   4.64e-17          3.2246e-14      2.84e-17    2.51e-02
   4        3.2258e-14   4.91e-17          3.2249e-14      2.46e-17    3.26e-02
   5        3.2132e-14   5.37e-17          3.2229e-14      2.24e-17    1.01e+00
   5        3.2190e-14   5.12e-17          3.2223e-14      2.05e-17    9.03e-01
   5        3.2308e-14   5.10e-17          3.2234e-14      1.90e-17    1.16e+00
   5        3.2196e-14   5.22e-17          3.2230e-14      1.79e-17    1.06e+00
   5        3.2232e-14   5.25e-17          3.2230e-14      1.69e-17    9.30e-01
   5        3.2221e-14   5.30e-17          3.2229e-14      1.61e-17    8.29e-01
   5        3.2176e-14   5.48e-17          3.2225e-14      1.55e-17    8.33e-01
   5        3.2233e-14   5.50e-17          3.2226e-14      1.49e-17    7.59e-01
   5        3.2241e-14   5.65e-17          3.2227e-14      1.44e-17    7.02e-01
   5        3.2201e-14   5.92e-17          3.2225e-14      1.40e-17    6.61e-01
   5        3.2224e-14   6.23e-17          3.2225e-14      1.36e-17    6.14e-01
   5        3.2231e-14   6.48e-17          3.2225e-14      1.34e-17    5.73e-01
   5        3.2127e-14   6.49e-17          3.2221e-14      1.31e-17    6.75e-01
   5        3.2361e-14   6.82e-17          3.2226e-14      1.28e-17    8.72e-01
   5        3.2268e-14   6.82e-17          3.2228e-14      1.26e-17    8.43e-01
   5        3.2196e-14   7.00e-17          3.2227e-14      1.24e-17    8.10e-01
   5        3.2109e-14   7.13e-17          3.2223e-14      1.22e-17    9.03e-01
   5        3.2186e-14   7.31e-17          3.2222e-14      1.21e-17    8.71e-01
LO = (3.2222331e-14 +- 1.2068930e-17) pb

*******************************************
* virtual corrections + integrated dipole *
*******************************************
The limits of integration are:

xl[0]=0.000000    xu[0]=1.000000
xl[1]=0.000000    xu[1]=1.000000
xl[2]=0.000000    xu[2]=1.000000

num_dim=3, calls=240, it_num=1, max_it_num=5 verb=0, alph=1.50,
mode=0, bins=50, boxes=1

       single.......iteration                   accumulated......results   
iteration     integral    sigma             integral         sigma     chi-sq/it

   1        3.3190e-15   3.29e-16          3.3190e-15      3.29e-16    0.00e+00
   2        3.5460e-15   1.86e-16          3.4910e-15      1.62e-16    3.62e-01
   3        3.9952e-15   1.05e-16          3.8449e-15      8.83e-17    3.59e+00
   4        4.0508e-15   1.10e-16          3.9251e-15      6.90e-17    3.10e+00
   5        3.9613e-15   9.19e-17          3.9381e-15      5.52e-17    2.35e+00

num_dim=3, calls=1200, it_num=1, max_it_num=3 verb=0, alph=1.50,
mode=0, bins=50, boxes=1

       single.......iteration                   accumulated......results   
iteration     integral    sigma             integral         sigma     chi-sq/it

   1        3.8652e-15   3.48e-17          3.8652e-15      3.48e-17    0.00e+00
   2        3.9469e-15   3.18e-17          3.9097e-15      2.35e-17    3.00e+00
   3        3.9281e-15   2.91e-17          3.9170e-15      1.83e-17    1.62e+00
   3        3.9337e-15   2.50e-17          3.9228e-15      1.48e-17    1.18e+00
   3        3.9033e-15   2.83e-17          3.9186e-15      1.31e-17    9.76e-01
   3        3.9325e-15   2.55e-17          3.9215e-15      1.16e-17    8.28e-01
vNLO = (3.9215273e-15 +- 1.1639605e-17) pb

*****************************
* collinear remainder (P+K) *
*****************************
The limits of integration are:

xl[0]=0.000000    xu[0]=1.000000
xl[1]=0.000000    xu[1]=1.000000
xl[2]=0.000000    xu[2]=1.000000
xl[3]=0.000000    xu[3]=1.000000

num_dim=4, calls=2500, it_num=1, max_it_num=5 verb=0, alph=1.50,
mode=0, bins=50, boxes=1

       single.......iteration                   accumulated......results   
iteration     integral    sigma             integral         sigma     chi-sq/it

   1        5.2808e-15   2.94e-16          5.2808e-15      2.94e-16    0.00e+00
   2        5.4388e-15   1.10e-16          5.4194e-15      1.03e-16    2.54e-01
   3        5.4756e-15   8.49e-17          5.4528e-15      6.55e-17    2.16e-01
   4        5.4939e-15   8.02e-17          5.4693e-15      5.07e-17    1.97e-01
   5        5.5025e-15   7.93e-17          5.4789e-15      4.27e-17    1.79e-01

num_dim=4, calls=25000, it_num=1, max_it_num=3 verb=0, alph=1.50,
mode=0, bins=50, boxes=1

       single.......iteration                   accumulated......results   
iteration     integral    sigma             integral         sigma     chi-sq/it

   1        5.5453e-15   2.46e-17          5.5453e-15      2.46e-17    0.00e+00
   2        5.5513e-15   2.44e-17          5.5483e-15      1.73e-17    2.97e-02
   3        5.4899e-15   2.48e-17          5.5292e-15      1.42e-17    1.88e+00
   3        5.5137e-15   2.47e-17          5.5253e-15      1.23e-17    1.35e+00
   3        5.4781e-15   2.49e-17          5.5160e-15      1.10e-17    1.73e+00
   3        5.4655e-15   2.49e-17          5.5077e-15      1.01e-17    2.07e+00
   3        5.5020e-15   2.46e-17          5.5069e-15      9.34e-18    1.74e+00
   3        5.5085e-15   2.49e-17          5.5071e-15      8.75e-18    1.49e+00
P+K = (5.5070989e-15 +- 8.7495585e-18) pb

********************************
* real gluon emission - dipole *
********************************
The limits of integration are:

xl[0]=0.000000    xu[0]=1.000000
xl[1]=0.000000    xu[1]=1.000000
xl[2]=0.000000    xu[2]=1.000000
xl[3]=0.000000    xu[3]=1.000000
xl[4]=0.000000    xu[4]=1.000000
xl[5]=0.000000    xu[5]=1.000000

num_dim=6, calls=250, it_num=1, max_it_num=5 verb=0, alph=1.50,
mode=0, bins=50, boxes=1

       single.......iteration                   accumulated......results   
iteration     integral    sigma             integral         sigma     chi-sq/it

   1        -3.8538e-17   1.32e-17          -3.8538e-17      1.32e-17    0.00e+00
   2        -4.8926e-17   1.22e-17          -4.4141e-17      8.97e-18    3.33e-01
   3        -2.5848e-17   3.08e-18          -2.7773e-17      2.91e-18    2.03e+00
   4        -2.8409e-17   3.52e-18          -2.8031e-17      2.24e-18    1.36e+00
   5        -3.3102e-17   3.35e-18          -2.9600e-17      1.86e-18    1.41e+00

num_dim=6, calls=2500, it_num=1, max_it_num=3 verb=0, alph=1.50,
mode=0, bins=50, boxes=1

       single.......iteration                   accumulated......results   
iteration     integral    sigma             integral         sigma     chi-sq/it

   1        -3.6476e-17   1.07e-18          -3.6476e-17      1.07e-18    0.00e+00
   2        -3.4572e-17   5.32e-19          -3.4948e-17      4.77e-19    2.53e+00
   3        -3.4484e-17   4.26e-19          -3.4690e-17      3.18e-19    1.53e+00
rNLOg = (-3.4690032e-17 +- 3.1758045e-19) pb

**************************************************
* real light quark emission - dipole - (onshell) *
**************************************************
The limits of integration are:

xl[0]=0.000000    xu[0]=1.000000
xl[1]=0.000000    xu[1]=1.000000
xl[2]=0.000000    xu[2]=1.000000
xl[3]=0.000000    xu[3]=1.000000
xl[4]=0.000000    xu[4]=1.000000
xl[5]=0.000000    xu[5]=1.000000

num_dim=6, calls=5000, it_num=1, max_it_num=5 verb=0, alph=1.50,
mode=0, bins=50, boxes=1

       single.......iteration                   accumulated......results   
iteration     integral    sigma             integral         sigma     chi-sq/it

   1        8.8763e-17   5.50e-18          8.8763e-17      5.50e-18    0.00e+00
   2        8.6122e-17   1.56e-18          8.6319e-17      1.50e-18    2.14e-01
   3        8.4706e-17   8.28e-19          8.5082e-17      7.25e-19    5.50e-01
   4        8.4669e-17   6.31e-19          8.4847e-17      4.76e-19    4.29e-01
   5        8.4721e-17   5.79e-19          8.4796e-17      3.67e-19    3.29e-01

num_dim=6, calls=50000, it_num=1, max_it_num=5 verb=0, alph=1.50,
mode=0, bins=50, boxes=1

       single.......iteration                   accumulated......results   
iteration     integral    sigma             integral         sigma     chi-sq/it

   1        8.4767e-17   1.75e-19          8.4767e-17      1.75e-19    0.00e+00
   2        8.5295e-17   2.43e-19          8.4947e-17      1.42e-19    3.12e+00
   3        8.5427e-17   2.41e-19          8.5071e-17      1.22e-19    3.03e+00
   4        8.4996e-17   1.92e-19          8.5049e-17      1.03e-19    2.06e+00
   5        8.5212e-17   2.20e-19          8.5078e-17      9.34e-20    1.65e+00
rNLOq = (8.5078328e-17 +- 9.3425875e-20) pb
NLO = (4.1701346e-14 +- 1.8915704e-17) pb
#chisq/dof = 2.08501e-09
#status = success
#chisq/dof = 6.13355e-10
#status = success
#chisq/dof = 6.06498e-10
#status = success
#chisq/dof = 3.36668e-09
#status = success
#chisq/dof = 6.80013e-11
#status = success
#chisq/dof = 3.43358e-12
#status = success
#chisq/dof = 3.03432e-10
#status = success
#chisq/dof = 2.56656e-11
#status = success

*******************************************************
* threshold resummation (unimproved nnll) - expansion *
*******************************************************
The limits of integration are:

xl[0]=0.000000    xu[0]=1.000000
xl[1]=0.000000    xu[1]=1.000000
xl[2]=0.000000    xu[2]=1.000000

num_dim=3, calls=7000, it_num=1, max_it_num=5 verb=0, alph=1.50,
mode=0, bins=50, boxes=1

       single.......iteration                   accumulated......results   
iteration     integral    sigma             integral         sigma     chi-sq/it

   1        1.6020e-17   1.05e-15          1.6020e-17      1.05e-15    0.00e+00
   2        9.0157e-16   1.99e-16          8.7099e-16      1.95e-16    6.86e-01
   3        7.2214e-16   1.30e-16          7.6805e-16      1.08e-16    5.44e-01
   4        6.8532e-16   1.22e-16          7.3152e-16      8.10e-17    4.49e-01
   5        5.1487e-16   1.22e-16          6.6518e-16      6.75e-17    8.84e-01

num_dim=3, calls=35000, it_num=1, max_it_num=5 verb=0, alph=1.50,
mode=0, bins=50, boxes=1

       single.......iteration                   accumulated......results   
iteration     integral    sigma             integral         sigma     chi-sq/it

   1        7.9514e-16   5.33e-17          7.9514e-16      5.33e-17    0.00e+00
   2        7.5034e-16   5.35e-17          7.7282e-16      3.78e-17    3.52e-01
   3        6.6158e-16   5.32e-17          7.3556e-16      3.08e-17    1.63e+00
   4        7.6897e-16   5.33e-17          7.4392e-16      2.67e-17    1.18e+00
   5        6.1357e-16   5.36e-17          7.1809e-16      2.39e-17    2.07e+00
aNNLO+NNLL = (4.2419433e-14 +- 3.0464180e-17) pb

Results:
LO = (3.6670088e-14 +- 2.4637878e-17) pb
NLO = (4.1701346e-14 +- 1.8915704e-17) pb
aNNLO+NNLL = (4.2419433e-14 +- 3.0464180e-17) pb
Thanks for using LHAPDF 6.2.3. Please make sure to cite the paper:
  Eur.Phys.J. C75 (2015) 3, 132  (http://arxiv.org/abs/1412.7420)
 ====================================================
   FF 2.0, a package to evaluate one-loop integrals
 written by G. J. van Oldenborgh, NIKHEF-H, Amsterdam
 ====================================================
 for the algorithms used see preprint NIKHEF-H 89/17,
 'New Algorithms for One-loop Integrals', by G.J. van
 Oldenborgh and J.A.M. Vermaseren, published in 
 Zeitschrift fuer Physik C46(1990)425.
 ====================================================
 
total number of errors and warnings
===================================
fferr: no errors
 
