
  Welcome to Resummino git-latest
  Copyright 2008-2010 Jonathan Debove.
  Copyright 2011-2014 David R. Lamprea.
  Copyright 2011-2016 Marcel Rothering.

  Licensed under the EUPL 1.1 or later.
  See http://www.resummino.org/ for more information.

  If using Resummino for slepton pair production, please cite.
  - G. Bozzi, B. Fuks, M. Klasen, PRD 74, 015001 (2006); NPB 777, 157 (2007); NPB 794, 46 (2007).
  - B. Fuks, M. Klasen, D. R. Lamprea, M. Rothering, EPJC 73, 2480 (2013).

  For gaugino pair production, please cite:
  - J. Debove, B. Fuks, M. Klasen, PLB 688, 208 (2010); NPB 842, 51 (2011); NPB 849, 64 (2011).
  - B. Fuks, M. Klasen, D. R. Lamprea, M. Rothering, JHEP 1210, 081 (2012); EPJC 73, 2480 (2013).

  For associated gaugino gluino production, please cite:
  - B. Fuks, M. Klasen, M. Rothering, JHEP 07:053, (2016).
  - B. Fuks, M. Klasen, D. R. Lamprea, M. Rothering, EPJC 73, 2480 (2013).

LHAPDF 6.2.3 loading /pool/condor/dir_36268/resummino-releases/lhapdf-prefix/share/LHAPDF/PDF4LHC21_40/PDF4LHC21_40_0000.dat
PDF4LHC21_40 PDF set, member #0, version 1
 alpha_s(M_Z^2) = 0.1180 	 for LO PDF set 
 alpha_s(1000.000^2) = 0.0868 	 for LO PDF set 

********************
* LO cross section *
********************
The limits of integration are:

xl[0]=0.000000    xu[0]=1.000000
xl[1]=0.000000    xu[1]=1.000000
xl[2]=0.000000    xu[2]=1.000000

num_dim=3, calls=2000, it_num=1, max_it_num=5 verb=0, alph=1.50,
mode=0, bins=50, boxes=1

       single.......iteration                   accumulated......results   
iteration     integral    sigma             integral         sigma     chi-sq/it

   1        4.5572e-13   1.53e-14          4.5572e-13      1.53e-14    0.00e+00
   2        4.8477e-13   5.31e-15          4.8166e-13      5.02e-15    3.20e+00
   3        4.9076e-13   2.63e-15          4.8880e-13      2.33e-15    2.89e+00
   4        4.8747e-13   2.40e-15          4.8816e-13      1.67e-15    1.98e+00
   5        4.8659e-13   2.46e-15          4.8766e-13      1.38e-15    1.55e+00

num_dim=3, calls=20000, it_num=1, max_it_num=5 verb=0, alph=1.50,
mode=0, bins=50, boxes=1

       single.......iteration                   accumulated......results   
iteration     integral    sigma             integral         sigma     chi-sq/it

   1        4.8702e-13   7.66e-16          4.8702e-13      7.66e-16    0.00e+00
   2        4.8700e-13   7.44e-16          4.8701e-13      5.34e-16    4.28e-04
   3        4.8807e-13   7.28e-16          4.8738e-13      4.30e-16    6.90e-01
   4        4.8807e-13   7.76e-16          4.8755e-13      3.76e-16    6.62e-01
   5        4.8578e-13   7.77e-16          4.8721e-13      3.39e-16    1.54e+00
   5        4.8686e-13   7.81e-16          4.8716e-13      3.11e-16    1.27e+00
LO = (4.8715528e-13 +- 3.1079229e-16) pb
LHAPDF 6.2.3 loading /pool/condor/dir_36268/resummino-releases/lhapdf-prefix/share/LHAPDF/PDF4LHC21_40/PDF4LHC21_40_0020.dat
PDF4LHC21_40 PDF set, member #20, version 1
 alpha_s(M_Z^2) = 0.1180 	 for NLO PDF set 
 alpha_s(1000.000^2) = 0.0868 	 for NLO PDF set 

********************
* LO cross section *
********************
The limits of integration are:

xl[0]=0.000000    xu[0]=1.000000
xl[1]=0.000000    xu[1]=1.000000
xl[2]=0.000000    xu[2]=1.000000

num_dim=3, calls=2000, it_num=1, max_it_num=5 verb=0, alph=1.50,
mode=0, bins=50, boxes=1

       single.......iteration                   accumulated......results   
iteration     integral    sigma             integral         sigma     chi-sq/it

   1        4.4351e-13   1.53e-14          4.4351e-13      1.53e-14    0.00e+00
   2        4.7251e-13   5.30e-15          4.6942e-13      5.01e-15    3.19e+00
   3        4.7896e-13   2.58e-15          4.7696e-13      2.29e-15    3.03e+00
   4        4.7546e-13   2.36e-15          4.7623e-13      1.64e-15    2.09e+00
   5        4.7507e-13   2.39e-15          4.7586e-13      1.35e-15    1.61e+00

num_dim=3, calls=20000, it_num=1, max_it_num=5 verb=0, alph=1.50,
mode=0, bins=50, boxes=1

       single.......iteration                   accumulated......results   
iteration     integral    sigma             integral         sigma     chi-sq/it

   1        4.7500e-13   7.49e-16          4.7500e-13      7.49e-16    0.00e+00
   2        4.7486e-13   7.32e-16          4.7493e-13      5.23e-16    1.78e-02
   3        4.7599e-13   7.14e-16          4.7530e-13      4.22e-16    7.19e-01
   4        4.7596e-13   7.57e-16          4.7546e-13      3.69e-16    6.76e-01
   5        4.7370e-13   7.62e-16          4.7512e-13      3.32e-16    1.58e+00
   5        4.7470e-13   7.66e-16          4.7506e-13      3.05e-16    1.32e+00
   5        4.7610e-13   7.68e-16          4.7520e-13      2.83e-16    1.36e+00
   5        4.7454e-13   7.88e-16          4.7512e-13      2.66e-16    1.26e+00
   5        4.7458e-13   8.12e-16          4.7507e-13      2.53e-16    1.15e+00
   5        4.7407e-13   8.17e-16          4.7498e-13      2.42e-16    1.18e+00
   5        4.7470e-13   8.66e-16          4.7496e-13      2.33e-16    1.07e+00
   5        4.7456e-13   8.83e-16          4.7494e-13      2.25e-16    9.89e-01
   5        4.7562e-13   9.36e-16          4.7497e-13      2.19e-16    9.48e-01
   5        4.7421e-13   9.70e-16          4.7494e-13      2.14e-16    9.21e-01
   5        4.7539e-13   1.04e-15          4.7495e-13      2.09e-16    8.68e-01
   5        4.7453e-13   1.06e-15          4.7494e-13      2.05e-16    8.20e-01
   5        4.7369e-13   1.07e-15          4.7489e-13      2.02e-16    8.52e-01
   5        4.7680e-13   1.10e-15          4.7496e-13      1.98e-16    9.72e-01
   5        4.7641e-13   1.19e-15          4.7500e-13      1.96e-16    1.00e+00
   5        4.7621e-13   1.16e-15          4.7503e-13      1.93e-16    1.00e+00
   5        4.7375e-13   1.21e-15          4.7500e-13      1.90e-16    1.01e+00
   5        4.7504e-13   1.24e-15          4.7500e-13      1.88e-16    9.59e-01
   5        4.7610e-13   1.27e-15          4.7502e-13      1.86e-16    9.49e-01
   5        4.7485e-13   1.37e-15          4.7502e-13      1.85e-16    9.08e-01
   5        4.7648e-13   1.33e-15          4.7505e-13      1.83e-16    9.20e-01
   5        4.7491e-13   1.37e-15          4.7504e-13      1.81e-16    8.83e-01
   5        4.7759e-13   1.45e-15          4.7508e-13      1.80e-16    9.66e-01
   5        4.7529e-13   1.39e-15          4.7509e-13      1.78e-16    9.31e-01
   5        4.7491e-13   1.43e-15          4.7508e-13      1.77e-16    8.98e-01
   5        4.7635e-13   1.51e-15          4.7510e-13      1.76e-16    8.91e-01
   5        4.7534e-13   1.46e-15          4.7510e-13      1.74e-16    8.62e-01
   5        4.7500e-13   1.52e-15          4.7510e-13      1.73e-16    8.35e-01
   5        4.7664e-13   1.46e-15          4.7512e-13      1.72e-16    8.43e-01
   5        4.7395e-13   1.52e-15          4.7511e-13      1.71e-16    8.35e-01
   5        4.7362e-13   1.48e-15          4.7509e-13      1.70e-16    8.40e-01
   5        4.7724e-13   1.53e-15          4.7512e-13      1.69e-16    8.72e-01
   5        4.7052e-13   1.49e-15          4.7506e-13      1.68e-16    1.11e+00
   5        4.7257e-13   1.55e-15          4.7503e-13      1.67e-16    1.15e+00
   5        4.7624e-13   1.54e-15          4.7504e-13      1.66e-16    1.13e+00
   5        4.7518e-13   1.57e-15          4.7504e-13      1.65e-16    1.10e+00
   5        4.7625e-13   1.61e-15          4.7506e-13      1.64e-16    1.09e+00
   5        4.7509e-13   1.59e-15          4.7506e-13      1.63e-16    1.06e+00
   5        4.7933e-13   1.63e-15          4.7510e-13      1.62e-16    1.20e+00
LO = (4.7509985e-13 +- 1.6238231e-16) pb

*******************************************
* virtual corrections + integrated dipole *
*******************************************
The limits of integration are:

xl[0]=0.000000    xu[0]=1.000000
xl[1]=0.000000    xu[1]=1.000000
xl[2]=0.000000    xu[2]=1.000000

num_dim=3, calls=240, it_num=1, max_it_num=5 verb=0, alph=1.50,
mode=0, bins=50, boxes=1

       single.......iteration                   accumulated......results   
iteration     integral    sigma             integral         sigma     chi-sq/it

   1        5.3599e-14   5.56e-15          5.3599e-14      5.56e-15    0.00e+00
   2        5.6172e-14   2.92e-15          5.5615e-14      2.59e-15    1.68e-01
   3        6.2393e-14   1.71e-15          6.0328e-14      1.43e-15    2.47e+00
   4        6.2364e-14   1.15e-15          6.1566e-14      8.93e-16    2.06e+00
   5        6.3985e-14   1.35e-15          6.2300e-14      7.46e-16    2.10e+00

num_dim=3, calls=1200, it_num=1, max_it_num=3 verb=0, alph=1.50,
mode=0, bins=50, boxes=1

       single.......iteration                   accumulated......results   
iteration     integral    sigma             integral         sigma     chi-sq/it

   1        6.0501e-14   5.63e-16          6.0501e-14      5.63e-16    0.00e+00
   2        6.1709e-14   4.69e-16          6.1214e-14      3.61e-16    2.71e+00
   3        6.1419e-14   4.24e-16          6.1300e-14      2.75e-16    1.42e+00
   3        6.2065e-14   3.98e-16          6.1547e-14      2.26e-16    1.78e+00
   3        6.1059e-14   4.33e-16          6.1442e-14      2.00e-16    1.59e+00
   3        6.1680e-14   4.12e-16          6.1488e-14      1.80e-16    1.32e+00
   3        6.1257e-14   4.53e-16          6.1456e-14      1.68e-16    1.14e+00
   3        6.1938e-14   4.41e-16          6.1517e-14      1.57e-16    1.13e+00
vNLO = (6.1516708e-14 +- 1.5659358e-16) pb

*****************************
* collinear remainder (P+K) *
*****************************
The limits of integration are:

xl[0]=0.000000    xu[0]=1.000000
xl[1]=0.000000    xu[1]=1.000000
xl[2]=0.000000    xu[2]=1.000000
xl[3]=0.000000    xu[3]=1.000000

num_dim=4, calls=2500, it_num=1, max_it_num=5 verb=0, alph=1.50,
mode=0, bins=50, boxes=1

       single.......iteration                   accumulated......results   
iteration     integral    sigma             integral         sigma     chi-sq/it

   1        4.8535e-14   3.72e-15          4.8535e-14      3.72e-15    0.00e+00
   2        4.9529e-14   1.46e-15          4.9396e-14      1.36e-15    6.19e-02
   3        5.0272e-14   1.24e-15          4.9876e-14      9.15e-16    1.44e-01
   4        5.0510e-14   1.19e-15          5.0113e-14      7.25e-16    1.56e-01
   5        5.1875e-14   1.17e-15          5.0604e-14      6.15e-16    5.29e-01

num_dim=4, calls=25000, it_num=1, max_it_num=3 verb=0, alph=1.50,
mode=0, bins=50, boxes=1

       single.......iteration                   accumulated......results   
iteration     integral    sigma             integral         sigma     chi-sq/it

   1        5.1726e-14   3.66e-16          5.1726e-14      3.66e-16    0.00e+00
   2        5.1679e-14   3.64e-16          5.1703e-14      2.58e-16    8.08e-03
   3        5.0670e-14   3.67e-16          5.1361e-14      2.11e-16    2.65e+00
   3        5.1207e-14   3.66e-16          5.1322e-14      1.83e-16    1.81e+00
   3        5.0526e-14   3.70e-16          5.1166e-14      1.64e-16    2.29e+00
   3        5.0527e-14   3.69e-16          5.1060e-14      1.50e-16    2.33e+00
   3        5.0827e-14   3.71e-16          5.1028e-14      1.39e-16    2.00e+00
   3        5.1075e-14   3.70e-16          5.1033e-14      1.30e-16    1.72e+00
   3        5.1009e-14   3.73e-16          5.1031e-14      1.23e-16    1.50e+00
   3        5.1217e-14   3.72e-16          5.1049e-14      1.17e-16    1.36e+00
P+K = (5.1049048e-14 +- 1.1662197e-16) pb

********************************
* real gluon emission - dipole *
********************************
The limits of integration are:

xl[0]=0.000000    xu[0]=1.000000
xl[1]=0.000000    xu[1]=1.000000
xl[2]=0.000000    xu[2]=1.000000
xl[3]=0.000000    xu[3]=1.000000
xl[4]=0.000000    xu[4]=1.000000
xl[5]=0.000000    xu[5]=1.000000

num_dim=6, calls=250, it_num=1, max_it_num=5 verb=0, alph=1.50,
mode=0, bins=50, boxes=1

       single.......iteration                   accumulated......results   
iteration     integral    sigma             integral         sigma     chi-sq/it

   1        -1.0673e-15   3.68e-16          -1.0673e-15      3.68e-16    0.00e+00
   2        -1.1976e-15   2.51e-16          -1.1564e-15      2.07e-16    8.56e-02
   3        -7.7638e-16   9.05e-17          -8.3723e-16      8.29e-17    1.46e+00
   4        -8.6064e-16   8.69e-17          -8.4838e-16      6.00e-17    9.83e-01
   5        -8.9789e-16   6.70e-17          -8.7041e-16      4.47e-17    8.13e-01

num_dim=6, calls=2500, it_num=1, max_it_num=3 verb=0, alph=1.50,
mode=0, bins=50, boxes=1

       single.......iteration                   accumulated......results   
iteration     integral    sigma             integral         sigma     chi-sq/it

   1        -9.0397e-16   1.94e-17          -9.0397e-16      1.94e-17    0.00e+00
   2        -9.0466e-16   1.25e-17          -9.0446e-16      1.05e-17    9.08e-04
   3        -9.1976e-16   1.25e-17          -9.1080e-16      8.04e-18    4.40e-01
rNLOg = (-9.1079631e-16 +- 8.0390494e-18) pb

**************************************************
* real light quark emission - dipole - (onshell) *
**************************************************
The limits of integration are:

xl[0]=0.000000    xu[0]=1.000000
xl[1]=0.000000    xu[1]=1.000000
xl[2]=0.000000    xu[2]=1.000000
xl[3]=0.000000    xu[3]=1.000000
xl[4]=0.000000    xu[4]=1.000000
xl[5]=0.000000    xu[5]=1.000000

num_dim=6, calls=5000, it_num=1, max_it_num=5 verb=0, alph=1.50,
mode=0, bins=50, boxes=1

       single.......iteration                   accumulated......results   
iteration     integral    sigma             integral         sigma     chi-sq/it

   1        2.5419e-15   1.83e-16          2.5419e-15      1.83e-16    0.00e+00
   2        2.6312e-15   5.26e-17          2.6245e-15      5.05e-17    2.19e-01
   3        2.5781e-15   2.93e-17          2.5898e-15      2.53e-17    4.25e-01
   4        2.5423e-15   2.24e-17          2.5631e-15      1.68e-17    9.38e-01
   5        2.5625e-15   1.88e-17          2.5628e-15      1.25e-17    7.04e-01

num_dim=6, calls=50000, it_num=1, max_it_num=5 verb=0, alph=1.50,
mode=0, bins=50, boxes=1

       single.......iteration                   accumulated......results   
iteration     integral    sigma             integral         sigma     chi-sq/it

   1        2.5557e-15   5.77e-18          2.5557e-15      5.77e-18    0.00e+00
   2        2.5700e-15   7.31e-18          2.5612e-15      4.53e-18    2.36e+00
   3        2.5779e-15   7.54e-18          2.5656e-15      3.88e-18    2.98e+00
   4        2.5638e-15   6.78e-18          2.5652e-15      3.37e-18    2.01e+00
   5        2.5704e-15   7.23e-18          2.5661e-15      3.05e-18    1.61e+00
   5        2.5620e-15   6.25e-18          2.5653e-15      2.74e-18    1.36e+00
rNLOq = (2.5653041e-15 +- 2.7439259e-18) pb
NLO = (5.8932011e-13 +- 2.5409132e-16) pb
#chisq/dof = 2.25345e-09
#status = success
#chisq/dof = 2.00376e-09
#status = success
#chisq/dof = 5.27047e-10
#status = success
#chisq/dof = 6.59878e-10
#status = success
#chisq/dof = 1.37622e-10
#status = success
#chisq/dof = 2.70636e-12
#status = success
#chisq/dof = 2.13708e-10
#status = success
#chisq/dof = 9.20003e-11
#status = success

*******************************************************
* threshold resummation (unimproved nnll) - expansion *
*******************************************************
The limits of integration are:

xl[0]=0.000000    xu[0]=1.000000
xl[1]=0.000000    xu[1]=1.000000
xl[2]=0.000000    xu[2]=1.000000

num_dim=3, calls=7000, it_num=1, max_it_num=5 verb=0, alph=1.50,
mode=0, bins=50, boxes=1

       single.......iteration                   accumulated......results   
iteration     integral    sigma             integral         sigma     chi-sq/it

   1        4.7231e-14   4.74e-14          4.7231e-14      4.74e-14    0.00e+00
   2        -1.6373e-15   2.18e-14          6.9231e-15      1.98e-14    8.78e-01
   3        -3.0010e-14   2.01e-14          -1.1275e-14      1.41e-14    1.29e+00
   4        3.4834e-14   2.00e-14          4.0732e-15      1.15e-14    2.05e+00
   5        -1.4804e-14   1.99e-14          -6.6512e-16      9.98e-15    1.70e+00

num_dim=3, calls=35000, it_num=1, max_it_num=5 verb=0, alph=1.50,
mode=0, bins=50, boxes=1

       single.......iteration                   accumulated......results   
iteration     integral    sigma             integral         sigma     chi-sq/it

   1        4.9045e-15   8.87e-15          4.9045e-15      8.87e-15    0.00e+00
   2        9.4063e-15   8.85e-15          7.1599e-15      6.26e-15    1.29e-01
   3        1.4585e-14   8.83e-15          9.6457e-15      5.11e-15    3.00e-01
   4        1.8084e-14   8.87e-15          1.1747e-14      4.43e-15    4.26e-01
   5        -1.5259e-15   8.83e-15          9.0833e-15      3.96e-15    7.71e-01
   5        -2.0707e-15   8.87e-15          7.2314e-15      3.61e-15    8.80e-01
   5        4.9226e-15   8.88e-15          6.9034e-15      3.35e-15    7.43e-01
   5        8.9963e-15   8.87e-15          7.1643e-15      3.13e-15    6.44e-01
   5        3.5367e-15   8.87e-15          6.7625e-15      2.95e-15    5.82e-01
   5        2.1651e-15   8.88e-15          6.3045e-15      2.80e-15    5.44e-01
   5        -9.7499e-16   8.87e-15          5.6433e-15      2.67e-15    5.51e-01
   5        -8.0057e-15   8.88e-15          4.5104e-15      2.56e-15    6.98e-01
   5        7.6448e-16   8.94e-15          4.2268e-15      2.46e-15    6.53e-01
   5        8.3148e-15   8.89e-15          4.5174e-15      2.37e-15    6.18e-01
   5        8.9775e-15   8.96e-15          4.8092e-15      2.29e-15    5.91e-01
   5        1.0253e-14   8.94e-15          5.1448e-15      2.22e-15    5.74e-01
   5        -1.3524e-14   8.98e-15          4.0691e-15      2.16e-15    7.93e-01
   5        -4.3551e-15   8.98e-15          3.6105e-15      2.10e-15    7.95e-01
   5        1.9385e-14   8.98e-15          4.4255e-15      2.04e-15    9.14e-01
   5        1.2991e-14   9.07e-15          4.8380e-15      1.99e-15    9.10e-01
   5        -1.5133e-14   9.05e-15          3.9157e-15      1.94e-15    1.10e+00
   5        8.5588e-15   9.08e-15          4.1195e-15      1.90e-15    1.06e+00
   5        -5.3450e-15   9.06e-15          3.7203e-15      1.86e-15    1.06e+00
   5        -3.0042e-15   9.12e-15          3.4517e-15      1.82e-15    1.03e+00
   5        -7.4800e-15   9.16e-15          3.0353e-15      1.79e-15    1.05e+00
   5        2.9325e-14   9.15e-15          4.0031e-15      1.76e-15    1.32e+00
   5        7.2133e-15   9.18e-15          4.1163e-15      1.72e-15    1.28e+00
   5        8.5735e-15   9.27e-15          4.2654e-15      1.69e-15    1.24e+00
   5        6.2949e-16   9.26e-15          4.1476e-15      1.67e-15    1.20e+00
   5        3.0552e-15   9.28e-15          4.1134e-15      1.64e-15    1.16e+00
   5        9.1633e-15   9.34e-15          4.2645e-15      1.62e-15    1.13e+00
   5        2.2975e-14   9.46e-15          4.7951e-15      1.59e-15    1.22e+00
   5        3.9686e-15   9.48e-15          4.7724e-15      1.57e-15    1.18e+00
   5        1.3551e-15   9.45e-15          4.6806e-15      1.55e-15    1.15e+00
   5        1.2868e-14   9.51e-15          4.8925e-15      1.53e-15    1.13e+00
   5        1.8330e-14   9.53e-15          5.2300e-15      1.51e-15    1.16e+00
   5        -4.9447e-15   9.62e-15          4.9854e-15      1.49e-15    1.15e+00
   5        -1.4508e-14   9.56e-15          4.5222e-15      1.47e-15    1.23e+00
   5        8.0330e-15   9.60e-15          4.6031e-15      1.46e-15    1.20e+00
   5        -1.5205e-14   9.70e-15          4.1662e-15      1.44e-15    1.28e+00
   5        -4.0421e-16   9.81e-15          4.0697e-15      1.43e-15    1.25e+00
   5        5.1339e-15   9.94e-15          4.0912e-15      1.41e-15    1.22e+00
   5        2.2829e-15   9.80e-15          4.0545e-15      1.40e-15    1.19e+00
   5        -8.8254e-16   9.87e-15          3.9576e-15      1.38e-15    1.17e+00
   5        -8.1062e-16   9.96e-15          3.8673e-15      1.37e-15    1.15e+00
   5        -1.1526e-14   9.83e-15          3.5743e-15      1.36e-15    1.18e+00
   5        2.3970e-14   9.88e-15          3.9520e-15      1.34e-15    1.24e+00
   5        1.0478e-14   9.88e-15          4.0706e-15      1.33e-15    1.22e+00
   5        -2.0663e-15   9.83e-15          3.9599e-15      1.32e-15    1.21e+00
   5        -4.4341e-15   9.93e-15          3.8142e-15      1.31e-15    1.20e+00
   5        8.6422e-16   9.81e-15          3.7626e-15      1.30e-15    1.17e+00
   5        9.2170e-15   9.87e-15          3.8552e-15      1.29e-15    1.16e+00
   5        -3.9876e-15   9.87e-15          3.7244e-15      1.28e-15    1.15e+00
   5        1.7717e-14   9.94e-15          3.9509e-15      1.26e-15    1.16e+00
   5        -5.7954e-15   9.96e-15          3.7962e-15      1.25e-15    1.16e+00
aNNLO+NNLL = (5.9311627e-13 +- 1.2801367e-15) pb

Results:
LO = (4.8715528e-13 +- 3.1079229e-16) pb
NLO = (5.8932011e-13 +- 2.5409132e-16) pb
aNNLO+NNLL = (5.9311627e-13 +- 1.2801367e-15) pb
Thanks for using LHAPDF 6.2.3. Please make sure to cite the paper:
  Eur.Phys.J. C75 (2015) 3, 132  (http://arxiv.org/abs/1412.7420)
 ====================================================
   FF 2.0, a package to evaluate one-loop integrals
 written by G. J. van Oldenborgh, NIKHEF-H, Amsterdam
 ====================================================
 for the algorithms used see preprint NIKHEF-H 89/17,
 'New Algorithms for One-loop Integrals', by G.J. van
 Oldenborgh and J.A.M. Vermaseren, published in 
 Zeitschrift fuer Physik C46(1990)425.
 ====================================================
 
total number of errors and warnings
===================================
fferr: no errors
 
