
  Welcome to Resummino git-latest
  Copyright 2008-2010 Jonathan Debove.
  Copyright 2011-2014 David R. Lamprea.
  Copyright 2011-2016 Marcel Rothering.

  Licensed under the EUPL 1.1 or later.
  See http://www.resummino.org/ for more information.

  If using Resummino for slepton pair production, please cite.
  - G. Bozzi, B. Fuks, M. Klasen, PRD 74, 015001 (2006); NPB 777, 157 (2007); NPB 794, 46 (2007).
  - B. Fuks, M. Klasen, D. R. Lamprea, M. Rothering, EPJC 73, 2480 (2013).

  For gaugino pair production, please cite:
  - J. Debove, B. Fuks, M. Klasen, PLB 688, 208 (2010); NPB 842, 51 (2011); NPB 849, 64 (2011).
  - B. Fuks, M. Klasen, D. R. Lamprea, M. Rothering, JHEP 1210, 081 (2012); EPJC 73, 2480 (2013).

  For associated gaugino gluino production, please cite:
  - B. Fuks, M. Klasen, M. Rothering, JHEP 07:053, (2016).
  - B. Fuks, M. Klasen, D. R. Lamprea, M. Rothering, EPJC 73, 2480 (2013).

LHAPDF 6.2.3 loading /pool/condor/dir_3949/resummino-releases/lhapdf-prefix/share/LHAPDF/PDF4LHC21_40/PDF4LHC21_40_0000.dat
PDF4LHC21_40 PDF set, member #0, version 1
 alpha_s(M_Z^2) = 0.1180 	 for LO PDF set 
 alpha_s(1100.000^2) = 0.0859 	 for LO PDF set 

********************
* LO cross section *
********************
The limits of integration are:

xl[0]=0.000000    xu[0]=1.000000
xl[1]=0.000000    xu[1]=1.000000
xl[2]=0.000000    xu[2]=1.000000

num_dim=3, calls=2000, it_num=1, max_it_num=5 verb=0, alph=1.50,
mode=0, bins=50, boxes=1

       single.......iteration                   accumulated......results   
iteration     integral    sigma             integral         sigma     chi-sq/it

   1        3.2557e-13   1.09e-14          3.2557e-13      1.09e-14    0.00e+00
   2        3.4733e-13   3.81e-15          3.4497e-13      3.60e-15    3.54e+00
   3        3.5127e-13   1.87e-15          3.4992e-13      1.66e-15    2.98e+00
   4        3.4902e-13   1.71e-15          3.4948e-13      1.19e-15    2.03e+00
   5        3.4862e-13   1.73e-15          3.4921e-13      9.82e-16    1.57e+00

num_dim=3, calls=20000, it_num=1, max_it_num=5 verb=0, alph=1.50,
mode=0, bins=50, boxes=1

       single.......iteration                   accumulated......results   
iteration     integral    sigma             integral         sigma     chi-sq/it

   1        3.4876e-13   5.43e-16          3.4876e-13      5.43e-16    0.00e+00
   2        3.4872e-13   5.27e-16          3.4874e-13      3.78e-16    2.21e-03
   3        3.4942e-13   5.13e-16          3.4898e-13      3.04e-16    5.77e-01
   4        3.4944e-13   5.47e-16          3.4909e-13      2.66e-16    5.66e-01
   5        3.4785e-13   5.52e-16          3.4886e-13      2.40e-16    1.46e+00
LO = (3.4885600e-13 +- 2.3954854e-16) pb
LHAPDF 6.2.3 loading /pool/condor/dir_3949/resummino-releases/lhapdf-prefix/share/LHAPDF/PDF4LHC21_40/PDF4LHC21_40_0039.dat
PDF4LHC21_40 PDF set, member #39, version 1
 alpha_s(M_Z^2) = 0.1180 	 for NLO PDF set 
 alpha_s(1100.000^2) = 0.0859 	 for NLO PDF set 

********************
* LO cross section *
********************
The limits of integration are:

xl[0]=0.000000    xu[0]=1.000000
xl[1]=0.000000    xu[1]=1.000000
xl[2]=0.000000    xu[2]=1.000000

num_dim=3, calls=2000, it_num=1, max_it_num=5 verb=0, alph=1.50,
mode=0, bins=50, boxes=1

       single.......iteration                   accumulated......results   
iteration     integral    sigma             integral         sigma     chi-sq/it

   1        3.2280e-13   1.09e-14          3.2280e-13      1.09e-14    0.00e+00
   2        3.4453e-13   3.82e-15          3.4218e-13      3.60e-15    3.51e+00
   3        3.4855e-13   1.86e-15          3.4721e-13      1.65e-15    2.99e+00
   4        3.4634e-13   1.68e-15          3.4678e-13      1.18e-15    2.04e+00
   5        3.4611e-13   1.70e-15          3.4657e-13      9.69e-16    1.56e+00

num_dim=3, calls=20000, it_num=1, max_it_num=5 verb=0, alph=1.50,
mode=0, bins=50, boxes=1

       single.......iteration                   accumulated......results   
iteration     integral    sigma             integral         sigma     chi-sq/it

   1        3.4603e-13   5.33e-16          3.4603e-13      5.33e-16    0.00e+00
   2        3.4594e-13   5.20e-16          3.4598e-13      3.72e-16    1.58e-02
   3        3.4666e-13   5.05e-16          3.4622e-13      3.00e-16    5.85e-01
   4        3.4669e-13   5.37e-16          3.4633e-13      2.62e-16    5.82e-01
   5        3.4511e-13   5.43e-16          3.4610e-13      2.36e-16    1.46e+00
   5        3.4581e-13   5.44e-16          3.4605e-13      2.16e-16    1.21e+00
   5        3.4677e-13   5.45e-16          3.4615e-13      2.01e-16    1.26e+00
   5        3.4573e-13   5.60e-16          3.4610e-13      1.89e-16    1.15e+00
   5        3.4575e-13   5.74e-16          3.4607e-13      1.80e-16    1.05e+00
   5        3.4543e-13   5.78e-16          3.4601e-13      1.72e-16    1.06e+00
   5        3.4571e-13   6.15e-16          3.4599e-13      1.65e-16    9.75e-01
   5        3.4576e-13   6.24e-16          3.4598e-13      1.60e-16    8.99e-01
   5        3.4638e-13   6.60e-16          3.4600e-13      1.55e-16    8.54e-01
   5        3.4545e-13   6.90e-16          3.4597e-13      1.52e-16    8.34e-01
   5        3.4618e-13   7.39e-16          3.4598e-13      1.48e-16    7.80e-01
   5        3.4561e-13   7.63e-16          3.4597e-13      1.46e-16    7.43e-01
   5        3.4497e-13   7.66e-16          3.4593e-13      1.43e-16    7.98e-01
   5        3.4736e-13   7.88e-16          3.4598e-13      1.41e-16    9.37e-01
   5        3.4692e-13   8.54e-16          3.4600e-13      1.39e-16    9.51e-01
   5        3.4670e-13   8.36e-16          3.4602e-13      1.37e-16    9.37e-01
   5        3.4509e-13   8.73e-16          3.4600e-13      1.35e-16    9.46e-01
   5        3.4595e-13   8.92e-16          3.4600e-13      1.34e-16    9.01e-01
   5        3.4681e-13   9.12e-16          3.4601e-13      1.32e-16    8.96e-01
   5        3.4597e-13   9.89e-16          3.4601e-13      1.31e-16    8.57e-01
   5        3.4699e-13   9.59e-16          3.4603e-13      1.30e-16    8.64e-01
   5        3.4590e-13   9.89e-16          3.4603e-13      1.29e-16    8.30e-01
   5        3.4774e-13   1.05e-15          3.4606e-13      1.28e-16    8.98e-01
   5        3.4612e-13   1.00e-15          3.4606e-13      1.27e-16    8.65e-01
   5        3.4584e-13   1.03e-15          3.4605e-13      1.26e-16    8.36e-01
   5        3.4684e-13   1.09e-15          3.4606e-13      1.25e-16    8.25e-01
   5        3.4625e-13   1.06e-15          3.4607e-13      1.24e-16    7.98e-01
   5        3.4587e-13   1.11e-15          3.4606e-13      1.24e-16    7.74e-01
   5        3.4723e-13   1.08e-15          3.4608e-13      1.23e-16    7.85e-01
   5        3.4537e-13   1.13e-15          3.4607e-13      1.22e-16    7.73e-01
   5        3.4492e-13   1.10e-15          3.4606e-13      1.21e-16    7.82e-01
   5        3.4751e-13   1.14e-15          3.4607e-13      1.21e-16    8.06e-01
   5        3.4258e-13   1.11e-15          3.4603e-13      1.20e-16    1.06e+00
   5        3.4408e-13   1.15e-15          3.4601e-13      1.19e-16    1.10e+00
   5        3.4686e-13   1.15e-15          3.4602e-13      1.19e-16    1.09e+00
   5        3.4608e-13   1.17e-15          3.4602e-13      1.18e-16    1.06e+00
   5        3.4685e-13   1.19e-15          3.4603e-13      1.17e-16    1.05e+00
   5        3.4594e-13   1.18e-15          3.4603e-13      1.17e-16    1.02e+00
   5        3.4909e-13   1.21e-15          3.4606e-13      1.16e-16    1.15e+00
   5        3.4671e-13   1.17e-15          3.4606e-13      1.16e-16    1.13e+00
LO = (3.4606223e-13 +- 1.1573354e-16) pb

*******************************************
* virtual corrections + integrated dipole *
*******************************************
The limits of integration are:

xl[0]=0.000000    xu[0]=1.000000
xl[1]=0.000000    xu[1]=1.000000
xl[2]=0.000000    xu[2]=1.000000

num_dim=3, calls=240, it_num=1, max_it_num=5 verb=0, alph=1.50,
mode=0, bins=50, boxes=1

       single.......iteration                   accumulated......results   
iteration     integral    sigma             integral         sigma     chi-sq/it

   1        3.8405e-14   3.89e-15          3.8405e-14      3.89e-15    0.00e+00
   2        4.0547e-14   2.11e-15          4.0060e-14      1.86e-15    2.34e-01
   3        4.4808e-14   1.17e-15          4.3450e-14      9.93e-16    2.45e+00
   4        4.4879e-14   8.17e-16          4.4301e-14      6.31e-16    2.05e+00
   5        4.5923e-14   9.51e-16          4.4797e-14      5.26e-16    2.04e+00

num_dim=3, calls=1200, it_num=1, max_it_num=3 verb=0, alph=1.50,
mode=0, bins=50, boxes=1

       single.......iteration                   accumulated......results   
iteration     integral    sigma             integral         sigma     chi-sq/it

   1        4.3698e-14   4.02e-16          4.3698e-14      4.02e-16    0.00e+00
   2        4.4510e-14   3.33e-16          4.4180e-14      2.57e-16    2.42e+00
   3        4.4265e-14   3.00e-16          4.4216e-14      1.95e-16    1.23e+00
   3        4.4677e-14   2.79e-16          4.4367e-14      1.60e-16    1.43e+00
   3        4.4028e-14   3.04e-16          4.4294e-14      1.41e-16    1.32e+00
   3        4.4491e-14   2.89e-16          4.4332e-14      1.27e-16    1.13e+00
   3        4.4197e-14   3.18e-16          4.4313e-14      1.18e-16    9.69e-01
   3        4.4603e-14   3.05e-16          4.4351e-14      1.10e-16    9.42e-01
vNLO = (4.4350868e-14 +- 1.1006223e-16) pb

*****************************
* collinear remainder (P+K) *
*****************************
The limits of integration are:

xl[0]=0.000000    xu[0]=1.000000
xl[1]=0.000000    xu[1]=1.000000
xl[2]=0.000000    xu[2]=1.000000
xl[3]=0.000000    xu[3]=1.000000

num_dim=4, calls=2500, it_num=1, max_it_num=5 verb=0, alph=1.50,
mode=0, bins=50, boxes=1

       single.......iteration                   accumulated......results   
iteration     integral    sigma             integral         sigma     chi-sq/it

   1        3.7817e-14   2.75e-15          3.7817e-14      2.75e-15    0.00e+00
   2        3.8622e-14   1.08e-15          3.8514e-14      1.01e-15    7.43e-02
   3        3.9176e-14   9.04e-16          3.8880e-14      6.72e-16    1.57e-01
   4        3.9356e-14   8.70e-16          3.9058e-14      5.32e-16    1.67e-01
   5        4.0223e-14   8.49e-16          3.9387e-14      4.51e-16    4.63e-01

num_dim=4, calls=25000, it_num=1, max_it_num=3 verb=0, alph=1.50,
mode=0, bins=50, boxes=1

       single.......iteration                   accumulated......results   
iteration     integral    sigma             integral         sigma     chi-sq/it

   1        4.0195e-14   2.67e-16          4.0195e-14      2.67e-16    0.00e+00
   2        4.0188e-14   2.66e-16          4.0191e-14      1.89e-16    3.37e-04
   3        3.9451e-14   2.68e-16          3.9947e-14      1.54e-16    2.54e+00
   3        3.9832e-14   2.68e-16          3.9918e-14      1.34e-16    1.74e+00
   3        3.9327e-14   2.71e-16          3.9802e-14      1.20e-16    2.26e+00
   3        3.9315e-14   2.70e-16          3.9722e-14      1.10e-16    2.36e+00
   3        3.9555e-14   2.71e-16          3.9698e-14      1.02e-16    2.02e+00
   3        3.9724e-14   2.70e-16          3.9702e-14      9.50e-17    1.73e+00
   3        3.9658e-14   2.73e-16          3.9697e-14      8.98e-17    1.52e+00
   3        3.9806e-14   2.73e-16          3.9708e-14      8.53e-17    1.36e+00
P+K = (3.9707513e-14 +- 8.5251938e-17) pb

********************************
* real gluon emission - dipole *
********************************
The limits of integration are:

xl[0]=0.000000    xu[0]=1.000000
xl[1]=0.000000    xu[1]=1.000000
xl[2]=0.000000    xu[2]=1.000000
xl[3]=0.000000    xu[3]=1.000000
xl[4]=0.000000    xu[4]=1.000000
xl[5]=0.000000    xu[5]=1.000000

num_dim=6, calls=250, it_num=1, max_it_num=5 verb=0, alph=1.50,
mode=0, bins=50, boxes=1

       single.......iteration                   accumulated......results   
iteration     integral    sigma             integral         sigma     chi-sq/it

   1        -7.1631e-16   2.45e-16          -7.1631e-16      2.45e-16    0.00e+00
   2        -8.3537e-16   1.82e-16          -7.9296e-16      1.46e-16    1.52e-01
   3        -5.4152e-16   6.58e-17          -5.8390e-16      6.00e-17    1.31e+00
   4        -5.9224e-16   5.58e-17          -5.8838e-16      4.09e-17    8.74e-01
   5        -7.4923e-16   7.04e-17          -6.2887e-16      3.53e-17    1.63e+00

num_dim=6, calls=2500, it_num=1, max_it_num=3 verb=0, alph=1.50,
mode=0, bins=50, boxes=1

       single.......iteration                   accumulated......results   
iteration     integral    sigma             integral         sigma     chi-sq/it

   1        -6.2391e-16   1.42e-17          -6.2391e-16      1.42e-17    0.00e+00
   2        -6.2057e-16   8.65e-18          -6.2147e-16      7.39e-18    4.02e-02
   3        -6.3226e-16   9.02e-18          -6.2581e-16      5.72e-18    4.48e-01
rNLOg = (-6.2580689e-16 +- 5.7169478e-18) pb

**************************************************
* real light quark emission - dipole - (onshell) *
**************************************************
The limits of integration are:

xl[0]=0.000000    xu[0]=1.000000
xl[1]=0.000000    xu[1]=1.000000
xl[2]=0.000000    xu[2]=1.000000
xl[3]=0.000000    xu[3]=1.000000
xl[4]=0.000000    xu[4]=1.000000
xl[5]=0.000000    xu[5]=1.000000

num_dim=6, calls=5000, it_num=1, max_it_num=5 verb=0, alph=1.50,
mode=0, bins=50, boxes=1

       single.......iteration                   accumulated......results   
iteration     integral    sigma             integral         sigma     chi-sq/it

   1        1.6619e-15   1.14e-16          1.6619e-15      1.14e-16    0.00e+00
   2        1.7047e-15   3.25e-17          1.7015e-15      3.12e-17    1.30e-01
   3        1.6650e-15   1.78e-17          1.6739e-15      1.55e-17    5.80e-01
   4        1.6522e-15   1.40e-17          1.6620e-15      1.04e-17    7.50e-01
   5        1.6629e-15   1.19e-17          1.6624e-15      7.83e-18    5.63e-01

num_dim=6, calls=50000, it_num=1, max_it_num=5 verb=0, alph=1.50,
mode=0, bins=50, boxes=1

       single.......iteration                   accumulated......results   
iteration     integral    sigma             integral         sigma     chi-sq/it

   1        1.6600e-15   3.66e-18          1.6600e-15      3.66e-18    0.00e+00
   2        1.6701e-15   4.84e-18          1.6637e-15      2.92e-18    2.74e+00
   3        1.6743e-15   4.91e-18          1.6665e-15      2.51e-18    3.09e+00
   4        1.6650e-15   4.31e-18          1.6661e-15      2.17e-18    2.09e+00
   5        1.6697e-15   4.65e-18          1.6667e-15      1.97e-18    1.69e+00
   5        1.6641e-15   4.01e-18          1.6662e-15      1.76e-18    1.42e+00
rNLOq = (1.6662156e-15 +- 1.7645448e-18) pb
NLO = (4.3116102e-13 +- 1.8113982e-16) pb
#chisq/dof = 1.72465e-09
#status = success
#chisq/dof = 1.28222e-09
#status = success
#chisq/dof = 5.43226e-10
#status = success
#chisq/dof = 4.11851e-10
#status = success
#chisq/dof = 9.12905e-11
#status = success
#chisq/dof = 2.72959e-12
#status = success
#chisq/dof = 2.13911e-10
#status = success
#chisq/dof = 4.18578e-11
#status = success

*******************************************************
* threshold resummation (unimproved nnll) - expansion *
*******************************************************
The limits of integration are:

xl[0]=0.000000    xu[0]=1.000000
xl[1]=0.000000    xu[1]=1.000000
xl[2]=0.000000    xu[2]=1.000000

num_dim=3, calls=7000, it_num=1, max_it_num=5 verb=0, alph=1.50,
mode=0, bins=50, boxes=1

       single.......iteration                   accumulated......results   
iteration     integral    sigma             integral         sigma     chi-sq/it

   1        3.6775e-14   2.95e-14          3.6775e-14      2.95e-14    0.00e+00
   2        7.0650e-15   1.44e-14          1.2762e-14      1.29e-14    8.18e-01
   3        -2.7022e-14   1.33e-14          -6.5979e-15      9.27e-15    2.71e+00
   4        1.1894e-14   1.33e-14          -5.3075e-16      7.60e-15    2.24e+00
   5        -1.7519e-14   1.32e-14          -4.7740e-15      6.58e-15    1.99e+00

num_dim=3, calls=35000, it_num=1, max_it_num=5 verb=0, alph=1.50,
mode=0, bins=50, boxes=1

       single.......iteration                   accumulated......results   
iteration     integral    sigma             integral         sigma     chi-sq/it

   1        6.1326e-15   5.86e-15          6.1326e-15      5.86e-15    0.00e+00
   2        7.0472e-15   5.87e-15          6.5891e-15      4.15e-15    1.22e-02
   3        1.1397e-14   5.87e-15          8.1903e-15      3.39e-15    2.30e-01
   4        1.3579e-14   5.88e-15          9.5322e-15      2.94e-15    3.63e-01
   5        -2.0409e-15   5.86e-15          7.2098e-15      2.62e-15    1.05e+00
   5        -3.0431e-16   5.87e-15          5.9580e-15      2.40e-15    1.11e+00
   5        7.4467e-15   5.89e-15          6.1696e-15      2.22e-15    9.38e-01
   5        1.0791e-14   5.87e-15          6.7477e-15      2.08e-15    8.82e-01
   5        7.0169e-15   5.88e-15          6.7775e-15      1.96e-15    7.72e-01
   5        8.9992e-15   5.88e-15          6.9991e-15      1.86e-15    7.00e-01
   5        4.3492e-15   5.89e-15          6.7594e-15      1.77e-15    6.49e-01
   5        -4.6797e-15   5.90e-15          5.8136e-15      1.70e-15    9.03e-01
   5        2.7542e-15   5.90e-15          5.5801e-15      1.63e-15    8.49e-01
   5        -1.1676e-15   5.91e-15          5.1028e-15      1.57e-15    8.77e-01
   5        6.3141e-15   5.93e-15          5.1824e-15      1.52e-15    8.17e-01
   5        1.6505e-14   5.93e-15          5.8786e-15      1.47e-15    9.90e-01
   5        -1.0391e-14   5.95e-15          4.9408e-15      1.43e-15    1.37e+00
   5        9.2530e-16   5.94e-15          4.7211e-15      1.39e-15    1.31e+00
   5        1.5553e-14   5.96e-15          5.2787e-15      1.35e-15    1.41e+00
   5        1.6863e-14   6.03e-15          5.8346e-15      1.32e-15    1.53e+00
   5        -8.8174e-15   6.04e-15          5.1675e-15      1.29e-15    1.73e+00
   5        8.6483e-15   6.01e-15          5.3206e-15      1.26e-15    1.66e+00
   5        -1.3384e-15   6.04e-15          5.0424e-15      1.23e-15    1.64e+00
   5        5.3028e-15   6.08e-15          5.0527e-15      1.21e-15    1.57e+00
   5        3.4063e-15   6.13e-15          4.9909e-15      1.19e-15    1.51e+00
   5        1.7339e-14   6.11e-15          5.4403e-15      1.16e-15    1.60e+00
   5        3.8964e-15   6.10e-15          5.3859e-15      1.14e-15    1.54e+00
   5        7.7248e-15   6.12e-15          5.4648e-15      1.12e-15    1.49e+00
   5        1.4751e-15   6.13e-15          5.3350e-15      1.11e-15    1.45e+00
   5        3.6478e-15   6.20e-15          5.2829e-15      1.09e-15    1.41e+00
   5        4.3400e-15   6.12e-15          5.2540e-15      1.07e-15    1.36e+00
   5        1.7072e-14   6.20e-15          5.5976e-15      1.06e-15    1.43e+00
   5        6.8194e-15   6.19e-15          5.6321e-15      1.04e-15    1.39e+00
   5        1.0157e-15   6.21e-15          5.5058e-15      1.03e-15    1.36e+00
   5        1.2202e-14   6.23e-15          5.6827e-15      1.01e-15    1.35e+00
   5        9.2289e-15   6.27e-15          5.7731e-15      1.00e-15    1.32e+00
   5        2.2613e-15   6.30e-15          5.6869e-15      9.88e-16    1.30e+00
   5        -5.7231e-15   6.33e-15          5.4152e-15      9.76e-16    1.35e+00
   5        8.4720e-15   6.30e-15          5.4868e-15      9.65e-16    1.32e+00
   5        -9.5563e-15   6.29e-15          5.1407e-15      9.54e-16    1.43e+00
   5        9.5925e-16   6.29e-15          5.0466e-15      9.43e-16    1.40e+00
   5        7.5823e-15   6.34e-15          5.1015e-15      9.33e-16    1.37e+00
   5        -1.0779e-15   6.35e-15          4.9709e-15      9.23e-16    1.36e+00
   5        2.2143e-15   6.34e-15          4.9138e-15      9.13e-16    1.33e+00
   5        -2.5823e-15   6.42e-15          4.7653e-15      9.04e-16    1.33e+00
   5        -2.0280e-15   6.35e-15          4.6303e-15      8.95e-16    1.33e+00
   5        8.9812e-15   6.37e-15          4.7145e-15      8.86e-16    1.31e+00
   5        2.2859e-15   6.44e-15          4.6693e-15      8.78e-16    1.29e+00
   5        8.6608e-16   6.43e-15          4.5998e-15      8.70e-16    1.27e+00
   5        7.6535e-16   6.47e-15          4.5318e-15      8.62e-16    1.25e+00
   5        2.2562e-15   6.44e-15          4.4917e-15      8.54e-16    1.22e+00
   5        9.1916e-15   6.51e-15          4.5713e-15      8.47e-16    1.21e+00
   5        -2.1491e-15   6.40e-15          4.4556e-15      8.40e-16    1.21e+00
   5        8.6312e-15   6.42e-15          4.5259e-15      8.33e-16    1.19e+00
   5        -7.3504e-16   6.44e-15          4.4393e-15      8.26e-16    1.18e+00
aNNLO+NNLL = (4.3560031e-13 +- 8.4551977e-16) pb

Results:
LO = (3.4885600e-13 +- 2.3954854e-16) pb
NLO = (4.3116102e-13 +- 1.8113982e-16) pb
aNNLO+NNLL = (4.3560031e-13 +- 8.4551977e-16) pb
Thanks for using LHAPDF 6.2.3. Please make sure to cite the paper:
  Eur.Phys.J. C75 (2015) 3, 132  (http://arxiv.org/abs/1412.7420)
 ====================================================
   FF 2.0, a package to evaluate one-loop integrals
 written by G. J. van Oldenborgh, NIKHEF-H, Amsterdam
 ====================================================
 for the algorithms used see preprint NIKHEF-H 89/17,
 'New Algorithms for One-loop Integrals', by G.J. van
 Oldenborgh and J.A.M. Vermaseren, published in 
 Zeitschrift fuer Physik C46(1990)425.
 ====================================================
 
total number of errors and warnings
===================================
fferr: no errors
 
