
  Welcome to Resummino git-latest
  Copyright 2008-2010 Jonathan Debove.
  Copyright 2011-2014 David R. Lamprea.
  Copyright 2011-2016 Marcel Rothering.

  Licensed under the EUPL 1.1 or later.
  See http://www.resummino.org/ for more information.

  If using Resummino for slepton pair production, please cite.
  - G. Bozzi, B. Fuks, M. Klasen, PRD 74, 015001 (2006); NPB 777, 157 (2007); NPB 794, 46 (2007).
  - B. Fuks, M. Klasen, D. R. Lamprea, M. Rothering, EPJC 73, 2480 (2013).

  For gaugino pair production, please cite:
  - J. Debove, B. Fuks, M. Klasen, PLB 688, 208 (2010); NPB 842, 51 (2011); NPB 849, 64 (2011).
  - B. Fuks, M. Klasen, D. R. Lamprea, M. Rothering, JHEP 1210, 081 (2012); EPJC 73, 2480 (2013).

  For associated gaugino gluino production, please cite:
  - B. Fuks, M. Klasen, M. Rothering, JHEP 07:053, (2016).
  - B. Fuks, M. Klasen, D. R. Lamprea, M. Rothering, EPJC 73, 2480 (2013).

LHAPDF 6.2.3 loading /pool/condor/dir_29901/resummino-releases/lhapdf-prefix/share/LHAPDF/PDF4LHC21_40/PDF4LHC21_40_0000.dat
PDF4LHC21_40 PDF set, member #0, version 1
 alpha_s(M_Z^2) = 0.1180 	 for LO PDF set 
 alpha_s(1900.000^2) = 0.0811 	 for LO PDF set 

********************
* LO cross section *
********************
The limits of integration are:

xl[0]=0.000000    xu[0]=1.000000
xl[1]=0.000000    xu[1]=1.000000
xl[2]=0.000000    xu[2]=1.000000

num_dim=3, calls=2000, it_num=1, max_it_num=5 verb=0, alph=1.50,
mode=0, bins=50, boxes=1

       single.......iteration                   accumulated......results   
iteration     integral    sigma             integral         sigma     chi-sq/it

   1        2.5055e-14   7.71e-16          2.5055e-14      7.71e-16    0.00e+00
   2        2.6840e-14   2.81e-16          2.6631e-14      2.64e-16    4.73e+00
   3        2.6988e-14   1.46e-16          2.6905e-14      1.28e-16    3.07e+00
   4        2.6758e-14   1.37e-16          2.6837e-14      9.34e-17    2.25e+00
   5        2.6872e-14   1.29e-16          2.6849e-14      7.57e-17    1.70e+00

num_dim=3, calls=20000, it_num=1, max_it_num=5 verb=0, alph=1.50,
mode=0, bins=50, boxes=1

       single.......iteration                   accumulated......results   
iteration     integral    sigma             integral         sigma     chi-sq/it

   1        2.6860e-14   4.21e-17          2.6860e-14      4.21e-17    0.00e+00
   2        2.6862e-14   4.05e-17          2.6861e-14      2.92e-17    9.50e-04
   3        2.6852e-14   3.81e-17          2.6858e-14      2.32e-17    1.79e-02
   4        2.6869e-14   4.08e-17          2.6861e-14      2.01e-17    3.15e-02
   5        2.6773e-14   4.30e-17          2.6845e-14      1.82e-17    8.78e-01
LO = (2.6845047e-14 +- 1.8242547e-17) pb
LHAPDF 6.2.3 loading /pool/condor/dir_29901/resummino-releases/lhapdf-prefix/share/LHAPDF/PDF4LHC21_40/PDF4LHC21_40_0009.dat
PDF4LHC21_40 PDF set, member #9, version 1
 alpha_s(M_Z^2) = 0.1180 	 for NLO PDF set 
 alpha_s(1900.000^2) = 0.0811 	 for NLO PDF set 

********************
* LO cross section *
********************
The limits of integration are:

xl[0]=0.000000    xu[0]=1.000000
xl[1]=0.000000    xu[1]=1.000000
xl[2]=0.000000    xu[2]=1.000000

num_dim=3, calls=2000, it_num=1, max_it_num=5 verb=0, alph=1.50,
mode=0, bins=50, boxes=1

       single.......iteration                   accumulated......results   
iteration     integral    sigma             integral         sigma     chi-sq/it

   1        2.4471e-14   7.42e-16          2.4471e-14      7.42e-16    0.00e+00
   2        2.6216e-14   2.72e-16          2.6009e-14      2.55e-16    4.88e+00
   3        2.6353e-14   1.43e-16          2.6271e-14      1.25e-16    3.13e+00
   4        2.6137e-14   1.36e-16          2.6209e-14      9.19e-17    2.26e+00
   5        2.6248e-14   1.28e-16          2.6222e-14      7.46e-17    1.71e+00

num_dim=3, calls=20000, it_num=1, max_it_num=5 verb=0, alph=1.50,
mode=0, bins=50, boxes=1

       single.......iteration                   accumulated......results   
iteration     integral    sigma             integral         sigma     chi-sq/it

   1        2.6231e-14   4.17e-17          2.6231e-14      4.17e-17    0.00e+00
   2        2.6235e-14   4.00e-17          2.6233e-14      2.89e-17    5.54e-03
   3        2.6217e-14   3.74e-17          2.6227e-14      2.29e-17    6.24e-02
   4        2.6233e-14   4.02e-17          2.6228e-14      1.99e-17    4.69e-02
   5        2.6142e-14   4.25e-17          2.6213e-14      1.80e-17    8.90e-01
   5        2.6165e-14   4.13e-17          2.6205e-14      1.65e-17    9.40e-01
   5        2.6260e-14   4.10e-17          2.6213e-14      1.53e-17    1.04e+00
   5        2.6185e-14   4.19e-17          2.6210e-14      1.44e-17    9.48e-01
   5        2.6229e-14   4.29e-17          2.6212e-14      1.36e-17    8.52e-01
   5        2.6186e-14   4.34e-17          2.6209e-14      1.30e-17    7.94e-01
   5        2.6165e-14   4.45e-17          2.6206e-14      1.25e-17    8.05e-01
   5        2.6234e-14   4.52e-17          2.6208e-14      1.20e-17    7.66e-01
   5        2.6228e-14   4.60e-17          2.6209e-14      1.16e-17    7.17e-01
   5        2.6209e-14   4.87e-17          2.6209e-14      1.13e-17    6.62e-01
   5        2.6207e-14   5.12e-17          2.6209e-14      1.11e-17    6.15e-01
   5        2.6187e-14   5.35e-17          2.6208e-14      1.08e-17    5.84e-01
   5        2.6115e-14   5.31e-17          2.6204e-14      1.06e-17    7.31e-01
   5        2.6301e-14   5.50e-17          2.6208e-14      1.04e-17    8.61e-01
   5        2.6239e-14   5.81e-17          2.6209e-14      1.03e-17    8.29e-01
   5        2.6180e-14   6.02e-17          2.6208e-14      1.01e-17    7.97e-01
   5        2.6118e-14   6.16e-17          2.6206e-14      9.97e-18    8.61e-01
   5        2.6187e-14   6.29e-17          2.6205e-14      9.85e-18    8.24e-01
   5        2.6300e-14   6.52e-17          2.6207e-14      9.74e-18    8.80e-01
   5        2.6214e-14   7.16e-17          2.6207e-14      9.65e-18    8.42e-01
   5        2.6227e-14   7.08e-17          2.6208e-14      9.56e-18    8.10e-01
   5        2.6139e-14   7.34e-17          2.6207e-14      9.48e-18    8.12e-01
   5        2.6329e-14   7.89e-17          2.6208e-14      9.42e-18    8.72e-01
   5        2.6207e-14   7.67e-17          2.6208e-14      9.35e-18    8.40e-01
   5        2.6189e-14   7.85e-17          2.6208e-14      9.28e-18    8.12e-01
   5        2.6230e-14   8.01e-17          2.6208e-14      9.22e-18    7.87e-01
   5        2.6220e-14   8.14e-17          2.6209e-14      9.16e-18    7.61e-01
   5        2.6133e-14   8.33e-17          2.6208e-14      9.11e-18    7.63e-01
   5        2.6260e-14   8.53e-17          2.6208e-14      9.05e-18    7.51e-01
   5        2.6167e-14   8.95e-17          2.6208e-14      9.01e-18    7.34e-01
   5        2.6093e-14   9.06e-17          2.6207e-14      8.96e-18    7.59e-01
   5        2.6308e-14   9.28e-17          2.6208e-14      8.92e-18    7.71e-01
LO = (2.6207670e-14 +- 8.9221546e-18) pb

*******************************************
* virtual corrections + integrated dipole *
*******************************************
The limits of integration are:

xl[0]=0.000000    xu[0]=1.000000
xl[1]=0.000000    xu[1]=1.000000
xl[2]=0.000000    xu[2]=1.000000

num_dim=3, calls=240, it_num=1, max_it_num=5 verb=0, alph=1.50,
mode=0, bins=50, boxes=1

       single.......iteration                   accumulated......results   
iteration     integral    sigma             integral         sigma     chi-sq/it

   1        2.7212e-15   2.44e-16          2.7212e-15      2.44e-16    0.00e+00
   2        2.9228e-15   1.46e-16          2.8696e-15      1.25e-16    5.04e-01
   3        3.1937e-15   7.66e-17          3.1054e-15      6.54e-17    2.69e+00
   4        3.2795e-15   8.47e-17          3.1704e-15      5.18e-17    2.67e+00
   5        3.2219e-15   7.42e-17          3.1872e-15      4.24e-17    2.09e+00

num_dim=3, calls=1200, it_num=1, max_it_num=3 verb=0, alph=1.50,
mode=0, bins=50, boxes=1

       single.......iteration                   accumulated......results   
iteration     integral    sigma             integral         sigma     chi-sq/it

   1        3.1299e-15   2.78e-17          3.1299e-15      2.78e-17    0.00e+00
   2        3.1802e-15   2.38e-17          3.1588e-15      1.81e-17    1.89e+00
   3        3.1842e-15   2.47e-17          3.1677e-15      1.46e-17    1.29e+00
   3        3.1838e-15   2.11e-17          3.1729e-15      1.20e-17    9.88e-01
   3        3.1520e-15   2.36e-17          3.1686e-15      1.07e-17    8.97e-01
   3        3.1742e-15   2.02e-17          3.1698e-15      9.46e-18    7.30e-01
   3        3.1835e-15   2.22e-17          3.1719e-15      8.70e-18    6.62e-01
vNLO = (3.1719103e-15 +- 8.7013027e-18) pb

*****************************
* collinear remainder (P+K) *
*****************************
The limits of integration are:

xl[0]=0.000000    xu[0]=1.000000
xl[1]=0.000000    xu[1]=1.000000
xl[2]=0.000000    xu[2]=1.000000
xl[3]=0.000000    xu[3]=1.000000

num_dim=4, calls=2500, it_num=1, max_it_num=5 verb=0, alph=1.50,
mode=0, bins=50, boxes=1

       single.......iteration                   accumulated......results   
iteration     integral    sigma             integral         sigma     chi-sq/it

   1        4.3190e-15   2.23e-16          4.3190e-15      2.23e-16    0.00e+00
   2        4.3857e-15   8.80e-17          4.3767e-15      8.18e-17    7.77e-02
   3        4.4217e-15   6.89e-17          4.4031e-15      5.27e-17    1.27e-01
   4        4.4378e-15   6.54e-17          4.4167e-15      4.10e-17    1.42e-01
   5        4.4611e-15   6.48e-17          4.4294e-15      3.47e-17    1.90e-01

num_dim=4, calls=25000, it_num=1, max_it_num=3 verb=0, alph=1.50,
mode=0, bins=50, boxes=1

       single.......iteration                   accumulated......results   
iteration     integral    sigma             integral         sigma     chi-sq/it

   1        4.4806e-15   2.01e-17          4.4806e-15      2.01e-17    0.00e+00
   2        4.4890e-15   2.00e-17          4.4848e-15      1.41e-17    8.77e-02
   3        4.4398e-15   2.02e-17          4.4700e-15      1.16e-17    1.70e+00
   3        4.4584e-15   2.01e-17          4.4671e-15      1.00e-17    1.22e+00
   3        4.4247e-15   2.03e-17          4.4588e-15      9.01e-18    1.79e+00
   3        4.4209e-15   2.03e-17          4.4526e-15      8.24e-18    2.01e+00
   3        4.4446e-15   2.01e-17          4.4515e-15      7.62e-18    1.70e+00
   3        4.4513e-15   2.03e-17          4.4514e-15      7.14e-18    1.46e+00
P+K = (4.4514366e-15 +- 7.1354092e-18) pb

********************************
* real gluon emission - dipole *
********************************
The limits of integration are:

xl[0]=0.000000    xu[0]=1.000000
xl[1]=0.000000    xu[1]=1.000000
xl[2]=0.000000    xu[2]=1.000000
xl[3]=0.000000    xu[3]=1.000000
xl[4]=0.000000    xu[4]=1.000000
xl[5]=0.000000    xu[5]=1.000000

num_dim=6, calls=250, it_num=1, max_it_num=5 verb=0, alph=1.50,
mode=0, bins=50, boxes=1

       single.......iteration                   accumulated......results   
iteration     integral    sigma             integral         sigma     chi-sq/it

   1        -3.0625e-17   9.93e-18          -3.0625e-17      9.93e-18    0.00e+00
   2        -3.9377e-17   8.99e-18          -3.5436e-17      6.66e-18    4.27e-01
   3        -2.0682e-17   2.02e-18          -2.1926e-17      1.93e-18    2.46e+00
   4        -2.4178e-17   2.10e-18          -2.2961e-17      1.42e-18    1.85e+00
   5        -2.3822e-17   1.36e-18          -2.3411e-17      9.83e-19    1.43e+00

num_dim=6, calls=2500, it_num=1, max_it_num=3 verb=0, alph=1.50,
mode=0, bins=50, boxes=1

       single.......iteration                   accumulated......results   
iteration     integral    sigma             integral         sigma     chi-sq/it

   1        -2.7852e-17   5.22e-19          -2.7852e-17      5.22e-19    0.00e+00
   2        -2.7609e-17   3.41e-19          -2.7682e-17      2.85e-19    1.52e-01
   3        -2.8228e-17   3.55e-19          -2.7896e-17      2.23e-19    7.94e-01
rNLOg = (-2.7896075e-17 +- 2.2259388e-19) pb

**************************************************
* real light quark emission - dipole - (onshell) *
**************************************************
The limits of integration are:

xl[0]=0.000000    xu[0]=1.000000
xl[1]=0.000000    xu[1]=1.000000
xl[2]=0.000000    xu[2]=1.000000
xl[3]=0.000000    xu[3]=1.000000
xl[4]=0.000000    xu[4]=1.000000
xl[5]=0.000000    xu[5]=1.000000

num_dim=6, calls=5000, it_num=1, max_it_num=5 verb=0, alph=1.50,
mode=0, bins=50, boxes=1

       single.......iteration                   accumulated......results   
iteration     integral    sigma             integral         sigma     chi-sq/it

   1        6.7406e-17   4.00e-18          6.7406e-17      4.00e-18    0.00e+00
   2        6.5428e-17   1.16e-18          6.5582e-17      1.12e-18    2.25e-01
   3        6.4053e-17   6.62e-19          6.4451e-17      5.69e-19    8.06e-01
   4        6.4030e-17   5.16e-19          6.4220e-17      3.82e-19    6.37e-01
   5        6.4129e-17   4.46e-19          6.4181e-17      2.90e-19    4.84e-01

num_dim=6, calls=50000, it_num=1, max_it_num=5 verb=0, alph=1.50,
mode=0, bins=50, boxes=1

       single.......iteration                   accumulated......results   
iteration     integral    sigma             integral         sigma     chi-sq/it

   1        6.4096e-17   1.38e-19          6.4096e-17      1.38e-19    0.00e+00
   2        6.4541e-17   1.87e-19          6.4253e-17      1.11e-19    3.67e+00
   3        6.4622e-17   1.88e-19          6.4348e-17      9.56e-20    3.27e+00
   4        6.4257e-17   1.49e-19          6.4322e-17      8.05e-20    2.27e+00
   5        6.4422e-17   1.71e-19          6.4340e-17      7.28e-20    1.77e+00
rNLOq = (6.4339847e-17 +- 7.2779108e-20) pb
NLO = (3.3867460e-14 +- 1.4362675e-17) pb
#chisq/dof = 2.09018e-09
#status = iteration is not making progress towards solution
#chisq/dof = 4.31915e-09
#status = iteration is not making progress towards solution
#chisq/dof = 8.81702e-10
#status = success
#chisq/dof = 1.76567e-09
#status = success
#chisq/dof = 1.39675e-10
#status = iteration is not making progress towards solution
#chisq/dof = 3.47353e-12
#status = success
#chisq/dof = 3.86875e-10
#status = success
#chisq/dof = 5.17837e-11
#status = success

*******************************************************
* threshold resummation (unimproved nnll) - expansion *
*******************************************************
The limits of integration are:

xl[0]=0.000000    xu[0]=1.000000
xl[1]=0.000000    xu[1]=1.000000
xl[2]=0.000000    xu[2]=1.000000

num_dim=3, calls=7000, it_num=1, max_it_num=5 verb=0, alph=1.50,
mode=0, bins=50, boxes=1

       single.......iteration                   accumulated......results   
iteration     integral    sigma             integral         sigma     chi-sq/it

   1        3.4775e-16   2.37e-16          3.4775e-16      2.37e-16    0.00e+00
   2        6.1344e-16   7.86e-17          5.8718e-16      7.46e-17    1.13e+00
   3        4.3802e-16   6.75e-17          5.0515e-16      5.01e-17    1.66e+00
   4        5.4097e-16   6.65e-17          5.1811e-16      4.00e-17    1.17e+00
   5        5.4278e-16   6.70e-17          5.2459e-16      3.44e-17    9.02e-01

num_dim=3, calls=35000, it_num=1, max_it_num=5 verb=0, alph=1.50,
mode=0, bins=50, boxes=1

       single.......iteration                   accumulated......results   
iteration     integral    sigma             integral         sigma     chi-sq/it

   1        5.7556e-16   2.94e-17          5.7556e-16      2.94e-17    0.00e+00
   2        6.2698e-16   2.94e-17          6.0130e-16      2.08e-17    1.53e+00
   3        6.2994e-16   2.93e-17          6.1089e-16      1.70e-17    1.08e+00
   4        6.2106e-16   2.94e-17          6.1344e-16      1.47e-17    7.50e-01
   5        5.5699e-16   2.94e-17          6.0215e-16      1.31e-17    1.30e+00
aNNLO+NNLL = (3.4469613e-14 +- 1.9469367e-17) pb

Results:
LO = (2.6845047e-14 +- 1.8242547e-17) pb
NLO = (3.3867460e-14 +- 1.4362675e-17) pb
aNNLO+NNLL = (3.4469613e-14 +- 1.9469367e-17) pb
Thanks for using LHAPDF 6.2.3. Please make sure to cite the paper:
  Eur.Phys.J. C75 (2015) 3, 132  (http://arxiv.org/abs/1412.7420)
 ====================================================
   FF 2.0, a package to evaluate one-loop integrals
 written by G. J. van Oldenborgh, NIKHEF-H, Amsterdam
 ====================================================
 for the algorithms used see preprint NIKHEF-H 89/17,
 'New Algorithms for One-loop Integrals', by G.J. van
 Oldenborgh and J.A.M. Vermaseren, published in 
 Zeitschrift fuer Physik C46(1990)425.
 ====================================================
 
total number of errors and warnings
===================================
fferr: no errors
 
