
  Welcome to Resummino git-latest
  Copyright 2008-2010 Jonathan Debove.
  Copyright 2011-2014 David R. Lamprea.
  Copyright 2011-2016 Marcel Rothering.

  Licensed under the EUPL 1.1 or later.
  See http://www.resummino.org/ for more information.

  If using Resummino for slepton pair production, please cite.
  - G. Bozzi, B. Fuks, M. Klasen, PRD 74, 015001 (2006); NPB 777, 157 (2007); NPB 794, 46 (2007).
  - B. Fuks, M. Klasen, D. R. Lamprea, M. Rothering, EPJC 73, 2480 (2013).

  For gaugino pair production, please cite:
  - J. Debove, B. Fuks, M. Klasen, PLB 688, 208 (2010); NPB 842, 51 (2011); NPB 849, 64 (2011).
  - B. Fuks, M. Klasen, D. R. Lamprea, M. Rothering, JHEP 1210, 081 (2012); EPJC 73, 2480 (2013).

  For associated gaugino gluino production, please cite:
  - B. Fuks, M. Klasen, M. Rothering, JHEP 07:053, (2016).
  - B. Fuks, M. Klasen, D. R. Lamprea, M. Rothering, EPJC 73, 2480 (2013).

LHAPDF 6.2.3 loading /pool/condor/dir_44181/resummino-releases/lhapdf-prefix/share/LHAPDF/PDF4LHC21_40/PDF4LHC21_40_0000.dat
PDF4LHC21_40 PDF set, member #0, version 1
 alpha_s(M_Z^2) = 0.1180 	 for LO PDF set 
 alpha_s(1600.000^2) = 0.0826 	 for LO PDF set 

********************
* LO cross section *
********************
The limits of integration are:

xl[0]=0.000000    xu[0]=1.000000
xl[1]=0.000000    xu[1]=1.000000
xl[2]=0.000000    xu[2]=1.000000

num_dim=3, calls=2000, it_num=1, max_it_num=5 verb=0, alph=1.50,
mode=0, bins=50, boxes=1

       single.......iteration                   accumulated......results   
iteration     integral    sigma             integral         sigma     chi-sq/it

   1        6.4072e-14   2.06e-15          6.4072e-14      2.06e-15    0.00e+00
   2        6.8755e-14   7.38e-16          6.8221e-14      6.95e-16    4.59e+00
   3        6.9276e-14   3.68e-16          6.9046e-14      3.25e-16    3.20e+00
   4        6.8801e-14   3.39e-16          6.8928e-14      2.34e-16    2.22e+00
   5        6.8947e-14   3.25e-16          6.8934e-14      1.90e-16    1.67e+00

num_dim=3, calls=20000, it_num=1, max_it_num=5 verb=0, alph=1.50,
mode=0, bins=50, boxes=1

       single.......iteration                   accumulated......results   
iteration     integral    sigma             integral         sigma     chi-sq/it

   1        6.8896e-14   1.05e-16          6.8896e-14      1.05e-16    0.00e+00
   2        6.8884e-14   1.01e-16          6.8890e-14      7.29e-17    6.61e-03
   3        6.8930e-14   9.63e-17          6.8904e-14      5.81e-17    5.87e-02
   4        6.8959e-14   1.03e-16          6.8917e-14      5.06e-17    1.11e-01
   5        6.8682e-14   1.08e-16          6.8875e-14      4.58e-17    1.06e+00
LO = (6.8875053e-14 +- 4.5815762e-17) pb
LHAPDF 6.2.3 loading /pool/condor/dir_44181/resummino-releases/lhapdf-prefix/share/LHAPDF/PDF4LHC21_40/PDF4LHC21_40_0038.dat
PDF4LHC21_40 PDF set, member #38, version 1
 alpha_s(M_Z^2) = 0.1180 	 for NLO PDF set 
 alpha_s(1600.000^2) = 0.0826 	 for NLO PDF set 

********************
* LO cross section *
********************
The limits of integration are:

xl[0]=0.000000    xu[0]=1.000000
xl[1]=0.000000    xu[1]=1.000000
xl[2]=0.000000    xu[2]=1.000000

num_dim=3, calls=2000, it_num=1, max_it_num=5 verb=0, alph=1.50,
mode=0, bins=50, boxes=1

       single.......iteration                   accumulated......results   
iteration     integral    sigma             integral         sigma     chi-sq/it

   1        6.3471e-14   2.05e-15          6.3471e-14      2.05e-15    0.00e+00
   2        6.8218e-14   7.36e-16          6.7676e-14      6.93e-16    4.74e+00
   3        6.8727e-14   3.69e-16          6.8495e-14      3.25e-16    3.27e+00
   4        6.8256e-14   3.42e-16          6.8382e-14      2.36e-16    2.26e+00
   5        6.8356e-14   3.33e-16          6.8373e-14      1.92e-16    1.70e+00

num_dim=3, calls=20000, it_num=1, max_it_num=5 verb=0, alph=1.50,
mode=0, bins=50, boxes=1

       single.......iteration                   accumulated......results   
iteration     integral    sigma             integral         sigma     chi-sq/it

   1        6.8350e-14   1.07e-16          6.8350e-14      1.07e-16    0.00e+00
   2        6.8355e-14   1.02e-16          6.8353e-14      7.38e-17    1.09e-03
   3        6.8392e-14   9.78e-17          6.8367e-14      5.89e-17    5.23e-02
   4        6.8419e-14   1.05e-16          6.8380e-14      5.14e-17    9.71e-02
   5        6.8134e-14   1.09e-16          6.8335e-14      4.65e-17    1.10e+00
   5        6.8254e-14   1.07e-16          6.8322e-14      4.27e-17    9.80e-01
   5        6.8456e-14   1.06e-16          6.8341e-14      3.96e-17    1.04e+00
   5        6.8294e-14   1.10e-16          6.8336e-14      3.72e-17    9.16e-01
   5        6.8329e-14   1.11e-16          6.8335e-14      3.53e-17    8.02e-01
   5        6.8241e-14   1.13e-16          6.8327e-14      3.37e-17    7.84e-01
   5        6.8220e-14   1.18e-16          6.8319e-14      3.24e-17    7.80e-01
   5        6.8360e-14   1.19e-16          6.8321e-14      3.13e-17    7.20e-01
   5        6.8377e-14   1.24e-16          6.8325e-14      3.03e-17    6.76e-01
   5        6.8266e-14   1.33e-16          6.8322e-14      2.96e-17    6.38e-01
   5        6.8295e-14   1.37e-16          6.8321e-14      2.89e-17    5.95e-01
   5        6.8273e-14   1.44e-16          6.8319e-14      2.83e-17    5.62e-01
   5        6.8104e-14   1.43e-16          6.8311e-14      2.78e-17    6.63e-01
   5        6.8579e-14   1.48e-16          6.8320e-14      2.73e-17    8.09e-01
   5        6.8441e-14   1.58e-16          6.8323e-14      2.69e-17    7.96e-01
   5        6.8324e-14   1.58e-16          6.8323e-14      2.65e-17    7.54e-01
   5        6.8136e-14   1.69e-16          6.8319e-14      2.62e-17    7.77e-01
   5        6.8241e-14   1.76e-16          6.8317e-14      2.59e-17    7.49e-01
   5        6.8541e-14   1.70e-16          6.8322e-14      2.56e-17    7.92e-01
   5        6.8324e-14   1.80e-16          6.8322e-14      2.54e-17    7.58e-01
   5        6.8430e-14   1.83e-16          6.8324e-14      2.51e-17    7.40e-01
   5        6.8195e-14   1.90e-16          6.8322e-14      2.49e-17    7.29e-01
   5        6.8638e-14   2.06e-16          6.8327e-14      2.47e-17    7.90e-01
   5        6.8295e-14   1.97e-16          6.8326e-14      2.45e-17    7.61e-01
   5        6.8261e-14   2.02e-16          6.8325e-14      2.44e-17    7.38e-01
   5        6.8428e-14   2.12e-16          6.8327e-14      2.42e-17    7.20e-01
   5        6.8389e-14   2.15e-16          6.8327e-14      2.41e-17    6.99e-01
   5        6.8191e-14   2.23e-16          6.8326e-14      2.39e-17    6.88e-01
   5        6.8525e-14   2.25e-16          6.8328e-14      2.38e-17    6.91e-01
   5        6.8219e-14   2.38e-16          6.8327e-14      2.37e-17    6.76e-01
   5        6.8043e-14   2.35e-16          6.8324e-14      2.35e-17    6.99e-01
   5        6.8581e-14   2.42e-16          6.8326e-14      2.34e-17    7.11e-01
   5        6.7556e-14   2.41e-16          6.8319e-14      2.33e-17    9.72e-01
   5        6.7893e-14   2.45e-16          6.8315e-14      2.32e-17    1.03e+00
   5        6.8512e-14   2.48e-16          6.8317e-14      2.31e-17    1.02e+00
   5        6.8283e-14   2.54e-16          6.8317e-14      2.30e-17    9.91e-01
   5        6.8414e-14   2.40e-16          6.8318e-14      2.29e-17    9.70e-01
LO = (6.8317677e-14 +- 2.2916938e-17) pb

*******************************************
* virtual corrections + integrated dipole *
*******************************************
The limits of integration are:

xl[0]=0.000000    xu[0]=1.000000
xl[1]=0.000000    xu[1]=1.000000
xl[2]=0.000000    xu[2]=1.000000

num_dim=3, calls=240, it_num=1, max_it_num=5 verb=0, alph=1.50,
mode=0, bins=50, boxes=1

       single.......iteration                   accumulated......results   
iteration     integral    sigma             integral         sigma     chi-sq/it

   1        7.1640e-15   6.85e-16          7.1640e-15      6.85e-16    0.00e+00
   2        7.6891e-15   4.02e-16          7.5545e-15      3.47e-16    4.37e-01
   3        8.4671e-15   2.08e-16          8.2256e-15      1.78e-16    2.76e+00
   4        8.6057e-15   1.83e-16          8.4108e-15      1.28e-16    2.58e+00
   5        8.5455e-15   1.70e-16          8.4593e-15      1.02e-16    2.03e+00

num_dim=3, calls=1200, it_num=1, max_it_num=3 verb=0, alph=1.50,
mode=0, bins=50, boxes=1

       single.......iteration                   accumulated......results   
iteration     integral    sigma             integral         sigma     chi-sq/it

   1        8.2912e-15   7.51e-17          8.2912e-15      7.51e-17    0.00e+00
   2        8.4442e-15   6.01e-17          8.3845e-15      4.69e-17    2.53e+00
   3        8.4254e-15   5.98e-17          8.4001e-15      3.69e-17    1.41e+00
   3        8.4570e-15   5.27e-17          8.4188e-15      3.02e-17    1.20e+00
   3        8.3562e-15   5.99e-17          8.4061e-15      2.70e-17    1.12e+00
   3        8.4464e-15   5.50e-17          8.4140e-15      2.42e-17    9.81e-01
   3        8.4139e-15   5.98e-17          8.4139e-15      2.25e-17    8.18e-01
vNLO = (8.4139454e-15 +- 2.2459008e-17) pb

*****************************
* collinear remainder (P+K) *
*****************************
The limits of integration are:

xl[0]=0.000000    xu[0]=1.000000
xl[1]=0.000000    xu[1]=1.000000
xl[2]=0.000000    xu[2]=1.000000
xl[3]=0.000000    xu[3]=1.000000

num_dim=4, calls=2500, it_num=1, max_it_num=5 verb=0, alph=1.50,
mode=0, bins=50, boxes=1

       single.......iteration                   accumulated......results   
iteration     integral    sigma             integral         sigma     chi-sq/it

   1        9.9783e-15   5.84e-16          9.9783e-15      5.84e-16    0.00e+00
   2        1.0201e-14   2.27e-16          1.0172e-14      2.12e-16    1.26e-01
   3        1.0311e-14   1.81e-16          1.0252e-14      1.38e-16    1.88e-01
   4        1.0349e-14   1.73e-16          1.0290e-14      1.08e-16    1.89e-01
   5        1.0436e-14   1.70e-16          1.0332e-14      9.10e-17    2.74e-01

num_dim=4, calls=25000, it_num=1, max_it_num=3 verb=0, alph=1.50,
mode=0, bins=50, boxes=1

       single.......iteration                   accumulated......results   
iteration     integral    sigma             integral         sigma     chi-sq/it

   1        1.0476e-14   5.30e-17          1.0476e-14      5.30e-17    0.00e+00
   2        1.0492e-14   5.27e-17          1.0484e-14      3.74e-17    4.54e-02
   3        1.0355e-14   5.34e-17          1.0442e-14      3.06e-17    1.98e+00
   3        1.0413e-14   5.32e-17          1.0435e-14      2.65e-17    1.39e+00
   3        1.0320e-14   5.39e-17          1.0412e-14      2.38e-17    1.95e+00
   3        1.0311e-14   5.37e-17          1.0396e-14      2.18e-17    2.15e+00
   3        1.0369e-14   5.33e-17          1.0392e-14      2.01e-17    1.83e+00
   3        1.0388e-14   5.37e-17          1.0391e-14      1.89e-17    1.57e+00
   3        1.0375e-14   5.45e-17          1.0390e-14      1.78e-17    1.38e+00
P+K = (1.0389549e-14 +- 1.7827054e-17) pb

********************************
* real gluon emission - dipole *
********************************
The limits of integration are:

xl[0]=0.000000    xu[0]=1.000000
xl[1]=0.000000    xu[1]=1.000000
xl[2]=0.000000    xu[2]=1.000000
xl[3]=0.000000    xu[3]=1.000000
xl[4]=0.000000    xu[4]=1.000000
xl[5]=0.000000    xu[5]=1.000000

num_dim=6, calls=250, it_num=1, max_it_num=5 verb=0, alph=1.50,
mode=0, bins=50, boxes=1

       single.......iteration                   accumulated......results   
iteration     integral    sigma             integral         sigma     chi-sq/it

   1        -9.7089e-17   3.26e-17          -9.7089e-17      3.26e-17    0.00e+00
   2        -1.2799e-16   3.23e-17          -1.1268e-16      2.30e-17    4.53e-01
   3        -6.7093e-17   7.39e-18          -7.1366e-17      7.03e-18    2.01e+00
   4        -7.1506e-17   8.59e-18          -7.1422e-17      5.44e-18    1.34e+00
   5        -8.2144e-17   7.64e-18          -7.5032e-17      4.43e-18    1.33e+00

num_dim=6, calls=2500, it_num=1, max_it_num=3 verb=0, alph=1.50,
mode=0, bins=50, boxes=1

       single.......iteration                   accumulated......results   
iteration     integral    sigma             integral         sigma     chi-sq/it

   1        -8.4363e-17   2.19e-18          -8.4363e-17      2.19e-18    0.00e+00
   2        -8.6963e-17   1.28e-18          -8.6304e-17      1.10e-18    1.05e+00
   3        -8.7819e-17   1.09e-18          -8.7073e-17      7.74e-19    1.00e+00
rNLOg = (-8.7072946e-17 +- 7.7427953e-19) pb

**************************************************
* real light quark emission - dipole - (onshell) *
**************************************************
The limits of integration are:

xl[0]=0.000000    xu[0]=1.000000
xl[1]=0.000000    xu[1]=1.000000
xl[2]=0.000000    xu[2]=1.000000
xl[3]=0.000000    xu[3]=1.000000
xl[4]=0.000000    xu[4]=1.000000
xl[5]=0.000000    xu[5]=1.000000

num_dim=6, calls=5000, it_num=1, max_it_num=5 verb=0, alph=1.50,
mode=0, bins=50, boxes=1

       single.......iteration                   accumulated......results   
iteration     integral    sigma             integral         sigma     chi-sq/it

   1        2.0525e-16   1.24e-17          2.0525e-16      1.24e-17    0.00e+00
   2        2.0414e-16   4.00e-18          2.0425e-16      3.81e-18    7.17e-03
   3        1.9858e-16   2.10e-18          1.9990e-16      1.84e-18    8.55e-01
   4        1.9848e-16   1.49e-18          1.9904e-16      1.16e-18    6.90e-01
   5        1.9850e-16   1.35e-18          1.9881e-16      8.78e-19    5.41e-01

num_dim=6, calls=50000, it_num=1, max_it_num=5 verb=0, alph=1.50,
mode=0, bins=50, boxes=1

       single.......iteration                   accumulated......results   
iteration     integral    sigma             integral         sigma     chi-sq/it

   1        1.9842e-16   4.09e-19          1.9842e-16      4.09e-19    0.00e+00
   2        1.9972e-16   5.95e-19          1.9884e-16      3.37e-19    3.26e+00
   3        2.0007e-16   5.84e-19          1.9915e-16      2.92e-19    3.30e+00
   4        1.9884e-16   4.71e-19          1.9906e-16      2.48e-19    2.30e+00
   5        1.9950e-16   5.24e-19          1.9914e-16      2.24e-19    1.87e+00
rNLOq = (1.9913961e-16 +- 2.2424287e-19) pb
NLO = (8.7233237e-14 +- 3.6715756e-17) pb
#chisq/dof = 2.04038e-09
#status = success
#chisq/dof = 8.54555e-10
#status = success
#chisq/dof = 5.2679e-10
#status = success
#chisq/dof = 5.72204e-09
#status = success
#chisq/dof = 8.01743e-11
#status = success
#chisq/dof = 3.52828e-12
#status = success
#chisq/dof = 1.48748e-10
#status = success
#chisq/dof = 4.4036e-11
#status = success

*******************************************************
* threshold resummation (unimproved nnll) - expansion *
*******************************************************
The limits of integration are:

xl[0]=0.000000    xu[0]=1.000000
xl[1]=0.000000    xu[1]=1.000000
xl[2]=0.000000    xu[2]=1.000000

num_dim=3, calls=7000, it_num=1, max_it_num=5 verb=0, alph=1.50,
mode=0, bins=50, boxes=1

       single.......iteration                   accumulated......results   
iteration     integral    sigma             integral         sigma     chi-sq/it

   1        4.7689e-16   4.34e-16          4.7689e-16      4.34e-16    0.00e+00
   2        1.0624e-15   2.12e-16          9.4986e-16      1.90e-16    1.47e+00
   3        6.6554e-16   1.96e-16          8.1203e-16      1.37e-16    1.28e+00
   4        5.6957e-16   1.98e-16          7.3383e-16      1.12e-16    1.19e+00
   5        6.3631e-16   1.98e-16          7.1005e-16      9.77e-17    9.39e-01

num_dim=3, calls=35000, it_num=1, max_it_num=5 verb=0, alph=1.50,
mode=0, bins=50, boxes=1

       single.......iteration                   accumulated......results   
iteration     integral    sigma             integral         sigma     chi-sq/it

   1        1.1075e-15   8.75e-17          1.1075e-15      8.75e-17    0.00e+00
   2        1.0855e-15   8.78e-17          1.0966e-15      6.20e-17    3.15e-02
   3        1.0278e-15   8.76e-17          1.0736e-15      5.06e-17    2.21e-01
   4        1.0858e-15   8.77e-17          1.0766e-15      4.38e-17    1.52e-01
   5        1.0265e-15   8.78e-17          1.0666e-15      3.92e-17    1.79e-01
   5        1.0218e-15   8.77e-17          1.0592e-15      3.58e-17    1.87e-01
   5        1.0855e-15   8.77e-17          1.0629e-15      3.31e-17    1.69e-01
   5        1.1766e-15   8.79e-17          1.0771e-15      3.10e-17    3.54e-01
   5        1.0956e-15   8.82e-17          1.0791e-15      2.93e-17    3.15e-01
   5        1.0817e-15   8.81e-17          1.0794e-15      2.78e-17    2.80e-01
   5        1.1419e-15   8.76e-17          1.0851e-15      2.65e-17    2.98e-01
   5        1.1409e-15   8.81e-17          1.0897e-15      2.54e-17    3.04e-01
   5        1.0918e-15   8.82e-17          1.0898e-15      2.44e-17    2.79e-01
   5        9.1579e-16   8.87e-17          1.0776e-15      2.35e-17    5.33e-01
   5        1.1655e-15   8.89e-17          1.0834e-15      2.27e-17    5.60e-01
aNNLO+NNLL = (8.8316610e-14 +- 4.3175057e-17) pb

Results:
LO = (6.8875053e-14 +- 4.5815762e-17) pb
NLO = (8.7233237e-14 +- 3.6715756e-17) pb
aNNLO+NNLL = (8.8316610e-14 +- 4.3175057e-17) pb
Thanks for using LHAPDF 6.2.3. Please make sure to cite the paper:
  Eur.Phys.J. C75 (2015) 3, 132  (http://arxiv.org/abs/1412.7420)
 ====================================================
   FF 2.0, a package to evaluate one-loop integrals
 written by G. J. van Oldenborgh, NIKHEF-H, Amsterdam
 ====================================================
 for the algorithms used see preprint NIKHEF-H 89/17,
 'New Algorithms for One-loop Integrals', by G.J. van
 Oldenborgh and J.A.M. Vermaseren, published in 
 Zeitschrift fuer Physik C46(1990)425.
 ====================================================
 
total number of errors and warnings
===================================
fferr: no errors
 
