
  Welcome to Resummino git-latest
  Copyright 2008-2010 Jonathan Debove.
  Copyright 2011-2014 David R. Lamprea.
  Copyright 2011-2016 Marcel Rothering.

  Licensed under the EUPL 1.1 or later.
  See http://www.resummino.org/ for more information.

  If using Resummino for slepton pair production, please cite.
  - G. Bozzi, B. Fuks, M. Klasen, PRD 74, 015001 (2006); NPB 777, 157 (2007); NPB 794, 46 (2007).
  - B. Fuks, M. Klasen, D. R. Lamprea, M. Rothering, EPJC 73, 2480 (2013).

  For gaugino pair production, please cite:
  - J. Debove, B. Fuks, M. Klasen, PLB 688, 208 (2010); NPB 842, 51 (2011); NPB 849, 64 (2011).
  - B. Fuks, M. Klasen, D. R. Lamprea, M. Rothering, JHEP 1210, 081 (2012); EPJC 73, 2480 (2013).

  For associated gaugino gluino production, please cite:
  - B. Fuks, M. Klasen, M. Rothering, JHEP 07:053, (2016).
  - B. Fuks, M. Klasen, D. R. Lamprea, M. Rothering, EPJC 73, 2480 (2013).

LHAPDF 6.2.3 loading /pool/condor/dir_148174/resummino-releases/lhapdf-prefix/share/LHAPDF/PDF4LHC21_40/PDF4LHC21_40_0000.dat
PDF4LHC21_40 PDF set, member #0, version 1
 alpha_s(M_Z^2) = 0.1180 	 for LO PDF set 
 alpha_s(1200.000^2) = 0.0851 	 for LO PDF set 

********************
* LO cross section *
********************
The limits of integration are:

xl[0]=0.000000    xu[0]=1.000000
xl[1]=0.000000    xu[1]=1.000000
xl[2]=0.000000    xu[2]=1.000000

num_dim=3, calls=2000, it_num=1, max_it_num=5 verb=0, alph=1.50,
mode=0, bins=50, boxes=1

       single.......iteration                   accumulated......results   
iteration     integral    sigma             integral         sigma     chi-sq/it

   1        2.3354e-13   7.79e-15          2.3354e-13      7.79e-15    0.00e+00
   2        2.4973e-13   2.74e-15          2.4795e-13      2.58e-15    3.84e+00
   3        2.5234e-13   1.34e-15          2.5141e-13      1.19e-15    3.06e+00
   4        2.5074e-13   1.22e-15          2.5108e-13      8.53e-16    2.09e+00
   5        2.5063e-13   1.23e-15          2.5094e-13      7.00e-16    1.59e+00

num_dim=3, calls=20000, it_num=1, max_it_num=5 verb=0, alph=1.50,
mode=0, bins=50, boxes=1

       single.......iteration                   accumulated......results   
iteration     integral    sigma             integral         sigma     chi-sq/it

   1        2.5063e-13   3.87e-16          2.5063e-13      3.87e-16    0.00e+00
   2        2.5059e-13   3.74e-16          2.5061e-13      2.69e-16    4.15e-03
   3        2.5104e-13   3.63e-16          2.5076e-13      2.16e-16    4.52e-01
   4        2.5107e-13   3.87e-16          2.5084e-13      1.89e-16    4.59e-01
   5        2.4995e-13   3.94e-16          2.5067e-13      1.70e-16    1.38e+00
LO = (2.5067005e-13 +- 1.7022848e-16) pb
LHAPDF 6.2.3 loading /pool/condor/dir_148174/resummino-releases/lhapdf-prefix/share/LHAPDF/PDF4LHC21_40/PDF4LHC21_40_0007.dat
PDF4LHC21_40 PDF set, member #7, version 1
 alpha_s(M_Z^2) = 0.1180 	 for NLO PDF set 
 alpha_s(1200.000^2) = 0.0851 	 for NLO PDF set 

********************
* LO cross section *
********************
The limits of integration are:

xl[0]=0.000000    xu[0]=1.000000
xl[1]=0.000000    xu[1]=1.000000
xl[2]=0.000000    xu[2]=1.000000

num_dim=3, calls=2000, it_num=1, max_it_num=5 verb=0, alph=1.50,
mode=0, bins=50, boxes=1

       single.......iteration                   accumulated......results   
iteration     integral    sigma             integral         sigma     chi-sq/it

   1        1.5527e-13   8.06e-15          1.5527e-13      8.06e-15    0.00e+00
   2        1.6872e-13   4.89e-15          1.6510e-13      4.18e-15    2.04e+00
   3        1.7306e-13   4.28e-15          1.6898e-13      2.99e-15    1.90e+00
   4        1.7934e-13   4.05e-15          1.7264e-13      2.41e-15    2.68e+00
   5        1.7075e-13   4.31e-15          1.7219e-13      2.10e-15    2.05e+00

num_dim=3, calls=20000, it_num=1, max_it_num=5 verb=0, alph=1.50,
mode=0, bins=50, boxes=1

       single.......iteration                   accumulated......results   
iteration     integral    sigma             integral         sigma     chi-sq/it

   1        1.7366e-13   1.34e-15          1.7366e-13      1.34e-15    0.00e+00
   2        1.7522e-13   1.32e-15          1.7445e-13      9.42e-16    6.87e-01
   3        1.7464e-13   1.31e-15          1.7452e-13      7.65e-16    3.50e-01
   4        1.7364e-13   1.35e-15          1.7430e-13      6.65e-16    3.41e-01
   5        1.7292e-13   1.34e-15          1.7403e-13      5.96e-16    4.70e-01
   5        1.7209e-13   1.34e-15          1.7371e-13      5.45e-16    7.26e-01
   5        1.7558e-13   1.34e-15          1.7398e-13      5.04e-16    8.85e-01
   5        1.7221e-13   1.36e-15          1.7376e-13      4.73e-16    9.69e-01
   5        1.7168e-13   1.37e-15          1.7354e-13      4.47e-16    1.11e+00
   5        1.7053e-13   1.38e-15          1.7326e-13      4.25e-16    1.46e+00
   5        1.7376e-13   1.36e-15          1.7330e-13      4.06e-16    1.33e+00
   5        1.7181e-13   1.39e-15          1.7318e-13      3.90e-16    1.30e+00
   5        1.7150e-13   1.40e-15          1.7306e-13      3.75e-16    1.31e+00
   5        1.7297e-13   1.39e-15          1.7306e-13      3.62e-16    1.21e+00
   5        1.7304e-13   1.39e-15          1.7306e-13      3.51e-16    1.12e+00
   5        1.7213e-13   1.42e-15          1.7300e-13      3.40e-16    1.07e+00
   5        1.7324e-13   1.39e-15          1.7302e-13      3.30e-16    1.01e+00
   5        1.7355e-13   1.40e-15          1.7304e-13      3.22e-16    9.56e-01
   5        1.7380e-13   1.40e-15          1.7308e-13      3.13e-16    9.18e-01
   5        1.7284e-13   1.41e-15          1.7307e-13      3.06e-16    8.71e-01
   5        1.6981e-13   1.44e-15          1.7293e-13      2.99e-16    1.07e+00
   5        1.7384e-13   1.41e-15          1.7297e-13      2.93e-16    1.04e+00
   5        1.7367e-13   1.42e-15          1.7300e-13      2.87e-16    1.00e+00
   5        1.7147e-13   1.44e-15          1.7294e-13      2.81e-16    1.01e+00
   5        1.7480e-13   1.44e-15          1.7301e-13      2.76e-16    1.03e+00
   5        1.7440e-13   1.43e-15          1.7306e-13      2.71e-16    1.03e+00
   5        1.7298e-13   1.46e-15          1.7306e-13      2.66e-16    9.88e-01
   5        1.7151e-13   1.47e-15          1.7301e-13      2.62e-16    9.91e-01
   5        1.7397e-13   1.46e-15          1.7304e-13      2.58e-16    9.71e-01
   5        1.7399e-13   1.46e-15          1.7307e-13      2.54e-16    9.52e-01
   5        1.7431e-13   1.47e-15          1.7310e-13      2.50e-16    9.43e-01
   5        1.7355e-13   1.46e-15          1.7311e-13      2.47e-16    9.16e-01
   5        1.7479e-13   1.48e-15          1.7316e-13      2.43e-16    9.26e-01
   5        1.7248e-13   1.52e-15          1.7314e-13      2.40e-16    9.04e-01
   5        1.7294e-13   1.51e-15          1.7314e-13      2.37e-16    8.78e-01
   5        1.7360e-13   1.52e-15          1.7315e-13      2.35e-16    8.56e-01
   5        1.7283e-13   1.51e-15          1.7314e-13      2.32e-16    8.33e-01
   5        1.7120e-13   1.52e-15          1.7310e-13      2.29e-16    8.54e-01
   5        1.7359e-13   1.53e-15          1.7311e-13      2.27e-16    8.34e-01
   5        1.7299e-13   1.58e-15          1.7311e-13      2.24e-16    8.13e-01
   5        1.7316e-13   1.53e-15          1.7311e-13      2.22e-16    7.92e-01
   5        1.7302e-13   1.54e-15          1.7311e-13      2.20e-16    7.73e-01
   5        1.7352e-13   1.58e-15          1.7311e-13      2.18e-16    7.56e-01
   5        1.7259e-13   1.55e-15          1.7310e-13      2.15e-16    7.41e-01
   5        1.7130e-13   1.54e-15          1.7307e-13      2.13e-16    7.55e-01
   5        1.7362e-13   1.54e-15          1.7308e-13      2.11e-16    7.41e-01
   5        1.7380e-13   1.54e-15          1.7309e-13      2.09e-16    7.30e-01
   5        1.7316e-13   1.54e-15          1.7309e-13      2.07e-16    7.14e-01
   5        1.7395e-13   1.58e-15          1.7311e-13      2.06e-16    7.05e-01
   5        1.7439e-13   1.59e-15          1.7313e-13      2.04e-16    7.04e-01
   5        1.7404e-13   1.60e-15          1.7314e-13      2.02e-16    6.96e-01
   5        1.7226e-13   1.59e-15          1.7313e-13      2.01e-16    6.89e-01
   5        1.7566e-13   1.58e-15          1.7317e-13      1.99e-16    7.24e-01
   5        1.7294e-13   1.63e-15          1.7317e-13      1.98e-16    7.10e-01
   5        1.7507e-13   1.57e-15          1.7320e-13      1.96e-16    7.24e-01
LO = (1.7319626e-13 +- 1.9615477e-16) pb

*******************************************
* virtual corrections + integrated dipole *
*******************************************
The limits of integration are:

xl[0]=0.000000    xu[0]=1.000000
xl[1]=0.000000    xu[1]=1.000000
xl[2]=0.000000    xu[2]=1.000000

num_dim=3, calls=240, it_num=1, max_it_num=5 verb=0, alph=1.50,
mode=0, bins=50, boxes=1

       single.......iteration                   accumulated......results   
iteration     integral    sigma             integral         sigma     chi-sq/it

   1        1.7721e-14   2.82e-15          1.7721e-14      2.82e-15    0.00e+00
   2        2.1104e-14   1.98e-15          1.9987e-14      1.62e-15    9.66e-01
   3        2.2427e-14   1.73e-15          2.1129e-14      1.18e-15    1.01e+00
   4        2.2345e-14   1.82e-15          2.1489e-14      9.90e-16    7.81e-01
   5        2.2921e-14   1.64e-15          2.1871e-14      8.48e-16    7.25e-01

num_dim=3, calls=1200, it_num=1, max_it_num=3 verb=0, alph=1.50,
mode=0, bins=50, boxes=1

       single.......iteration                   accumulated......results   
iteration     integral    sigma             integral         sigma     chi-sq/it

   1        2.0293e-14   7.59e-16          2.0293e-14      7.59e-16    0.00e+00
   2        2.1204e-14   7.22e-16          2.0771e-14      5.23e-16    7.57e-01
   3        2.1819e-14   7.12e-16          2.1138e-14      4.22e-16    1.08e+00
   3        2.2192e-14   6.92e-16          2.1423e-14      3.60e-16    1.28e+00
   3        2.2588e-14   6.66e-16          2.1687e-14      3.17e-16    1.55e+00
   3        2.3086e-14   6.62e-16          2.1947e-14      2.86e-16    1.97e+00
   3        2.1463e-14   7.21e-16          2.1882e-14      2.66e-16    1.71e+00
   3        2.2217e-14   6.92e-16          2.1925e-14      2.48e-16    1.49e+00
   3        2.3360e-14   6.44e-16          2.2110e-14      2.31e-16    1.85e+00
   3        2.2967e-14   6.90e-16          2.2197e-14      2.19e-16    1.80e+00
   3        2.1767e-14   7.13e-16          2.2160e-14      2.10e-16    1.65e+00
   3        2.1235e-14   7.22e-16          2.2088e-14      2.01e-16    1.64e+00
   3        2.2490e-14   6.84e-16          2.2120e-14      1.93e-16    1.53e+00
   3        2.2506e-14   7.06e-16          2.2147e-14      1.86e-16    1.43e+00
   3        2.1577e-14   7.12e-16          2.2110e-14      1.80e-16    1.37e+00
   3        2.1699e-14   7.11e-16          2.2085e-14      1.75e-16    1.30e+00
   3        2.2558e-14   6.94e-16          2.2114e-14      1.69e-16    1.25e+00
   3        2.0719e-14   7.77e-16          2.2050e-14      1.66e-16    1.35e+00
   3        2.2364e-14   7.03e-16          2.2067e-14      1.61e-16    1.29e+00
   3        2.2093e-14   7.16e-16          2.2068e-14      1.57e-16    1.22e+00
   3        2.1703e-14   7.18e-16          2.2051e-14      1.54e-16    1.17e+00
   3        2.1767e-14   6.90e-16          2.2038e-14      1.50e-16    1.13e+00
   3        2.1468e-14   7.01e-16          2.2013e-14      1.47e-16    1.10e+00
   3        2.2353e-14   6.56e-16          2.2029e-14      1.43e-16    1.07e+00
   3        2.1523e-14   7.16e-16          2.2010e-14      1.40e-16    1.04e+00
   3        2.2099e-14   6.84e-16          2.2013e-14      1.37e-16    1.00e+00
   3        2.1626e-14   7.10e-16          2.1999e-14      1.35e-16    9.73e-01
   3        2.2864e-14   6.68e-16          2.2033e-14      1.32e-16    9.97e-01
   3        2.1580e-14   7.14e-16          2.2018e-14      1.30e-16    9.75e-01
   3        2.3018e-14   6.58e-16          2.2056e-14      1.28e-16    1.02e+00
   3        2.1836e-14   7.21e-16          2.2049e-14      1.26e-16    9.87e-01
   3        2.2624e-14   6.86e-16          2.2068e-14      1.24e-16    9.77e-01
   3        2.2162e-14   7.23e-16          2.2070e-14      1.22e-16    9.47e-01
   3        2.2700e-14   6.71e-16          2.2090e-14      1.20e-16    9.44e-01
   3        2.2351e-14   6.96e-16          2.2098e-14      1.18e-16    9.20e-01
   3        2.1380e-14   7.24e-16          2.2079e-14      1.17e-16    9.22e-01
   3        2.2176e-14   7.03e-16          2.2082e-14      1.15e-16    8.96e-01
   3        2.2931e-14   6.80e-16          2.2106e-14      1.13e-16    9.13e-01
   3        2.1932e-14   6.76e-16          2.2101e-14      1.12e-16    8.91e-01
   3        2.1816e-14   6.94e-16          2.2094e-14      1.10e-16    8.72e-01
   3        2.2538e-14   6.64e-16          2.2106e-14      1.09e-16    8.61e-01
   3        2.2091e-14   6.77e-16          2.2105e-14      1.08e-16    8.40e-01
   3        2.2297e-14   6.81e-16          2.2110e-14      1.06e-16    8.22e-01
   3        2.3295e-14   6.46e-16          2.2141e-14      1.05e-16    8.79e-01
   3        2.1886e-14   6.99e-16          2.2135e-14      1.04e-16    8.62e-01
   3        2.2159e-14   7.03e-16          2.2136e-14      1.03e-16    8.43e-01
   3        2.2895e-14   6.75e-16          2.2153e-14      1.01e-16    8.52e-01
   3        2.2036e-14   6.53e-16          2.2150e-14      1.00e-16    8.34e-01
   3        2.1912e-14   6.92e-16          2.2145e-14      9.91e-17    8.19e-01
   3        2.2067e-14   7.03e-16          2.2144e-14      9.82e-17    8.03e-01
   3        2.1946e-14   7.03e-16          2.2140e-14      9.72e-17    7.88e-01
   3        2.2978e-14   6.94e-16          2.2156e-14      9.63e-17    8.01e-01
   3        2.1218e-14   7.32e-16          2.2140e-14      9.54e-17    8.17e-01
vNLO = (2.2140282e-14 +- 9.5445974e-17) pb

*****************************
* collinear remainder (P+K) *
*****************************
The limits of integration are:

xl[0]=0.000000    xu[0]=1.000000
xl[1]=0.000000    xu[1]=1.000000
xl[2]=0.000000    xu[2]=1.000000
xl[3]=0.000000    xu[3]=1.000000

num_dim=4, calls=2500, it_num=1, max_it_num=5 verb=0, alph=1.50,
mode=0, bins=50, boxes=1

       single.......iteration                   accumulated......results   
iteration     integral    sigma             integral         sigma     chi-sq/it

   1        2.3813e-14   1.92e-15          2.3813e-14      1.92e-15    0.00e+00
   2        2.6462e-14   8.33e-16          2.6042e-14      7.64e-16    1.60e+00
   3        2.5214e-14   7.48e-16          2.5620e-14      5.35e-16    1.10e+00
   4        2.6279e-14   7.15e-16          2.5856e-14      4.28e-16    9.16e-01
   5        2.7042e-14   6.98e-16          2.6180e-14      3.65e-16    1.21e+00

num_dim=4, calls=25000, it_num=1, max_it_num=3 verb=0, alph=1.50,
mode=0, bins=50, boxes=1

       single.......iteration                   accumulated......results   
iteration     integral    sigma             integral         sigma     chi-sq/it

   1        2.6308e-14   2.22e-16          2.6308e-14      2.22e-16    0.00e+00
   2        2.6308e-14   2.24e-16          2.6308e-14      1.58e-16    8.84e-08
   3        2.5714e-14   2.25e-16          2.6112e-14      1.29e-16    2.34e+00
   3        2.5863e-14   2.27e-16          2.6051e-14      1.12e-16    1.86e+00
   3        2.5941e-14   2.26e-16          2.6030e-14      1.01e-16    1.44e+00
   3        2.5758e-14   2.27e-16          2.5985e-14      9.19e-17    1.39e+00
   3        2.5731e-14   2.27e-16          2.5949e-14      8.52e-17    1.34e+00
   3        2.6057e-14   2.28e-16          2.5962e-14      7.98e-17    1.18e+00
P+K = (2.5962412e-14 +- 7.9829884e-17) pb

********************************
* real gluon emission - dipole *
********************************
The limits of integration are:

xl[0]=0.000000    xu[0]=1.000000
xl[1]=0.000000    xu[1]=1.000000
xl[2]=0.000000    xu[2]=1.000000
xl[3]=0.000000    xu[3]=1.000000
xl[4]=0.000000    xu[4]=1.000000
xl[5]=0.000000    xu[5]=1.000000

num_dim=6, calls=250, it_num=1, max_it_num=5 verb=0, alph=1.50,
mode=0, bins=50, boxes=1

       single.......iteration                   accumulated......results   
iteration     integral    sigma             integral         sigma     chi-sq/it

   1        -2.9417e-16   1.49e-16          -2.9417e-16      1.49e-16    0.00e+00
   2        -1.2393e-16   8.05e-17          -1.6241e-16      7.08e-17    1.01e+00
   3        -1.0626e-16   3.37e-17          -1.1664e-16      3.05e-17    7.62e-01
   4        -1.3280e-16   3.27e-17          -1.2415e-16      2.23e-17    5.51e-01
   5        -1.8102e-16   3.66e-17          -1.3955e-16      1.90e-17    8.54e-01

num_dim=6, calls=2500, it_num=1, max_it_num=3 verb=0, alph=1.50,
mode=0, bins=50, boxes=1

       single.......iteration                   accumulated......results   
iteration     integral    sigma             integral         sigma     chi-sq/it

   1        -1.9829e-16   1.34e-17          -1.9829e-16      1.34e-17    0.00e+00
   2        -1.9428e-16   1.04e-17          -1.9578e-16      8.19e-18    5.60e-02
   3        -1.9345e-16   1.03e-17          -1.9488e-16      6.42e-18    4.37e-02
rNLOg = (-1.9488261e-16 +- 6.4227923e-18) pb

**************************************************
* real light quark emission - dipole - (onshell) *
**************************************************
The limits of integration are:

xl[0]=0.000000    xu[0]=1.000000
xl[1]=0.000000    xu[1]=1.000000
xl[2]=0.000000    xu[2]=1.000000
xl[3]=0.000000    xu[3]=1.000000
xl[4]=0.000000    xu[4]=1.000000
xl[5]=0.000000    xu[5]=1.000000

num_dim=6, calls=5000, it_num=1, max_it_num=5 verb=0, alph=1.50,
mode=0, bins=50, boxes=1

       single.......iteration                   accumulated......results   
iteration     integral    sigma             integral         sigma     chi-sq/it

   1        9.8759e-16   6.95e-17          9.8759e-16      6.95e-17    0.00e+00
   2        1.0058e-15   2.06e-17          1.0043e-15      1.97e-17    6.28e-02
   3        9.8503e-16   1.14e-17          9.8987e-16      9.90e-18    3.88e-01
   4        9.8232e-16   9.06e-18          9.8576e-16      6.68e-18    3.64e-01
   5        9.8258e-16   8.24e-18          9.8450e-16      5.19e-18    2.96e-01

num_dim=6, calls=50000, it_num=1, max_it_num=5 verb=0, alph=1.50,
mode=0, bins=50, boxes=1

       single.......iteration                   accumulated......results   
iteration     integral    sigma             integral         sigma     chi-sq/it

   1        9.8322e-16   2.52e-18          9.8322e-16      2.52e-18    0.00e+00
   2        9.8894e-16   3.28e-18          9.8534e-16      2.00e-18    1.91e+00
   3        9.8923e-16   3.28e-18          9.8640e-16      1.71e-18    1.47e+00
   4        9.8692e-16   2.83e-18          9.8654e-16      1.46e-18    9.86e-01
   5        9.9056e-16   3.00e-18          9.8731e-16      1.31e-18    1.10e+00
rNLOq = (9.8730550e-16 +- 1.3141212e-18) pb
NLO = (2.2209137e-13 +- 2.3238420e-16) pb
#chisq/dof = 2.56072e-09
#status = success
#chisq/dof = 2.73055e-09
#status = success
#chisq/dof = 1.72793e-09
#status = success
#chisq/dof = 1.55989e-09
#status = success
#chisq/dof = 2.96113e-10
#status = success
#chisq/dof = 2.92675e-12
#status = iteration is not making progress towards solution
#chisq/dof = 1.9526e-10
#status = success
#chisq/dof = 1.18337e-10
#status = success

*******************************************************
* threshold resummation (unimproved nnll) - expansion *
*******************************************************
The limits of integration are:

xl[0]=0.000000    xu[0]=1.000000
xl[1]=0.000000    xu[1]=1.000000
xl[2]=0.000000    xu[2]=1.000000

num_dim=3, calls=7000, it_num=1, max_it_num=5 verb=0, alph=1.50,
mode=0, bins=50, boxes=1

       single.......iteration                   accumulated......results   
iteration     integral    sigma             integral         sigma     chi-sq/it

   1        2.0395e-14   1.27e-14          2.0395e-14      1.27e-14    0.00e+00
   2        8.6199e-15   6.56e-15          1.1099e-14      5.83e-15    6.79e-01
   3        -1.2192e-14   6.09e-15          -2.1710e-17      4.21e-15    4.16e+00
   4        2.9003e-18   6.11e-15          -1.3789e-17      3.47e-15    2.77e+00
   5        -1.1069e-14   6.05e-15          -2.7478e-15      3.01e-15    2.71e+00

num_dim=3, calls=35000, it_num=1, max_it_num=5 verb=0, alph=1.50,
mode=0, bins=50, boxes=1

       single.......iteration                   accumulated......results   
iteration     integral    sigma             integral         sigma     chi-sq/it

   1        4.8769e-15   2.69e-15          4.8769e-15      2.69e-15    0.00e+00
   2        5.4035e-15   2.70e-15          5.1394e-15      1.91e-15    1.90e-02
   3        6.7065e-15   2.70e-15          5.6603e-15      1.56e-15    1.22e-01
   4        7.2862e-15   2.71e-15          6.0654e-15      1.35e-15    1.71e-01
   5        -4.8869e-17   2.70e-15          4.8432e-15      1.21e-15    1.15e+00
   5        1.7102e-15   2.70e-15          4.3198e-15      1.10e-15    1.15e+00
   5        5.2361e-15   2.71e-15          4.4500e-15      1.02e-15    9.72e-01
   5        7.6708e-15   2.70e-15          4.8521e-15      9.56e-16    1.01e+00
   5        3.4990e-15   2.71e-15          4.7027e-15      9.01e-16    9.12e-01
   5        5.8292e-15   2.71e-15          4.8147e-15      8.55e-16    8.28e-01
   5        4.1416e-15   2.71e-15          4.7538e-15      8.16e-16    7.50e-01
   5        -4.8005e-17   2.72e-15          4.3580e-15      7.81e-16    9.42e-01
   5        3.7066e-15   2.72e-15          4.3083e-15      7.51e-16    8.68e-01
   5        1.1868e-16   2.72e-15          4.0122e-15      7.24e-16    9.70e-01
   5        5.7623e-15   2.74e-15          4.1266e-15      7.00e-16    9.28e-01
   5        9.5448e-15   2.75e-15          4.4555e-15      6.78e-16    1.11e+00
   5        -2.0023e-15   2.73e-15          4.0809e-15      6.58e-16    1.37e+00
   5        2.7606e-15   2.73e-15          4.0083e-15      6.40e-16    1.30e+00
   5        6.0261e-15   2.75e-15          4.1120e-15      6.23e-16    1.26e+00
   5        1.0669e-14   2.77e-15          4.4282e-15      6.08e-16    1.47e+00
   5        -3.1789e-15   2.77e-15          4.0774e-15      5.94e-16    1.76e+00
   5        6.2459e-15   2.76e-15          4.1737e-15      5.81e-16    1.70e+00
   5        2.0167e-15   2.78e-15          4.0838e-15      5.68e-16    1.65e+00
   5        5.6010e-15   2.80e-15          4.1440e-15      5.57e-16    1.59e+00
   5        3.9228e-15   2.80e-15          4.1355e-15      5.46e-16    1.53e+00
   5        6.4304e-15   2.81e-15          4.2192e-15      5.36e-16    1.49e+00
   5        1.6839e-15   2.79e-15          4.1291e-15      5.27e-16    1.46e+00
   5        4.1762e-15   2.82e-15          4.1306e-15      5.18e-16    1.41e+00
   5        -8.6859e-16   2.81e-15          3.9667e-15      5.09e-16    1.47e+00
   5        4.3904e-15   2.85e-15          3.9798e-15      5.01e-16    1.42e+00
   5        3.8471e-15   2.83e-15          3.9758e-15      4.94e-16    1.37e+00
   5        8.3176e-15   2.86e-15          4.1012e-15      4.86e-16    1.40e+00
   5        2.1667e-15   2.85e-15          4.0463e-15      4.79e-16    1.37e+00
   5        5.6937e-16   2.82e-15          3.9484e-15      4.73e-16    1.37e+00
   5        8.1787e-15   2.83e-15          4.0634e-15      4.66e-16    1.40e+00
   5        6.1063e-15   2.86e-15          4.1162e-15      4.60e-16    1.37e+00
   5        2.1633e-15   2.84e-15          4.0664e-15      4.54e-16    1.35e+00
   5        -2.6834e-15   2.84e-15          3.8984e-15      4.48e-16    1.46e+00
   5        5.9192e-15   2.86e-15          3.9468e-15      4.43e-16    1.43e+00
   5        -4.1283e-18   2.88e-15          3.8552e-15      4.38e-16    1.44e+00
   5        7.1735e-16   2.88e-15          3.7845e-15      4.33e-16    1.44e+00
   5        6.6500e-15   2.91e-15          3.8464e-15      4.28e-16    1.42e+00
   5        -9.3795e-17   2.89e-15          3.7614e-15      4.24e-16    1.43e+00
   5        2.8441e-15   2.91e-15          3.7424e-15      4.19e-16    1.40e+00
   5        2.3089e-16   2.94e-15          3.6722e-15      4.15e-16    1.40e+00
   5        6.7900e-16   2.92e-15          3.6128e-15      4.11e-16    1.39e+00
   5        7.2901e-15   2.93e-15          3.6836e-15      4.07e-16    1.40e+00
   5        7.6661e-16   2.96e-15          3.6294e-15      4.03e-16    1.39e+00
   5        1.8873e-15   2.98e-15          3.5980e-15      3.99e-16    1.37e+00
   5        2.1339e-15   2.96e-15          3.5718e-15      3.96e-16    1.34e+00
   5        3.6864e-15   2.93e-15          3.5738e-15      3.92e-16    1.32e+00
   5        4.6147e-15   2.96e-15          3.5918e-15      3.89e-16    1.29e+00
   5        4.3869e-16   2.95e-15          3.5379e-15      3.85e-16    1.29e+00
   5        5.3761e-15   2.97e-15          3.5684e-15      3.82e-16    1.27e+00
   5        6.4374e-16   2.97e-15          3.5208e-15      3.79e-16    1.27e+00
aNNLO+NNLL = (2.2561214e-13 +- 4.4470146e-16) pb

Results:
LO = (2.5067005e-13 +- 1.7022848e-16) pb
NLO = (2.2209137e-13 +- 2.3238420e-16) pb
aNNLO+NNLL = (2.2561214e-13 +- 4.4470146e-16) pb
Thanks for using LHAPDF 6.2.3. Please make sure to cite the paper:
  Eur.Phys.J. C75 (2015) 3, 132  (http://arxiv.org/abs/1412.7420)
 ====================================================
   FF 2.0, a package to evaluate one-loop integrals
 written by G. J. van Oldenborgh, NIKHEF-H, Amsterdam
 ====================================================
 for the algorithms used see preprint NIKHEF-H 89/17,
 'New Algorithms for One-loop Integrals', by G.J. van
 Oldenborgh and J.A.M. Vermaseren, published in 
 Zeitschrift fuer Physik C46(1990)425.
 ====================================================
 
total number of errors and warnings
===================================
fferr: no errors
 
