
  Welcome to Resummino git-latest
  Copyright 2008-2010 Jonathan Debove.
  Copyright 2011-2014 David R. Lamprea.
  Copyright 2011-2016 Marcel Rothering.

  Licensed under the EUPL 1.1 or later.
  See http://www.resummino.org/ for more information.

  If using Resummino for slepton pair production, please cite.
  - G. Bozzi, B. Fuks, M. Klasen, PRD 74, 015001 (2006); NPB 777, 157 (2007); NPB 794, 46 (2007).
  - B. Fuks, M. Klasen, D. R. Lamprea, M. Rothering, EPJC 73, 2480 (2013).

  For gaugino pair production, please cite:
  - J. Debove, B. Fuks, M. Klasen, PLB 688, 208 (2010); NPB 842, 51 (2011); NPB 849, 64 (2011).
  - B. Fuks, M. Klasen, D. R. Lamprea, M. Rothering, JHEP 1210, 081 (2012); EPJC 73, 2480 (2013).

  For associated gaugino gluino production, please cite:
  - B. Fuks, M. Klasen, M. Rothering, JHEP 07:053, (2016).
  - B. Fuks, M. Klasen, D. R. Lamprea, M. Rothering, EPJC 73, 2480 (2013).

LHAPDF 6.2.3 loading /pool/condor/dir_9506/resummino-releases/lhapdf-prefix/share/LHAPDF/PDF4LHC21_40/PDF4LHC21_40_0000.dat
PDF4LHC21_40 PDF set, member #0, version 1
 alpha_s(M_Z^2) = 0.1180 	 for LO PDF set 
 alpha_s(1000.000^2) = 0.0868 	 for LO PDF set 

********************
* LO cross section *
********************
The limits of integration are:

xl[0]=0.000000    xu[0]=1.000000
xl[1]=0.000000    xu[1]=1.000000
xl[2]=0.000000    xu[2]=1.000000

num_dim=3, calls=2000, it_num=1, max_it_num=5 verb=0, alph=1.50,
mode=0, bins=50, boxes=1

       single.......iteration                   accumulated......results   
iteration     integral    sigma             integral         sigma     chi-sq/it

   1        4.5572e-13   1.53e-14          4.5572e-13      1.53e-14    0.00e+00
   2        4.8477e-13   5.31e-15          4.8166e-13      5.02e-15    3.20e+00
   3        4.9076e-13   2.63e-15          4.8880e-13      2.33e-15    2.89e+00
   4        4.8747e-13   2.40e-15          4.8816e-13      1.67e-15    1.98e+00
   5        4.8659e-13   2.46e-15          4.8766e-13      1.38e-15    1.55e+00

num_dim=3, calls=20000, it_num=1, max_it_num=5 verb=0, alph=1.50,
mode=0, bins=50, boxes=1

       single.......iteration                   accumulated......results   
iteration     integral    sigma             integral         sigma     chi-sq/it

   1        4.8702e-13   7.66e-16          4.8702e-13      7.66e-16    0.00e+00
   2        4.8700e-13   7.44e-16          4.8701e-13      5.34e-16    4.28e-04
   3        4.8807e-13   7.28e-16          4.8738e-13      4.30e-16    6.90e-01
   4        4.8807e-13   7.76e-16          4.8755e-13      3.76e-16    6.62e-01
   5        4.8578e-13   7.77e-16          4.8721e-13      3.39e-16    1.54e+00
   5        4.8686e-13   7.81e-16          4.8716e-13      3.11e-16    1.27e+00
LO = (4.8715528e-13 +- 3.1079229e-16) pb
LHAPDF 6.2.3 loading /pool/condor/dir_9506/resummino-releases/lhapdf-prefix/share/LHAPDF/PDF4LHC21_40/PDF4LHC21_40_0023.dat
PDF4LHC21_40 PDF set, member #23, version 1
 alpha_s(M_Z^2) = 0.1180 	 for NLO PDF set 
 alpha_s(1000.000^2) = 0.0868 	 for NLO PDF set 

********************
* LO cross section *
********************
The limits of integration are:

xl[0]=0.000000    xu[0]=1.000000
xl[1]=0.000000    xu[1]=1.000000
xl[2]=0.000000    xu[2]=1.000000

num_dim=3, calls=2000, it_num=1, max_it_num=5 verb=0, alph=1.50,
mode=0, bins=50, boxes=1

       single.......iteration                   accumulated......results   
iteration     integral    sigma             integral         sigma     chi-sq/it

   1        4.4988e-13   1.48e-14          4.4988e-13      1.48e-14    0.00e+00
   2        4.7762e-13   5.14e-15          4.7463e-13      4.86e-15    3.13e+00
   3        4.8361e-13   2.58e-15          4.8164e-13      2.28e-15    2.90e+00
   4        4.8013e-13   2.35e-15          4.8091e-13      1.63e-15    2.00e+00
   5        4.7930e-13   2.41e-15          4.8040e-13      1.35e-15    1.58e+00

num_dim=3, calls=20000, it_num=1, max_it_num=5 verb=0, alph=1.50,
mode=0, bins=50, boxes=1

       single.......iteration                   accumulated......results   
iteration     integral    sigma             integral         sigma     chi-sq/it

   1        4.7987e-13   7.49e-16          4.7987e-13      7.49e-16    0.00e+00
   2        4.7984e-13   7.26e-16          4.7986e-13      5.21e-16    6.85e-04
   3        4.8084e-13   7.11e-16          4.8020e-13      4.20e-16    6.28e-01
   4        4.8087e-13   7.59e-16          4.8036e-13      3.68e-16    6.17e-01
   5        4.7864e-13   7.60e-16          4.8003e-13      3.31e-16    1.50e+00
   5        4.7972e-13   7.65e-16          4.7998e-13      3.04e-16    1.23e+00
   5        4.8080e-13   7.60e-16          4.8010e-13      2.82e-16    1.19e+00
   5        4.7965e-13   7.81e-16          4.8005e-13      2.65e-16    1.06e+00
   5        4.7951e-13   7.97e-16          4.7999e-13      2.52e-16    9.81e-01
   5        4.7914e-13   8.08e-16          4.7992e-13      2.40e-16    9.85e-01
   5        4.7948e-13   8.56e-16          4.7988e-13      2.31e-16    9.11e-01
   5        4.7964e-13   8.62e-16          4.7987e-13      2.23e-16    8.35e-01
   5        4.8044e-13   9.07e-16          4.7990e-13      2.17e-16    7.97e-01
   5        4.7920e-13   9.52e-16          4.7987e-13      2.12e-16    7.75e-01
   5        4.7989e-13   1.01e-15          4.7987e-13      2.07e-16    7.20e-01
   5        4.7933e-13   1.06e-15          4.7985e-13      2.03e-16    6.88e-01
   5        4.7857e-13   1.06e-15          4.7980e-13      2.00e-16    7.32e-01
   5        4.8157e-13   1.09e-15          4.7986e-13      1.96e-16    8.39e-01
   5        4.8095e-13   1.18e-15          4.7989e-13      1.94e-16    8.38e-01
   5        4.8089e-13   1.15e-15          4.7992e-13      1.91e-16    8.33e-01
   5        4.7876e-13   1.21e-15          4.7989e-13      1.89e-16    8.36e-01
   5        4.7978e-13   1.23e-15          4.7989e-13      1.86e-16    7.96e-01
   5        4.8098e-13   1.25e-15          4.7991e-13      1.84e-16    7.94e-01
   5        4.7980e-13   1.36e-15          4.7991e-13      1.83e-16    7.60e-01
   5        4.8131e-13   1.33e-15          4.7993e-13      1.81e-16    7.74e-01
   5        4.7962e-13   1.37e-15          4.7993e-13      1.80e-16    7.45e-01
   5        4.8246e-13   1.46e-15          4.7997e-13      1.78e-16    8.30e-01
   5        4.7984e-13   1.39e-15          4.7996e-13      1.77e-16    7.99e-01
   5        4.7953e-13   1.43e-15          4.7996e-13      1.75e-16    7.74e-01
   5        4.8089e-13   1.51e-15          4.7997e-13      1.74e-16    7.60e-01
   5        4.8024e-13   1.49e-15          4.7997e-13      1.73e-16    7.36e-01
   5        4.7944e-13   1.57e-15          4.7997e-13      1.72e-16    7.16e-01
   5        4.8162e-13   1.52e-15          4.7999e-13      1.71e-16    7.30e-01
   5        4.7900e-13   1.60e-15          4.7998e-13      1.70e-16    7.19e-01
   5        4.7817e-13   1.56e-15          4.7995e-13      1.69e-16    7.37e-01
   5        4.8190e-13   1.60e-15          4.7998e-13      1.68e-16    7.58e-01
   5        4.7485e-13   1.56e-15          4.7992e-13      1.67e-16    1.03e+00
   5        4.7745e-13   1.63e-15          4.7989e-13      1.66e-16    1.07e+00
   5        4.8126e-13   1.61e-15          4.7991e-13      1.65e-16    1.06e+00
   5        4.7998e-13   1.64e-15          4.7991e-13      1.64e-16    1.03e+00
   5        4.8098e-13   1.66e-15          4.7992e-13      1.64e-16    1.01e+00
   5        4.7967e-13   1.66e-15          4.7992e-13      1.63e-16    9.90e-01
   5        4.8418e-13   1.72e-15          4.7995e-13      1.62e-16    1.11e+00
LO = (4.7995329e-13 +- 1.6215482e-16) pb

*******************************************
* virtual corrections + integrated dipole *
*******************************************
The limits of integration are:

xl[0]=0.000000    xu[0]=1.000000
xl[1]=0.000000    xu[1]=1.000000
xl[2]=0.000000    xu[2]=1.000000

num_dim=3, calls=240, it_num=1, max_it_num=5 verb=0, alph=1.50,
mode=0, bins=50, boxes=1

       single.......iteration                   accumulated......results   
iteration     integral    sigma             integral         sigma     chi-sq/it

   1        5.4144e-14   5.35e-15          5.4144e-14      5.35e-15    0.00e+00
   2        5.7162e-14   2.93e-15          5.6467e-14      2.57e-15    2.45e-01
   3        6.2948e-14   1.68e-15          6.0997e-14      1.41e-15    2.35e+00
   4        6.2750e-14   1.11e-15          6.2080e-14      8.71e-16    1.89e+00
   5        6.4265e-14   1.32e-15          6.2743e-14      7.27e-16    1.89e+00

num_dim=3, calls=1200, it_num=1, max_it_num=3 verb=0, alph=1.50,
mode=0, bins=50, boxes=1

       single.......iteration                   accumulated......results   
iteration     integral    sigma             integral         sigma     chi-sq/it

   1        6.1175e-14   5.68e-16          6.1175e-14      5.68e-16    0.00e+00
   2        6.2372e-14   4.60e-16          6.1898e-14      3.58e-16    2.68e+00
   3        6.1964e-14   4.21e-16          6.1926e-14      2.73e-16    1.35e+00
   3        6.2645e-14   3.98e-16          6.2155e-14      2.25e-16    1.64e+00
   3        6.1652e-14   4.26e-16          6.2046e-14      1.99e-16    1.50e+00
   3        6.2313e-14   4.05e-16          6.2098e-14      1.79e-16    1.27e+00
   3        6.1836e-14   4.50e-16          6.2062e-14      1.66e-16    1.11e+00
   3        6.2444e-14   4.30e-16          6.2112e-14      1.55e-16    1.05e+00
vNLO = (6.2111606e-14 +- 1.5479916e-16) pb

*****************************
* collinear remainder (P+K) *
*****************************
The limits of integration are:

xl[0]=0.000000    xu[0]=1.000000
xl[1]=0.000000    xu[1]=1.000000
xl[2]=0.000000    xu[2]=1.000000
xl[3]=0.000000    xu[3]=1.000000

num_dim=4, calls=2500, it_num=1, max_it_num=5 verb=0, alph=1.50,
mode=0, bins=50, boxes=1

       single.......iteration                   accumulated......results   
iteration     integral    sigma             integral         sigma     chi-sq/it

   1        4.8149e-14   3.63e-15          4.8149e-14      3.63e-15    0.00e+00
   2        4.8654e-14   1.48e-15          4.8582e-14      1.37e-15    1.66e-02
   3        4.9438e-14   1.26e-15          4.9046e-14      9.26e-16    1.14e-01
   4        4.9856e-14   1.20e-15          4.9347e-14      7.34e-16    1.71e-01
   5        5.1023e-14   1.19e-15          4.9812e-14      6.24e-16    4.89e-01

num_dim=4, calls=25000, it_num=1, max_it_num=3 verb=0, alph=1.50,
mode=0, bins=50, boxes=1

       single.......iteration                   accumulated......results   
iteration     integral    sigma             integral         sigma     chi-sq/it

   1        5.0882e-14   3.74e-16          5.0882e-14      3.74e-16    0.00e+00
   2        5.0870e-14   3.72e-16          5.0876e-14      2.64e-16    5.56e-04
   3        4.9850e-14   3.75e-16          5.0537e-14      2.16e-16    2.50e+00
   3        5.0441e-14   3.75e-16          5.0513e-14      1.87e-16    1.69e+00
   3        4.9718e-14   3.78e-16          5.0356e-14      1.68e-16    2.15e+00
   3        4.9745e-14   3.76e-16          5.0255e-14      1.53e-16    2.16e+00
   3        4.9982e-14   3.78e-16          5.0217e-14      1.42e-16    1.88e+00
   3        5.0245e-14   3.77e-16          5.0220e-14      1.33e-16    1.61e+00
   3        5.0289e-14   3.81e-16          5.0228e-14      1.25e-16    1.41e+00
P+K = (5.0227598e-14 +- 1.2542616e-16) pb

********************************
* real gluon emission - dipole *
********************************
The limits of integration are:

xl[0]=0.000000    xu[0]=1.000000
xl[1]=0.000000    xu[1]=1.000000
xl[2]=0.000000    xu[2]=1.000000
xl[3]=0.000000    xu[3]=1.000000
xl[4]=0.000000    xu[4]=1.000000
xl[5]=0.000000    xu[5]=1.000000

num_dim=6, calls=250, it_num=1, max_it_num=5 verb=0, alph=1.50,
mode=0, bins=50, boxes=1

       single.......iteration                   accumulated......results   
iteration     integral    sigma             integral         sigma     chi-sq/it

   1        -1.0907e-15   3.66e-16          -1.0907e-15      3.66e-16    0.00e+00
   2        -1.2753e-15   2.68e-16          -1.2109e-15      2.16e-16    1.66e-01
   3        -8.3951e-16   9.68e-17          -9.0150e-16      8.83e-17    1.31e+00
   4        -9.3635e-16   8.90e-17          -9.1878e-16      6.27e-17    9.00e-01
   5        -1.0214e-15   7.98e-17          -9.5794e-16      4.93e-17    9.30e-01

num_dim=6, calls=2500, it_num=1, max_it_num=3 verb=0, alph=1.50,
mode=0, bins=50, boxes=1

       single.......iteration                   accumulated......results   
iteration     integral    sigma             integral         sigma     chi-sq/it

   1        -9.5019e-16   1.87e-17          -9.5019e-16      1.87e-17    0.00e+00
   2        -9.4262e-16   1.21e-17          -9.4485e-16      1.01e-17    1.16e-01
   3        -9.6641e-16   1.23e-17          -9.5356e-16      7.82e-18    9.72e-01
rNLOg = (-9.5355790e-16 +- 7.8243449e-18) pb

**************************************************
* real light quark emission - dipole - (onshell) *
**************************************************
The limits of integration are:

xl[0]=0.000000    xu[0]=1.000000
xl[1]=0.000000    xu[1]=1.000000
xl[2]=0.000000    xu[2]=1.000000
xl[3]=0.000000    xu[3]=1.000000
xl[4]=0.000000    xu[4]=1.000000
xl[5]=0.000000    xu[5]=1.000000

num_dim=6, calls=5000, it_num=1, max_it_num=5 verb=0, alph=1.50,
mode=0, bins=50, boxes=1

       single.......iteration                   accumulated......results   
iteration     integral    sigma             integral         sigma     chi-sq/it

   1        2.5527e-15   1.84e-16          2.5527e-15      1.84e-16    0.00e+00
   2        2.6408e-15   5.27e-17          2.6341e-15      5.06e-17    2.13e-01
   3        2.5875e-15   2.94e-17          2.5993e-15      2.54e-17    4.23e-01
   4        2.5517e-15   2.25e-17          2.5726e-15      1.68e-17    9.36e-01
   5        2.5698e-15   1.87e-17          2.5713e-15      1.25e-17    7.05e-01

num_dim=6, calls=50000, it_num=1, max_it_num=5 verb=0, alph=1.50,
mode=0, bins=50, boxes=1

       single.......iteration                   accumulated......results   
iteration     integral    sigma             integral         sigma     chi-sq/it

   1        2.5641e-15   5.78e-18          2.5641e-15      5.78e-18    0.00e+00
   2        2.5789e-15   7.30e-18          2.5698e-15      4.53e-18    2.52e+00
   3        2.5866e-15   7.55e-18          2.5743e-15      3.88e-18    3.08e+00
   4        2.5726e-15   6.82e-18          2.5738e-15      3.38e-18    2.07e+00
   5        2.5787e-15   7.26e-18          2.5747e-15      3.06e-18    1.64e+00
   5        2.5709e-15   6.27e-18          2.5740e-15      2.75e-18    1.38e+00
rNLOq = (2.5739841e-15 +- 2.7509165e-18) pb
NLO = (5.9391292e-13 +- 2.5701649e-16) pb
#chisq/dof = 1.71977e-09
#status = success
#chisq/dof = 1.86824e-09
#status = success
#chisq/dof = 1.7273e-09
#status = success
#chisq/dof = 1.32096e-09
#status = success
#chisq/dof = 1.41274e-10
#status = success
#chisq/dof = 2.73599e-12
#status = iteration is not making progress towards solution
#chisq/dof = 9.19668e-10
#status = success
#chisq/dof = 6.36883e-11
#status = success

*******************************************************
* threshold resummation (unimproved nnll) - expansion *
*******************************************************
The limits of integration are:

xl[0]=0.000000    xu[0]=1.000000
xl[1]=0.000000    xu[1]=1.000000
xl[2]=0.000000    xu[2]=1.000000

num_dim=3, calls=7000, it_num=1, max_it_num=5 verb=0, alph=1.50,
mode=0, bins=50, boxes=1

       single.......iteration                   accumulated......results   
iteration     integral    sigma             integral         sigma     chi-sq/it

   1        5.5105e-14   4.54e-14          5.5105e-14      4.54e-14    0.00e+00
   2        8.5696e-15   1.85e-14          1.5214e-14      1.72e-14    9.01e-01
   3        3.1412e-15   1.70e-14          9.1228e-15      1.21e-14    5.76e-01
   4        4.5075e-14   1.68e-14          2.1343e-14      9.81e-15    1.39e+00
   5        1.8118e-14   1.69e-14          2.0529e-14      8.48e-15    1.05e+00

num_dim=3, calls=35000, it_num=1, max_it_num=5 verb=0, alph=1.50,
mode=0, bins=50, boxes=1

       single.......iteration                   accumulated......results   
iteration     integral    sigma             integral         sigma     chi-sq/it

   1        3.2166e-15   7.52e-15          3.2166e-15      7.52e-15    0.00e+00
   2        9.1020e-15   7.48e-15          6.1731e-15      5.30e-15    3.08e-01
   3        1.0965e-14   7.49e-15          7.7721e-15      4.33e-15    2.90e-01
   4        9.2303e-15   7.53e-15          8.1346e-15      3.75e-15    2.03e-01
   5        -6.2502e-15   7.51e-15          5.2599e-15      3.36e-15    8.86e-01
   5        -7.1691e-17   7.49e-15          4.3673e-15      3.06e-15    7.93e-01
   5        5.3810e-15   7.53e-15          4.5113e-15      2.84e-15    6.64e-01
   5        6.0146e-16   7.52e-15          4.0246e-15      2.65e-15    6.03e-01
   5        -2.0213e-15   7.54e-15          3.3583e-15      2.50e-15    5.99e-01
   5        1.9343e-15   7.52e-15          3.2163e-15      2.38e-15    5.36e-01
   5        -6.0777e-16   7.56e-15          2.8727e-15      2.27e-15    5.06e-01
   5        1.3675e-15   7.55e-15          2.7483e-15      2.17e-15    4.63e-01
   5        1.5641e-15   7.56e-15          2.6581e-15      2.09e-15    4.26e-01
   5        1.8899e-14   7.60e-15          3.7961e-15      2.01e-15    7.20e-01
   5        2.2359e-15   7.62e-15          3.6944e-15      1.95e-15    6.71e-01
   5        2.9113e-15   7.63e-15          3.6466e-15      1.89e-15    6.27e-01
   5        -3.4084e-15   7.60e-15          3.2380e-15      1.83e-15    6.39e-01
   5        -7.5642e-15   7.66e-15          2.6544e-15      1.78e-15    7.12e-01
   5        1.2300e-14   7.65e-15          3.1502e-15      1.73e-15    7.56e-01
   5        7.1147e-15   7.70e-15          3.3416e-15      1.69e-15    7.30e-01
   5        -3.9828e-15   7.70e-15          3.0044e-15      1.65e-15    7.36e-01
   5        1.1807e-15   7.75e-15          2.9252e-15      1.62e-15    7.04e-01
   5        5.6879e-15   7.72e-15          3.0412e-15      1.58e-15    6.77e-01
   5        -9.2409e-16   7.78e-15          2.8839e-15      1.55e-15    6.59e-01
   5        -2.7709e-15   7.85e-15          2.6717e-15      1.52e-15    6.52e-01
   5        1.0816e-14   7.83e-15          2.9674e-15      1.49e-15    6.68e-01
   5        1.9666e-15   7.82e-15          2.9322e-15      1.47e-15    6.43e-01
   5        1.1462e-14   7.84e-15          3.2203e-15      1.44e-15    6.61e-01
   5        3.5999e-15   7.85e-15          3.2327e-15      1.42e-15    6.38e-01
   5        -3.4583e-15   7.99e-15          3.0288e-15      1.40e-15    6.39e-01
   5        3.1049e-15   7.96e-15          3.0311e-15      1.37e-15    6.18e-01
   5        8.3850e-15   7.90e-15          3.1885e-15      1.35e-15    6.12e-01
   5        2.5754e-15   8.01e-15          3.1715e-15      1.34e-15    5.93e-01
   5        4.0284e-15   8.00e-15          3.1947e-15      1.32e-15    5.76e-01
   5        6.5999e-16   8.00e-15          3.1279e-15      1.30e-15    5.62e-01
   5        1.6013e-14   8.02e-15          3.4573e-15      1.28e-15    6.17e-01
   5        -1.6514e-14   7.94e-15          2.9488e-15      1.27e-15    7.72e-01
   5        -4.6537e-15   8.02e-15          2.7637e-15      1.25e-15    7.75e-01
   5        6.0489e-15   8.00e-15          2.8421e-15      1.24e-15    7.59e-01
   5        -1.1330e-14   8.01e-15          2.5126e-15      1.22e-15    8.18e-01
   5        -9.3380e-15   8.01e-15          2.2431e-15      1.21e-15    8.51e-01
   5        -4.6972e-15   8.01e-15          2.0890e-15      1.19e-15    8.48e-01
   5        7.1239e-17   8.03e-15          2.0453e-15      1.18e-15    8.29e-01
   5        -8.5241e-15   8.07e-15          1.8238e-15      1.17e-15    8.49e-01
   5        -1.3071e-15   8.15e-15          1.7608e-15      1.16e-15    8.33e-01
   5        -6.1018e-15   8.14e-15          1.6052e-15      1.15e-15    8.35e-01
   5        1.6599e-14   8.25e-15          1.8883e-15      1.13e-15    8.87e-01
   5        1.0457e-14   8.20e-15          2.0490e-15      1.12e-15    8.91e-01
   5        -3.5106e-15   8.05e-15          1.9426e-15      1.11e-15    8.82e-01
   5        -1.7567e-14   8.14e-15          1.5852e-15      1.10e-15    9.79e-01
   5        2.4030e-15   8.19e-15          1.5997e-15      1.09e-15    9.60e-01
   5        1.2461e-14   8.18e-15          1.7903e-15      1.08e-15    9.75e-01
   5        7.5906e-15   8.20e-15          1.8897e-15      1.07e-15    9.65e-01
   5        1.2086e-14   8.11e-15          2.0653e-15      1.06e-15    9.77e-01
   5        -4.2792e-15   8.23e-15          1.9609e-15      1.06e-15    9.69e-01
aNNLO+NNLL = (5.9587381e-13 +- 1.0864569e-15) pb

Results:
LO = (4.8715528e-13 +- 3.1079229e-16) pb
NLO = (5.9391292e-13 +- 2.5701649e-16) pb
aNNLO+NNLL = (5.9587381e-13 +- 1.0864569e-15) pb
Thanks for using LHAPDF 6.2.3. Please make sure to cite the paper:
  Eur.Phys.J. C75 (2015) 3, 132  (http://arxiv.org/abs/1412.7420)
 ====================================================
   FF 2.0, a package to evaluate one-loop integrals
 written by G. J. van Oldenborgh, NIKHEF-H, Amsterdam
 ====================================================
 for the algorithms used see preprint NIKHEF-H 89/17,
 'New Algorithms for One-loop Integrals', by G.J. van
 Oldenborgh and J.A.M. Vermaseren, published in 
 Zeitschrift fuer Physik C46(1990)425.
 ====================================================
 
total number of errors and warnings
===================================
fferr: no errors
 
