
  Welcome to Resummino git-latest
  Copyright 2008-2010 Jonathan Debove.
  Copyright 2011-2014 David R. Lamprea.
  Copyright 2011-2016 Marcel Rothering.

  Licensed under the EUPL 1.1 or later.
  See http://www.resummino.org/ for more information.

  If using Resummino for slepton pair production, please cite.
  - G. Bozzi, B. Fuks, M. Klasen, PRD 74, 015001 (2006); NPB 777, 157 (2007); NPB 794, 46 (2007).
  - B. Fuks, M. Klasen, D. R. Lamprea, M. Rothering, EPJC 73, 2480 (2013).

  For gaugino pair production, please cite:
  - J. Debove, B. Fuks, M. Klasen, PLB 688, 208 (2010); NPB 842, 51 (2011); NPB 849, 64 (2011).
  - B. Fuks, M. Klasen, D. R. Lamprea, M. Rothering, JHEP 1210, 081 (2012); EPJC 73, 2480 (2013).

  For associated gaugino gluino production, please cite:
  - B. Fuks, M. Klasen, M. Rothering, JHEP 07:053, (2016).
  - B. Fuks, M. Klasen, D. R. Lamprea, M. Rothering, EPJC 73, 2480 (2013).

LHAPDF 6.2.3 loading /pool/condor/dir_49421/resummino-releases/lhapdf-prefix/share/LHAPDF/PDF4LHC21_40/PDF4LHC21_40_0000.dat
PDF4LHC21_40 PDF set, member #0, version 1
 alpha_s(M_Z^2) = 0.1180 	 for LO PDF set 
 alpha_s(500.000^2) = 0.0940 	 for LO PDF set 

********************
* LO cross section *
********************
The limits of integration are:

xl[0]=0.000000    xu[0]=1.000000
xl[1]=0.000000    xu[1]=1.000000
xl[2]=0.000000    xu[2]=1.000000

num_dim=3, calls=2000, it_num=1, max_it_num=5 verb=0, alph=1.50,
mode=0, bins=50, boxes=1

       single.......iteration                   accumulated......results   
iteration     integral    sigma             integral         sigma     chi-sq/it

   1        2.6603e-12   8.94e-14          2.6603e-12      8.94e-14    0.00e+00
   2        2.7612e-12   2.93e-14          2.7514e-12      2.79e-14    1.15e+00
   3        2.8109e-12   1.58e-14          2.7964e-12      1.37e-14    2.31e+00
   4        2.7907e-12   1.46e-14          2.7937e-12      9.99e-15    1.56e+00
   5        2.7783e-12   1.53e-14          2.7891e-12      8.36e-15    1.35e+00

num_dim=3, calls=20000, it_num=1, max_it_num=5 verb=0, alph=1.50,
mode=0, bins=50, boxes=1

       single.......iteration                   accumulated......results   
iteration     integral    sigma             integral         sigma     chi-sq/it

   1        2.7868e-12   4.69e-15          2.7868e-12      4.69e-15    0.00e+00
   2        2.7873e-12   4.57e-15          2.7871e-12      3.27e-15    5.82e-03
   3        2.7965e-12   4.54e-15          2.7903e-12      2.66e-15    1.42e+00
   4        2.7944e-12   4.79e-15          2.7912e-12      2.32e-15    1.14e+00
   5        2.7802e-12   4.73e-15          2.7891e-12      2.09e-15    1.96e+00
   5        2.7879e-12   4.79e-15          2.7889e-12      1.91e-15    1.58e+00
   5        2.7923e-12   4.80e-15          2.7894e-12      1.78e-15    1.38e+00
LO = (2.7893705e-12 +- 1.7763862e-15) pb
LHAPDF 6.2.3 loading /pool/condor/dir_49421/resummino-releases/lhapdf-prefix/share/LHAPDF/PDF4LHC21_40/PDF4LHC21_40_0014.dat
PDF4LHC21_40 PDF set, member #14, version 1
 alpha_s(M_Z^2) = 0.1180 	 for NLO PDF set 
 alpha_s(500.000^2) = 0.0940 	 for NLO PDF set 

********************
* LO cross section *
********************
The limits of integration are:

xl[0]=0.000000    xu[0]=1.000000
xl[1]=0.000000    xu[1]=1.000000
xl[2]=0.000000    xu[2]=1.000000

num_dim=3, calls=2000, it_num=1, max_it_num=5 verb=0, alph=1.50,
mode=0, bins=50, boxes=1

       single.......iteration                   accumulated......results   
iteration     integral    sigma             integral         sigma     chi-sq/it

   1        2.5863e-12   8.93e-14          2.5863e-12      8.93e-14    0.00e+00
   2        2.6849e-12   2.92e-14          2.6753e-12      2.78e-14    1.10e+00
   3        2.7372e-12   1.66e-14          2.7210e-12      1.42e-14    2.38e+00
   4        2.7150e-12   1.57e-14          2.7183e-12      1.05e-14    1.62e+00
   5        2.6991e-12   1.65e-14          2.7127e-12      8.88e-15    1.45e+00

num_dim=3, calls=20000, it_num=1, max_it_num=5 verb=0, alph=1.50,
mode=0, bins=50, boxes=1

       single.......iteration                   accumulated......results   
iteration     integral    sigma             integral         sigma     chi-sq/it

   1        2.7110e-12   5.07e-15          2.7110e-12      5.07e-15    0.00e+00
   2        2.7126e-12   4.91e-15          2.7118e-12      3.53e-15    5.44e-02
   3        2.7225e-12   4.89e-15          2.7155e-12      2.86e-15    1.57e+00
   4        2.7200e-12   5.13e-15          2.7166e-12      2.50e-15    1.25e+00
   5        2.7047e-12   5.08e-15          2.7143e-12      2.24e-15    2.03e+00
   5        2.7124e-12   5.12e-15          2.7140e-12      2.05e-15    1.64e+00
   5        2.7166e-12   5.15e-15          2.7143e-12      1.91e-15    1.41e+00
   5        2.7103e-12   5.22e-15          2.7138e-12      1.79e-15    1.28e+00
   5        2.7095e-12   5.39e-15          2.7134e-12      1.70e-15    1.20e+00
   5        2.7031e-12   5.46e-15          2.7125e-12      1.62e-15    1.42e+00
   5        2.7136e-12   5.66e-15          2.7126e-12      1.56e-15    1.28e+00
   5        2.7090e-12   5.77e-15          2.7123e-12      1.51e-15    1.20e+00
   5        2.7192e-12   6.09e-15          2.7127e-12      1.46e-15    1.20e+00
   5        2.7080e-12   6.20e-15          2.7125e-12      1.42e-15    1.15e+00
   5        2.7142e-12   6.55e-15          2.7126e-12      1.39e-15    1.07e+00
   5        2.7089e-12   6.69e-15          2.7124e-12      1.36e-15    1.02e+00
   5        2.7089e-12   6.80e-15          2.7123e-12      1.34e-15    9.74e-01
   5        2.7205e-12   7.02e-15          2.7126e-12      1.31e-15    9.94e-01
   5        2.7237e-12   7.41e-15          2.7129e-12      1.29e-15    1.06e+00
   5        2.7249e-12   7.37e-15          2.7133e-12      1.27e-15    1.14e+00
   5        2.7070e-12   7.67e-15          2.7131e-12      1.26e-15    1.12e+00
   5        2.7137e-12   7.83e-15          2.7131e-12      1.24e-15    1.06e+00
   5        2.7177e-12   7.99e-15          2.7132e-12      1.22e-15    1.03e+00
   5        2.7096e-12   8.31e-15          2.7131e-12      1.21e-15    9.93e-01
   5        2.7252e-12   8.36e-15          2.7134e-12      1.20e-15    1.04e+00
   5        2.7124e-12   8.43e-15          2.7134e-12      1.19e-15    9.95e-01
   5        2.7316e-12   8.80e-15          2.7137e-12      1.18e-15    1.12e+00
   5        2.7144e-12   8.50e-15          2.7137e-12      1.17e-15    1.08e+00
   5        2.7114e-12   8.73e-15          2.7137e-12      1.16e-15    1.04e+00
   5        2.7231e-12   9.19e-15          2.7138e-12      1.15e-15    1.04e+00
   5        2.7152e-12   8.83e-15          2.7138e-12      1.14e-15    1.01e+00
   5        2.7138e-12   9.14e-15          2.7138e-12      1.13e-15    9.75e-01
   5        2.7232e-12   8.86e-15          2.7140e-12      1.12e-15    9.79e-01
   5        2.7055e-12   9.18e-15          2.7139e-12      1.11e-15    9.75e-01
   5        2.7042e-12   8.82e-15          2.7137e-12      1.10e-15    9.81e-01
   5        2.7290e-12   9.09e-15          2.7139e-12      1.09e-15    1.03e+00
   5        2.6870e-12   8.81e-15          2.7135e-12      1.09e-15    1.26e+00
   5        2.7027e-12   9.17e-15          2.7134e-12      1.08e-15    1.26e+00
   5        2.7236e-12   9.01e-15          2.7135e-12      1.07e-15    1.26e+00
   5        2.7144e-12   9.17e-15          2.7135e-12      1.06e-15    1.23e+00
   5        2.7209e-12   9.40e-15          2.7136e-12      1.06e-15    1.21e+00
   5        2.7150e-12   9.41e-15          2.7136e-12      1.05e-15    1.19e+00
   5        2.7365e-12   9.66e-15          2.7139e-12      1.04e-15    1.29e+00
   5        2.7170e-12   9.43e-15          2.7139e-12      1.04e-15    1.26e+00
   5        2.7043e-12   9.71e-15          2.7138e-12      1.03e-15    1.26e+00
   5        2.7132e-12   9.92e-15          2.7138e-12      1.03e-15    1.23e+00
   5        2.7249e-12   1.03e-14          2.7139e-12      1.02e-15    1.23e+00
   5        2.6944e-12   9.91e-15          2.7137e-12      1.02e-15    1.28e+00
   5        2.7363e-12   1.03e-14          2.7140e-12      1.01e-15    1.35e+00
   5        2.7308e-12   1.00e-14          2.7141e-12      1.01e-15    1.38e+00
   5        2.7114e-12   1.00e-14          2.7141e-12      1.00e-15    1.36e+00
   5        2.6919e-12   9.86e-15          2.7139e-12      9.95e-16    1.43e+00
   5        2.7136e-12   1.01e-14          2.7139e-12      9.91e-16    1.40e+00
   5        2.7182e-12   1.06e-14          2.7139e-12      9.86e-16    1.38e+00
   5        2.7324e-12   1.01e-14          2.7141e-12      9.82e-16    1.41e+00
LO = (2.7140752e-12 +- 9.8169293e-16) pb

*******************************************
* virtual corrections + integrated dipole *
*******************************************
The limits of integration are:

xl[0]=0.000000    xu[0]=1.000000
xl[1]=0.000000    xu[1]=1.000000
xl[2]=0.000000    xu[2]=1.000000

num_dim=3, calls=240, it_num=1, max_it_num=5 verb=0, alph=1.50,
mode=0, bins=50, boxes=1

       single.......iteration                   accumulated......results   
iteration     integral    sigma             integral         sigma     chi-sq/it

   1        3.4652e-13   3.65e-14          3.4652e-13      3.65e-14    0.00e+00
   2        3.5643e-13   1.89e-14          3.5433e-13      1.68e-14    5.81e-02
   3        3.8099e-13   1.04e-14          3.7357e-13      8.87e-15    9.37e-01
   4        3.7642e-13   7.23e-15          3.7528e-13      5.60e-15    6.45e-01
   5        3.9556e-13   9.74e-15          3.8032e-13      4.86e-15    1.30e+00

num_dim=3, calls=1200, it_num=1, max_it_num=3 verb=0, alph=1.50,
mode=0, bins=50, boxes=1

       single.......iteration                   accumulated......results   
iteration     integral    sigma             integral         sigma     chi-sq/it

   1        3.7181e-13   4.02e-15          3.7181e-13      4.02e-15    0.00e+00
   2        3.8037e-13   3.28e-15          3.7695e-13      2.54e-15    2.72e+00
   3        3.7800e-13   3.07e-15          3.7738e-13      1.96e-15    1.39e+00
   3        3.8548e-13   3.11e-15          3.7968e-13      1.66e-15    2.56e+00
   3        3.7700e-13   3.10e-15          3.7909e-13      1.46e-15    2.06e+00
   3        3.8059e-13   3.02e-15          3.7937e-13      1.32e-15    1.69e+00
   3        3.7522e-13   3.39e-15          3.7883e-13      1.23e-15    1.63e+00
   3        3.8373e-13   3.22e-15          3.7945e-13      1.15e-15    1.68e+00
   3        3.8154e-13   2.99e-15          3.7971e-13      1.07e-15    1.53e+00
   3        3.7873e-13   3.07e-15          3.7961e-13      1.01e-15    1.37e+00
   3        3.7565e-13   3.18e-15          3.7925e-13      9.63e-16    1.37e+00
   3        3.7761e-13   3.15e-15          3.7911e-13      9.21e-16    1.27e+00
vNLO = (3.7910658e-13 +- 9.2094785e-16) pb

*****************************
* collinear remainder (P+K) *
*****************************
The limits of integration are:

xl[0]=0.000000    xu[0]=1.000000
xl[1]=0.000000    xu[1]=1.000000
xl[2]=0.000000    xu[2]=1.000000
xl[3]=0.000000    xu[3]=1.000000

num_dim=4, calls=2500, it_num=1, max_it_num=5 verb=0, alph=1.50,
mode=0, bins=50, boxes=1

       single.......iteration                   accumulated......results   
iteration     integral    sigma             integral         sigma     chi-sq/it

   1        1.6184e-13   1.86e-14          1.6184e-13      1.86e-14    0.00e+00
   2        1.5758e-13   8.40e-15          1.5830e-13      7.66e-15    4.33e-02
   3        1.5749e-13   7.39e-15          1.5788e-13      5.32e-15    2.46e-02
   4        1.6406e-13   7.09e-15          1.6011e-13      4.26e-15    1.79e-01
   5        1.6905e-13   7.33e-15          1.6236e-13      3.68e-15    4.12e-01

num_dim=4, calls=25000, it_num=1, max_it_num=3 verb=0, alph=1.50,
mode=0, bins=50, boxes=1

       single.......iteration                   accumulated......results   
iteration     integral    sigma             integral         sigma     chi-sq/it

   1        1.6542e-13   2.28e-15          1.6542e-13      2.28e-15    0.00e+00
   2        1.6331e-13   2.26e-15          1.6435e-13      1.61e-15    4.33e-01
   3        1.6078e-13   2.26e-15          1.6315e-13      1.31e-15    1.05e+00
   3        1.6326e-13   2.26e-15          1.6318e-13      1.13e-15    7.01e-01
   3        1.6160e-13   2.26e-15          1.6286e-13      1.01e-15    6.22e-01
   3        1.6258e-13   2.26e-15          1.6282e-13      9.24e-16    5.00e-01
P+K = (1.6281557e-13 +- 9.2421780e-16) pb

********************************
* real gluon emission - dipole *
********************************
The limits of integration are:

xl[0]=0.000000    xu[0]=1.000000
xl[1]=0.000000    xu[1]=1.000000
xl[2]=0.000000    xu[2]=1.000000
xl[3]=0.000000    xu[3]=1.000000
xl[4]=0.000000    xu[4]=1.000000
xl[5]=0.000000    xu[5]=1.000000

num_dim=6, calls=250, it_num=1, max_it_num=5 verb=0, alph=1.50,
mode=0, bins=50, boxes=1

       single.......iteration                   accumulated......results   
iteration     integral    sigma             integral         sigma     chi-sq/it

   1        -1.0217e-14   3.29e-15          -1.0217e-14      3.29e-15    0.00e+00
   2        -1.1483e-14   2.69e-15          -1.0975e-14      2.08e-15    8.88e-02
   3        -7.4840e-15   8.68e-16          -8.0004e-15      8.01e-16    1.24e+00
   4        -9.6580e-15   9.73e-16          -8.6697e-15      6.18e-16    1.40e+00
   5        -9.1754e-15   7.98e-16          -8.8595e-15      4.89e-16    1.12e+00

num_dim=6, calls=2500, it_num=1, max_it_num=3 verb=0, alph=1.50,
mode=0, bins=50, boxes=1

       single.......iteration                   accumulated......results   
iteration     integral    sigma             integral         sigma     chi-sq/it

   1        -8.9136e-15   2.06e-16          -8.9136e-15      2.06e-16    0.00e+00
   2        -8.6778e-15   1.27e-16          -8.7423e-15      1.08e-16    9.50e-01
   3        -8.9099e-15   1.41e-16          -8.8042e-15      8.56e-17    9.21e-01
rNLOg = (-8.8042273e-15 +- 8.5636962e-17) pb

**************************************************
* real light quark emission - dipole - (onshell) *
**************************************************
The limits of integration are:

xl[0]=0.000000    xu[0]=1.000000
xl[1]=0.000000    xu[1]=1.000000
xl[2]=0.000000    xu[2]=1.000000
xl[3]=0.000000    xu[3]=1.000000
xl[4]=0.000000    xu[4]=1.000000
xl[5]=0.000000    xu[5]=1.000000

num_dim=6, calls=5000, it_num=1, max_it_num=5 verb=0, alph=1.50,
mode=0, bins=50, boxes=1

       single.......iteration                   accumulated......results   
iteration     integral    sigma             integral         sigma     chi-sq/it

   1        2.5483e-14   2.23e-15          2.5483e-14      2.23e-15    0.00e+00
   2        2.7556e-14   6.77e-16          2.7381e-14      6.48e-16    7.90e-01
   3        2.6270e-14   3.18e-16          2.6486e-14      2.86e-16    1.58e+00
   4        2.5922e-14   2.45e-16          2.6161e-14      1.86e-16    1.80e+00
   5        2.6204e-14   2.28e-16          2.6178e-14      1.44e-16    1.36e+00

num_dim=6, calls=50000, it_num=1, max_it_num=5 verb=0, alph=1.50,
mode=0, bins=50, boxes=1

       single.......iteration                   accumulated......results   
iteration     integral    sigma             integral         sigma     chi-sq/it

   1        2.6142e-14   7.05e-17          2.6142e-14      7.05e-17    0.00e+00
   2        2.6279e-14   7.99e-17          2.6202e-14      5.29e-17    1.64e+00
   3        2.6373e-14   8.41e-17          2.6250e-14      4.48e-17    2.30e+00
   4        2.6253e-14   8.08e-17          2.6251e-14      3.92e-17    1.53e+00
   5        2.6311e-14   8.34e-17          2.6262e-14      3.54e-17    1.26e+00
rNLOq = (2.6261916e-14 +- 3.5444319e-17) pb
NLO = (3.2734551e-12 +- 1.6354310e-15) pb
#chisq/dof = 1.08204e-08
#status = success
#chisq/dof = 1.04419e-08
#status = success
#chisq/dof = 6.06313e-10
#status = success
#chisq/dof = 1.02616e-09
#status = success
#chisq/dof = 9.14008e-10
#status = success
#chisq/dof = 6.17215e-12
#status = success
#chisq/dof = 4.03555e-10
#status = success
#chisq/dof = 1.28691e-10
#status = success

*******************************************************
* threshold resummation (unimproved nnll) - expansion *
*******************************************************
The limits of integration are:

xl[0]=0.000000    xu[0]=1.000000
xl[1]=0.000000    xu[1]=1.000000
xl[2]=0.000000    xu[2]=1.000000

num_dim=3, calls=7000, it_num=1, max_it_num=5 verb=0, alph=1.50,
mode=0, bins=50, boxes=1

       single.......iteration                   accumulated......results   
iteration     integral    sigma             integral         sigma     chi-sq/it

   1        -2.0717e-13   2.47e-13          -2.0717e-13      2.47e-13    0.00e+00
   2        -7.7290e-15   9.95e-14          -3.5626e-14      9.23e-14    5.61e-01
   3        8.9423e-14   9.18e-14          2.7285e-14      6.51e-14    7.42e-01
   4        1.3227e-13   9.06e-14          6.2993e-14      5.29e-14    7.90e-01
   5        1.2843e-13   8.94e-14          7.9953e-14      4.55e-14    6.92e-01

num_dim=3, calls=35000, it_num=1, max_it_num=5 verb=0, alph=1.50,
mode=0, bins=50, boxes=1

       single.......iteration                   accumulated......results   
iteration     integral    sigma             integral         sigma     chi-sq/it

   1        -2.7734e-14   4.02e-14          -2.7734e-14      4.02e-14    0.00e+00
   2        -8.1413e-15   4.00e-14          -1.7883e-14      2.83e-14    1.20e-01
   3        -5.9583e-14   4.03e-14          -3.1666e-14      2.32e-14    4.18e-01
   4        -1.4505e-14   4.03e-14          -2.7400e-14      2.01e-14    3.24e-01
   5        -4.1509e-14   4.03e-14          -3.0210e-14      1.80e-14    2.68e-01
   5        -5.5853e-14   4.01e-14          -3.4511e-14      1.64e-14    2.82e-01
   5        -1.0551e-14   4.07e-14          -3.1163e-14      1.52e-14    2.85e-01
   5        -9.6881e-14   4.06e-14          -3.9259e-14      1.42e-14    5.72e-01
   5        1.0768e-14   4.06e-14          -3.3765e-14      1.34e-14    6.70e-01
   5        -7.9874e-14   4.07e-14          -3.8303e-14      1.28e-14    7.24e-01
   5        -4.6363e-14   4.07e-14          -3.9024e-14      1.22e-14    6.56e-01
   5        -1.3271e-14   4.08e-14          -3.6919e-14      1.17e-14    6.29e-01
   5        -4.8685e-14   4.10e-14          -3.7802e-14      1.12e-14    5.83e-01
   5        8.2258e-14   4.10e-14          -2.9425e-14      1.08e-14    1.15e+00
   5        -4.2347e-14   4.11e-14          -3.0262e-14      1.05e-14    1.08e+00
   5        -1.0256e-14   4.12e-14          -2.9049e-14      1.01e-14    1.02e+00
   5        1.2093e-14   4.11e-14          -2.6690e-14      9.85e-15    1.01e+00
   5        -1.0557e-13   4.09e-14          -3.1015e-14      9.58e-15    1.16e+00
   5        -1.1221e-14   4.14e-14          -3.0008e-14      9.33e-15    1.11e+00
   5        -6.6850e-14   4.18e-14          -3.1760e-14      9.11e-15    1.09e+00
   5        -2.5279e-14   4.14e-14          -3.1461e-14      8.89e-15    1.04e+00
   5        -3.3300e-14   4.17e-14          -3.1541e-14      8.70e-15    9.87e-01
   5        2.9072e-14   4.16e-14          -2.9003e-14      8.51e-15    1.04e+00
   5        -2.3069e-14   4.20e-14          -2.8768e-14      8.34e-15    9.91e-01
   5        -5.6855e-14   4.18e-14          -2.9846e-14      8.18e-15    9.68e-01
   5        2.7047e-14   4.16e-14          -2.7728e-14      8.03e-15    1.00e+00
   5        -5.4096e-14   4.16e-14          -2.8675e-14      7.88e-15    9.77e-01
   5        -1.0951e-14   4.19e-14          -2.8070e-14      7.75e-15    9.48e-01
   5        5.9765e-15   4.19e-14          -2.6943e-14      7.62e-15    9.37e-01
   5        -3.8595e-14   4.26e-14          -2.7304e-14      7.50e-15    9.07e-01
   5        -1.8454e-14   4.21e-14          -2.7032e-14      7.38e-15    8.78e-01
   5        1.8350e-14   4.25e-14          -2.5704e-14      7.27e-15    8.85e-01
   5        -7.3678e-14   4.27e-14          -2.7056e-14      7.17e-15    8.96e-01
   5        2.0550e-14   4.22e-14          -2.5722e-14      7.07e-15    9.06e-01
   5        -4.1984e-14   4.22e-14          -2.6166e-14      6.97e-15    8.84e-01
   5        2.4559e-14   4.22e-14          -2.4816e-14      6.88e-15    8.99e-01
   5        -1.1642e-13   4.23e-14          -2.7172e-14      6.79e-15    1.00e+00
   5        -1.4010e-14   4.21e-14          -2.6839e-14      6.70e-15    9.76e-01
   5        -2.1790e-14   4.23e-14          -2.6715e-14      6.62e-15    9.51e-01
   5        -1.6778e-14   4.24e-14          -2.6478e-14      6.54e-15    9.28e-01
   5        -4.2467e-14   4.27e-14          -2.6846e-14      6.47e-15    9.08e-01
   5        -1.2752e-13   4.29e-14          -2.9077e-14      6.39e-15    1.02e+00
   5        1.3667e-15   4.26e-14          -2.8406e-14      6.32e-15    1.00e+00
   5        -3.4853e-14   4.28e-14          -2.8544e-14      6.25e-15    9.82e-01
   5        -2.7397e-14   4.32e-14          -2.8520e-14      6.19e-15    9.59e-01
   5        -7.3407e-14   4.27e-14          -2.9445e-14      6.13e-15    9.62e-01
   5        -7.9916e-15   4.34e-14          -2.9026e-14      6.07e-15    9.46e-01
   5        7.6690e-15   4.31e-14          -2.8313e-14      6.01e-15    9.41e-01
   5        -2.0830e-14   4.29e-14          -2.8169e-14      5.95e-15    9.22e-01
   5        -1.1323e-13   4.36e-14          -2.9724e-14      5.89e-15    9.80e-01
   5        -9.1288e-15   4.28e-14          -2.9341e-14      5.84e-15    9.65e-01
   5        2.9625e-14   4.33e-14          -2.8286e-14      5.79e-15    9.82e-01
   5        3.1761e-15   4.36e-14          -2.7742e-14      5.74e-15    9.73e-01
   5        6.3165e-14   4.36e-14          -2.6195e-14      5.69e-15    1.03e+00
   5        2.0291e-14   4.35e-14          -2.5415e-14      5.64e-15    1.04e+00
aNNLO+NNLL = (3.2480399e-12 +- 5.8715586e-15) pb

Results:
LO = (2.7893705e-12 +- 1.7763862e-15) pb
NLO = (3.2734551e-12 +- 1.6354310e-15) pb
aNNLO+NNLL = (3.2480399e-12 +- 5.8715586e-15) pb
Thanks for using LHAPDF 6.2.3. Please make sure to cite the paper:
  Eur.Phys.J. C75 (2015) 3, 132  (http://arxiv.org/abs/1412.7420)
 ====================================================
   FF 2.0, a package to evaluate one-loop integrals
 written by G. J. van Oldenborgh, NIKHEF-H, Amsterdam
 ====================================================
 for the algorithms used see preprint NIKHEF-H 89/17,
 'New Algorithms for One-loop Integrals', by G.J. van
 Oldenborgh and J.A.M. Vermaseren, published in 
 Zeitschrift fuer Physik C46(1990)425.
 ====================================================
 
total number of errors and warnings
===================================
fferr: no errors
 
