
  Welcome to Resummino git-latest
  Copyright 2008-2010 Jonathan Debove.
  Copyright 2011-2014 David R. Lamprea.
  Copyright 2011-2016 Marcel Rothering.

  Licensed under the EUPL 1.1 or later.
  See http://www.resummino.org/ for more information.

  If using Resummino for slepton pair production, please cite.
  - G. Bozzi, B. Fuks, M. Klasen, PRD 74, 015001 (2006); NPB 777, 157 (2007); NPB 794, 46 (2007).
  - B. Fuks, M. Klasen, D. R. Lamprea, M. Rothering, EPJC 73, 2480 (2013).

  For gaugino pair production, please cite:
  - J. Debove, B. Fuks, M. Klasen, PLB 688, 208 (2010); NPB 842, 51 (2011); NPB 849, 64 (2011).
  - B. Fuks, M. Klasen, D. R. Lamprea, M. Rothering, JHEP 1210, 081 (2012); EPJC 73, 2480 (2013).

  For associated gaugino gluino production, please cite:
  - B. Fuks, M. Klasen, M. Rothering, JHEP 07:053, (2016).
  - B. Fuks, M. Klasen, D. R. Lamprea, M. Rothering, EPJC 73, 2480 (2013).

LHAPDF 6.2.3 loading /pool/condor/dir_21422/resummino-releases/lhapdf-prefix/share/LHAPDF/PDF4LHC21_40/PDF4LHC21_40_0000.dat
PDF4LHC21_40 PDF set, member #0, version 1
 alpha_s(M_Z^2) = 0.1180 	 for LO PDF set 
 alpha_s(1900.000^2) = 0.0811 	 for LO PDF set 

********************
* LO cross section *
********************
The limits of integration are:

xl[0]=0.000000    xu[0]=1.000000
xl[1]=0.000000    xu[1]=1.000000
xl[2]=0.000000    xu[2]=1.000000

num_dim=3, calls=2000, it_num=1, max_it_num=5 verb=0, alph=1.50,
mode=0, bins=50, boxes=1

       single.......iteration                   accumulated......results   
iteration     integral    sigma             integral         sigma     chi-sq/it

   1        2.5055e-14   7.71e-16          2.5055e-14      7.71e-16    0.00e+00
   2        2.6840e-14   2.81e-16          2.6631e-14      2.64e-16    4.73e+00
   3        2.6988e-14   1.46e-16          2.6905e-14      1.28e-16    3.07e+00
   4        2.6758e-14   1.37e-16          2.6837e-14      9.34e-17    2.25e+00
   5        2.6872e-14   1.29e-16          2.6849e-14      7.57e-17    1.70e+00

num_dim=3, calls=20000, it_num=1, max_it_num=5 verb=0, alph=1.50,
mode=0, bins=50, boxes=1

       single.......iteration                   accumulated......results   
iteration     integral    sigma             integral         sigma     chi-sq/it

   1        2.6860e-14   4.21e-17          2.6860e-14      4.21e-17    0.00e+00
   2        2.6862e-14   4.05e-17          2.6861e-14      2.92e-17    9.50e-04
   3        2.6852e-14   3.81e-17          2.6858e-14      2.32e-17    1.79e-02
   4        2.6869e-14   4.08e-17          2.6861e-14      2.01e-17    3.15e-02
   5        2.6773e-14   4.30e-17          2.6845e-14      1.82e-17    8.78e-01
LO = (2.6845047e-14 +- 1.8242547e-17) pb
LHAPDF 6.2.3 loading /pool/condor/dir_21422/resummino-releases/lhapdf-prefix/share/LHAPDF/PDF4LHC21_40/PDF4LHC21_40_0011.dat
PDF4LHC21_40 PDF set, member #11, version 1
 alpha_s(M_Z^2) = 0.1180 	 for NLO PDF set 
 alpha_s(1900.000^2) = 0.0811 	 for NLO PDF set 

********************
* LO cross section *
********************
The limits of integration are:

xl[0]=0.000000    xu[0]=1.000000
xl[1]=0.000000    xu[1]=1.000000
xl[2]=0.000000    xu[2]=1.000000

num_dim=3, calls=2000, it_num=1, max_it_num=5 verb=0, alph=1.50,
mode=0, bins=50, boxes=1

       single.......iteration                   accumulated......results   
iteration     integral    sigma             integral         sigma     chi-sq/it

   1        2.4122e-14   7.64e-16          2.4122e-14      7.64e-16    0.00e+00
   2        2.5944e-14   2.78e-16          2.5732e-14      2.61e-16    5.02e+00
   3        2.6091e-14   1.42e-16          2.6009e-14      1.25e-16    3.24e+00
   4        2.5894e-14   1.33e-16          2.5955e-14      9.10e-17    2.29e+00
   5        2.5982e-14   1.27e-16          2.5964e-14      7.39e-17    1.73e+00

num_dim=3, calls=20000, it_num=1, max_it_num=5 verb=0, alph=1.50,
mode=0, bins=50, boxes=1

       single.......iteration                   accumulated......results   
iteration     integral    sigma             integral         sigma     chi-sq/it

   1        2.5970e-14   4.12e-17          2.5970e-14      4.12e-17    0.00e+00
   2        2.5973e-14   3.94e-17          2.5971e-14      2.85e-17    3.96e-03
   3        2.5966e-14   3.72e-17          2.5969e-14      2.26e-17    9.11e-03
   4        2.5982e-14   4.00e-17          2.5972e-14      1.97e-17    2.99e-02
   5        2.5881e-14   4.21e-17          2.5956e-14      1.78e-17    9.90e-01
   5        2.5914e-14   4.09e-17          2.5949e-14      1.63e-17    9.68e-01
   5        2.6001e-14   4.07e-17          2.5956e-14      1.52e-17    1.04e+00
   5        2.5933e-14   4.19e-17          2.5954e-14      1.43e-17    9.30e-01
   5        2.5966e-14   4.25e-17          2.5955e-14      1.35e-17    8.23e-01
   5        2.5918e-14   4.31e-17          2.5952e-14      1.29e-17    8.04e-01
   5        2.5910e-14   4.45e-17          2.5948e-14      1.24e-17    8.05e-01
   5        2.5972e-14   4.52e-17          2.5950e-14      1.20e-17    7.56e-01
   5        2.5972e-14   4.66e-17          2.5952e-14      1.16e-17    7.10e-01
   5        2.5945e-14   4.96e-17          2.5951e-14      1.13e-17    6.57e-01
   5        2.5942e-14   5.19e-17          2.5951e-14      1.10e-17    6.12e-01
   5        2.5930e-14   5.44e-17          2.5950e-14      1.08e-17    5.81e-01
   5        2.5864e-14   5.36e-17          2.5947e-14      1.06e-17    6.98e-01
   5        2.6049e-14   5.55e-17          2.5950e-14      1.04e-17    8.50e-01
   5        2.5996e-14   5.89e-17          2.5952e-14      1.02e-17    8.35e-01
   5        2.5937e-14   6.04e-17          2.5951e-14      1.01e-17    7.94e-01
   5        2.5869e-14   6.24e-17          2.5949e-14      9.97e-18    8.39e-01
   5        2.5928e-14   6.38e-17          2.5949e-14      9.85e-18    8.04e-01
   5        2.6038e-14   6.56e-17          2.5951e-14      9.74e-18    8.49e-01
   5        2.5950e-14   7.16e-17          2.5951e-14      9.65e-18    8.12e-01
   5        2.5980e-14   7.14e-17          2.5951e-14      9.56e-18    7.85e-01
   5        2.5893e-14   7.42e-17          2.5950e-14      9.48e-18    7.78e-01
   5        2.6080e-14   8.00e-17          2.5952e-14      9.42e-18    8.48e-01
   5        2.5950e-14   7.55e-17          2.5952e-14      9.34e-18    8.17e-01
   5        2.5927e-14   7.70e-17          2.5952e-14      9.28e-18    7.91e-01
   5        2.5980e-14   8.05e-17          2.5952e-14      9.22e-18    7.68e-01
   5        2.5967e-14   8.17e-17          2.5952e-14      9.16e-18    7.44e-01
   5        2.5893e-14   8.42e-17          2.5951e-14      9.10e-18    7.36e-01
   5        2.6014e-14   8.54e-17          2.5952e-14      9.05e-18    7.29e-01
   5        2.5910e-14   8.98e-17          2.5952e-14      9.01e-18    7.14e-01
   5        2.5840e-14   8.94e-17          2.5951e-14      8.96e-18    7.38e-01
   5        2.6051e-14   9.24e-17          2.5951e-14      8.92e-18    7.51e-01
LO = (2.5951467e-14 +- 8.9194922e-18) pb

*******************************************
* virtual corrections + integrated dipole *
*******************************************
The limits of integration are:

xl[0]=0.000000    xu[0]=1.000000
xl[1]=0.000000    xu[1]=1.000000
xl[2]=0.000000    xu[2]=1.000000

num_dim=3, calls=240, it_num=1, max_it_num=5 verb=0, alph=1.50,
mode=0, bins=50, boxes=1

       single.......iteration                   accumulated......results   
iteration     integral    sigma             integral         sigma     chi-sq/it

   1        2.6757e-15   2.51e-16          2.6757e-15      2.51e-16    0.00e+00
   2        2.8691e-15   1.49e-16          2.8187e-15      1.28e-16    4.41e-01
   3        3.1705e-15   7.76e-17          3.0759e-15      6.63e-17    2.99e+00
   4        3.2325e-15   7.82e-17          3.1415e-15      5.06e-17    2.77e+00
   5        3.1820e-15   6.92e-17          3.1556e-15      4.08e-17    2.13e+00

num_dim=3, calls=1200, it_num=1, max_it_num=3 verb=0, alph=1.50,
mode=0, bins=50, boxes=1

       single.......iteration                   accumulated......results   
iteration     integral    sigma             integral         sigma     chi-sq/it

   1        3.0977e-15   2.81e-17          3.0977e-15      2.81e-17    0.00e+00
   2        3.1513e-15   2.29e-17          3.1299e-15      1.77e-17    2.19e+00
   3        3.1524e-15   2.35e-17          3.1380e-15      1.42e-17    1.39e+00
   3        3.1550e-15   2.04e-17          3.1436e-15      1.16e-17    1.08e+00
   3        3.1190e-15   2.31e-17          3.1386e-15      1.04e-17    1.04e+00
   3        3.1496e-15   2.05e-17          3.1409e-15      9.27e-18    8.75e-01
   3        3.1462e-15   2.23e-17          3.1416e-15      8.56e-18    7.38e-01
vNLO = (3.1416474e-15 +- 8.5563782e-18) pb

*****************************
* collinear remainder (P+K) *
*****************************
The limits of integration are:

xl[0]=0.000000    xu[0]=1.000000
xl[1]=0.000000    xu[1]=1.000000
xl[2]=0.000000    xu[2]=1.000000
xl[3]=0.000000    xu[3]=1.000000

num_dim=4, calls=2500, it_num=1, max_it_num=5 verb=0, alph=1.50,
mode=0, bins=50, boxes=1

       single.......iteration                   accumulated......results   
iteration     integral    sigma             integral         sigma     chi-sq/it

   1        4.3608e-15   2.30e-16          4.3608e-15      2.30e-16    0.00e+00
   2        4.4509e-15   8.90e-17          4.4392e-15      8.30e-17    1.33e-01
   3        4.4922e-15   6.92e-17          4.4705e-15      5.32e-17    1.87e-01
   4        4.5098e-15   6.56e-17          4.4861e-15      4.13e-17    1.97e-01
   5        4.5277e-15   6.49e-17          4.4981e-15      3.48e-17    2.21e-01

num_dim=4, calls=25000, it_num=1, max_it_num=3 verb=0, alph=1.50,
mode=0, bins=50, boxes=1

       single.......iteration                   accumulated......results   
iteration     integral    sigma             integral         sigma     chi-sq/it

   1        4.5477e-15   2.01e-17          4.5477e-15      2.01e-17    0.00e+00
   2        4.5575e-15   2.00e-17          4.5526e-15      1.42e-17    1.17e-01
   3        4.5089e-15   2.03e-17          4.5383e-15      1.16e-17    1.62e+00
   3        4.5263e-15   2.02e-17          4.5353e-15      1.01e-17    1.17e+00
   3        4.4944e-15   2.04e-17          4.5273e-15      9.04e-18    1.68e+00
   3        4.4898e-15   2.04e-17          4.5211e-15      8.26e-18    1.91e+00
   3        4.5116e-15   2.02e-17          4.5197e-15      7.64e-18    1.63e+00
   3        4.5185e-15   2.04e-17          4.5196e-15      7.16e-18    1.39e+00
P+K = (4.5195992e-15 +- 7.1569415e-18) pb

********************************
* real gluon emission - dipole *
********************************
The limits of integration are:

xl[0]=0.000000    xu[0]=1.000000
xl[1]=0.000000    xu[1]=1.000000
xl[2]=0.000000    xu[2]=1.000000
xl[3]=0.000000    xu[3]=1.000000
xl[4]=0.000000    xu[4]=1.000000
xl[5]=0.000000    xu[5]=1.000000

num_dim=6, calls=250, it_num=1, max_it_num=5 verb=0, alph=1.50,
mode=0, bins=50, boxes=1

       single.......iteration                   accumulated......results   
iteration     integral    sigma             integral         sigma     chi-sq/it

   1        -2.9925e-17   9.93e-18          -2.9925e-17      9.93e-18    0.00e+00
   2        -3.9328e-17   9.46e-18          -3.4851e-17      6.85e-18    4.70e-01
   3        -2.0987e-17   2.30e-18          -2.2398e-17      2.18e-18    2.08e+00
   4        -2.4747e-17   5.06e-18          -2.2767e-17      2.01e-18    1.44e+00
   5        -2.2728e-17   2.68e-18          -2.2753e-17      1.61e-18    1.08e+00

num_dim=6, calls=2500, it_num=1, max_it_num=3 verb=0, alph=1.50,
mode=0, bins=50, boxes=1

       single.......iteration                   accumulated......results   
iteration     integral    sigma             integral         sigma     chi-sq/it

   1        -2.7133e-17   9.21e-19          -2.7133e-17      9.21e-19    0.00e+00
   2        -2.6250e-17   4.50e-19          -2.6420e-17      4.04e-19    7.41e-01
   3        -2.7450e-17   3.97e-19          -2.6944e-17      2.83e-19    2.02e+00
rNLOg = (-2.6944412e-17 +- 2.8323608e-19) pb

**************************************************
* real light quark emission - dipole - (onshell) *
**************************************************
The limits of integration are:

xl[0]=0.000000    xu[0]=1.000000
xl[1]=0.000000    xu[1]=1.000000
xl[2]=0.000000    xu[2]=1.000000
xl[3]=0.000000    xu[3]=1.000000
xl[4]=0.000000    xu[4]=1.000000
xl[5]=0.000000    xu[5]=1.000000

num_dim=6, calls=5000, it_num=1, max_it_num=5 verb=0, alph=1.50,
mode=0, bins=50, boxes=1

       single.......iteration                   accumulated......results   
iteration     integral    sigma             integral         sigma     chi-sq/it

   1        5.9485e-17   3.78e-18          5.9485e-17      3.78e-18    0.00e+00
   2        5.7238e-17   1.03e-18          5.7394e-17      9.96e-19    3.28e-01
   3        5.6544e-17   5.47e-19          5.6740e-17      4.79e-19    4.44e-01
   4        5.6331e-17   4.17e-19          5.6507e-17      3.14e-19    4.35e-01
   5        5.6505e-17   3.84e-19          5.6506e-17      2.43e-19    3.26e-01

num_dim=6, calls=50000, it_num=1, max_it_num=5 verb=0, alph=1.50,
mode=0, bins=50, boxes=1

       single.......iteration                   accumulated......results   
iteration     integral    sigma             integral         sigma     chi-sq/it

   1        5.6459e-17   1.14e-19          5.6459e-17      1.14e-19    0.00e+00
   2        5.6784e-17   1.60e-19          5.6568e-17      9.28e-20    2.73e+00
   3        5.6879e-17   1.59e-19          5.6647e-17      8.02e-20    2.78e+00
   4        5.6613e-17   1.25e-19          5.6637e-17      6.75e-20    1.87e+00
   5        5.6743e-17   1.41e-19          5.6657e-17      6.09e-20    1.52e+00
rNLOq = (5.6656558e-17 +- 6.0893102e-20) pb
NLO = (3.3642425e-14 +- 1.4285471e-17) pb
#chisq/dof = 2.00956e-09
#status = iteration is not making progress towards solution
#chisq/dof = 1.21264e-09
#status = success
#chisq/dof = 5.65817e-10
#status = success
#chisq/dof = 1.75887e-09
#status = success
#chisq/dof = 1.34769e-10
#status = success
#chisq/dof = 3.44036e-12
#status = success
#chisq/dof = 3.24663e-10
#status = the iteration has not converged yet
#chisq/dof = 2.47742e-11
#status = success

*******************************************************
* threshold resummation (unimproved nnll) - expansion *
*******************************************************
The limits of integration are:

xl[0]=0.000000    xu[0]=1.000000
xl[1]=0.000000    xu[1]=1.000000
xl[2]=0.000000    xu[2]=1.000000

num_dim=3, calls=7000, it_num=1, max_it_num=5 verb=0, alph=1.50,
mode=0, bins=50, boxes=1

       single.......iteration                   accumulated......results   
iteration     integral    sigma             integral         sigma     chi-sq/it

   1        5.6349e-16   9.45e-17          5.6349e-16      9.45e-17    0.00e+00
   2        5.6703e-16   3.92e-17          5.6651e-16      3.62e-17    1.20e-03
   3        5.3866e-16   3.51e-17          5.5214e-16      2.52e-17    1.53e-01
   4        5.3605e-16   3.48e-17          5.4661e-16      2.04e-17    1.49e-01
   5        5.0358e-16   3.45e-17          5.3546e-16      1.76e-17    3.99e-01

num_dim=3, calls=35000, it_num=1, max_it_num=5 verb=0, alph=1.50,
mode=0, bins=50, boxes=1

       single.......iteration                   accumulated......results   
iteration     integral    sigma             integral         sigma     chi-sq/it

   1        5.9029e-16   1.55e-17          5.9029e-16      1.55e-17    0.00e+00
   2        5.8892e-16   1.55e-17          5.8961e-16      1.09e-17    3.90e-03
   3        5.9909e-16   1.54e-17          5.9278e-16      8.93e-18    1.28e-01
   4        5.8005e-16   1.54e-17          5.8959e-16      7.73e-18    2.55e-01
   5        5.8088e-16   1.54e-17          5.8784e-16      6.91e-18    2.55e-01
aNNLO+NNLL = (3.4230261e-14 +- 1.5866762e-17) pb

Results:
LO = (2.6845047e-14 +- 1.8242547e-17) pb
NLO = (3.3642425e-14 +- 1.4285471e-17) pb
aNNLO+NNLL = (3.4230261e-14 +- 1.5866762e-17) pb
Thanks for using LHAPDF 6.2.3. Please make sure to cite the paper:
  Eur.Phys.J. C75 (2015) 3, 132  (http://arxiv.org/abs/1412.7420)
 ====================================================
   FF 2.0, a package to evaluate one-loop integrals
 written by G. J. van Oldenborgh, NIKHEF-H, Amsterdam
 ====================================================
 for the algorithms used see preprint NIKHEF-H 89/17,
 'New Algorithms for One-loop Integrals', by G.J. van
 Oldenborgh and J.A.M. Vermaseren, published in 
 Zeitschrift fuer Physik C46(1990)425.
 ====================================================
 
total number of errors and warnings
===================================
fferr: no errors
 
