
  Welcome to Resummino git-latest
  Copyright 2008-2010 Jonathan Debove.
  Copyright 2011-2014 David R. Lamprea.
  Copyright 2011-2016 Marcel Rothering.

  Licensed under the EUPL 1.1 or later.
  See http://www.resummino.org/ for more information.

  If using Resummino for slepton pair production, please cite.
  - G. Bozzi, B. Fuks, M. Klasen, PRD 74, 015001 (2006); NPB 777, 157 (2007); NPB 794, 46 (2007).
  - B. Fuks, M. Klasen, D. R. Lamprea, M. Rothering, EPJC 73, 2480 (2013).

  For gaugino pair production, please cite:
  - J. Debove, B. Fuks, M. Klasen, PLB 688, 208 (2010); NPB 842, 51 (2011); NPB 849, 64 (2011).
  - B. Fuks, M. Klasen, D. R. Lamprea, M. Rothering, JHEP 1210, 081 (2012); EPJC 73, 2480 (2013).

  For associated gaugino gluino production, please cite:
  - B. Fuks, M. Klasen, M. Rothering, JHEP 07:053, (2016).
  - B. Fuks, M. Klasen, D. R. Lamprea, M. Rothering, EPJC 73, 2480 (2013).

LHAPDF 6.2.3 loading /pool/condor/dir_14042/resummino-releases/lhapdf-prefix/share/LHAPDF/PDF4LHC21_40/PDF4LHC21_40_0000.dat
PDF4LHC21_40 PDF set, member #0, version 1
 alpha_s(M_Z^2) = 0.1180 	 for LO PDF set 
 alpha_s(1600.000^2) = 0.0826 	 for LO PDF set 

********************
* LO cross section *
********************
The limits of integration are:

xl[0]=0.000000    xu[0]=1.000000
xl[1]=0.000000    xu[1]=1.000000
xl[2]=0.000000    xu[2]=1.000000

num_dim=3, calls=2000, it_num=1, max_it_num=5 verb=0, alph=1.50,
mode=0, bins=50, boxes=1

       single.......iteration                   accumulated......results   
iteration     integral    sigma             integral         sigma     chi-sq/it

   1        6.4072e-14   2.06e-15          6.4072e-14      2.06e-15    0.00e+00
   2        6.8755e-14   7.38e-16          6.8221e-14      6.95e-16    4.59e+00
   3        6.9276e-14   3.68e-16          6.9046e-14      3.25e-16    3.20e+00
   4        6.8801e-14   3.39e-16          6.8928e-14      2.34e-16    2.22e+00
   5        6.8947e-14   3.25e-16          6.8934e-14      1.90e-16    1.67e+00

num_dim=3, calls=20000, it_num=1, max_it_num=5 verb=0, alph=1.50,
mode=0, bins=50, boxes=1

       single.......iteration                   accumulated......results   
iteration     integral    sigma             integral         sigma     chi-sq/it

   1        6.8896e-14   1.05e-16          6.8896e-14      1.05e-16    0.00e+00
   2        6.8884e-14   1.01e-16          6.8890e-14      7.29e-17    6.61e-03
   3        6.8930e-14   9.63e-17          6.8904e-14      5.81e-17    5.87e-02
   4        6.8959e-14   1.03e-16          6.8917e-14      5.06e-17    1.11e-01
   5        6.8682e-14   1.08e-16          6.8875e-14      4.58e-17    1.06e+00
LO = (6.8875053e-14 +- 4.5815762e-17) pb
LHAPDF 6.2.3 loading /pool/condor/dir_14042/resummino-releases/lhapdf-prefix/share/LHAPDF/PDF4LHC21_40/PDF4LHC21_40_0010.dat
PDF4LHC21_40 PDF set, member #10, version 1
 alpha_s(M_Z^2) = 0.1180 	 for NLO PDF set 
 alpha_s(1600.000^2) = 0.0826 	 for NLO PDF set 

********************
* LO cross section *
********************
The limits of integration are:

xl[0]=0.000000    xu[0]=1.000000
xl[1]=0.000000    xu[1]=1.000000
xl[2]=0.000000    xu[2]=1.000000

num_dim=3, calls=2000, it_num=1, max_it_num=5 verb=0, alph=1.50,
mode=0, bins=50, boxes=1

       single.......iteration                   accumulated......results   
iteration     integral    sigma             integral         sigma     chi-sq/it

   1        6.7452e-14   2.11e-15          6.7452e-14      2.11e-15    0.00e+00
   2        7.2070e-14   7.58e-16          7.1540e-14      7.13e-16    4.26e+00
   3        7.2588e-14   3.79e-16          7.2358e-14      3.34e-16    2.97e+00
   4        7.2042e-14   3.49e-16          7.2206e-14      2.41e-16    2.12e+00
   5        7.2220e-14   3.35e-16          7.2211e-14      1.96e-16    1.59e+00

num_dim=3, calls=20000, it_num=1, max_it_num=5 verb=0, alph=1.50,
mode=0, bins=50, boxes=1

       single.......iteration                   accumulated......results   
iteration     integral    sigma             integral         sigma     chi-sq/it

   1        7.2184e-14   1.08e-16          7.2184e-14      1.08e-16    0.00e+00
   2        7.2170e-14   1.04e-16          7.2177e-14      7.48e-17    8.65e-03
   3        7.2222e-14   9.96e-17          7.2193e-14      5.98e-17    6.81e-02
   4        7.2259e-14   1.06e-16          7.2209e-14      5.21e-17    1.44e-01
   5        7.1981e-14   1.10e-16          7.2167e-14      4.71e-17    9.89e-01
   5        7.2072e-14   1.08e-16          7.2152e-14      4.32e-17    9.23e-01
   5        7.2309e-14   1.08e-16          7.2174e-14      4.01e-17    1.07e+00
   5        7.2112e-14   1.12e-16          7.2167e-14      3.77e-17    9.57e-01
   5        7.2140e-14   1.13e-16          7.2164e-14      3.58e-17    8.44e-01
   5        7.2050e-14   1.14e-16          7.2154e-14      3.41e-17    8.52e-01
   5        7.2035e-14   1.20e-16          7.2145e-14      3.28e-17    8.57e-01
   5        7.2192e-14   1.23e-16          7.2148e-14      3.17e-17    7.92e-01
   5        7.2217e-14   1.28e-16          7.2152e-14      3.08e-17    7.49e-01
   5        7.2073e-14   1.37e-16          7.2148e-14      3.01e-17    7.16e-01
   5        7.2124e-14   1.43e-16          7.2147e-14      2.94e-17    6.66e-01
   5        7.2066e-14   1.50e-16          7.2144e-14      2.89e-17    6.41e-01
   5        7.1933e-14   1.50e-16          7.2137e-14      2.83e-17    7.21e-01
   5        7.2402e-14   1.55e-16          7.2145e-14      2.79e-17    8.45e-01
   5        7.2278e-14   1.66e-16          7.2149e-14      2.75e-17    8.33e-01
   5        7.2173e-14   1.65e-16          7.2149e-14      2.71e-17    7.90e-01
   5        7.1935e-14   1.76e-16          7.2145e-14      2.68e-17    8.23e-01
   5        7.2082e-14   1.83e-16          7.2143e-14      2.65e-17    7.89e-01
   5        7.2365e-14   1.79e-16          7.2148e-14      2.62e-17    8.21e-01
   5        7.2133e-14   1.91e-16          7.2148e-14      2.60e-17    7.86e-01
   5        7.2282e-14   1.94e-16          7.2150e-14      2.58e-17    7.73e-01
   5        7.1997e-14   2.01e-16          7.2148e-14      2.55e-17    7.65e-01
   5        7.2526e-14   2.18e-16          7.2153e-14      2.54e-17    8.50e-01
   5        7.2127e-14   2.06e-16          7.2152e-14      2.52e-17    8.19e-01
   5        7.2086e-14   2.11e-16          7.2151e-14      2.50e-17    7.93e-01
   5        7.2273e-14   2.22e-16          7.2153e-14      2.48e-17    7.76e-01
   5        7.2191e-14   2.24e-16          7.2153e-14      2.47e-17    7.51e-01
   5        7.2019e-14   2.33e-16          7.2152e-14      2.46e-17    7.37e-01
   5        7.2382e-14   2.34e-16          7.2154e-14      2.44e-17    7.44e-01
   5        7.2056e-14   2.47e-16          7.2153e-14      2.43e-17    7.26e-01
   5        7.1830e-14   2.45e-16          7.2150e-14      2.42e-17    7.56e-01
   5        7.2416e-14   2.53e-16          7.2153e-14      2.41e-17    7.65e-01
   5        7.1380e-14   2.54e-16          7.2146e-14      2.40e-17    9.99e-01
LO = (7.2145817e-14 +- 2.3971860e-17) pb

*******************************************
* virtual corrections + integrated dipole *
*******************************************
The limits of integration are:

xl[0]=0.000000    xu[0]=1.000000
xl[1]=0.000000    xu[1]=1.000000
xl[2]=0.000000    xu[2]=1.000000

num_dim=3, calls=240, it_num=1, max_it_num=5 verb=0, alph=1.50,
mode=0, bins=50, boxes=1

       single.......iteration                   accumulated......results   
iteration     integral    sigma             integral         sigma     chi-sq/it

   1        7.6115e-15   7.04e-16          7.6115e-15      7.04e-16    0.00e+00
   2        8.1829e-15   4.16e-16          8.0349e-15      3.58e-16    4.88e-01
   3        8.8834e-15   2.14e-16          8.6606e-15      1.84e-16    2.31e+00
   4        9.0247e-15   1.84e-16          8.8427e-15      1.30e-16    2.20e+00
   5        9.0392e-15   1.74e-16          8.9131e-15      1.04e-16    1.85e+00

num_dim=3, calls=1200, it_num=1, max_it_num=3 verb=0, alph=1.50,
mode=0, bins=50, boxes=1

       single.......iteration                   accumulated......results   
iteration     integral    sigma             integral         sigma     chi-sq/it

   1        8.7667e-15   7.70e-17          8.7667e-15      7.70e-17    0.00e+00
   2        8.9281e-15   6.30e-17          8.8634e-15      4.87e-17    2.63e+00
   3        8.8918e-15   6.05e-17          8.8746e-15      3.80e-17    1.38e+00
   3        8.9380e-15   5.35e-17          8.8959e-15      3.10e-17    1.23e+00
   3        8.8167e-15   6.06e-17          8.8795e-15      2.76e-17    1.26e+00
   3        8.9286e-15   5.66e-17          8.8889e-15      2.48e-17    1.13e+00
   3        8.8765e-15   5.99e-17          8.8871e-15      2.29e-17    9.50e-01
vNLO = (8.8870803e-15 +- 2.2899681e-17) pb

*****************************
* collinear remainder (P+K) *
*****************************
The limits of integration are:

xl[0]=0.000000    xu[0]=1.000000
xl[1]=0.000000    xu[1]=1.000000
xl[2]=0.000000    xu[2]=1.000000
xl[3]=0.000000    xu[3]=1.000000

num_dim=4, calls=2500, it_num=1, max_it_num=5 verb=0, alph=1.50,
mode=0, bins=50, boxes=1

       single.......iteration                   accumulated......results   
iteration     integral    sigma             integral         sigma     chi-sq/it

   1        1.0413e-14   6.02e-16          1.0413e-14      6.02e-16    0.00e+00
   2        1.0567e-14   2.39e-16          1.0546e-14      2.22e-16    5.60e-02
   3        1.0710e-14   1.92e-16          1.0640e-14      1.45e-16    1.85e-01
   4        1.0747e-14   1.84e-16          1.0681e-14      1.14e-16    1.92e-01
   5        1.0850e-14   1.80e-16          1.0729e-14      9.63e-17    3.02e-01

num_dim=4, calls=25000, it_num=1, max_it_num=3 verb=0, alph=1.50,
mode=0, bins=50, boxes=1

       single.......iteration                   accumulated......results   
iteration     integral    sigma             integral         sigma     chi-sq/it

   1        1.0868e-14   5.62e-17          1.0868e-14      5.62e-17    0.00e+00
   2        1.0889e-14   5.59e-17          1.0878e-14      3.96e-17    7.00e-02
   3        1.0748e-14   5.66e-17          1.0836e-14      3.25e-17    1.81e+00
   3        1.0807e-14   5.65e-17          1.0829e-14      2.82e-17    1.27e+00
   3        1.0702e-14   5.72e-17          1.0804e-14      2.53e-17    1.93e+00
   3        1.0697e-14   5.69e-17          1.0786e-14      2.31e-17    2.14e+00
   3        1.0748e-14   5.65e-17          1.0781e-14      2.14e-17    1.85e+00
   3        1.0777e-14   5.69e-17          1.0780e-14      2.00e-17    1.58e+00
   3        1.0769e-14   5.76e-17          1.0779e-14      1.89e-17    1.39e+00
P+K = (1.0779127e-14 +- 1.8899332e-17) pb

********************************
* real gluon emission - dipole *
********************************
The limits of integration are:

xl[0]=0.000000    xu[0]=1.000000
xl[1]=0.000000    xu[1]=1.000000
xl[2]=0.000000    xu[2]=1.000000
xl[3]=0.000000    xu[3]=1.000000
xl[4]=0.000000    xu[4]=1.000000
xl[5]=0.000000    xu[5]=1.000000

num_dim=6, calls=250, it_num=1, max_it_num=5 verb=0, alph=1.50,
mode=0, bins=50, boxes=1

       single.......iteration                   accumulated......results   
iteration     integral    sigma             integral         sigma     chi-sq/it

   1        -1.0465e-16   3.48e-17          -1.0465e-16      3.48e-17    0.00e+00
   2        -1.3873e-16   3.49e-17          -1.2163e-16      2.47e-17    4.77e-01
   3        -7.1706e-17   7.99e-18          -7.6447e-17      7.60e-18    2.09e+00
   4        -7.9699e-17   8.96e-18          -7.7807e-17      5.80e-18    1.42e+00
   5        -9.5966e-17   7.98e-18          -8.4082e-17      4.69e-18    1.91e+00

num_dim=6, calls=2500, it_num=1, max_it_num=3 verb=0, alph=1.50,
mode=0, bins=50, boxes=1

       single.......iteration                   accumulated......results   
iteration     integral    sigma             integral         sigma     chi-sq/it

   1        -9.5219e-17   2.33e-18          -9.5219e-17      2.33e-18    0.00e+00
   2        -9.3652e-17   1.25e-18          -9.4004e-17      1.10e-18    3.52e-01
   3        -9.5921e-17   1.10e-18          -9.4968e-17      7.77e-19    9.37e-01
rNLOg = (-9.4967996e-17 +- 7.7677426e-19) pb

**************************************************
* real light quark emission - dipole - (onshell) *
**************************************************
The limits of integration are:

xl[0]=0.000000    xu[0]=1.000000
xl[1]=0.000000    xu[1]=1.000000
xl[2]=0.000000    xu[2]=1.000000
xl[3]=0.000000    xu[3]=1.000000
xl[4]=0.000000    xu[4]=1.000000
xl[5]=0.000000    xu[5]=1.000000

num_dim=6, calls=5000, it_num=1, max_it_num=5 verb=0, alph=1.50,
mode=0, bins=50, boxes=1

       single.......iteration                   accumulated......results   
iteration     integral    sigma             integral         sigma     chi-sq/it

   1        2.0839e-16   1.27e-17          2.0839e-16      1.27e-17    0.00e+00
   2        2.0720e-16   4.08e-18          2.0731e-16      3.88e-18    8.07e-03
   3        2.0162e-16   2.12e-18          2.0293e-16      1.86e-18    8.30e-01
   4        2.0146e-16   1.51e-18          2.0204e-16      1.17e-18    6.80e-01
   5        2.0160e-16   1.35e-18          2.0185e-16      8.86e-19    5.25e-01

num_dim=6, calls=50000, it_num=1, max_it_num=5 verb=0, alph=1.50,
mode=0, bins=50, boxes=1

       single.......iteration                   accumulated......results   
iteration     integral    sigma             integral         sigma     chi-sq/it

   1        2.0148e-16   4.12e-19          2.0148e-16      4.12e-19    0.00e+00
   2        2.0273e-16   5.92e-19          2.0189e-16      3.38e-19    3.02e+00
   3        2.0313e-16   5.84e-19          2.0220e-16      2.93e-19    3.22e+00
   4        2.0197e-16   4.74e-19          2.0214e-16      2.49e-19    2.20e+00
   5        2.0255e-16   5.27e-19          2.0221e-16      2.25e-19    1.78e+00
rNLOq = (2.0221327e-16 +- 2.2508680e-19) pb
NLO = (9.1919269e-14 +- 3.8169153e-17) pb
#chisq/dof = 2.17027e-09
#status = success
#chisq/dof = 8.9351e-10
#status = success
#chisq/dof = 6.21622e-10
#status = success
#chisq/dof = 5.27517e-09
#status = success
#chisq/dof = 2.52905e-11
#status = success
#chisq/dof = 3.64747e-12
#status = success
#chisq/dof = 1.09269e-10
#status = success
#chisq/dof = 2.16524e-11
#status = success

*******************************************************
* threshold resummation (unimproved nnll) - expansion *
*******************************************************
The limits of integration are:

xl[0]=0.000000    xu[0]=1.000000
xl[1]=0.000000    xu[1]=1.000000
xl[2]=0.000000    xu[2]=1.000000

num_dim=3, calls=7000, it_num=1, max_it_num=5 verb=0, alph=1.50,
mode=0, bins=50, boxes=1

       single.......iteration                   accumulated......results   
iteration     integral    sigma             integral         sigma     chi-sq/it

   1        1.2203e-15   2.50e-15          1.2203e-15      2.50e-15    0.00e+00
   2        2.3449e-15   1.34e-15          2.0934e-15      1.18e-15    1.57e-01
   3        -1.4291e-15   1.24e-15          4.1091e-16      8.55e-16    2.20e+00
   4        -9.8283e-16   1.25e-15          -3.3481e-17      7.05e-16    1.75e+00
   5        -2.8333e-15   1.25e-15          -7.1060e-16      6.14e-16    2.26e+00

num_dim=3, calls=35000, it_num=1, max_it_num=5 verb=0, alph=1.50,
mode=0, bins=50, boxes=1

       single.......iteration                   accumulated......results   
iteration     integral    sigma             integral         sigma     chi-sq/it

   1        1.3972e-15   5.48e-16          1.3972e-15      5.48e-16    0.00e+00
   2        1.6984e-15   5.54e-16          1.5461e-15      3.89e-16    1.50e-01
   3        1.1252e-15   5.53e-16          1.4065e-15      3.18e-16    2.69e-01
   4        2.0139e-15   5.55e-16          1.5571e-15      2.76e-16    4.80e-01
   5        5.9728e-16   5.53e-16          1.3656e-15      2.47e-16    9.63e-01
   5        8.5768e-16   5.52e-16          1.2809e-15      2.25e-16    9.11e-01
   5        1.2694e-15   5.55e-16          1.2792e-15      2.09e-16    7.59e-01
   5        1.6043e-15   5.56e-16          1.3194e-15      1.96e-16    6.94e-01
   5        1.2714e-15   5.57e-16          1.3142e-15      1.85e-16    6.08e-01
   5        1.7753e-15   5.58e-16          1.3596e-15      1.75e-16    6.09e-01
   5        1.0175e-15   5.55e-16          1.3286e-15      1.67e-16    5.82e-01
   5        8.8939e-16   5.59e-16          1.2926e-15      1.60e-16    5.81e-01
   5        1.2650e-15   5.57e-16          1.2905e-15      1.54e-16    5.33e-01
   5        1.0361e-15   5.58e-16          1.2726e-15      1.48e-16    5.06e-01
   5        2.0781e-15   5.63e-16          1.3249e-15      1.43e-16    6.07e-01
   5        3.2147e-15   5.60e-16          1.4411e-15      1.39e-16    1.28e+00
   5        1.0613e-15   5.60e-16          1.4191e-15      1.35e-16    1.23e+00
   5        1.0238e-15   5.60e-16          1.3974e-15      1.31e-16    1.18e+00
   5        1.1347e-15   5.61e-16          1.3838e-15      1.28e-16    1.13e+00
   5        1.7513e-15   5.60e-16          1.4020e-15      1.24e-16    1.09e+00
   5        -3.3792e-16   5.61e-16          1.3204e-15      1.22e-16    1.49e+00
   5        1.9837e-15   5.65e-16          1.3498e-15      1.19e-16    1.48e+00
   5        1.1579e-15   5.64e-16          1.3416e-15      1.16e-16    1.42e+00
   5        1.9769e-15   5.67e-16          1.3673e-15      1.14e-16    1.41e+00
   5        8.5297e-16   5.69e-16          1.3474e-15      1.12e-16    1.39e+00
   5        1.8533e-15   5.66e-16          1.3664e-15      1.10e-16    1.36e+00
   5        4.8963e-16   5.61e-16          1.3342e-15      1.08e-16    1.40e+00
   5        1.1935e-15   5.65e-16          1.3292e-15      1.06e-16    1.35e+00
   5        1.2363e-15   5.66e-16          1.3261e-15      1.04e-16    1.30e+00
   5        1.3104e-15   5.69e-16          1.3256e-15      1.02e-16    1.26e+00
   5        4.0858e-16   5.68e-16          1.2969e-15      1.01e-16    1.30e+00
   5        1.8328e-15   5.72e-16          1.3130e-15      9.90e-17    1.29e+00
   5        1.1703e-15   5.75e-16          1.3089e-15      9.76e-17    1.25e+00
   5        6.2226e-16   5.71e-16          1.2894e-15      9.62e-17    1.25e+00
   5        2.0945e-15   5.73e-16          1.3114e-15      9.49e-17    1.27e+00
   5        1.1792e-15   5.79e-16          1.3080e-15      9.36e-17    1.24e+00
   5        1.4208e-15   5.72e-16          1.3109e-15      9.24e-17    1.20e+00
   5        -3.0935e-17   5.73e-16          1.2769e-15      9.12e-17    1.32e+00
   5        1.3225e-15   5.84e-16          1.2780e-15      9.01e-17    1.28e+00
   5        4.4184e-16   5.73e-16          1.2578e-15      8.90e-17    1.30e+00
   5        9.0163e-16   5.79e-16          1.2496e-15      8.80e-17    1.28e+00
   5        1.4344e-15   5.83e-16          1.2537e-15      8.70e-17    1.25e+00
   5        4.3937e-16   5.76e-16          1.2355e-15      8.60e-17    1.27e+00
   5        1.5978e-15   5.80e-16          1.2433e-15      8.51e-17    1.25e+00
   5        1.2267e-15   5.85e-16          1.2430e-15      8.42e-17    1.22e+00
   5        8.2016e-16   5.84e-16          1.2344e-15      8.33e-17    1.20e+00
   5        9.2854e-16   5.86e-16          1.2283e-15      8.25e-17    1.18e+00
   5        3.5530e-16   5.85e-16          1.2113e-15      8.17e-17    1.20e+00
   5        1.5839e-15   5.91e-16          1.2182e-15      8.09e-17    1.19e+00
   5        1.0913e-15   5.90e-16          1.2159e-15      8.02e-17    1.16e+00
   5        1.4052e-15   5.94e-16          1.2193e-15      7.95e-17    1.14e+00
   5        1.8263e-15   6.00e-16          1.2298e-15      7.88e-17    1.14e+00
   5        6.7909e-16   5.97e-16          1.2203e-15      7.81e-17    1.13e+00
   5        3.1175e-16   5.89e-16          1.2047e-15      7.74e-17    1.16e+00
   5        4.8050e-16   5.94e-16          1.1926e-15      7.68e-17    1.16e+00
aNNLO+NNLL = (9.3111832e-14 +- 8.5735154e-17) pb

Results:
LO = (6.8875053e-14 +- 4.5815762e-17) pb
NLO = (9.1919269e-14 +- 3.8169153e-17) pb
aNNLO+NNLL = (9.3111832e-14 +- 8.5735154e-17) pb
Thanks for using LHAPDF 6.2.3. Please make sure to cite the paper:
  Eur.Phys.J. C75 (2015) 3, 132  (http://arxiv.org/abs/1412.7420)
 ====================================================
   FF 2.0, a package to evaluate one-loop integrals
 written by G. J. van Oldenborgh, NIKHEF-H, Amsterdam
 ====================================================
 for the algorithms used see preprint NIKHEF-H 89/17,
 'New Algorithms for One-loop Integrals', by G.J. van
 Oldenborgh and J.A.M. Vermaseren, published in 
 Zeitschrift fuer Physik C46(1990)425.
 ====================================================
 
total number of errors and warnings
===================================
fferr: no errors
 
