
  Welcome to Resummino git-latest
  Copyright 2008-2010 Jonathan Debove.
  Copyright 2011-2014 David R. Lamprea.
  Copyright 2011-2016 Marcel Rothering.

  Licensed under the EUPL 1.1 or later.
  See http://www.resummino.org/ for more information.

  If using Resummino for slepton pair production, please cite.
  - G. Bozzi, B. Fuks, M. Klasen, PRD 74, 015001 (2006); NPB 777, 157 (2007); NPB 794, 46 (2007).
  - B. Fuks, M. Klasen, D. R. Lamprea, M. Rothering, EPJC 73, 2480 (2013).

  For gaugino pair production, please cite:
  - J. Debove, B. Fuks, M. Klasen, PLB 688, 208 (2010); NPB 842, 51 (2011); NPB 849, 64 (2011).
  - B. Fuks, M. Klasen, D. R. Lamprea, M. Rothering, JHEP 1210, 081 (2012); EPJC 73, 2480 (2013).

  For associated gaugino gluino production, please cite:
  - B. Fuks, M. Klasen, M. Rothering, JHEP 07:053, (2016).
  - B. Fuks, M. Klasen, D. R. Lamprea, M. Rothering, EPJC 73, 2480 (2013).

LHAPDF 6.2.3 loading /pool/condor/dir_48688/resummino-releases/lhapdf-prefix/share/LHAPDF/PDF4LHC21_40/PDF4LHC21_40_0000.dat
PDF4LHC21_40 PDF set, member #0, version 1
 alpha_s(M_Z^2) = 0.1180 	 for LO PDF set 
 alpha_s(1300.000^2) = 0.0844 	 for LO PDF set 

********************
* LO cross section *
********************
The limits of integration are:

xl[0]=0.000000    xu[0]=1.000000
xl[1]=0.000000    xu[1]=1.000000
xl[2]=0.000000    xu[2]=1.000000

num_dim=3, calls=2000, it_num=1, max_it_num=5 verb=0, alph=1.50,
mode=0, bins=50, boxes=1

       single.......iteration                   accumulated......results   
iteration     integral    sigma             integral         sigma     chi-sq/it

   1        1.6816e-13   5.57e-15          1.6816e-13      5.57e-15    0.00e+00
   2        1.8011e-13   1.97e-15          1.7879e-13      1.86e-15    4.10e+00
   3        1.8186e-13   9.64e-16          1.8121e-13      8.56e-16    3.13e+00
   4        1.8070e-13   8.79e-16          1.8096e-13      6.13e-16    2.14e+00
   5        1.8075e-13   8.73e-16          1.8089e-13      5.02e-16    1.62e+00

num_dim=3, calls=20000, it_num=1, max_it_num=5 verb=0, alph=1.50,
mode=0, bins=50, boxes=1

       single.......iteration                   accumulated......results   
iteration     integral    sigma             integral         sigma     chi-sq/it

   1        1.8069e-13   2.77e-16          1.8069e-13      2.77e-16    0.00e+00
   2        1.8066e-13   2.68e-16          1.8068e-13      1.93e-16    6.63e-03
   3        1.8094e-13   2.59e-16          1.8077e-13      1.54e-16    3.36e-01
   4        1.8097e-13   2.75e-16          1.8082e-13      1.35e-16    3.59e-01
   5        1.8019e-13   2.83e-16          1.8070e-13      1.22e-16    1.29e+00
LO = (1.8070270e-13 +- 1.2161174e-16) pb
LHAPDF 6.2.3 loading /pool/condor/dir_48688/resummino-releases/lhapdf-prefix/share/LHAPDF/PDF4LHC21_40/PDF4LHC21_40_0040.dat
PDF4LHC21_40 PDF set, member #40, version 1
 alpha_s(M_Z^2) = 0.1180 	 for NLO PDF set 
 alpha_s(1300.000^2) = 0.0844 	 for NLO PDF set 

********************
* LO cross section *
********************
The limits of integration are:

xl[0]=0.000000    xu[0]=1.000000
xl[1]=0.000000    xu[1]=1.000000
xl[2]=0.000000    xu[2]=1.000000

num_dim=3, calls=2000, it_num=1, max_it_num=5 verb=0, alph=1.50,
mode=0, bins=50, boxes=1

       single.......iteration                   accumulated......results   
iteration     integral    sigma             integral         sigma     chi-sq/it

   1        1.7433e-13   5.60e-15          1.7433e-13      5.60e-15    0.00e+00
   2        1.8607e-13   1.99e-15          1.8476e-13      1.87e-15    3.90e+00
   3        1.8784e-13   9.89e-16          1.8717e-13      8.75e-16    3.00e+00
   4        1.8658e-13   9.05e-16          1.8688e-13      6.29e-16    2.07e+00
   5        1.8657e-13   9.00e-16          1.8678e-13      5.16e-16    1.58e+00

num_dim=3, calls=20000, it_num=1, max_it_num=5 verb=0, alph=1.50,
mode=0, bins=50, boxes=1

       single.......iteration                   accumulated......results   
iteration     integral    sigma             integral         sigma     chi-sq/it

   1        1.8663e-13   2.85e-16          1.8663e-13      2.85e-16    0.00e+00
   2        1.8662e-13   2.75e-16          1.8662e-13      1.98e-16    6.36e-04
   3        1.8689e-13   2.67e-16          1.8672e-13      1.59e-16    3.32e-01
   4        1.8694e-13   2.84e-16          1.8677e-13      1.39e-16    3.75e-01
   5        1.8614e-13   2.90e-16          1.8666e-13      1.25e-16    1.23e+00
   5        1.8648e-13   2.88e-16          1.8663e-13      1.15e-16    1.05e+00
   5        1.8700e-13   2.87e-16          1.8668e-13      1.07e-16    1.11e+00
   5        1.8655e-13   2.97e-16          1.8666e-13      1.00e-16    9.76e-01
   5        1.8651e-13   2.99e-16          1.8665e-13      9.51e-17    8.82e-01
   5        1.8634e-13   3.04e-16          1.8662e-13      9.08e-17    8.92e-01
   5        1.8636e-13   3.21e-16          1.8660e-13      8.73e-17    8.62e-01
   5        1.8665e-13   3.25e-16          1.8661e-13      8.44e-17    7.86e-01
   5        1.8679e-13   3.41e-16          1.8662e-13      8.19e-17    7.42e-01
   5        1.8634e-13   3.61e-16          1.8660e-13      7.99e-17    7.29e-01
   5        1.8659e-13   3.82e-16          1.8660e-13      7.82e-17    6.77e-01
   5        1.8640e-13   4.00e-16          1.8659e-13      7.67e-17    6.48e-01
   5        1.8604e-13   4.00e-16          1.8657e-13      7.53e-17    7.22e-01
   5        1.8726e-13   4.13e-16          1.8660e-13      7.41e-17    8.35e-01
   5        1.8696e-13   4.46e-16          1.8661e-13      7.31e-17    8.26e-01
   5        1.8682e-13   4.37e-16          1.8661e-13      7.21e-17    7.94e-01
   5        1.8614e-13   4.62e-16          1.8660e-13      7.13e-17    8.06e-01
   5        1.8646e-13   4.77e-16          1.8660e-13      7.05e-17    7.71e-01
   5        1.8714e-13   4.82e-16          1.8661e-13      6.97e-17    7.92e-01
   5        1.8656e-13   5.24e-16          1.8661e-13      6.91e-17    7.58e-01
   5        1.8708e-13   5.21e-16          1.8662e-13      6.85e-17    7.60e-01
   5        1.8637e-13   5.39e-16          1.8661e-13      6.80e-17    7.37e-01
   5        1.8764e-13   5.83e-16          1.8663e-13      6.75e-17    8.27e-01
   5        1.8657e-13   5.37e-16          1.8663e-13      6.70e-17    7.97e-01
   5        1.8638e-13   5.48e-16          1.8662e-13      6.65e-17    7.76e-01
   5        1.8695e-13   5.77e-16          1.8663e-13      6.61e-17    7.60e-01
   5        1.8677e-13   5.72e-16          1.8663e-13      6.56e-17    7.37e-01
   5        1.8643e-13   6.00e-16          1.8663e-13      6.52e-17    7.16e-01
   5        1.8722e-13   5.92e-16          1.8663e-13      6.48e-17    7.25e-01
   5        1.8635e-13   6.22e-16          1.8663e-13      6.45e-17    7.10e-01
   5        1.8590e-13   6.18e-16          1.8662e-13      6.41e-17    7.29e-01
   5        1.8734e-13   6.36e-16          1.8663e-13      6.38e-17    7.44e-01
   5        1.8466e-13   6.23e-16          1.8661e-13      6.35e-17    9.98e-01
   5        1.8557e-13   6.42e-16          1.8660e-13      6.32e-17    1.04e+00
   5        1.8712e-13   6.54e-16          1.8660e-13      6.29e-17    1.03e+00
   5        1.8649e-13   6.71e-16          1.8660e-13      6.26e-17    1.01e+00
   5        1.8688e-13   6.64e-16          1.8661e-13      6.23e-17    9.84e-01
   5        1.8633e-13   6.62e-16          1.8660e-13      6.21e-17    9.65e-01
LO = (1.8660276e-13 +- 6.2061636e-17) pb

*******************************************
* virtual corrections + integrated dipole *
*******************************************
The limits of integration are:

xl[0]=0.000000    xu[0]=1.000000
xl[1]=0.000000    xu[1]=1.000000
xl[2]=0.000000    xu[2]=1.000000

num_dim=3, calls=240, it_num=1, max_it_num=5 verb=0, alph=1.50,
mode=0, bins=50, boxes=1

       single.......iteration                   accumulated......results   
iteration     integral    sigma             integral         sigma     chi-sq/it

   1        2.0175e-14   1.93e-15          2.0175e-14      1.93e-15    0.00e+00
   2        2.1584e-14   1.11e-15          2.1236e-14      9.60e-16    4.01e-01
   3        2.3590e-14   5.89e-16          2.2946e-14      5.02e-16    2.39e+00
   4        2.3742e-14   4.42e-16          2.3394e-14      3.32e-16    2.06e+00
   5        2.4081e-14   4.57e-16          2.3631e-14      2.69e-16    1.92e+00

num_dim=3, calls=1200, it_num=1, max_it_num=3 verb=0, alph=1.50,
mode=0, bins=50, boxes=1

       single.......iteration                   accumulated......results   
iteration     integral    sigma             integral         sigma     chi-sq/it

   1        2.3171e-14   2.08e-16          2.3171e-14      2.08e-16    0.00e+00
   2        2.3607e-14   1.74e-16          2.3427e-14      1.34e-16    2.59e+00
   3        2.3474e-14   1.60e-16          2.3446e-14      1.03e-16    1.32e+00
   3        2.3635e-14   1.45e-16          2.3509e-14      8.38e-17    1.26e+00
   3        2.3316e-14   1.60e-16          2.3468e-14      7.43e-17    1.23e+00
   3        2.3591e-14   1.52e-16          2.3492e-14      6.67e-17    1.09e+00
   3        2.3405e-14   1.64e-16          2.3479e-14      6.18e-17    9.45e-01
   3        2.3584e-14   1.56e-16          2.3493e-14      5.74e-17    8.65e-01
vNLO = (2.3493474e-14 +- 5.7438409e-17) pb

*****************************
* collinear remainder (P+K) *
*****************************
The limits of integration are:

xl[0]=0.000000    xu[0]=1.000000
xl[1]=0.000000    xu[1]=1.000000
xl[2]=0.000000    xu[2]=1.000000
xl[3]=0.000000    xu[3]=1.000000

num_dim=4, calls=2500, it_num=1, max_it_num=5 verb=0, alph=1.50,
mode=0, bins=50, boxes=1

       single.......iteration                   accumulated......results   
iteration     integral    sigma             integral         sigma     chi-sq/it

   1        2.2920e-14   1.51e-15          2.2920e-14      1.51e-15    0.00e+00
   2        2.3296e-14   6.00e-16          2.3244e-14      5.57e-16    5.38e-02
   3        2.3620e-14   4.95e-16          2.3454e-14      3.70e-16    1.54e-01
   4        2.3738e-14   4.77e-16          2.3561e-14      2.92e-16    1.76e-01
   5        2.4121e-14   4.65e-16          2.3720e-14      2.47e-16    3.93e-01

num_dim=4, calls=25000, it_num=1, max_it_num=3 verb=0, alph=1.50,
mode=0, bins=50, boxes=1

       single.......iteration                   accumulated......results   
iteration     integral    sigma             integral         sigma     chi-sq/it

   1        2.4118e-14   1.46e-16          2.4118e-14      1.46e-16    0.00e+00
   2        2.4152e-14   1.45e-16          2.4135e-14      1.03e-16    2.66e-02
   3        2.3758e-14   1.47e-16          2.4011e-14      8.44e-17    2.22e+00
   3        2.3952e-14   1.47e-16          2.3996e-14      7.31e-17    1.52e+00
   3        2.3665e-14   1.48e-16          2.3931e-14      6.56e-17    2.14e+00
   3        2.3660e-14   1.48e-16          2.3887e-14      5.99e-17    2.28e+00
   3        2.3784e-14   1.48e-16          2.3872e-14      5.55e-17    1.97e+00
   3        2.3875e-14   1.48e-16          2.3872e-14      5.20e-17    1.69e+00
   3        2.3856e-14   1.50e-16          2.3871e-14      4.91e-17    1.48e+00
P+K = (2.3870731e-14 +- 4.9112721e-17) pb

********************************
* real gluon emission - dipole *
********************************
The limits of integration are:

xl[0]=0.000000    xu[0]=1.000000
xl[1]=0.000000    xu[1]=1.000000
xl[2]=0.000000    xu[2]=1.000000
xl[3]=0.000000    xu[3]=1.000000
xl[4]=0.000000    xu[4]=1.000000
xl[5]=0.000000    xu[5]=1.000000

num_dim=6, calls=250, it_num=1, max_it_num=5 verb=0, alph=1.50,
mode=0, bins=50, boxes=1

       single.......iteration                   accumulated......results   
iteration     integral    sigma             integral         sigma     chi-sq/it

   1        -3.3520e-16   1.12e-16          -3.3520e-16      1.12e-16    0.00e+00
   2        -4.2327e-16   1.00e-16          -3.8427e-16      7.47e-17    3.43e-01
   3        -2.4117e-16   2.44e-17          -2.5494e-16      2.32e-17    1.83e+00
   4        -2.5387e-16   2.74e-17          -2.5449e-16      1.77e-17    1.22e+00
   5        -3.2430e-16   2.48e-17          -2.7801e-16      1.44e-17    2.22e+00

num_dim=6, calls=2500, it_num=1, max_it_num=3 verb=0, alph=1.50,
mode=0, bins=50, boxes=1

       single.......iteration                   accumulated......results   
iteration     integral    sigma             integral         sigma     chi-sq/it

   1        -2.9452e-16   6.07e-18          -2.9452e-16      6.07e-18    0.00e+00
   2        -2.9869e-16   3.75e-18          -2.9754e-16      3.19e-18    3.41e-01
   3        -2.9985e-16   3.87e-18          -2.9847e-16      2.46e-18    2.77e-01
rNLOg = (-2.9847306e-16 +- 2.4636897e-18) pb

**************************************************
* real light quark emission - dipole - (onshell) *
**************************************************
The limits of integration are:

xl[0]=0.000000    xu[0]=1.000000
xl[1]=0.000000    xu[1]=1.000000
xl[2]=0.000000    xu[2]=1.000000
xl[3]=0.000000    xu[3]=1.000000
xl[4]=0.000000    xu[4]=1.000000
xl[5]=0.000000    xu[5]=1.000000

num_dim=6, calls=5000, it_num=1, max_it_num=5 verb=0, alph=1.50,
mode=0, bins=50, boxes=1

       single.......iteration                   accumulated......results   
iteration     integral    sigma             integral         sigma     chi-sq/it

   1        7.0675e-16   4.49e-17          7.0675e-16      4.49e-17    0.00e+00
   2        7.1911e-16   1.41e-17          7.1801e-16      1.34e-17    6.90e-02
   3        6.9841e-16   7.39e-18          7.0297e-16      6.47e-18    8.54e-01
   4        6.9481e-16   5.44e-18          6.9819e-16      4.17e-18    8.80e-01
   5        6.9701e-16   4.83e-18          6.9769e-16      3.15e-18    6.69e-01

num_dim=6, calls=50000, it_num=1, max_it_num=5 verb=0, alph=1.50,
mode=0, bins=50, boxes=1

       single.......iteration                   accumulated......results   
iteration     integral    sigma             integral         sigma     chi-sq/it

   1        6.9643e-16   1.48e-18          6.9643e-16      1.48e-18    0.00e+00
   2        7.0094e-16   2.08e-18          6.9794e-16      1.20e-18    3.14e+00
   3        7.0241e-16   2.06e-18          6.9907e-16      1.04e-18    3.31e+00
   4        6.9810e-16   1.76e-18          6.9882e-16      8.95e-19    2.28e+00
   5        7.0056e-16   1.90e-18          6.9914e-16      8.10e-19    1.88e+00
rNLOq = (6.9913618e-16 +- 8.0982297e-19) pb
NLO = (2.3436763e-13 +- 9.7824345e-17) pb
#chisq/dof = 1.8233e-09
#status = success
#chisq/dof = 1.71315e-09
#status = success
#chisq/dof = 6.1132e-10
#status = success
#chisq/dof = 6.53253e-10
#status = success
#chisq/dof = 9.96406e-11
#status = success
#chisq/dof = 3.00727e-12
#status = success
#chisq/dof = 3.97692e-10
#status = success
#chisq/dof = 3.14848e-11
#status = success

*******************************************************
* threshold resummation (unimproved nnll) - expansion *
*******************************************************
The limits of integration are:

xl[0]=0.000000    xu[0]=1.000000
xl[1]=0.000000    xu[1]=1.000000
xl[2]=0.000000    xu[2]=1.000000

num_dim=3, calls=7000, it_num=1, max_it_num=5 verb=0, alph=1.50,
mode=0, bins=50, boxes=1

       single.......iteration                   accumulated......results   
iteration     integral    sigma             integral         sigma     chi-sq/it

   1        2.7306e-14   1.84e-14          2.7306e-14      1.84e-14    0.00e+00
   2        5.7179e-15   8.84e-15          9.7825e-15      7.97e-15    1.12e+00
   3        -1.7200e-14   8.15e-15          -3.3977e-15      5.70e-15    3.36e+00
   4        7.4415e-15   8.13e-15          1.7161e-16      4.67e-15    2.64e+00
   5        -1.1398e-14   8.08e-15          -2.7249e-15      4.04e-15    2.36e+00

num_dim=3, calls=35000, it_num=1, max_it_num=5 verb=0, alph=1.50,
mode=0, bins=50, boxes=1

       single.......iteration                   accumulated......results   
iteration     integral    sigma             integral         sigma     chi-sq/it

   1        4.4522e-15   3.60e-15          4.4522e-15      3.60e-15    0.00e+00
   2        5.2271e-15   3.60e-15          4.8393e-15      2.55e-15    2.31e-02
   3        7.7978e-15   3.60e-15          5.8253e-15      2.08e-15    2.36e-01
   4        8.7621e-15   3.62e-15          6.5544e-15      1.80e-15    3.22e-01
   5        -8.8624e-16   3.61e-15          5.0695e-15      1.61e-15    1.09e+00
   5        9.4591e-16   3.62e-15          4.3851e-15      1.47e-15    1.09e+00
   5        5.9180e-15   3.62e-15          4.6032e-15      1.36e-15    9.34e-01
   5        7.8662e-15   3.63e-15          5.0080e-15      1.28e-15    9.01e-01
   5        2.1120e-15   3.62e-15          4.6880e-15      1.20e-15    8.60e-01
   5        4.6305e-15   3.62e-15          4.6823e-15      1.14e-15    7.64e-01
   5        1.6189e-15   3.64e-15          4.4067e-15      1.09e-15    7.52e-01
   5        -3.0292e-15   3.63e-15          3.7918e-15      1.04e-15    1.03e+00
   5        2.8689e-15   3.64e-15          3.7216e-15      1.00e-15    9.52e-01
   5        3.1445e-16   3.63e-15          3.4793e-15      9.68e-16    9.42e-01
   5        7.5635e-15   3.67e-15          3.7453e-15      9.36e-16    9.58e-01
   5        7.6626e-15   3.67e-15          3.9842e-15      9.07e-16    9.65e-01
   5        -3.8336e-15   3.68e-15          3.5357e-15      8.80e-16    1.17e+00
   5        3.5703e-16   3.66e-15          3.3619e-15      8.56e-16    1.14e+00
   5        6.4815e-15   3.67e-15          3.5226e-15      8.34e-16    1.12e+00
   5        1.0244e-14   3.71e-15          3.8451e-15      8.13e-16    1.22e+00
   5        -6.2166e-15   3.67e-15          3.3747e-15      7.94e-16    1.52e+00
   5        5.2964e-15   3.67e-15          3.4606e-15      7.76e-16    1.46e+00
   5        -5.2717e-16   3.69e-15          3.2920e-15      7.60e-16    1.45e+00
   5        3.2739e-15   3.69e-15          3.2912e-15      7.44e-16    1.38e+00
   5        1.3604e-15   3.70e-15          3.2162e-15      7.29e-16    1.34e+00
   5        1.0112e-14   3.72e-15          3.4714e-15      7.16e-16    1.41e+00
   5        1.9020e-16   3.71e-15          3.3537e-15      7.03e-16    1.39e+00
   5        6.8503e-15   3.72e-15          3.4739e-15      6.91e-16    1.37e+00
   5        -1.1965e-15   3.74e-15          3.3203e-15      6.79e-16    1.37e+00
   5        2.5763e-15   3.77e-15          3.2969e-15      6.68e-16    1.33e+00
   5        4.6266e-15   3.80e-15          3.3369e-15      6.58e-16    1.29e+00
   5        8.7581e-15   3.81e-15          3.4937e-15      6.49e-16    1.31e+00
   5        4.3053e-15   3.78e-15          3.5169e-15      6.39e-16    1.27e+00
   5        -3.5824e-17   3.77e-15          3.4175e-15      6.30e-16    1.26e+00
   5        7.0635e-15   3.76e-15          3.5171e-15      6.22e-16    1.25e+00
   5        7.4167e-15   3.81e-15          3.6185e-15      6.14e-16    1.24e+00
   5        -1.8531e-16   3.79e-15          3.5215e-15      6.06e-16    1.23e+00
   5        -4.8633e-15   3.81e-15          3.3149e-15      5.98e-16    1.33e+00
   5        5.8344e-15   3.83e-15          3.3748e-15      5.91e-16    1.30e+00
   5        -4.1832e-15   3.89e-15          3.2041e-15      5.84e-16    1.37e+00
   5        1.5757e-15   3.86e-15          3.1675e-15      5.78e-16    1.34e+00
   5        5.7928e-15   3.91e-15          3.2237e-15      5.71e-16    1.31e+00
   5        -2.9473e-16   3.89e-15          3.1493e-15      5.65e-16    1.30e+00
   5        -7.0599e-16   3.90e-15          3.0699e-15      5.60e-16    1.29e+00
   5        -8.6149e-16   3.95e-15          2.9926e-15      5.54e-16    1.29e+00
   5        -1.3587e-15   3.92e-15          2.9073e-15      5.49e-16    1.28e+00
   5        1.0787e-14   3.92e-15          3.0589e-15      5.43e-16    1.34e+00
   5        4.4920e-16   3.94e-15          3.0103e-15      5.38e-16    1.32e+00
   5        -1.0944e-16   3.99e-15          2.9547e-15      5.33e-16    1.31e+00
   5        4.4674e-15   3.95e-15          2.9818e-15      5.29e-16    1.28e+00
   5        -1.0906e-15   3.93e-15          2.9096e-15      5.24e-16    1.28e+00
   5        3.5341e-15   3.98e-15          2.9202e-15      5.19e-16    1.26e+00
   5        -1.5626e-15   3.96e-15          2.8443e-15      5.15e-16    1.26e+00
   5        5.1789e-15   4.00e-15          2.8824e-15      5.11e-16    1.24e+00
   5        1.0198e-15   3.95e-15          2.8518e-15      5.07e-16    1.22e+00
aNNLO+NNLL = (2.3721941e-13 +- 5.1587159e-16) pb

Results:
LO = (1.8070270e-13 +- 1.2161174e-16) pb
NLO = (2.3436763e-13 +- 9.7824345e-17) pb
aNNLO+NNLL = (2.3721941e-13 +- 5.1587159e-16) pb
Thanks for using LHAPDF 6.2.3. Please make sure to cite the paper:
  Eur.Phys.J. C75 (2015) 3, 132  (http://arxiv.org/abs/1412.7420)
 ====================================================
   FF 2.0, a package to evaluate one-loop integrals
 written by G. J. van Oldenborgh, NIKHEF-H, Amsterdam
 ====================================================
 for the algorithms used see preprint NIKHEF-H 89/17,
 'New Algorithms for One-loop Integrals', by G.J. van
 Oldenborgh and J.A.M. Vermaseren, published in 
 Zeitschrift fuer Physik C46(1990)425.
 ====================================================
 
total number of errors and warnings
===================================
fferr: no errors
 
