
  Welcome to Resummino git-latest
  Copyright 2008-2010 Jonathan Debove.
  Copyright 2011-2014 David R. Lamprea.
  Copyright 2011-2016 Marcel Rothering.

  Licensed under the EUPL 1.1 or later.
  See http://www.resummino.org/ for more information.

  If using Resummino for slepton pair production, please cite.
  - G. Bozzi, B. Fuks, M. Klasen, PRD 74, 015001 (2006); NPB 777, 157 (2007); NPB 794, 46 (2007).
  - B. Fuks, M. Klasen, D. R. Lamprea, M. Rothering, EPJC 73, 2480 (2013).

  For gaugino pair production, please cite:
  - J. Debove, B. Fuks, M. Klasen, PLB 688, 208 (2010); NPB 842, 51 (2011); NPB 849, 64 (2011).
  - B. Fuks, M. Klasen, D. R. Lamprea, M. Rothering, JHEP 1210, 081 (2012); EPJC 73, 2480 (2013).

  For associated gaugino gluino production, please cite:
  - B. Fuks, M. Klasen, M. Rothering, JHEP 07:053, (2016).
  - B. Fuks, M. Klasen, D. R. Lamprea, M. Rothering, EPJC 73, 2480 (2013).

LHAPDF 6.2.3 loading /pool/condor/dir_18424/resummino-releases/lhapdf-prefix/share/LHAPDF/PDF4LHC21_40/PDF4LHC21_40_0000.dat
PDF4LHC21_40 PDF set, member #0, version 1
 alpha_s(M_Z^2) = 0.1180 	 for LO PDF set 
 alpha_s(900.000^2) = 0.0878 	 for LO PDF set 

********************
* LO cross section *
********************
The limits of integration are:

xl[0]=0.000000    xu[0]=1.000000
xl[1]=0.000000    xu[1]=1.000000
xl[2]=0.000000    xu[2]=1.000000

num_dim=3, calls=2000, it_num=1, max_it_num=5 verb=0, alph=1.50,
mode=0, bins=50, boxes=1

       single.......iteration                   accumulated......results   
iteration     integral    sigma             integral         sigma     chi-sq/it

   1        6.4085e-13   2.16e-14          6.4085e-13      2.16e-14    0.00e+00
   2        6.7910e-13   7.42e-15          6.7507e-13      7.02e-15    2.80e+00
   3        6.8847e-13   3.71e-15          6.8554e-13      3.28e-15    2.82e+00
   4        6.8344e-13   3.39e-15          6.8453e-13      2.36e-15    1.95e+00
   5        6.8182e-13   3.50e-15          6.8368e-13      1.96e-15    1.56e+00

num_dim=3, calls=20000, it_num=1, max_it_num=5 verb=0, alph=1.50,
mode=0, bins=50, boxes=1

       single.......iteration                   accumulated......results   
iteration     integral    sigma             integral         sigma     chi-sq/it

   1        6.8278e-13   1.09e-15          6.8278e-13      1.09e-15    0.00e+00
   2        6.8280e-13   1.06e-15          6.8279e-13      7.58e-16    4.63e-05
   3        6.8443e-13   1.04e-15          6.8336e-13      6.12e-16    8.19e-01
   4        6.8438e-13   1.11e-15          6.8360e-13      5.35e-16    7.63e-01
   5        6.8108e-13   1.10e-15          6.8312e-13      4.81e-16    1.63e+00
   5        6.8266e-13   1.11e-15          6.8305e-13      4.42e-16    1.33e+00
LO = (6.8304707e-13 +- 4.4164950e-16) pb
LHAPDF 6.2.3 loading /pool/condor/dir_18424/resummino-releases/lhapdf-prefix/share/LHAPDF/PDF4LHC21_40/PDF4LHC21_40_0023.dat
PDF4LHC21_40 PDF set, member #23, version 1
 alpha_s(M_Z^2) = 0.1180 	 for NLO PDF set 
 alpha_s(900.000^2) = 0.0878 	 for NLO PDF set 

********************
* LO cross section *
********************
The limits of integration are:

xl[0]=0.000000    xu[0]=1.000000
xl[1]=0.000000    xu[1]=1.000000
xl[2]=0.000000    xu[2]=1.000000

num_dim=3, calls=2000, it_num=1, max_it_num=5 verb=0, alph=1.50,
mode=0, bins=50, boxes=1

       single.......iteration                   accumulated......results   
iteration     integral    sigma             integral         sigma     chi-sq/it

   1        6.3144e-13   2.09e-14          6.3144e-13      2.09e-14    0.00e+00
   2        6.6829e-13   7.18e-15          6.6439e-13      6.79e-15    2.79e+00
   3        6.7755e-13   3.63e-15          6.7463e-13      3.20e-15    2.85e+00
   4        6.7236e-13   3.31e-15          6.7353e-13      2.30e-15    1.98e+00
   5        6.7085e-13   3.42e-15          6.7269e-13      1.91e-15    1.59e+00

num_dim=3, calls=20000, it_num=1, max_it_num=5 verb=0, alph=1.50,
mode=0, bins=50, boxes=1

       single.......iteration                   accumulated......results   
iteration     integral    sigma             integral         sigma     chi-sq/it

   1        6.7194e-13   1.06e-15          6.7194e-13      1.06e-15    0.00e+00
   2        6.7193e-13   1.03e-15          6.7194e-13      7.38e-16    3.61e-05
   3        6.7349e-13   1.01e-15          6.7248e-13      5.96e-16    7.70e-01
   4        6.7343e-13   1.08e-15          6.7270e-13      5.22e-16    7.15e-01
   5        6.7026e-13   1.07e-15          6.7223e-13      4.69e-16    1.58e+00
   5        6.7181e-13   1.08e-15          6.7217e-13      4.31e-16    1.29e+00
   5        6.7329e-13   1.08e-15          6.7232e-13      4.00e-16    1.23e+00
   5        6.7165e-13   1.10e-15          6.7224e-13      3.76e-16    1.10e+00
   5        6.7147e-13   1.13e-15          6.7217e-13      3.57e-16    1.02e+00
   5        6.7089e-13   1.15e-15          6.7205e-13      3.41e-16    1.03e+00
   5        6.7156e-13   1.21e-15          6.7202e-13      3.28e-16    9.43e-01
   5        6.7161e-13   1.22e-15          6.7199e-13      3.17e-16    8.66e-01
   5        6.7292e-13   1.29e-15          6.7204e-13      3.08e-16    8.35e-01
   5        6.7098e-13   1.35e-15          6.7199e-13      3.00e-16    8.16e-01
   5        6.7208e-13   1.44e-15          6.7200e-13      2.94e-16    7.58e-01
   5        6.7124e-13   1.49e-15          6.7197e-13      2.88e-16    7.24e-01
   5        6.7025e-13   1.50e-15          6.7191e-13      2.83e-16    7.58e-01
   5        6.7429e-13   1.55e-15          6.7198e-13      2.78e-16    8.49e-01
   5        6.7354e-13   1.67e-15          6.7203e-13      2.74e-16    8.48e-01
   5        6.7357e-13   1.63e-15          6.7207e-13      2.71e-16    8.50e-01
   5        6.7046e-13   1.70e-15          6.7203e-13      2.67e-16    8.51e-01
   5        6.7198e-13   1.73e-15          6.7203e-13      2.64e-16    8.11e-01
   5        6.7347e-13   1.76e-15          6.7206e-13      2.61e-16    8.04e-01
   5        6.7187e-13   1.92e-15          6.7206e-13      2.59e-16    7.69e-01
   5        6.7414e-13   1.87e-15          6.7209e-13      2.56e-16    7.88e-01
   5        6.7164e-13   1.92e-15          6.7209e-13      2.54e-16    7.59e-01
   5        6.7561e-13   2.05e-15          6.7214e-13      2.52e-16    8.42e-01
   5        6.7197e-13   1.96e-15          6.7214e-13      2.50e-16    8.11e-01
   5        6.7156e-13   2.02e-15          6.7213e-13      2.48e-16    7.85e-01
   5        6.7359e-13   2.13e-15          6.7215e-13      2.47e-16    7.74e-01
   5        6.7253e-13   2.10e-15          6.7215e-13      2.45e-16    7.49e-01
   5        6.7142e-13   2.21e-15          6.7215e-13      2.43e-16    7.28e-01
   5        6.7447e-13   2.14e-15          6.7217e-13      2.42e-16    7.42e-01
   5        6.7071e-13   2.24e-15          6.7216e-13      2.40e-16    7.33e-01
   5        6.6961e-13   2.17e-15          6.7213e-13      2.39e-16    7.51e-01
   5        6.7494e-13   2.23e-15          6.7216e-13      2.38e-16    7.75e-01
   5        6.6502e-13   2.17e-15          6.7207e-13      2.36e-16    1.05e+00
   5        6.6876e-13   2.26e-15          6.7204e-13      2.35e-16    1.08e+00
   5        6.7399e-13   2.24e-15          6.7206e-13      2.34e-16    1.07e+00
   5        6.7226e-13   2.29e-15          6.7206e-13      2.32e-16    1.04e+00
   5        6.7370e-13   2.32e-15          6.7208e-13      2.31e-16    1.03e+00
   5        6.7188e-13   2.30e-15          6.7208e-13      2.30e-16    1.00e+00
   5        6.7801e-13   2.38e-15          6.7213e-13      2.29e-16    1.13e+00
   5        6.7337e-13   2.28e-15          6.7214e-13      2.28e-16    1.11e+00
   5        6.7046e-13   2.33e-15          6.7213e-13      2.27e-16    1.09e+00
LO = (6.7212810e-13 +- 2.2680560e-16) pb

*******************************************
* virtual corrections + integrated dipole *
*******************************************
The limits of integration are:

xl[0]=0.000000    xu[0]=1.000000
xl[1]=0.000000    xu[1]=1.000000
xl[2]=0.000000    xu[2]=1.000000

num_dim=3, calls=240, it_num=1, max_it_num=5 verb=0, alph=1.50,
mode=0, bins=50, boxes=1

       single.......iteration                   accumulated......results   
iteration     integral    sigma             integral         sigma     chi-sq/it

   1        7.7085e-14   7.67e-15          7.7085e-14      7.67e-15    0.00e+00
   2        8.1115e-14   4.13e-15          8.0209e-14      3.63e-15    2.14e-01
   3        8.9669e-14   2.49e-15          8.6640e-14      2.06e-15    2.41e+00
   4        8.9010e-14   1.57e-15          8.8136e-14      1.25e-15    1.89e+00
   5        9.1256e-14   1.92e-15          8.9065e-14      1.05e-15    1.88e+00

num_dim=3, calls=1200, it_num=1, max_it_num=3 verb=0, alph=1.50,
mode=0, bins=50, boxes=1

       single.......iteration                   accumulated......results   
iteration     integral    sigma             integral         sigma     chi-sq/it

   1        8.6528e-14   8.14e-16          8.6528e-14      8.14e-16    0.00e+00
   2        8.8365e-14   6.52e-16          8.7647e-14      5.09e-16    3.10e+00
   3        8.7770e-14   6.01e-16          8.7699e-14      3.88e-16    1.56e+00
   3        8.8793e-14   5.74e-16          8.8042e-14      3.22e-16    1.87e+00
   3        8.7306e-14   6.09e-16          8.7881e-14      2.84e-16    1.69e+00
   3        8.8250e-14   5.81e-16          8.7952e-14      2.55e-16    1.42e+00
   3        8.7534e-14   6.51e-16          8.7897e-14      2.38e-16    1.24e+00
   3        8.8496e-14   6.22e-16          8.7973e-14      2.22e-16    1.18e+00
vNLO = (8.7973071e-14 +- 2.2206695e-16) pb

*****************************
* collinear remainder (P+K) *
*****************************
The limits of integration are:

xl[0]=0.000000    xu[0]=1.000000
xl[1]=0.000000    xu[1]=1.000000
xl[2]=0.000000    xu[2]=1.000000
xl[3]=0.000000    xu[3]=1.000000

num_dim=4, calls=2500, it_num=1, max_it_num=5 verb=0, alph=1.50,
mode=0, bins=50, boxes=1

       single.......iteration                   accumulated......results   
iteration     integral    sigma             integral         sigma     chi-sq/it

   1        6.2185e-14   4.97e-15          6.2185e-14      4.97e-15    0.00e+00
   2        6.2615e-14   2.06e-15          6.2552e-14      1.90e-15    6.39e-03
   3        6.3610e-14   1.77e-15          6.3121e-14      1.29e-15    8.63e-02
   4        6.4410e-14   1.68e-15          6.3601e-14      1.03e-15    1.81e-01
   5        6.6071e-14   1.67e-15          6.4276e-14      8.74e-16    5.33e-01

num_dim=4, calls=25000, it_num=1, max_it_num=3 verb=0, alph=1.50,
mode=0, bins=50, boxes=1

       single.......iteration                   accumulated......results   
iteration     integral    sigma             integral         sigma     chi-sq/it

   1        6.5734e-14   5.27e-16          6.5734e-14      5.27e-16    0.00e+00
   2        6.5639e-14   5.24e-16          6.5686e-14      3.72e-16    1.63e-02
   3        6.4255e-14   5.28e-16          6.5212e-14      3.04e-16    2.47e+00
   3        6.5105e-14   5.27e-16          6.5185e-14      2.63e-16    1.66e+00
   3        6.4127e-14   5.30e-16          6.4976e-14      2.36e-16    2.04e+00
   3        6.4199e-14   5.28e-16          6.4847e-14      2.15e-16    1.99e+00
   3        6.4441e-14   5.32e-16          6.4790e-14      2.00e-16    1.74e+00
   3        6.4813e-14   5.31e-16          6.4793e-14      1.87e-16    1.49e+00
P+K = (6.4792833e-14 +- 1.8682452e-16) pb

********************************
* real gluon emission - dipole *
********************************
The limits of integration are:

xl[0]=0.000000    xu[0]=1.000000
xl[1]=0.000000    xu[1]=1.000000
xl[2]=0.000000    xu[2]=1.000000
xl[3]=0.000000    xu[3]=1.000000
xl[4]=0.000000    xu[4]=1.000000
xl[5]=0.000000    xu[5]=1.000000

num_dim=6, calls=250, it_num=1, max_it_num=5 verb=0, alph=1.50,
mode=0, bins=50, boxes=1

       single.......iteration                   accumulated......results   
iteration     integral    sigma             integral         sigma     chi-sq/it

   1        -1.6679e-15   5.59e-16          -1.6679e-15      5.59e-16    0.00e+00
   2        -1.9383e-15   3.98e-16          -1.8472e-15      3.24e-16    1.55e-01
   3        -1.3581e-15   1.69e-16          -1.4626e-15      1.50e-16    9.73e-01
   4        -1.5045e-15   1.43e-16          -1.4845e-15      1.04e-16    6.62e-01
   5        -1.8651e-15   2.11e-16          -1.5585e-15      9.29e-17    1.15e+00

num_dim=6, calls=2500, it_num=1, max_it_num=3 verb=0, alph=1.50,
mode=0, bins=50, boxes=1

       single.......iteration                   accumulated......results   
iteration     integral    sigma             integral         sigma     chi-sq/it

   1        -1.4288e-15   3.76e-17          -1.4288e-15      3.76e-17    0.00e+00
   2        -1.4578e-15   2.30e-17          -1.4499e-15      1.96e-17    4.35e-01
   3        -1.4701e-15   2.06e-17          -1.4595e-15      1.42e-17    4.70e-01
   3        -1.4567e-15   1.89e-17          -1.4585e-15      1.14e-17    3.18e-01
   3        -1.4456e-15   1.63e-17          -1.4543e-15      9.33e-18    3.44e-01
   3        -1.4413e-15   1.50e-17          -1.4507e-15      7.93e-18    3.83e-01
   3        -1.4497e-15   1.50e-17          -1.4505e-15      7.01e-18    3.20e-01
   3        -1.4472e-15   1.45e-17          -1.4499e-15      6.31e-18    2.80e-01
   3        -1.4526e-15   1.44e-17          -1.4503e-15      5.78e-18    2.49e-01
   3        -1.4593e-15   1.45e-17          -1.4515e-15      5.37e-18    2.58e-01
   3        -1.4434e-15   1.44e-17          -1.4505e-15      5.03e-18    2.61e-01
   3        -1.4469e-15   1.49e-17          -1.4502e-15      4.77e-18    2.42e-01
   3        -1.4515e-15   1.46e-17          -1.4503e-15      4.53e-18    2.22e-01
   3        -1.4649e-15   1.45e-17          -1.4516e-15      4.32e-18    2.77e-01
   3        -1.4340e-15   1.42e-17          -1.4501e-15      4.14e-18    3.57e-01
   3        -1.4502e-15   1.61e-17          -1.4501e-15      4.01e-18    3.34e-01
   3        -1.4423e-15   1.58e-17          -1.4496e-15      3.88e-18    3.27e-01
   3        -1.4321e-15   1.46e-17          -1.4485e-15      3.75e-18    3.88e-01
   3        -1.4494e-15   1.53e-17          -1.4485e-15      3.64e-18    3.66e-01
   3        -1.4268e-15   1.54e-17          -1.4474e-15      3.55e-18    4.47e-01
   3        -1.4252e-15   1.51e-17          -1.4462e-15      3.45e-18    5.26e-01
rNLOg = (-1.4462191e-15 +- 3.4525686e-18) pb

**************************************************
* real light quark emission - dipole - (onshell) *
**************************************************
The limits of integration are:

xl[0]=0.000000    xu[0]=1.000000
xl[1]=0.000000    xu[1]=1.000000
xl[2]=0.000000    xu[2]=1.000000
xl[3]=0.000000    xu[3]=1.000000
xl[4]=0.000000    xu[4]=1.000000
xl[5]=0.000000    xu[5]=1.000000

num_dim=6, calls=5000, it_num=1, max_it_num=5 verb=0, alph=1.50,
mode=0, bins=50, boxes=1

       single.......iteration                   accumulated......results   
iteration     integral    sigma             integral         sigma     chi-sq/it

   1        3.9485e-15   2.97e-16          3.9485e-15      2.97e-16    0.00e+00
   2        4.1320e-15   8.69e-17          4.1176e-15      8.34e-17    3.51e-01
   3        4.0201e-15   4.45e-17          4.0417e-15      3.93e-17    7.08e-01
   4        3.9569e-15   3.47e-17          3.9941e-15      2.60e-17    1.34e+00
   5        3.9985e-15   3.01e-17          3.9959e-15      1.97e-17    1.01e+00

num_dim=6, calls=50000, it_num=1, max_it_num=5 verb=0, alph=1.50,
mode=0, bins=50, boxes=1

       single.......iteration                   accumulated......results   
iteration     integral    sigma             integral         sigma     chi-sq/it

   1        3.9892e-15   9.20e-18          3.9892e-15      9.20e-18    0.00e+00
   2        4.0141e-15   1.15e-17          3.9989e-15      7.17e-18    2.89e+00
   3        4.0238e-15   1.18e-17          4.0056e-15      6.13e-18    3.06e+00
   4        4.0034e-15   1.08e-17          4.0051e-15      5.34e-18    2.05e+00
   5        4.0129e-15   1.15e-17          4.0065e-15      4.84e-18    1.63e+00
   5        4.0005e-15   9.94e-18          4.0053e-15      4.35e-18    1.37e+00
rNLOq = (4.0053186e-15 +- 4.3516825e-18) pb
NLO = (8.2745310e-13 +- 3.6835956e-16) pb
#chisq/dof = 2.06312e-09
#status = success
#chisq/dof = 2.13452e-09
#status = success
#chisq/dof = 1.7022e-09
#status = success
#chisq/dof = 1.28993e-09
#status = success
#chisq/dof = 1.56985e-10
#status = success
#chisq/dof = 2.56511e-12
#status = success
#chisq/dof = 9.88713e-10
#status = success
#chisq/dof = 6.81749e-11
#status = success

*******************************************************
* threshold resummation (unimproved nnll) - expansion *
*******************************************************
The limits of integration are:

xl[0]=0.000000    xu[0]=1.000000
xl[1]=0.000000    xu[1]=1.000000
xl[2]=0.000000    xu[2]=1.000000

num_dim=3, calls=7000, it_num=1, max_it_num=5 verb=0, alph=1.50,
mode=0, bins=50, boxes=1

       single.......iteration                   accumulated......results   
iteration     integral    sigma             integral         sigma     chi-sq/it

   1        6.3448e-14   5.95e-14          6.3448e-14      5.95e-14    0.00e+00
   2        8.1370e-17   2.36e-14          8.7215e-15      2.20e-14    9.80e-01
   3        1.5652e-14   2.18e-14          1.2214e-14      1.55e-14    5.15e-01
   4        5.6990e-14   2.16e-14          2.7401e-14      1.26e-14    1.29e+00
   5        3.7791e-14   2.15e-14          3.0044e-14      1.09e-14    1.01e+00

num_dim=3, calls=35000, it_num=1, max_it_num=5 verb=0, alph=1.50,
mode=0, bins=50, boxes=1

       single.......iteration                   accumulated......results   
iteration     integral    sigma             integral         sigma     chi-sq/it

   1        4.8579e-15   9.61e-15          4.8579e-15      9.61e-15    0.00e+00
   2        5.5479e-15   9.59e-15          5.2038e-15      6.79e-15    2.58e-03
   3        3.5300e-15   9.60e-15          4.6461e-15      5.54e-15    1.14e-02
   4        7.9771e-15   9.65e-15          5.4722e-15      4.81e-15    3.75e-02
   5        -6.2649e-15   9.60e-15          3.1191e-15      4.30e-15    3.27e-01
   5        -4.3905e-16   9.59e-15          2.5235e-15      3.92e-15    2.85e-01
   5        3.3416e-15   9.65e-15          2.6394e-15      3.63e-15    2.38e-01
   5        -6.5278e-15   9.67e-15          1.5058e-15      3.40e-15    3.17e-01
   5        -3.9262e-15   9.66e-15          9.0648e-16      3.21e-15    3.12e-01
aNNLO+NNLL = (8.2835958e-13 +- 3.2292441e-15) pb

Results:
LO = (6.8304707e-13 +- 4.4164950e-16) pb
NLO = (8.2745310e-13 +- 3.6835956e-16) pb
aNNLO+NNLL = (8.2835958e-13 +- 3.2292441e-15) pb
Thanks for using LHAPDF 6.2.3. Please make sure to cite the paper:
  Eur.Phys.J. C75 (2015) 3, 132  (http://arxiv.org/abs/1412.7420)
 ====================================================
   FF 2.0, a package to evaluate one-loop integrals
 written by G. J. van Oldenborgh, NIKHEF-H, Amsterdam
 ====================================================
 for the algorithms used see preprint NIKHEF-H 89/17,
 'New Algorithms for One-loop Integrals', by G.J. van
 Oldenborgh and J.A.M. Vermaseren, published in 
 Zeitschrift fuer Physik C46(1990)425.
 ====================================================
 
total number of errors and warnings
===================================
fferr: no errors
 
