
  Welcome to Resummino git-latest
  Copyright 2008-2010 Jonathan Debove.
  Copyright 2011-2014 David R. Lamprea.
  Copyright 2011-2016 Marcel Rothering.

  Licensed under the EUPL 1.1 or later.
  See http://www.resummino.org/ for more information.

  If using Resummino for slepton pair production, please cite.
  - G. Bozzi, B. Fuks, M. Klasen, PRD 74, 015001 (2006); NPB 777, 157 (2007); NPB 794, 46 (2007).
  - B. Fuks, M. Klasen, D. R. Lamprea, M. Rothering, EPJC 73, 2480 (2013).

  For gaugino pair production, please cite:
  - J. Debove, B. Fuks, M. Klasen, PLB 688, 208 (2010); NPB 842, 51 (2011); NPB 849, 64 (2011).
  - B. Fuks, M. Klasen, D. R. Lamprea, M. Rothering, JHEP 1210, 081 (2012); EPJC 73, 2480 (2013).

  For associated gaugino gluino production, please cite:
  - B. Fuks, M. Klasen, M. Rothering, JHEP 07:053, (2016).
  - B. Fuks, M. Klasen, D. R. Lamprea, M. Rothering, EPJC 73, 2480 (2013).

LHAPDF 6.2.3 loading /pool/condor/dir_92142/resummino-releases/lhapdf-prefix/share/LHAPDF/PDF4LHC21_40/PDF4LHC21_40_0000.dat
PDF4LHC21_40 PDF set, member #0, version 1
 alpha_s(M_Z^2) = 0.1180 	 for LO PDF set 
 alpha_s(1300.000^2) = 0.0844 	 for LO PDF set 

********************
* LO cross section *
********************
The limits of integration are:

xl[0]=0.000000    xu[0]=1.000000
xl[1]=0.000000    xu[1]=1.000000
xl[2]=0.000000    xu[2]=1.000000

num_dim=3, calls=2000, it_num=1, max_it_num=5 verb=0, alph=1.50,
mode=0, bins=50, boxes=1

       single.......iteration                   accumulated......results   
iteration     integral    sigma             integral         sigma     chi-sq/it

   1        1.6816e-13   5.57e-15          1.6816e-13      5.57e-15    0.00e+00
   2        1.8011e-13   1.97e-15          1.7879e-13      1.86e-15    4.10e+00
   3        1.8186e-13   9.64e-16          1.8121e-13      8.56e-16    3.13e+00
   4        1.8070e-13   8.79e-16          1.8096e-13      6.13e-16    2.14e+00
   5        1.8075e-13   8.73e-16          1.8089e-13      5.02e-16    1.62e+00

num_dim=3, calls=20000, it_num=1, max_it_num=5 verb=0, alph=1.50,
mode=0, bins=50, boxes=1

       single.......iteration                   accumulated......results   
iteration     integral    sigma             integral         sigma     chi-sq/it

   1        1.8069e-13   2.77e-16          1.8069e-13      2.77e-16    0.00e+00
   2        1.8066e-13   2.68e-16          1.8068e-13      1.93e-16    6.63e-03
   3        1.8094e-13   2.59e-16          1.8077e-13      1.54e-16    3.36e-01
   4        1.8097e-13   2.75e-16          1.8082e-13      1.35e-16    3.59e-01
   5        1.8019e-13   2.83e-16          1.8070e-13      1.22e-16    1.29e+00
LO = (1.8070270e-13 +- 1.2161174e-16) pb
LHAPDF 6.2.3 loading /pool/condor/dir_92142/resummino-releases/lhapdf-prefix/share/LHAPDF/PDF4LHC21_40/PDF4LHC21_40_0008.dat
PDF4LHC21_40 PDF set, member #8, version 1
 alpha_s(M_Z^2) = 0.1180 	 for NLO PDF set 
 alpha_s(1300.000^2) = 0.0844 	 for NLO PDF set 

********************
* LO cross section *
********************
The limits of integration are:

xl[0]=0.000000    xu[0]=1.000000
xl[1]=0.000000    xu[1]=1.000000
xl[2]=0.000000    xu[2]=1.000000

num_dim=3, calls=2000, it_num=1, max_it_num=5 verb=0, alph=1.50,
mode=0, bins=50, boxes=1

       single.......iteration                   accumulated......results   
iteration     integral    sigma             integral         sigma     chi-sq/it

   1        1.6776e-13   5.62e-15          1.6776e-13      5.62e-15    0.00e+00
   2        1.7994e-13   1.98e-15          1.7859e-13      1.87e-15    4.18e+00
   3        1.8171e-13   9.73e-16          1.8105e-13      8.63e-16    3.19e+00
   4        1.8058e-13   8.89e-16          1.8082e-13      6.19e-16    2.17e+00
   5        1.8062e-13   8.83e-16          1.8075e-13      5.07e-16    1.64e+00

num_dim=3, calls=20000, it_num=1, max_it_num=5 verb=0, alph=1.50,
mode=0, bins=50, boxes=1

       single.......iteration                   accumulated......results   
iteration     integral    sigma             integral         sigma     chi-sq/it

   1        1.8054e-13   2.81e-16          1.8054e-13      2.81e-16    0.00e+00
   2        1.8051e-13   2.71e-16          1.8053e-13      1.95e-16    4.85e-03
   3        1.8079e-13   2.61e-16          1.8062e-13      1.56e-16    3.45e-01
   4        1.8081e-13   2.78e-16          1.8067e-13      1.36e-16    3.46e-01
   5        1.8001e-13   2.87e-16          1.8055e-13      1.23e-16    1.33e+00
   5        1.8039e-13   2.84e-16          1.8052e-13      1.13e-16    1.11e+00
   5        1.8092e-13   2.82e-16          1.8058e-13      1.05e-16    1.21e+00
   5        1.8041e-13   2.91e-16          1.8056e-13      9.86e-17    1.08e+00
   5        1.8043e-13   2.94e-16          1.8054e-13      9.35e-17    9.64e-01
   5        1.8029e-13   2.97e-16          1.8052e-13      8.91e-17    9.31e-01
   5        1.8029e-13   3.13e-16          1.8050e-13      8.57e-17    8.88e-01
   5        1.8050e-13   3.16e-16          1.8050e-13      8.27e-17    8.07e-01
   5        1.8067e-13   3.30e-16          1.8051e-13      8.03e-17    7.60e-01
   5        1.8026e-13   3.49e-16          1.8050e-13      7.82e-17    7.41e-01
   5        1.8054e-13   3.70e-16          1.8050e-13      7.65e-17    6.89e-01
   5        1.8035e-13   3.87e-16          1.8050e-13      7.51e-17    6.52e-01
   5        1.7993e-13   3.86e-16          1.8048e-13      7.37e-17    7.41e-01
   5        1.8122e-13   3.99e-16          1.8050e-13      7.25e-17    8.94e-01
   5        1.8087e-13   4.29e-16          1.8051e-13      7.15e-17    8.84e-01
   5        1.8069e-13   4.20e-16          1.8052e-13      7.04e-17    8.46e-01
   5        1.8003e-13   4.45e-16          1.8050e-13      6.96e-17    8.61e-01
   5        1.8036e-13   4.60e-16          1.8050e-13      6.88e-17    8.25e-01
   5        1.8104e-13   4.62e-16          1.8051e-13      6.80e-17    8.47e-01
   5        1.8049e-13   5.03e-16          1.8051e-13      6.74e-17    8.10e-01
   5        1.8094e-13   4.97e-16          1.8052e-13      6.68e-17    8.07e-01
   5        1.8039e-13   5.15e-16          1.8052e-13      6.63e-17    7.77e-01
   5        1.8134e-13   5.57e-16          1.8053e-13      6.58e-17    8.29e-01
   5        1.8053e-13   5.14e-16          1.8053e-13      6.53e-17    7.99e-01
   5        1.8036e-13   5.28e-16          1.8053e-13      6.48e-17    7.74e-01
   5        1.8088e-13   5.56e-16          1.8053e-13      6.43e-17    7.61e-01
   5        1.8069e-13   5.48e-16          1.8053e-13      6.39e-17    7.38e-01
   5        1.8038e-13   5.75e-16          1.8053e-13      6.35e-17    7.16e-01
   5        1.8111e-13   5.68e-16          1.8054e-13      6.31e-17    7.26e-01
   5        1.8023e-13   5.97e-16          1.8054e-13      6.28e-17    7.12e-01
   5        1.7992e-13   5.92e-16          1.8053e-13      6.24e-17    7.22e-01
   5        1.8122e-13   6.11e-16          1.8054e-13      6.21e-17    7.37e-01
   5        1.7863e-13   5.91e-16          1.8051e-13      6.18e-17    1.00e+00
   5        1.7945e-13   6.16e-16          1.8050e-13      6.14e-17    1.06e+00
   5        1.8097e-13   6.28e-16          1.8051e-13      6.12e-17    1.04e+00
   5        1.8041e-13   6.46e-16          1.8051e-13      6.09e-17    1.02e+00
   5        1.8088e-13   6.38e-16          1.8051e-13      6.06e-17    1.00e+00
   5        1.8036e-13   6.36e-16          1.8051e-13      6.03e-17    9.77e-01
   5        1.8211e-13   6.59e-16          1.8052e-13      6.01e-17    1.09e+00
LO = (1.8052302e-13 +- 6.0078953e-17) pb

*******************************************
* virtual corrections + integrated dipole *
*******************************************
The limits of integration are:

xl[0]=0.000000    xu[0]=1.000000
xl[1]=0.000000    xu[1]=1.000000
xl[2]=0.000000    xu[2]=1.000000

num_dim=3, calls=240, it_num=1, max_it_num=5 verb=0, alph=1.50,
mode=0, bins=50, boxes=1

       single.......iteration                   accumulated......results   
iteration     integral    sigma             integral         sigma     chi-sq/it

   1        1.9475e-14   1.94e-15          1.9475e-14      1.94e-15    0.00e+00
   2        2.0767e-14   1.10e-15          2.0454e-14      9.54e-16    3.36e-01
   3        2.2791e-14   5.74e-16          2.2170e-14      4.92e-16    2.37e+00
   4        2.3099e-14   4.46e-16          2.2680e-14      3.30e-16    2.23e+00
   5        2.3272e-14   4.46e-16          2.2890e-14      2.65e-16    1.96e+00

num_dim=3, calls=1200, it_num=1, max_it_num=3 verb=0, alph=1.50,
mode=0, bins=50, boxes=1

       single.......iteration                   accumulated......results   
iteration     integral    sigma             integral         sigma     chi-sq/it

   1        2.2414e-14   2.04e-16          2.2414e-14      2.04e-16    0.00e+00
   2        2.2833e-14   1.75e-16          2.2656e-14      1.32e-16    2.44e+00
   3        2.2709e-14   1.58e-16          2.2678e-14      1.02e-16    1.25e+00
   3        2.2850e-14   1.41e-16          2.2736e-14      8.24e-17    1.16e+00
   3        2.2571e-14   1.57e-16          2.2701e-14      7.30e-17    1.09e+00
   3        2.2816e-14   1.49e-16          2.2723e-14      6.56e-17    9.69e-01
   3        2.2679e-14   1.62e-16          2.2717e-14      6.08e-17    8.18e-01
   3        2.2817e-14   1.54e-16          2.2730e-14      5.65e-17    7.54e-01
vNLO = (2.2730360e-14 +- 5.6528915e-17) pb

*****************************
* collinear remainder (P+K) *
*****************************
The limits of integration are:

xl[0]=0.000000    xu[0]=1.000000
xl[1]=0.000000    xu[1]=1.000000
xl[2]=0.000000    xu[2]=1.000000
xl[3]=0.000000    xu[3]=1.000000

num_dim=4, calls=2500, it_num=1, max_it_num=5 verb=0, alph=1.50,
mode=0, bins=50, boxes=1

       single.......iteration                   accumulated......results   
iteration     integral    sigma             integral         sigma     chi-sq/it

   1        2.2373e-14   1.48e-15          2.2373e-14      1.48e-15    0.00e+00
   2        2.2927e-14   5.78e-16          2.2854e-14      5.38e-16    1.21e-01
   3        2.3196e-14   4.74e-16          2.3047e-14      3.56e-16    1.75e-01
   4        2.3286e-14   4.55e-16          2.3137e-14      2.80e-16    1.74e-01
   5        2.3641e-14   4.43e-16          2.3281e-14      2.37e-16    3.60e-01

num_dim=4, calls=25000, it_num=1, max_it_num=3 verb=0, alph=1.50,
mode=0, bins=50, boxes=1

       single.......iteration                   accumulated......results   
iteration     integral    sigma             integral         sigma     chi-sq/it

   1        2.3698e-14   1.39e-16          2.3698e-14      1.39e-16    0.00e+00
   2        2.3711e-14   1.39e-16          2.3704e-14      9.82e-17    4.47e-03
   3        2.3330e-14   1.40e-16          2.3581e-14      8.04e-17    2.40e+00
   3        2.3514e-14   1.40e-16          2.3564e-14      6.97e-17    1.65e+00
   3        2.3255e-14   1.41e-16          2.3504e-14      6.25e-17    2.20e+00
   3        2.3238e-14   1.41e-16          2.3460e-14      5.71e-17    2.36e+00
   3        2.3387e-14   1.40e-16          2.3450e-14      5.29e-17    2.00e+00
   3        2.3451e-14   1.41e-16          2.3450e-14      4.95e-17    1.72e+00
   3        2.3409e-14   1.43e-16          2.3445e-14      4.68e-17    1.51e+00
   3        2.3485e-14   1.43e-16          2.3449e-14      4.45e-17    1.35e+00
P+K = (2.3449348e-14 +- 4.4463144e-17) pb

********************************
* real gluon emission - dipole *
********************************
The limits of integration are:

xl[0]=0.000000    xu[0]=1.000000
xl[1]=0.000000    xu[1]=1.000000
xl[2]=0.000000    xu[2]=1.000000
xl[3]=0.000000    xu[3]=1.000000
xl[4]=0.000000    xu[4]=1.000000
xl[5]=0.000000    xu[5]=1.000000

num_dim=6, calls=250, it_num=1, max_it_num=5 verb=0, alph=1.50,
mode=0, bins=50, boxes=1

       single.......iteration                   accumulated......results   
iteration     integral    sigma             integral         sigma     chi-sq/it

   1        -3.1879e-16   1.09e-16          -3.1879e-16      1.09e-16    0.00e+00
   2        -3.9668e-16   9.34e-17          -3.6363e-16      7.08e-17    2.95e-01
   3        -2.2599e-16   2.31e-17          -2.3923e-16      2.20e-17    1.85e+00
   4        -2.3365e-16   2.49e-17          -2.3679e-16      1.65e-17    1.24e+00
   5        -2.7105e-16   2.07e-17          -2.5006e-16      1.29e-17    1.35e+00

num_dim=6, calls=2500, it_num=1, max_it_num=3 verb=0, alph=1.50,
mode=0, bins=50, boxes=1

       single.......iteration                   accumulated......results   
iteration     integral    sigma             integral         sigma     chi-sq/it

   1        -2.7249e-16   5.98e-18          -2.7249e-16      5.98e-18    0.00e+00
   2        -2.7240e-16   4.05e-18          -2.7243e-16      3.35e-18    1.61e-04
   3        -2.8200e-16   3.88e-18          -2.7652e-16      2.54e-18    1.74e+00
rNLOg = (-2.7652130e-16 +- 2.5379664e-18) pb

**************************************************
* real light quark emission - dipole - (onshell) *
**************************************************
The limits of integration are:

xl[0]=0.000000    xu[0]=1.000000
xl[1]=0.000000    xu[1]=1.000000
xl[2]=0.000000    xu[2]=1.000000
xl[3]=0.000000    xu[3]=1.000000
xl[4]=0.000000    xu[4]=1.000000
xl[5]=0.000000    xu[5]=1.000000

num_dim=6, calls=5000, it_num=1, max_it_num=5 verb=0, alph=1.50,
mode=0, bins=50, boxes=1

       single.......iteration                   accumulated......results   
iteration     integral    sigma             integral         sigma     chi-sq/it

   1        7.2935e-16   4.63e-17          7.2935e-16      4.63e-17    0.00e+00
   2        7.4265e-16   1.46e-17          7.4145e-16      1.39e-17    7.50e-02
   3        7.2137e-16   7.67e-18          7.2606e-16      6.72e-18    8.38e-01
   4        7.1758e-16   5.64e-18          7.2109e-16      4.32e-18    8.70e-01
   5        7.1986e-16   5.01e-18          7.2057e-16      3.27e-18    6.61e-01

num_dim=6, calls=50000, it_num=1, max_it_num=5 verb=0, alph=1.50,
mode=0, bins=50, boxes=1

       single.......iteration                   accumulated......results   
iteration     integral    sigma             integral         sigma     chi-sq/it

   1        7.1931e-16   1.54e-18          7.1931e-16      1.54e-18    0.00e+00
   2        7.2393e-16   2.17e-18          7.2085e-16      1.25e-18    3.01e+00
   3        7.2548e-16   2.15e-18          7.2202e-16      1.08e-18    3.23e+00
   4        7.2092e-16   1.82e-18          7.2174e-16      9.31e-19    2.25e+00
   5        7.2360e-16   1.97e-18          7.2207e-16      8.42e-19    1.87e+00
rNLOq = (7.2207479e-16 +- 8.4164718e-19) pb
NLO = (2.2714828e-13 +- 9.3750304e-17) pb
#chisq/dof = 2.01463e-09
#status = success
#chisq/dof = 9.28702e-10
#status = success
#chisq/dof = 5.34299e-10
#status = success
#chisq/dof = 4.56291e-10
#status = success
#chisq/dof = 1.29191e-10
#status = success
#chisq/dof = 3.06808e-12
#status = success
#chisq/dof = 2.16653e-10
#status = success
#chisq/dof = 5.08342e-11
#status = cannot reach the specified tolerance in X

*******************************************************
* threshold resummation (unimproved nnll) - expansion *
*******************************************************
The limits of integration are:

xl[0]=0.000000    xu[0]=1.000000
xl[1]=0.000000    xu[1]=1.000000
xl[2]=0.000000    xu[2]=1.000000

num_dim=3, calls=7000, it_num=1, max_it_num=5 verb=0, alph=1.50,
mode=0, bins=50, boxes=1

       single.......iteration                   accumulated......results   
iteration     integral    sigma             integral         sigma     chi-sq/it

   1        6.4313e-16   3.02e-15          6.4313e-16      3.02e-15    0.00e+00
   2        2.6341e-15   1.49e-15          2.2446e-15      1.34e-15    3.49e-01
   3        -2.4215e-15   1.37e-15          -2.5755e-17      9.58e-16    3.13e+00
   4        2.6910e-16   1.39e-15          6.9144e-17      7.89e-16    2.10e+00
   5        -1.7886e-15   1.38e-15          -3.9024e-16      6.85e-16    1.92e+00

num_dim=3, calls=35000, it_num=1, max_it_num=5 verb=0, alph=1.50,
mode=0, bins=50, boxes=1

       single.......iteration                   accumulated......results   
iteration     integral    sigma             integral         sigma     chi-sq/it

   1        1.9581e-15   6.09e-16          1.9581e-15      6.09e-16    0.00e+00
   2        2.6593e-15   6.15e-16          2.3049e-15      4.33e-16    6.57e-01
   3        2.5642e-15   6.16e-16          2.3906e-15      3.54e-16    3.88e-01
   4        2.6824e-15   6.14e-16          2.4634e-15      3.07e-16    3.15e-01
   5        1.4647e-15   6.17e-16          2.2657e-15      2.75e-16    7.61e-01
   5        1.6175e-15   6.15e-16          2.1580e-15      2.51e-16    7.94e-01
   5        2.0277e-15   6.18e-16          2.1396e-15      2.32e-16    6.68e-01
   5        2.6223e-15   6.18e-16          2.1993e-15      2.18e-16    6.49e-01
   5        1.9926e-15   6.21e-16          2.1767e-15      2.05e-16    5.80e-01
   5        2.5497e-15   6.22e-16          2.2134e-15      1.95e-16    5.52e-01
   5        1.7531e-15   6.17e-16          2.1716e-15      1.86e-16    5.47e-01
   5        1.5858e-15   6.25e-16          2.1240e-15      1.78e-16    5.71e-01
   5        2.1498e-15   6.21e-16          2.1260e-15      1.71e-16    5.23e-01
   5        1.4646e-15   6.24e-16          2.0796e-15      1.65e-16    5.64e-01
   5        2.4853e-15   6.28e-16          2.1058e-15      1.60e-16    5.51e-01
   5        3.7008e-15   6.29e-16          2.2026e-15      1.55e-16    9.18e-01
   5        1.3742e-15   6.27e-16          2.1549e-15      1.50e-16    9.63e-01
   5        1.8167e-15   6.24e-16          2.1364e-15      1.46e-16    9.23e-01
   5        2.2001e-15   6.26e-16          2.1397e-15      1.42e-16    8.72e-01
   5        2.9885e-15   6.26e-16          2.1813e-15      1.39e-16    9.18e-01
   5        2.0887e-16   6.28e-16          2.0894e-15      1.35e-16    1.34e+00
   5        2.9069e-15   6.32e-16          2.1253e-15      1.32e-16    1.36e+00
   5        1.7075e-15   6.35e-16          2.1079e-15      1.30e-16    1.31e+00
   5        2.5855e-15   6.40e-16          2.1267e-15      1.27e-16    1.28e+00
   5        2.0791e-15   6.39e-16          2.1249e-15      1.25e-16    1.23e+00
   5        2.4180e-15   6.37e-16          2.1357e-15      1.22e-16    1.18e+00
   5        1.1191e-15   6.34e-16          2.0992e-15      1.20e-16    1.23e+00
   5        1.9441e-15   6.40e-16          2.0939e-15      1.18e-16    1.19e+00
   5        1.5496e-15   6.39e-16          2.0760e-15      1.16e-16    1.17e+00
   5        1.9453e-15   6.49e-16          2.0719e-15      1.14e-16    1.13e+00
   5        1.4405e-15   6.41e-16          2.0525e-15      1.13e-16    1.13e+00
   5        2.7717e-15   6.44e-16          2.0737e-15      1.11e-16    1.13e+00
   5        1.5262e-15   6.44e-16          2.0580e-15      1.09e-16    1.12e+00
   5        7.6615e-16   6.39e-16          2.0214e-15      1.08e-16    1.20e+00
   5        3.2747e-15   6.49e-16          2.0549e-15      1.06e-16    1.27e+00
   5        1.7847e-15   6.45e-16          2.0478e-15      1.05e-16    1.24e+00
   5        1.8539e-15   6.47e-16          2.0428e-15      1.03e-16    1.21e+00
   5        5.3518e-16   6.45e-16          2.0049e-15      1.02e-16    1.32e+00
   5        2.0218e-15   6.56e-16          2.0053e-15      1.01e-16    1.29e+00
   5        8.5437e-16   6.54e-16          1.9785e-15      9.98e-17    1.33e+00
   5        1.1550e-15   6.54e-16          1.9598e-15      9.86e-17    1.34e+00
   5        2.4725e-15   6.65e-16          1.9708e-15      9.75e-17    1.32e+00
   5        6.6759e-16   6.53e-16          1.9424e-15      9.65e-17    1.38e+00
   5        2.1242e-15   6.59e-16          1.9462e-15      9.55e-17    1.35e+00
   5        1.8593e-15   6.62e-16          1.9444e-15      9.45e-17    1.32e+00
   5        1.2320e-15   6.59e-16          1.9301e-15      9.35e-17    1.32e+00
   5        1.5441e-15   6.64e-16          1.9226e-15      9.26e-17    1.29e+00
   5        1.6654e-15   6.72e-16          1.9178e-15      9.17e-17    1.27e+00
   5        1.7747e-15   6.68e-16          1.9151e-15      9.09e-17    1.24e+00
   5        1.5011e-15   6.70e-16          1.9076e-15      9.01e-17    1.23e+00
   5        2.1689e-15   6.70e-16          1.9123e-15      8.93e-17    1.21e+00
   5        2.3393e-15   6.78e-16          1.9195e-15      8.85e-17    1.19e+00
   5        9.1456e-16   6.74e-16          1.9025e-15      8.77e-17    1.21e+00
   5        1.1672e-15   6.73e-16          1.8902e-15      8.70e-17    1.21e+00
   5        8.0328e-16   6.70e-16          1.8722e-15      8.63e-17    1.23e+00
aNNLO+NNLL = (2.2902047e-13 +- 1.2741352e-16) pb

Results:
LO = (1.8070270e-13 +- 1.2161174e-16) pb
NLO = (2.2714828e-13 +- 9.3750304e-17) pb
aNNLO+NNLL = (2.2902047e-13 +- 1.2741352e-16) pb
Thanks for using LHAPDF 6.2.3. Please make sure to cite the paper:
  Eur.Phys.J. C75 (2015) 3, 132  (http://arxiv.org/abs/1412.7420)
 ====================================================
   FF 2.0, a package to evaluate one-loop integrals
 written by G. J. van Oldenborgh, NIKHEF-H, Amsterdam
 ====================================================
 for the algorithms used see preprint NIKHEF-H 89/17,
 'New Algorithms for One-loop Integrals', by G.J. van
 Oldenborgh and J.A.M. Vermaseren, published in 
 Zeitschrift fuer Physik C46(1990)425.
 ====================================================
 
total number of errors and warnings
===================================
fferr: no errors
 
