
  Welcome to Resummino git-latest
  Copyright 2008-2010 Jonathan Debove.
  Copyright 2011-2014 David R. Lamprea.
  Copyright 2011-2016 Marcel Rothering.

  Licensed under the EUPL 1.1 or later.
  See http://www.resummino.org/ for more information.

  If using Resummino for slepton pair production, please cite.
  - G. Bozzi, B. Fuks, M. Klasen, PRD 74, 015001 (2006); NPB 777, 157 (2007); NPB 794, 46 (2007).
  - B. Fuks, M. Klasen, D. R. Lamprea, M. Rothering, EPJC 73, 2480 (2013).

  For gaugino pair production, please cite:
  - J. Debove, B. Fuks, M. Klasen, PLB 688, 208 (2010); NPB 842, 51 (2011); NPB 849, 64 (2011).
  - B. Fuks, M. Klasen, D. R. Lamprea, M. Rothering, JHEP 1210, 081 (2012); EPJC 73, 2480 (2013).

  For associated gaugino gluino production, please cite:
  - B. Fuks, M. Klasen, M. Rothering, JHEP 07:053, (2016).
  - B. Fuks, M. Klasen, D. R. Lamprea, M. Rothering, EPJC 73, 2480 (2013).

LHAPDF 6.2.3 loading /pool/condor/dir_22224/resummino-releases/lhapdf-prefix/share/LHAPDF/PDF4LHC21_40/PDF4LHC21_40_0000.dat
PDF4LHC21_40 PDF set, member #0, version 1
 alpha_s(M_Z^2) = 0.1180 	 for LO PDF set 
 alpha_s(1500.000^2) = 0.0831 	 for LO PDF set 

********************
* LO cross section *
********************
The limits of integration are:

xl[0]=0.000000    xu[0]=1.000000
xl[1]=0.000000    xu[1]=1.000000
xl[2]=0.000000    xu[2]=1.000000

num_dim=3, calls=2000, it_num=1, max_it_num=5 verb=0, alph=1.50,
mode=0, bins=50, boxes=1

       single.......iteration                   accumulated......results   
iteration     integral    sigma             integral         sigma     chi-sq/it

   1        8.8100e-14   2.86e-15          8.8100e-14      2.86e-15    0.00e+00
   2        9.4522e-14   1.02e-15          9.3796e-14      9.62e-16    4.47e+00
   3        9.5307e-14   5.05e-16          9.4980e-14      4.47e-16    3.20e+00
   4        9.4676e-14   4.63e-16          9.4833e-14      3.22e-16    2.21e+00
   5        9.4820e-14   4.49e-16          9.4829e-14      2.62e-16    1.66e+00

num_dim=3, calls=20000, it_num=1, max_it_num=5 verb=0, alph=1.50,
mode=0, bins=50, boxes=1

       single.......iteration                   accumulated......results   
iteration     integral    sigma             integral         sigma     chi-sq/it

   1        9.4755e-14   1.45e-16          9.4755e-14      1.45e-16    0.00e+00
   2        9.4737e-14   1.39e-16          9.4746e-14      1.00e-16    8.19e-03
   3        9.4830e-14   1.33e-16          9.4776e-14      8.00e-17    1.32e-01
   4        9.4862e-14   1.42e-16          9.4797e-14      6.97e-17    1.80e-01
   5        9.4471e-14   1.48e-16          9.4738e-14      6.31e-17    1.13e+00
LO = (9.4737587e-14 +- 6.3067154e-17) pb
LHAPDF 6.2.3 loading /pool/condor/dir_22224/resummino-releases/lhapdf-prefix/share/LHAPDF/PDF4LHC21_40/PDF4LHC21_40_0035.dat
PDF4LHC21_40 PDF set, member #35, version 1
 alpha_s(M_Z^2) = 0.1180 	 for NLO PDF set 
 alpha_s(1500.000^2) = 0.0831 	 for NLO PDF set 

********************
* LO cross section *
********************
The limits of integration are:

xl[0]=0.000000    xu[0]=1.000000
xl[1]=0.000000    xu[1]=1.000000
xl[2]=0.000000    xu[2]=1.000000

num_dim=3, calls=2000, it_num=1, max_it_num=5 verb=0, alph=1.50,
mode=0, bins=50, boxes=1

       single.......iteration                   accumulated......results   
iteration     integral    sigma             integral         sigma     chi-sq/it

   1        8.5478e-14   2.83e-15          8.5478e-14      2.83e-15    0.00e+00
   2        9.1923e-14   1.01e-15          9.1196e-14      9.50e-16    4.60e+00
   3        9.2679e-14   4.96e-16          9.2361e-14      4.40e-16    3.26e+00
   4        9.2126e-14   4.51e-16          9.2247e-14      3.15e-16    2.22e+00
   5        9.2345e-14   4.32e-16          9.2281e-14      2.54e-16    1.67e+00

num_dim=3, calls=20000, it_num=1, max_it_num=5 verb=0, alph=1.50,
mode=0, bins=50, boxes=1

       single.......iteration                   accumulated......results   
iteration     integral    sigma             integral         sigma     chi-sq/it

   1        9.2161e-14   1.40e-16          9.2161e-14      1.40e-16    0.00e+00
   2        9.2116e-14   1.35e-16          9.2138e-14      9.72e-17    5.28e-02
   3        9.2220e-14   1.28e-16          9.2168e-14      7.75e-17    1.59e-01
   4        9.2250e-14   1.35e-16          9.2188e-14      6.72e-17    2.00e-01
   5        9.1878e-14   1.43e-16          9.2132e-14      6.09e-17    1.11e+00
   5        9.2035e-14   1.39e-16          9.2117e-14      5.58e-17    9.70e-01
   5        9.2357e-14   1.40e-16          9.2150e-14      5.18e-17    1.23e+00
   5        9.2065e-14   1.44e-16          9.2140e-14      4.87e-17    1.10e+00
   5        9.2092e-14   1.44e-16          9.2135e-14      4.61e-17    9.77e-01
   5        9.2051e-14   1.44e-16          9.2127e-14      4.40e-17    9.03e-01
   5        9.1979e-14   1.51e-16          9.2116e-14      4.22e-17    9.01e-01
   5        9.2125e-14   1.54e-16          9.2116e-14      4.07e-17    8.19e-01
   5        9.2193e-14   1.60e-16          9.2121e-14      3.95e-17    7.69e-01
   5        9.2004e-14   1.69e-16          9.2115e-14      3.84e-17    7.45e-01
   5        9.2100e-14   1.78e-16          9.2114e-14      3.76e-17    6.92e-01
   5        9.2062e-14   1.87e-16          9.2112e-14      3.68e-17    6.51e-01
   5        9.1833e-14   1.86e-16          9.2102e-14      3.61e-17    7.45e-01
   5        9.2494e-14   1.94e-16          9.2115e-14      3.55e-17    9.34e-01
   5        9.2268e-14   2.01e-16          9.2120e-14      3.50e-17    9.14e-01
   5        9.2116e-14   2.08e-16          9.2120e-14      3.45e-17    8.66e-01
   5        9.1836e-14   2.10e-16          9.2112e-14      3.40e-17    9.12e-01
   5        9.2035e-14   2.14e-16          9.2110e-14      3.36e-17    8.74e-01
   5        9.2390e-14   2.20e-16          9.2117e-14      3.32e-17    9.07e-01
   5        9.2093e-14   2.39e-16          9.2116e-14      3.29e-17    8.68e-01
   5        9.2235e-14   2.42e-16          9.2118e-14      3.26e-17    8.42e-01
   5        9.2087e-14   2.52e-16          9.2118e-14      3.23e-17    8.08e-01
   5        9.2428e-14   2.67e-16          9.2122e-14      3.21e-17    8.29e-01
   5        9.2142e-14   2.53e-16          9.2123e-14      3.18e-17    7.98e-01
   5        9.2084e-14   2.60e-16          9.2122e-14      3.16e-17    7.70e-01
   5        9.2325e-14   2.75e-16          9.2125e-14      3.14e-17    7.62e-01
LO = (9.2124580e-14 +- 3.1400209e-17) pb

*******************************************
* virtual corrections + integrated dipole *
*******************************************
The limits of integration are:

xl[0]=0.000000    xu[0]=1.000000
xl[1]=0.000000    xu[1]=1.000000
xl[2]=0.000000    xu[2]=1.000000

num_dim=3, calls=240, it_num=1, max_it_num=5 verb=0, alph=1.50,
mode=0, bins=50, boxes=1

       single.......iteration                   accumulated......results   
iteration     integral    sigma             integral         sigma     chi-sq/it

   1        9.7337e-15   9.52e-16          9.7337e-15      9.52e-16    0.00e+00
   2        1.0418e-14   5.47e-16          1.0248e-14      4.74e-16    3.88e-01
   3        1.1545e-14   2.85e-16          1.1201e-14      2.44e-16    2.94e+00
   4        1.1670e-14   2.47e-16          1.1432e-14      1.74e-16    2.57e+00
   5        1.1639e-14   2.28e-16          1.1509e-14      1.38e-16    2.06e+00

num_dim=3, calls=1200, it_num=1, max_it_num=3 verb=0, alph=1.50,
mode=0, bins=50, boxes=1

       single.......iteration                   accumulated......results   
iteration     integral    sigma             integral         sigma     chi-sq/it

   1        1.1264e-14   9.90e-17          1.1264e-14      9.90e-17    0.00e+00
   2        1.1484e-14   8.53e-17          1.1390e-14      6.47e-17    2.83e+00
   3        1.1430e-14   7.96e-17          1.1406e-14      5.02e-17    1.49e+00
   3        1.1470e-14   6.95e-17          1.1428e-14      4.07e-17    1.18e+00
   3        1.1345e-14   7.79e-17          1.1410e-14      3.61e-17    1.11e+00
   3        1.1485e-14   7.39e-17          1.1425e-14      3.24e-17    1.05e+00
   3        1.1435e-14   7.88e-17          1.1426e-14      3.00e-17    8.78e-01
vNLO = (1.1426194e-14 +- 2.9971168e-17) pb

*****************************
* collinear remainder (P+K) *
*****************************
The limits of integration are:

xl[0]=0.000000    xu[0]=1.000000
xl[1]=0.000000    xu[1]=1.000000
xl[2]=0.000000    xu[2]=1.000000
xl[3]=0.000000    xu[3]=1.000000

num_dim=4, calls=2500, it_num=1, max_it_num=5 verb=0, alph=1.50,
mode=0, bins=50, boxes=1

       single.......iteration                   accumulated......results   
iteration     integral    sigma             integral         sigma     chi-sq/it

   1        1.2876e-14   7.86e-16          1.2876e-14      7.86e-16    0.00e+00
   2        1.3184e-14   3.03e-16          1.3144e-14      2.83e-16    1.34e-01
   3        1.3336e-14   2.43e-16          1.3254e-14      1.84e-16    1.99e-01
   4        1.3376e-14   2.32e-16          1.3301e-14      1.44e-16    1.89e-01
   5        1.3499e-14   2.27e-16          1.3358e-14      1.22e-16    2.76e-01

num_dim=4, calls=25000, it_num=1, max_it_num=3 verb=0, alph=1.50,
mode=0, bins=50, boxes=1

       single.......iteration                   accumulated......results   
iteration     integral    sigma             integral         sigma     chi-sq/it

   1        1.3559e-14   7.10e-17          1.3559e-14      7.10e-17    0.00e+00
   2        1.3573e-14   7.06e-17          1.3566e-14      5.01e-17    2.05e-02
   3        1.3388e-14   7.15e-17          1.3508e-14      4.10e-17    2.10e+00
   3        1.3468e-14   7.13e-17          1.3498e-14      3.55e-17    1.48e+00
   3        1.3342e-14   7.21e-17          1.3467e-14      3.19e-17    2.05e+00
   3        1.3326e-14   7.18e-17          1.3444e-14      2.91e-17    2.29e+00
   3        1.3409e-14   7.14e-17          1.3439e-14      2.70e-17    1.94e+00
   3        1.3440e-14   7.19e-17          1.3439e-14      2.53e-17    1.66e+00
   3        1.3409e-14   7.29e-17          1.3436e-14      2.39e-17    1.47e+00
P+K = (1.3435965e-14 +- 2.3865791e-17) pb

********************************
* real gluon emission - dipole *
********************************
The limits of integration are:

xl[0]=0.000000    xu[0]=1.000000
xl[1]=0.000000    xu[1]=1.000000
xl[2]=0.000000    xu[2]=1.000000
xl[3]=0.000000    xu[3]=1.000000
xl[4]=0.000000    xu[4]=1.000000
xl[5]=0.000000    xu[5]=1.000000

num_dim=6, calls=250, it_num=1, max_it_num=5 verb=0, alph=1.50,
mode=0, bins=50, boxes=1

       single.......iteration                   accumulated......results   
iteration     integral    sigma             integral         sigma     chi-sq/it

   1        -1.3955e-16   4.77e-17          -1.3955e-16      4.77e-17    0.00e+00
   2        -1.8163e-16   4.62e-17          -1.6128e-16      3.32e-17    4.02e-01
   3        -9.6119e-17   1.15e-17          -1.0306e-16      1.08e-17    1.93e+00
   4        -1.0300e-16   1.10e-17          -1.0303e-16      7.71e-18    1.28e+00
   5        -1.1616e-16   9.30e-18          -1.0838e-16      5.93e-18    1.26e+00

num_dim=6, calls=2500, it_num=1, max_it_num=3 verb=0, alph=1.50,
mode=0, bins=50, boxes=1

       single.......iteration                   accumulated......results   
iteration     integral    sigma             integral         sigma     chi-sq/it

   1        -1.1858e-16   2.70e-18          -1.1858e-16      2.70e-18    0.00e+00
   2        -1.2360e-16   1.87e-18          -1.2198e-16      1.54e-18    2.34e+00
   3        -1.2526e-16   1.68e-18          -1.2347e-16      1.13e-18    2.21e+00
rNLOg = (-1.2347155e-16 +- 1.1342523e-18) pb

**************************************************
* real light quark emission - dipole - (onshell) *
**************************************************
The limits of integration are:

xl[0]=0.000000    xu[0]=1.000000
xl[1]=0.000000    xu[1]=1.000000
xl[2]=0.000000    xu[2]=1.000000
xl[3]=0.000000    xu[3]=1.000000
xl[4]=0.000000    xu[4]=1.000000
xl[5]=0.000000    xu[5]=1.000000

num_dim=6, calls=5000, it_num=1, max_it_num=5 verb=0, alph=1.50,
mode=0, bins=50, boxes=1

       single.......iteration                   accumulated......results   
iteration     integral    sigma             integral         sigma     chi-sq/it

   1        3.0709e-16   1.87e-17          3.0709e-16      1.87e-17    0.00e+00
   2        3.0968e-16   6.42e-18          3.0941e-16      6.07e-18    1.72e-02
   3        2.9872e-16   3.26e-18          3.0110e-16      2.87e-18    1.21e+00
   4        2.9923e-16   2.30e-18          2.9996e-16      1.80e-18    8.95e-01
   5        2.9943e-16   2.06e-18          2.9973e-16      1.35e-18    6.81e-01

num_dim=6, calls=50000, it_num=1, max_it_num=5 verb=0, alph=1.50,
mode=0, bins=50, boxes=1

       single.......iteration                   accumulated......results   
iteration     integral    sigma             integral         sigma     chi-sq/it

   1        2.9902e-16   6.24e-19          2.9902e-16      6.24e-19    0.00e+00
   2        3.0089e-16   9.10e-19          2.9962e-16      5.15e-19    2.86e+00
   3        3.0142e-16   8.92e-19          3.0007e-16      4.46e-19    2.96e+00
   4        2.9955e-16   7.27e-19          2.9993e-16      3.80e-19    2.09e+00
   5        3.0062e-16   8.02e-19          3.0005e-16      3.43e-19    1.72e+00
rNLOq = (3.0005405e-16 +- 3.4345370e-19) pb
NLO = (1.1716332e-13 +- 4.9550222e-17) pb
#chisq/dof = 2.13655e-09
#status = iteration is not making progress towards solution
#chisq/dof = 6.84254e-10
#status = success
#chisq/dof = 5.88933e-10
#status = success
#chisq/dof = 5.05415e-10
#status = success
#chisq/dof = 1.23834e-10
#status = success
#chisq/dof = 3.47835e-12
#status = success
#chisq/dof = 1.86346e-10
#status = success
#chisq/dof = 3.59735e-11
#status = success

*******************************************************
* threshold resummation (unimproved nnll) - expansion *
*******************************************************
The limits of integration are:

xl[0]=0.000000    xu[0]=1.000000
xl[1]=0.000000    xu[1]=1.000000
xl[2]=0.000000    xu[2]=1.000000

num_dim=3, calls=7000, it_num=1, max_it_num=5 verb=0, alph=1.50,
mode=0, bins=50, boxes=1

       single.......iteration                   accumulated......results   
iteration     integral    sigma             integral         sigma     chi-sq/it

   1        3.2139e-15   4.91e-15          3.2139e-15      4.91e-15    0.00e+00
   2        4.3937e-15   2.41e-15          4.1651e-15      2.16e-15    4.65e-02
   3        -4.4541e-15   2.21e-15          -4.1801e-17      1.55e-15    3.90e+00
   4        -5.8342e-16   2.22e-15          -2.1899e-16      1.27e-15    2.62e+00
   5        -3.6243e-15   2.21e-15          -1.0649e-15      1.10e-15    2.41e+00

num_dim=3, calls=35000, it_num=1, max_it_num=5 verb=0, alph=1.50,
mode=0, bins=50, boxes=1

       single.......iteration                   accumulated......results   
iteration     integral    sigma             integral         sigma     chi-sq/it

   1        2.1247e-15   9.74e-16          2.1247e-15      9.74e-16    0.00e+00
   2        2.7237e-15   9.81e-16          2.4218e-15      6.91e-16    1.88e-01
   3        2.5816e-15   9.83e-16          2.4747e-15      5.65e-16    1.03e-01
   4        3.1035e-15   9.82e-16          2.6311e-15      4.90e-16    1.71e-01
   5        1.8753e-16   9.81e-16          2.1432e-15      4.38e-16    1.37e+00
   5        1.5298e-15   9.81e-16          2.0411e-15      4.00e-16    1.16e+00
   5        2.1539e-15   9.82e-16          2.0571e-15      3.71e-16    9.69e-01
   5        3.1462e-15   9.87e-16          2.1917e-15      3.47e-16    9.83e-01
   5        1.8850e-15   9.84e-16          2.1578e-15      3.27e-16    8.71e-01
   5        2.1477e-15   9.88e-16          2.1568e-15      3.11e-16    7.74e-01
   5        1.4373e-15   9.84e-16          2.0916e-15      2.96e-16    7.45e-01
   5        9.3658e-16   9.93e-16          1.9972e-15      2.84e-16    7.91e-01
   5        2.0597e-15   9.89e-16          2.0019e-15      2.73e-16    7.25e-01
   5        1.3417e-15   9.90e-16          1.9553e-15      2.63e-16    7.01e-01
   5        3.0543e-15   1.00e-15          2.0261e-15      2.54e-16    7.31e-01
   5        4.0171e-15   9.98e-16          2.1476e-15      2.47e-16    9.32e-01
   5        1.0815e-15   9.96e-16          2.0861e-15      2.39e-16    9.41e-01
   5        1.2126e-15   9.94e-16          2.0382e-15      2.33e-16    9.29e-01
   5        2.1261e-15   9.97e-16          2.0428e-15      2.27e-16    8.77e-01
   5        2.9587e-15   9.99e-16          2.0876e-15      2.21e-16    8.73e-01
   5        -7.5908e-16   1.01e-15          1.9567e-15      2.16e-16    1.21e+00
   5        2.7396e-15   1.01e-15          1.9910e-15      2.11e-16    1.18e+00
   5        1.2416e-15   1.01e-15          1.9596e-15      2.07e-16    1.15e+00
   5        2.5151e-15   1.02e-15          1.9816e-15      2.02e-16    1.11e+00
   5        5.2871e-16   1.01e-15          1.9250e-15      1.98e-16    1.15e+00
   5        2.4226e-15   1.01e-15          1.9435e-15      1.95e-16    1.11e+00
   5        -4.7357e-16   1.01e-15          1.8570e-15      1.91e-16    1.28e+00
   5        1.9935e-15   1.03e-15          1.8616e-15      1.88e-16    1.24e+00
   5        1.0892e-15   1.02e-15          1.8362e-15      1.85e-16    1.21e+00
   5        1.4960e-15   1.02e-15          1.8254e-15      1.82e-16    1.17e+00
   5        1.4665e-15   1.03e-15          1.8145e-15      1.79e-16    1.14e+00
   5        3.0396e-15   1.02e-15          1.8509e-15      1.76e-16    1.15e+00
   5        2.1678e-15   1.03e-15          1.8599e-15      1.74e-16    1.11e+00
   5        1.9804e-16   1.03e-15          1.8136e-15      1.71e-16    1.16e+00
   5        3.4879e-15   1.04e-15          1.8580e-15      1.69e-16    1.20e+00
   5        1.3197e-15   1.04e-15          1.8441e-15      1.67e-16    1.17e+00
   5        1.3419e-15   1.04e-15          1.8316e-15      1.65e-16    1.14e+00
   5        -1.0148e-15   1.04e-15          1.7612e-15      1.63e-16    1.31e+00
   5        2.0137e-15   1.05e-15          1.7671e-15      1.61e-16    1.28e+00
   5        5.9493e-16   1.06e-15          1.7407e-15      1.59e-16    1.28e+00
   5        3.7749e-16   1.07e-15          1.7109e-15      1.57e-16    1.29e+00
   5        1.9411e-15   1.06e-15          1.7159e-15      1.56e-16    1.25e+00
   5        -1.8276e-16   1.05e-15          1.6747e-15      1.54e-16    1.30e+00
   5        5.6135e-16   1.05e-15          1.6515e-15      1.52e-16    1.30e+00
   5        6.1859e-16   1.06e-15          1.6305e-15      1.51e-16    1.29e+00
   5        -2.4411e-17   1.05e-15          1.5971e-15      1.49e-16    1.31e+00
   5        2.7226e-15   1.05e-15          1.6193e-15      1.48e-16    1.31e+00
   5        1.0379e-15   1.07e-15          1.6085e-15      1.46e-16    1.29e+00
   5        4.6863e-17   1.07e-15          1.5798e-15      1.45e-16    1.30e+00
   5        1.0164e-15   1.06e-15          1.5694e-15      1.44e-16    1.28e+00
   5        1.0990e-15   1.07e-15          1.5610e-15      1.42e-16    1.26e+00
   5        2.2553e-15   1.06e-15          1.5733e-15      1.41e-16    1.25e+00
   5        5.3706e-16   1.07e-15          1.5556e-15      1.40e-16    1.24e+00
   5        7.8834e-16   1.07e-15          1.5428e-15      1.39e-16    1.23e+00
   5        7.3851e-16   1.07e-15          1.5295e-15      1.38e-16    1.21e+00
aNNLO+NNLL = (1.1869284e-13 +- 1.4628000e-16) pb

Results:
LO = (9.4737587e-14 +- 6.3067154e-17) pb
NLO = (1.1716332e-13 +- 4.9550222e-17) pb
aNNLO+NNLL = (1.1869284e-13 +- 1.4628000e-16) pb
Thanks for using LHAPDF 6.2.3. Please make sure to cite the paper:
  Eur.Phys.J. C75 (2015) 3, 132  (http://arxiv.org/abs/1412.7420)
 ====================================================
   FF 2.0, a package to evaluate one-loop integrals
 written by G. J. van Oldenborgh, NIKHEF-H, Amsterdam
 ====================================================
 for the algorithms used see preprint NIKHEF-H 89/17,
 'New Algorithms for One-loop Integrals', by G.J. van
 Oldenborgh and J.A.M. Vermaseren, published in 
 Zeitschrift fuer Physik C46(1990)425.
 ====================================================
 
total number of errors and warnings
===================================
fferr: no errors
 
