
  Welcome to Resummino git-latest
  Copyright 2008-2010 Jonathan Debove.
  Copyright 2011-2014 David R. Lamprea.
  Copyright 2011-2016 Marcel Rothering.

  Licensed under the EUPL 1.1 or later.
  See http://www.resummino.org/ for more information.

  If using Resummino for slepton pair production, please cite.
  - G. Bozzi, B. Fuks, M. Klasen, PRD 74, 015001 (2006); NPB 777, 157 (2007); NPB 794, 46 (2007).
  - B. Fuks, M. Klasen, D. R. Lamprea, M. Rothering, EPJC 73, 2480 (2013).

  For gaugino pair production, please cite:
  - J. Debove, B. Fuks, M. Klasen, PLB 688, 208 (2010); NPB 842, 51 (2011); NPB 849, 64 (2011).
  - B. Fuks, M. Klasen, D. R. Lamprea, M. Rothering, JHEP 1210, 081 (2012); EPJC 73, 2480 (2013).

  For associated gaugino gluino production, please cite:
  - B. Fuks, M. Klasen, M. Rothering, JHEP 07:053, (2016).
  - B. Fuks, M. Klasen, D. R. Lamprea, M. Rothering, EPJC 73, 2480 (2013).

LHAPDF 6.2.3 loading /pool/condor/dir_24131/resummino-releases/lhapdf-prefix/share/LHAPDF/PDF4LHC21_40/PDF4LHC21_40_0000.dat
PDF4LHC21_40 PDF set, member #0, version 1
 alpha_s(M_Z^2) = 0.1180 	 for LO PDF set 
 alpha_s(1800.000^2) = 0.0816 	 for LO PDF set 

********************
* LO cross section *
********************
The limits of integration are:

xl[0]=0.000000    xu[0]=1.000000
xl[1]=0.000000    xu[1]=1.000000
xl[2]=0.000000    xu[2]=1.000000

num_dim=3, calls=2000, it_num=1, max_it_num=5 verb=0, alph=1.50,
mode=0, bins=50, boxes=1

       single.......iteration                   accumulated......results   
iteration     integral    sigma             integral         sigma     chi-sq/it

   1        3.4177e-14   1.07e-15          3.4177e-14      1.07e-15    0.00e+00
   2        3.6651e-14   3.87e-16          3.6363e-14      3.64e-16    4.74e+00
   3        3.6871e-14   1.97e-16          3.6756e-14      1.73e-16    3.12e+00
   4        3.6582e-14   1.84e-16          3.6674e-14      1.26e-16    2.24e+00
   5        3.6709e-14   1.75e-16          3.6686e-14      1.02e-16    1.69e+00

num_dim=3, calls=20000, it_num=1, max_it_num=5 verb=0, alph=1.50,
mode=0, bins=50, boxes=1

       single.......iteration                   accumulated......results   
iteration     integral    sigma             integral         sigma     chi-sq/it

   1        3.6688e-14   5.68e-17          3.6688e-14      5.68e-17    0.00e+00
   2        3.6687e-14   5.45e-17          3.6687e-14      3.93e-17    1.28e-04
   3        3.6687e-14   5.15e-17          3.6687e-14      3.13e-17    1.55e-04
   4        3.6707e-14   5.51e-17          3.6692e-14      2.72e-17    3.35e-02
   5        3.6570e-14   5.82e-17          3.6670e-14      2.46e-17    9.30e-01
LO = (3.6670088e-14 +- 2.4637878e-17) pb
LHAPDF 6.2.3 loading /pool/condor/dir_24131/resummino-releases/lhapdf-prefix/share/LHAPDF/PDF4LHC21_40/PDF4LHC21_40_0035.dat
PDF4LHC21_40 PDF set, member #35, version 1
 alpha_s(M_Z^2) = 0.1180 	 for NLO PDF set 
 alpha_s(1800.000^2) = 0.0816 	 for NLO PDF set 

********************
* LO cross section *
********************
The limits of integration are:

xl[0]=0.000000    xu[0]=1.000000
xl[1]=0.000000    xu[1]=1.000000
xl[2]=0.000000    xu[2]=1.000000

num_dim=3, calls=2000, it_num=1, max_it_num=5 verb=0, alph=1.50,
mode=0, bins=50, boxes=1

       single.......iteration                   accumulated......results   
iteration     integral    sigma             integral         sigma     chi-sq/it

   1        3.2674e-14   1.04e-15          3.2674e-14      1.04e-15    0.00e+00
   2        3.5156e-14   3.77e-16          3.4868e-14      3.55e-16    5.02e+00
   3        3.5357e-14   1.93e-16          3.5246e-14      1.70e-16    3.25e+00
   4        3.5115e-14   1.79e-16          3.5184e-14      1.23e-16    2.26e+00
   5        3.5267e-14   1.66e-16          3.5213e-14      9.89e-17    1.73e+00

num_dim=3, calls=20000, it_num=1, max_it_num=5 verb=0, alph=1.50,
mode=0, bins=50, boxes=1

       single.......iteration                   accumulated......results   
iteration     integral    sigma             integral         sigma     chi-sq/it

   1        3.5194e-14   5.50e-17          3.5194e-14      5.50e-17    0.00e+00
   2        3.5184e-14   5.27e-17          3.5189e-14      3.80e-17    1.72e-02
   3        3.5185e-14   4.94e-17          3.5188e-14      3.01e-17    1.09e-02
   4        3.5206e-14   5.22e-17          3.5192e-14      2.61e-17    3.70e-02
   5        3.5077e-14   5.62e-17          3.5172e-14      2.37e-17    8.83e-01
   5        3.5118e-14   5.41e-17          3.5163e-14      2.17e-17    8.73e-01
   5        3.5253e-14   5.42e-17          3.5175e-14      2.01e-17    1.12e+00
   5        3.5142e-14   5.54e-17          3.5172e-14      1.89e-17    1.01e+00
   5        3.5179e-14   5.58e-17          3.5172e-14      1.79e-17    8.85e-01
   5        3.5143e-14   5.63e-17          3.5170e-14      1.71e-17    8.15e-01
   5        3.5106e-14   5.81e-17          3.5165e-14      1.64e-17    8.45e-01
   5        3.5190e-14   5.90e-17          3.5166e-14      1.58e-17    7.83e-01
   5        3.5193e-14   6.05e-17          3.5168e-14      1.53e-17    7.33e-01
   5        3.5148e-14   6.37e-17          3.5167e-14      1.49e-17    6.83e-01
   5        3.5159e-14   6.71e-17          3.5167e-14      1.45e-17    6.36e-01
   5        3.5151e-14   7.00e-17          3.5166e-14      1.42e-17    5.96e-01
   5        3.5056e-14   6.98e-17          3.5162e-14      1.39e-17    7.09e-01
   5        3.5307e-14   7.28e-17          3.5167e-14      1.37e-17    8.93e-01
   5        3.5216e-14   7.48e-17          3.5168e-14      1.34e-17    8.66e-01
   5        3.5132e-14   7.74e-17          3.5167e-14      1.32e-17    8.32e-01
   5        3.5041e-14   7.86e-17          3.5164e-14      1.31e-17    9.16e-01
   5        3.5136e-14   8.06e-17          3.5163e-14      1.29e-17    8.78e-01
   5        3.5284e-14   8.28e-17          3.5166e-14      1.27e-17    9.33e-01
   5        3.5165e-14   8.95e-17          3.5166e-14      1.26e-17    8.92e-01
   5        3.5168e-14   9.11e-17          3.5166e-14      1.25e-17    8.55e-01
   5        3.5131e-14   9.54e-17          3.5165e-14      1.24e-17    8.26e-01
   5        3.5278e-14   1.02e-16          3.5167e-14      1.23e-17    8.41e-01
   5        3.5191e-14   9.53e-17          3.5167e-14      1.22e-17    8.12e-01
LO = (3.5167309e-14 +- 1.2195430e-17) pb

*******************************************
* virtual corrections + integrated dipole *
*******************************************
The limits of integration are:

xl[0]=0.000000    xu[0]=1.000000
xl[1]=0.000000    xu[1]=1.000000
xl[2]=0.000000    xu[2]=1.000000

num_dim=3, calls=240, it_num=1, max_it_num=5 verb=0, alph=1.50,
mode=0, bins=50, boxes=1

       single.......iteration                   accumulated......results   
iteration     integral    sigma             integral         sigma     chi-sq/it

   1        3.6464e-15   3.42e-16          3.6464e-15      3.42e-16    0.00e+00
   2        3.9105e-15   2.04e-16          3.8414e-15      1.75e-16    4.39e-01
   3        4.3361e-15   1.05e-16          4.2051e-15      9.01e-17    3.15e+00
   4        4.4115e-15   1.13e-16          4.2852e-15      7.05e-17    2.78e+00
   5        4.3298e-15   9.80e-17          4.3004e-15      5.72e-17    2.12e+00

num_dim=3, calls=1200, it_num=1, max_it_num=3 verb=0, alph=1.50,
mode=0, bins=50, boxes=1

       single.......iteration                   accumulated......results   
iteration     integral    sigma             integral         sigma     chi-sq/it

   1        4.2261e-15   3.73e-17          4.2261e-15      3.73e-17    0.00e+00
   2        4.3013e-15   3.32e-17          4.2680e-15      2.48e-17    2.27e+00
   3        4.2896e-15   3.15e-17          4.2763e-15      1.95e-17    1.28e+00
   3        4.2924e-15   2.72e-17          4.2817e-15      1.58e-17    9.29e-01
   3        4.2505e-15   3.07e-17          4.2751e-15      1.41e-17    9.02e-01
   3        4.2928e-15   2.74e-17          4.2788e-15      1.25e-17    7.88e-01
   3        4.2972e-15   2.95e-17          4.2816e-15      1.15e-17    7.11e-01
vNLO = (4.2816115e-15 +- 1.1526780e-17) pb

*****************************
* collinear remainder (P+K) *
*****************************
The limits of integration are:

xl[0]=0.000000    xu[0]=1.000000
xl[1]=0.000000    xu[1]=1.000000
xl[2]=0.000000    xu[2]=1.000000
xl[3]=0.000000    xu[3]=1.000000

num_dim=4, calls=2500, it_num=1, max_it_num=5 verb=0, alph=1.50,
mode=0, bins=50, boxes=1

       single.......iteration                   accumulated......results   
iteration     integral    sigma             integral         sigma     chi-sq/it

   1        5.6702e-15   3.09e-16          5.6702e-15      3.09e-16    0.00e+00
   2        5.7807e-15   1.20e-16          5.7663e-15      1.12e-16    1.11e-01
   3        5.8453e-15   9.35e-17          5.8127e-15      7.16e-17    2.03e-01
   4        5.8611e-15   8.88e-17          5.8318e-15      5.57e-17    1.95e-01
   5        5.8882e-15   8.75e-17          5.8481e-15      4.70e-17    2.20e-01

num_dim=4, calls=25000, it_num=1, max_it_num=3 verb=0, alph=1.50,
mode=0, bins=50, boxes=1

       single.......iteration                   accumulated......results   
iteration     integral    sigma             integral         sigma     chi-sq/it

   1        5.9175e-15   2.71e-17          5.9175e-15      2.71e-17    0.00e+00
   2        5.9291e-15   2.70e-17          5.9233e-15      1.91e-17    9.13e-02
   3        5.8631e-15   2.74e-17          5.9036e-15      1.57e-17    1.67e+00
   3        5.8881e-15   2.73e-17          5.8997e-15      1.36e-17    1.20e+00
   3        5.8420e-15   2.75e-17          5.8884e-15      1.22e-17    1.78e+00
   3        5.8347e-15   2.75e-17          5.8796e-15      1.11e-17    2.06e+00
   3        5.8675e-15   2.72e-17          5.8778e-15      1.03e-17    1.75e+00
   3        5.8778e-15   2.75e-17          5.8778e-15      9.66e-18    1.50e+00
P+K = (5.8778342e-15 +- 9.6554805e-18) pb

********************************
* real gluon emission - dipole *
********************************
The limits of integration are:

xl[0]=0.000000    xu[0]=1.000000
xl[1]=0.000000    xu[1]=1.000000
xl[2]=0.000000    xu[2]=1.000000
xl[3]=0.000000    xu[3]=1.000000
xl[4]=0.000000    xu[4]=1.000000
xl[5]=0.000000    xu[5]=1.000000

num_dim=6, calls=250, it_num=1, max_it_num=5 verb=0, alph=1.50,
mode=0, bins=50, boxes=1

       single.......iteration                   accumulated......results   
iteration     integral    sigma             integral         sigma     chi-sq/it

   1        -4.3273e-17   1.45e-17          -4.3273e-17      1.45e-17    0.00e+00
   2        -5.6767e-17   1.38e-17          -5.0355e-17      9.98e-18    4.56e-01
   3        -3.1443e-17   3.72e-18          -3.3754e-17      3.49e-18    1.80e+00
   4        -3.5383e-17   7.25e-18          -3.4059e-17      3.14e-18    1.22e+00
   5        -3.5105e-17   4.09e-18          -3.4448e-17      2.49e-18    9.23e-01

num_dim=6, calls=2500, it_num=1, max_it_num=3 verb=0, alph=1.50,
mode=0, bins=50, boxes=1

       single.......iteration                   accumulated......results   
iteration     integral    sigma             integral         sigma     chi-sq/it

   1        -3.9246e-17   1.47e-18          -3.9246e-17      1.47e-18    0.00e+00
   2        -3.8851e-17   7.02e-19          -3.8925e-17      6.33e-19    5.88e-02
   3        -3.9341e-17   5.53e-19          -3.9161e-17      4.17e-19    1.52e-01
rNLOg = (-3.9160883e-17 +- 4.1654282e-19) pb

**************************************************
* real light quark emission - dipole - (onshell) *
**************************************************
The limits of integration are:

xl[0]=0.000000    xu[0]=1.000000
xl[1]=0.000000    xu[1]=1.000000
xl[2]=0.000000    xu[2]=1.000000
xl[3]=0.000000    xu[3]=1.000000
xl[4]=0.000000    xu[4]=1.000000
xl[5]=0.000000    xu[5]=1.000000

num_dim=6, calls=5000, it_num=1, max_it_num=5 verb=0, alph=1.50,
mode=0, bins=50, boxes=1

       single.......iteration                   accumulated......results   
iteration     integral    sigma             integral         sigma     chi-sq/it

   1        8.9546e-17   5.50e-18          8.9546e-17      5.50e-18    0.00e+00
   2        8.6879e-17   1.57e-18          8.7079e-17      1.51e-18    2.18e-01
   3        8.5488e-17   8.35e-19          8.5861e-17      7.30e-19    5.36e-01
   4        8.5423e-17   6.35e-19          8.5612e-17      4.79e-19    4.25e-01
   5        8.5514e-17   5.88e-19          8.5573e-17      3.71e-19    3.23e-01

num_dim=6, calls=50000, it_num=1, max_it_num=5 verb=0, alph=1.50,
mode=0, bins=50, boxes=1

       single.......iteration                   accumulated......results   
iteration     integral    sigma             integral         sigma     chi-sq/it

   1        8.5526e-17   1.75e-19          8.5526e-17      1.75e-19    0.00e+00
   2        8.6061e-17   2.48e-19          8.5705e-17      1.43e-19    3.12e+00
   3        8.6188e-17   2.45e-19          8.5828e-17      1.23e-19    3.02e+00
   4        8.5740e-17   1.94e-19          8.5802e-17      1.04e-19    2.06e+00
   5        8.5976e-17   2.21e-19          8.5834e-17      9.41e-20    1.67e+00
rNLOq = (8.5833976e-17 +- 9.4122120e-20) pb
NLO = (4.5373428e-14 +- 1.9365067e-17) pb
#chisq/dof = 2.0024e-09
#status = success
#chisq/dof = 4.55792e-10
#status = success
#chisq/dof = 6.16873e-10
#status = success
#chisq/dof = 2.45091e-09
#status = success
#chisq/dof = 8.80175e-11
#status = success
#chisq/dof = 3.43789e-12
#status = success
#chisq/dof = 1.50133e-10
#status = success
#chisq/dof = 3.40073e-11
#status = success

*******************************************************
* threshold resummation (unimproved nnll) - expansion *
*******************************************************
The limits of integration are:

xl[0]=0.000000    xu[0]=1.000000
xl[1]=0.000000    xu[1]=1.000000
xl[2]=0.000000    xu[2]=1.000000

num_dim=3, calls=7000, it_num=1, max_it_num=5 verb=0, alph=1.50,
mode=0, bins=50, boxes=1

       single.......iteration                   accumulated......results   
iteration     integral    sigma             integral         sigma     chi-sq/it

   1        3.6126e-16   2.53e-16          3.6126e-16      2.53e-16    0.00e+00
   2        7.1096e-16   9.75e-17          6.6577e-16      9.10e-17    1.66e+00
   3        4.7484e-16   8.71e-17          5.6616e-16      6.29e-17    1.98e+00
   4        4.9719e-16   8.76e-17          5.4268e-16      5.11e-17    1.46e+00
   5        5.2713e-16   8.70e-17          5.3869e-16      4.41e-17    1.10e+00

num_dim=3, calls=35000, it_num=1, max_it_num=5 verb=0, alph=1.50,
mode=0, bins=50, boxes=1

       single.......iteration                   accumulated......results   
iteration     integral    sigma             integral         sigma     chi-sq/it

   1        7.2668e-16   3.85e-17          7.2668e-16      3.85e-17    0.00e+00
   2        7.5180e-16   3.87e-17          7.3919e-16      2.73e-17    2.12e-01
   3        7.4832e-16   3.85e-17          7.4225e-16      2.23e-17    1.25e-01
   4        7.4565e-16   3.85e-17          7.4310e-16      1.93e-17    8.50e-02
   5        6.8717e-16   3.84e-17          7.3184e-16      1.72e-17    4.88e-01
aNNLO+NNLL = (4.6105264e-14 +- 2.5913876e-17) pb

Results:
LO = (3.6670088e-14 +- 2.4637878e-17) pb
NLO = (4.5373428e-14 +- 1.9365067e-17) pb
aNNLO+NNLL = (4.6105264e-14 +- 2.5913876e-17) pb
Thanks for using LHAPDF 6.2.3. Please make sure to cite the paper:
  Eur.Phys.J. C75 (2015) 3, 132  (http://arxiv.org/abs/1412.7420)
 ====================================================
   FF 2.0, a package to evaluate one-loop integrals
 written by G. J. van Oldenborgh, NIKHEF-H, Amsterdam
 ====================================================
 for the algorithms used see preprint NIKHEF-H 89/17,
 'New Algorithms for One-loop Integrals', by G.J. van
 Oldenborgh and J.A.M. Vermaseren, published in 
 Zeitschrift fuer Physik C46(1990)425.
 ====================================================
 
total number of errors and warnings
===================================
fferr: no errors
 
