
  Welcome to Resummino git-latest
  Copyright 2008-2010 Jonathan Debove.
  Copyright 2011-2014 David R. Lamprea.
  Copyright 2011-2016 Marcel Rothering.

  Licensed under the EUPL 1.1 or later.
  See http://www.resummino.org/ for more information.

  If using Resummino for slepton pair production, please cite.
  - G. Bozzi, B. Fuks, M. Klasen, PRD 74, 015001 (2006); NPB 777, 157 (2007); NPB 794, 46 (2007).
  - B. Fuks, M. Klasen, D. R. Lamprea, M. Rothering, EPJC 73, 2480 (2013).

  For gaugino pair production, please cite:
  - J. Debove, B. Fuks, M. Klasen, PLB 688, 208 (2010); NPB 842, 51 (2011); NPB 849, 64 (2011).
  - B. Fuks, M. Klasen, D. R. Lamprea, M. Rothering, JHEP 1210, 081 (2012); EPJC 73, 2480 (2013).

  For associated gaugino gluino production, please cite:
  - B. Fuks, M. Klasen, M. Rothering, JHEP 07:053, (2016).
  - B. Fuks, M. Klasen, D. R. Lamprea, M. Rothering, EPJC 73, 2480 (2013).

LHAPDF 6.2.3 loading /pool/condor/dir_45926/resummino-releases/lhapdf-prefix/share/LHAPDF/PDF4LHC21_40/PDF4LHC21_40_0000.dat
PDF4LHC21_40 PDF set, member #0, version 1
 alpha_s(M_Z^2) = 0.1180 	 for LO PDF set 
 alpha_s(650.000^2) = 0.0911 	 for LO PDF set 

********************
* LO cross section *
********************
The limits of integration are:

xl[0]=0.000000    xu[0]=1.000000
xl[1]=0.000000    xu[1]=1.000000
xl[2]=0.000000    xu[2]=1.000000

num_dim=3, calls=2000, it_num=1, max_it_num=5 verb=0, alph=1.50,
mode=0, bins=50, boxes=1

       single.......iteration                   accumulated......results   
iteration     integral    sigma             integral         sigma     chi-sq/it

   1        1.9189e-13   6.32e-15          1.9189e-13      6.32e-15    0.00e+00
   2        2.0515e-13   2.23e-15          2.0369e-13      2.10e-15    3.91e+00
   3        2.0720e-13   1.10e-15          2.0645e-13      9.72e-16    3.05e+00
   4        2.0589e-13   9.97e-16          2.0618e-13      6.96e-16    2.09e+00
   5        2.0593e-13   9.91e-16          2.0609e-13      5.70e-16    1.58e+00

num_dim=3, calls=20000, it_num=1, max_it_num=5 verb=0, alph=1.50,
mode=0, bins=50, boxes=1

       single.......iteration                   accumulated......results   
iteration     integral    sigma             integral         sigma     chi-sq/it

   1        2.0584e-13   3.14e-16          2.0584e-13      3.14e-16    0.00e+00
   2        2.0581e-13   3.04e-16          2.0582e-13      2.19e-16    6.15e-03
   3        2.0614e-13   2.94e-16          2.0594e-13      1.75e-16    3.63e-01
   4        2.0617e-13   3.12e-16          2.0599e-13      1.53e-16    3.85e-01
   5        2.0528e-13   3.20e-16          2.0586e-13      1.38e-16    1.30e+00
LO = (2.0585896e-13 +- 1.3796981e-16) pb
LHAPDF 6.2.3 loading /pool/condor/dir_45926/resummino-releases/lhapdf-prefix/share/LHAPDF/PDF4LHC21_40/PDF4LHC21_40_0000.dat
PDF4LHC21_40 PDF set, member #0, version 1
 alpha_s(M_Z^2) = 0.1180 	 for NLO PDF set 
 alpha_s(650.000^2) = 0.0911 	 for NLO PDF set 

********************
* LO cross section *
********************
The limits of integration are:

xl[0]=0.000000    xu[0]=1.000000
xl[1]=0.000000    xu[1]=1.000000
xl[2]=0.000000    xu[2]=1.000000

num_dim=3, calls=2000, it_num=1, max_it_num=5 verb=0, alph=1.50,
mode=0, bins=50, boxes=1

       single.......iteration                   accumulated......results   
iteration     integral    sigma             integral         sigma     chi-sq/it

   1        1.9189e-13   6.32e-15          1.9189e-13      6.32e-15    0.00e+00
   2        2.0515e-13   2.23e-15          2.0369e-13      2.10e-15    3.91e+00
   3        2.0720e-13   1.10e-15          2.0645e-13      9.72e-16    3.05e+00
   4        2.0589e-13   9.97e-16          2.0618e-13      6.96e-16    2.09e+00
   5        2.0593e-13   9.91e-16          2.0609e-13      5.70e-16    1.58e+00

num_dim=3, calls=20000, it_num=1, max_it_num=5 verb=0, alph=1.50,
mode=0, bins=50, boxes=1

       single.......iteration                   accumulated......results   
iteration     integral    sigma             integral         sigma     chi-sq/it

   1        2.0584e-13   3.14e-16          2.0584e-13      3.14e-16    0.00e+00
   2        2.0581e-13   3.04e-16          2.0582e-13      2.19e-16    6.15e-03
   3        2.0614e-13   2.94e-16          2.0594e-13      1.75e-16    3.63e-01
   4        2.0617e-13   3.12e-16          2.0599e-13      1.53e-16    3.85e-01
   5        2.0528e-13   3.20e-16          2.0586e-13      1.38e-16    1.30e+00
   5        2.0568e-13   3.18e-16          2.0583e-13      1.27e-16    1.09e+00
   5        2.0627e-13   3.17e-16          2.0589e-13      1.18e-16    1.19e+00
   5        2.0571e-13   3.26e-16          2.0587e-13      1.11e-16    1.06e+00
   5        2.0571e-13   3.30e-16          2.0586e-13      1.05e-16    9.52e-01
   5        2.0557e-13   3.34e-16          2.0583e-13      1.00e-16    9.22e-01
   5        2.0557e-13   3.53e-16          2.0581e-13      9.62e-17    8.82e-01
   5        2.0580e-13   3.56e-16          2.0581e-13      9.29e-17    8.02e-01
   5        2.0599e-13   3.73e-16          2.0582e-13      9.02e-17    7.54e-01
   5        2.0552e-13   3.95e-16          2.0580e-13      8.79e-17    7.38e-01
   5        2.0582e-13   4.18e-16          2.0581e-13      8.60e-17    6.85e-01
   5        2.0562e-13   4.38e-16          2.0580e-13      8.44e-17    6.51e-01
   5        2.0517e-13   4.38e-16          2.0578e-13      8.29e-17    7.35e-01
   5        2.0659e-13   4.52e-16          2.0580e-13      8.15e-17    8.78e-01
   5        2.0622e-13   4.87e-16          2.0581e-13      8.04e-17    8.68e-01
   5        2.0603e-13   4.75e-16          2.0582e-13      7.93e-17    8.33e-01
   5        2.0526e-13   5.02e-16          2.0581e-13      7.83e-17    8.53e-01
   5        2.0566e-13   5.18e-16          2.0580e-13      7.74e-17    8.16e-01
   5        2.0638e-13   5.23e-16          2.0582e-13      7.66e-17    8.34e-01
   5        2.0579e-13   5.70e-16          2.0581e-13      7.59e-17    7.98e-01
   5        2.0630e-13   5.64e-16          2.0582e-13      7.52e-17    7.95e-01
   5        2.0567e-13   5.85e-16          2.0582e-13      7.46e-17    7.67e-01
   5        2.0682e-13   6.33e-16          2.0583e-13      7.41e-17    8.32e-01
   5        2.0582e-13   5.83e-16          2.0583e-13      7.35e-17    8.02e-01
   5        2.0564e-13   5.98e-16          2.0583e-13      7.30e-17    7.77e-01
   5        2.0620e-13   6.29e-16          2.0584e-13      7.25e-17    7.62e-01
   5        2.0598e-13   6.20e-16          2.0584e-13      7.20e-17    7.38e-01
   5        2.0566e-13   6.50e-16          2.0584e-13      7.15e-17    7.17e-01
   5        2.0651e-13   6.42e-16          2.0584e-13      7.11e-17    7.28e-01
   5        2.0551e-13   6.75e-16          2.0584e-13      7.07e-17    7.14e-01
   5        2.0512e-13   6.71e-16          2.0583e-13      7.03e-17    7.27e-01
   5        2.0661e-13   6.92e-16          2.0584e-13      7.00e-17    7.42e-01
   5        2.0369e-13   6.71e-16          2.0582e-13      6.96e-17    1.00e+00
   5        2.0465e-13   7.00e-16          2.0581e-13      6.92e-17    1.05e+00
   5        2.0634e-13   7.12e-16          2.0581e-13      6.89e-17    1.04e+00
   5        2.0570e-13   7.31e-16          2.0581e-13      6.86e-17    1.01e+00
LO = (2.0581050e-13 +- 6.8611788e-17) pb

*******************************************
* virtual corrections + integrated dipole *
*******************************************
The limits of integration are:

xl[0]=0.000000    xu[0]=1.000000
xl[1]=0.000000    xu[1]=1.000000
xl[2]=0.000000    xu[2]=1.000000

num_dim=3, calls=240, it_num=1, max_it_num=5 verb=0, alph=1.50,
mode=0, bins=50, boxes=1

       single.......iteration                   accumulated......results   
iteration     integral    sigma             integral         sigma     chi-sq/it

   1        2.4076e-14   2.36e-15          2.4076e-14      2.36e-15    0.00e+00
   2        2.5643e-14   1.34e-15          2.5260e-14      1.17e-15    3.32e-01
   3        2.8150e-14   7.09e-16          2.7371e-14      6.06e-16    2.40e+00
   4        2.8335e-14   5.33e-16          2.7915e-14      4.00e-16    2.08e+00
   5        2.8668e-14   5.44e-16          2.8179e-14      3.22e-16    1.87e+00

num_dim=3, calls=1200, it_num=1, max_it_num=3 verb=0, alph=1.50,
mode=0, bins=50, boxes=1

       single.......iteration                   accumulated......results   
iteration     integral    sigma             integral         sigma     chi-sq/it

   1        2.7595e-14   2.48e-16          2.7595e-14      2.48e-16    0.00e+00
   2        2.8118e-14   2.14e-16          2.7895e-14      1.62e-16    2.55e+00
   3        2.7953e-14   1.92e-16          2.7919e-14      1.24e-16    1.30e+00
   3        2.8134e-14   1.72e-16          2.7992e-14      1.00e-16    1.21e+00
   3        2.7784e-14   1.91e-16          2.7947e-14      8.89e-17    1.14e+00
   3        2.8108e-14   1.81e-16          2.7978e-14      7.98e-17    1.04e+00
   3        2.7911e-14   1.96e-16          2.7969e-14      7.39e-17    8.85e-01
   3        2.8097e-14   1.86e-16          2.7986e-14      6.87e-17    8.17e-01
   3        2.7994e-14   1.81e-16          2.7987e-14      6.42e-17    7.15e-01
vNLO = (2.7987345e-14 +- 6.4220641e-17) pb

*****************************
* collinear remainder (P+K) *
*****************************
The limits of integration are:

xl[0]=0.000000    xu[0]=1.000000
xl[1]=0.000000    xu[1]=1.000000
xl[2]=0.000000    xu[2]=1.000000
xl[3]=0.000000    xu[3]=1.000000

num_dim=4, calls=2500, it_num=1, max_it_num=5 verb=0, alph=1.50,
mode=0, bins=50, boxes=1

       single.......iteration                   accumulated......results   
iteration     integral    sigma             integral         sigma     chi-sq/it

   1        1.7024e-15   1.42e-15          1.7024e-15      1.42e-15    0.00e+00
   2        1.4161e-15   7.46e-16          1.4782e-15      6.60e-16    3.20e-02
   3        2.3911e-15   6.76e-16          1.9242e-15      4.72e-16    4.83e-01
   4        2.2390e-15   6.62e-16          2.0303e-15      3.85e-16    3.72e-01
   5        2.6748e-15   6.64e-16          2.1921e-15      3.33e-16    4.55e-01

num_dim=4, calls=25000, it_num=1, max_it_num=3 verb=0, alph=1.50,
mode=0, bins=50, boxes=1

       single.......iteration                   accumulated......results   
iteration     integral    sigma             integral         sigma     chi-sq/it

   1        2.6341e-15   2.10e-16          2.6341e-15      2.10e-16    0.00e+00
   2        2.5096e-15   2.08e-16          2.5715e-15      1.48e-16    1.78e-01
   3        2.3000e-15   2.09e-16          2.4808e-15      1.21e-16    6.53e-01
   3        2.4267e-15   2.08e-16          2.4672e-15      1.04e-16    4.52e-01
   3        2.1716e-15   2.09e-16          2.4085e-15      9.33e-17    7.38e-01
   3        2.3312e-15   2.09e-16          2.3956e-15      8.52e-17    6.14e-01
   3        2.2741e-15   2.09e-16          2.3783e-15      7.89e-17    5.60e-01
   3        2.1781e-15   2.09e-16          2.3533e-15      7.38e-17    5.94e-01
   3        2.5006e-15   2.08e-16          2.3697e-15      6.96e-17    5.76e-01
   3        2.3148e-15   2.09e-16          2.3643e-15      6.60e-17    5.19e-01
P+K = (2.3642710e-15 +- 6.6011366e-17) pb

********************************
* real gluon emission - dipole *
********************************
The limits of integration are:

xl[0]=0.000000    xu[0]=1.000000
xl[1]=0.000000    xu[1]=1.000000
xl[2]=0.000000    xu[2]=1.000000
xl[3]=0.000000    xu[3]=1.000000
xl[4]=0.000000    xu[4]=1.000000
xl[5]=0.000000    xu[5]=1.000000

num_dim=6, calls=250, it_num=1, max_it_num=5 verb=0, alph=1.50,
mode=0, bins=50, boxes=1

       single.......iteration                   accumulated......results   
iteration     integral    sigma             integral         sigma     chi-sq/it

   1        -3.9766e-16   1.35e-16          -3.9766e-16      1.35e-16    0.00e+00
   2        -4.9877e-16   1.18e-16          -4.5488e-16      8.87e-17    3.19e-01
   3        -2.8688e-16   2.97e-17          -3.0386e-16      2.82e-17    1.77e+00
   4        -2.9129e-16   3.34e-17          -2.9863e-16      2.16e-17    1.21e+00
   5        -3.5333e-16   2.79e-17          -3.1911e-16      1.70e-17    1.51e+00

num_dim=6, calls=2500, it_num=1, max_it_num=3 verb=0, alph=1.50,
mode=0, bins=50, boxes=1

       single.......iteration                   accumulated......results   
iteration     integral    sigma             integral         sigma     chi-sq/it

   1        -3.4612e-16   7.29e-18          -3.4612e-16      7.29e-18    0.00e+00
   2        -3.4464e-16   4.33e-18          -3.4503e-16      3.73e-18    3.05e-02
   3        -3.5224e-16   4.38e-18          -3.4805e-16      2.84e-18    8.02e-01
rNLOg = (-3.4805348e-16 +- 2.8383624e-18) pb

**************************************************
* real light quark emission - dipole - (onshell) *
**************************************************
The limits of integration are:

xl[0]=0.000000    xu[0]=1.000000
xl[1]=0.000000    xu[1]=1.000000
xl[2]=0.000000    xu[2]=1.000000
xl[3]=0.000000    xu[3]=1.000000
xl[4]=0.000000    xu[4]=1.000000
xl[5]=0.000000    xu[5]=1.000000

num_dim=6, calls=5000, it_num=1, max_it_num=5 verb=0, alph=1.50,
mode=0, bins=50, boxes=1

       single.......iteration                   accumulated......results   
iteration     integral    sigma             integral         sigma     chi-sq/it

   1        9.2648e-16   5.87e-17          9.2648e-16      5.87e-17    0.00e+00
   2        9.4433e-16   1.87e-17          9.4269e-16      1.78e-17    8.39e-02
   3        9.1715e-16   9.88e-18          9.2315e-16      8.64e-18    8.28e-01
   4        9.1143e-16   7.22e-18          9.1625e-16      5.54e-18    9.13e-01
   5        9.1451e-16   6.36e-18          9.1550e-16      4.18e-18    6.96e-01

num_dim=6, calls=50000, it_num=1, max_it_num=5 verb=0, alph=1.50,
mode=0, bins=50, boxes=1

       single.......iteration                   accumulated......results   
iteration     integral    sigma             integral         sigma     chi-sq/it

   1        9.1405e-16   1.95e-18          9.1405e-16      1.95e-18    0.00e+00
   2        9.1973e-16   2.75e-18          9.1595e-16      1.59e-18    2.84e+00
   3        9.2184e-16   2.73e-18          9.1745e-16      1.37e-18    3.16e+00
   4        9.1614e-16   2.32e-18          9.1711e-16      1.18e-18    2.19e+00
   5        9.1941e-16   2.51e-18          9.1752e-16      1.07e-18    1.81e+00
rNLOq = (9.1752488e-16 +- 1.0696626e-18) pb
NLO = (2.3673159e-13 +- 1.1488503e-16) pb
#chisq/dof = 1.90496e-09
#status = success
#chisq/dof = 1.51207e-09
#status = success
#chisq/dof = 5.83653e-10
#status = success
#chisq/dof = 7.75668e-10
#status = success
#chisq/dof = 1.4747e-10
#status = success
#chisq/dof = 2.78928e-12
#status = success
#chisq/dof = 2.4931e-10
#status = success
#chisq/dof = 6.10214e-11
#status = success

*******************************************************
* threshold resummation (unimproved nnll) - expansion *
*******************************************************
The limits of integration are:

xl[0]=0.000000    xu[0]=1.000000
xl[1]=0.000000    xu[1]=1.000000
xl[2]=0.000000    xu[2]=1.000000

num_dim=3, calls=7000, it_num=1, max_it_num=5 verb=0, alph=1.50,
mode=0, bins=50, boxes=1

       single.......iteration                   accumulated......results   
iteration     integral    sigma             integral         sigma     chi-sq/it

   1        -1.3081e-15   3.52e-15          -1.3081e-15      3.52e-15    0.00e+00
   2        -3.4257e-15   1.43e-15          -3.1270e-15      1.32e-15    3.11e-01
   3        -2.0196e-15   1.32e-15          -2.5739e-15      9.35e-16    3.31e-01
   4        6.1874e-16   1.33e-15          -1.5197e-15      7.65e-16    1.51e+00
   5        -2.0210e-15   1.33e-15          -1.6446e-15      6.63e-16    1.16e+00

num_dim=3, calls=35000, it_num=1, max_it_num=5 verb=0, alph=1.50,
mode=0, bins=50, boxes=1

       single.......iteration                   accumulated......results   
iteration     integral    sigma             integral         sigma     chi-sq/it

   1        -3.1873e-15   5.92e-16          -3.1873e-15      5.92e-16    0.00e+00
   2        -2.6778e-15   5.93e-16          -2.9331e-15      4.19e-16    3.70e-01
   3        -3.1741e-15   5.93e-16          -3.0133e-15      3.42e-16    2.40e-01
   4        -2.7433e-15   5.93e-16          -2.9458e-15      2.96e-16    2.12e-01
   5        -3.4783e-15   5.94e-16          -3.0519e-15      2.65e-16    3.20e-01
   5        -3.4122e-15   5.90e-16          -3.1125e-15      2.42e-16    3.18e-01
   5        -2.3824e-15   5.95e-16          -3.0088e-15      2.24e-16    4.80e-01
   5        -3.9073e-15   5.94e-16          -3.1209e-15      2.10e-16    6.98e-01
   5        -2.8467e-15   5.96e-16          -3.0907e-15      1.98e-16    6.35e-01
   5        -3.5919e-15   5.93e-16          -3.1409e-15      1.88e-16    6.36e-01
   5        -3.8281e-15   5.96e-16          -3.2028e-15      1.79e-16    6.93e-01
   5        -4.1031e-15   5.97e-16          -3.2770e-15      1.71e-16    8.20e-01
   5        -3.1322e-15   5.98e-16          -3.2660e-15      1.65e-16    7.56e-01
   5        -1.8828e-15   5.96e-16          -3.1677e-15      1.59e-16    1.08e+00
   5        -4.1256e-15   6.01e-16          -3.2303e-15      1.54e-16    1.18e+00
   5        -2.8884e-15   6.01e-16          -3.2093e-15      1.49e-16    1.12e+00
   5        -3.6267e-15   6.01e-16          -3.2334e-15      1.44e-16    1.08e+00
   5        -3.6644e-15   6.00e-16          -3.2570e-15      1.40e-16    1.04e+00
   5        -3.2511e-15   6.01e-16          -3.2567e-15      1.37e-16    9.83e-01
   5        -3.2856e-15   6.04e-16          -3.2581e-15      1.33e-16    9.32e-01
   5        -3.1372e-15   6.04e-16          -3.2525e-15      1.30e-16    8.87e-01
   5        -3.4434e-15   6.10e-16          -3.2608e-15      1.27e-16    8.49e-01
   5        -2.9896e-15   6.11e-16          -3.2496e-15      1.25e-16    8.19e-01
   5        -3.4250e-15   6.18e-16          -3.2564e-15      1.22e-16    7.87e-01
   5        -3.2746e-15   6.14e-16          -3.2571e-15      1.20e-16    7.54e-01
   5        -2.1114e-15   6.13e-16          -3.2149e-15      1.18e-16    8.59e-01
   5        -3.2986e-15   6.11e-16          -3.2179e-15      1.15e-16    8.26e-01
   5        -3.1932e-15   6.16e-16          -3.2171e-15      1.14e-16    7.96e-01
   5        -2.2008e-15   6.14e-16          -3.1835e-15      1.12e-16    8.62e-01
   5        -3.1504e-15   6.22e-16          -3.1825e-15      1.10e-16    8.32e-01
   5        -3.0943e-15   6.17e-16          -3.1798e-15      1.08e-16    8.05e-01
   5        -2.1525e-15   6.18e-16          -3.1493e-15      1.07e-16    8.66e-01
   5        -4.2958e-15   6.21e-16          -3.1821e-15      1.05e-16    9.42e-01
   5        -2.6689e-15   6.20e-16          -3.1678e-15      1.04e-16    9.34e-01
   5        -3.1675e-15   6.25e-16          -3.1678e-15      1.02e-16    9.06e-01
   5        -2.6776e-15   6.22e-16          -3.1549e-15      1.01e-16    8.98e-01
   5        -3.7961e-15   6.26e-16          -3.1711e-15      9.95e-17    9.01e-01
   5        -2.9713e-15   6.25e-16          -3.1662e-15      9.83e-17    8.79e-01
   5        -3.2107e-15   6.32e-16          -3.1672e-15      9.71e-17    8.56e-01
   5        -3.1640e-15   6.33e-16          -3.1672e-15      9.60e-17    8.34e-01
   5        -3.7738e-15   6.31e-16          -3.1809e-15      9.49e-17    8.36e-01
   5        -4.4503e-15   6.35e-16          -3.2086e-15      9.38e-17    9.11e-01
   5        -2.6176e-15   6.35e-16          -3.1960e-15      9.28e-17    9.10e-01
   5        -4.5570e-15   6.37e-16          -3.2243e-15      9.19e-17    9.92e-01
   5        -3.8736e-15   6.45e-16          -3.2372e-15      9.10e-17    9.92e-01
   5        -3.7040e-15   6.43e-16          -3.2464e-15      9.01e-17    9.82e-01
   5        -3.4077e-15   6.49e-16          -3.2494e-15      8.92e-17    9.62e-01
   5        -3.0993e-15   6.45e-16          -3.2466e-15      8.84e-17    9.43e-01
   5        -3.0185e-15   6.46e-16          -3.2424e-15      8.75e-17    9.25e-01
   5        -3.5893e-15   6.50e-16          -3.2486e-15      8.68e-17    9.12e-01
   5        -2.4482e-15   6.42e-16          -3.2342e-15      8.60e-17    9.25e-01
   5        -2.1132e-15   6.45e-16          -3.2146e-15      8.52e-17    9.65e-01
   5        -3.4256e-15   6.43e-16          -3.2183e-15      8.45e-17    9.48e-01
   5        -1.9460e-15   6.47e-16          -3.1970e-15      8.38e-17    1.00e+00
   5        -2.2985e-15   6.44e-16          -3.1820e-15      8.31e-17    1.02e+00
aNNLO+NNLL = (2.3354956e-13 +- 1.4177566e-16) pb

Results:
LO = (2.0585896e-13 +- 1.3796981e-16) pb
NLO = (2.3673159e-13 +- 1.1488503e-16) pb
aNNLO+NNLL = (2.3354956e-13 +- 1.4177566e-16) pb
Thanks for using LHAPDF 6.2.3. Please make sure to cite the paper:
  Eur.Phys.J. C75 (2015) 3, 132  (http://arxiv.org/abs/1412.7420)
 ====================================================
   FF 2.0, a package to evaluate one-loop integrals
 written by G. J. van Oldenborgh, NIKHEF-H, Amsterdam
 ====================================================
 for the algorithms used see preprint NIKHEF-H 89/17,
 'New Algorithms for One-loop Integrals', by G.J. van
 Oldenborgh and J.A.M. Vermaseren, published in 
 Zeitschrift fuer Physik C46(1990)425.
 ====================================================
 
total number of errors and warnings
===================================
fferr: no errors
 
