
  Welcome to Resummino git-latest
  Copyright 2008-2010 Jonathan Debove.
  Copyright 2011-2014 David R. Lamprea.
  Copyright 2011-2016 Marcel Rothering.

  Licensed under the EUPL 1.1 or later.
  See http://www.resummino.org/ for more information.

  If using Resummino for slepton pair production, please cite.
  - G. Bozzi, B. Fuks, M. Klasen, PRD 74, 015001 (2006); NPB 777, 157 (2007); NPB 794, 46 (2007).
  - B. Fuks, M. Klasen, D. R. Lamprea, M. Rothering, EPJC 73, 2480 (2013).

  For gaugino pair production, please cite:
  - J. Debove, B. Fuks, M. Klasen, PLB 688, 208 (2010); NPB 842, 51 (2011); NPB 849, 64 (2011).
  - B. Fuks, M. Klasen, D. R. Lamprea, M. Rothering, JHEP 1210, 081 (2012); EPJC 73, 2480 (2013).

  For associated gaugino gluino production, please cite:
  - B. Fuks, M. Klasen, M. Rothering, JHEP 07:053, (2016).
  - B. Fuks, M. Klasen, D. R. Lamprea, M. Rothering, EPJC 73, 2480 (2013).

LHAPDF 6.2.3 loading /pool/condor/dir_49117/resummino-releases/lhapdf-prefix/share/LHAPDF/PDF4LHC21_40/PDF4LHC21_40_0000.dat
PDF4LHC21_40 PDF set, member #0, version 1
 alpha_s(M_Z^2) = 0.1180 	 for LO PDF set 
 alpha_s(1800.000^2) = 0.0816 	 for LO PDF set 

********************
* LO cross section *
********************
The limits of integration are:

xl[0]=0.000000    xu[0]=1.000000
xl[1]=0.000000    xu[1]=1.000000
xl[2]=0.000000    xu[2]=1.000000

num_dim=3, calls=2000, it_num=1, max_it_num=5 verb=0, alph=1.50,
mode=0, bins=50, boxes=1

       single.......iteration                   accumulated......results   
iteration     integral    sigma             integral         sigma     chi-sq/it

   1        3.4177e-14   1.07e-15          3.4177e-14      1.07e-15    0.00e+00
   2        3.6651e-14   3.87e-16          3.6363e-14      3.64e-16    4.74e+00
   3        3.6871e-14   1.97e-16          3.6756e-14      1.73e-16    3.12e+00
   4        3.6582e-14   1.84e-16          3.6674e-14      1.26e-16    2.24e+00
   5        3.6709e-14   1.75e-16          3.6686e-14      1.02e-16    1.69e+00

num_dim=3, calls=20000, it_num=1, max_it_num=5 verb=0, alph=1.50,
mode=0, bins=50, boxes=1

       single.......iteration                   accumulated......results   
iteration     integral    sigma             integral         sigma     chi-sq/it

   1        3.6688e-14   5.68e-17          3.6688e-14      5.68e-17    0.00e+00
   2        3.6687e-14   5.45e-17          3.6687e-14      3.93e-17    1.28e-04
   3        3.6687e-14   5.15e-17          3.6687e-14      3.13e-17    1.55e-04
   4        3.6707e-14   5.51e-17          3.6692e-14      2.72e-17    3.35e-02
   5        3.6570e-14   5.82e-17          3.6670e-14      2.46e-17    9.30e-01
LO = (3.6670088e-14 +- 2.4637878e-17) pb
LHAPDF 6.2.3 loading /pool/condor/dir_49117/resummino-releases/lhapdf-prefix/share/LHAPDF/PDF4LHC21_40/PDF4LHC21_40_0040.dat
PDF4LHC21_40 PDF set, member #40, version 1
 alpha_s(M_Z^2) = 0.1180 	 for NLO PDF set 
 alpha_s(1800.000^2) = 0.0816 	 for NLO PDF set 

********************
* LO cross section *
********************
The limits of integration are:

xl[0]=0.000000    xu[0]=1.000000
xl[1]=0.000000    xu[1]=1.000000
xl[2]=0.000000    xu[2]=1.000000

num_dim=3, calls=2000, it_num=1, max_it_num=5 verb=0, alph=1.50,
mode=0, bins=50, boxes=1

       single.......iteration                   accumulated......results   
iteration     integral    sigma             integral         sigma     chi-sq/it

   1        3.7023e-14   1.12e-15          3.7023e-14      1.12e-15    0.00e+00
   2        3.9404e-14   4.06e-16          3.9127e-14      3.82e-16    4.01e+00
   3        3.9680e-14   2.09e-16          3.9553e-14      1.83e-16    2.82e+00
   4        3.9311e-14   1.96e-16          3.9440e-14      1.34e-16    2.15e+00
   5        3.9473e-14   1.86e-16          3.9451e-14      1.09e-16    1.62e+00

num_dim=3, calls=20000, it_num=1, max_it_num=5 verb=0, alph=1.50,
mode=0, bins=50, boxes=1

       single.......iteration                   accumulated......results   
iteration     integral    sigma             integral         sigma     chi-sq/it

   1        3.9468e-14   6.00e-17          3.9468e-14      6.00e-17    0.00e+00
   2        3.9465e-14   5.79e-17          3.9466e-14      4.17e-17    9.05e-04
   3        3.9471e-14   5.50e-17          3.9468e-14      3.32e-17    2.89e-03
   4        3.9491e-14   5.86e-17          3.9474e-14      2.89e-17    3.96e-02
   5        3.9353e-14   6.15e-17          3.9452e-14      2.61e-17    8.23e-01
   5        3.9381e-14   6.00e-17          3.9440e-14      2.40e-17    8.92e-01
   5        3.9526e-14   6.00e-17          3.9452e-14      2.23e-17    1.03e+00
   5        3.9407e-14   6.17e-17          3.9447e-14      2.09e-17    9.55e-01
   5        3.9448e-14   6.25e-17          3.9447e-14      1.98e-17    8.36e-01
   5        3.9381e-14   6.35e-17          3.9441e-14      1.89e-17    8.53e-01
   5        3.9371e-14   6.61e-17          3.9436e-14      1.82e-17    8.71e-01
   5        3.9479e-14   6.76e-17          3.9439e-14      1.76e-17    8.26e-01
   5        3.9482e-14   7.02e-17          3.9441e-14      1.71e-17    7.86e-01
   5        3.9414e-14   7.51e-17          3.9440e-14      1.66e-17    7.35e-01
   5        3.9433e-14   7.82e-17          3.9440e-14      1.63e-17    6.83e-01
   5        3.9391e-14   8.22e-17          3.9438e-14      1.60e-17    6.61e-01
   5        3.9314e-14   8.15e-17          3.9433e-14      1.57e-17    7.58e-01
   5        3.9563e-14   8.41e-17          3.9438e-14      1.54e-17    8.50e-01
   5        3.9511e-14   8.98e-17          3.9440e-14      1.52e-17    8.39e-01
   5        3.9444e-14   9.12e-17          3.9440e-14      1.50e-17    7.95e-01
   5        3.9317e-14   9.62e-17          3.9437e-14      1.48e-17    8.34e-01
   5        3.9408e-14   1.00e-16          3.9436e-14      1.46e-17    7.98e-01
   5        3.9569e-14   9.96e-17          3.9439e-14      1.45e-17    8.41e-01
   5        3.9431e-14   1.07e-16          3.9439e-14      1.43e-17    8.05e-01
   5        3.9505e-14   1.09e-16          3.9440e-14      1.42e-17    7.86e-01
   5        3.9333e-14   1.13e-16          3.9438e-14      1.41e-17    7.90e-01
   5        3.9659e-14   1.22e-16          3.9441e-14      1.40e-17    8.84e-01
   5        3.9435e-14   1.14e-16          3.9441e-14      1.39e-17    8.52e-01
   5        3.9400e-14   1.15e-16          3.9441e-14      1.38e-17    8.26e-01
   5        3.9498e-14   1.21e-16          3.9441e-14      1.37e-17    8.05e-01
   5        3.9442e-14   1.22e-16          3.9441e-14      1.36e-17    7.78e-01
   5        3.9359e-14   1.26e-16          3.9440e-14      1.36e-17    7.66e-01
   5        3.9556e-14   1.28e-16          3.9442e-14      1.35e-17    7.68e-01
   5        3.9388e-14   1.35e-16          3.9441e-14      1.34e-17    7.49e-01
   5        3.9256e-14   1.35e-16          3.9439e-14      1.34e-17    7.82e-01
   5        3.9584e-14   1.39e-16          3.9441e-14      1.33e-17    7.91e-01
   5        3.9048e-14   1.40e-16          3.9437e-14      1.32e-17    9.86e-01
   5        3.9192e-14   1.41e-16          3.9435e-14      1.32e-17    1.04e+00
   5        3.9541e-14   1.43e-16          3.9436e-14      1.31e-17    1.03e+00
LO = (3.9435934e-14 +- 1.3116538e-17) pb

*******************************************
* virtual corrections + integrated dipole *
*******************************************
The limits of integration are:

xl[0]=0.000000    xu[0]=1.000000
xl[1]=0.000000    xu[1]=1.000000
xl[2]=0.000000    xu[2]=1.000000

num_dim=3, calls=240, it_num=1, max_it_num=5 verb=0, alph=1.50,
mode=0, bins=50, boxes=1

       single.......iteration                   accumulated......results   
iteration     integral    sigma             integral         sigma     chi-sq/it

   1        4.1340e-15   3.70e-16          4.1340e-15      3.70e-16    0.00e+00
   2        4.4339e-15   2.17e-16          4.3570e-15      1.87e-16    4.88e-01
   3        4.7899e-15   1.15e-16          4.6721e-15      9.78e-17    2.18e+00
   4        4.9039e-15   1.10e-16          4.7748e-15      7.30e-17    2.29e+00
   5        4.8663e-15   1.00e-16          4.8065e-15      5.90e-17    1.85e+00

num_dim=3, calls=1200, it_num=1, max_it_num=3 verb=0, alph=1.50,
mode=0, bins=50, boxes=1

       single.......iteration                   accumulated......results   
iteration     integral    sigma             integral         sigma     chi-sq/it

   1        4.7278e-15   4.21e-17          4.7278e-15      4.21e-17    0.00e+00
   2        4.8145e-15   3.43e-17          4.7799e-15      2.66e-17    2.55e+00
   3        4.8074e-15   3.37e-17          4.7905e-15      2.09e-17    1.48e+00
   3        4.8298e-15   2.97e-17          4.8035e-15      1.71e-17    1.38e+00
   3        4.7590e-15   3.39e-17          4.7945e-15      1.52e-17    1.38e+00
   3        4.8119e-15   3.07e-17          4.7979e-15      1.37e-17    1.15e+00
   3        4.8007e-15   3.25e-17          4.7983e-15      1.26e-17    9.63e-01
   3        4.8107e-15   3.01e-17          4.8002e-15      1.16e-17    8.46e-01
vNLO = (4.8001822e-15 +- 1.1609685e-17) pb

*****************************
* collinear remainder (P+K) *
*****************************
The limits of integration are:

xl[0]=0.000000    xu[0]=1.000000
xl[1]=0.000000    xu[1]=1.000000
xl[2]=0.000000    xu[2]=1.000000
xl[3]=0.000000    xu[3]=1.000000

num_dim=4, calls=2500, it_num=1, max_it_num=5 verb=0, alph=1.50,
mode=0, bins=50, boxes=1

       single.......iteration                   accumulated......results   
iteration     integral    sigma             integral         sigma     chi-sq/it

   1        6.2183e-15   3.33e-16          6.2183e-15      3.33e-16    0.00e+00
   2        6.2819e-15   1.33e-16          6.2731e-15      1.24e-16    3.14e-02
   3        6.3587e-15   1.05e-16          6.3227e-15      8.02e-17    1.54e-01
   4        6.3783e-15   1.01e-16          6.3442e-15      6.28e-17    1.65e-01
   5        6.4354e-15   9.94e-17          6.3702e-15      5.31e-17    2.74e-01

num_dim=4, calls=25000, it_num=1, max_it_num=3 verb=0, alph=1.50,
mode=0, bins=50, boxes=1

       single.......iteration                   accumulated......results   
iteration     integral    sigma             integral         sigma     chi-sq/it

   1        6.4424e-15   3.09e-17          6.4424e-15      3.09e-17    0.00e+00
   2        6.4565e-15   3.07e-17          6.4495e-15      2.18e-17    1.05e-01
   3        6.3832e-15   3.11e-17          6.4277e-15      1.78e-17    1.57e+00
   3        6.4119e-15   3.11e-17          6.4238e-15      1.55e-17    1.11e+00
   3        6.3554e-15   3.14e-17          6.4104e-15      1.39e-17    1.79e+00
   3        6.3528e-15   3.13e-17          6.4009e-15      1.27e-17    2.00e+00
   3        6.3781e-15   3.10e-17          6.3976e-15      1.17e-17    1.74e+00
   3        6.3965e-15   3.13e-17          6.3975e-15      1.10e-17    1.49e+00
P+K = (6.3974942e-15 +- 1.0991720e-17) pb

********************************
* real gluon emission - dipole *
********************************
The limits of integration are:

xl[0]=0.000000    xu[0]=1.000000
xl[1]=0.000000    xu[1]=1.000000
xl[2]=0.000000    xu[2]=1.000000
xl[3]=0.000000    xu[3]=1.000000
xl[4]=0.000000    xu[4]=1.000000
xl[5]=0.000000    xu[5]=1.000000

num_dim=6, calls=250, it_num=1, max_it_num=5 verb=0, alph=1.50,
mode=0, bins=50, boxes=1

       single.......iteration                   accumulated......results   
iteration     integral    sigma             integral         sigma     chi-sq/it

   1        -5.0743e-17   1.68e-17          -5.0743e-17      1.68e-17    0.00e+00
   2        -6.6569e-17   1.59e-17          -5.9061e-17      1.16e-17    4.68e-01
   3        -3.5043e-17   3.39e-18          -3.6944e-17      3.25e-18    2.22e+00
   4        -4.1628e-17   4.72e-18          -3.8448e-17      2.68e-18    1.71e+00
   5        -4.1264e-17   3.46e-18          -3.9504e-17      2.12e-18    1.38e+00

num_dim=6, calls=2500, it_num=1, max_it_num=3 verb=0, alph=1.50,
mode=0, bins=50, boxes=1

       single.......iteration                   accumulated......results   
iteration     integral    sigma             integral         sigma     chi-sq/it

   1        -4.8221e-17   1.31e-18          -4.8221e-17      1.31e-18    0.00e+00
   2        -4.5647e-17   6.07e-19          -4.6103e-17      5.51e-19    3.18e+00
   3        -4.6030e-17   5.76e-19          -4.6068e-17      3.98e-19    1.60e+00
rNLOg = (-4.6068010e-17 +- 3.9810702e-19) pb

**************************************************
* real light quark emission - dipole - (onshell) *
**************************************************
The limits of integration are:

xl[0]=0.000000    xu[0]=1.000000
xl[1]=0.000000    xu[1]=1.000000
xl[2]=0.000000    xu[2]=1.000000
xl[3]=0.000000    xu[3]=1.000000
xl[4]=0.000000    xu[4]=1.000000
xl[5]=0.000000    xu[5]=1.000000

num_dim=6, calls=5000, it_num=1, max_it_num=5 verb=0, alph=1.50,
mode=0, bins=50, boxes=1

       single.......iteration                   accumulated......results   
iteration     integral    sigma             integral         sigma     chi-sq/it

   1        9.0544e-17   5.52e-18          9.0544e-17      5.52e-18    0.00e+00
   2        8.7785e-17   1.58e-18          8.7994e-17      1.52e-18    2.31e-01
   3        8.6406e-17   8.45e-19          8.6782e-17      7.39e-19    5.33e-01
   4        8.6332e-17   6.42e-19          8.6526e-17      4.85e-19    4.26e-01
   5        8.6416e-17   5.89e-19          8.6481e-17      3.74e-19    3.25e-01

num_dim=6, calls=50000, it_num=1, max_it_num=5 verb=0, alph=1.50,
mode=0, bins=50, boxes=1

       single.......iteration                   accumulated......results   
iteration     integral    sigma             integral         sigma     chi-sq/it

   1        8.6422e-17   1.76e-19          8.6422e-17      1.76e-19    0.00e+00
   2        8.6980e-17   2.48e-19          8.6609e-17      1.43e-19    3.37e+00
   3        8.7096e-17   2.45e-19          8.6733e-17      1.24e-19    3.16e+00
   4        8.6656e-17   1.95e-19          8.6711e-17      1.04e-19    2.14e+00
   5        8.6879e-17   2.20e-19          8.6742e-17      9.44e-20    1.73e+00
rNLOq = (8.6741928e-17 +- 9.4378703e-20) pb
NLO = (5.0674284e-14 +- 2.0683657e-17) pb
#chisq/dof = 2.03726e-09
#status = success
#chisq/dof = 5.27504e-10
#status = success
#chisq/dof = 7.02562e-10
#status = success
#chisq/dof = 2.80423e-09
#status = success
#chisq/dof = 7.94493e-11
#status = success
#chisq/dof = 3.43597e-12
#status = success
#chisq/dof = 4.27761e-10
#status = success
#chisq/dof = 1.61578e-11
#status = success

*******************************************************
* threshold resummation (unimproved nnll) - expansion *
*******************************************************
The limits of integration are:

xl[0]=0.000000    xu[0]=1.000000
xl[1]=0.000000    xu[1]=1.000000
xl[2]=0.000000    xu[2]=1.000000

num_dim=3, calls=7000, it_num=1, max_it_num=5 verb=0, alph=1.50,
mode=0, bins=50, boxes=1

       single.......iteration                   accumulated......results   
iteration     integral    sigma             integral         sigma     chi-sq/it

   1        -3.5113e-16   9.17e-16          -3.5113e-16      9.17e-16    0.00e+00
   2        1.1654e-15   4.08e-16          9.1443e-16      3.73e-16    2.28e+00
   3        -2.8837e-16   3.65e-16          3.0022e-16      2.61e-16    3.80e+00
   4        1.4557e-16   3.68e-16          2.4857e-16      2.13e-16    2.57e+00
   5        -2.3663e-16   3.65e-16          1.2546e-16      1.84e-16    2.26e+00

num_dim=3, calls=35000, it_num=1, max_it_num=5 verb=0, alph=1.50,
mode=0, bins=50, boxes=1

       single.......iteration                   accumulated......results   
iteration     integral    sigma             integral         sigma     chi-sq/it

   1        8.2382e-16   1.62e-16          8.2382e-16      1.62e-16    0.00e+00
   2        8.9523e-16   1.63e-16          8.5939e-16      1.15e-16    9.65e-02
   3        9.0649e-16   1.63e-16          8.7508e-16      9.38e-17    7.62e-02
   4        1.0372e-15   1.63e-16          9.1560e-16      8.13e-17    3.00e-01
   5        5.4169e-16   1.63e-16          8.4092e-16      7.27e-17    1.28e+00
aNNLO+NNLL = (5.1515204e-14 +- 7.5588657e-17) pb

Results:
LO = (3.6670088e-14 +- 2.4637878e-17) pb
NLO = (5.0674284e-14 +- 2.0683657e-17) pb
aNNLO+NNLL = (5.1515204e-14 +- 7.5588657e-17) pb
Thanks for using LHAPDF 6.2.3. Please make sure to cite the paper:
  Eur.Phys.J. C75 (2015) 3, 132  (http://arxiv.org/abs/1412.7420)
 ====================================================
   FF 2.0, a package to evaluate one-loop integrals
 written by G. J. van Oldenborgh, NIKHEF-H, Amsterdam
 ====================================================
 for the algorithms used see preprint NIKHEF-H 89/17,
 'New Algorithms for One-loop Integrals', by G.J. van
 Oldenborgh and J.A.M. Vermaseren, published in 
 Zeitschrift fuer Physik C46(1990)425.
 ====================================================
 
total number of errors and warnings
===================================
fferr: no errors
 
