
  Welcome to Resummino git-latest
  Copyright 2008-2010 Jonathan Debove.
  Copyright 2011-2014 David R. Lamprea.
  Copyright 2011-2016 Marcel Rothering.

  Licensed under the EUPL 1.1 or later.
  See http://www.resummino.org/ for more information.

  If using Resummino for slepton pair production, please cite.
  - G. Bozzi, B. Fuks, M. Klasen, PRD 74, 015001 (2006); NPB 777, 157 (2007); NPB 794, 46 (2007).
  - B. Fuks, M. Klasen, D. R. Lamprea, M. Rothering, EPJC 73, 2480 (2013).

  For gaugino pair production, please cite:
  - J. Debove, B. Fuks, M. Klasen, PLB 688, 208 (2010); NPB 842, 51 (2011); NPB 849, 64 (2011).
  - B. Fuks, M. Klasen, D. R. Lamprea, M. Rothering, JHEP 1210, 081 (2012); EPJC 73, 2480 (2013).

  For associated gaugino gluino production, please cite:
  - B. Fuks, M. Klasen, M. Rothering, JHEP 07:053, (2016).
  - B. Fuks, M. Klasen, D. R. Lamprea, M. Rothering, EPJC 73, 2480 (2013).

LHAPDF 6.2.3 loading /pool/condor/dir_12661/resummino-releases/lhapdf-prefix/share/LHAPDF/PDF4LHC21_40/PDF4LHC21_40_0000.dat
PDF4LHC21_40 PDF set, member #0, version 1
 alpha_s(M_Z^2) = 0.1180 	 for LO PDF set 
 alpha_s(1100.000^2) = 0.0859 	 for LO PDF set 

********************
* LO cross section *
********************
The limits of integration are:

xl[0]=0.000000    xu[0]=1.000000
xl[1]=0.000000    xu[1]=1.000000
xl[2]=0.000000    xu[2]=1.000000

num_dim=3, calls=2000, it_num=1, max_it_num=5 verb=0, alph=1.50,
mode=0, bins=50, boxes=1

       single.......iteration                   accumulated......results   
iteration     integral    sigma             integral         sigma     chi-sq/it

   1        3.2557e-13   1.09e-14          3.2557e-13      1.09e-14    0.00e+00
   2        3.4733e-13   3.81e-15          3.4497e-13      3.60e-15    3.54e+00
   3        3.5127e-13   1.87e-15          3.4992e-13      1.66e-15    2.98e+00
   4        3.4902e-13   1.71e-15          3.4948e-13      1.19e-15    2.03e+00
   5        3.4862e-13   1.73e-15          3.4921e-13      9.82e-16    1.57e+00

num_dim=3, calls=20000, it_num=1, max_it_num=5 verb=0, alph=1.50,
mode=0, bins=50, boxes=1

       single.......iteration                   accumulated......results   
iteration     integral    sigma             integral         sigma     chi-sq/it

   1        3.4876e-13   5.43e-16          3.4876e-13      5.43e-16    0.00e+00
   2        3.4872e-13   5.27e-16          3.4874e-13      3.78e-16    2.21e-03
   3        3.4942e-13   5.13e-16          3.4898e-13      3.04e-16    5.77e-01
   4        3.4944e-13   5.47e-16          3.4909e-13      2.66e-16    5.66e-01
   5        3.4785e-13   5.52e-16          3.4886e-13      2.40e-16    1.46e+00
LO = (3.4885600e-13 +- 2.3954854e-16) pb
LHAPDF 6.2.3 loading /pool/condor/dir_12661/resummino-releases/lhapdf-prefix/share/LHAPDF/PDF4LHC21_40/PDF4LHC21_40_0028.dat
PDF4LHC21_40 PDF set, member #28, version 1
 alpha_s(M_Z^2) = 0.1180 	 for NLO PDF set 
 alpha_s(1100.000^2) = 0.0859 	 for NLO PDF set 

********************
* LO cross section *
********************
The limits of integration are:

xl[0]=0.000000    xu[0]=1.000000
xl[1]=0.000000    xu[1]=1.000000
xl[2]=0.000000    xu[2]=1.000000

num_dim=3, calls=2000, it_num=1, max_it_num=5 verb=0, alph=1.50,
mode=0, bins=50, boxes=1

       single.......iteration                   accumulated......results   
iteration     integral    sigma             integral         sigma     chi-sq/it

   1        3.1534e-13   1.08e-14          3.1534e-13      1.08e-14    0.00e+00
   2        3.3709e-13   3.77e-15          3.3474e-13      3.56e-15    3.59e+00
   3        3.4127e-13   1.84e-15          3.3989e-13      1.64e-15    3.13e+00
   4        3.3888e-13   1.69e-15          3.3941e-13      1.17e-15    2.15e+00
   5        3.3865e-13   1.71e-15          3.3916e-13      9.69e-16    1.64e+00

num_dim=3, calls=20000, it_num=1, max_it_num=5 verb=0, alph=1.50,
mode=0, bins=50, boxes=1

       single.......iteration                   accumulated......results   
iteration     integral    sigma             integral         sigma     chi-sq/it

   1        3.3866e-13   5.39e-16          3.3866e-13      5.39e-16    0.00e+00
   2        3.3864e-13   5.22e-16          3.3865e-13      3.75e-16    8.00e-04
   3        3.3936e-13   5.09e-16          3.3890e-13      3.02e-16    6.40e-01
   4        3.3931e-13   5.42e-16          3.3900e-13      2.64e-16    5.75e-01
   5        3.3771e-13   5.48e-16          3.3875e-13      2.38e-16    1.56e+00
   5        3.3846e-13   5.49e-16          3.3871e-13      2.18e-16    1.29e+00
   5        3.3942e-13   5.47e-16          3.3881e-13      2.03e-16    1.32e+00
   5        3.3837e-13   5.62e-16          3.3875e-13      1.91e-16    1.21e+00
   5        3.3841e-13   5.77e-16          3.3872e-13      1.81e-16    1.10e+00
   5        3.3810e-13   5.82e-16          3.3867e-13      1.73e-16    1.09e+00
   5        3.3840e-13   6.16e-16          3.3865e-13      1.66e-16    1.00e+00
   5        3.3848e-13   6.23e-16          3.3864e-13      1.61e-16    9.15e-01
   5        3.3905e-13   6.57e-16          3.3866e-13      1.56e-16    8.69e-01
   5        3.3812e-13   6.87e-16          3.3863e-13      1.52e-16    8.47e-01
   5        3.3892e-13   7.36e-16          3.3864e-13      1.49e-16    7.97e-01
   5        3.3836e-13   7.56e-16          3.3863e-13      1.46e-16    7.52e-01
   5        3.3768e-13   7.58e-16          3.3860e-13      1.44e-16    8.00e-01
   5        3.3993e-13   7.81e-16          3.3864e-13      1.41e-16    9.18e-01
   5        3.3959e-13   8.44e-16          3.3867e-13      1.39e-16    9.35e-01
   5        3.3940e-13   8.23e-16          3.3869e-13      1.37e-16    9.25e-01
   5        3.3780e-13   8.61e-16          3.3867e-13      1.36e-16    9.31e-01
   5        3.3860e-13   8.80e-16          3.3867e-13      1.34e-16    8.87e-01
   5        3.3951e-13   8.97e-16          3.3868e-13      1.33e-16    8.85e-01
   5        3.3868e-13   9.73e-16          3.3868e-13      1.31e-16    8.47e-01
   5        3.3962e-13   9.45e-16          3.3870e-13      1.30e-16    8.52e-01
   5        3.3856e-13   9.73e-16          3.3870e-13      1.29e-16    8.18e-01
   5        3.4041e-13   1.03e-15          3.3873e-13      1.28e-16    8.91e-01
   5        3.3877e-13   9.86e-16          3.3873e-13      1.27e-16    8.58e-01
   5        3.3853e-13   1.02e-15          3.3872e-13      1.26e-16    8.29e-01
   5        3.3953e-13   1.07e-15          3.3873e-13      1.25e-16    8.19e-01
   5        3.3895e-13   1.05e-15          3.3874e-13      1.24e-16    7.93e-01
   5        3.3858e-13   1.10e-15          3.3874e-13      1.23e-16    7.68e-01
   5        3.3985e-13   1.06e-15          3.3875e-13      1.23e-16    7.78e-01
   5        3.3795e-13   1.11e-15          3.3874e-13      1.22e-16    7.70e-01
   5        3.3762e-13   1.08e-15          3.3873e-13      1.21e-16    7.79e-01
   5        3.4018e-13   1.12e-15          3.3874e-13      1.20e-16    8.04e-01
   5        3.3530e-13   1.09e-15          3.3870e-13      1.20e-16    1.06e+00
   5        3.3677e-13   1.13e-15          3.3868e-13      1.19e-16    1.11e+00
   5        3.3954e-13   1.12e-15          3.3869e-13      1.18e-16    1.09e+00
   5        3.3872e-13   1.15e-15          3.3869e-13      1.18e-16    1.06e+00
   5        3.3954e-13   1.17e-15          3.3870e-13      1.17e-16    1.05e+00
   5        3.3864e-13   1.16e-15          3.3870e-13      1.17e-16    1.02e+00
   5        3.4182e-13   1.19e-15          3.3873e-13      1.16e-16    1.16e+00
LO = (3.3872780e-13 +- 1.1598868e-16) pb

*******************************************
* virtual corrections + integrated dipole *
*******************************************
The limits of integration are:

xl[0]=0.000000    xu[0]=1.000000
xl[1]=0.000000    xu[1]=1.000000
xl[2]=0.000000    xu[2]=1.000000

num_dim=3, calls=240, it_num=1, max_it_num=5 verb=0, alph=1.50,
mode=0, bins=50, boxes=1

       single.......iteration                   accumulated......results   
iteration     integral    sigma             integral         sigma     chi-sq/it

   1        3.7502e-14   3.85e-15          3.7502e-14      3.85e-15    0.00e+00
   2        3.9631e-14   2.07e-15          3.9153e-14      1.82e-15    2.37e-01
   3        4.3736e-14   1.15e-15          4.2437e-14      9.71e-16    2.38e+00
   4        4.4028e-14   8.12e-16          4.3374e-14      6.23e-16    2.11e+00
   5        4.4922e-14   9.62e-16          4.3831e-14      5.23e-16    2.04e+00

num_dim=3, calls=1200, it_num=1, max_it_num=3 verb=0, alph=1.50,
mode=0, bins=50, boxes=1

       single.......iteration                   accumulated......results   
iteration     integral    sigma             integral         sigma     chi-sq/it

   1        4.2759e-14   4.04e-16          4.2759e-14      4.04e-16    0.00e+00
   2        4.3548e-14   3.30e-16          4.3232e-14      2.55e-16    2.29e+00
   3        4.3313e-14   2.99e-16          4.3266e-14      1.94e-16    1.17e+00
   3        4.3786e-14   2.79e-16          4.3435e-14      1.59e-16    1.55e+00
   3        4.3090e-14   3.06e-16          4.3362e-14      1.41e-16    1.42e+00
   3        4.3501e-14   2.89e-16          4.3389e-14      1.27e-16    1.17e+00
   3        4.3246e-14   3.19e-16          4.3369e-14      1.18e-16    1.00e+00
   3        4.3668e-14   3.09e-16          4.3407e-14      1.10e-16    9.77e-01
vNLO = (4.3407198e-14 +- 1.1020039e-16) pb

*****************************
* collinear remainder (P+K) *
*****************************
The limits of integration are:

xl[0]=0.000000    xu[0]=1.000000
xl[1]=0.000000    xu[1]=1.000000
xl[2]=0.000000    xu[2]=1.000000
xl[3]=0.000000    xu[3]=1.000000

num_dim=4, calls=2500, it_num=1, max_it_num=5 verb=0, alph=1.50,
mode=0, bins=50, boxes=1

       single.......iteration                   accumulated......results   
iteration     integral    sigma             integral         sigma     chi-sq/it

   1        3.7246e-14   2.71e-15          3.7246e-14      2.71e-15    0.00e+00
   2        3.8156e-14   1.06e-15          3.8036e-14      9.86e-16    9.78e-02
   3        3.8604e-14   8.85e-16          3.8351e-14      6.58e-16    1.41e-01
   4        3.8784e-14   8.51e-16          3.8513e-14      5.21e-16    1.48e-01
   5        3.9648e-14   8.32e-16          3.8832e-14      4.41e-16    4.45e-01

num_dim=4, calls=25000, it_num=1, max_it_num=3 verb=0, alph=1.50,
mode=0, bins=50, boxes=1

       single.......iteration                   accumulated......results   
iteration     integral    sigma             integral         sigma     chi-sq/it

   1        3.9649e-14   2.61e-16          3.9649e-14      2.61e-16    0.00e+00
   2        3.9628e-14   2.60e-16          3.9639e-14      1.84e-16    3.21e-03
   3        3.8901e-14   2.63e-16          3.9395e-14      1.51e-16    2.64e+00
   3        3.9280e-14   2.61e-16          3.9366e-14      1.31e-16    1.81e+00
   3        3.8797e-14   2.65e-16          3.9254e-14      1.17e-16    2.29e+00
   3        3.8777e-14   2.63e-16          3.9175e-14      1.07e-16    2.38e+00
   3        3.9030e-14   2.64e-16          3.9155e-14      9.92e-17    2.03e+00
   3        3.9171e-14   2.64e-16          3.9157e-14      9.29e-17    1.74e+00
   3        3.9114e-14   2.67e-16          3.9152e-14      8.77e-17    1.52e+00
   3        3.9271e-14   2.66e-16          3.9164e-14      8.33e-17    1.37e+00
P+K = (3.9163848e-14 +- 8.3323550e-17) pb

********************************
* real gluon emission - dipole *
********************************
The limits of integration are:

xl[0]=0.000000    xu[0]=1.000000
xl[1]=0.000000    xu[1]=1.000000
xl[2]=0.000000    xu[2]=1.000000
xl[3]=0.000000    xu[3]=1.000000
xl[4]=0.000000    xu[4]=1.000000
xl[5]=0.000000    xu[5]=1.000000

num_dim=6, calls=250, it_num=1, max_it_num=5 verb=0, alph=1.50,
mode=0, bins=50, boxes=1

       single.......iteration                   accumulated......results   
iteration     integral    sigma             integral         sigma     chi-sq/it

   1        -6.9922e-16   2.42e-16          -6.9922e-16      2.42e-16    0.00e+00
   2        -8.0155e-16   1.75e-16          -7.6648e-16      1.42e-16    1.18e-01
   3        -5.6893e-16   7.88e-17          -6.1560e-16      6.88e-17    8.02e-01
   4        -7.2140e-16   9.02e-17          -6.5453e-16      5.47e-17    8.25e-01
   5        -6.7099e-16   6.76e-17          -6.6105e-16      4.25e-17    6.27e-01

num_dim=6, calls=2500, it_num=1, max_it_num=3 verb=0, alph=1.50,
mode=0, bins=50, boxes=1

       single.......iteration                   accumulated......results   
iteration     integral    sigma             integral         sigma     chi-sq/it

   1        -5.9097e-16   1.56e-17          -5.9097e-16      1.56e-17    0.00e+00
   2        -5.9671e-16   9.15e-18          -5.9523e-16      7.89e-18    1.01e-01
   3        -6.1637e-16   9.47e-18          -6.0389e-16      6.06e-18    1.52e+00
rNLOg = (-6.0389000e-16 +- 6.0607509e-18) pb

**************************************************
* real light quark emission - dipole - (onshell) *
**************************************************
The limits of integration are:

xl[0]=0.000000    xu[0]=1.000000
xl[1]=0.000000    xu[1]=1.000000
xl[2]=0.000000    xu[2]=1.000000
xl[3]=0.000000    xu[3]=1.000000
xl[4]=0.000000    xu[4]=1.000000
xl[5]=0.000000    xu[5]=1.000000

num_dim=6, calls=5000, it_num=1, max_it_num=5 verb=0, alph=1.50,
mode=0, bins=50, boxes=1

       single.......iteration                   accumulated......results   
iteration     integral    sigma             integral         sigma     chi-sq/it

   1        1.6378e-15   1.13e-16          1.6378e-15      1.13e-16    0.00e+00
   2        1.6794e-15   3.21e-17          1.6763e-15      3.09e-17    1.25e-01
   3        1.6417e-15   1.76e-17          1.6502e-15      1.53e-17    5.35e-01
   4        1.6289e-15   1.38e-17          1.6385e-15      1.03e-17    7.10e-01
   5        1.6385e-15   1.18e-17          1.6385e-15      7.74e-18    5.32e-01

num_dim=6, calls=50000, it_num=1, max_it_num=5 verb=0, alph=1.50,
mode=0, bins=50, boxes=1

       single.......iteration                   accumulated......results   
iteration     integral    sigma             integral         sigma     chi-sq/it

   1        1.6360e-15   3.62e-18          1.6360e-15      3.62e-18    0.00e+00
   2        1.6460e-15   4.78e-18          1.6397e-15      2.89e-18    2.78e+00
   3        1.6502e-15   4.85e-18          1.6425e-15      2.48e-18    3.14e+00
   4        1.6409e-15   4.25e-18          1.6421e-15      2.14e-18    2.13e+00
   5        1.6456e-15   4.58e-18          1.6427e-15      1.94e-18    1.72e+00
   5        1.6402e-15   3.95e-18          1.6422e-15      1.74e-18    1.44e+00
rNLOq = (1.6421999e-15 +- 1.7420953e-18) pb
NLO = (4.2233715e-13 +- 1.8049954e-16) pb
#chisq/dof = 2.247e-09
#status = success
#chisq/dof = 1.11587e-09
#status = success
#chisq/dof = 7.18506e-10
#status = success
#chisq/dof = 7.76355e-10
#status = success
#chisq/dof = 1.3478e-10
#status = success
#chisq/dof = 3.24811e-12
#status = success
#chisq/dof = 2.93755e-10
#status = success
#chisq/dof = 1.41761e-10
#status = cannot reach the specified tolerance in X

*******************************************************
* threshold resummation (unimproved nnll) - expansion *
*******************************************************
The limits of integration are:

xl[0]=0.000000    xu[0]=1.000000
xl[1]=0.000000    xu[1]=1.000000
xl[2]=0.000000    xu[2]=1.000000

num_dim=3, calls=7000, it_num=1, max_it_num=5 verb=0, alph=1.50,
mode=0, bins=50, boxes=1

       single.......iteration                   accumulated......results   
iteration     integral    sigma             integral         sigma     chi-sq/it

   1        4.0808e-14   3.40e-14          4.0808e-14      3.40e-14    0.00e+00
   2        2.0148e-15   1.59e-14          8.9346e-15      1.44e-14    1.07e+00
   3        -2.2839e-14   1.46e-14          -6.7344e-15      1.02e-14    1.74e+00
   4        2.5509e-14   1.45e-14          4.0237e-15      8.35e-15    2.26e+00
   5        -1.2105e-14   1.44e-14          -2.5366e-17      7.23e-15    1.93e+00

num_dim=3, calls=35000, it_num=1, max_it_num=5 verb=0, alph=1.50,
mode=0, bins=50, boxes=1

       single.......iteration                   accumulated......results   
iteration     integral    sigma             integral         sigma     chi-sq/it

   1        3.8437e-15   6.42e-15          3.8437e-15      6.42e-15    0.00e+00
   2        8.2900e-15   6.41e-15          6.0712e-15      4.54e-15    2.40e-01
   3        1.3078e-14   6.40e-15          8.4141e-15      3.70e-15    5.18e-01
   4        1.3101e-14   6.44e-15          9.5793e-15      3.21e-15    4.78e-01
   5        -1.3454e-15   6.41e-15          7.3902e-15      2.87e-15    9.39e-01
   5        9.0605e-16   6.43e-15          6.3120e-15      2.62e-15    9.21e-01
   5        5.1301e-15   6.45e-15          6.1444e-15      2.43e-15    7.72e-01
   5        6.6416e-15   6.44e-15          6.2062e-15      2.27e-15    6.63e-01
   5        2.8121e-15   6.44e-15          5.8307e-15      2.14e-15    6.11e-01
   5        3.6308e-15   6.43e-15          5.6109e-15      2.03e-15    5.55e-01
   5        2.3543e-15   6.44e-15          5.3157e-15      1.94e-15    5.22e-01
   5        -5.3489e-15   6.43e-15          4.4263e-15      1.86e-15    7.04e-01
   5        -6.6363e-16   6.46e-15          4.0387e-15      1.78e-15    6.93e-01
   5        4.4197e-15   6.43e-15          4.0660e-15      1.72e-15    6.40e-01
   5        5.9438e-15   6.48e-15          4.1894e-15      1.66e-15    6.00e-01
   5        8.9958e-15   6.48e-15          4.4858e-15      1.61e-15    5.95e-01
   5        -8.6668e-15   6.47e-15          3.7192e-15      1.56e-15    8.01e-01
   5        -7.0314e-16   6.46e-15          3.4749e-15      1.52e-15    7.80e-01
   5        1.2285e-14   6.48e-15          3.9329e-15      1.48e-15    8.34e-01
   5        1.2938e-14   6.55e-15          4.3695e-15      1.44e-15    8.85e-01
   5        -1.1657e-14   6.54e-15          3.6258e-15      1.41e-15    1.13e+00
   5        7.4361e-15   6.52e-15          3.7957e-15      1.38e-15    1.09e+00
   5        -3.7891e-15   6.52e-15          3.4719e-15      1.35e-15    1.10e+00
   5        6.7450e-16   6.56e-15          3.3589e-15      1.32e-15    1.06e+00
   5        -1.5806e-15   6.61e-15          3.1698e-15      1.29e-15    1.04e+00
   5        1.9504e-14   6.63e-15          3.7680e-15      1.27e-15    1.23e+00
   5        5.1141e-15   6.60e-15          3.8160e-15      1.25e-15    1.18e+00
   5        1.0688e-14   6.62e-15          4.0516e-15      1.23e-15    1.18e+00
   5        3.4017e-16   6.66e-15          3.9302e-15      1.20e-15    1.15e+00
   5        2.0136e-15   6.66e-15          3.8694e-15      1.19e-15    1.11e+00
   5        5.5413e-15   6.67e-15          3.9207e-15      1.17e-15    1.07e+00
   5        1.8778e-14   6.69e-15          4.3600e-15      1.15e-15    1.19e+00
   5        7.1113e-15   6.74e-15          4.4379e-15      1.13e-15    1.16e+00
   5        2.2992e-15   6.72e-15          4.3787e-15      1.12e-15    1.13e+00
   5        1.0064e-14   6.77e-15          4.5296e-15      1.10e-15    1.12e+00
   5        1.0675e-14   6.80e-15          4.6871e-15      1.09e-15    1.11e+00
   5        -1.4974e-15   6.81e-15          4.5331e-15      1.07e-15    1.10e+00
   5        -9.4611e-15   6.82e-15          4.1937e-15      1.06e-15    1.18e+00
   5        9.2373e-15   6.85e-15          4.3122e-15      1.05e-15    1.16e+00
   5        -1.2004e-14   6.85e-15          3.9380e-15      1.04e-15    1.28e+00
   5        6.4495e-16   6.91e-15          3.8654e-15      1.03e-15    1.25e+00
   5        7.0857e-15   6.98e-15          3.9335e-15      1.01e-15    1.22e+00
   5        3.9369e-16   6.94e-15          3.8594e-15      1.00e-15    1.20e+00
   5        -1.0928e-15   6.99e-15          3.7591e-15      9.94e-16    1.18e+00
   5        -4.0740e-15   7.07e-15          3.6072e-15      9.84e-16    1.19e+00
   5        -6.4848e-15   6.99e-15          3.4109e-15      9.75e-16    1.20e+00
   5        1.9604e-14   6.99e-15          3.7197e-15      9.65e-16    1.29e+00
   5        1.2644e-14   7.09e-15          3.8822e-15      9.56e-16    1.30e+00
   5        3.4795e-16   7.04e-15          3.8183e-15      9.48e-16    1.28e+00
   5        -2.5586e-15   7.09e-15          3.7064e-15      9.39e-16    1.27e+00
   5        -2.5396e-15   7.04e-15          3.5972e-15      9.31e-16    1.26e+00
   5        7.1653e-15   7.11e-15          3.6574e-15      9.23e-16    1.24e+00
   5        -9.9805e-16   7.03e-15          3.5784e-15      9.15e-16    1.22e+00
   5        1.4232e-14   7.03e-15          3.7561e-15      9.08e-16    1.24e+00
   5        -4.2538e-15   7.09e-15          3.6269e-15      9.00e-16    1.24e+00
aNNLO+NNLL = (4.2596405e-13 +- 9.1831421e-16) pb

Results:
LO = (3.4885600e-13 +- 2.3954854e-16) pb
NLO = (4.2233715e-13 +- 1.8049954e-16) pb
aNNLO+NNLL = (4.2596405e-13 +- 9.1831421e-16) pb
Thanks for using LHAPDF 6.2.3. Please make sure to cite the paper:
  Eur.Phys.J. C75 (2015) 3, 132  (http://arxiv.org/abs/1412.7420)
 ====================================================
   FF 2.0, a package to evaluate one-loop integrals
 written by G. J. van Oldenborgh, NIKHEF-H, Amsterdam
 ====================================================
 for the algorithms used see preprint NIKHEF-H 89/17,
 'New Algorithms for One-loop Integrals', by G.J. van
 Oldenborgh and J.A.M. Vermaseren, published in 
 Zeitschrift fuer Physik C46(1990)425.
 ====================================================
 
total number of errors and warnings
===================================
fferr: no errors
 
