
  Welcome to Resummino git-latest
  Copyright 2008-2010 Jonathan Debove.
  Copyright 2011-2014 David R. Lamprea.
  Copyright 2011-2016 Marcel Rothering.

  Licensed under the EUPL 1.1 or later.
  See http://www.resummino.org/ for more information.

  If using Resummino for slepton pair production, please cite.
  - G. Bozzi, B. Fuks, M. Klasen, PRD 74, 015001 (2006); NPB 777, 157 (2007); NPB 794, 46 (2007).
  - B. Fuks, M. Klasen, D. R. Lamprea, M. Rothering, EPJC 73, 2480 (2013).

  For gaugino pair production, please cite:
  - J. Debove, B. Fuks, M. Klasen, PLB 688, 208 (2010); NPB 842, 51 (2011); NPB 849, 64 (2011).
  - B. Fuks, M. Klasen, D. R. Lamprea, M. Rothering, JHEP 1210, 081 (2012); EPJC 73, 2480 (2013).

  For associated gaugino gluino production, please cite:
  - B. Fuks, M. Klasen, M. Rothering, JHEP 07:053, (2016).
  - B. Fuks, M. Klasen, D. R. Lamprea, M. Rothering, EPJC 73, 2480 (2013).

LHAPDF 6.2.3 loading /pool/condor/dir_10340/resummino-releases/lhapdf-prefix/share/LHAPDF/PDF4LHC21_40/PDF4LHC21_40_0000.dat
PDF4LHC21_40 PDF set, member #0, version 1
 alpha_s(M_Z^2) = 0.1180 	 for LO PDF set 
 alpha_s(1600.000^2) = 0.0826 	 for LO PDF set 

********************
* LO cross section *
********************
The limits of integration are:

xl[0]=0.000000    xu[0]=1.000000
xl[1]=0.000000    xu[1]=1.000000
xl[2]=0.000000    xu[2]=1.000000

num_dim=3, calls=2000, it_num=1, max_it_num=5 verb=0, alph=1.50,
mode=0, bins=50, boxes=1

       single.......iteration                   accumulated......results   
iteration     integral    sigma             integral         sigma     chi-sq/it

   1        6.4072e-14   2.06e-15          6.4072e-14      2.06e-15    0.00e+00
   2        6.8755e-14   7.38e-16          6.8221e-14      6.95e-16    4.59e+00
   3        6.9276e-14   3.68e-16          6.9046e-14      3.25e-16    3.20e+00
   4        6.8801e-14   3.39e-16          6.8928e-14      2.34e-16    2.22e+00
   5        6.8947e-14   3.25e-16          6.8934e-14      1.90e-16    1.67e+00

num_dim=3, calls=20000, it_num=1, max_it_num=5 verb=0, alph=1.50,
mode=0, bins=50, boxes=1

       single.......iteration                   accumulated......results   
iteration     integral    sigma             integral         sigma     chi-sq/it

   1        6.8896e-14   1.05e-16          6.8896e-14      1.05e-16    0.00e+00
   2        6.8884e-14   1.01e-16          6.8890e-14      7.29e-17    6.61e-03
   3        6.8930e-14   9.63e-17          6.8904e-14      5.81e-17    5.87e-02
   4        6.8959e-14   1.03e-16          6.8917e-14      5.06e-17    1.11e-01
   5        6.8682e-14   1.08e-16          6.8875e-14      4.58e-17    1.06e+00
LO = (6.8875053e-14 +- 4.5815762e-17) pb
LHAPDF 6.2.3 loading /pool/condor/dir_10340/resummino-releases/lhapdf-prefix/share/LHAPDF/PDF4LHC21_40/PDF4LHC21_40_0031.dat
PDF4LHC21_40 PDF set, member #31, version 1
 alpha_s(M_Z^2) = 0.1180 	 for NLO PDF set 
 alpha_s(1600.000^2) = 0.0826 	 for NLO PDF set 

********************
* LO cross section *
********************
The limits of integration are:

xl[0]=0.000000    xu[0]=1.000000
xl[1]=0.000000    xu[1]=1.000000
xl[2]=0.000000    xu[2]=1.000000

num_dim=3, calls=2000, it_num=1, max_it_num=5 verb=0, alph=1.50,
mode=0, bins=50, boxes=1

       single.......iteration                   accumulated......results   
iteration     integral    sigma             integral         sigma     chi-sq/it

   1        6.4141e-14   2.06e-15          6.4141e-14      2.06e-15    0.00e+00
   2        6.8937e-14   7.71e-16          6.8344e-14      7.22e-16    4.77e+00
   3        6.9464e-14   4.30e-16          6.9171e-14      3.69e-16    3.27e+00
   4        6.8869e-14   4.22e-16          6.9040e-14      2.78e-16    2.28e+00
   5        6.8774e-14   4.25e-16          6.8960e-14      2.33e-16    1.78e+00

num_dim=3, calls=20000, it_num=1, max_it_num=5 verb=0, alph=1.50,
mode=0, bins=50, boxes=1

       single.......iteration                   accumulated......results   
iteration     integral    sigma             integral         sigma     chi-sq/it

   1        6.9056e-14   1.28e-16          6.9056e-14      1.28e-16    0.00e+00
   2        6.9175e-14   1.23e-16          6.9118e-14      8.84e-17    4.54e-01
   3        6.9190e-14   1.19e-16          6.9144e-14      7.09e-17    3.47e-01
   4        6.9173e-14   1.29e-16          6.9151e-14      6.21e-17    2.45e-01
   5        6.8839e-14   1.29e-16          6.9092e-14      5.59e-17    1.37e+00
   5        6.9010e-14   1.29e-16          6.9079e-14      5.13e-17    1.17e+00
   5        6.9119e-14   1.29e-16          6.9084e-14      4.77e-17    9.85e-01
   5        6.9059e-14   1.31e-16          6.9081e-14      4.48e-17    8.49e-01
   5        6.9098e-14   1.32e-16          6.9083e-14      4.24e-17    7.45e-01
   5        6.8902e-14   1.36e-16          6.9067e-14      4.05e-17    8.42e-01
   5        6.8966e-14   1.39e-16          6.9059e-14      3.89e-17    8.07e-01
   5        6.9139e-14   1.41e-16          6.9065e-14      3.75e-17    7.60e-01
   5        6.9140e-14   1.47e-16          6.9069e-14      3.63e-17    7.17e-01
   5        6.9040e-14   1.56e-16          6.9068e-14      3.54e-17    6.65e-01
   5        6.9044e-14   1.59e-16          6.9067e-14      3.45e-17    6.19e-01
   5        6.8984e-14   1.66e-16          6.9063e-14      3.38e-17    5.94e-01
   5        6.8846e-14   1.66e-16          6.9054e-14      3.31e-17    6.59e-01
   5        6.9252e-14   1.72e-16          6.9062e-14      3.25e-17    6.95e-01
   5        6.9234e-14   1.81e-16          6.9067e-14      3.20e-17    7.05e-01
   5        6.9134e-14   1.83e-16          6.9069e-14      3.15e-17    6.75e-01
   5        6.8987e-14   1.95e-16          6.9067e-14      3.11e-17    6.50e-01
   5        6.8981e-14   2.03e-16          6.9065e-14      3.08e-17    6.27e-01
   5        6.9296e-14   1.92e-16          6.9071e-14      3.04e-17    6.63e-01
   5        6.9044e-14   2.00e-16          6.9070e-14      3.00e-17    6.35e-01
   5        6.9256e-14   2.03e-16          6.9074e-14      2.97e-17    6.43e-01
   5        6.8802e-14   2.06e-16          6.9069e-14      2.94e-17    6.85e-01
   5        6.9424e-14   2.16e-16          6.9075e-14      2.91e-17    7.61e-01
   5        6.9017e-14   2.16e-16          6.9074e-14      2.89e-17    7.36e-01
   5        6.8965e-14   2.22e-16          6.9072e-14      2.86e-17    7.18e-01
   5        6.9101e-14   2.27e-16          6.9073e-14      2.84e-17    6.94e-01
   5        6.9097e-14   2.31e-16          6.9073e-14      2.82e-17    6.71e-01
   5        6.8907e-14   2.39e-16          6.9071e-14      2.80e-17    6.65e-01
   5        6.9244e-14   2.37e-16          6.9073e-14      2.78e-17    6.60e-01
   5        6.8928e-14   2.49e-16          6.9071e-14      2.76e-17    6.50e-01
   5        6.8735e-14   2.47e-16          6.9067e-14      2.75e-17    6.85e-01
   5        6.9405e-14   2.55e-16          6.9071e-14      2.73e-17    7.15e-01
   5        6.8269e-14   2.51e-16          6.9062e-14      2.71e-17    9.75e-01
   5        6.8628e-14   2.52e-16          6.9057e-14      2.70e-17    1.03e+00
   5        6.9356e-14   2.56e-16          6.9060e-14      2.68e-17    1.04e+00
   5        6.9029e-14   2.61e-16          6.9060e-14      2.67e-17    1.01e+00
   5        6.9148e-14   2.59e-16          6.9061e-14      2.66e-17    9.88e-01
   5        6.8971e-14   2.68e-16          6.9060e-14      2.64e-17    9.67e-01
   5        6.9678e-14   2.71e-16          6.9065e-14      2.63e-17    1.07e+00
   5        6.9106e-14   2.64e-16          6.9066e-14      2.62e-17    1.04e+00
   5        6.8743e-14   2.62e-16          6.9063e-14      2.60e-17    1.05e+00
   5        6.9025e-14   2.62e-16          6.9062e-14      2.59e-17    1.03e+00
   5        6.9280e-14   2.70e-16          6.9064e-14      2.58e-17    1.02e+00
   5        6.8421e-14   2.66e-16          6.9058e-14      2.57e-17    1.12e+00
   5        6.9604e-14   2.76e-16          6.9063e-14      2.56e-17    1.18e+00
   5        6.9501e-14   2.72e-16          6.9067e-14      2.55e-17    1.21e+00
   5        6.9078e-14   2.72e-16          6.9067e-14      2.53e-17    1.18e+00
   5        6.8587e-14   2.76e-16          6.9063e-14      2.52e-17    1.22e+00
   5        6.9062e-14   2.70e-16          6.9063e-14      2.51e-17    1.20e+00
   5        6.9220e-14   2.73e-16          6.9064e-14      2.50e-17    1.18e+00
   5        6.9408e-14   2.67e-16          6.9067e-14      2.49e-17    1.19e+00
LO = (6.9067234e-14 +- 2.4912994e-17) pb

*******************************************
* virtual corrections + integrated dipole *
*******************************************
The limits of integration are:

xl[0]=0.000000    xu[0]=1.000000
xl[1]=0.000000    xu[1]=1.000000
xl[2]=0.000000    xu[2]=1.000000

num_dim=3, calls=240, it_num=1, max_it_num=5 verb=0, alph=1.50,
mode=0, bins=50, boxes=1

       single.......iteration                   accumulated......results   
iteration     integral    sigma             integral         sigma     chi-sq/it

   1        7.2182e-15   6.88e-16          7.2182e-15      6.88e-16    0.00e+00
   2        7.7469e-15   4.12e-16          7.6076e-15      3.53e-16    4.35e-01
   3        8.4344e-15   2.28e-16          8.1919e-15      1.91e-16    2.15e+00
   4        8.7054e-15   1.81e-16          8.4634e-15      1.31e-16    2.71e+00
   5        8.6413e-15   1.82e-16          8.5244e-15      1.06e-16    2.19e+00

num_dim=3, calls=1200, it_num=1, max_it_num=3 verb=0, alph=1.50,
mode=0, bins=50, boxes=1

       single.......iteration                   accumulated......results   
iteration     integral    sigma             integral         sigma     chi-sq/it

   1        8.3396e-15   8.75e-17          8.3396e-15      8.75e-17    0.00e+00
   2        8.4945e-15   6.91e-17          8.4350e-15      5.42e-17    1.93e+00
   3        8.4856e-15   7.33e-17          8.4529e-15      4.36e-17    1.12e+00
   3        8.5694e-15   6.18e-17          8.4916e-15      3.56e-17    1.54e+00
   3        8.4567e-15   7.03e-17          8.4844e-15      3.18e-17    1.20e+00
   3        8.5151e-15   6.96e-17          8.4897e-15      2.89e-17    9.93e-01
   3        8.4466e-15   7.33e-17          8.4839e-15      2.69e-17    8.77e-01
   3        8.5142e-15   6.82e-17          8.4880e-15      2.50e-17    7.77e-01
   3        8.5255e-15   6.66e-17          8.4926e-15      2.34e-17    7.14e-01
   3        8.4723e-15   7.57e-17          8.4909e-15      2.24e-17    6.42e-01
vNLO = (8.4908694e-15 +- 2.2369126e-17) pb

*****************************
* collinear remainder (P+K) *
*****************************
The limits of integration are:

xl[0]=0.000000    xu[0]=1.000000
xl[1]=0.000000    xu[1]=1.000000
xl[2]=0.000000    xu[2]=1.000000
xl[3]=0.000000    xu[3]=1.000000

num_dim=4, calls=2500, it_num=1, max_it_num=5 verb=0, alph=1.50,
mode=0, bins=50, boxes=1

       single.......iteration                   accumulated......results   
iteration     integral    sigma             integral         sigma     chi-sq/it

   1        1.0051e-14   5.89e-16          1.0051e-14      5.89e-16    0.00e+00
   2        1.0304e-14   2.32e-16          1.0270e-14      2.16e-16    1.60e-01
   3        1.0384e-14   1.88e-16          1.0335e-14      1.42e-16    1.59e-01
   4        1.0428e-14   1.82e-16          1.0370e-14      1.12e-16    1.60e-01
   5        1.0548e-14   1.76e-16          1.0421e-14      9.44e-17    3.02e-01

num_dim=4, calls=25000, it_num=1, max_it_num=3 verb=0, alph=1.50,
mode=0, bins=50, boxes=1

       single.......iteration                   accumulated......results   
iteration     integral    sigma             integral         sigma     chi-sq/it

   1        1.0566e-14   5.51e-17          1.0566e-14      5.51e-17    0.00e+00
   2        1.0589e-14   5.49e-17          1.0577e-14      3.89e-17    8.38e-02
   3        1.0444e-14   5.54e-17          1.0533e-14      3.18e-17    1.99e+00
   3        1.0509e-14   5.53e-17          1.0527e-14      2.76e-17    1.38e+00
   3        1.0412e-14   5.60e-17          1.0505e-14      2.47e-17    1.89e+00
   3        1.0408e-14   5.58e-17          1.0489e-14      2.26e-17    2.01e+00
   3        1.0458e-14   5.53e-17          1.0484e-14      2.09e-17    1.72e+00
   3        1.0473e-14   5.58e-17          1.0483e-14      1.96e-17    1.48e+00
P+K = (1.0482846e-14 +- 1.9605548e-17) pb

********************************
* real gluon emission - dipole *
********************************
The limits of integration are:

xl[0]=0.000000    xu[0]=1.000000
xl[1]=0.000000    xu[1]=1.000000
xl[2]=0.000000    xu[2]=1.000000
xl[3]=0.000000    xu[3]=1.000000
xl[4]=0.000000    xu[4]=1.000000
xl[5]=0.000000    xu[5]=1.000000

num_dim=6, calls=250, it_num=1, max_it_num=5 verb=0, alph=1.50,
mode=0, bins=50, boxes=1

       single.......iteration                   accumulated......results   
iteration     integral    sigma             integral         sigma     chi-sq/it

   1        -9.8880e-17   3.28e-17          -9.8880e-17      3.28e-17    0.00e+00
   2        -1.2821e-16   3.17e-17          -1.1406e-16      2.28e-17    4.14e-01
   3        -6.4305e-17   6.57e-18          -6.8124e-17      6.31e-18    2.41e+00
   4        -8.1445e-17   9.45e-18          -7.2233e-17      5.25e-18    2.06e+00
   5        -8.3653e-17   6.96e-18          -7.6376e-17      4.19e-18    1.98e+00

num_dim=6, calls=2500, it_num=1, max_it_num=3 verb=0, alph=1.50,
mode=0, bins=50, boxes=1

       single.......iteration                   accumulated......results   
iteration     integral    sigma             integral         sigma     chi-sq/it

   1        -8.7589e-17   2.04e-18          -8.7589e-17      2.04e-18    0.00e+00
   2        -8.7663e-17   1.23e-18          -8.7643e-17      1.06e-18    9.50e-04
   3        -8.8965e-17   1.17e-18          -8.8235e-17      7.85e-19    3.52e-01
rNLOg = (-8.8235060e-17 +- 7.8452107e-19) pb

**************************************************
* real light quark emission - dipole - (onshell) *
**************************************************
The limits of integration are:

xl[0]=0.000000    xu[0]=1.000000
xl[1]=0.000000    xu[1]=1.000000
xl[2]=0.000000    xu[2]=1.000000
xl[3]=0.000000    xu[3]=1.000000
xl[4]=0.000000    xu[4]=1.000000
xl[5]=0.000000    xu[5]=1.000000

num_dim=6, calls=5000, it_num=1, max_it_num=5 verb=0, alph=1.50,
mode=0, bins=50, boxes=1

       single.......iteration                   accumulated......results   
iteration     integral    sigma             integral         sigma     chi-sq/it

   1        1.9495e-16   1.18e-17          1.9495e-16      1.18e-17    0.00e+00
   2        1.9364e-16   3.83e-18          1.9377e-16      3.65e-18    1.10e-02
   3        1.8842e-16   2.02e-18          1.8968e-16      1.77e-18    8.27e-01
   4        1.8871e-16   1.43e-18          1.8910e-16      1.11e-18    6.11e-01
   5        1.8820e-16   1.27e-18          1.8871e-16      8.39e-19    5.28e-01

num_dim=6, calls=50000, it_num=1, max_it_num=5 verb=0, alph=1.50,
mode=0, bins=50, boxes=1

       single.......iteration                   accumulated......results   
iteration     integral    sigma             integral         sigma     chi-sq/it

   1        1.8838e-16   3.98e-19          1.8838e-16      3.98e-19    0.00e+00
   2        1.8971e-16   5.67e-19          1.8882e-16      3.26e-19    3.67e+00
   3        1.9005e-16   5.59e-19          1.8913e-16      2.81e-19    3.65e+00
   4        1.8879e-16   4.53e-19          1.8904e-16      2.39e-19    2.57e+00
   5        1.8947e-16   5.02e-19          1.8912e-16      2.16e-19    2.07e+00
rNLOq = (1.8911681e-16 +- 2.1581342e-19) pb
NLO = (8.8141831e-14 +- 3.8808177e-17) pb
#chisq/dof = 1.94782e-09
#status = success
#chisq/dof = 1.03533e-09
#status = success
#chisq/dof = 1.16441e-09
#status = success
#chisq/dof = 6.97425e-09
#status = success
#chisq/dof = 1.1746e-10
#status = success
#chisq/dof = 3.38584e-12
#status = success
#chisq/dof = 2.18667e-10
#status = success
#chisq/dof = 1.5673e-11
#status = success

*******************************************************
* threshold resummation (unimproved nnll) - expansion *
*******************************************************
The limits of integration are:

xl[0]=0.000000    xu[0]=1.000000
xl[1]=0.000000    xu[1]=1.000000
xl[2]=0.000000    xu[2]=1.000000

num_dim=3, calls=7000, it_num=1, max_it_num=5 verb=0, alph=1.50,
mode=0, bins=50, boxes=1

       single.......iteration                   accumulated......results   
iteration     integral    sigma             integral         sigma     chi-sq/it

   1        1.8031e-15   2.81e-15          1.8031e-15      2.81e-15    0.00e+00
   2        2.5562e-15   1.51e-15          2.3881e-15      1.33e-15    5.58e-02
   3        -1.7422e-15   1.39e-15          4.1264e-16      9.58e-16    2.35e+00
   4        -1.3368e-15   1.40e-15          -1.4437e-16      7.91e-16    1.92e+00
   5        -3.1050e-15   1.40e-15          -8.5893e-16      6.89e-16    2.28e+00

num_dim=3, calls=35000, it_num=1, max_it_num=5 verb=0, alph=1.50,
mode=0, bins=50, boxes=1

       single.......iteration                   accumulated......results   
iteration     integral    sigma             integral         sigma     chi-sq/it

   1        1.4262e-15   6.15e-16          1.4262e-15      6.15e-16    0.00e+00
   2        1.7723e-15   6.20e-16          1.5978e-15      4.37e-16    1.57e-01
   3        1.1605e-15   6.19e-16          1.4526e-15      3.57e-16    2.45e-01
   4        2.1189e-15   6.21e-16          1.6181e-15      3.09e-16    4.52e-01
   5        5.5780e-16   6.19e-16          1.4062e-15      2.77e-16    9.25e-01
   5        8.7057e-16   6.19e-16          1.3169e-15      2.53e-16    8.65e-01
   5        1.3497e-15   6.23e-16          1.3216e-15      2.34e-16    7.21e-01
   5        1.7383e-15   6.23e-16          1.3731e-15      2.19e-16    6.74e-01
   5        1.4903e-15   6.25e-16          1.3860e-15      2.07e-16    5.94e-01
   5        1.6757e-15   6.26e-16          1.4145e-15      1.96e-16    5.49e-01
   5        1.0043e-15   6.23e-16          1.3774e-15      1.87e-16    5.34e-01
   5        7.9568e-16   6.28e-16          1.3298e-15      1.79e-16    5.57e-01
   5        1.4113e-15   6.25e-16          1.3361e-15      1.72e-16    5.12e-01
   5        1.1652e-15   6.27e-16          1.3240e-15      1.66e-16    4.78e-01
   5        2.1020e-15   6.33e-16          1.3742e-15      1.61e-16    5.45e-01
   5        3.3827e-15   6.28e-16          1.4980e-15      1.56e-16    1.15e+00
   5        9.6318e-16   6.28e-16          1.4670e-15      1.51e-16    1.12e+00
   5        8.6292e-16   6.30e-16          1.4341e-15      1.47e-16    1.11e+00
   5        1.3680e-15   6.28e-16          1.4306e-15      1.43e-16    1.04e+00
   5        1.7866e-15   6.31e-16          1.4481e-15      1.40e-16    1.01e+00
   5        -7.6924e-16   6.33e-16          1.3451e-15      1.36e-16    1.54e+00
   5        1.9250e-15   6.35e-16          1.3707e-15      1.33e-16    1.51e+00
   5        1.0158e-15   6.33e-16          1.3556e-15      1.30e-16    1.45e+00
   5        2.0823e-15   6.38e-16          1.3848e-15      1.28e-16    1.44e+00
   5        8.3099e-16   6.35e-16          1.3632e-15      1.25e-16    1.41e+00
   5        1.8788e-15   6.41e-16          1.3822e-15      1.23e-16    1.38e+00
   5        3.7434e-16   6.33e-16          1.3456e-15      1.21e-16    1.42e+00
   5        1.3386e-15   6.37e-16          1.3453e-15      1.19e-16    1.37e+00
   5        1.0796e-15   6.36e-16          1.3364e-15      1.17e-16    1.33e+00
   5        1.3002e-15   6.41e-16          1.3353e-15      1.15e-16    1.28e+00
   5        4.5576e-16   6.39e-16          1.3078e-15      1.13e-16    1.30e+00
   5        1.8452e-15   6.43e-16          1.3239e-15      1.11e-16    1.28e+00
   5        1.3976e-15   6.44e-16          1.3260e-15      1.10e-16    1.24e+00
   5        5.2551e-16   6.42e-16          1.3033e-15      1.08e-16    1.25e+00
   5        2.0373e-15   6.47e-16          1.3232e-15      1.07e-16    1.25e+00
   5        9.4446e-16   6.53e-16          1.3134e-15      1.05e-16    1.22e+00
   5        1.6427e-15   6.44e-16          1.3220e-15      1.04e-16    1.19e+00
   5        -1.5140e-16   6.46e-16          1.2849e-15      1.02e-16    1.30e+00
   5        1.4664e-15   6.54e-16          1.2893e-15      1.01e-16    1.27e+00
   5        5.1080e-16   6.51e-16          1.2709e-15      1.00e-16    1.27e+00
   5        9.0370e-16   6.61e-16          1.2627e-15      9.89e-17    1.25e+00
   5        1.2230e-15   6.54e-16          1.2618e-15      9.78e-17    1.22e+00
   5        7.2997e-16   6.51e-16          1.2501e-15      9.67e-17    1.20e+00
   5        1.5194e-15   6.51e-16          1.2559e-15      9.57e-17    1.18e+00
   5        1.1430e-15   6.59e-16          1.2535e-15      9.47e-17    1.15e+00
   5        6.4735e-16   6.55e-16          1.2412e-15      9.37e-17    1.15e+00
   5        9.4200e-16   6.66e-16          1.2353e-15      9.28e-17    1.12e+00
   5        2.5152e-17   6.59e-16          1.2118e-15      9.19e-17    1.17e+00
   5        1.2164e-15   6.63e-16          1.2119e-15      9.10e-17    1.15e+00
   5        1.3291e-15   6.62e-16          1.2141e-15      9.02e-17    1.12e+00
   5        1.2446e-15   6.65e-16          1.2146e-15      8.93e-17    1.10e+00
   5        1.7128e-15   6.68e-16          1.2234e-15      8.85e-17    1.09e+00
   5        7.8054e-16   6.78e-16          1.2160e-15      8.78e-17    1.08e+00
   5        3.9235e-16   6.67e-16          1.2019e-15      8.70e-17    1.09e+00
   5        8.6874e-16   6.69e-16          1.1964e-15      8.63e-17    1.07e+00
aNNLO+NNLL = (8.9338220e-14 +- 9.4643862e-17) pb

Results:
LO = (6.8875053e-14 +- 4.5815762e-17) pb
NLO = (8.8141831e-14 +- 3.8808177e-17) pb
aNNLO+NNLL = (8.9338220e-14 +- 9.4643862e-17) pb
Thanks for using LHAPDF 6.2.3. Please make sure to cite the paper:
  Eur.Phys.J. C75 (2015) 3, 132  (http://arxiv.org/abs/1412.7420)
 ====================================================
   FF 2.0, a package to evaluate one-loop integrals
 written by G. J. van Oldenborgh, NIKHEF-H, Amsterdam
 ====================================================
 for the algorithms used see preprint NIKHEF-H 89/17,
 'New Algorithms for One-loop Integrals', by G.J. van
 Oldenborgh and J.A.M. Vermaseren, published in 
 Zeitschrift fuer Physik C46(1990)425.
 ====================================================
 
total number of errors and warnings
===================================
fferr: no errors
 
