
  Welcome to Resummino git-latest
  Copyright 2008-2010 Jonathan Debove.
  Copyright 2011-2014 David R. Lamprea.
  Copyright 2011-2016 Marcel Rothering.

  Licensed under the EUPL 1.1 or later.
  See http://www.resummino.org/ for more information.

  If using Resummino for slepton pair production, please cite.
  - G. Bozzi, B. Fuks, M. Klasen, PRD 74, 015001 (2006); NPB 777, 157 (2007); NPB 794, 46 (2007).
  - B. Fuks, M. Klasen, D. R. Lamprea, M. Rothering, EPJC 73, 2480 (2013).

  For gaugino pair production, please cite:
  - J. Debove, B. Fuks, M. Klasen, PLB 688, 208 (2010); NPB 842, 51 (2011); NPB 849, 64 (2011).
  - B. Fuks, M. Klasen, D. R. Lamprea, M. Rothering, JHEP 1210, 081 (2012); EPJC 73, 2480 (2013).

  For associated gaugino gluino production, please cite:
  - B. Fuks, M. Klasen, M. Rothering, JHEP 07:053, (2016).
  - B. Fuks, M. Klasen, D. R. Lamprea, M. Rothering, EPJC 73, 2480 (2013).

LHAPDF 6.2.3 loading /pool/condor/dir_37705/resummino-releases/lhapdf-prefix/share/LHAPDF/PDF4LHC21_40/PDF4LHC21_40_0000.dat
PDF4LHC21_40 PDF set, member #0, version 1
 alpha_s(M_Z^2) = 0.1180 	 for LO PDF set 
 alpha_s(800.000^2) = 0.0890 	 for LO PDF set 

********************
* LO cross section *
********************
The limits of integration are:

xl[0]=0.000000    xu[0]=1.000000
xl[1]=0.000000    xu[1]=1.000000
xl[2]=0.000000    xu[2]=1.000000

num_dim=3, calls=2000, it_num=1, max_it_num=5 verb=0, alph=1.50,
mode=0, bins=50, boxes=1

       single.......iteration                   accumulated......results   
iteration     integral    sigma             integral         sigma     chi-sq/it

   1        9.0572e-13   3.06e-14          9.0572e-13      3.06e-14    0.00e+00
   2        9.5546e-13   1.04e-14          9.5033e-13      9.84e-15    2.37e+00
   3        9.7022e-13   5.27e-15          9.6578e-13      4.64e-15    2.77e+00
   4        9.6255e-13   4.83e-15          9.6423e-13      3.35e-15    1.93e+00
   5        9.5978e-13   5.01e-15          9.6286e-13      2.78e-15    1.58e+00

num_dim=3, calls=20000, it_num=1, max_it_num=5 verb=0, alph=1.50,
mode=0, bins=50, boxes=1

       single.......iteration                   accumulated......results   
iteration     integral    sigma             integral         sigma     chi-sq/it

   1        9.6159e-13   1.55e-15          9.6159e-13      1.55e-15    0.00e+00
   2        9.6165e-13   1.51e-15          9.6162e-13      1.08e-15    8.78e-04
   3        9.6418e-13   1.49e-15          9.6251e-13      8.74e-16    9.74e-01
   4        9.6397e-13   1.58e-15          9.6285e-13      7.65e-16    8.67e-01
   5        9.5923e-13   1.57e-15          9.6215e-13      6.88e-16    1.72e+00
   5        9.6158e-13   1.59e-15          9.6206e-13      6.31e-16    1.40e+00
LO = (9.6206305e-13 +- 6.3076590e-16) pb
LHAPDF 6.2.3 loading /pool/condor/dir_37705/resummino-releases/lhapdf-prefix/share/LHAPDF/PDF4LHC21_40/PDF4LHC21_40_0039.dat
PDF4LHC21_40 PDF set, member #39, version 1
 alpha_s(M_Z^2) = 0.1180 	 for NLO PDF set 
 alpha_s(800.000^2) = 0.0890 	 for NLO PDF set 

********************
* LO cross section *
********************
The limits of integration are:

xl[0]=0.000000    xu[0]=1.000000
xl[1]=0.000000    xu[1]=1.000000
xl[2]=0.000000    xu[2]=1.000000

num_dim=3, calls=2000, it_num=1, max_it_num=5 verb=0, alph=1.50,
mode=0, bins=50, boxes=1

       single.......iteration                   accumulated......results   
iteration     integral    sigma             integral         sigma     chi-sq/it

   1        9.0300e-13   3.07e-14          9.0300e-13      3.07e-14    0.00e+00
   2        9.5243e-13   1.04e-14          9.4733e-13      9.86e-15    2.32e+00
   3        9.6744e-13   5.25e-15          9.6300e-13      4.64e-15    2.78e+00
   4        9.5975e-13   4.80e-15          9.6143e-13      3.34e-15    1.93e+00
   5        9.5711e-13   4.98e-15          9.6010e-13      2.77e-15    1.58e+00

num_dim=3, calls=20000, it_num=1, max_it_num=5 verb=0, alph=1.50,
mode=0, bins=50, boxes=1

       single.......iteration                   accumulated......results   
iteration     integral    sigma             integral         sigma     chi-sq/it

   1        9.5879e-13   1.54e-15          9.5879e-13      1.54e-15    0.00e+00
   2        9.5877e-13   1.50e-15          9.5878e-13      1.08e-15    6.69e-05
   3        9.6128e-13   1.48e-15          9.5964e-13      8.71e-16    9.35e-01
   4        9.6118e-13   1.57e-15          9.6000e-13      7.62e-16    8.66e-01
   5        9.5642e-13   1.56e-15          9.5931e-13      6.85e-16    1.71e+00
   5        9.5866e-13   1.58e-15          9.5921e-13      6.28e-16    1.40e+00
   5        9.6078e-13   1.58e-15          9.5943e-13      5.84e-16    1.31e+00
   5        9.5826e-13   1.61e-15          9.5929e-13      5.49e-16    1.19e+00
   5        9.5810e-13   1.66e-15          9.5917e-13      5.21e-16    1.10e+00
   5        9.5693e-13   1.68e-15          9.5898e-13      4.98e-16    1.16e+00
   5        9.5851e-13   1.77e-15          9.5894e-13      4.79e-16    1.05e+00
   5        9.5798e-13   1.80e-15          9.5888e-13      4.63e-16    9.76e-01
   5        9.6052e-13   1.90e-15          9.5897e-13      4.50e-16    9.54e-01
   5        9.5739e-13   1.96e-15          9.5889e-13      4.38e-16    9.28e-01
   5        9.5940e-13   2.10e-15          9.5891e-13      4.29e-16    8.65e-01
   5        9.5777e-13   2.16e-15          9.5887e-13      4.21e-16    8.26e-01
   5        9.5652e-13   2.18e-15          9.5878e-13      4.13e-16    8.44e-01
   5        9.6236e-13   2.25e-15          9.5890e-13      4.06e-16    9.39e-01
   5        9.6189e-13   2.41e-15          9.5898e-13      4.01e-16    9.70e-01
   5        9.6165e-13   2.40e-15          9.5906e-13      3.95e-16    9.82e-01
   5        9.5678e-13   2.49e-15          9.5900e-13      3.90e-16    9.74e-01
   5        9.5905e-13   2.55e-15          9.5900e-13      3.86e-16    9.27e-01
   5        9.6094e-13   2.60e-15          9.5904e-13      3.82e-16    9.10e-01
   5        9.5860e-13   2.79e-15          9.5904e-13      3.78e-16    8.71e-01
   5        9.6228e-13   2.71e-15          9.5910e-13      3.75e-16    8.94e-01
   5        9.5871e-13   2.79e-15          9.5909e-13      3.71e-16    8.59e-01
   5        9.6420e-13   2.96e-15          9.5917e-13      3.68e-16    9.38e-01
   5        9.5948e-13   2.84e-15          9.5917e-13      3.65e-16    9.04e-01
   5        9.5843e-13   2.92e-15          9.5916e-13      3.62e-16    8.74e-01
   5        9.6175e-13   3.08e-15          9.5920e-13      3.60e-16    8.68e-01
   5        9.5958e-13   2.98e-15          9.5920e-13      3.57e-16    8.40e-01
   5        9.5876e-13   3.13e-15          9.5920e-13      3.55e-16    8.13e-01
   5        9.6247e-13   3.00e-15          9.5924e-13      3.53e-16    8.24e-01
   5        9.5706e-13   3.14e-15          9.5922e-13      3.50e-16    8.14e-01
   5        9.5603e-13   3.04e-15          9.5917e-13      3.48e-16    8.22e-01
   5        9.6366e-13   3.15e-15          9.5923e-13      3.46e-16    8.56e-01
   5        9.4953e-13   3.04e-15          9.5910e-13      3.44e-16    1.11e+00
   5        9.5447e-13   3.16e-15          9.5905e-13      3.42e-16    1.14e+00
   5        9.6175e-13   3.14e-15          9.5908e-13      3.40e-16    1.13e+00
   5        9.5953e-13   3.21e-15          9.5909e-13      3.38e-16    1.10e+00
   5        9.6171e-13   3.27e-15          9.5912e-13      3.36e-16    1.09e+00
   5        9.5947e-13   3.25e-15          9.5912e-13      3.34e-16    1.06e+00
   5        9.6745e-13   3.32e-15          9.5920e-13      3.33e-16    1.19e+00
   5        9.6073e-13   3.21e-15          9.5922e-13      3.31e-16    1.16e+00
   5        9.5672e-13   3.31e-15          9.5919e-13      3.29e-16    1.15e+00
   5        9.5839e-13   3.39e-15          9.5919e-13      3.28e-16    1.13e+00
   5        9.6397e-13   3.52e-15          9.5923e-13      3.26e-16    1.14e+00
   5        9.5165e-13   3.44e-15          9.5916e-13      3.25e-16    1.22e+00
   5        9.6736e-13   3.60e-15          9.5923e-13      3.23e-16    1.30e+00
   5        9.6550e-13   3.47e-15          9.5928e-13      3.22e-16    1.34e+00
   5        9.5836e-13   3.48e-15          9.5927e-13      3.21e-16    1.31e+00
   5        9.5106e-13   3.45e-15          9.5920e-13      3.19e-16    1.40e+00
LO = (9.5920182e-13 +- 3.1934014e-16) pb

*******************************************
* virtual corrections + integrated dipole *
*******************************************
The limits of integration are:

xl[0]=0.000000    xu[0]=1.000000
xl[1]=0.000000    xu[1]=1.000000
xl[2]=0.000000    xu[2]=1.000000

num_dim=3, calls=240, it_num=1, max_it_num=5 verb=0, alph=1.50,
mode=0, bins=50, boxes=1

       single.......iteration                   accumulated......results   
iteration     integral    sigma             integral         sigma     chi-sq/it

   1        1.1273e-13   1.16e-14          1.1273e-13      1.16e-14    0.00e+00
   2        1.1648e-13   5.97e-15          1.1570e-13      5.31e-15    8.27e-02
   3        1.2995e-13   3.71e-15          1.2528e-13      3.04e-15    2.46e+00
   4        1.2859e-13   2.33e-15          1.2736e-13      1.85e-15    1.89e+00
   5        1.3229e-13   2.92e-15          1.2877e-13      1.56e-15    1.92e+00

num_dim=3, calls=1200, it_num=1, max_it_num=3 verb=0, alph=1.50,
mode=0, bins=50, boxes=1

       single.......iteration                   accumulated......results   
iteration     integral    sigma             integral         sigma     chi-sq/it

   1        1.2491e-13   1.20e-15          1.2491e-13      1.20e-15    0.00e+00
   2        1.2766e-13   9.63e-16          1.2659e-13      7.52e-16    3.17e+00
   3        1.2698e-13   8.87e-16          1.2675e-13      5.74e-16    1.64e+00
   3        1.2847e-13   8.65e-16          1.2728e-13      4.78e-16    2.02e+00
   3        1.2627e-13   9.05e-16          1.2706e-13      4.23e-16    1.75e+00
   3        1.2760e-13   8.66e-16          1.2716e-13      3.80e-16    1.47e+00
   3        1.2648e-13   9.71e-16          1.2707e-13      3.54e-16    1.29e+00
   3        1.2810e-13   9.38e-16          1.2720e-13      3.31e-16    1.26e+00
   3        1.2765e-13   8.84e-16          1.2726e-13      3.10e-16    1.13e+00
vNLO = (1.2725619e-13 +- 3.0996317e-16) pb

*****************************
* collinear remainder (P+K) *
*****************************
The limits of integration are:

xl[0]=0.000000    xu[0]=1.000000
xl[1]=0.000000    xu[1]=1.000000
xl[2]=0.000000    xu[2]=1.000000
xl[3]=0.000000    xu[3]=1.000000

num_dim=4, calls=2500, it_num=1, max_it_num=5 verb=0, alph=1.50,
mode=0, bins=50, boxes=1

       single.......iteration                   accumulated......results   
iteration     integral    sigma             integral         sigma     chi-sq/it

   1        8.1321e-14   7.05e-15          8.1321e-14      7.05e-15    0.00e+00
   2        8.1908e-14   2.94e-15          8.1821e-14      2.71e-15    5.92e-03
   3        8.3194e-14   2.52e-15          8.2558e-14      1.85e-15    7.16e-02
   4        8.4558e-14   2.39e-15          8.3305e-14      1.46e-15    1.94e-01
   5        8.7196e-14   2.40e-15          8.4355e-14      1.25e-15    6.23e-01

num_dim=4, calls=25000, it_num=1, max_it_num=3 verb=0, alph=1.50,
mode=0, bins=50, boxes=1

       single.......iteration                   accumulated......results   
iteration     integral    sigma             integral         sigma     chi-sq/it

   1        8.6351e-14   7.57e-16          8.6351e-14      7.57e-16    0.00e+00
   2        8.6106e-14   7.51e-16          8.6228e-14      5.33e-16    5.29e-02
   3        8.4225e-14   7.55e-16          8.5561e-14      4.36e-16    2.37e+00
   3        8.5404e-14   7.56e-16          8.5522e-14      3.78e-16    1.59e+00
   3        8.4064e-14   7.59e-16          8.5233e-14      3.38e-16    1.93e+00
   3        8.4279e-14   7.56e-16          8.5074e-14      3.09e-16    1.81e+00
   3        8.4512e-14   7.63e-16          8.4995e-14      2.86e-16    1.59e+00
   3        8.4969e-14   7.62e-16          8.4992e-14      2.68e-16    1.36e+00
P+K = (8.4991834e-14 +- 2.6780226e-16) pb

********************************
* real gluon emission - dipole *
********************************
The limits of integration are:

xl[0]=0.000000    xu[0]=1.000000
xl[1]=0.000000    xu[1]=1.000000
xl[2]=0.000000    xu[2]=1.000000
xl[3]=0.000000    xu[3]=1.000000
xl[4]=0.000000    xu[4]=1.000000
xl[5]=0.000000    xu[5]=1.000000

num_dim=6, calls=250, it_num=1, max_it_num=5 verb=0, alph=1.50,
mode=0, bins=50, boxes=1

       single.......iteration                   accumulated......results   
iteration     integral    sigma             integral         sigma     chi-sq/it

   1        -2.6105e-15   8.74e-16          -2.6105e-15      8.74e-16    0.00e+00
   2        -3.0167e-15   6.63e-16          -2.8684e-15      5.28e-16    1.37e-01
   3        -2.0466e-15   2.91e-16          -2.2375e-15      2.55e-16    9.97e-01
   4        -2.0975e-15   2.14e-16          -2.1553e-15      1.64e-16    7.24e-01
   5        -2.3578e-15   1.90e-16          -2.2416e-15      1.24e-16    7.06e-01

num_dim=6, calls=2500, it_num=1, max_it_num=3 verb=0, alph=1.50,
mode=0, bins=50, boxes=1

       single.......iteration                   accumulated......results   
iteration     integral    sigma             integral         sigma     chi-sq/it

   1        -2.2752e-15   5.03e-17          -2.2752e-15      5.03e-17    0.00e+00
   2        -2.2461e-15   3.18e-17          -2.2544e-15      2.69e-17    2.39e-01
   3        -2.2772e-15   3.06e-17          -2.2644e-15      2.02e-17    2.76e-01
   3        -2.2495e-15   2.90e-17          -2.2595e-15      1.66e-17    2.44e-01
   3        -2.2435e-15   2.55e-17          -2.2548e-15      1.39e-17    2.52e-01
   3        -2.2388e-15   2.37e-17          -2.2507e-15      1.20e-17    2.69e-01
   3        -2.2428e-15   2.31e-17          -2.2490e-15      1.06e-17    2.40e-01
   3        -2.2356e-15   2.23e-17          -2.2465e-15      9.61e-18    2.47e-01
   3        -2.2582e-15   2.30e-17          -2.2483e-15      8.87e-18    2.44e-01
   3        -2.2677e-15   2.30e-17          -2.2508e-15      8.27e-18    2.86e-01
   3        -2.2433e-15   2.25e-17          -2.2499e-15      7.76e-18    2.67e-01
   3        -2.2454e-15   2.32e-17          -2.2494e-15      7.36e-18    2.46e-01
   3        -2.2412e-15   2.25e-17          -2.2486e-15      7.00e-18    2.35e-01
   3        -2.2748e-15   2.27e-17          -2.2509e-15      6.69e-18    3.10e-01
   3        -2.2296e-15   2.21e-17          -2.2491e-15      6.40e-18    3.49e-01
   3        -2.2500e-15   2.54e-17          -2.2492e-15      6.21e-18    3.26e-01
   3        -2.2338e-15   2.48e-17          -2.2483e-15      6.02e-18    3.28e-01
   3        -2.2189e-15   2.26e-17          -2.2463e-15      5.82e-18    4.02e-01
   3        -2.2446e-15   2.40e-17          -2.2462e-15      5.65e-18    3.80e-01
   3        -2.2167e-15   2.44e-17          -2.2447e-15      5.51e-18    4.33e-01
   3        -2.2124e-15   2.36e-17          -2.2431e-15      5.36e-18    5.00e-01
rNLOg = (-2.2430515e-15 +- 5.3644392e-18) pb

**************************************************
* real light quark emission - dipole - (onshell) *
**************************************************
The limits of integration are:

xl[0]=0.000000    xu[0]=1.000000
xl[1]=0.000000    xu[1]=1.000000
xl[2]=0.000000    xu[2]=1.000000
xl[3]=0.000000    xu[3]=1.000000
xl[4]=0.000000    xu[4]=1.000000
xl[5]=0.000000    xu[5]=1.000000

num_dim=6, calls=5000, it_num=1, max_it_num=5 verb=0, alph=1.50,
mode=0, bins=50, boxes=1

       single.......iteration                   accumulated......results   
iteration     integral    sigma             integral         sigma     chi-sq/it

   1        6.1822e-15   4.86e-16          6.1822e-15      4.86e-16    0.00e+00
   2        6.5385e-15   1.44e-16          6.5098e-15      1.38e-16    4.94e-01
   3        6.3318e-15   7.05e-17          6.3685e-15      6.28e-17    9.06e-01
   4        6.2231e-15   5.51e-17          6.2865e-15      4.14e-17    1.61e+00
   5        6.3020e-15   4.91e-17          6.2929e-15      3.17e-17    1.22e+00

num_dim=6, calls=50000, it_num=1, max_it_num=5 verb=0, alph=1.50,
mode=0, bins=50, boxes=1

       single.......iteration                   accumulated......results   
iteration     integral    sigma             integral         sigma     chi-sq/it

   1        6.2765e-15   1.49e-17          6.2765e-15      1.49e-17    0.00e+00
   2        6.3171e-15   1.83e-17          6.2928e-15      1.16e-17    2.95e+00
   3        6.3340e-15   1.88e-17          6.3040e-15      9.86e-18    3.22e+00
   4        6.3020e-15   1.75e-17          6.3035e-15      8.59e-18    2.15e+00
   5        6.3160e-15   1.86e-17          6.3057e-15      7.79e-18    1.70e+00
   5        6.2961e-15   1.61e-17          6.3039e-15      7.02e-18    1.42e+00
rNLOq = (6.3039200e-15 +- 7.0178682e-18) pb
NLO = (1.1755107e-12 +- 5.1947221e-16) pb
#chisq/dof = 1.70143e-09
#status = success
#chisq/dof = 2.43244e-09
#status = success
#chisq/dof = 5.12745e-10
#status = success
#chisq/dof = 4.58992e-10
#status = success
#chisq/dof = 2.27767e-10
#status = success
#chisq/dof = 2.28442e-12
#status = success
#chisq/dof = 2.63093e-10
#status = success
#chisq/dof = 5.59308e-11
#status = success

*******************************************************
* threshold resummation (unimproved nnll) - expansion *
*******************************************************
The limits of integration are:

xl[0]=0.000000    xu[0]=1.000000
xl[1]=0.000000    xu[1]=1.000000
xl[2]=0.000000    xu[2]=1.000000

num_dim=3, calls=7000, it_num=1, max_it_num=5 verb=0, alph=1.50,
mode=0, bins=50, boxes=1

       single.......iteration                   accumulated......results   
iteration     integral    sigma             integral         sigma     chi-sq/it

   1        4.1463e-14   4.34e-14          4.1463e-14      4.34e-14    0.00e+00
   2        5.7872e-16   1.82e-14          6.7052e-15      1.68e-14    7.55e-01
   3        3.8834e-15   1.69e-14          5.3002e-15      1.19e-14    3.85e-01
   4        4.6330e-14   1.68e-14          1.8998e-14      9.71e-15    1.58e+00
   5        9.3680e-15   1.68e-14          1.6595e-14      8.41e-15    1.25e+00

num_dim=3, calls=35000, it_num=1, max_it_num=5 verb=0, alph=1.50,
mode=0, bins=50, boxes=1

       single.......iteration                   accumulated......results   
iteration     integral    sigma             integral         sigma     chi-sq/it

   1        -1.0910e-15   7.48e-15          -1.0910e-15      7.48e-15    0.00e+00
   2        5.2948e-15   7.45e-15          2.1155e-15      5.28e-15    3.66e-01
   3        3.1721e-15   7.45e-15          2.4683e-15      4.31e-15    1.90e-01
   4        9.0477e-15   7.50e-15          4.0999e-15      3.73e-15    3.19e-01
   5        -6.0740e-15   7.47e-15          2.0641e-15      3.34e-15    6.11e-01
   5        -3.3539e-16   7.46e-15          1.6633e-15      3.05e-15    5.06e-01
   5        6.1426e-15   7.50e-15          2.2983e-15      2.82e-15    4.73e-01
   5        -3.3712e-15   7.50e-15          1.5947e-15      2.64e-15    4.77e-01
   5        -1.7806e-15   7.50e-15          1.2219e-15      2.49e-15    4.40e-01
   5        -2.2911e-15   7.50e-15          8.7242e-16      2.37e-15    4.13e-01
aNNLO+NNLL = (1.1763831e-12 +- 2.4216860e-15) pb

Results:
LO = (9.6206305e-13 +- 6.3076590e-16) pb
NLO = (1.1755107e-12 +- 5.1947221e-16) pb
aNNLO+NNLL = (1.1763831e-12 +- 2.4216860e-15) pb
Thanks for using LHAPDF 6.2.3. Please make sure to cite the paper:
  Eur.Phys.J. C75 (2015) 3, 132  (http://arxiv.org/abs/1412.7420)
 ====================================================
   FF 2.0, a package to evaluate one-loop integrals
 written by G. J. van Oldenborgh, NIKHEF-H, Amsterdam
 ====================================================
 for the algorithms used see preprint NIKHEF-H 89/17,
 'New Algorithms for One-loop Integrals', by G.J. van
 Oldenborgh and J.A.M. Vermaseren, published in 
 Zeitschrift fuer Physik C46(1990)425.
 ====================================================
 
total number of errors and warnings
===================================
fferr: no errors
 
