
  Welcome to Resummino git-latest
  Copyright 2008-2010 Jonathan Debove.
  Copyright 2011-2014 David R. Lamprea.
  Copyright 2011-2016 Marcel Rothering.

  Licensed under the EUPL 1.1 or later.
  See http://www.resummino.org/ for more information.

  If using Resummino for slepton pair production, please cite.
  - G. Bozzi, B. Fuks, M. Klasen, PRD 74, 015001 (2006); NPB 777, 157 (2007); NPB 794, 46 (2007).
  - B. Fuks, M. Klasen, D. R. Lamprea, M. Rothering, EPJC 73, 2480 (2013).

  For gaugino pair production, please cite:
  - J. Debove, B. Fuks, M. Klasen, PLB 688, 208 (2010); NPB 842, 51 (2011); NPB 849, 64 (2011).
  - B. Fuks, M. Klasen, D. R. Lamprea, M. Rothering, JHEP 1210, 081 (2012); EPJC 73, 2480 (2013).

  For associated gaugino gluino production, please cite:
  - B. Fuks, M. Klasen, M. Rothering, JHEP 07:053, (2016).
  - B. Fuks, M. Klasen, D. R. Lamprea, M. Rothering, EPJC 73, 2480 (2013).

LHAPDF 6.2.3 loading /pool/condor/dir_2341/resummino-releases/lhapdf-prefix/share/LHAPDF/PDF4LHC21_40/PDF4LHC21_40_0000.dat
PDF4LHC21_40 PDF set, member #0, version 1
 alpha_s(M_Z^2) = 0.1180 	 for LO PDF set 
 alpha_s(300.000^2) = 0.1001 	 for LO PDF set 

********************
* LO cross section *
********************
The limits of integration are:

xl[0]=0.000000    xu[0]=1.000000
xl[1]=0.000000    xu[1]=1.000000
xl[2]=0.000000    xu[2]=1.000000

num_dim=3, calls=2000, it_num=1, max_it_num=5 verb=0, alph=1.50,
mode=0, bins=50, boxes=1

       single.......iteration                   accumulated......results   
iteration     integral    sigma             integral         sigma     chi-sq/it

   1        5.7485e-12   1.92e-13          5.7485e-12      1.92e-13    0.00e+00
   2        5.9020e-12   6.18e-14          5.8875e-12      5.88e-14    5.81e-01
   3        5.9987e-12   3.46e-14          5.9701e-12      2.98e-14    1.62e+00
   4        5.9661e-12   3.23e-14          5.9682e-12      2.19e-14    1.08e+00
   5        5.9340e-12   3.39e-14          5.9582e-12      1.84e-14    9.91e-01

num_dim=3, calls=20000, it_num=1, max_it_num=5 verb=0, alph=1.50,
mode=0, bins=50, boxes=1

       single.......iteration                   accumulated......results   
iteration     integral    sigma             integral         sigma     chi-sq/it

   1        5.9542e-12   1.04e-14          5.9542e-12      1.04e-14    0.00e+00
   2        5.9561e-12   1.01e-14          5.9551e-12      7.25e-15    1.73e-02
   3        5.9780e-12   1.01e-14          5.9629e-12      5.89e-15    1.70e+00
   4        5.9723e-12   1.06e-14          5.9651e-12      5.15e-15    1.33e+00
   5        5.9411e-12   1.05e-14          5.9604e-12      4.62e-15    2.06e+00
   5        5.9581e-12   1.06e-14          5.9601e-12      4.24e-15    1.66e+00
   5        5.9675e-12   1.07e-14          5.9611e-12      3.94e-15    1.45e+00
LO = (5.9610812e-12 +- 3.9365867e-15) pb
LHAPDF 6.2.3 loading /pool/condor/dir_2341/resummino-releases/lhapdf-prefix/share/LHAPDF/PDF4LHC21_40/PDF4LHC21_40_0000.dat
PDF4LHC21_40 PDF set, member #0, version 1
 alpha_s(M_Z^2) = 0.1180 	 for NLO PDF set 
 alpha_s(300.000^2) = 0.1001 	 for NLO PDF set 

********************
* LO cross section *
********************
The limits of integration are:

xl[0]=0.000000    xu[0]=1.000000
xl[1]=0.000000    xu[1]=1.000000
xl[2]=0.000000    xu[2]=1.000000

num_dim=3, calls=2000, it_num=1, max_it_num=5 verb=0, alph=1.50,
mode=0, bins=50, boxes=1

       single.......iteration                   accumulated......results   
iteration     integral    sigma             integral         sigma     chi-sq/it

   1        5.7485e-12   1.92e-13          5.7485e-12      1.92e-13    0.00e+00
   2        5.9020e-12   6.18e-14          5.8875e-12      5.88e-14    5.81e-01
   3        5.9987e-12   3.46e-14          5.9701e-12      2.98e-14    1.62e+00
   4        5.9661e-12   3.23e-14          5.9682e-12      2.19e-14    1.08e+00
   5        5.9340e-12   3.39e-14          5.9582e-12      1.84e-14    9.91e-01

num_dim=3, calls=20000, it_num=1, max_it_num=5 verb=0, alph=1.50,
mode=0, bins=50, boxes=1

       single.......iteration                   accumulated......results   
iteration     integral    sigma             integral         sigma     chi-sq/it

   1        5.9542e-12   1.04e-14          5.9542e-12      1.04e-14    0.00e+00
   2        5.9561e-12   1.01e-14          5.9551e-12      7.25e-15    1.73e-02
   3        5.9780e-12   1.01e-14          5.9629e-12      5.89e-15    1.70e+00
   4        5.9723e-12   1.06e-14          5.9651e-12      5.15e-15    1.33e+00
   5        5.9411e-12   1.05e-14          5.9604e-12      4.62e-15    2.06e+00
   5        5.9581e-12   1.06e-14          5.9601e-12      4.24e-15    1.66e+00
   5        5.9675e-12   1.07e-14          5.9611e-12      3.94e-15    1.45e+00
   5        5.9539e-12   1.08e-14          5.9602e-12      3.70e-15    1.30e+00
   5        5.9503e-12   1.12e-14          5.9593e-12      3.51e-15    1.23e+00
   5        5.9404e-12   1.14e-14          5.9576e-12      3.36e-15    1.37e+00
   5        5.9569e-12   1.19e-14          5.9576e-12      3.23e-15    1.23e+00
   5        5.9486e-12   1.20e-14          5.9570e-12      3.12e-15    1.17e+00
   5        5.9698e-12   1.27e-14          5.9577e-12      3.03e-15    1.15e+00
   5        5.9481e-12   1.30e-14          5.9572e-12      2.95e-15    1.10e+00
   5        5.9587e-12   1.38e-14          5.9573e-12      2.88e-15    1.02e+00
   5        5.9504e-12   1.41e-14          5.9570e-12      2.83e-15    9.71e-01
   5        5.9466e-12   1.43e-14          5.9566e-12      2.77e-15    9.42e-01
   5        5.9772e-12   1.47e-14          5.9573e-12      2.72e-15    9.97e-01
   5        5.9779e-12   1.57e-14          5.9579e-12      2.68e-15    1.04e+00
   5        5.9810e-12   1.56e-14          5.9586e-12      2.65e-15    1.09e+00
   5        5.9467e-12   1.60e-14          5.9583e-12      2.61e-15    1.07e+00
   5        5.9575e-12   1.64e-14          5.9582e-12      2.58e-15    1.02e+00
   5        5.9692e-12   1.67e-14          5.9585e-12      2.55e-15    9.88e-01
   5        5.9492e-12   1.76e-14          5.9583e-12      2.52e-15    9.57e-01
   5        5.9833e-12   1.74e-14          5.9588e-12      2.50e-15    1.00e+00
   5        5.9587e-12   1.77e-14          5.9588e-12      2.47e-15    9.61e-01
   5        5.9947e-12   1.85e-14          5.9594e-12      2.45e-15    1.07e+00
   5        5.9639e-12   1.80e-14          5.9595e-12      2.43e-15    1.03e+00
   5        5.9556e-12   1.85e-14          5.9595e-12      2.41e-15    9.93e-01
   5        5.9782e-12   1.96e-14          5.9597e-12      2.39e-15    9.90e-01
   5        5.9570e-12   1.85e-14          5.9597e-12      2.37e-15    9.57e-01
   5        5.9591e-12   1.92e-14          5.9597e-12      2.35e-15    9.27e-01
   5        5.9835e-12   1.84e-14          5.9601e-12      2.33e-15    9.49e-01
   5        5.9397e-12   1.90e-14          5.9598e-12      2.31e-15    9.55e-01
   5        5.9424e-12   1.88e-14          5.9595e-12      2.30e-15    9.52e-01
   5        5.9894e-12   1.95e-14          5.9599e-12      2.28e-15    9.91e-01
   5        5.9038e-12   1.82e-14          5.9590e-12      2.26e-15    1.22e+00
   5        5.9359e-12   1.88e-14          5.9587e-12      2.25e-15    1.23e+00
   5        5.9781e-12   1.92e-14          5.9590e-12      2.23e-15    1.22e+00
   5        5.9635e-12   1.97e-14          5.9590e-12      2.22e-15    1.19e+00
   5        5.9793e-12   2.04e-14          5.9593e-12      2.20e-15    1.19e+00
   5        5.9645e-12   1.97e-14          5.9593e-12      2.19e-15    1.16e+00
   5        6.0064e-12   2.02e-14          5.9599e-12      2.18e-15    1.26e+00
   5        5.9685e-12   2.00e-14          5.9600e-12      2.17e-15    1.24e+00
   5        5.9408e-12   2.07e-14          5.9598e-12      2.15e-15    1.23e+00
   5        5.9582e-12   2.13e-14          5.9598e-12      2.14e-15    1.20e+00
   5        5.9855e-12   2.15e-14          5.9600e-12      2.13e-15    1.20e+00
   5        5.9166e-12   2.09e-14          5.9596e-12      2.12e-15    1.27e+00
   5        6.0056e-12   2.17e-14          5.9600e-12      2.11e-15    1.34e+00
   5        5.9953e-12   2.11e-14          5.9604e-12      2.10e-15    1.37e+00
   5        5.9560e-12   2.12e-14          5.9603e-12      2.09e-15    1.34e+00
   5        5.9104e-12   2.13e-14          5.9598e-12      2.08e-15    1.42e+00
   5        5.9590e-12   2.17e-14          5.9598e-12      2.07e-15    1.39e+00
   5        5.9636e-12   2.25e-14          5.9599e-12      2.06e-15    1.37e+00
   5        6.0061e-12   2.20e-14          5.9603e-12      2.05e-15    1.42e+00
LO = (5.9602609e-12 +- 2.0533178e-15) pb

*******************************************
* virtual corrections + integrated dipole *
*******************************************
The limits of integration are:

xl[0]=0.000000    xu[0]=1.000000
xl[1]=0.000000    xu[1]=1.000000
xl[2]=0.000000    xu[2]=1.000000

num_dim=3, calls=240, it_num=1, max_it_num=5 verb=0, alph=1.50,
mode=0, bins=50, boxes=1

       single.......iteration                   accumulated......results   
iteration     integral    sigma             integral         sigma     chi-sq/it

   1        8.2911e-13   8.50e-14          8.2911e-13      8.50e-14    0.00e+00
   2        8.0993e-13   3.57e-14          8.1280e-13      3.29e-14    4.33e-02
   3        8.7964e-13   2.32e-14          8.5744e-13      1.90e-14    1.40e+00
   4        8.8071e-13   1.74e-14          8.7010e-13      1.28e-14    1.21e+00
   5        9.2477e-13   2.09e-14          8.8503e-13      1.09e-14    2.15e+00

num_dim=3, calls=1200, it_num=1, max_it_num=3 verb=0, alph=1.50,
mode=0, bins=50, boxes=1

       single.......iteration                   accumulated......results   
iteration     integral    sigma             integral         sigma     chi-sq/it

   1        8.7216e-13   8.79e-15          8.7216e-13      8.79e-15    0.00e+00
   2        8.9071e-13   7.23e-15          8.8323e-13      5.58e-15    2.66e+00
   3        8.8535e-13   6.71e-15          8.8409e-13      4.29e-15    1.36e+00
   3        8.9818e-13   6.67e-15          8.8822e-13      3.61e-15    1.96e+00
   3        8.8211e-13   6.77e-15          8.8687e-13      3.19e-15    1.63e+00
   3        8.8970e-13   6.59e-15          8.8740e-13      2.87e-15    1.33e+00
   3        8.8008e-13   7.44e-15          8.8645e-13      2.68e-15    1.25e+00
   3        8.9416e-13   7.06e-15          8.8742e-13      2.50e-15    1.22e+00
   3        8.9073e-13   6.60e-15          8.8784e-13      2.34e-15    1.09e+00
   3        8.8599e-13   6.88e-15          8.8765e-13      2.22e-15    9.80e-01
   3        8.7935e-13   7.03e-15          8.8690e-13      2.11e-15    1.01e+00
   3        8.8347e-13   6.89e-15          8.8660e-13      2.02e-15    9.38e-01
   3        8.9071e-13   6.58e-15          8.8696e-13      1.93e-15    8.89e-01
vNLO = (8.8695761e-13 +- 1.9310521e-15) pb

*****************************
* collinear remainder (P+K) *
*****************************
The limits of integration are:

xl[0]=0.000000    xu[0]=1.000000
xl[1]=0.000000    xu[1]=1.000000
xl[2]=0.000000    xu[2]=1.000000
xl[3]=0.000000    xu[3]=1.000000

num_dim=4, calls=2500, it_num=1, max_it_num=5 verb=0, alph=1.50,
mode=0, bins=50, boxes=1

       single.......iteration                   accumulated......results   
iteration     integral    sigma             integral         sigma     chi-sq/it

   1        2.4297e-13   4.13e-14          2.4297e-13      4.13e-14    0.00e+00
   2        1.9760e-13   2.14e-14          2.0724e-13      1.90e-14    9.52e-01
   3        2.1311e-13   1.84e-14          2.1028e-13      1.32e-14    5.00e-01
   4        2.1489e-13   1.86e-14          2.1182e-13      1.08e-14    3.47e-01
   5        2.0285e-13   1.86e-14          2.0957e-13      9.33e-15    3.04e-01

num_dim=4, calls=25000, it_num=1, max_it_num=3 verb=0, alph=1.50,
mode=0, bins=50, boxes=1

       single.......iteration                   accumulated......results   
iteration     integral    sigma             integral         sigma     chi-sq/it

   1        2.0981e-13   5.81e-15          2.0981e-13      5.81e-15    0.00e+00
   2        2.0251e-13   5.78e-15          2.0614e-13      4.10e-15    7.92e-01
   3        2.0764e-13   5.77e-15          2.0664e-13      3.34e-15    4.19e-01
   3        2.0768e-13   5.78e-15          2.0690e-13      2.89e-15    2.87e-01
   3        2.1085e-13   5.83e-15          2.0768e-13      2.59e-15    3.07e-01
   3        2.0738e-13   5.79e-15          2.0763e-13      2.37e-15    2.46e-01
   3        2.1175e-13   5.77e-15          2.0822e-13      2.19e-15    2.78e-01
   3        2.0002e-13   5.80e-15          2.0720e-13      2.05e-15    4.88e-01
   3        2.1011e-13   5.84e-15          2.0752e-13      1.93e-15    4.55e-01
   3        2.0619e-13   5.86e-15          2.0739e-13      1.84e-15    4.09e-01
   3        2.0219e-13   5.83e-15          2.0692e-13      1.75e-15    4.41e-01
   3        2.1350e-13   5.84e-15          2.0746e-13      1.68e-15    5.07e-01
P+K = (2.0746232e-13 +- 1.6772171e-15) pb

********************************
* real gluon emission - dipole *
********************************
The limits of integration are:

xl[0]=0.000000    xu[0]=1.000000
xl[1]=0.000000    xu[1]=1.000000
xl[2]=0.000000    xu[2]=1.000000
xl[3]=0.000000    xu[3]=1.000000
xl[4]=0.000000    xu[4]=1.000000
xl[5]=0.000000    xu[5]=1.000000

num_dim=6, calls=250, it_num=1, max_it_num=5 verb=0, alph=1.50,
mode=0, bins=50, boxes=1

       single.......iteration                   accumulated......results   
iteration     integral    sigma             integral         sigma     chi-sq/it

   1        -2.9170e-14   8.35e-15          -2.9170e-14      8.35e-15    0.00e+00
   2        -2.5513e-14   3.95e-15          -2.6181e-14      3.57e-15    1.57e-01
   3        -2.4195e-14   2.59e-15          -2.4880e-14      2.10e-15    1.80e-01
   4        -2.3925e-14   2.03e-15          -2.4388e-14      1.46e-15    1.55e-01
   5        -2.3443e-14   1.80e-15          -2.4014e-14      1.13e-15    1.58e-01

num_dim=6, calls=2500, it_num=1, max_it_num=3 verb=0, alph=1.50,
mode=0, bins=50, boxes=1

       single.......iteration                   accumulated......results   
iteration     integral    sigma             integral         sigma     chi-sq/it

   1        -2.6364e-14   7.29e-16          -2.6364e-14      7.29e-16    0.00e+00
   2        -2.5951e-14   4.13e-16          -2.6052e-14      3.59e-16    2.43e-01
   3        -2.6279e-14   4.32e-16          -2.6145e-14      2.76e-16    2.03e-01
   3        -2.6019e-14   4.34e-16          -2.6109e-14      2.33e-16    1.55e-01
   3        -2.6045e-14   3.82e-16          -2.6091e-14      1.99e-16    1.22e-01
   3        -2.5768e-14   3.29e-16          -2.6005e-14      1.70e-16    2.39e-01
   3        -2.5727e-14   3.10e-16          -2.5941e-14      1.49e-16    3.01e-01
   3        -2.5886e-14   3.10e-16          -2.5930e-14      1.34e-16    2.62e-01
   3        -2.6133e-14   3.15e-16          -2.5961e-14      1.24e-16    2.73e-01
   3        -2.6206e-14   3.15e-16          -2.5994e-14      1.15e-16    3.01e-01
   3        -2.5798e-14   3.10e-16          -2.5970e-14      1.08e-16    3.05e-01
   3        -2.5885e-14   3.16e-16          -2.5962e-14      1.02e-16    2.84e-01
   3        -2.5884e-14   3.05e-16          -2.5954e-14      9.69e-17    2.65e-01
   3        -2.6231e-14   3.11e-16          -2.5978e-14      9.25e-17    3.00e-01
   3        -2.5577e-14   2.97e-16          -2.5943e-14      8.83e-17    3.97e-01
   3        -2.6021e-14   3.34e-16          -2.5948e-14      8.54e-17    3.74e-01
   3        -2.5780e-14   3.53e-16          -2.5939e-14      8.30e-17    3.64e-01
   3        -2.5748e-14   3.25e-16          -2.5927e-14      8.04e-17    3.62e-01
   3        -2.5729e-14   3.21e-16          -2.5915e-14      7.80e-17    3.61e-01
   3        -2.5647e-14   3.30e-16          -2.5901e-14      7.59e-17    3.75e-01
   3        -2.5449e-14   3.17e-16          -2.5877e-14      7.38e-17    4.53e-01
   3        -2.5751e-14   3.23e-16          -2.5871e-14      7.20e-17    4.38e-01
   3        -2.5423e-14   3.27e-16          -2.5850e-14      7.03e-17    4.99e-01
   3        -2.5972e-14   3.19e-16          -2.5856e-14      6.86e-17    4.83e-01
   3        -2.5433e-14   3.07e-16          -2.5835e-14      6.70e-17    5.38e-01
rNLOg = (-2.5835412e-14 +- 6.6991892e-17) pb

**************************************************
* real light quark emission - dipole - (onshell) *
**************************************************
The limits of integration are:

xl[0]=0.000000    xu[0]=1.000000
xl[1]=0.000000    xu[1]=1.000000
xl[2]=0.000000    xu[2]=1.000000
xl[3]=0.000000    xu[3]=1.000000
xl[4]=0.000000    xu[4]=1.000000
xl[5]=0.000000    xu[5]=1.000000

num_dim=6, calls=5000, it_num=1, max_it_num=5 verb=0, alph=1.50,
mode=0, bins=50, boxes=1

       single.......iteration                   accumulated......results   
iteration     integral    sigma             integral         sigma     chi-sq/it

   1        8.0831e-14   6.75e-15          8.0831e-14      6.75e-15    0.00e+00
   2        8.7096e-14   2.10e-15          8.6540e-14      2.01e-15    7.86e-01
   3        8.2342e-14   1.01e-15          8.3192e-14      9.04e-16    2.13e+00
   4        8.1722e-14   8.22e-16          8.2388e-14      6.08e-16    1.90e+00
   5        8.2487e-14   7.45e-16          8.2428e-14      4.71e-16    1.43e+00

num_dim=6, calls=50000, it_num=1, max_it_num=5 verb=0, alph=1.50,
mode=0, bins=50, boxes=1

       single.......iteration                   accumulated......results   
iteration     integral    sigma             integral         sigma     chi-sq/it

   1        8.2273e-14   2.31e-16          8.2273e-14      2.31e-16    0.00e+00
   2        8.2800e-14   2.52e-16          8.2514e-14      1.70e-16    2.39e+00
   3        8.3161e-14   2.74e-16          8.2694e-14      1.45e-16    3.20e+00
   4        8.2649e-14   2.60e-16          8.2683e-14      1.26e-16    2.14e+00
   5        8.2771e-14   2.68e-16          8.2699e-14      1.14e-16    1.63e+00
   5        8.2628e-14   2.40e-16          8.2686e-14      1.03e-16    1.32e+00
rNLOq = (8.2686151e-14 +- 1.0313597e-16) pb
NLO = (7.1115316e-12 +- 3.2822643e-15) pb
#chisq/dof = 1.11838e-07
#status = success
#chisq/dof = 2.00447e-08
#status = success
#chisq/dof = 8.73208e-10
#status = success
#chisq/dof = 5.06037e-09
#status = success
#chisq/dof = 4.16437e-10
#status = success
#chisq/dof = 2.95237e-11
#status = success
#chisq/dof = 1.17066e-09
#status = success
#chisq/dof = 1.1208e-10
#status = success

*******************************************************
* threshold resummation (unimproved nnll) - expansion *
*******************************************************
The limits of integration are:

xl[0]=0.000000    xu[0]=1.000000
xl[1]=0.000000    xu[1]=1.000000
xl[2]=0.000000    xu[2]=1.000000

num_dim=3, calls=7000, it_num=1, max_it_num=5 verb=0, alph=1.50,
mode=0, bins=50, boxes=1

       single.......iteration                   accumulated......results   
iteration     integral    sigma             integral         sigma     chi-sq/it

   1        -9.2464e-13   6.73e-13          -9.2464e-13      6.73e-13    0.00e+00
   2        -2.6570e-13   2.50e-13          -3.4535e-13      2.34e-13    8.42e-01
   3        1.6669e-13   2.29e-13          -8.4096e-14      1.64e-13    1.64e+00
   4        5.4908e-13   2.25e-13          1.3530e-13      1.32e-13    2.82e+00
   5        2.3125e-13   2.26e-13          1.5983e-13      1.14e-13    2.15e+00

num_dim=3, calls=35000, it_num=1, max_it_num=5 verb=0, alph=1.50,
mode=0, bins=50, boxes=1

       single.......iteration                   accumulated......results   
iteration     integral    sigma             integral         sigma     chi-sq/it

   1        -1.6117e-14   1.01e-13          -1.6117e-14      1.01e-13    0.00e+00
   2        -5.6345e-14   1.00e-13          -3.6270e-14      7.10e-14    8.02e-02
   3        -9.1473e-14   1.00e-13          -5.4715e-14      5.80e-14    1.41e-01
   4        -6.1408e-14   1.01e-13          -5.6377e-14      5.03e-14    9.51e-02
   5        -2.0683e-14   9.99e-14          -4.9161e-14      4.49e-14    9.68e-02
   5        7.3591e-15   1.00e-13          -3.9701e-14      4.10e-14    1.30e-01
   5        -1.5109e-13   1.01e-13          -5.5530e-14      3.79e-14    2.84e-01
   5        -1.9093e-13   1.01e-13          -7.2247e-14      3.55e-14    4.68e-01
   5        -2.8110e-14   1.01e-13          -6.7384e-14      3.35e-14    4.31e-01
   5        -1.3793e-13   1.01e-13          -7.4351e-14      3.18e-14    4.31e-01
   5        -1.3145e-13   1.01e-13          -7.9521e-14      3.03e-14    4.17e-01
   5        -3.5792e-14   1.01e-13          -7.5933e-14      2.91e-14    3.95e-01
   5        -8.5210e-14   1.02e-13          -7.6632e-14      2.79e-14    3.63e-01
   5        1.7565e-13   1.02e-13          -5.8858e-14      2.69e-14    7.76e-01
   5        -5.1187e-14   1.03e-13          -5.8362e-14      2.61e-14    7.21e-01
   5        -1.4719e-13   1.02e-13          -6.3799e-14      2.53e-14    7.21e-01
   5        -7.8731e-14   1.02e-13          -6.4665e-14      2.45e-14    6.77e-01
   5        -1.3926e-13   1.02e-13          -6.8734e-14      2.38e-14    6.67e-01
   5        -8.1743e-14   1.03e-13          -6.9396e-14      2.32e-14    6.31e-01
   5        -8.2911e-14   1.04e-13          -7.0043e-14      2.27e-14    5.98e-01
   5        -2.2089e-14   1.04e-13          -6.7858e-14      2.21e-14    5.79e-01
   5        -1.3939e-13   1.04e-13          -7.0961e-14      2.16e-14    5.73e-01
   5        -7.1249e-14   1.04e-13          -7.0973e-14      2.12e-14    5.47e-01
   5        -9.2592e-14   1.05e-13          -7.1824e-14      2.08e-14    5.25e-01
   5        -6.4194e-14   1.04e-13          -7.1532e-14      2.04e-14    5.03e-01
   5        1.5979e-14   1.04e-13          -6.8314e-14      2.00e-14    5.10e-01
   5        -9.1291e-14   1.05e-13          -6.9123e-14      1.96e-14    4.92e-01
   5        -2.9563e-14   1.03e-13          -6.7746e-14      1.93e-14    4.79e-01
   5        -1.1897e-13   1.04e-13          -6.9455e-14      1.90e-14    4.70e-01
   5        -8.4023e-15   1.05e-13          -6.7518e-14      1.87e-14    4.66e-01
   5        -1.9810e-14   1.04e-13          -6.6034e-14      1.84e-14    4.57e-01
   5        -4.0161e-14   1.05e-13          -6.5269e-14      1.81e-14    4.44e-01
   5        2.8496e-14   1.06e-13          -6.2597e-14      1.78e-14    4.54e-01
   5        -3.1487e-15   1.06e-13          -6.0959e-14      1.76e-14    4.50e-01
   5        -1.0253e-13   1.07e-13          -6.2061e-14      1.74e-14    4.41e-01
   5        -1.1275e-13   1.07e-13          -6.3352e-14      1.71e-14    4.34e-01
   5        -2.3921e-13   1.06e-13          -6.7815e-14      1.69e-14    4.97e-01
   5        1.8625e-14   1.07e-13          -6.5691e-14      1.67e-14    5.00e-01
   5        -1.0810e-13   1.08e-13          -6.6685e-14      1.65e-14    4.91e-01
   5        -4.0847e-14   1.06e-13          -6.6079e-14      1.63e-14    4.80e-01
   5        -2.0985e-13   1.07e-13          -6.9315e-14      1.61e-14    5.12e-01
   5        -1.8315e-13   1.07e-13          -7.1857e-14      1.59e-14    5.26e-01
   5        -6.4639e-14   1.07e-13          -7.1701e-14      1.58e-14    5.14e-01
   5        -1.1992e-13   1.07e-13          -7.2734e-14      1.56e-14    5.07e-01
   5        -1.4640e-13   1.08e-13          -7.4240e-14      1.54e-14    5.06e-01
   5        -5.1551e-14   1.06e-13          -7.3773e-14      1.53e-14    4.95e-01
   5        8.4954e-14   1.07e-13          -7.0626e-14      1.51e-14    5.31e-01
   5        8.9789e-14   1.07e-13          -6.7507e-14      1.50e-14    5.66e-01
   5        -1.3079e-13   1.08e-13          -6.8712e-14      1.48e-14    5.62e-01
   5        -8.4642e-14   1.08e-13          -6.9008e-14      1.47e-14    5.51e-01
   5        -1.0571e-13   1.08e-13          -6.9671e-14      1.46e-14    5.42e-01
   5        4.5612e-14   1.10e-13          -6.7677e-14      1.44e-14    5.52e-01
   5        1.5732e-15   1.10e-13          -6.6497e-14      1.43e-14    5.49e-01
   5        1.4159e-13   1.11e-13          -6.3088e-14      1.42e-14    6.04e-01
   5        -4.4326e-14   1.11e-13          -6.2784e-14      1.41e-14    5.94e-01
aNNLO+NNLL = (7.0487473e-12 +- 1.4460853e-14) pb

Results:
LO = (5.9610812e-12 +- 3.9365867e-15) pb
NLO = (7.1115316e-12 +- 3.2822643e-15) pb
aNNLO+NNLL = (7.0487473e-12 +- 1.4460853e-14) pb
Thanks for using LHAPDF 6.2.3. Please make sure to cite the paper:
  Eur.Phys.J. C75 (2015) 3, 132  (http://arxiv.org/abs/1412.7420)
 ====================================================
   FF 2.0, a package to evaluate one-loop integrals
 written by G. J. van Oldenborgh, NIKHEF-H, Amsterdam
 ====================================================
 for the algorithms used see preprint NIKHEF-H 89/17,
 'New Algorithms for One-loop Integrals', by G.J. van
 Oldenborgh and J.A.M. Vermaseren, published in 
 Zeitschrift fuer Physik C46(1990)425.
 ====================================================
 
total number of errors and warnings
===================================
fferr: no errors
 
