# Input card for Resummino.

# This input card defines the hadron collider parameters and the process. The
# SUSY model is defined in a separate file in the SLHA file format.
# All energies and masses are in GeV.

# Collider parameters.
collider_type         = proton-proton  # proton-proton or proton-antiproton
center_of_mass_energy = 13000

# Outgoing particles using the value of the PDG-scheme number.
# The particles are listed in the table below. A minus in front of the PDG
# means charge conjugation. 
# ┌─────────────────────┬───────────────────┬───────────────────┐
# │ e_L-      =      11 │ nu_eL   =      12 │                   │
# │ mu_L-     =      13 │ nu_muL  =      14 │                   │
# │ tau_1-    =      15 │ nu_tau  =      16 │                   │
# ├─────────────────────┼───────────────────┼───────────────────┤
# │ ~e_L-     = 1000011 │ ~e_R-   = 2000011 │ ~nu_eL  = 1000012 │
# │ ~mu_L-    = 1000013 │ ~mu_R-  = 2000013 │ ~nu_muL = 1000014 │
# │ ~tau_1-   = 1000015 │ ~tau_2- = 2000015 │ ~nu_tau = 1000016 │
# ├─────────────────────┼───────────────────┼───────────────────┤
# │ ~chi_10   = 1000022 │ ~chi_20 = 1000023 │ ~chi_30 = 1000025 │
# │ ~chi_40   = 1000035 │ ~chi_1+ = 1000024 │ ~chi_2+ = 1000037 │
# ├─────────────────────┼───────────────────┼───────────────────┤
# │ ~u_L      = 1000002 │ ~u_R    = 2000002 │ ~d_L    = 1000001 │
# │ ~d_R      = 2000001 │ ~c_L    = 1000004 │ ~c_R    = 2000004 │
# │ ~s_L      = 1000003 │ ~s_R    = 2000003 │ ~t_L    = 1000006 │
# │ ~t_R      = 2000006 │ ~b_L    = 1000005 │ ~b_R    = 2000005 │
# ├─────────────────────┼───────────────────┴───────────────────┤
# │ ~g        = 1000021 │                                       │
# └─────────────────────┴───────────────────────────────────────┘
#
particle1 =  1000023
particle2 =  1000024

# Defines the computation to be performed. Three computations are supported:
#
# - result = total: Outputs the total cross section.
#
# - result = pt:    Outputs the value for the transverse momentum at the
#                   value specified by the `pt` variable.
#
# - result = ptj:   Outputs the value for the transverse momentum at the
#                   value specified by the `pt` variable using the joint
#                   resummation formalism.
#
# - result = m:     Outputs the value for the invariant mass distribution at the
#                   value specified by the `M` variable.
#
result = total # total, pt, ptj or m.
M      = auto  # auto = sqrt((p1 + p2)^2)
pt     = auto

# SLHA input file that defines the SUSY benchmark point.
slha = wino.slha_mass_1000022_1000023_1000024_2010.0

# Z'/W' model parameters.
# (For di-lepton production, input parameters are read from the zpwp file.)
#zpwp = ssm.in

# PDF sets for LO and NLO. They should be present in the LHAPDF local setup.
pdf_format = lhgrid  # lhgrid or lhpdf
#pdf_lo     = cteq6l1 
pdf_lo     = CT18NLO 
pdfset_lo  = 0
pdf_nlo    = CT18NLO
pdfset_nlo = 0

#scale factors 
# (1.0 is central scale mu = (m1 + m2) / 2)
mu_f = 1.0
mu_r = 2.0

# Integration parameters.
precision = 0.001  # desired precision
max_iters = 50  # maximum iterations
#ptcutmax = 0 #6491.18850451893
#ptcutmin = 0.1

# Minimum invariant mass cut for integration for massless outgoing particles. Ignored otherwise.
# (Minv_min = auto sets Minv_min = (3/4)*Mz')
# (Minv_max = auto sets Minv_max = (5/4)*Mz')
Minv_min = auto
Minv_max = auto

# optional PDF fit parameter
# weights
# (If you get weird fit results decrease the weight up tp -2.0)
weight_valence = -1.6
weight_sea = -1.6
weight_gluon = -1.6
# fit PDF from xmin to 1 (auto = mis/sh)
xmin = auto


BLOCK MODSEL
   1   0
#
BLOCK SMINPUTS
   1    127.934
   2    1.16639e-05
   3    0.1172
   4    91.187
   5    4.25
   6    175
   7    1.777
#
BLOCK MASS
   24    80.496122
   25    125
   35    100000
   36    100000
   37    100000
   5    4.8788427
   1000001    100000
   2000001    100000
   1000002    100000
   2000002    100000
   1000003    100000
   2000003    100000
   1000004    100000
   2000004    100000
   1000005    100000
   2000005    100000
   1000006    100000
   2000006    100000
   1000011    100000
   2000011    100000
   1000012    100000
   1000013    100000
   2000013    100000
   1000014    100000
   1000015    100000
   2000015    100000
   1000016    100000
   1000021    100000
   1000022   2010.0
   1000023   2010.0
   1000025    100000
   1000035    100000
   1000024   2010.0
   1000037    100000
#
BLOCK NMIX
   1   1    1
   1   2    0
   1   3    0
   1   4    0
   2   1    0
   2   2    1
   2   3    0
   2   4    0
   3   1    0
   3   2    0
   3   3    0
   3   4    0
   4   1    0
   4   2    0
   4   3    0
   4   4    0
#
BLOCK UMIX
   1   1    1
   1   2    0
   2   1    0
   2   2    0
#
BLOCK VMIX
   1   1    1
   1   2    0
   2   1    0
   2   2    0
#
BLOCK STOPMIX
   1   1    0
   1   2    0
   2   1    0
   2   2    0
#
BLOCK SBOTMIX
   1   1    0
   1   2    0
   2   1    0
   2   2    0
#
BLOCK STAUMIX
   1   1    0
   1   2    0
   2   1    0
   2   2    0
#
BLOCK ALPHA
       0
#
BLOCK HMIX Q=  100000
   1    100000
   2    100000
   3    100000
   4    100000
#
BLOCK AU Q=  1000
   1   1    0
   2   2    0
   3   3    0
#
BLOCK AD Q=  1000
   1   1    0
   2   2    0
   3   3    0
#
BLOCK AE Q=  1000
   1   1    0
   2   2    0
   3   3    0
#
BLOCK YU Q=  1000
   1   1    0
   2   2    0
   3   3    0.87406498
#
BLOCK YD Q=  1000
   1   1    0
   2   2    0
   3   3    0.13599463
#
BLOCK YE Q=  1000
   1   1    0
   2   2    0
   3   3    0.10041534
#
BLOCK MSOFT Q=  1000
   1    100000
   2    100000
   3    100000
   21    100000
   22    100000
   31    100000
   32    100000
   33    100000
   34    100000
   35    100000
   36    100000
   41    100000
   42    100000
   43    100000
   44    100000
   45    100000
   46    100000
   47    100000
   48    100000
   49    100000
#
DECAY 24 -1
#
#
DECAY 25 -1
#
#
DECAY 35 -1
#
#
DECAY 36 -1
#
#
DECAY 37 -1
#
#
DECAY 5 -1
#
#
DECAY 1000001 -1
#
#
DECAY 2000001 -1
#
#
DECAY 1000002 -1
#
#
DECAY 2000002 -1
#
#
DECAY 1000003 -1
#
#
DECAY 2000003 -1
#
#
DECAY 1000004 -1
#
#
DECAY 2000004 -1
#
#
DECAY 1000005 -1
#
#
DECAY 2000005 -1
#
#
DECAY 1000006 -1
#
#
DECAY 2000006 -1
#
#
DECAY 1000011 -1
#
#
DECAY 2000011 -1
#
#
DECAY 1000012 -1
#
#
DECAY 1000013 -1
#
#
DECAY 2000013 -1
#
#
DECAY 1000014 -1
#
#
DECAY 1000015 -1
#
#
DECAY 2000015 -1
#
#
DECAY 1000016 -1
#
#
DECAY 1000021 -1
#
#
DECAY 1000022 -1
#
#
DECAY 1000023 -1
#
#
DECAY 1000025 -1
#
#
DECAY 1000035 -1
#
#
DECAY 1000024 -1
#
#
DECAY 1000037 -1



  Welcome to Resummino 3.1.1
  Copyright 2008-2010 Jonathan Debove.
  Copyright 2011-2014 David R. Lamprea.
  Copyright 2011-2016 Marcel Rothering.

  Licensed under the EUPL 1.1 or later.
  See http://www.resummino.org/ for more information.

  If using Resummino for slepton pair production, please cite.
  - G. Bozzi, B. Fuks, M. Klasen, PRD 74, 015001 (2006); NPB 777, 157 (2007); NPB 794, 46 (2007).
  - B. Fuks, M. Klasen, D. R. Lamprea, M. Rothering, EPJC 73, 2480 (2013).

  For gaugino pair production, please cite:
  - J. Debove, B. Fuks, M. Klasen, PLB 688, 208 (2010); NPB 842, 51 (2011); NPB 849, 64 (2011).
  - B. Fuks, M. Klasen, D. R. Lamprea, M. Rothering, JHEP 1210, 081 (2012); EPJC 73, 2480 (2013).

  For associated gaugino gluino production, please cite:
  - B. Fuks, M. Klasen, M. Rothering, JHEP 07:053, (2016).
  - B. Fuks, M. Klasen, D. R. Lamprea, M. Rothering, EPJC 73, 2480 (2013).

LHAPDF 6.4.0 loading /home/a/a_neuw01/LHAPDF-6.4.0/share/LHAPDF/CT18NLO/CT18NLO_0000.dat
CT18NLO PDF set, member #0, version 1; LHAPDF ID = 14400
 alpha_s(M_Z^2) = 0.1180 	 for LO PDF set 
 alpha_s(4020.000^2) = 0.0754 	 for LO PDF set 

********************
* LO cross section *
********************
The limits of integration are:

xl[0]=0.000000    xu[0]=1.000000
xl[1]=0.000000    xu[1]=1.000000
xl[2]=0.000000    xu[2]=1.000000

num_dim=3, calls=2000, it_num=1, max_it_num=5 verb=0, alph=1.50,
mode=0, bins=50, boxes=1

       single.......iteration                   accumulated......results   
iteration     integral    sigma             integral         sigma     chi-sq/it

   1        3.5776e-06   1.46e-07          3.5776e-06      1.46e-07    0.00e+00
   2        3.9240e-06   4.72e-08          3.8913e-06      4.50e-08    5.07e+00
   3        3.9443e-06   2.58e-08          3.9311e-06      2.24e-08    3.06e+00
   4        3.9103e-06   2.42e-08          3.9215e-06      1.64e-08    2.17e+00
   5        3.9149e-06   2.48e-08          3.9195e-06      1.37e-08    1.64e+00

num_dim=3, calls=20000, it_num=1, max_it_num=5 verb=0, alph=1.50,
mode=0, bins=50, boxes=1

       single.......iteration                   accumulated......results   
iteration     integral    sigma             integral         sigma     chi-sq/it

   1        3.9420e-06   7.66e-09          3.9420e-06      7.66e-09    0.00e+00
   2        3.9374e-06   7.37e-09          3.9396e-06      5.31e-09    1.88e-01
   3        3.9387e-06   7.14e-09          3.9393e-06      4.26e-09    9.96e-02
   4        3.9399e-06   7.60e-09          3.9394e-06      3.72e-09    6.78e-02
   5        3.9254e-06   7.68e-09          3.9368e-06      3.35e-09    7.28e-01
   5        3.9233e-06   7.65e-09          3.9346e-06      3.07e-09    1.10e+00
   5        3.9318e-06   7.58e-09          3.9342e-06      2.84e-09    9.36e-01
   5        3.9232e-06   7.83e-09          3.9329e-06      2.67e-09    1.05e+00
   5        3.9317e-06   7.96e-09          3.9328e-06      2.53e-09    9.23e-01
   5        3.9202e-06   8.10e-09          3.9317e-06      2.42e-09    1.07e+00
   5        3.9340e-06   8.18e-09          3.9319e-06      2.32e-09    9.67e-01
   5        3.9336e-06   8.40e-09          3.9320e-06      2.23e-09    8.83e-01
   5        3.9400e-06   8.71e-09          3.9325e-06      2.16e-09    8.75e-01
   5        3.9383e-06   9.19e-09          3.9328e-06      2.11e-09    8.37e-01
   5        3.9421e-06   9.57e-09          3.9332e-06      2.06e-09    8.41e-01
   5        3.9277e-06   9.85e-09          3.9330e-06      2.01e-09    8.05e-01
   5        3.9215e-06   1.01e-08          3.9325e-06      1.97e-09    8.33e-01
   5        3.9411e-06   1.04e-08          3.9328e-06      1.94e-09    8.23e-01
   5        3.9441e-06   1.09e-08          3.9332e-06      1.91e-09    8.34e-01
   5        3.9422e-06   1.11e-08          3.9334e-06      1.88e-09    8.24e-01
   5        3.9168e-06   1.16e-08          3.9330e-06      1.86e-09    8.84e-01
   5        3.9420e-06   1.20e-08          3.9332e-06      1.84e-09    8.68e-01
   5        3.9385e-06   1.21e-08          3.9333e-06      1.82e-09    8.37e-01
   5        3.9417e-06   1.24e-08          3.9335e-06      1.80e-09    8.20e-01
   5        3.9461e-06   1.24e-08          3.9338e-06      1.78e-09    8.28e-01
   5        3.9175e-06   1.22e-08          3.9334e-06      1.76e-09    8.65e-01
   5        3.9535e-06   1.27e-08          3.9338e-06      1.74e-09    9.25e-01
   5        3.9314e-06   1.28e-08          3.9338e-06      1.73e-09    8.92e-01
   5        3.9369e-06   1.34e-08          3.9338e-06      1.71e-09    8.62e-01
   5        3.9384e-06   1.28e-08          3.9339e-06      1.70e-09    8.37e-01
   5        3.9320e-06   1.28e-08          3.9339e-06      1.68e-09    8.10e-01
   5        3.9367e-06   1.33e-08          3.9339e-06      1.67e-09    7.85e-01
   5        3.9468e-06   1.33e-08          3.9341e-06      1.66e-09    7.90e-01
   5        3.9263e-06   1.35e-08          3.9340e-06      1.64e-09    7.76e-01
   5        3.9105e-06   1.32e-08          3.9336e-06      1.63e-09    8.44e-01
   5        3.9506e-06   1.36e-08          3.9339e-06      1.62e-09    8.63e-01
   5        3.9075e-06   1.41e-08          3.9335e-06      1.61e-09    9.35e-01
   5        3.9211e-06   1.45e-08          3.9334e-06      1.60e-09    9.30e-01
   5        3.9388e-06   1.46e-08          3.9334e-06      1.59e-09    9.09e-01
   5        3.9256e-06   1.46e-08          3.9334e-06      1.58e-09    8.93e-01
   5        3.9318e-06   1.45e-08          3.9333e-06      1.57e-09    8.71e-01
   5        3.9213e-06   1.49e-08          3.9332e-06      1.56e-09    8.65e-01
   5        3.9742e-06   1.52e-08          3.9336e-06      1.55e-09    1.02e+00
   5        3.9407e-06   1.39e-08          3.9337e-06      1.54e-09    9.98e-01
   5        3.9121e-06   1.41e-08          3.9335e-06      1.54e-09    1.03e+00
   5        3.9328e-06   1.42e-08          3.9335e-06      1.53e-09    1.01e+00
   5        3.9500e-06   1.45e-08          3.9336e-06      1.52e-09    1.01e+00
   5        3.9019e-06   1.45e-08          3.9333e-06      1.51e-09    1.09e+00
   5        3.9642e-06   1.47e-08          3.9336e-06      1.50e-09    1.16e+00
   5        3.9555e-06   1.52e-08          3.9338e-06      1.49e-09    1.18e+00
   5        3.9306e-06   1.52e-08          3.9338e-06      1.49e-09    1.15e+00
   5        3.9167e-06   1.54e-08          3.9336e-06      1.48e-09    1.16e+00
   5        3.9383e-06   1.46e-08          3.9337e-06      1.47e-09    1.14e+00
   5        3.9447e-06   1.46e-08          3.9338e-06      1.47e-09    1.12e+00
   5        3.9503e-06   1.41e-08          3.9340e-06      1.46e-09    1.13e+00
LO = (3.9339753e-06 +- 1.4578880e-09) pb
LHAPDF 6.4.0 loading /home/a/a_neuw01/LHAPDF-6.4.0/share/LHAPDF/CT18NLO/CT18NLO_0000.dat
CT18NLO PDF set, member #0, version 1; LHAPDF ID = 14400
 alpha_s(M_Z^2) = 0.1180 	 for NLO PDF set 
 alpha_s(4020.000^2) = 0.0754 	 for NLO PDF set 

********************
* LO cross section *
********************
The limits of integration are:

xl[0]=0.000000    xu[0]=1.000000
xl[1]=0.000000    xu[1]=1.000000
xl[2]=0.000000    xu[2]=1.000000

num_dim=3, calls=2000, it_num=1, max_it_num=5 verb=0, alph=1.50,
mode=0, bins=50, boxes=1

       single.......iteration                   accumulated......results   
iteration     integral    sigma             integral         sigma     chi-sq/it

   1        3.5776e-06   1.46e-07          3.5776e-06      1.46e-07    0.00e+00
   2        3.9240e-06   4.72e-08          3.8913e-06      4.50e-08    5.07e+00
   3        3.9443e-06   2.58e-08          3.9311e-06      2.24e-08    3.06e+00
   4        3.9103e-06   2.42e-08          3.9215e-06      1.64e-08    2.17e+00
   5        3.9149e-06   2.48e-08          3.9195e-06      1.37e-08    1.64e+00

num_dim=3, calls=20000, it_num=1, max_it_num=5 verb=0, alph=1.50,
mode=0, bins=50, boxes=1

       single.......iteration                   accumulated......results   
iteration     integral    sigma             integral         sigma     chi-sq/it

   1        3.9420e-06   7.66e-09          3.9420e-06      7.66e-09    0.00e+00
   2        3.9374e-06   7.37e-09          3.9396e-06      5.31e-09    1.88e-01
   3        3.9387e-06   7.14e-09          3.9393e-06      4.26e-09    9.96e-02
   4        3.9399e-06   7.60e-09          3.9394e-06      3.72e-09    6.78e-02
   5        3.9254e-06   7.68e-09          3.9368e-06      3.35e-09    7.28e-01
   5        3.9233e-06   7.65e-09          3.9346e-06      3.07e-09    1.10e+00
   5        3.9318e-06   7.58e-09          3.9342e-06      2.84e-09    9.36e-01
   5        3.9232e-06   7.83e-09          3.9329e-06      2.67e-09    1.05e+00
   5        3.9317e-06   7.96e-09          3.9328e-06      2.53e-09    9.23e-01
   5        3.9202e-06   8.10e-09          3.9317e-06      2.42e-09    1.07e+00
   5        3.9340e-06   8.18e-09          3.9319e-06      2.32e-09    9.67e-01
   5        3.9336e-06   8.40e-09          3.9320e-06      2.23e-09    8.83e-01
   5        3.9400e-06   8.71e-09          3.9325e-06      2.16e-09    8.75e-01
   5        3.9383e-06   9.19e-09          3.9328e-06      2.11e-09    8.37e-01
   5        3.9421e-06   9.57e-09          3.9332e-06      2.06e-09    8.41e-01
   5        3.9277e-06   9.85e-09          3.9330e-06      2.01e-09    8.05e-01
   5        3.9215e-06   1.01e-08          3.9325e-06      1.97e-09    8.33e-01
   5        3.9411e-06   1.04e-08          3.9328e-06      1.94e-09    8.23e-01
   5        3.9441e-06   1.09e-08          3.9332e-06      1.91e-09    8.34e-01
   5        3.9422e-06   1.11e-08          3.9334e-06      1.88e-09    8.24e-01
   5        3.9168e-06   1.16e-08          3.9330e-06      1.86e-09    8.84e-01
   5        3.9420e-06   1.20e-08          3.9332e-06      1.84e-09    8.68e-01
   5        3.9385e-06   1.21e-08          3.9333e-06      1.82e-09    8.37e-01
   5        3.9417e-06   1.24e-08          3.9335e-06      1.80e-09    8.20e-01
   5        3.9461e-06   1.24e-08          3.9338e-06      1.78e-09    8.28e-01
   5        3.9175e-06   1.22e-08          3.9334e-06      1.76e-09    8.65e-01
   5        3.9535e-06   1.27e-08          3.9338e-06      1.74e-09    9.25e-01
   5        3.9314e-06   1.28e-08          3.9338e-06      1.73e-09    8.92e-01
   5        3.9369e-06   1.34e-08          3.9338e-06      1.71e-09    8.62e-01
   5        3.9384e-06   1.28e-08          3.9339e-06      1.70e-09    8.37e-01
   5        3.9320e-06   1.28e-08          3.9339e-06      1.68e-09    8.10e-01
   5        3.9367e-06   1.33e-08          3.9339e-06      1.67e-09    7.85e-01
   5        3.9468e-06   1.33e-08          3.9341e-06      1.66e-09    7.90e-01
   5        3.9263e-06   1.35e-08          3.9340e-06      1.64e-09    7.76e-01
   5        3.9105e-06   1.32e-08          3.9336e-06      1.63e-09    8.44e-01
   5        3.9506e-06   1.36e-08          3.9339e-06      1.62e-09    8.63e-01
   5        3.9075e-06   1.41e-08          3.9335e-06      1.61e-09    9.35e-01
   5        3.9211e-06   1.45e-08          3.9334e-06      1.60e-09    9.30e-01
   5        3.9388e-06   1.46e-08          3.9334e-06      1.59e-09    9.09e-01
   5        3.9256e-06   1.46e-08          3.9334e-06      1.58e-09    8.93e-01
   5        3.9318e-06   1.45e-08          3.9333e-06      1.57e-09    8.71e-01
   5        3.9213e-06   1.49e-08          3.9332e-06      1.56e-09    8.65e-01
   5        3.9742e-06   1.52e-08          3.9336e-06      1.55e-09    1.02e+00
   5        3.9407e-06   1.39e-08          3.9337e-06      1.54e-09    9.98e-01
   5        3.9121e-06   1.41e-08          3.9335e-06      1.54e-09    1.03e+00
   5        3.9328e-06   1.42e-08          3.9335e-06      1.53e-09    1.01e+00
   5        3.9500e-06   1.45e-08          3.9336e-06      1.52e-09    1.01e+00
   5        3.9019e-06   1.45e-08          3.9333e-06      1.51e-09    1.09e+00
   5        3.9642e-06   1.47e-08          3.9336e-06      1.50e-09    1.16e+00
   5        3.9555e-06   1.52e-08          3.9338e-06      1.49e-09    1.18e+00
   5        3.9306e-06   1.52e-08          3.9338e-06      1.49e-09    1.15e+00
   5        3.9167e-06   1.54e-08          3.9336e-06      1.48e-09    1.16e+00
   5        3.9383e-06   1.46e-08          3.9337e-06      1.47e-09    1.14e+00
   5        3.9447e-06   1.46e-08          3.9338e-06      1.47e-09    1.12e+00
   5        3.9503e-06   1.41e-08          3.9340e-06      1.46e-09    1.13e+00
LO = (3.9339753e-06 +- 1.4578880e-09) pb

*******************************************
* virtual corrections + integrated dipole *
*******************************************
The limits of integration are:

xl[0]=0.000000    xu[0]=1.000000
xl[1]=0.000000    xu[1]=1.000000
xl[2]=0.000000    xu[2]=1.000000

num_dim=3, calls=240, it_num=1, max_it_num=5 verb=0, alph=1.50,
mode=0, bins=50, boxes=1

       single.......iteration                   accumulated......results   
iteration     integral    sigma             integral         sigma     chi-sq/it

   1        1.1645e-07   1.41e-08          1.1645e-07      1.41e-08    0.00e+00
   2        1.2265e-07   6.14e-09          1.2167e-07      5.63e-09    1.62e-01
   3        1.2745e-07   3.97e-09          1.2552e-07      3.25e-09    4.32e-01
   4        1.2818e-07   3.36e-09          1.2681e-07      2.33e-09    3.95e-01
   5        1.2997e-07   2.97e-09          1.2802e-07      1.83e-09    4.72e-01

num_dim=3, calls=1200, it_num=1, max_it_num=3 verb=0, alph=1.50,
mode=0, bins=50, boxes=1

       single.......iteration                   accumulated......results   
iteration     integral    sigma             integral         sigma     chi-sq/it

   1        1.2272e-07   1.30e-09          1.2272e-07      1.30e-09    0.00e+00
   2        1.2534e-07   1.09e-09          1.2425e-07      8.37e-10    2.37e+00
   3        1.2468e-07   1.04e-09          1.2442e-07      6.52e-10    1.23e+00
vNLO = (1.2441934e-07 +- 6.5220014e-10) pb

*****************************
* collinear remainder (P+K) *
*****************************
The limits of integration are:

xl[0]=0.000000    xu[0]=1.000000
xl[1]=0.000000    xu[1]=1.000000
xl[2]=0.000000    xu[2]=1.000000
xl[3]=0.000000    xu[3]=1.000000

num_dim=4, calls=2500, it_num=1, max_it_num=5 verb=0, alph=1.50,
mode=0, bins=50, boxes=1

       single.......iteration                   accumulated......results   
iteration     integral    sigma             integral         sigma     chi-sq/it

   1        8.2700e-07   5.21e-08          8.2700e-07      5.21e-08    0.00e+00
   2        8.1773e-07   1.32e-08          8.1829e-07      1.28e-08    2.97e-02
   3        7.9703e-07   8.43e-09          8.0344e-07      7.04e-09    9.75e-01
   4        8.1084e-07   7.45e-09          8.0693e-07      5.12e-09    8.24e-01
   5        8.0376e-07   7.33e-09          8.0589e-07      4.19e-09    6.49e-01

num_dim=4, calls=25000, it_num=1, max_it_num=3 verb=0, alph=1.50,
mode=0, bins=50, boxes=1

       single.......iteration                   accumulated......results   
iteration     integral    sigma             integral         sigma     chi-sq/it

   1        7.9892e-07   2.32e-09          7.9892e-07      2.32e-09    0.00e+00
   2        8.0264e-07   2.31e-09          8.0078e-07      1.64e-09    1.29e+00
   3        7.9853e-07   2.30e-09          8.0003e-07      1.33e-09    9.64e-01
   3        7.9850e-07   2.30e-09          7.9964e-07      1.15e-09    7.52e-01
P+K = (7.9964130e-07 +- 1.1535075e-09) pb

********************************
* real gluon emission - dipole *
********************************
The limits of integration are:

xl[0]=0.000000    xu[0]=1.000000
xl[1]=0.000000    xu[1]=1.000000
xl[2]=0.000000    xu[2]=1.000000
xl[3]=0.000000    xu[3]=1.000000
xl[4]=0.000000    xu[4]=1.000000
xl[5]=0.000000    xu[5]=1.000000

num_dim=6, calls=250, it_num=1, max_it_num=5 verb=0, alph=1.50,
mode=0, bins=50, boxes=1

       single.......iteration                   accumulated......results   
iteration     integral    sigma             integral         sigma     chi-sq/it

   1        -2.8645e-09   6.27e-10          -2.8645e-09      6.27e-10    0.00e+00
   2        -3.3304e-09   6.85e-10          -3.0768e-09      4.62e-10    2.52e-01
   3        -3.5743e-09   5.63e-10          -3.2772e-09      3.57e-10    3.59e-01
   4        -3.9437e-09   5.23e-10          -3.4895e-09      2.95e-10    6.09e-01
   5        -3.4100e-09   3.16e-10          -3.4525e-09      2.16e-10    4.65e-01

num_dim=6, calls=2500, it_num=1, max_it_num=3 verb=0, alph=1.50,
mode=0, bins=50, boxes=1

       single.......iteration                   accumulated......results   
iteration     integral    sigma             integral         sigma     chi-sq/it

   1        -3.4047e-09   9.60e-11          -3.4047e-09      9.60e-11    0.00e+00
   2        -3.3715e-09   5.16e-11          -3.3790e-09      4.54e-11    9.27e-02
   3        -3.3785e-09   4.03e-11          -3.3787e-09      3.02e-11    4.64e-02
   3        -3.3440e-09   3.45e-11          -3.3636e-09      2.27e-11    2.22e-01
   3        -3.3729e-09   3.07e-11          -3.3669e-09      1.82e-11    1.81e-01
   3        -3.3436e-09   2.72e-11          -3.3597e-09      1.51e-11    2.47e-01
   3        -3.3536e-09   2.91e-11          -3.3584e-09      1.34e-11    2.12e-01
   3        -3.3733e-09   2.79e-11          -3.3612e-09      1.21e-11    2.14e-01
   3        -3.3445e-09   2.59e-11          -3.3582e-09      1.10e-11    2.30e-01
   3        -3.3779e-09   2.61e-11          -3.3612e-09      1.01e-11    2.59e-01
   3        -3.3604e-09   2.65e-11          -3.3611e-09      9.45e-12    2.33e-01
   3        -3.3213e-09   2.68e-11          -3.3567e-09      8.91e-12    3.90e-01
   3        -3.3805e-09   2.57e-11          -3.3592e-09      8.42e-12    4.22e-01
   3        -3.3566e-09   2.53e-11          -3.3590e-09      7.99e-12    3.90e-01
   3        -3.3277e-09   2.50e-11          -3.3561e-09      7.61e-12    4.63e-01
   3        -3.3754e-09   2.86e-11          -3.3574e-09      7.35e-12    4.61e-01
   3        -3.3550e-09   3.09e-11          -3.3572e-09      7.15e-12    4.32e-01
   3        -3.3308e-09   2.69e-11          -3.3555e-09      6.91e-12    4.60e-01
   3        -3.3882e-09   2.98e-11          -3.3572e-09      6.73e-12    4.98e-01
   3        -3.3012e-09   2.81e-11          -3.3541e-09      6.55e-12    6.70e-01
rNLOg = (-3.3541124e-09 +- 6.5482247e-12) pb

**************************************************
* real light quark emission - dipole - (onshell) *
**************************************************
The limits of integration are:

xl[0]=0.000000    xu[0]=1.000000
xl[1]=0.000000    xu[1]=1.000000
xl[2]=0.000000    xu[2]=1.000000
xl[3]=0.000000    xu[3]=1.000000
xl[4]=0.000000    xu[4]=1.000000
xl[5]=0.000000    xu[5]=1.000000

num_dim=6, calls=5000, it_num=1, max_it_num=5 verb=0, alph=1.50,
mode=0, bins=50, boxes=1

       single.......iteration                   accumulated......results   
iteration     integral    sigma             integral         sigma     chi-sq/it

   1        8.6275e-09   4.14e-10          8.6275e-09      4.14e-10    0.00e+00
   2        8.5217e-09   2.07e-10          8.5429e-09      1.85e-10    5.23e-02
   3        8.5208e-09   1.17e-10          8.5271e-09      9.87e-11    3.12e-02
   4        8.5286e-09   6.14e-11          8.5282e-09      5.21e-11    2.09e-02
   5        8.5140e-09   4.74e-11          8.5204e-09      3.51e-11    2.57e-02

num_dim=6, calls=50000, it_num=1, max_it_num=5 verb=0, alph=1.50,
mode=0, bins=50, boxes=1

       single.......iteration                   accumulated......results   
iteration     integral    sigma             integral         sigma     chi-sq/it

   1        8.4921e-09   1.45e-11          8.4921e-09      1.45e-11    0.00e+00
   2        8.5067e-09   1.94e-11          8.4974e-09      1.16e-11    3.63e-01
   3        8.5203e-09   2.02e-11          8.5031e-09      1.01e-11    6.67e-01
   4        8.5083e-09   1.59e-11          8.5046e-09      8.51e-12    4.70e-01
   5        8.5105e-09   1.70e-11          8.5058e-09      7.61e-12    3.77e-01
   5        8.4934e-09   1.46e-11          8.5031e-09      6.75e-12    4.14e-01
   5        8.4724e-09   1.35e-11          8.4970e-09      6.04e-12    1.04e+00
rNLOq = (8.4969786e-09 +- 6.0372001e-12) pb
NLO = (4.8631788e-06 +- 1.9701424e-09) pb
#chisq/dof = 1.80122e-09
#status = iteration is not making progress towards solution
#chisq/dof = 7.15196e-11
#status = success
#chisq/dof = 3.05143e-10
#status = success
#chisq/dof = 1.94888e-11
#status = success
#chisq/dof = 1.03556e-11
#status = success
#chisq/dof = 2.91979e-12
#status = iteration is not making progress towards solution
#chisq/dof = 1.71624e-11
#status = success
#chisq/dof = 6.13228e-12
#status = success

******************************************************
* threshold resummation (unimproved nll) - expansion *
******************************************************
The limits of integration are:

xl[0]=0.000000    xu[0]=1.000000
xl[1]=0.000000    xu[1]=1.000000
xl[2]=0.000000    xu[2]=1.000000

num_dim=3, calls=7000, it_num=1, max_it_num=5 verb=0, alph=1.50,
mode=0, bins=50, boxes=1

       single.......iteration                   accumulated......results   
iteration     integral    sigma             integral         sigma     chi-sq/it

   1        2.5841e-07   2.98e-08          2.5841e-07      2.98e-08    0.00e+00
   2        1.9716e-07   2.01e-08          2.1641e-07      1.67e-08    2.91e+00
   3        2.1785e-07   1.83e-08          2.1706e-07      1.23e-08    1.45e+00
   4        2.1432e-07   1.81e-08          2.1619e-07      1.02e-08    9.75e-01
   5        1.7287e-07   1.80e-08          2.0572e-07      8.87e-09    1.82e+00

num_dim=3, calls=35000, it_num=1, max_it_num=3 verb=0, alph=1.50,
mode=0, bins=50, boxes=1

       single.......iteration                   accumulated......results   
iteration     integral    sigma             integral         sigma     chi-sq/it

   1        2.1706e-07   8.02e-09          2.1706e-07      8.02e-09    0.00e+00
   2        2.0881e-07   8.00e-09          2.1292e-07      5.67e-09    5.29e-01
   3        2.0305e-07   7.98e-09          2.0961e-07      4.62e-09    7.73e-01
   3        2.1953e-07   8.03e-09          2.1208e-07      4.00e-09    8.97e-01
   3        2.0971e-07   7.99e-09          2.1160e-07      3.58e-09    6.90e-01
   3        2.1805e-07   7.99e-09          2.1268e-07      3.27e-09    6.61e-01
   3        2.2181e-07   8.03e-09          2.1398e-07      3.03e-09    7.35e-01
   3        2.2457e-07   8.03e-09          2.1529e-07      2.83e-09    8.48e-01
   3        2.1533e-07   8.04e-09          2.1530e-07      2.67e-09    7.42e-01
   3        2.0354e-07   8.00e-09          2.1412e-07      2.53e-09    8.75e-01
   3        2.2089e-07   8.03e-09          2.1473e-07      2.42e-09    8.53e-01
   3        2.2757e-07   8.06e-09          2.1579e-07      2.31e-09    9.87e-01
   3        2.2157e-07   8.09e-09          2.1623e-07      2.23e-09    9.44e-01
   3        2.1430e-07   8.08e-09          2.1609e-07      2.15e-09    8.75e-01
   3        2.2502e-07   8.10e-09          2.1668e-07      2.07e-09    8.94e-01
   3        2.3744e-07   8.07e-09          2.1796e-07      2.01e-09    1.25e+00
   3        2.2516e-07   8.12e-09          2.1838e-07      1.95e-09    1.22e+00
   3        2.2516e-07   8.11e-09          2.1875e-07      1.90e-09    1.18e+00
   3        2.0756e-07   8.17e-09          2.1818e-07      1.85e-09    1.22e+00
   3        2.1295e-07   8.18e-09          2.1792e-07      1.80e-09    1.17e+00
   3        2.0996e-07   8.19e-09          2.1756e-07      1.76e-09    1.16e+00
   3        2.3628e-07   8.18e-09          2.1838e-07      1.72e-09    1.34e+00
   3        2.3525e-07   8.25e-09          2.1909e-07      1.68e-09    1.46e+00
   3        2.3475e-07   8.26e-09          2.1971e-07      1.65e-09    1.55e+00
   3        2.2433e-07   8.32e-09          2.1989e-07      1.62e-09    1.50e+00
   3        2.1973e-07   8.27e-09          2.1988e-07      1.59e-09    1.44e+00
   3        2.1703e-07   8.28e-09          2.1978e-07      1.56e-09    1.39e+00
   3        2.2447e-07   8.30e-09          2.1994e-07      1.53e-09    1.35e+00
   3        2.1945e-07   8.33e-09          2.1992e-07      1.51e-09    1.30e+00
   3        2.2279e-07   8.39e-09          2.2001e-07      1.48e-09    1.26e+00
   3        2.0928e-07   8.36e-09          2.1968e-07      1.46e-09    1.27e+00
   3        2.2511e-07   8.46e-09          2.1984e-07      1.44e-09    1.24e+00
   3        2.3839e-07   8.46e-09          2.2036e-07      1.42e-09    1.35e+00
   3        2.1858e-07   8.42e-09          2.2031e-07      1.40e-09    1.31e+00
   3        2.3218e-07   8.44e-09          2.2063e-07      1.38e-09    1.33e+00
   3        2.1170e-07   8.48e-09          2.2040e-07      1.36e-09    1.32e+00
   3        2.2685e-07   8.52e-09          2.2056e-07      1.35e-09    1.30e+00
   3        2.2558e-07   8.55e-09          2.2068e-07      1.33e-09    1.27e+00
   3        2.1747e-07   8.56e-09          2.2061e-07      1.31e-09    1.24e+00
   3        2.2541e-07   8.60e-09          2.2072e-07      1.30e-09    1.22e+00
NLO+NLL = (5.0838958e-06 +- 2.3595527e-09) pb

Results:
LO = (3.9339753e-06 +- 1.4578880e-09) pb
NLO = (4.8631788e-06 +- 1.9701424e-09) pb
NLO+NLL = (5.0838958e-06 +- 2.3595527e-09) pb
Thanks for using LHAPDF 6.4.0. Please make sure to cite the paper:
  Eur.Phys.J. C75 (2015) 3, 132  (http://arxiv.org/abs/1412.7420)
 ====================================================
   FF 2.0, a package to evaluate one-loop integrals
 written by G. J. van Oldenborgh, NIKHEF-H, Amsterdam
 ====================================================
 for the algorithms used see preprint NIKHEF-H 89/17,
 'New Algorithms for One-loop Integrals', by G.J. van
 Oldenborgh and J.A.M. Vermaseren, published in 
 Zeitschrift fuer Physik C46(1990)425.
 ====================================================
 
total number of errors and warnings
===================================
fferr: no errors
 
