
  Welcome to Resummino git-latest
  Copyright 2008-2010 Jonathan Debove.
  Copyright 2011-2014 David R. Lamprea.
  Copyright 2011-2016 Marcel Rothering.

  Licensed under the EUPL 1.1 or later.
  See http://www.resummino.org/ for more information.

  If using Resummino for slepton pair production, please cite.
  - G. Bozzi, B. Fuks, M. Klasen, PRD 74, 015001 (2006); NPB 777, 157 (2007); NPB 794, 46 (2007).
  - B. Fuks, M. Klasen, D. R. Lamprea, M. Rothering, EPJC 73, 2480 (2013).

  For gaugino pair production, please cite:
  - J. Debove, B. Fuks, M. Klasen, PLB 688, 208 (2010); NPB 842, 51 (2011); NPB 849, 64 (2011).
  - B. Fuks, M. Klasen, D. R. Lamprea, M. Rothering, JHEP 1210, 081 (2012); EPJC 73, 2480 (2013).

  For associated gaugino gluino production, please cite:
  - B. Fuks, M. Klasen, M. Rothering, JHEP 07:053, (2016).
  - B. Fuks, M. Klasen, D. R. Lamprea, M. Rothering, EPJC 73, 2480 (2013).

LHAPDF 6.2.3 loading /pool/condor/dir_56579/resummino-releases/lhapdf-prefix/share/LHAPDF/PDF4LHC21_40/PDF4LHC21_40_0000.dat
PDF4LHC21_40 PDF set, member #0, version 1
 alpha_s(M_Z^2) = 0.1180 	 for LO PDF set 
 alpha_s(100.000^2) = 0.1164 	 for LO PDF set 

********************
* LO cross section *
********************
The limits of integration are:

xl[0]=0.000000    xu[0]=1.000000
xl[1]=0.000000    xu[1]=1.000000
xl[2]=0.000000    xu[2]=1.000000

num_dim=3, calls=2000, it_num=1, max_it_num=5 verb=0, alph=1.50,
mode=0, bins=50, boxes=1

       single.......iteration                   accumulated......results   
iteration     integral    sigma             integral         sigma     chi-sq/it

   1        1.1558e-11   3.96e-13          1.1558e-11      3.96e-13    0.00e+00
   2        1.1789e-11   1.27e-13          1.1767e-11      1.21e-13    3.08e-01
   3        1.2007e-11   7.44e-14          1.1941e-11      6.33e-14    1.58e+00
   4        1.1929e-11   6.94e-14          1.1936e-11      4.68e-14    1.06e+00
   5        1.1852e-11   7.27e-14          1.1911e-11      3.93e-14    1.03e+00

num_dim=3, calls=20000, it_num=1, max_it_num=5 verb=0, alph=1.50,
mode=0, bins=50, boxes=1

       single.......iteration                   accumulated......results   
iteration     integral    sigma             integral         sigma     chi-sq/it

   1        1.1890e-11   2.22e-14          1.1890e-11      2.22e-14    0.00e+00
   2        1.1901e-11   2.18e-14          1.1896e-11      1.55e-14    1.06e-01
   3        1.1949e-11   2.17e-14          1.1914e-11      1.26e-14    2.04e+00
   4        1.1932e-11   2.25e-14          1.1918e-11      1.10e-14    1.52e+00
   5        1.1867e-11   2.23e-14          1.1908e-11      9.88e-15    2.18e+00
   5        1.1909e-11   2.26e-14          1.1908e-11      9.05e-15    1.75e+00
   5        1.1924e-11   2.28e-14          1.1910e-11      8.42e-15    1.53e+00
   5        1.1900e-11   2.30e-14          1.1909e-11      7.91e-15    1.33e+00
LO = (1.1909219e-11 +- 7.9050015e-15) pb
LHAPDF 6.2.3 loading /pool/condor/dir_56579/resummino-releases/lhapdf-prefix/share/LHAPDF/PDF4LHC21_40/PDF4LHC21_40_0000.dat
PDF4LHC21_40 PDF set, member #0, version 1
 alpha_s(M_Z^2) = 0.1180 	 for NLO PDF set 
 alpha_s(100.000^2) = 0.1164 	 for NLO PDF set 

********************
* LO cross section *
********************
The limits of integration are:

xl[0]=0.000000    xu[0]=1.000000
xl[1]=0.000000    xu[1]=1.000000
xl[2]=0.000000    xu[2]=1.000000

num_dim=3, calls=2000, it_num=1, max_it_num=5 verb=0, alph=1.50,
mode=0, bins=50, boxes=1

       single.......iteration                   accumulated......results   
iteration     integral    sigma             integral         sigma     chi-sq/it

   1        1.1558e-11   3.96e-13          1.1558e-11      3.96e-13    0.00e+00
   2        1.1789e-11   1.27e-13          1.1767e-11      1.21e-13    3.08e-01
   3        1.2007e-11   7.44e-14          1.1941e-11      6.33e-14    1.58e+00
   4        1.1929e-11   6.94e-14          1.1936e-11      4.68e-14    1.06e+00
   5        1.1852e-11   7.27e-14          1.1911e-11      3.93e-14    1.03e+00

num_dim=3, calls=20000, it_num=1, max_it_num=5 verb=0, alph=1.50,
mode=0, bins=50, boxes=1

       single.......iteration                   accumulated......results   
iteration     integral    sigma             integral         sigma     chi-sq/it

   1        1.1890e-11   2.22e-14          1.1890e-11      2.22e-14    0.00e+00
   2        1.1901e-11   2.18e-14          1.1896e-11      1.55e-14    1.06e-01
   3        1.1949e-11   2.17e-14          1.1914e-11      1.26e-14    2.04e+00
   4        1.1932e-11   2.25e-14          1.1918e-11      1.10e-14    1.52e+00
   5        1.1867e-11   2.23e-14          1.1908e-11      9.88e-15    2.18e+00
   5        1.1909e-11   2.26e-14          1.1908e-11      9.05e-15    1.75e+00
   5        1.1924e-11   2.28e-14          1.1910e-11      8.42e-15    1.53e+00
   5        1.1900e-11   2.30e-14          1.1909e-11      7.91e-15    1.33e+00
   5        1.1890e-11   2.37e-14          1.1907e-11      7.50e-15    1.24e+00
   5        1.1864e-11   2.41e-14          1.1903e-11      7.16e-15    1.43e+00
   5        1.1902e-11   2.52e-14          1.1903e-11      6.89e-15    1.29e+00
   5        1.1888e-11   2.52e-14          1.1902e-11      6.64e-15    1.20e+00
   5        1.1928e-11   2.64e-14          1.1904e-11      6.44e-15    1.17e+00
   5        1.1883e-11   2.70e-14          1.1903e-11      6.27e-15    1.13e+00
   5        1.1902e-11   2.84e-14          1.1903e-11      6.12e-15    1.05e+00
   5        1.1890e-11   2.88e-14          1.1902e-11      5.99e-15    9.89e-01
   5        1.1887e-11   2.94e-14          1.1902e-11      5.87e-15    9.43e-01
   5        1.1946e-11   2.99e-14          1.1903e-11      5.76e-15    1.01e+00
   5        1.1942e-11   3.18e-14          1.1904e-11      5.66e-15    1.04e+00
   5        1.1948e-11   3.18e-14          1.1906e-11      5.58e-15    1.08e+00
   5        1.1887e-11   3.30e-14          1.1905e-11      5.50e-15    1.04e+00
   5        1.1900e-11   3.38e-14          1.1905e-11      5.43e-15    9.91e-01
   5        1.1927e-11   3.41e-14          1.1906e-11      5.36e-15    9.64e-01
   5        1.1876e-11   3.58e-14          1.1905e-11      5.30e-15    9.50e-01
   5        1.1958e-11   3.55e-14          1.1906e-11      5.24e-15    1.00e+00
   5        1.1912e-11   3.57e-14          1.1906e-11      5.19e-15    9.64e-01
   5        1.1968e-11   3.75e-14          1.1907e-11      5.14e-15    1.03e+00
   5        1.1918e-11   3.61e-14          1.1908e-11      5.09e-15    9.96e-01
   5        1.1895e-11   3.72e-14          1.1907e-11      5.04e-15    9.64e-01
   5        1.1952e-11   3.93e-14          1.1908e-11      5.00e-15    9.75e-01
   5        1.1905e-11   3.77e-14          1.1908e-11      4.96e-15    9.43e-01
   5        1.1914e-11   3.92e-14          1.1908e-11      4.92e-15    9.13e-01
   5        1.1963e-11   3.78e-14          1.1909e-11      4.88e-15    9.49e-01
   5        1.1868e-11   3.85e-14          1.1908e-11      4.84e-15    9.54e-01
   5        1.1882e-11   3.90e-14          1.1908e-11      4.80e-15    9.39e-01
   5        1.1968e-11   4.04e-14          1.1909e-11      4.77e-15    9.76e-01
   5        1.1800e-11   3.69e-14          1.1907e-11      4.73e-15    1.19e+00
   5        1.1863e-11   3.77e-14          1.1906e-11      4.69e-15    1.19e+00
   5        1.1960e-11   3.83e-14          1.1907e-11      4.66e-15    1.21e+00
   5        1.1909e-11   3.97e-14          1.1907e-11      4.62e-15    1.18e+00
   5        1.1940e-11   4.05e-14          1.1908e-11      4.59e-15    1.17e+00
   5        1.1927e-11   4.06e-14          1.1908e-11      4.57e-15    1.15e+00
   5        1.1987e-11   4.11e-14          1.1909e-11      4.54e-15    1.21e+00
   5        1.1915e-11   4.13e-14          1.1909e-11      4.51e-15    1.18e+00
   5        1.1888e-11   4.26e-14          1.1909e-11      4.49e-15    1.16e+00
   5        1.1905e-11   4.33e-14          1.1909e-11      4.46e-15    1.13e+00
   5        1.1956e-11   4.42e-14          1.1909e-11      4.44e-15    1.13e+00
   5        1.1814e-11   4.29e-14          1.1908e-11      4.42e-15    1.21e+00
   5        1.1992e-11   4.47e-14          1.1909e-11      4.39e-15    1.26e+00
   5        1.1982e-11   4.35e-14          1.1910e-11      4.37e-15    1.29e+00
   5        1.1901e-11   4.38e-14          1.1910e-11      4.35e-15    1.27e+00
   5        1.1810e-11   4.35e-14          1.1909e-11      4.33e-15    1.34e+00
   5        1.1900e-11   4.44e-14          1.1909e-11      4.31e-15    1.32e+00
   5        1.1920e-11   4.68e-14          1.1909e-11      4.29e-15    1.29e+00
   5        1.1972e-11   4.44e-14          1.1909e-11      4.27e-15    1.31e+00
LO = (1.1909201e-11 +- 4.2700295e-15) pb

*******************************************
* virtual corrections + integrated dipole *
*******************************************
The limits of integration are:

xl[0]=0.000000    xu[0]=1.000000
xl[1]=0.000000    xu[1]=1.000000
xl[2]=0.000000    xu[2]=1.000000

num_dim=3, calls=240, it_num=1, max_it_num=5 verb=0, alph=1.50,
mode=0, bins=50, boxes=1

       single.......iteration                   accumulated......results   
iteration     integral    sigma             integral         sigma     chi-sq/it

   1        1.9380e-12   2.03e-13          1.9380e-12      2.03e-13    0.00e+00
   2        1.8601e-12   7.39e-14          1.8692e-12      6.94e-14    1.30e-01
   3        2.0630e-12   5.45e-14          1.9891e-12      4.29e-14    2.47e+00
   4        2.0412e-12   4.28e-14          2.0152e-12      3.03e-14    1.90e+00
   5        2.1542e-12   4.91e-14          2.0536e-12      2.58e-14    2.88e+00

num_dim=3, calls=1200, it_num=1, max_it_num=3 verb=0, alph=1.50,
mode=0, bins=50, boxes=1

       single.......iteration                   accumulated......results   
iteration     integral    sigma             integral         sigma     chi-sq/it

   1        2.0245e-12   2.10e-14          2.0245e-12      2.10e-14    0.00e+00
   2        2.0743e-12   1.80e-14          2.0532e-12      1.37e-14    3.23e+00
   3        2.0590e-12   1.69e-14          2.0555e-12      1.06e-14    1.65e+00
   3        2.0894e-12   1.67e-14          2.0652e-12      8.97e-15    2.08e+00
   3        2.0558e-12   1.69e-14          2.0631e-12      7.92e-15    1.62e+00
   3        2.0650e-12   1.64e-14          2.0635e-12      7.13e-15    1.30e+00
   3        2.0404e-12   1.83e-14          2.0604e-12      6.64e-15    1.31e+00
   3        2.0732e-12   1.74e-14          2.0621e-12      6.21e-15    1.19e+00
   3        2.0644e-12   1.61e-14          2.0624e-12      5.79e-15    1.04e+00
   3        2.0585e-12   1.72e-14          2.0620e-12      5.49e-15    9.33e-01
   3        2.0363e-12   1.73e-14          2.0596e-12      5.23e-15    1.04e+00
   3        2.0504e-12   1.70e-14          2.0588e-12      5.00e-15    9.69e-01
   3        2.0673e-12   1.63e-14          2.0596e-12      4.78e-15    9.09e-01
   3        2.0766e-12   1.77e-14          2.0607e-12      4.61e-15    9.05e-01
   3        2.0656e-12   1.76e-14          2.0610e-12      4.46e-15    8.46e-01
   3        2.0404e-12   1.77e-14          2.0598e-12      4.33e-15    8.75e-01
   3        2.0531e-12   1.64e-14          2.0594e-12      4.18e-15    8.30e-01
   3        2.0380e-12   1.67e-14          2.0581e-12      4.06e-15    8.72e-01
   3        2.0708e-12   1.72e-14          2.0588e-12      3.95e-15    8.53e-01
vNLO = (2.0587768e-12 +- 3.9497297e-15) pb

*****************************
* collinear remainder (P+K) *
*****************************
The limits of integration are:

xl[0]=0.000000    xu[0]=1.000000
xl[1]=0.000000    xu[1]=1.000000
xl[2]=0.000000    xu[2]=1.000000
xl[3]=0.000000    xu[3]=1.000000

num_dim=4, calls=2500, it_num=1, max_it_num=5 verb=0, alph=1.50,
mode=0, bins=50, boxes=1

       single.......iteration                   accumulated......results   
iteration     integral    sigma             integral         sigma     chi-sq/it

   1        8.8217e-13   1.19e-13          8.8217e-13      1.19e-13    0.00e+00
   2        7.3101e-13   6.13e-14          7.6267e-13      5.45e-14    1.27e+00
   3        6.6564e-13   5.28e-14          7.1265e-13      3.79e-14    1.45e+00
   4        6.8936e-13   5.10e-14          7.0436e-13      3.04e-14    1.01e+00
   5        6.3529e-13   5.12e-14          6.8631e-13      2.62e-14    1.10e+00

num_dim=4, calls=25000, it_num=1, max_it_num=3 verb=0, alph=1.50,
mode=0, bins=50, boxes=1

       single.......iteration                   accumulated......results   
iteration     integral    sigma             integral         sigma     chi-sq/it

   1        6.3511e-13   1.65e-14          6.3511e-13      1.65e-14    0.00e+00
   2        6.2421e-13   1.64e-14          6.2961e-13      1.16e-14    2.19e-01
   3        6.3650e-13   1.63e-14          6.3195e-13      9.46e-15    1.69e-01
   3        6.2994e-13   1.63e-14          6.3144e-13      8.19e-15    1.16e-01
   3        6.5327e-13   1.64e-14          6.3578e-13      7.33e-15    4.40e-01
   3        6.3991e-13   1.64e-14          6.3647e-13      6.69e-15    3.62e-01
   3        6.5115e-13   1.64e-14          6.3856e-13      6.20e-15    4.16e-01
   3        6.1513e-13   1.64e-14          6.3563e-13      5.80e-15    6.12e-01
   3        6.1956e-13   1.65e-14          6.3386e-13      5.47e-15    6.42e-01
   3        6.3751e-13   1.65e-14          6.3422e-13      5.19e-15    5.75e-01
   3        6.2868e-13   1.64e-14          6.3372e-13      4.95e-15    5.28e-01
   3        6.4015e-13   1.65e-14          6.3425e-13      4.74e-15    4.93e-01
   3        6.5786e-13   1.66e-14          6.3604e-13      4.56e-15    6.08e-01
   3        6.0862e-13   1.65e-14          6.3410e-13      4.39e-15    7.58e-01
   3        6.3400e-13   1.67e-14          6.3410e-13      4.25e-15    7.04e-01
   3        6.2408e-13   1.66e-14          6.3348e-13      4.12e-15    6.80e-01
   3        6.3336e-13   1.68e-14          6.3347e-13      4.00e-15    6.37e-01
   3        6.0683e-13   1.68e-14          6.3204e-13      3.89e-15    7.40e-01
P+K = (6.3204076e-13 +- 3.8879152e-15) pb

********************************
* real gluon emission - dipole *
********************************
The limits of integration are:

xl[0]=0.000000    xu[0]=1.000000
xl[1]=0.000000    xu[1]=1.000000
xl[2]=0.000000    xu[2]=1.000000
xl[3]=0.000000    xu[3]=1.000000
xl[4]=0.000000    xu[4]=1.000000
xl[5]=0.000000    xu[5]=1.000000

num_dim=6, calls=250, it_num=1, max_it_num=5 verb=0, alph=1.50,
mode=0, bins=50, boxes=1

       single.......iteration                   accumulated......results   
iteration     integral    sigma             integral         sigma     chi-sq/it

   1        -8.2984e-14   2.01e-14          -8.2984e-14      2.01e-14    0.00e+00
   2        -8.8318e-14   2.13e-14          -8.5503e-14      1.46e-14    3.31e-02
   3        -8.9502e-14   1.85e-14          -8.7042e-14      1.15e-14    3.09e-02
   4        -7.3702e-14   1.41e-14          -8.1718e-14      8.90e-15    2.00e-01
   5        -9.6405e-14   1.78e-14          -8.4647e-14      7.96e-15    2.86e-01

num_dim=6, calls=2500, it_num=1, max_it_num=3 verb=0, alph=1.50,
mode=0, bins=50, boxes=1

       single.......iteration                   accumulated......results   
iteration     integral    sigma             integral         sigma     chi-sq/it

   1        -7.7109e-14   4.42e-15          -7.7109e-14      4.42e-15    0.00e+00
   2        -7.6031e-14   2.24e-15          -7.6252e-14      2.00e-15    4.72e-02
   3        -8.1566e-14   1.78e-15          -7.9222e-14      1.33e-15    2.00e+00
   3        -7.9721e-14   1.48e-15          -7.9444e-14      9.89e-16    1.35e+00
rNLOg = (-7.9444099e-14 +- 9.8940919e-16) pb

**************************************************
* real light quark emission - dipole - (onshell) *
**************************************************
The limits of integration are:

xl[0]=0.000000    xu[0]=1.000000
xl[1]=0.000000    xu[1]=1.000000
xl[2]=0.000000    xu[2]=1.000000
xl[3]=0.000000    xu[3]=1.000000
xl[4]=0.000000    xu[4]=1.000000
xl[5]=0.000000    xu[5]=1.000000

num_dim=6, calls=5000, it_num=1, max_it_num=5 verb=0, alph=1.50,
mode=0, bins=50, boxes=1

       single.......iteration                   accumulated......results   
iteration     integral    sigma             integral         sigma     chi-sq/it

   1        2.9300e-13   2.11e-14          2.9300e-13      2.11e-14    0.00e+00
   2        3.0408e-13   6.71e-15          3.0306e-13      6.40e-15    2.51e-01
   3        2.8921e-13   3.63e-15          2.9258e-13      3.16e-15    1.90e+00
   4        2.8764e-13   3.20e-15          2.9014e-13      2.25e-15    1.67e+00
   5        2.8855e-13   2.90e-15          2.8955e-13      1.78e-15    1.30e+00

num_dim=6, calls=50000, it_num=1, max_it_num=5 verb=0, alph=1.50,
mode=0, bins=50, boxes=1

       single.......iteration                   accumulated......results   
iteration     integral    sigma             integral         sigma     chi-sq/it

   1        2.8939e-13   9.17e-16          2.8939e-13      9.17e-16    0.00e+00
   2        2.9085e-13   9.50e-16          2.9010e-13      6.60e-16    1.22e+00
   3        2.9263e-13   1.06e-15          2.9080e-13      5.61e-16    2.66e+00
   4        2.9039e-13   9.83e-16          2.9070e-13      4.87e-16    1.81e+00
   5        2.9077e-13   1.01e-15          2.9071e-13      4.38e-16    1.36e+00
rNLOq = (2.9071339e-13 +- 4.3846772e-16) pb
NLO = (1.4811288e-11 +- 7.0795894e-15) pb
#chisq/dof = 7.3751e-07
#status = success
#chisq/dof = 2.24809e-08
#status = success
#chisq/dof = 8.13765e-10
#status = success
#chisq/dof = 5.47125e-09
#status = success
#chisq/dof = 8.71864e-10
#status = success
#chisq/dof = 4.89849e-10
#status = success
#chisq/dof = 7.22441e-09
#status = success
#chisq/dof = 1.00432e-09
#status = success

*******************************************************
* threshold resummation (unimproved nnll) - expansion *
*******************************************************
The limits of integration are:

xl[0]=0.000000    xu[0]=1.000000
xl[1]=0.000000    xu[1]=1.000000
xl[2]=0.000000    xu[2]=1.000000

num_dim=3, calls=7000, it_num=1, max_it_num=5 verb=0, alph=1.50,
mode=0, bins=50, boxes=1

       single.......iteration                   accumulated......results   
iteration     integral    sigma             integral         sigma     chi-sq/it

   1        -4.5427e-12   2.21e-12          -4.5427e-12      2.21e-12    0.00e+00
   2        -1.2036e-13   8.06e-13          -6.4180e-13      7.57e-13    3.55e+00
   3        1.4923e-12   6.95e-13          5.1701e-13      5.12e-13    3.93e+00
   4        8.5071e-16   6.82e-13          3.3087e-13      4.09e-13    2.74e+00
   5        1.0725e-12   6.76e-13          5.2974e-13      3.50e-13    2.28e+00

num_dim=3, calls=35000, it_num=1, max_it_num=5 verb=0, alph=1.50,
mode=0, bins=50, boxes=1

       single.......iteration                   accumulated......results   
iteration     integral    sigma             integral         sigma     chi-sq/it

   1        9.3887e-14   3.06e-13          9.3887e-14      3.06e-13    0.00e+00
   2        -4.4795e-14   3.03e-13          2.3951e-14      2.15e-13    1.04e-01
   3        2.4906e-14   3.04e-13          2.4270e-14      1.76e-13    5.19e-02
   4        2.4208e-13   3.04e-13          7.8879e-14      1.52e-13    1.63e-01
   5        -1.3139e-13   3.05e-13          3.6974e-14      1.36e-13    2.18e-01
   5        2.6592e-14   3.06e-13          3.5258e-14      1.24e-13    1.74e-01
   5        1.7690e-13   3.06e-13          5.5288e-14      1.15e-13    1.76e-01
   5        -4.9291e-14   3.07e-13          4.2396e-14      1.08e-13    1.65e-01
   5        -2.0390e-13   3.07e-13          1.5394e-14      1.02e-13    2.16e-01
   5        -1.4494e-13   3.06e-13          -5.4899e-16      9.65e-14    2.20e-01
aNNLO+NNLL = (1.4810739e-11 +- 9.6791148e-14) pb

Results:
LO = (1.1909219e-11 +- 7.9050015e-15) pb
NLO = (1.4811288e-11 +- 7.0795894e-15) pb
aNNLO+NNLL = (1.4810739e-11 +- 9.6791148e-14) pb
Thanks for using LHAPDF 6.2.3. Please make sure to cite the paper:
  Eur.Phys.J. C75 (2015) 3, 132  (http://arxiv.org/abs/1412.7420)
 ====================================================
   FF 2.0, a package to evaluate one-loop integrals
 written by G. J. van Oldenborgh, NIKHEF-H, Amsterdam
 ====================================================
 for the algorithms used see preprint NIKHEF-H 89/17,
 'New Algorithms for One-loop Integrals', by G.J. van
 Oldenborgh and J.A.M. Vermaseren, published in 
 Zeitschrift fuer Physik C46(1990)425.
 ====================================================
 
total number of errors and warnings
===================================
fferr: no errors
 
