
  Welcome to Resummino git-latest
  Copyright 2008-2010 Jonathan Debove.
  Copyright 2011-2014 David R. Lamprea.
  Copyright 2011-2016 Marcel Rothering.

  Licensed under the EUPL 1.1 or later.
  See http://www.resummino.org/ for more information.

  If using Resummino for slepton pair production, please cite.
  - G. Bozzi, B. Fuks, M. Klasen, PRD 74, 015001 (2006); NPB 777, 157 (2007); NPB 794, 46 (2007).
  - B. Fuks, M. Klasen, D. R. Lamprea, M. Rothering, EPJC 73, 2480 (2013).

  For gaugino pair production, please cite:
  - J. Debove, B. Fuks, M. Klasen, PLB 688, 208 (2010); NPB 842, 51 (2011); NPB 849, 64 (2011).
  - B. Fuks, M. Klasen, D. R. Lamprea, M. Rothering, JHEP 1210, 081 (2012); EPJC 73, 2480 (2013).

  For associated gaugino gluino production, please cite:
  - B. Fuks, M. Klasen, M. Rothering, JHEP 07:053, (2016).
  - B. Fuks, M. Klasen, D. R. Lamprea, M. Rothering, EPJC 73, 2480 (2013).

LHAPDF 6.2.3 loading /pool/condor/dir_7064/resummino-releases/lhapdf-prefix/share/LHAPDF/PDF4LHC21_40/PDF4LHC21_40_0000.dat
PDF4LHC21_40 PDF set, member #0, version 1
 alpha_s(M_Z^2) = 0.1180 	 for LO PDF set 
 alpha_s(3200.000^2) = 0.0770 	 for LO PDF set 

********************
* LO cross section *
********************
The limits of integration are:

xl[0]=0.000000    xu[0]=1.000000
xl[1]=0.000000    xu[1]=1.000000
xl[2]=0.000000    xu[2]=1.000000

num_dim=3, calls=2000, it_num=1, max_it_num=5 verb=0, alph=1.50,
mode=0, bins=50, boxes=1

       single.......iteration                   accumulated......results   
iteration     integral    sigma             integral         sigma     chi-sq/it

   1        4.6794e-14   1.49e-15          4.6794e-14      1.49e-15    0.00e+00
   2        5.0206e-14   5.36e-16          4.9814e-14      5.04e-16    4.65e+00
   3        5.0557e-14   2.69e-16          5.0392e-14      2.37e-16    3.17e+00
   4        5.0195e-14   2.49e-16          5.0298e-14      1.72e-16    2.22e+00
   5        5.0325e-14   2.37e-16          5.0307e-14      1.39e-16    1.67e+00

num_dim=3, calls=20000, it_num=1, max_it_num=5 verb=0, alph=1.50,
mode=0, bins=50, boxes=1

       single.......iteration                   accumulated......results   
iteration     integral    sigma             integral         sigma     chi-sq/it

   1        5.0288e-14   7.71e-17          5.0288e-14      7.71e-17    0.00e+00
   2        5.0282e-14   7.39e-17          5.0285e-14      5.34e-17    3.68e-03
   3        5.0303e-14   7.03e-17          5.0291e-14      4.25e-17    2.42e-02
   4        5.0327e-14   7.50e-17          5.0300e-14      3.70e-17    7.35e-02
   5        5.0130e-14   7.90e-17          5.0270e-14      3.35e-17    1.00e+00
LO = (5.0269621e-14 +- 3.3492410e-17) pb
LHAPDF 6.2.3 loading /pool/condor/dir_7064/resummino-releases/lhapdf-prefix/share/LHAPDF/PDF4LHC21_40/PDF4LHC21_40_0000.dat
PDF4LHC21_40 PDF set, member #0, version 1
 alpha_s(M_Z^2) = 0.1180 	 for NLO PDF set 
 alpha_s(3200.000^2) = 0.0770 	 for NLO PDF set 

********************
* LO cross section *
********************
The limits of integration are:

xl[0]=0.000000    xu[0]=1.000000
xl[1]=0.000000    xu[1]=1.000000
xl[2]=0.000000    xu[2]=1.000000

num_dim=3, calls=2000, it_num=1, max_it_num=5 verb=0, alph=1.50,
mode=0, bins=50, boxes=1

       single.......iteration                   accumulated......results   
iteration     integral    sigma             integral         sigma     chi-sq/it

   1        4.6794e-14   1.49e-15          4.6794e-14      1.49e-15    0.00e+00
   2        5.0206e-14   5.36e-16          4.9814e-14      5.04e-16    4.65e+00
   3        5.0557e-14   2.69e-16          5.0392e-14      2.37e-16    3.17e+00
   4        5.0195e-14   2.49e-16          5.0298e-14      1.72e-16    2.22e+00
   5        5.0325e-14   2.37e-16          5.0307e-14      1.39e-16    1.67e+00

num_dim=3, calls=20000, it_num=1, max_it_num=5 verb=0, alph=1.50,
mode=0, bins=50, boxes=1

       single.......iteration                   accumulated......results   
iteration     integral    sigma             integral         sigma     chi-sq/it

   1        5.0288e-14   7.71e-17          5.0288e-14      7.71e-17    0.00e+00
   2        5.0282e-14   7.39e-17          5.0285e-14      5.34e-17    3.68e-03
   3        5.0303e-14   7.03e-17          5.0291e-14      4.25e-17    2.42e-02
   4        5.0327e-14   7.50e-17          5.0300e-14      3.70e-17    7.35e-02
   5        5.0130e-14   7.90e-17          5.0270e-14      3.35e-17    1.00e+00
   5        5.0201e-14   7.69e-17          5.0259e-14      3.07e-17    9.36e-01
   5        5.0369e-14   7.66e-17          5.0274e-14      2.85e-17    1.08e+00
   5        5.0232e-14   7.90e-17          5.0269e-14      2.68e-17    9.60e-01
   5        5.0267e-14   7.95e-17          5.0269e-14      2.54e-17    8.40e-01
   5        5.0205e-14   8.08e-17          5.0263e-14      2.42e-17    8.10e-01
   5        5.0177e-14   8.43e-17          5.0257e-14      2.33e-17    8.27e-01
   5        5.0291e-14   8.58e-17          5.0259e-14      2.25e-17    7.65e-01
   5        5.0301e-14   8.91e-17          5.0261e-14      2.18e-17    7.19e-01
   5        5.0221e-14   9.52e-17          5.0259e-14      2.12e-17    6.77e-01
   5        5.0239e-14   9.89e-17          5.0259e-14      2.08e-17    6.32e-01
   5        5.0222e-14   1.04e-16          5.0257e-14      2.04e-17    5.98e-01
   5        5.0104e-14   1.03e-16          5.0251e-14      2.00e-17    6.94e-01
   5        5.0450e-14   1.07e-16          5.0258e-14      1.96e-17    8.49e-01
   5        5.0345e-14   1.13e-16          5.0261e-14      1.94e-17    8.33e-01
   5        5.0251e-14   1.15e-16          5.0260e-14      1.91e-17    7.90e-01
   5        5.0108e-14   1.20e-16          5.0257e-14      1.88e-17    8.30e-01
   5        5.0209e-14   1.24e-16          5.0255e-14      1.86e-17    7.97e-01
   5        5.0420e-14   1.24e-16          5.0259e-14      1.84e-17    8.38e-01
   5        5.0258e-14   1.34e-16          5.0259e-14      1.83e-17    8.02e-01
   5        5.0325e-14   1.37e-16          5.0260e-14      1.81e-17    7.78e-01
   5        5.0192e-14   1.42e-16          5.0259e-14      1.79e-17    7.56e-01
   5        5.0509e-14   1.54e-16          5.0263e-14      1.78e-17    8.28e-01
   5        5.0262e-14   1.42e-16          5.0263e-14      1.77e-17    7.97e-01
   5        5.0220e-14   1.44e-16          5.0262e-14      1.76e-17    7.72e-01
   5        5.0332e-14   1.51e-16          5.0263e-14      1.74e-17    7.52e-01
   5        5.0297e-14   1.52e-16          5.0263e-14      1.73e-17    7.29e-01
   5        5.0183e-14   1.58e-16          5.0262e-14      1.72e-17    7.14e-01
   5        5.0399e-14   1.61e-16          5.0264e-14      1.71e-17    7.14e-01
   5        5.0190e-14   1.69e-16          5.0263e-14      1.70e-17    6.98e-01
   5        5.0065e-14   1.69e-16          5.0261e-14      1.69e-17    7.17e-01
   5        5.0439e-14   1.74e-16          5.0263e-14      1.69e-17    7.27e-01
   5        4.9741e-14   1.75e-16          5.0258e-14      1.68e-17    9.52e-01
   5        4.9947e-14   1.78e-16          5.0255e-14      1.67e-17    1.01e+00
LO = (5.0255254e-14 +- 1.6716441e-17) pb

*******************************************
* virtual corrections + integrated dipole *
*******************************************
The limits of integration are:

xl[0]=0.000000    xu[0]=1.000000
xl[1]=0.000000    xu[1]=1.000000
xl[2]=0.000000    xu[2]=1.000000

num_dim=3, calls=240, it_num=1, max_it_num=5 verb=0, alph=1.50,
mode=0, bins=50, boxes=1

       single.......iteration                   accumulated......results   
iteration     integral    sigma             integral         sigma     chi-sq/it

   1        4.9274e-15   4.63e-16          4.9274e-15      4.63e-16    0.00e+00
   2        5.2881e-15   2.74e-16          5.1948e-15      2.36e-16    4.49e-01
   3        5.8092e-15   1.41e-16          5.6474e-15      1.21e-16    2.73e+00
   4        5.9021e-15   1.30e-16          5.7659e-15      8.85e-17    2.51e+00
   5        5.8547e-15   1.18e-16          5.7976e-15      7.09e-17    1.97e+00

num_dim=3, calls=1200, it_num=1, max_it_num=3 verb=0, alph=1.50,
mode=0, bins=50, boxes=1

       single.......iteration                   accumulated......results   
iteration     integral    sigma             integral         sigma     chi-sq/it

   1        5.6907e-15   5.07e-17          5.6907e-15      5.07e-17    0.00e+00
   2        5.7969e-15   4.16e-17          5.7543e-15      3.21e-17    2.62e+00
   3        5.7828e-15   4.07e-17          5.7652e-15      2.52e-17    1.46e+00
   3        5.7997e-15   3.57e-17          5.7767e-15      2.06e-17    1.18e+00
   3        5.7298e-15   4.06e-17          5.7671e-15      1.84e-17    1.15e+00
   3        5.7962e-15   3.70e-17          5.7728e-15      1.65e-17    1.02e+00
vNLO = (5.7728227e-15 +- 1.6458722e-17) pb

*****************************
* collinear remainder (P+K) *
*****************************
The limits of integration are:

xl[0]=0.000000    xu[0]=1.000000
xl[1]=0.000000    xu[1]=1.000000
xl[2]=0.000000    xu[2]=1.000000
xl[3]=0.000000    xu[3]=1.000000

num_dim=4, calls=2500, it_num=1, max_it_num=5 verb=0, alph=1.50,
mode=0, bins=50, boxes=1

       single.......iteration                   accumulated......results   
iteration     integral    sigma             integral         sigma     chi-sq/it

   1        7.1064e-15   4.03e-16          7.1064e-15      4.03e-16    0.00e+00
   2        7.2426e-15   1.58e-16          7.2245e-15      1.47e-16    9.90e-02
   3        7.3232e-15   1.25e-16          7.2817e-15      9.52e-17    1.81e-01
   4        7.3476e-15   1.19e-16          7.3073e-15      7.44e-17    1.83e-01
   5        7.4035e-15   1.17e-16          7.3350e-15      6.28e-17    2.57e-01

num_dim=4, calls=25000, it_num=1, max_it_num=3 verb=0, alph=1.50,
mode=0, bins=50, boxes=1

       single.......iteration                   accumulated......results   
iteration     integral    sigma             integral         sigma     chi-sq/it

   1        7.4308e-15   3.65e-17          7.4308e-15      3.65e-17    0.00e+00
   2        7.4432e-15   3.63e-17          7.4370e-15      2.57e-17    5.81e-02
   3        7.3515e-15   3.68e-17          7.4089e-15      2.11e-17    1.84e+00
   3        7.3891e-15   3.67e-17          7.4040e-15      1.83e-17    1.30e+00
   3        7.3248e-15   3.71e-17          7.3885e-15      1.64e-17    1.89e+00
   3        7.3188e-15   3.70e-17          7.3770e-15      1.50e-17    2.11e+00
   3        7.3571e-15   3.66e-17          7.3742e-15      1.39e-17    1.80e+00
   3        7.3724e-15   3.70e-17          7.3740e-15      1.30e-17    1.54e+00
   3        7.3621e-15   3.75e-17          7.3727e-15      1.23e-17    1.36e+00
P+K = (7.3726918e-15 +- 1.2272935e-17) pb

********************************
* real gluon emission - dipole *
********************************
The limits of integration are:

xl[0]=0.000000    xu[0]=1.000000
xl[1]=0.000000    xu[1]=1.000000
xl[2]=0.000000    xu[2]=1.000000
xl[3]=0.000000    xu[3]=1.000000
xl[4]=0.000000    xu[4]=1.000000
xl[5]=0.000000    xu[5]=1.000000

num_dim=6, calls=250, it_num=1, max_it_num=5 verb=0, alph=1.50,
mode=0, bins=50, boxes=1

       single.......iteration                   accumulated......results   
iteration     integral    sigma             integral         sigma     chi-sq/it

   1        -6.4054e-17   2.15e-17          -6.4054e-17      2.15e-17    0.00e+00
   2        -8.4382e-17   2.11e-17          -7.4384e-17      1.51e-17    4.55e-01
   3        -4.5152e-17   4.96e-18          -4.8005e-17      4.71e-18    1.92e+00
   4        -4.7440e-17   6.26e-18          -4.7801e-17      3.76e-18    1.28e+00
   5        -6.1987e-17   6.79e-18          -5.1134e-17      3.29e-18    1.80e+00

num_dim=6, calls=2500, it_num=1, max_it_num=3 verb=0, alph=1.50,
mode=0, bins=50, boxes=1

       single.......iteration                   accumulated......results   
iteration     integral    sigma             integral         sigma     chi-sq/it

   1        -5.9104e-17   1.70e-18          -5.9104e-17      1.70e-18    0.00e+00
   2        -5.6177e-17   8.46e-19          -5.6757e-17      7.57e-19    2.37e+00
   3        -5.8723e-17   8.12e-19          -5.7671e-17      5.54e-19    2.75e+00
rNLOg = (-5.7671307e-17 +- 5.5387041e-19) pb

**************************************************
* real light quark emission - dipole - (onshell) *
**************************************************
The limits of integration are:

xl[0]=0.000000    xu[0]=1.000000
xl[1]=0.000000    xu[1]=1.000000
xl[2]=0.000000    xu[2]=1.000000
xl[3]=0.000000    xu[3]=1.000000
xl[4]=0.000000    xu[4]=1.000000
xl[5]=0.000000    xu[5]=1.000000

num_dim=6, calls=5000, it_num=1, max_it_num=5 verb=0, alph=1.50,
mode=0, bins=50, boxes=1

       single.......iteration                   accumulated......results   
iteration     integral    sigma             integral         sigma     chi-sq/it

   1        1.3188e-16   7.97e-18          1.3188e-16      7.97e-18    0.00e+00
   2        1.2968e-16   2.45e-18          1.2987e-16      2.34e-18    6.99e-02
   3        1.2704e-16   1.29e-18          1.2770e-16      1.13e-18    5.92e-01
   4        1.2684e-16   9.38e-19          1.2719e-16      7.22e-19    5.10e-01
   5        1.2700e-16   8.63e-19          1.2711e-16      5.54e-19    3.90e-01

num_dim=6, calls=50000, it_num=1, max_it_num=5 verb=0, alph=1.50,
mode=0, bins=50, boxes=1

       single.......iteration                   accumulated......results   
iteration     integral    sigma             integral         sigma     chi-sq/it

   1        1.2693e-16   2.60e-19          1.2693e-16      2.60e-19    0.00e+00
   2        1.2773e-16   3.76e-19          1.2719e-16      2.14e-19    3.01e+00
   3        1.2793e-16   3.71e-19          1.2737e-16      1.85e-19    3.03e+00
   4        1.2719e-16   2.95e-19          1.2732e-16      1.57e-19    2.11e+00
   5        1.2760e-16   3.31e-19          1.2737e-16      1.42e-19    1.73e+00
rNLOq = (1.2737436e-16 +- 1.4184465e-19) pb
NLO = (6.3470471e-14 +- 2.6481706e-17) pb
#chisq/dof = 2.04047e-09
#status = success
#chisq/dof = 8.16356e-10
#status = success
#chisq/dof = 5.51038e-10
#status = success
#chisq/dof = 5.01987e-09
#status = success
#chisq/dof = 1.19058e-10
#status = success
#chisq/dof = 3.49478e-12
#status = success
#chisq/dof = 1.77232e-10
#status = success
#chisq/dof = 2.72967e-11
#status = success

*******************************************************
* threshold resummation (unimproved nnll) - expansion *
*******************************************************
The limits of integration are:

xl[0]=0.000000    xu[0]=1.000000
xl[1]=0.000000    xu[1]=1.000000
xl[2]=0.000000    xu[2]=1.000000

num_dim=3, calls=7000, it_num=1, max_it_num=5 verb=0, alph=1.50,
mode=0, bins=50, boxes=1

       single.......iteration                   accumulated......results   
iteration     integral    sigma             integral         sigma     chi-sq/it

   1        3.7090e-16   2.58e-15          3.7090e-16      2.58e-15    0.00e+00
   2        2.9502e-15   1.24e-15          2.4649e-15      1.12e-15    8.12e-01
   3        -1.0083e-15   1.15e-15          7.7019e-16      8.01e-16    2.76e+00
   4        -1.0852e-15   1.16e-15          1.6856e-16      6.58e-16    2.42e+00
   5        -1.4945e-15   1.16e-15          -2.3562e-16      5.73e-16    2.20e+00

num_dim=3, calls=35000, it_num=1, max_it_num=5 verb=0, alph=1.50,
mode=0, bins=50, boxes=1

       single.......iteration                   accumulated......results   
iteration     integral    sigma             integral         sigma     chi-sq/it

   1        1.8912e-15   5.14e-16          1.8912e-15      5.14e-16    0.00e+00
   2        2.0838e-15   5.16e-16          1.9870e-15      3.64e-16    6.99e-02
   3        1.8574e-15   5.17e-16          1.9440e-15      2.98e-16    5.60e-02
   4        2.5850e-15   5.18e-16          2.1033e-15      2.58e-16    4.21e-01
   5        5.9296e-16   5.15e-16          1.8002e-15      2.31e-16    2.03e+00
   5        1.2033e-15   5.16e-16          1.7007e-15      2.11e-16    1.85e+00
   5        1.8517e-15   5.17e-16          1.7222e-15      1.95e-16    1.55e+00
   5        1.9699e-15   5.17e-16          1.7530e-15      1.82e-16    1.36e+00
   5        1.5397e-15   5.18e-16          1.7294e-15      1.72e-16    1.21e+00
   5        2.1575e-15   5.22e-16          1.7715e-15      1.63e-16    1.14e+00
   5        1.5988e-15   5.16e-16          1.7557e-15      1.56e-16    1.04e+00
   5        1.2403e-15   5.20e-16          1.7133e-15      1.49e-16    1.03e+00
   5        1.8492e-15   5.17e-16          1.7238e-15      1.43e-16    9.46e-01
   5        1.3563e-15   5.19e-16          1.6978e-15      1.38e-16    9.09e-01
   5        2.0561e-15   5.22e-16          1.7212e-15      1.34e-16    8.76e-01
   5        3.1578e-15   5.21e-16          1.8100e-15      1.29e-16    1.29e+00
   5        1.3475e-15   5.22e-16          1.7832e-15      1.26e-16    1.26e+00
   5        1.7338e-15   5.21e-16          1.7805e-15      1.22e-16    1.19e+00
   5        1.5405e-15   5.21e-16          1.7680e-15      1.19e-16    1.13e+00
   5        2.4137e-15   5.24e-16          1.7996e-15      1.16e-16    1.15e+00
   5        6.7674e-16   5.27e-16          1.7477e-15      1.13e-16    1.31e+00
   5        2.4069e-15   5.29e-16          1.7766e-15      1.11e-16    1.32e+00
   5        1.7047e-15   5.31e-16          1.7736e-15      1.08e-16    1.26e+00
   5        2.2221e-15   5.34e-16          1.7913e-15      1.06e-16    1.23e+00
   5        1.9451e-15   5.31e-16          1.7972e-15      1.04e-16    1.18e+00
   5        2.0503e-15   5.35e-16          1.8065e-15      1.02e-16    1.14e+00
   5        7.1946e-16   5.32e-16          1.7678e-15      1.00e-16    1.25e+00
   5        1.3046e-15   5.34e-16          1.7520e-15      9.87e-17    1.24e+00
   5        1.7707e-15   5.40e-16          1.7526e-15      9.71e-17    1.19e+00
   5        1.7090e-15   5.40e-16          1.7512e-15      9.55e-17    1.15e+00
   5        1.1529e-15   5.36e-16          1.7328e-15      9.41e-17    1.15e+00
   5        2.3004e-15   5.38e-16          1.7496e-15      9.27e-17    1.15e+00
   5        1.8075e-15   5.44e-16          1.7512e-15      9.13e-17    1.11e+00
   5        9.0616e-16   5.39e-16          1.7276e-15      9.01e-17    1.15e+00
   5        2.5782e-15   5.42e-16          1.7505e-15      8.88e-17    1.19e+00
   5        1.4883e-15   5.40e-16          1.7436e-15      8.77e-17    1.16e+00
   5        1.9915e-15   5.45e-16          1.7498e-15      8.66e-17    1.14e+00
   5        1.0085e-15   5.42e-16          1.7314e-15      8.55e-17    1.15e+00
   5        2.4191e-15   5.51e-16          1.7475e-15      8.45e-17    1.16e+00
   5        8.5638e-16   5.48e-16          1.7269e-15      8.35e-17    1.20e+00
   5        1.0377e-15   5.49e-16          1.7113e-15      8.25e-17    1.21e+00
   5        1.8367e-15   5.56e-16          1.7140e-15      8.16e-17    1.18e+00
   5        7.3807e-16   5.52e-16          1.6931e-15      8.08e-17    1.23e+00
   5        9.0222e-16   5.59e-16          1.6769e-15      7.99e-17    1.24e+00
   5        1.7661e-15   5.63e-16          1.6787e-15      7.91e-17    1.21e+00
   5        1.4330e-15   5.60e-16          1.6739e-15      7.84e-17    1.19e+00
   5        1.7445e-15   5.66e-16          1.6752e-15      7.76e-17    1.17e+00
   5        7.3702e-16   5.71e-16          1.6582e-15      7.69e-17    1.20e+00
   5        2.4245e-15   5.71e-16          1.6718e-15      7.62e-17    1.21e+00
   5        1.5126e-15   5.67e-16          1.6690e-15      7.55e-17    1.19e+00
   5        1.6563e-15   5.66e-16          1.6688e-15      7.49e-17    1.16e+00
   5        1.9389e-15   5.77e-16          1.6733e-15      7.42e-17    1.14e+00
   5        1.3679e-15   5.72e-16          1.6682e-15      7.36e-17    1.13e+00
   5        9.1580e-16   5.68e-16          1.6558e-15      7.30e-17    1.14e+00
   5        9.0335e-16   5.73e-16          1.6438e-15      7.24e-17    1.15e+00
aNNLO+NNLL = (6.5114242e-14 +- 7.7122774e-17) pb

Results:
LO = (5.0269621e-14 +- 3.3492410e-17) pb
NLO = (6.3470471e-14 +- 2.6481706e-17) pb
aNNLO+NNLL = (6.5114242e-14 +- 7.7122774e-17) pb
Thanks for using LHAPDF 6.2.3. Please make sure to cite the paper:
  Eur.Phys.J. C75 (2015) 3, 132  (http://arxiv.org/abs/1412.7420)
 ====================================================
   FF 2.0, a package to evaluate one-loop integrals
 written by G. J. van Oldenborgh, NIKHEF-H, Amsterdam
 ====================================================
 for the algorithms used see preprint NIKHEF-H 89/17,
 'New Algorithms for One-loop Integrals', by G.J. van
 Oldenborgh and J.A.M. Vermaseren, published in 
 Zeitschrift fuer Physik C46(1990)425.
 ====================================================
 
total number of errors and warnings
===================================
fferr: no errors
 
