
  Welcome to Resummino git-latest
  Copyright 2008-2010 Jonathan Debove.
  Copyright 2011-2014 David R. Lamprea.
  Copyright 2011-2016 Marcel Rothering.

  Licensed under the EUPL 1.1 or later.
  See http://www.resummino.org/ for more information.

  If using Resummino for slepton pair production, please cite.
  - G. Bozzi, B. Fuks, M. Klasen, PRD 74, 015001 (2006); NPB 777, 157 (2007); NPB 794, 46 (2007).
  - B. Fuks, M. Klasen, D. R. Lamprea, M. Rothering, EPJC 73, 2480 (2013).

  For gaugino pair production, please cite:
  - J. Debove, B. Fuks, M. Klasen, PLB 688, 208 (2010); NPB 842, 51 (2011); NPB 849, 64 (2011).
  - B. Fuks, M. Klasen, D. R. Lamprea, M. Rothering, JHEP 1210, 081 (2012); EPJC 73, 2480 (2013).

  For associated gaugino gluino production, please cite:
  - B. Fuks, M. Klasen, M. Rothering, JHEP 07:053, (2016).
  - B. Fuks, M. Klasen, D. R. Lamprea, M. Rothering, EPJC 73, 2480 (2013).

LHAPDF 6.2.3 loading /pool/condor/dir_44507/resummino-releases/lhapdf-prefix/share/LHAPDF/PDF4LHC21_40/PDF4LHC21_40_0000.dat
PDF4LHC21_40 PDF set, member #0, version 1
 alpha_s(M_Z^2) = 0.1180 	 for LO PDF set 
 alpha_s(200.000^2) = 0.1055 	 for LO PDF set 

********************
* LO cross section *
********************
The limits of integration are:

xl[0]=0.000000    xu[0]=1.000000
xl[1]=0.000000    xu[1]=1.000000
xl[2]=0.000000    xu[2]=1.000000

num_dim=3, calls=2000, it_num=1, max_it_num=5 verb=0, alph=1.50,
mode=0, bins=50, boxes=1

       single.......iteration                   accumulated......results   
iteration     integral    sigma             integral         sigma     chi-sq/it

   1        7.6645e-12   2.56e-13          7.6645e-12      2.56e-13    0.00e+00
   2        7.8505e-12   8.24e-14          7.8330e-12      7.85e-14    4.78e-01
   3        7.9603e-12   4.66e-14          7.9271e-12      4.01e-14    1.21e+00
   4        7.9131e-12   4.39e-14          7.9207e-12      2.96e-14    8.26e-01
   5        7.8784e-12   4.62e-14          7.9084e-12      2.49e-14    7.68e-01

num_dim=3, calls=20000, it_num=1, max_it_num=5 verb=0, alph=1.50,
mode=0, bins=50, boxes=1

       single.......iteration                   accumulated......results   
iteration     integral    sigma             integral         sigma     chi-sq/it

   1        7.9001e-12   1.41e-14          7.9001e-12      1.41e-14    0.00e+00
   2        7.9027e-12   1.38e-14          7.9014e-12      9.87e-15    1.74e-02
   3        7.9333e-12   1.38e-14          7.9122e-12      8.02e-15    1.79e+00
   4        7.9244e-12   1.44e-14          7.9151e-12      7.01e-15    1.38e+00
   5        7.8821e-12   1.43e-14          7.9087e-12      6.29e-15    2.11e+00
   5        7.9073e-12   1.45e-14          7.9085e-12      5.77e-15    1.69e+00
   5        7.9198e-12   1.46e-14          7.9100e-12      5.36e-15    1.50e+00
LO = (7.9100202e-12 +- 5.3641150e-15) pb
LHAPDF 6.2.3 loading /pool/condor/dir_44507/resummino-releases/lhapdf-prefix/share/LHAPDF/PDF4LHC21_40/PDF4LHC21_40_0000.dat
PDF4LHC21_40 PDF set, member #0, version 1
 alpha_s(M_Z^2) = 0.1180 	 for NLO PDF set 
 alpha_s(200.000^2) = 0.1055 	 for NLO PDF set 

********************
* LO cross section *
********************
The limits of integration are:

xl[0]=0.000000    xu[0]=1.000000
xl[1]=0.000000    xu[1]=1.000000
xl[2]=0.000000    xu[2]=1.000000

num_dim=3, calls=2000, it_num=1, max_it_num=5 verb=0, alph=1.50,
mode=0, bins=50, boxes=1

       single.......iteration                   accumulated......results   
iteration     integral    sigma             integral         sigma     chi-sq/it

   1        7.6645e-12   2.56e-13          7.6645e-12      2.56e-13    0.00e+00
   2        7.8505e-12   8.24e-14          7.8330e-12      7.85e-14    4.78e-01
   3        7.9603e-12   4.66e-14          7.9271e-12      4.01e-14    1.21e+00
   4        7.9131e-12   4.39e-14          7.9207e-12      2.96e-14    8.26e-01
   5        7.8784e-12   4.62e-14          7.9084e-12      2.49e-14    7.68e-01

num_dim=3, calls=20000, it_num=1, max_it_num=5 verb=0, alph=1.50,
mode=0, bins=50, boxes=1

       single.......iteration                   accumulated......results   
iteration     integral    sigma             integral         sigma     chi-sq/it

   1        7.9001e-12   1.41e-14          7.9001e-12      1.41e-14    0.00e+00
   2        7.9027e-12   1.38e-14          7.9014e-12      9.87e-15    1.74e-02
   3        7.9333e-12   1.38e-14          7.9122e-12      8.02e-15    1.79e+00
   4        7.9244e-12   1.44e-14          7.9151e-12      7.01e-15    1.38e+00
   5        7.8821e-12   1.43e-14          7.9087e-12      6.29e-15    2.11e+00
   5        7.9073e-12   1.45e-14          7.9085e-12      5.77e-15    1.69e+00
   5        7.9198e-12   1.46e-14          7.9100e-12      5.36e-15    1.50e+00
   5        7.9008e-12   1.48e-14          7.9090e-12      5.04e-15    1.33e+00
   5        7.8950e-12   1.53e-14          7.9076e-12      4.79e-15    1.26e+00
   5        7.8794e-12   1.56e-14          7.9052e-12      4.58e-15    1.45e+00
   5        7.9045e-12   1.65e-14          7.9051e-12      4.41e-15    1.31e+00
   5        7.8943e-12   1.65e-14          7.9044e-12      4.27e-15    1.22e+00
   5        7.9200e-12   1.75e-14          7.9053e-12      4.14e-15    1.18e+00
   5        7.8925e-12   1.79e-14          7.9046e-12      4.04e-15    1.13e+00
   5        7.9067e-12   1.89e-14          7.9047e-12      3.95e-15    1.05e+00
   5        7.8959e-12   1.94e-14          7.9044e-12      3.87e-15    9.93e-01
   5        7.8913e-12   1.94e-14          7.9039e-12      3.79e-15    9.58e-01
   5        7.9319e-12   2.00e-14          7.9048e-12      3.73e-15    1.01e+00
   5        7.9329e-12   2.13e-14          7.9057e-12      3.67e-15    1.05e+00
   5        7.9370e-12   2.10e-14          7.9066e-12      3.62e-15    1.11e+00
   5        7.8918e-12   2.15e-14          7.9062e-12      3.57e-15    1.08e+00
   5        7.9059e-12   2.21e-14          7.9062e-12      3.52e-15    1.03e+00
   5        7.9224e-12   2.25e-14          7.9066e-12      3.48e-15    1.00e+00
   5        7.8915e-12   2.36e-14          7.9063e-12      3.44e-15    9.75e-01
   5        7.9421e-12   2.35e-14          7.9070e-12      3.41e-15    1.03e+00
   5        7.9063e-12   2.39e-14          7.9070e-12      3.37e-15    9.89e-01
   5        7.9552e-12   2.49e-14          7.9079e-12      3.34e-15    1.09e+00
   5        7.9169e-12   2.39e-14          7.9080e-12      3.31e-15    1.06e+00
   5        7.9019e-12   2.47e-14          7.9079e-12      3.28e-15    1.02e+00
   5        7.9342e-12   2.61e-14          7.9083e-12      3.25e-15    1.02e+00
   5        7.9011e-12   2.48e-14          7.9082e-12      3.23e-15    9.89e-01
   5        7.9081e-12   2.56e-14          7.9082e-12      3.20e-15    9.57e-01
   5        7.9421e-12   2.46e-14          7.9088e-12      3.17e-15    9.86e-01
   5        7.8767e-12   2.50e-14          7.9083e-12      3.15e-15    1.00e+00
   5        7.8859e-12   2.53e-14          7.9079e-12      3.12e-15    9.98e-01
   5        7.9454e-12   2.61e-14          7.9085e-12      3.10e-15    1.03e+00
   5        7.8372e-12   2.42e-14          7.9073e-12      3.08e-15    1.24e+00
   5        7.8804e-12   2.49e-14          7.9069e-12      3.05e-15    1.23e+00
   5        7.9355e-12   2.53e-14          7.9073e-12      3.03e-15    1.23e+00
   5        7.9170e-12   2.58e-14          7.9074e-12      3.01e-15    1.21e+00
   5        7.9377e-12   2.68e-14          7.9078e-12      2.99e-15    1.21e+00
   5        7.9188e-12   2.58e-14          7.9080e-12      2.97e-15    1.18e+00
   5        7.9668e-12   2.64e-14          7.9087e-12      2.95e-15    1.27e+00
   5        7.9199e-12   2.66e-14          7.9088e-12      2.94e-15    1.25e+00
   5        7.8841e-12   2.73e-14          7.9086e-12      2.92e-15    1.24e+00
   5        7.9081e-12   2.81e-14          7.9086e-12      2.90e-15    1.21e+00
   5        7.9379e-12   2.83e-14          7.9089e-12      2.89e-15    1.20e+00
   5        7.8511e-12   2.73e-14          7.9082e-12      2.87e-15    1.27e+00
   5        7.9645e-12   2.81e-14          7.9088e-12      2.86e-15    1.33e+00
   5        7.9541e-12   2.76e-14          7.9093e-12      2.84e-15    1.36e+00
   5        7.9060e-12   2.77e-14          7.9092e-12      2.83e-15    1.33e+00
   5        7.8461e-12   2.82e-14          7.9086e-12      2.81e-15    1.40e+00
   5        7.9084e-12   2.87e-14          7.9086e-12      2.80e-15    1.38e+00
   5        7.9059e-12   2.91e-14          7.9086e-12      2.79e-15    1.35e+00
   5        7.9824e-12   2.90e-14          7.9093e-12      2.77e-15    1.44e+00
LO = (7.9092671e-12 +- 2.7741769e-15) pb

*******************************************
* virtual corrections + integrated dipole *
*******************************************
The limits of integration are:

xl[0]=0.000000    xu[0]=1.000000
xl[1]=0.000000    xu[1]=1.000000
xl[2]=0.000000    xu[2]=1.000000

num_dim=3, calls=240, it_num=1, max_it_num=5 verb=0, alph=1.50,
mode=0, bins=50, boxes=1

       single.......iteration                   accumulated......results   
iteration     integral    sigma             integral         sigma     chi-sq/it

   1        1.1700e-12   1.20e-13          1.1700e-12      1.20e-13    0.00e+00
   2        1.1103e-12   4.62e-14          1.1180e-12      4.31e-14    2.15e-01
   3        1.2415e-12   3.34e-14          1.1951e-12      2.64e-14    2.67e+00
   4        1.2277e-12   2.48e-14          1.2125e-12      1.81e-14    2.05e+00
   5        1.2941e-12   2.84e-14          1.2360e-12      1.52e-14    3.01e+00

num_dim=3, calls=1200, it_num=1, max_it_num=3 verb=0, alph=1.50,
mode=0, bins=50, boxes=1

       single.......iteration                   accumulated......results   
iteration     integral    sigma             integral         sigma     chi-sq/it

   1        1.2190e-12   1.20e-14          1.2190e-12      1.20e-14    0.00e+00
   2        1.2463e-12   1.07e-14          1.2343e-12      7.99e-15    2.89e+00
   3        1.2382e-12   9.73e-15          1.2359e-12      6.18e-15    1.49e+00
   3        1.2565e-12   9.61e-15          1.2419e-12      5.20e-15    2.08e+00
   3        1.2349e-12   9.67e-15          1.2403e-12      4.58e-15    1.66e+00
   3        1.2439e-12   9.44e-15          1.2410e-12      4.12e-15    1.35e+00
   3        1.2304e-12   1.06e-14          1.2396e-12      3.84e-15    1.27e+00
   3        1.2506e-12   1.00e-14          1.2410e-12      3.59e-15    1.24e+00
   3        1.2453e-12   9.36e-15          1.2415e-12      3.35e-15    1.11e+00
   3        1.2393e-12   9.86e-15          1.2413e-12      3.17e-15    9.88e-01
   3        1.2288e-12   1.00e-14          1.2402e-12      3.02e-15    1.03e+00
   3        1.2354e-12   9.83e-15          1.2398e-12      2.89e-15    9.57e-01
   3        1.2455e-12   9.39e-15          1.2403e-12      2.76e-15    9.06e-01
   3        1.2490e-12   1.02e-14          1.2408e-12      2.67e-15    8.88e-01
   3        1.2440e-12   1.02e-14          1.2410e-12      2.58e-15    8.31e-01
vNLO = (1.2410488e-12 +- 2.5804995e-15) pb

*****************************
* collinear remainder (P+K) *
*****************************
The limits of integration are:

xl[0]=0.000000    xu[0]=1.000000
xl[1]=0.000000    xu[1]=1.000000
xl[2]=0.000000    xu[2]=1.000000
xl[3]=0.000000    xu[3]=1.000000

num_dim=4, calls=2500, it_num=1, max_it_num=5 verb=0, alph=1.50,
mode=0, bins=50, boxes=1

       single.......iteration                   accumulated......results   
iteration     integral    sigma             integral         sigma     chi-sq/it

   1        2.7457e-13   6.14e-14          2.7457e-13      6.14e-14    0.00e+00
   2        2.1280e-13   3.42e-14          2.2739e-13      2.98e-14    7.72e-01
   3        2.0146e-13   2.84e-14          2.1376e-13      2.06e-14    5.85e-01
   4        1.8837e-13   2.86e-14          2.0512e-13      1.67e-14    5.63e-01
   5        1.7248e-13   2.86e-14          1.9683e-13      1.44e-14    6.65e-01

num_dim=4, calls=25000, it_num=1, max_it_num=3 verb=0, alph=1.50,
mode=0, bins=50, boxes=1

       single.......iteration                   accumulated......results   
iteration     integral    sigma             integral         sigma     chi-sq/it

   1        1.7977e-13   9.04e-15          1.7977e-13      9.04e-15    0.00e+00
   2        1.6784e-13   9.07e-15          1.7383e-13      6.40e-15    8.67e-01
   3        1.8086e-13   8.97e-15          1.7620e-13      5.21e-15    6.37e-01
   3        1.7658e-13   9.03e-15          1.7629e-13      4.51e-15    4.25e-01
   3        1.8698e-13   9.08e-15          1.7841e-13      4.04e-15    5.96e-01
   3        1.8192e-13   9.04e-15          1.7900e-13      3.69e-15    5.02e-01
   3        1.8656e-13   9.03e-15          1.8008e-13      3.42e-15    5.19e-01
   3        1.6629e-13   9.05e-15          1.7836e-13      3.20e-15    7.35e-01
   3        1.7520e-13   9.10e-15          1.7801e-13      3.02e-15    6.56e-01
   3        1.7796e-13   9.10e-15          1.7801e-13      2.86e-15    5.83e-01
   3        1.7354e-13   9.08e-15          1.7760e-13      2.73e-15    5.47e-01
   3        1.8469e-13   9.10e-15          1.7819e-13      2.61e-15    5.48e-01
P+K = (1.7818790e-13 +- 2.6145008e-15) pb

********************************
* real gluon emission - dipole *
********************************
The limits of integration are:

xl[0]=0.000000    xu[0]=1.000000
xl[1]=0.000000    xu[1]=1.000000
xl[2]=0.000000    xu[2]=1.000000
xl[3]=0.000000    xu[3]=1.000000
xl[4]=0.000000    xu[4]=1.000000
xl[5]=0.000000    xu[5]=1.000000

num_dim=6, calls=250, it_num=1, max_it_num=5 verb=0, alph=1.50,
mode=0, bins=50, boxes=1

       single.......iteration                   accumulated......results   
iteration     integral    sigma             integral         sigma     chi-sq/it

   1        -4.4911e-14   1.20e-14          -4.4911e-14      1.20e-14    0.00e+00
   2        -4.8079e-14   1.04e-14          -4.6710e-14      7.86e-15    3.98e-02
   3        -3.7579e-14   5.07e-15          -4.0258e-14      4.26e-15    4.97e-01
   4        -3.7470e-14   5.29e-15          -3.9162e-14      3.32e-15    3.87e-01
   5        -4.4066e-14   3.89e-15          -4.1226e-14      2.52e-15    5.20e-01

num_dim=6, calls=2500, it_num=1, max_it_num=3 verb=0, alph=1.50,
mode=0, bins=50, boxes=1

       single.......iteration                   accumulated......results   
iteration     integral    sigma             integral         sigma     chi-sq/it

   1        -4.0647e-14   1.14e-15          -4.0647e-14      1.14e-15    0.00e+00
   2        -4.0938e-14   8.99e-16          -4.0827e-14      7.06e-16    4.01e-02
   3        -4.1754e-14   8.08e-16          -4.1228e-14      5.32e-16    3.93e-01
   3        -4.1179e-14   6.45e-16          -4.1208e-14      4.10e-16    2.63e-01
   3        -4.1144e-14   5.51e-16          -4.1186e-14      3.29e-16    1.99e-01
   3        -4.0726e-14   5.22e-16          -4.1055e-14      2.78e-16    2.70e-01
   3        -4.0616e-14   5.04e-16          -4.0952e-14      2.44e-16    3.22e-01
   3        -4.0762e-14   5.03e-16          -4.0916e-14      2.19e-16    2.92e-01
   3        -4.1255e-14   5.19e-16          -4.0968e-14      2.02e-16    3.01e-01
   3        -4.1369e-14   5.24e-16          -4.1020e-14      1.89e-16    3.24e-01
   3        -4.0840e-14   5.19e-16          -4.0999e-14      1.77e-16    3.03e-01
   3        -4.0941e-14   5.24e-16          -4.0993e-14      1.68e-16    2.76e-01
   3        -4.0808e-14   5.02e-16          -4.0974e-14      1.59e-16    2.63e-01
   3        -4.1298e-14   5.13e-16          -4.1003e-14      1.52e-16    2.71e-01
   3        -4.0291e-14   4.93e-16          -4.0941e-14      1.45e-16    3.87e-01
   3        -4.0918e-14   5.58e-16          -4.0939e-14      1.41e-16    3.62e-01
   3        -4.0659e-14   5.96e-16          -4.0925e-14      1.37e-16    3.52e-01
   3        -4.0556e-14   5.41e-16          -4.0902e-14      1.33e-16    3.57e-01
   3        -4.0420e-14   5.28e-16          -4.0874e-14      1.29e-16    3.81e-01
   3        -4.0617e-14   5.43e-16          -4.0860e-14      1.25e-16    3.72e-01
   3        -4.0116e-14   5.21e-16          -4.0820e-14      1.22e-16    4.50e-01
   3        -4.0688e-14   5.35e-16          -4.0813e-14      1.19e-16    4.31e-01
   3        -4.0121e-14   5.40e-16          -4.0781e-14      1.16e-16    4.83e-01
   3        -4.0988e-14   5.27e-16          -4.0791e-14      1.13e-16    4.68e-01
   3        -4.0040e-14   5.05e-16          -4.0755e-14      1.10e-16    5.36e-01
rNLOg = (-4.0754777e-14 +- 1.1045954e-16) pb

**************************************************
* real light quark emission - dipole - (onshell) *
**************************************************
The limits of integration are:

xl[0]=0.000000    xu[0]=1.000000
xl[1]=0.000000    xu[1]=1.000000
xl[2]=0.000000    xu[2]=1.000000
xl[3]=0.000000    xu[3]=1.000000
xl[4]=0.000000    xu[4]=1.000000
xl[5]=0.000000    xu[5]=1.000000

num_dim=6, calls=5000, it_num=1, max_it_num=5 verb=0, alph=1.50,
mode=0, bins=50, boxes=1

       single.......iteration                   accumulated......results   
iteration     integral    sigma             integral         sigma     chi-sq/it

   1        1.3663e-13   1.08e-14          1.3663e-13      1.08e-14    0.00e+00
   2        1.4416e-13   3.32e-15          1.4350e-13      3.17e-15    4.44e-01
   3        1.3740e-13   1.66e-15          1.3871e-13      1.47e-15    1.67e+00
   4        1.3715e-13   1.41e-15          1.3790e-13      1.02e-15    1.31e+00
   5        1.3804e-13   1.31e-15          1.3795e-13      8.04e-16    9.85e-01

num_dim=6, calls=50000, it_num=1, max_it_num=5 verb=0, alph=1.50,
mode=0, bins=50, boxes=1

       single.......iteration                   accumulated......results   
iteration     integral    sigma             integral         sigma     chi-sq/it

   1        1.3787e-13   4.06e-16          1.3787e-13      4.06e-16    0.00e+00
   2        1.3862e-13   4.33e-16          1.3822e-13      2.96e-16    1.59e+00
   3        1.3943e-13   4.77e-16          1.3856e-13      2.52e-16    3.08e+00
   4        1.3842e-13   4.52e-16          1.3853e-13      2.20e-16    2.08e+00
   5        1.3858e-13   4.60e-16          1.3854e-13      1.98e-16    1.56e+00
   5        1.3844e-13   4.16e-16          1.3852e-13      1.79e-16    1.26e+00
rNLOq = (1.3852002e-13 +- 1.7911679e-16) pb
NLO = (9.4262690e-12 +- 4.6081378e-15) pb
#chisq/dof = 1.46117e-07
#status = success
#chisq/dof = 2.42548e-08
#status = success
#chisq/dof = 9.62401e-10
#status = success
#chisq/dof = 5.93903e-09
#status = success
#chisq/dof = 6.67943e-10
#status = success
#chisq/dof = 1.12037e-10
#status = success
#chisq/dof = 2.57678e-09
#status = success
#chisq/dof = 1.83007e-10
#status = success

*******************************************************
* threshold resummation (unimproved nnll) - expansion *
*******************************************************
The limits of integration are:

xl[0]=0.000000    xu[0]=1.000000
xl[1]=0.000000    xu[1]=1.000000
xl[2]=0.000000    xu[2]=1.000000

num_dim=3, calls=7000, it_num=1, max_it_num=5 verb=0, alph=1.50,
mode=0, bins=50, boxes=1

       single.......iteration                   accumulated......results   
iteration     integral    sigma             integral         sigma     chi-sq/it

   1        -1.5759e-12   9.76e-13          -1.5759e-12      9.76e-13    0.00e+00
   2        -5.1368e-13   3.56e-13          -6.3813e-13      3.34e-13    1.05e+00
   3        3.6771e-13   3.22e-13          -1.1650e-13      2.32e-13    2.87e+00
   4        8.9568e-13   3.16e-13          2.3701e-13      1.87e-13    4.13e+00
   5        3.0101e-13   3.20e-13          2.5330e-13      1.61e-13    3.11e+00

num_dim=3, calls=35000, it_num=1, max_it_num=5 verb=0, alph=1.50,
mode=0, bins=50, boxes=1

       single.......iteration                   accumulated......results   
iteration     integral    sigma             integral         sigma     chi-sq/it

   1        -9.1447e-14   1.42e-13          -9.1447e-14      1.42e-13    0.00e+00
   2        -1.4430e-13   1.42e-13          -1.1796e-13      1.00e-13    6.92e-02
   3        -1.9117e-13   1.42e-13          -1.4227e-13      8.21e-14    1.23e-01
   4        -1.7056e-13   1.42e-13          -1.4934e-13      7.11e-14    9.18e-02
   5        2.7318e-14   1.42e-13          -1.1373e-13      6.35e-14    3.80e-01
   5        8.7094e-14   1.42e-13          -8.0190e-14      5.80e-14    6.38e-01
   5        -2.9345e-13   1.42e-13          -1.1054e-13      5.37e-14    8.52e-01
   5        -2.2874e-13   1.43e-13          -1.2518e-13      5.03e-14    8.16e-01
   5        -1.1084e-13   1.43e-13          -1.2361e-13      4.74e-14    7.15e-01
   5        -2.7947e-13   1.43e-13          -1.3898e-13      4.50e-14    7.54e-01
   5        -2.1746e-13   1.43e-13          -1.4607e-13      4.29e-14    7.06e-01
   5        -2.6508e-14   1.44e-13          -1.3631e-13      4.12e-14    6.99e-01
   5        -6.9122e-14   1.44e-13          -1.3122e-13      3.96e-14    6.58e-01
   5        2.4704e-13   1.44e-13          -1.0462e-13      3.82e-14    1.10e+00
   5        -5.2044e-14   1.45e-13          -1.0123e-13      3.69e-14    1.03e+00
   5        -3.4367e-13   1.45e-13          -1.1591e-13      3.58e-14    1.14e+00
   5        -2.8143e-14   1.45e-13          -1.1086e-13      3.47e-14    1.09e+00
   5        -1.9162e-13   1.44e-13          -1.1528e-13      3.38e-14    1.04e+00
   5        -1.1642e-13   1.46e-13          -1.1534e-13      3.29e-14    9.83e-01
   5        -2.6736e-13   1.46e-13          -1.2268e-13      3.21e-14    9.86e-01
   5        -2.5508e-14   1.47e-13          -1.1825e-13      3.13e-14    9.57e-01
   5        -2.3955e-13   1.47e-13          -1.2356e-13      3.07e-14    9.43e-01
   5        -6.5847e-14   1.47e-13          -1.2114e-13      3.00e-14    9.07e-01
   5        -1.2499e-13   1.47e-13          -1.2130e-13      2.94e-14    8.68e-01
   5        -2.1355e-13   1.46e-13          -1.2487e-13      2.88e-14    8.47e-01
   5        1.0923e-13   1.47e-13          -1.1616e-13      2.83e-14    9.12e-01
   5        3.4946e-14   1.47e-13          -1.1075e-13      2.78e-14    9.16e-01
   5        -2.0592e-13   1.47e-13          -1.1403e-13      2.73e-14    8.97e-01
   5        -1.9791e-14   1.48e-13          -1.1093e-13      2.68e-14    8.79e-01
   5        -6.4307e-14   1.49e-13          -1.0947e-13      2.64e-14    8.52e-01
   5        -8.0715e-14   1.49e-13          -1.0858e-13      2.60e-14    8.25e-01
   5        -7.4525e-14   1.50e-13          -1.0759e-13      2.56e-14    8.00e-01
   5        7.8242e-14   1.51e-13          -1.0236e-13      2.53e-14    8.21e-01
   5        9.2542e-14   1.50e-13          -9.7014e-14      2.49e-14    8.45e-01
   5        -2.2144e-13   1.52e-13          -1.0028e-13      2.46e-14    8.40e-01
   5        -2.0872e-13   1.52e-13          -1.0304e-13      2.43e-14    8.30e-01
   5        -1.9714e-13   1.52e-13          -1.0539e-13      2.40e-14    8.17e-01
   5        1.9702e-14   1.52e-13          -1.0237e-13      2.37e-14    8.13e-01
   5        -1.4682e-13   1.52e-13          -1.0343e-13      2.34e-14    7.94e-01
   5        -1.7054e-15   1.52e-13          -1.0107e-13      2.31e-14    7.85e-01
   5        -2.2049e-13   1.54e-13          -1.0370e-13      2.29e-14    7.80e-01
   5        -3.7321e-13   1.52e-13          -1.0965e-13      2.26e-14    8.36e-01
   5        -4.2104e-14   1.52e-13          -1.0819e-13      2.24e-14    8.20e-01
   5        -2.3052e-14   1.53e-13          -1.0640e-13      2.21e-14    8.08e-01
   5        -1.7615e-13   1.53e-13          -1.0782e-13      2.19e-14    7.95e-01
   5        -9.6893e-14   1.52e-13          -1.0760e-13      2.17e-14    7.77e-01
   5        3.4385e-14   1.53e-13          -1.0482e-13      2.15e-14    7.79e-01
   5        1.0755e-13   1.55e-13          -1.0083e-13      2.13e-14    8.01e-01
   5        -9.1634e-14   1.54e-13          -1.0065e-13      2.11e-14    7.84e-01
   5        -2.0892e-13   1.54e-13          -1.0263e-13      2.09e-14    7.78e-01
   5        -6.5261e-14   1.54e-13          -1.0196e-13      2.07e-14    7.64e-01
   5        3.8053e-15   1.57e-13          -1.0015e-13      2.05e-14    7.58e-01
   5        -4.9015e-14   1.56e-13          -9.9285e-14      2.03e-14    7.45e-01
   5        2.1798e-13   1.56e-13          -9.4021e-14      2.02e-14    8.07e-01
   5        1.0386e-13   1.55e-13          -9.0728e-14      2.00e-14    8.22e-01
aNNLO+NNLL = (9.3355407e-12 +- 2.0510209e-14) pb

Results:
LO = (7.9100202e-12 +- 5.3641150e-15) pb
NLO = (9.4262690e-12 +- 4.6081378e-15) pb
aNNLO+NNLL = (9.3355407e-12 +- 2.0510209e-14) pb
Thanks for using LHAPDF 6.2.3. Please make sure to cite the paper:
  Eur.Phys.J. C75 (2015) 3, 132  (http://arxiv.org/abs/1412.7420)
 ====================================================
   FF 2.0, a package to evaluate one-loop integrals
 written by G. J. van Oldenborgh, NIKHEF-H, Amsterdam
 ====================================================
 for the algorithms used see preprint NIKHEF-H 89/17,
 'New Algorithms for One-loop Integrals', by G.J. van
 Oldenborgh and J.A.M. Vermaseren, published in 
 Zeitschrift fuer Physik C46(1990)425.
 ====================================================
 
total number of errors and warnings
===================================
fferr: no errors
 
