
  Welcome to Resummino git-latest
  Copyright 2008-2010 Jonathan Debove.
  Copyright 2011-2014 David R. Lamprea.
  Copyright 2011-2016 Marcel Rothering.

  Licensed under the EUPL 1.1 or later.
  See http://www.resummino.org/ for more information.

  If using Resummino for slepton pair production, please cite.
  - G. Bozzi, B. Fuks, M. Klasen, PRD 74, 015001 (2006); NPB 777, 157 (2007); NPB 794, 46 (2007).
  - B. Fuks, M. Klasen, D. R. Lamprea, M. Rothering, EPJC 73, 2480 (2013).

  For gaugino pair production, please cite:
  - J. Debove, B. Fuks, M. Klasen, PLB 688, 208 (2010); NPB 842, 51 (2011); NPB 849, 64 (2011).
  - B. Fuks, M. Klasen, D. R. Lamprea, M. Rothering, JHEP 1210, 081 (2012); EPJC 73, 2480 (2013).

  For associated gaugino gluino production, please cite:
  - B. Fuks, M. Klasen, M. Rothering, JHEP 07:053, (2016).
  - B. Fuks, M. Klasen, D. R. Lamprea, M. Rothering, EPJC 73, 2480 (2013).

LHAPDF 6.2.3 loading /pool/condor/dir_46212/resummino-releases/lhapdf-prefix/share/LHAPDF/PDF4LHC21_40/PDF4LHC21_40_0000.dat
PDF4LHC21_40 PDF set, member #0, version 1
 alpha_s(M_Z^2) = 0.1180 	 for LO PDF set 
 alpha_s(100.000^2) = 0.1164 	 for LO PDF set 

********************
* LO cross section *
********************
The limits of integration are:

xl[0]=0.000000    xu[0]=1.000000
xl[1]=0.000000    xu[1]=1.000000
xl[2]=0.000000    xu[2]=1.000000

num_dim=3, calls=2000, it_num=1, max_it_num=5 verb=0, alph=1.50,
mode=0, bins=50, boxes=1

       single.......iteration                   accumulated......results   
iteration     integral    sigma             integral         sigma     chi-sq/it

   1        7.6645e-12   2.56e-13          7.6645e-12      2.56e-13    0.00e+00
   2        7.8505e-12   8.24e-14          7.8330e-12      7.85e-14    4.78e-01
   3        7.9603e-12   4.66e-14          7.9271e-12      4.01e-14    1.21e+00
   4        7.9131e-12   4.39e-14          7.9207e-12      2.96e-14    8.26e-01
   5        7.8784e-12   4.62e-14          7.9084e-12      2.49e-14    7.68e-01

num_dim=3, calls=20000, it_num=1, max_it_num=5 verb=0, alph=1.50,
mode=0, bins=50, boxes=1

       single.......iteration                   accumulated......results   
iteration     integral    sigma             integral         sigma     chi-sq/it

   1        7.9001e-12   1.41e-14          7.9001e-12      1.41e-14    0.00e+00
   2        7.9027e-12   1.38e-14          7.9014e-12      9.87e-15    1.74e-02
   3        7.9333e-12   1.38e-14          7.9122e-12      8.02e-15    1.79e+00
   4        7.9244e-12   1.44e-14          7.9151e-12      7.01e-15    1.38e+00
   5        7.8821e-12   1.43e-14          7.9087e-12      6.29e-15    2.11e+00
   5        7.9073e-12   1.45e-14          7.9085e-12      5.77e-15    1.69e+00
   5        7.9198e-12   1.46e-14          7.9100e-12      5.36e-15    1.50e+00
LO = (7.9100202e-12 +- 5.3641150e-15) pb
LHAPDF 6.2.3 loading /pool/condor/dir_46212/resummino-releases/lhapdf-prefix/share/LHAPDF/PDF4LHC21_40/PDF4LHC21_40_0000.dat
PDF4LHC21_40 PDF set, member #0, version 1
 alpha_s(M_Z^2) = 0.1180 	 for NLO PDF set 
 alpha_s(100.000^2) = 0.1164 	 for NLO PDF set 

********************
* LO cross section *
********************
The limits of integration are:

xl[0]=0.000000    xu[0]=1.000000
xl[1]=0.000000    xu[1]=1.000000
xl[2]=0.000000    xu[2]=1.000000

num_dim=3, calls=2000, it_num=1, max_it_num=5 verb=0, alph=1.50,
mode=0, bins=50, boxes=1

       single.......iteration                   accumulated......results   
iteration     integral    sigma             integral         sigma     chi-sq/it

   1        7.6645e-12   2.56e-13          7.6645e-12      2.56e-13    0.00e+00
   2        7.8505e-12   8.24e-14          7.8330e-12      7.85e-14    4.78e-01
   3        7.9603e-12   4.66e-14          7.9271e-12      4.01e-14    1.21e+00
   4        7.9131e-12   4.39e-14          7.9207e-12      2.96e-14    8.26e-01
   5        7.8784e-12   4.62e-14          7.9084e-12      2.49e-14    7.68e-01

num_dim=3, calls=20000, it_num=1, max_it_num=5 verb=0, alph=1.50,
mode=0, bins=50, boxes=1

       single.......iteration                   accumulated......results   
iteration     integral    sigma             integral         sigma     chi-sq/it

   1        7.9001e-12   1.41e-14          7.9001e-12      1.41e-14    0.00e+00
   2        7.9027e-12   1.38e-14          7.9014e-12      9.87e-15    1.74e-02
   3        7.9333e-12   1.38e-14          7.9122e-12      8.02e-15    1.79e+00
   4        7.9244e-12   1.44e-14          7.9151e-12      7.01e-15    1.38e+00
   5        7.8821e-12   1.43e-14          7.9087e-12      6.29e-15    2.11e+00
   5        7.9073e-12   1.45e-14          7.9085e-12      5.77e-15    1.69e+00
   5        7.9198e-12   1.46e-14          7.9100e-12      5.36e-15    1.50e+00
   5        7.9008e-12   1.48e-14          7.9090e-12      5.04e-15    1.33e+00
   5        7.8950e-12   1.53e-14          7.9076e-12      4.79e-15    1.26e+00
   5        7.8794e-12   1.56e-14          7.9052e-12      4.58e-15    1.45e+00
   5        7.9045e-12   1.65e-14          7.9051e-12      4.41e-15    1.31e+00
   5        7.8943e-12   1.65e-14          7.9044e-12      4.27e-15    1.22e+00
   5        7.9200e-12   1.75e-14          7.9053e-12      4.14e-15    1.18e+00
   5        7.8925e-12   1.79e-14          7.9046e-12      4.04e-15    1.13e+00
   5        7.9067e-12   1.89e-14          7.9047e-12      3.95e-15    1.05e+00
   5        7.8959e-12   1.94e-14          7.9044e-12      3.87e-15    9.93e-01
   5        7.8913e-12   1.94e-14          7.9039e-12      3.79e-15    9.58e-01
   5        7.9319e-12   2.00e-14          7.9048e-12      3.73e-15    1.01e+00
   5        7.9329e-12   2.13e-14          7.9057e-12      3.67e-15    1.05e+00
   5        7.9370e-12   2.10e-14          7.9066e-12      3.62e-15    1.11e+00
   5        7.8918e-12   2.15e-14          7.9062e-12      3.57e-15    1.08e+00
   5        7.9059e-12   2.21e-14          7.9062e-12      3.52e-15    1.03e+00
   5        7.9224e-12   2.25e-14          7.9066e-12      3.48e-15    1.00e+00
   5        7.8915e-12   2.36e-14          7.9063e-12      3.44e-15    9.75e-01
   5        7.9421e-12   2.35e-14          7.9070e-12      3.41e-15    1.03e+00
   5        7.9063e-12   2.39e-14          7.9070e-12      3.37e-15    9.89e-01
   5        7.9552e-12   2.49e-14          7.9079e-12      3.34e-15    1.09e+00
   5        7.9169e-12   2.39e-14          7.9080e-12      3.31e-15    1.06e+00
   5        7.9019e-12   2.47e-14          7.9079e-12      3.28e-15    1.02e+00
   5        7.9342e-12   2.61e-14          7.9083e-12      3.25e-15    1.02e+00
   5        7.9011e-12   2.48e-14          7.9082e-12      3.23e-15    9.89e-01
   5        7.9081e-12   2.56e-14          7.9082e-12      3.20e-15    9.57e-01
   5        7.9421e-12   2.46e-14          7.9088e-12      3.17e-15    9.86e-01
   5        7.8767e-12   2.50e-14          7.9083e-12      3.15e-15    1.00e+00
   5        7.8859e-12   2.53e-14          7.9079e-12      3.12e-15    9.98e-01
   5        7.9454e-12   2.61e-14          7.9085e-12      3.10e-15    1.03e+00
   5        7.8372e-12   2.42e-14          7.9073e-12      3.08e-15    1.24e+00
   5        7.8804e-12   2.49e-14          7.9069e-12      3.05e-15    1.23e+00
   5        7.9355e-12   2.53e-14          7.9073e-12      3.03e-15    1.23e+00
   5        7.9170e-12   2.58e-14          7.9074e-12      3.01e-15    1.21e+00
   5        7.9377e-12   2.68e-14          7.9078e-12      2.99e-15    1.21e+00
   5        7.9188e-12   2.58e-14          7.9080e-12      2.97e-15    1.18e+00
   5        7.9668e-12   2.64e-14          7.9087e-12      2.95e-15    1.27e+00
   5        7.9199e-12   2.66e-14          7.9088e-12      2.94e-15    1.25e+00
   5        7.8841e-12   2.73e-14          7.9086e-12      2.92e-15    1.24e+00
   5        7.9081e-12   2.81e-14          7.9086e-12      2.90e-15    1.21e+00
   5        7.9379e-12   2.83e-14          7.9089e-12      2.89e-15    1.20e+00
   5        7.8511e-12   2.73e-14          7.9082e-12      2.87e-15    1.27e+00
   5        7.9645e-12   2.81e-14          7.9088e-12      2.86e-15    1.33e+00
   5        7.9541e-12   2.76e-14          7.9093e-12      2.84e-15    1.36e+00
   5        7.9060e-12   2.77e-14          7.9092e-12      2.83e-15    1.33e+00
   5        7.8461e-12   2.82e-14          7.9086e-12      2.81e-15    1.40e+00
   5        7.9084e-12   2.87e-14          7.9086e-12      2.80e-15    1.38e+00
   5        7.9059e-12   2.91e-14          7.9086e-12      2.79e-15    1.35e+00
   5        7.9824e-12   2.90e-14          7.9093e-12      2.77e-15    1.44e+00
LO = (7.9092671e-12 +- 2.7741769e-15) pb

*******************************************
* virtual corrections + integrated dipole *
*******************************************
The limits of integration are:

xl[0]=0.000000    xu[0]=1.000000
xl[1]=0.000000    xu[1]=1.000000
xl[2]=0.000000    xu[2]=1.000000

num_dim=3, calls=240, it_num=1, max_it_num=5 verb=0, alph=1.50,
mode=0, bins=50, boxes=1

       single.......iteration                   accumulated......results   
iteration     integral    sigma             integral         sigma     chi-sq/it

   1        1.2905e-12   1.33e-13          1.2905e-12      1.33e-13    0.00e+00
   2        1.2247e-12   5.09e-14          1.2331e-12      4.75e-14    2.15e-01
   3        1.3694e-12   3.69e-14          1.3182e-12      2.91e-14    2.67e+00
   4        1.3542e-12   2.73e-14          1.3373e-12      1.99e-14    2.05e+00
   5        1.4274e-12   3.14e-14          1.3632e-12      1.68e-14    3.01e+00

num_dim=3, calls=1200, it_num=1, max_it_num=3 verb=0, alph=1.50,
mode=0, bins=50, boxes=1

       single.......iteration                   accumulated......results   
iteration     integral    sigma             integral         sigma     chi-sq/it

   1        1.3445e-12   1.33e-14          1.3445e-12      1.33e-14    0.00e+00
   2        1.3747e-12   1.18e-14          1.3614e-12      8.82e-15    2.89e+00
   3        1.3657e-12   1.07e-14          1.3631e-12      6.81e-15    1.49e+00
   3        1.3859e-12   1.06e-14          1.3698e-12      5.73e-15    2.08e+00
   3        1.3621e-12   1.07e-14          1.3680e-12      5.05e-15    1.66e+00
   3        1.3720e-12   1.04e-14          1.3688e-12      4.54e-15    1.35e+00
   3        1.3571e-12   1.17e-14          1.3673e-12      4.23e-15    1.27e+00
   3        1.3794e-12   1.11e-14          1.3688e-12      3.96e-15    1.24e+00
   3        1.3735e-12   1.03e-14          1.3694e-12      3.69e-15    1.11e+00
   3        1.3669e-12   1.09e-14          1.3692e-12      3.50e-15    9.88e-01
   3        1.3553e-12   1.11e-14          1.3679e-12      3.34e-15    1.03e+00
   3        1.3626e-12   1.08e-14          1.3674e-12      3.19e-15    9.57e-01
   3        1.3738e-12   1.04e-14          1.3680e-12      3.05e-15    9.06e-01
   3        1.3776e-12   1.13e-14          1.3686e-12      2.94e-15    8.88e-01
   3        1.3721e-12   1.13e-14          1.3689e-12      2.85e-15    8.31e-01
   3        1.3563e-12   1.14e-14          1.3681e-12      2.76e-15    8.53e-01
   3        1.3629e-12   1.05e-14          1.3678e-12      2.67e-15    8.14e-01
   3        1.3562e-12   1.07e-14          1.3671e-12      2.59e-15    8.31e-01
vNLO = (1.3671060e-12 +- 2.5902881e-15) pb

*****************************
* collinear remainder (P+K) *
*****************************
The limits of integration are:

xl[0]=0.000000    xu[0]=1.000000
xl[1]=0.000000    xu[1]=1.000000
xl[2]=0.000000    xu[2]=1.000000
xl[3]=0.000000    xu[3]=1.000000

num_dim=4, calls=2500, it_num=1, max_it_num=5 verb=0, alph=1.50,
mode=0, bins=50, boxes=1

       single.......iteration                   accumulated......results   
iteration     integral    sigma             integral         sigma     chi-sq/it

   1        3.0284e-13   6.77e-14          3.0284e-13      6.77e-14    0.00e+00
   2        2.3472e-13   3.77e-14          2.5081e-13      3.29e-14    7.72e-01
   3        2.2221e-13   3.13e-14          2.3578e-13      2.27e-14    5.85e-01
   4        2.0777e-13   3.16e-14          2.2625e-13      1.84e-14    5.63e-01
   5        1.9025e-13   3.16e-14          2.1711e-13      1.59e-14    6.65e-01

num_dim=4, calls=25000, it_num=1, max_it_num=3 verb=0, alph=1.50,
mode=0, bins=50, boxes=1

       single.......iteration                   accumulated......results   
iteration     integral    sigma             integral         sigma     chi-sq/it

   1        1.9828e-13   9.97e-15          1.9828e-13      9.97e-15    0.00e+00
   2        1.8513e-13   1.00e-14          1.9173e-13      7.06e-15    8.67e-01
   3        1.9949e-13   9.90e-15          1.9435e-13      5.75e-15    6.37e-01
   3        1.9476e-13   9.96e-15          1.9445e-13      4.98e-15    4.25e-01
   3        2.0623e-13   1.00e-14          1.9679e-13      4.46e-15    5.96e-01
   3        2.0065e-13   9.97e-15          1.9743e-13      4.07e-15    5.02e-01
   3        2.0578e-13   9.96e-15          1.9862e-13      3.77e-15    5.19e-01
   3        1.8341e-13   9.98e-15          1.9673e-13      3.53e-15    7.35e-01
   3        1.9325e-13   1.00e-14          1.9635e-13      3.33e-15    6.56e-01
   3        1.9628e-13   1.00e-14          1.9634e-13      3.16e-15    5.83e-01
   3        1.9141e-13   1.00e-14          1.9589e-13      3.01e-15    5.47e-01
   3        2.0371e-13   1.00e-14          1.9654e-13      2.88e-15    5.48e-01
   3        2.0893e-13   1.01e-14          1.9748e-13      2.77e-15    6.19e-01
   3        1.8822e-13   1.01e-14          1.9683e-13      2.67e-15    6.31e-01
   3        1.9404e-13   1.02e-14          1.9665e-13      2.59e-15    5.91e-01
P+K = (1.9664931e-13 +- 2.5854323e-15) pb

********************************
* real gluon emission - dipole *
********************************
The limits of integration are:

xl[0]=0.000000    xu[0]=1.000000
xl[1]=0.000000    xu[1]=1.000000
xl[2]=0.000000    xu[2]=1.000000
xl[3]=0.000000    xu[3]=1.000000
xl[4]=0.000000    xu[4]=1.000000
xl[5]=0.000000    xu[5]=1.000000

num_dim=6, calls=250, it_num=1, max_it_num=5 verb=0, alph=1.50,
mode=0, bins=50, boxes=1

       single.......iteration                   accumulated......results   
iteration     integral    sigma             integral         sigma     chi-sq/it

   1        -4.9536e-14   1.32e-14          -4.9536e-14      1.32e-14    0.00e+00
   2        -5.3030e-14   1.15e-14          -5.1521e-14      8.67e-15    3.98e-02
   3        -4.1449e-14   5.59e-15          -4.4405e-14      4.70e-15    4.97e-01
   4        -4.1328e-14   5.83e-15          -4.3195e-14      3.66e-15    3.87e-01
   5        -4.8604e-14   4.29e-15          -4.5472e-14      2.78e-15    5.20e-01

num_dim=6, calls=2500, it_num=1, max_it_num=3 verb=0, alph=1.50,
mode=0, bins=50, boxes=1

       single.......iteration                   accumulated......results   
iteration     integral    sigma             integral         sigma     chi-sq/it

   1        -4.4833e-14   1.26e-15          -4.4833e-14      1.26e-15    0.00e+00
   2        -4.5154e-14   9.91e-16          -4.5032e-14      7.79e-16    4.01e-02
   3        -4.6054e-14   8.91e-16          -4.5474e-14      5.87e-16    3.93e-01
   3        -4.5420e-14   7.11e-16          -4.5452e-14      4.53e-16    2.63e-01
   3        -4.5382e-14   6.07e-16          -4.5427e-14      3.63e-16    1.99e-01
   3        -4.4921e-14   5.76e-16          -4.5283e-14      3.07e-16    2.70e-01
   3        -4.4799e-14   5.56e-16          -4.5170e-14      2.69e-16    3.22e-01
   3        -4.4960e-14   5.55e-16          -4.5130e-14      2.42e-16    2.92e-01
   3        -4.5504e-14   5.72e-16          -4.5187e-14      2.23e-16    3.01e-01
   3        -4.5630e-14   5.78e-16          -4.5244e-14      2.08e-16    3.24e-01
   3        -4.5046e-14   5.73e-16          -4.5221e-14      1.95e-16    3.03e-01
   3        -4.5157e-14   5.78e-16          -4.5215e-14      1.85e-16    2.76e-01
   3        -4.5010e-14   5.54e-16          -4.5194e-14      1.76e-16    2.63e-01
   3        -4.5552e-14   5.65e-16          -4.5225e-14      1.68e-16    2.71e-01
   3        -4.4441e-14   5.44e-16          -4.5157e-14      1.60e-16    3.87e-01
   3        -4.5132e-14   6.15e-16          -4.5156e-14      1.55e-16    3.62e-01
   3        -4.4846e-14   6.57e-16          -4.5139e-14      1.51e-16    3.52e-01
   3        -4.4733e-14   5.96e-16          -4.5115e-14      1.46e-16    3.57e-01
   3        -4.4583e-14   5.82e-16          -4.5083e-14      1.42e-16    3.81e-01
   3        -4.4801e-14   5.99e-16          -4.5068e-14      1.38e-16    3.72e-01
   3        -4.4248e-14   5.75e-16          -4.5024e-14      1.34e-16    4.50e-01
   3        -4.4878e-14   5.90e-16          -4.5016e-14      1.31e-16    4.31e-01
   3        -4.4254e-14   5.95e-16          -4.4981e-14      1.28e-16    4.83e-01
   3        -4.5209e-14   5.81e-16          -4.4992e-14      1.25e-16    4.68e-01
   3        -4.4164e-14   5.57e-16          -4.4952e-14      1.22e-16    5.36e-01
rNLOg = (-4.4952089e-14 +- 1.2183571e-16) pb

**************************************************
* real light quark emission - dipole - (onshell) *
**************************************************
The limits of integration are:

xl[0]=0.000000    xu[0]=1.000000
xl[1]=0.000000    xu[1]=1.000000
xl[2]=0.000000    xu[2]=1.000000
xl[3]=0.000000    xu[3]=1.000000
xl[4]=0.000000    xu[4]=1.000000
xl[5]=0.000000    xu[5]=1.000000

num_dim=6, calls=5000, it_num=1, max_it_num=5 verb=0, alph=1.50,
mode=0, bins=50, boxes=1

       single.......iteration                   accumulated......results   
iteration     integral    sigma             integral         sigma     chi-sq/it

   1        1.5070e-13   1.19e-14          1.5070e-13      1.19e-14    0.00e+00
   2        1.5900e-13   3.66e-15          1.5828e-13      3.50e-15    4.44e-01
   3        1.5155e-13   1.83e-15          1.5300e-13      1.63e-15    1.67e+00
   4        1.5128e-13   1.56e-15          1.5210e-13      1.13e-15    1.31e+00
   5        1.5225e-13   1.44e-15          1.5216e-13      8.87e-16    9.85e-01

num_dim=6, calls=50000, it_num=1, max_it_num=5 verb=0, alph=1.50,
mode=0, bins=50, boxes=1

       single.......iteration                   accumulated......results   
iteration     integral    sigma             integral         sigma     chi-sq/it

   1        1.5207e-13   4.48e-16          1.5207e-13      4.48e-16    0.00e+00
   2        1.5290e-13   4.77e-16          1.5246e-13      3.27e-16    1.59e+00
   3        1.5378e-13   5.26e-16          1.5283e-13      2.78e-16    3.08e+00
   4        1.5268e-13   4.99e-16          1.5279e-13      2.43e-16    2.08e+00
   5        1.5286e-13   5.07e-16          1.5281e-13      2.19e-16    1.56e+00
   5        1.5270e-13   4.59e-16          1.5279e-13      1.98e-16    1.26e+00
rNLOq = (1.5278612e-13 +- 1.9756393e-16) pb
NLO = (9.5808564e-12 +- 4.5982590e-15) pb
#chisq/dof = 1.46117e-07
#status = success
#chisq/dof = 2.42548e-08
#status = success
#chisq/dof = 9.62401e-10
#status = success
#chisq/dof = 5.93903e-09
#status = success
#chisq/dof = 6.67943e-10
#status = success
#chisq/dof = 1.12037e-10
#status = success
#chisq/dof = 2.57678e-09
#status = success
#chisq/dof = 1.83007e-10
#status = success

*******************************************************
* threshold resummation (unimproved nnll) - expansion *
*******************************************************
The limits of integration are:

xl[0]=0.000000    xu[0]=1.000000
xl[1]=0.000000    xu[1]=1.000000
xl[2]=0.000000    xu[2]=1.000000

num_dim=3, calls=7000, it_num=1, max_it_num=5 verb=0, alph=1.50,
mode=0, bins=50, boxes=1

       single.......iteration                   accumulated......results   
iteration     integral    sigma             integral         sigma     chi-sq/it

   1        -3.5444e-12   1.57e-12          -3.5444e-12      1.57e-12    0.00e+00
   2        -6.1015e-13   6.34e-13          -1.0229e-12      5.88e-13    3.01e+00
   3        8.1893e-13   5.57e-13          -5.2433e-14      4.04e-13    4.10e+00
   4        1.0393e-12   5.45e-13          3.3458e-13      3.25e-13    3.59e+00
   5        6.3167e-13   5.44e-13          4.1260e-13      2.79e-13    2.75e+00

num_dim=3, calls=35000, it_num=1, max_it_num=5 verb=0, alph=1.50,
mode=0, bins=50, boxes=1

       single.......iteration                   accumulated......results   
iteration     integral    sigma             integral         sigma     chi-sq/it

   1        1.9243e-13   2.44e-13          1.9243e-13      2.44e-13    0.00e+00
   2        -1.8430e-13   2.44e-13          3.6529e-15      1.73e-13    1.19e+00
   3        1.7513e-13   2.43e-13          6.1264e-14      1.41e-13    7.61e-01
   4        -1.1209e-14   2.45e-13          4.3271e-14      1.22e-13    5.29e-01
   5        2.3115e-14   2.44e-13          3.9233e-14      1.09e-13    3.98e-01
   5        1.3871e-14   2.44e-13          3.5009e-14      9.96e-14    3.20e-01
   5        -2.2469e-13   2.45e-13          -1.8034e-15      9.23e-14    4.28e-01
   5        -3.6251e-13   2.46e-13          -4.6124e-14      8.64e-14    6.35e-01
   5        -1.1587e-13   2.46e-13          -5.3790e-14      8.15e-14    5.65e-01
   5        2.1559e-13   2.46e-13          -2.7175e-14      7.74e-14    6.22e-01
   5        -1.8191e-13   2.47e-13          -4.1023e-14      7.38e-14    5.95e-01
   5        3.0893e-13   2.48e-13          -1.2519e-14      7.08e-14    7.08e-01
   5        2.2726e-13   2.48e-13          5.5500e-15      6.80e-14    7.21e-01
   5        4.2767e-13   2.48e-13          3.5082e-14      6.56e-14    8.72e-01
   5        -3.9971e-14   2.50e-13          3.0257e-14      6.35e-14    8.16e-01
   5        -3.3187e-13   2.50e-13          8.3350e-15      6.15e-14    8.93e-01
   5        9.0422e-14   2.48e-13          1.3092e-14      5.97e-14    8.44e-01
   5        -2.3641e-13   2.52e-13          -1.6099e-16      5.81e-14    8.48e-01
aNNLO+NNLL = (9.5806954e-12 +- 5.8294421e-14) pb

Results:
LO = (7.9100202e-12 +- 5.3641150e-15) pb
NLO = (9.5808564e-12 +- 4.5982590e-15) pb
aNNLO+NNLL = (9.5806954e-12 +- 5.8294421e-14) pb
Thanks for using LHAPDF 6.2.3. Please make sure to cite the paper:
  Eur.Phys.J. C75 (2015) 3, 132  (http://arxiv.org/abs/1412.7420)
 ====================================================
   FF 2.0, a package to evaluate one-loop integrals
 written by G. J. van Oldenborgh, NIKHEF-H, Amsterdam
 ====================================================
 for the algorithms used see preprint NIKHEF-H 89/17,
 'New Algorithms for One-loop Integrals', by G.J. van
 Oldenborgh and J.A.M. Vermaseren, published in 
 Zeitschrift fuer Physik C46(1990)425.
 ====================================================
 
total number of errors and warnings
===================================
fferr: no errors
 
