
  Welcome to Resummino git-latest
  Copyright 2008-2010 Jonathan Debove.
  Copyright 2011-2014 David R. Lamprea.
  Copyright 2011-2016 Marcel Rothering.

  Licensed under the EUPL 1.1 or later.
  See http://www.resummino.org/ for more information.

  If using Resummino for slepton pair production, please cite.
  - G. Bozzi, B. Fuks, M. Klasen, PRD 74, 015001 (2006); NPB 777, 157 (2007); NPB 794, 46 (2007).
  - B. Fuks, M. Klasen, D. R. Lamprea, M. Rothering, EPJC 73, 2480 (2013).

  For gaugino pair production, please cite:
  - J. Debove, B. Fuks, M. Klasen, PLB 688, 208 (2010); NPB 842, 51 (2011); NPB 849, 64 (2011).
  - B. Fuks, M. Klasen, D. R. Lamprea, M. Rothering, JHEP 1210, 081 (2012); EPJC 73, 2480 (2013).

  For associated gaugino gluino production, please cite:
  - B. Fuks, M. Klasen, M. Rothering, JHEP 07:053, (2016).
  - B. Fuks, M. Klasen, D. R. Lamprea, M. Rothering, EPJC 73, 2480 (2013).

LHAPDF 6.2.3 loading /pool/condor/dir_42766/resummino-releases/lhapdf-prefix/share/LHAPDF/PDF4LHC21_40/PDF4LHC21_40_0000.dat
PDF4LHC21_40 PDF set, member #0, version 1
 alpha_s(M_Z^2) = 0.1180 	 for LO PDF set 
 alpha_s(500.000^2) = 0.0940 	 for LO PDF set 

********************
* LO cross section *
********************
The limits of integration are:

xl[0]=0.000000    xu[0]=1.000000
xl[1]=0.000000    xu[1]=1.000000
xl[2]=0.000000    xu[2]=1.000000

num_dim=3, calls=2000, it_num=1, max_it_num=5 verb=0, alph=1.50,
mode=0, bins=50, boxes=1

       single.......iteration                   accumulated......results   
iteration     integral    sigma             integral         sigma     chi-sq/it

   1        2.2453e-12   7.55e-14          2.2453e-12      7.55e-14    0.00e+00
   2        2.3337e-12   2.48e-14          2.3250e-12      2.36e-14    1.24e+00
   3        2.3751e-12   1.33e-14          2.3630e-12      1.16e-14    2.33e+00
   4        2.3580e-12   1.23e-14          2.3607e-12      8.42e-15    1.58e+00
   5        2.3480e-12   1.28e-14          2.3569e-12      7.04e-15    1.36e+00

num_dim=3, calls=20000, it_num=1, max_it_num=5 verb=0, alph=1.50,
mode=0, bins=50, boxes=1

       single.......iteration                   accumulated......results   
iteration     integral    sigma             integral         sigma     chi-sq/it

   1        2.3546e-12   3.95e-15          2.3546e-12      3.95e-15    0.00e+00
   2        2.3551e-12   3.84e-15          2.3549e-12      2.76e-15    5.74e-03
   3        2.3627e-12   3.82e-15          2.3576e-12      2.24e-15    1.40e+00
   4        2.3610e-12   4.04e-15          2.3584e-12      1.96e-15    1.12e+00
   5        2.3491e-12   3.98e-15          2.3566e-12      1.76e-15    1.94e+00
   5        2.3556e-12   4.04e-15          2.3564e-12      1.61e-15    1.56e+00
   5        2.3593e-12   4.04e-15          2.3568e-12      1.50e-15    1.38e+00
LO = (2.3568071e-12 +- 1.4955972e-15) pb
LHAPDF 6.2.3 loading /pool/condor/dir_42766/resummino-releases/lhapdf-prefix/share/LHAPDF/PDF4LHC21_40/PDF4LHC21_40_0028.dat
PDF4LHC21_40 PDF set, member #28, version 1
 alpha_s(M_Z^2) = 0.1180 	 for NLO PDF set 
 alpha_s(500.000^2) = 0.0940 	 for NLO PDF set 

********************
* LO cross section *
********************
The limits of integration are:

xl[0]=0.000000    xu[0]=1.000000
xl[1]=0.000000    xu[1]=1.000000
xl[2]=0.000000    xu[2]=1.000000

num_dim=3, calls=2000, it_num=1, max_it_num=5 verb=0, alph=1.50,
mode=0, bins=50, boxes=1

       single.......iteration                   accumulated......results   
iteration     integral    sigma             integral         sigma     chi-sq/it

   1        2.2231e-12   7.53e-14          2.2231e-12      7.53e-14    0.00e+00
   2        2.3105e-12   2.47e-14          2.3020e-12      2.35e-14    1.22e+00
   3        2.3530e-12   1.33e-14          2.3407e-12      1.15e-14    2.39e+00
   4        2.3349e-12   1.23e-14          2.3380e-12      8.42e-15    1.63e+00
   5        2.3253e-12   1.28e-14          2.3342e-12      7.04e-15    1.40e+00

num_dim=3, calls=20000, it_num=1, max_it_num=5 verb=0, alph=1.50,
mode=0, bins=50, boxes=1

       single.......iteration                   accumulated......results   
iteration     integral    sigma             integral         sigma     chi-sq/it

   1        2.3320e-12   3.97e-15          2.3320e-12      3.97e-15    0.00e+00
   2        2.3325e-12   3.86e-15          2.3323e-12      2.77e-15    8.02e-03
   3        2.3401e-12   3.84e-15          2.3350e-12      2.24e-15    1.36e+00
   4        2.3384e-12   4.05e-15          2.3358e-12      1.96e-15    1.10e+00
   5        2.3264e-12   4.00e-15          2.3339e-12      1.76e-15    1.93e+00
   5        2.3327e-12   4.05e-15          2.3338e-12      1.62e-15    1.56e+00
   5        2.3368e-12   4.06e-15          2.3342e-12      1.50e-15    1.38e+00
   5        2.3310e-12   4.13e-15          2.3338e-12      1.41e-15    1.26e+00
   5        2.3308e-12   4.27e-15          2.3335e-12      1.34e-15    1.16e+00
   5        2.3263e-12   4.31e-15          2.3329e-12      1.28e-15    1.31e+00
   5        2.3327e-12   4.51e-15          2.3329e-12      1.23e-15    1.18e+00
   5        2.3300e-12   4.58e-15          2.3327e-12      1.19e-15    1.11e+00
   5        2.3379e-12   4.85e-15          2.3330e-12      1.15e-15    1.11e+00
   5        2.3289e-12   4.94e-15          2.3328e-12      1.12e-15    1.07e+00
   5        2.3338e-12   5.26e-15          2.3328e-12      1.10e-15    9.99e-01
   5        2.3299e-12   5.40e-15          2.3327e-12      1.08e-15    9.50e-01
   5        2.3285e-12   5.50e-15          2.3325e-12      1.06e-15    9.25e-01
   5        2.3399e-12   5.68e-15          2.3328e-12      1.04e-15    9.67e-01
   5        2.3405e-12   6.02e-15          2.3330e-12      1.02e-15    1.00e+00
   5        2.3415e-12   6.05e-15          2.3332e-12      1.01e-15    1.05e+00
   5        2.3278e-12   6.30e-15          2.3331e-12      9.97e-16    1.03e+00
   5        2.3329e-12   6.45e-15          2.3331e-12      9.85e-16    9.84e-01
   5        2.3372e-12   6.53e-15          2.3332e-12      9.74e-16    9.57e-01
   5        2.3307e-12   6.91e-15          2.3331e-12      9.65e-16    9.21e-01
   5        2.3421e-12   6.80e-15          2.3333e-12      9.55e-16    9.54e-01
   5        2.3321e-12   6.95e-15          2.3333e-12      9.46e-16    9.17e-01
   5        2.3483e-12   7.38e-15          2.3335e-12      9.38e-16    1.04e+00
   5        2.3341e-12   7.10e-15          2.3336e-12      9.30e-16    9.99e-01
   5        2.3318e-12   7.30e-15          2.3335e-12      9.23e-16    9.66e-01
   5        2.3409e-12   7.72e-15          2.3336e-12      9.16e-16    9.63e-01
   5        2.3346e-12   7.35e-15          2.3336e-12      9.09e-16    9.32e-01
   5        2.3334e-12   7.64e-15          2.3336e-12      9.03e-16    9.02e-01
   5        2.3414e-12   7.30e-15          2.3338e-12      8.96e-16    9.08e-01
   5        2.3272e-12   7.58e-15          2.3337e-12      8.90e-16    9.03e-01
   5        2.3257e-12   7.38e-15          2.3336e-12      8.83e-16    9.10e-01
   5        2.3455e-12   7.64e-15          2.3337e-12      8.78e-16    9.52e-01
   5        2.3109e-12   7.37e-15          2.3334e-12      8.71e-16    1.19e+00
   5        2.3237e-12   7.69e-15          2.3333e-12      8.66e-16    1.20e+00
   5        2.3409e-12   7.61e-15          2.3334e-12      8.60e-16    1.19e+00
   5        2.3344e-12   7.77e-15          2.3334e-12      8.55e-16    1.16e+00
   5        2.3394e-12   7.95e-15          2.3334e-12      8.50e-16    1.15e+00
   5        2.3346e-12   7.90e-15          2.3335e-12      8.45e-16    1.12e+00
   5        2.3533e-12   8.06e-15          2.3337e-12      8.41e-16    1.24e+00
   5        2.3373e-12   7.84e-15          2.3337e-12      8.36e-16    1.21e+00
   5        2.3272e-12   8.09e-15          2.3336e-12      8.32e-16    1.20e+00
   5        2.3323e-12   8.29e-15          2.3336e-12      8.27e-16    1.17e+00
   5        2.3445e-12   8.57e-15          2.3337e-12      8.24e-16    1.18e+00
   5        2.3166e-12   8.35e-15          2.3336e-12      8.20e-16    1.25e+00
   5        2.3531e-12   8.73e-15          2.3337e-12      8.16e-16    1.32e+00
   5        2.3488e-12   8.43e-15          2.3339e-12      8.12e-16    1.36e+00
   5        2.3317e-12   8.44e-15          2.3339e-12      8.08e-16    1.34e+00
   5        2.3144e-12   8.35e-15          2.3337e-12      8.05e-16    1.42e+00
   5        2.3327e-12   8.52e-15          2.3337e-12      8.01e-16    1.39e+00
   5        2.3383e-12   8.99e-15          2.3337e-12      7.98e-16    1.37e+00
   5        2.3484e-12   8.51e-15          2.3338e-12      7.94e-16    1.40e+00
LO = (2.3338360e-12 +- 7.9446388e-16) pb

*******************************************
* virtual corrections + integrated dipole *
*******************************************
The limits of integration are:

xl[0]=0.000000    xu[0]=1.000000
xl[1]=0.000000    xu[1]=1.000000
xl[2]=0.000000    xu[2]=1.000000

num_dim=3, calls=240, it_num=1, max_it_num=5 verb=0, alph=1.50,
mode=0, bins=50, boxes=1

       single.......iteration                   accumulated......results   
iteration     integral    sigma             integral         sigma     chi-sq/it

   1        2.9732e-13   3.07e-14          2.9732e-13      3.07e-14    0.00e+00
   2        3.0597e-13   1.60e-14          3.0412e-13      1.42e-14    6.22e-02
   3        3.2992e-13   8.55e-15          3.2306e-13      7.32e-15    1.24e+00
   4        3.2440e-13   5.73e-15          3.2389e-13      4.51e-15    8.36e-01
   5        3.3843e-13   7.56e-15          3.2771e-13      3.87e-15    1.31e+00

num_dim=3, calls=1200, it_num=1, max_it_num=3 verb=0, alph=1.50,
mode=0, bins=50, boxes=1

       single.......iteration                   accumulated......results   
iteration     integral    sigma             integral         sigma     chi-sq/it

   1        3.2057e-13   3.19e-15          3.2057e-13      3.19e-15    0.00e+00
   2        3.2766e-13   2.62e-15          3.2480e-13      2.03e-15    2.95e+00
   3        3.2546e-13   2.39e-15          3.2508e-13      1.55e-15    1.50e+00
   3        3.3037e-13   2.39e-15          3.2664e-13      1.30e-15    2.15e+00
   3        3.2410e-13   2.44e-15          3.2608e-13      1.15e-15    1.83e+00
   3        3.2728e-13   2.36e-15          3.2631e-13      1.03e-15    1.50e+00
   3        3.2398e-13   2.64e-15          3.2600e-13      9.61e-16    1.36e+00
   3        3.2924e-13   2.55e-15          3.2640e-13      8.99e-16    1.37e+00
   3        3.2780e-13   2.39e-15          3.2658e-13      8.42e-16    1.24e+00
   3        3.2567e-13   2.45e-15          3.2648e-13      7.96e-16    1.11e+00
   3        3.2374e-13   2.52e-15          3.2623e-13      7.59e-16    1.11e+00
vNLO = (3.2623288e-13 +- 7.5918104e-16) pb

*****************************
* collinear remainder (P+K) *
*****************************
The limits of integration are:

xl[0]=0.000000    xu[0]=1.000000
xl[1]=0.000000    xu[1]=1.000000
xl[2]=0.000000    xu[2]=1.000000
xl[3]=0.000000    xu[3]=1.000000

num_dim=4, calls=2500, it_num=1, max_it_num=5 verb=0, alph=1.50,
mode=0, bins=50, boxes=1

       single.......iteration                   accumulated......results   
iteration     integral    sigma             integral         sigma     chi-sq/it

   1        1.4253e-13   1.60e-14          1.4253e-13      1.60e-14    0.00e+00
   2        1.3959e-13   7.24e-15          1.4009e-13      6.60e-15    2.79e-02
   3        1.3980e-13   6.40e-15          1.3994e-13      4.59e-15    1.45e-02
   4        1.4509e-13   6.12e-15          1.4180e-13      3.67e-15    1.61e-01
   5        1.4887e-13   6.25e-15          1.4361e-13      3.17e-15    3.58e-01

num_dim=4, calls=25000, it_num=1, max_it_num=3 verb=0, alph=1.50,
mode=0, bins=50, boxes=1

       single.......iteration                   accumulated......results   
iteration     integral    sigma             integral         sigma     chi-sq/it

   1        1.4639e-13   1.96e-15          1.4639e-13      1.96e-15    0.00e+00
   2        1.4443e-13   1.94e-15          1.4540e-13      1.38e-15    5.04e-01
   3        1.4223e-13   1.94e-15          1.4434e-13      1.12e-15    1.13e+00
   3        1.4437e-13   1.94e-15          1.4435e-13      9.73e-16    7.56e-01
   3        1.4290e-13   1.94e-15          1.4406e-13      8.70e-16    6.78e-01
   3        1.4348e-13   1.94e-15          1.4396e-13      7.94e-16    5.57e-01
   3        1.4348e-13   1.95e-15          1.4389e-13      7.36e-16    4.73e-01
   3        1.4213e-13   1.96e-15          1.4367e-13      6.89e-16    5.07e-01
P+K = (1.4367446e-13 +- 6.8856771e-16) pb

********************************
* real gluon emission - dipole *
********************************
The limits of integration are:

xl[0]=0.000000    xu[0]=1.000000
xl[1]=0.000000    xu[1]=1.000000
xl[2]=0.000000    xu[2]=1.000000
xl[3]=0.000000    xu[3]=1.000000
xl[4]=0.000000    xu[4]=1.000000
xl[5]=0.000000    xu[5]=1.000000

num_dim=6, calls=250, it_num=1, max_it_num=5 verb=0, alph=1.50,
mode=0, bins=50, boxes=1

       single.......iteration                   accumulated......results   
iteration     integral    sigma             integral         sigma     chi-sq/it

   1        -8.5967e-15   2.75e-15          -8.5967e-15      2.75e-15    0.00e+00
   2        -9.9772e-15   2.37e-15          -9.3871e-15      1.79e-15    1.45e-01
   3        -5.8240e-15   6.21e-16          -6.2052e-15      5.87e-16    1.83e+00
   4        -7.3520e-15   6.12e-16          -6.7546e-15      4.24e-16    1.83e+00
   5        -7.9914e-15   7.04e-16          -7.0832e-15      3.63e-16    1.94e+00

num_dim=6, calls=2500, it_num=1, max_it_num=3 verb=0, alph=1.50,
mode=0, bins=50, boxes=1

       single.......iteration                   accumulated......results   
iteration     integral    sigma             integral         sigma     chi-sq/it

   1        -7.6641e-15   1.88e-16          -7.6641e-15      1.88e-16    0.00e+00
   2        -7.3869e-15   1.10e-16          -7.4573e-15      9.48e-17    1.62e+00
   3        -7.5564e-15   1.09e-16          -7.4999e-15      7.16e-17    1.05e+00
rNLOg = (-7.4999146e-15 +- 7.1561860e-17) pb

**************************************************
* real light quark emission - dipole - (onshell) *
**************************************************
The limits of integration are:

xl[0]=0.000000    xu[0]=1.000000
xl[1]=0.000000    xu[1]=1.000000
xl[2]=0.000000    xu[2]=1.000000
xl[3]=0.000000    xu[3]=1.000000
xl[4]=0.000000    xu[4]=1.000000
xl[5]=0.000000    xu[5]=1.000000

num_dim=6, calls=5000, it_num=1, max_it_num=5 verb=0, alph=1.50,
mode=0, bins=50, boxes=1

       single.......iteration                   accumulated......results   
iteration     integral    sigma             integral         sigma     chi-sq/it

   1        2.1450e-14   1.84e-15          2.1450e-14      1.84e-15    0.00e+00
   2        2.3168e-14   5.63e-16          2.3021e-14      5.38e-16    7.97e-01
   3        2.2089e-14   2.63e-16          2.2269e-14      2.36e-16    1.61e+00
   4        2.1791e-14   2.01e-16          2.1992e-14      1.53e-16    1.86e+00
   5        2.2035e-14   1.83e-16          2.2010e-14      1.17e-16    1.40e+00

num_dim=6, calls=50000, it_num=1, max_it_num=5 verb=0, alph=1.50,
mode=0, bins=50, boxes=1

       single.......iteration                   accumulated......results   
iteration     integral    sigma             integral         sigma     chi-sq/it

   1        2.1983e-14   5.67e-17          2.1983e-14      5.67e-17    0.00e+00
   2        2.2105e-14   6.48e-17          2.2036e-14      4.27e-17    2.01e+00
   3        2.2190e-14   6.85e-17          2.2079e-14      3.62e-17    2.82e+00
   4        2.2072e-14   6.57e-17          2.2077e-14      3.17e-17    1.88e+00
   5        2.2115e-14   6.82e-17          2.2084e-14      2.88e-17    1.47e+00
rNLOq = (2.2084083e-14 +- 2.8764068e-17) pb
NLO = (2.8183275e-12 +- 1.2990776e-15) pb
#chisq/dof = 7.56198e-09
#status = success
#chisq/dof = 9.03893e-09
#status = success
#chisq/dof = 9.71735e-10
#status = success
#chisq/dof = 1.08768e-09
#status = success
#chisq/dof = 4.40953e-10
#status = success
#chisq/dof = 3.80854e-12
#status = success
#chisq/dof = 4.23768e-10
#status = success
#chisq/dof = 1.50291e-10
#status = success

*******************************************************
* threshold resummation (unimproved nnll) - expansion *
*******************************************************
The limits of integration are:

xl[0]=0.000000    xu[0]=1.000000
xl[1]=0.000000    xu[1]=1.000000
xl[2]=0.000000    xu[2]=1.000000

num_dim=3, calls=7000, it_num=1, max_it_num=5 verb=0, alph=1.50,
mode=0, bins=50, boxes=1

       single.......iteration                   accumulated......results   
iteration     integral    sigma             integral         sigma     chi-sq/it

   1        -5.4966e-14   1.86e-13          -5.4966e-14      1.86e-13    0.00e+00
   2        -4.5369e-14   6.87e-14          -4.6519e-14      6.45e-14    2.34e-03
   3        7.0400e-14   6.28e-14          1.3516e-14      4.50e-14    8.45e-01
   4        3.8471e-14   6.20e-14          2.2123e-14      3.64e-14    5.99e-01
   5        7.5874e-14   6.19e-14          3.5950e-14      3.14e-14    5.89e-01

num_dim=3, calls=35000, it_num=1, max_it_num=5 verb=0, alph=1.50,
mode=0, bins=50, boxes=1

       single.......iteration                   accumulated......results   
iteration     integral    sigma             integral         sigma     chi-sq/it

   1        -2.3020e-14   2.77e-14          -2.3020e-14      2.77e-14    0.00e+00
   2        -1.4767e-14   2.76e-14          -1.8888e-14      1.96e-14    4.45e-02
   3        -4.9894e-14   2.76e-14          -2.9231e-14      1.60e-14    4.42e-01
   4        -3.2686e-14   2.78e-14          -3.0090e-14      1.38e-14    2.98e-01
   5        -2.0595e-14   2.76e-14          -2.8186e-14      1.24e-14    2.47e-01
   5        -2.8693e-14   2.77e-14          -2.8270e-14      1.13e-14    1.98e-01
   5        -4.3839e-14   2.78e-14          -3.0475e-14      1.05e-14    2.10e-01
   5        -6.7257e-14   2.78e-14          -3.5032e-14      9.79e-15    3.98e-01
   5        -2.9892e-16   2.80e-14          -3.1239e-14      9.24e-15    5.20e-01
   5        -8.7799e-14   2.80e-14          -3.6790e-14      8.78e-15    8.71e-01
   5        -1.8964e-14   2.79e-14          -3.5181e-14      8.37e-15    8.21e-01
   5        1.1102e-15   2.81e-14          -3.2212e-14      8.02e-15    8.86e-01
   5        -5.8201e-14   2.80e-14          -3.4179e-14      7.71e-15    8.78e-01
   5        4.8497e-14   2.81e-14          -2.8370e-14      7.44e-15    1.43e+00
   5        -2.6900e-14   2.84e-14          -2.8275e-14      7.20e-15    1.33e+00
   5        -4.1064e-14   2.84e-14          -2.9048e-14      6.97e-15    1.25e+00
   5        2.8540e-14   2.81e-14          -2.5708e-14      6.77e-15    1.42e+00
   5        -6.2054e-14   2.81e-14          -2.7706e-14      6.58e-15    1.43e+00
   5        -3.4366e-14   2.83e-14          -2.8047e-14      6.41e-15    1.36e+00
   5        -8.0216e-14   2.84e-14          -3.0571e-14      6.25e-15    1.45e+00
   5        2.0644e-16   2.84e-14          -2.9145e-14      6.11e-15    1.44e+00
   5        -1.9760e-14   2.83e-14          -2.8728e-14      5.97e-15    1.37e+00
   5        -3.0137e-15   2.85e-14          -2.7646e-14      5.84e-15    1.35e+00
   5        -1.9794e-14   2.86e-14          -2.7332e-14      5.72e-15    1.29e+00
   5        -6.1442e-14   2.83e-14          -2.8668e-14      5.61e-15    1.29e+00
   5        -1.7419e-14   2.84e-14          -2.8245e-14      5.50e-15    1.25e+00
   5        -2.9983e-14   2.84e-14          -2.8308e-14      5.40e-15    1.20e+00
   5        -1.2861e-14   2.85e-14          -2.7771e-14      5.31e-15    1.17e+00
   5        5.9627e-15   2.84e-14          -2.6630e-14      5.22e-15    1.17e+00
   5        -3.2101e-14   2.87e-14          -2.6805e-14      5.13e-15    1.13e+00
   5        -2.9843e-14   2.87e-14          -2.6899e-14      5.05e-15    1.10e+00
   5        -1.9911e-14   2.88e-14          -2.6690e-14      4.98e-15    1.06e+00
   5        -2.1952e-14   2.88e-14          -2.6553e-14      4.90e-15    1.03e+00
   5        1.2239e-14   2.86e-14          -2.5443e-14      4.83e-15    1.05e+00
   5        -3.0906e-14   2.88e-14          -2.5593e-14      4.77e-15    1.02e+00
   5        -3.9507e-14   2.90e-14          -2.5960e-14      4.70e-15    1.00e+00
   5        -5.3680e-14   2.87e-14          -2.6683e-14      4.64e-15    9.99e-01
   5        7.1807e-15   2.88e-14          -2.5827e-14      4.58e-15    1.01e+00
   5        -3.1010e-14   2.85e-14          -2.5957e-14      4.53e-15    9.83e-01
   5        2.0979e-14   2.88e-14          -2.4824e-14      4.47e-15    1.02e+00
   5        -3.0066e-14   2.91e-14          -2.4945e-14      4.42e-15    9.99e-01
   5        -5.1548e-14   2.89e-14          -2.5552e-14      4.37e-15    9.95e-01
   5        -5.2619e-16   2.88e-14          -2.4990e-14      4.32e-15    9.89e-01
   5        -8.1081e-15   2.88e-14          -2.4619e-14      4.27e-15    9.74e-01
   5        -4.3648e-14   2.91e-14          -2.5021e-14      4.23e-15    9.61e-01
   5        -3.7215e-14   2.86e-14          -2.5282e-14      4.18e-15    9.44e-01
   5        -3.7066e-14   2.91e-14          -2.5521e-14      4.14e-15    9.27e-01
   5        -4.7148e-15   2.92e-14          -2.5111e-14      4.10e-15    9.18e-01
   5        -2.0265e-14   2.90e-14          -2.5016e-14      4.06e-15    8.99e-01
   5        -7.4256e-14   2.93e-14          -2.5940e-14      4.02e-15    9.37e-01
   5        -4.2229e-14   2.92e-14          -2.6241e-14      3.98e-15    9.24e-01
   5        2.0493e-14   2.95e-14          -2.5407e-14      3.94e-15    9.55e-01
   5        8.4223e-15   2.97e-14          -2.4819e-14      3.91e-15    9.61e-01
   5        3.0203e-14   2.96e-14          -2.3875e-14      3.88e-15    1.01e+00
   5        -3.9626e-15   2.94e-14          -2.3535e-14      3.84e-15    9.96e-01
aNNLO+NNLL = (2.7947930e-12 +- 4.0570167e-15) pb

Results:
LO = (2.3568071e-12 +- 1.4955972e-15) pb
NLO = (2.8183275e-12 +- 1.2990776e-15) pb
aNNLO+NNLL = (2.7947930e-12 +- 4.0570167e-15) pb
Thanks for using LHAPDF 6.2.3. Please make sure to cite the paper:
  Eur.Phys.J. C75 (2015) 3, 132  (http://arxiv.org/abs/1412.7420)
 ====================================================
   FF 2.0, a package to evaluate one-loop integrals
 written by G. J. van Oldenborgh, NIKHEF-H, Amsterdam
 ====================================================
 for the algorithms used see preprint NIKHEF-H 89/17,
 'New Algorithms for One-loop Integrals', by G.J. van
 Oldenborgh and J.A.M. Vermaseren, published in 
 Zeitschrift fuer Physik C46(1990)425.
 ====================================================
 
total number of errors and warnings
===================================
fferr: no errors
 
