
  Welcome to Resummino git-latest
  Copyright 2008-2010 Jonathan Debove.
  Copyright 2011-2014 David R. Lamprea.
  Copyright 2011-2016 Marcel Rothering.

  Licensed under the EUPL 1.1 or later.
  See http://www.resummino.org/ for more information.

  If using Resummino for slepton pair production, please cite.
  - G. Bozzi, B. Fuks, M. Klasen, PRD 74, 015001 (2006); NPB 777, 157 (2007); NPB 794, 46 (2007).
  - B. Fuks, M. Klasen, D. R. Lamprea, M. Rothering, EPJC 73, 2480 (2013).

  For gaugino pair production, please cite:
  - J. Debove, B. Fuks, M. Klasen, PLB 688, 208 (2010); NPB 842, 51 (2011); NPB 849, 64 (2011).
  - B. Fuks, M. Klasen, D. R. Lamprea, M. Rothering, JHEP 1210, 081 (2012); EPJC 73, 2480 (2013).

  For associated gaugino gluino production, please cite:
  - B. Fuks, M. Klasen, M. Rothering, JHEP 07:053, (2016).
  - B. Fuks, M. Klasen, D. R. Lamprea, M. Rothering, EPJC 73, 2480 (2013).

LHAPDF 6.2.3 loading /pool/condor/dir_268331/resummino-releases/lhapdf-prefix/share/LHAPDF/PDF4LHC21_40/PDF4LHC21_40_0000.dat
PDF4LHC21_40 PDF set, member #0, version 1
 alpha_s(M_Z^2) = 0.1180 	 for LO PDF set 
 alpha_s(600.000^2) = 0.0920 	 for LO PDF set 

********************
* LO cross section *
********************
The limits of integration are:

xl[0]=0.000000    xu[0]=1.000000
xl[1]=0.000000    xu[1]=1.000000
xl[2]=0.000000    xu[2]=1.000000

num_dim=3, calls=2000, it_num=1, max_it_num=5 verb=0, alph=1.50,
mode=0, bins=50, boxes=1

       single.......iteration                   accumulated......results   
iteration     integral    sigma             integral         sigma     chi-sq/it

   1        1.5336e-12   5.17e-14          1.5336e-12      5.17e-14    0.00e+00
   2        1.6037e-12   1.72e-14          1.5967e-12      1.63e-14    1.65e+00
   3        1.6308e-12   9.01e-15          1.6228e-12      7.89e-15    2.49e+00
   4        1.6187e-12   8.29e-15          1.6209e-12      5.72e-15    1.71e+00
   5        1.6127e-12   8.67e-15          1.6184e-12      4.77e-15    1.43e+00

num_dim=3, calls=20000, it_num=1, max_it_num=5 verb=0, alph=1.50,
mode=0, bins=50, boxes=1

       single.......iteration                   accumulated......results   
iteration     integral    sigma             integral         sigma     chi-sq/it

   1        1.6164e-12   2.67e-15          1.6164e-12      2.67e-15    0.00e+00
   2        1.6167e-12   2.60e-15          1.6166e-12      1.86e-15    1.03e-02
   3        1.6216e-12   2.58e-15          1.6183e-12      1.51e-15    1.26e+00
   4        1.6207e-12   2.73e-15          1.6189e-12      1.32e-15    1.04e+00
   5        1.6126e-12   2.70e-15          1.6177e-12      1.19e-15    1.85e+00
   5        1.6169e-12   2.73e-15          1.6175e-12      1.09e-15    1.49e+00
LO = (1.6175358e-12 +- 1.0878568e-15) pb
LHAPDF 6.2.3 loading /pool/condor/dir_268331/resummino-releases/lhapdf-prefix/share/LHAPDF/PDF4LHC21_40/PDF4LHC21_40_0013.dat
PDF4LHC21_40 PDF set, member #13, version 1
 alpha_s(M_Z^2) = 0.1180 	 for NLO PDF set 
 alpha_s(600.000^2) = 0.0920 	 for NLO PDF set 

********************
* LO cross section *
********************
The limits of integration are:

xl[0]=0.000000    xu[0]=1.000000
xl[1]=0.000000    xu[1]=1.000000
xl[2]=0.000000    xu[2]=1.000000

num_dim=3, calls=2000, it_num=1, max_it_num=5 verb=0, alph=1.50,
mode=0, bins=50, boxes=1

       single.......iteration                   accumulated......results   
iteration     integral    sigma             integral         sigma     chi-sq/it

   1        1.5410e-12   5.16e-14          1.5410e-12      5.16e-14    0.00e+00
   2        1.6113e-12   1.72e-14          1.6043e-12      1.63e-14    1.67e+00
   3        1.6380e-12   8.93e-15          1.6302e-12      7.83e-15    2.48e+00
   4        1.6257e-12   8.22e-15          1.6281e-12      5.67e-15    1.70e+00
   5        1.6205e-12   8.55e-15          1.6258e-12      4.73e-15    1.41e+00

num_dim=3, calls=20000, it_num=1, max_it_num=5 verb=0, alph=1.50,
mode=0, bins=50, boxes=1

       single.......iteration                   accumulated......results   
iteration     integral    sigma             integral         sigma     chi-sq/it

   1        1.6236e-12   2.64e-15          1.6236e-12      2.64e-15    0.00e+00
   2        1.6240e-12   2.57e-15          1.6238e-12      1.84e-15    1.18e-02
   3        1.6286e-12   2.54e-15          1.6255e-12      1.49e-15    1.17e+00
   4        1.6278e-12   2.69e-15          1.6260e-12      1.30e-15    9.78e-01
   5        1.6200e-12   2.67e-15          1.6249e-12      1.17e-15    1.77e+00
   5        1.6241e-12   2.70e-15          1.6247e-12      1.07e-15    1.43e+00
   5        1.6270e-12   2.69e-15          1.6251e-12      9.98e-16    1.30e+00
   5        1.6233e-12   2.75e-15          1.6249e-12      9.38e-16    1.16e+00
   5        1.6230e-12   2.82e-15          1.6247e-12      8.90e-16    1.07e+00
   5        1.6205e-12   2.85e-15          1.6243e-12      8.50e-16    1.16e+00
   5        1.6237e-12   2.99e-15          1.6243e-12      8.18e-16    1.05e+00
   5        1.6225e-12   3.02e-15          1.6241e-12      7.89e-16    9.82e-01
   5        1.6272e-12   3.19e-15          1.6243e-12      7.66e-16    9.75e-01
   5        1.6214e-12   3.27e-15          1.6242e-12      7.46e-16    9.58e-01
   5        1.6245e-12   3.50e-15          1.6242e-12      7.29e-16    8.90e-01
   5        1.6222e-12   3.62e-15          1.6241e-12      7.15e-16    8.50e-01
   5        1.6208e-12   3.69e-15          1.6240e-12      7.02e-16    8.47e-01
   5        1.6292e-12   3.81e-15          1.6241e-12      6.90e-16    9.02e-01
   5        1.6287e-12   4.05e-15          1.6243e-12      6.81e-16    9.21e-01
   5        1.6291e-12   4.10e-15          1.6244e-12      6.71e-16    9.44e-01
   5        1.6207e-12   4.27e-15          1.6243e-12      6.63e-16    9.34e-01
   5        1.6236e-12   4.37e-15          1.6243e-12      6.56e-16    8.91e-01
   5        1.6272e-12   4.40e-15          1.6244e-12      6.49e-16    8.69e-01
   5        1.6233e-12   4.75e-15          1.6243e-12      6.43e-16    8.33e-01
   5        1.6298e-12   4.58e-15          1.6244e-12      6.36e-16    8.57e-01
   5        1.6236e-12   4.71e-15          1.6244e-12      6.31e-16    8.24e-01
   5        1.6337e-12   5.02e-15          1.6246e-12      6.26e-16    9.20e-01
   5        1.6247e-12   4.78e-15          1.6246e-12      6.20e-16    8.86e-01
   5        1.6231e-12   4.93e-15          1.6246e-12      6.16e-16    8.57e-01
   5        1.6289e-12   5.20e-15          1.6246e-12      6.11e-16    8.52e-01
   5        1.6253e-12   5.06e-15          1.6246e-12      6.07e-16    8.24e-01
   5        1.6239e-12   5.33e-15          1.6246e-12      6.03e-16    7.98e-01
   5        1.6302e-12   5.11e-15          1.6247e-12      5.99e-16    8.10e-01
   5        1.6209e-12   5.34e-15          1.6246e-12      5.95e-16    8.00e-01
   5        1.6187e-12   5.22e-15          1.6246e-12      5.91e-16    8.14e-01
   5        1.6322e-12   5.41e-15          1.6247e-12      5.88e-16    8.47e-01
   5        1.6082e-12   5.19e-15          1.6245e-12      5.84e-16    1.10e+00
   5        1.6170e-12   5.41e-15          1.6244e-12      5.81e-16    1.12e+00
   5        1.6291e-12   5.35e-15          1.6244e-12      5.77e-16    1.11e+00
   5        1.6253e-12   5.47e-15          1.6244e-12      5.74e-16    1.08e+00
   5        1.6283e-12   5.56e-15          1.6245e-12      5.71e-16    1.07e+00
   5        1.6248e-12   5.53e-15          1.6245e-12      5.68e-16    1.04e+00
   5        1.6385e-12   5.65e-15          1.6246e-12      5.65e-16    1.16e+00
   5        1.6276e-12   5.44e-15          1.6246e-12      5.62e-16    1.14e+00
   5        1.6208e-12   5.60e-15          1.6246e-12      5.59e-16    1.13e+00
   5        1.6233e-12   5.73e-15          1.6246e-12      5.57e-16    1.10e+00
   5        1.6323e-12   5.93e-15          1.6247e-12      5.54e-16    1.11e+00
   5        1.6126e-12   5.82e-15          1.6246e-12      5.52e-16    1.18e+00
   5        1.6380e-12   6.09e-15          1.6247e-12      5.50e-16    1.26e+00
   5        1.6352e-12   5.89e-15          1.6248e-12      5.47e-16    1.30e+00
   5        1.6233e-12   5.91e-15          1.6247e-12      5.45e-16    1.27e+00
   5        1.6111e-12   5.87e-15          1.6246e-12      5.42e-16    1.35e+00
   5        1.6238e-12   5.99e-15          1.6246e-12      5.40e-16    1.33e+00
LO = (1.6246206e-12 +- 5.4025281e-16) pb

*******************************************
* virtual corrections + integrated dipole *
*******************************************
The limits of integration are:

xl[0]=0.000000    xu[0]=1.000000
xl[1]=0.000000    xu[1]=1.000000
xl[2]=0.000000    xu[2]=1.000000

num_dim=3, calls=240, it_num=1, max_it_num=5 verb=0, alph=1.50,
mode=0, bins=50, boxes=1

       single.......iteration                   accumulated......results   
iteration     integral    sigma             integral         sigma     chi-sq/it

   1        2.0027e-13   2.04e-14          2.0027e-13      2.04e-14    0.00e+00
   2        2.0860e-13   1.06e-14          2.0682e-13      9.43e-15    1.31e-01
   3        2.2657e-13   5.89e-15          2.2103e-13      5.00e-15    1.64e+00
   4        2.2348e-13   3.90e-15          2.2255e-13      3.07e-15    1.14e+00
   5        2.3043e-13   4.94e-15          2.2475e-13      2.61e-15    1.32e+00

num_dim=3, calls=1200, it_num=1, max_it_num=3 verb=0, alph=1.50,
mode=0, bins=50, boxes=1

       single.......iteration                   accumulated......results   
iteration     integral    sigma             integral         sigma     chi-sq/it

   1        2.1862e-13   2.10e-15          2.1862e-13      2.10e-15    0.00e+00
   2        2.2352e-13   1.73e-15          2.2153e-13      1.34e-15    3.25e+00
   3        2.2190e-13   1.57e-15          2.2169e-13      1.02e-15    1.64e+00
   3        2.2464e-13   1.52e-15          2.2260e-13      8.46e-16    1.96e+00
   3        2.2088e-13   1.60e-15          2.2222e-13      7.47e-16    1.70e+00
   3        2.2321e-13   1.54e-15          2.2241e-13      6.72e-16    1.43e+00
   3        2.2123e-13   1.73e-15          2.2226e-13      6.26e-16    1.26e+00
   3        2.2402e-13   1.66e-15          2.2248e-13      5.86e-16    1.22e+00
   3        2.2325e-13   1.57e-15          2.2257e-13      5.49e-16    1.09e+00
   3        2.2209e-13   1.61e-15          2.2252e-13      5.19e-16    9.81e-01
vNLO = (2.2252290e-13 +- 5.1937842e-16) pb

*****************************
* collinear remainder (P+K) *
*****************************
The limits of integration are:

xl[0]=0.000000    xu[0]=1.000000
xl[1]=0.000000    xu[1]=1.000000
xl[2]=0.000000    xu[2]=1.000000
xl[3]=0.000000    xu[3]=1.000000

num_dim=4, calls=2500, it_num=1, max_it_num=5 verb=0, alph=1.50,
mode=0, bins=50, boxes=1

       single.......iteration                   accumulated......results   
iteration     integral    sigma             integral         sigma     chi-sq/it

   1        1.1324e-13   1.14e-14          1.1324e-13      1.14e-14    0.00e+00
   2        1.1225e-13   5.00e-15          1.1241e-13      4.58e-15    6.33e-03
   3        1.1373e-13   4.42e-15          1.1310e-13      3.18e-15    2.47e-02
   4        1.1730e-13   4.17e-15          1.1464e-13      2.53e-15    2.30e-01
   5        1.2078e-13   4.24e-15          1.1625e-13      2.17e-15    5.58e-01

num_dim=4, calls=25000, it_num=1, max_it_num=3 verb=0, alph=1.50,
mode=0, bins=50, boxes=1

       single.......iteration                   accumulated......results   
iteration     integral    sigma             integral         sigma     chi-sq/it

   1        1.1875e-13   1.34e-15          1.1875e-13      1.34e-15    0.00e+00
   2        1.1772e-13   1.33e-15          1.1823e-13      9.42e-16    3.00e-01
   3        1.1545e-13   1.33e-15          1.1730e-13      7.69e-16    1.60e+00
   3        1.1722e-13   1.33e-15          1.1728e-13      6.66e-16    1.07e+00
   3        1.1559e-13   1.33e-15          1.1695e-13      5.95e-16    1.13e+00
   3        1.1613e-13   1.33e-15          1.1681e-13      5.43e-16    9.64e-01
   3        1.1615e-13   1.34e-15          1.1671e-13      5.03e-16    8.38e-01
P+K = (1.1671458e-13 +- 5.0321757e-16) pb

********************************
* real gluon emission - dipole *
********************************
The limits of integration are:

xl[0]=0.000000    xu[0]=1.000000
xl[1]=0.000000    xu[1]=1.000000
xl[2]=0.000000    xu[2]=1.000000
xl[3]=0.000000    xu[3]=1.000000
xl[4]=0.000000    xu[4]=1.000000
xl[5]=0.000000    xu[5]=1.000000

num_dim=6, calls=250, it_num=1, max_it_num=5 verb=0, alph=1.50,
mode=0, bins=50, boxes=1

       single.......iteration                   accumulated......results   
iteration     integral    sigma             integral         sigma     chi-sq/it

   1        -5.3154e-15   1.72e-15          -5.3154e-15      1.72e-15    0.00e+00
   2        -6.7557e-15   1.73e-15          -6.0294e-15      1.22e-15    3.49e-01
   3        -3.6233e-15   4.55e-16          -3.9180e-15      4.27e-16    1.88e+00
   4        -4.0398e-15   3.54e-16          -3.9901e-15      2.73e-16    1.27e+00
   5        -4.7551e-15   3.48e-16          -4.2813e-15      2.14e-16    1.70e+00

num_dim=6, calls=2500, it_num=1, max_it_num=3 verb=0, alph=1.50,
mode=0, bins=50, boxes=1

       single.......iteration                   accumulated......results   
iteration     integral    sigma             integral         sigma     chi-sq/it

   1        -4.6400e-15   9.63e-17          -4.6400e-15      9.63e-17    0.00e+00
   2        -4.4998e-15   6.01e-17          -4.5391e-15      5.10e-17    1.53e+00
   3        -4.6570e-15   6.53e-17          -4.5837e-15      4.02e-17    1.78e+00
   3        -4.6373e-15   6.50e-17          -4.5985e-15      3.42e-17    1.35e+00
rNLOg = (-4.5985486e-15 +- 3.4189771e-17) pb

**************************************************
* real light quark emission - dipole - (onshell) *
**************************************************
The limits of integration are:

xl[0]=0.000000    xu[0]=1.000000
xl[1]=0.000000    xu[1]=1.000000
xl[2]=0.000000    xu[2]=1.000000
xl[3]=0.000000    xu[3]=1.000000
xl[4]=0.000000    xu[4]=1.000000
xl[5]=0.000000    xu[5]=1.000000

num_dim=6, calls=5000, it_num=1, max_it_num=5 verb=0, alph=1.50,
mode=0, bins=50, boxes=1

       single.......iteration                   accumulated......results   
iteration     integral    sigma             integral         sigma     chi-sq/it

   1        1.2757e-14   1.06e-15          1.2757e-14      1.06e-15    0.00e+00
   2        1.3679e-14   3.21e-16          1.3602e-14      3.07e-16    6.91e-01
   3        1.3071e-14   1.52e-16          1.3175e-14      1.36e-16    1.55e+00
   4        1.2934e-14   1.17e-16          1.3036e-14      8.85e-17    1.63e+00
   5        1.3084e-14   1.05e-16          1.3056e-14      6.78e-17    1.26e+00

num_dim=6, calls=50000, it_num=1, max_it_num=5 verb=0, alph=1.50,
mode=0, bins=50, boxes=1

       single.......iteration                   accumulated......results   
iteration     integral    sigma             integral         sigma     chi-sq/it

   1        1.3030e-14   3.22e-17          1.3030e-14      3.22e-17    0.00e+00
   2        1.3109e-14   3.78e-17          1.3063e-14      2.45e-17    2.51e+00
   3        1.3156e-14   3.96e-17          1.3089e-14      2.09e-17    3.22e+00
   4        1.3085e-14   3.77e-17          1.3088e-14      1.83e-17    2.15e+00
   5        1.3108e-14   3.95e-17          1.3092e-14      1.66e-17    1.67e+00
   5        1.3075e-14   3.45e-17          1.3088e-14      1.49e-17    1.37e+00
rNLOq = (1.3088434e-14 +- 1.4937139e-17) pb
NLO = (1.9723480e-12 +- 9.0346390e-16) pb
#chisq/dof = 2.81962e-09
#status = success
#chisq/dof = 5.06836e-09
#status = success
#chisq/dof = 6.1347e-10
#status = success
#chisq/dof = 4.42897e-10
#status = success
#chisq/dof = 6.01931e-11
#status = success
#chisq/dof = 2.94296e-12
#status = success
#chisq/dof = 4.08035e-10
#status = success
#chisq/dof = 1.63665e-10
#status = success

*******************************************************
* threshold resummation (unimproved nnll) - expansion *
*******************************************************
The limits of integration are:

xl[0]=0.000000    xu[0]=1.000000
xl[1]=0.000000    xu[1]=1.000000
xl[2]=0.000000    xu[2]=1.000000

num_dim=3, calls=7000, it_num=1, max_it_num=5 verb=0, alph=1.50,
mode=0, bins=50, boxes=1

       single.......iteration                   accumulated......results   
iteration     integral    sigma             integral         sigma     chi-sq/it

   1        -2.7737e-14   1.12e-13          -2.7737e-14      1.12e-13    0.00e+00
   2        -2.2612e-14   4.66e-14          -2.3367e-14      4.31e-14    1.78e-03
   3        1.3755e-14   4.34e-14          -4.9514e-15      3.06e-14    1.85e-01
   4        1.1098e-13   4.31e-14          3.3872e-14      2.49e-14    1.73e+00
   5        3.8997e-14   4.31e-14          3.5159e-14      2.16e-14    1.30e+00

num_dim=3, calls=35000, it_num=1, max_it_num=5 verb=0, alph=1.50,
mode=0, bins=50, boxes=1

       single.......iteration                   accumulated......results   
iteration     integral    sigma             integral         sigma     chi-sq/it

   1        -7.1668e-15   1.90e-14          -7.1668e-15      1.90e-14    0.00e+00
   2        1.5386e-15   1.90e-14          -2.8072e-15      1.35e-14    1.05e-01
   3        -1.4346e-14   1.90e-14          -6.6504e-15      1.10e-14    1.75e-01
   4        8.9970e-15   1.91e-14          -2.7657e-15      9.52e-15    2.85e-01
   5        -1.4926e-14   1.91e-14          -5.1965e-15      8.52e-15    2.95e-01
   5        -9.9463e-15   1.90e-14          -5.9898e-15      7.78e-15    2.46e-01
   5        1.7611e-14   1.92e-14          -2.6600e-15      7.21e-15    4.22e-01
   5        -2.7354e-14   1.91e-14          -5.7240e-15      6.74e-15    5.70e-01
   5        -3.0585e-15   1.92e-14          -5.4310e-15      6.36e-15    5.01e-01
   5        -1.3287e-14   1.92e-14          -6.2096e-15      6.04e-15    4.62e-01
   5        -2.1837e-14   1.92e-14          -7.6141e-15      5.76e-15    4.76e-01
   5        -1.0930e-14   1.93e-14          -7.8849e-15      5.52e-15    4.35e-01
   5        1.7308e-15   1.93e-14          -7.1605e-15      5.31e-15    4.18e-01
   5        2.9439e-14   1.94e-14          -4.6092e-15      5.12e-15    6.41e-01
   5        -1.7381e-14   1.95e-14          -5.4336e-15      4.95e-15    6.23e-01
   5        -9.1883e-16   1.94e-14          -5.1569e-15      4.80e-15    5.85e-01
   5        -2.1429e-14   1.95e-14          -6.0829e-15      4.66e-15    5.90e-01
   5        -4.7510e-14   1.95e-14          -8.3131e-15      4.53e-15    8.05e-01
   5        8.6256e-15   1.95e-14          -7.4463e-15      4.42e-15    8.00e-01
   5        1.0222e-14   1.97e-14          -6.6052e-15      4.31e-15    7.98e-01
   5        -1.1538e-14   1.98e-14          -6.8288e-15      4.21e-15    7.61e-01
   5        -9.7620e-15   1.99e-14          -6.9551e-15      4.12e-15    7.26e-01
   5        1.2966e-15   1.98e-14          -6.6129e-15      4.03e-15    7.01e-01
   5        -1.9212e-14   2.00e-14          -7.1052e-15      3.95e-15    6.87e-01
   5        -1.0060e-15   2.00e-14          -6.8766e-15      3.88e-15    6.62e-01
   5        2.3974e-14   1.99e-14          -5.7512e-15      3.81e-15    7.28e-01
   5        -1.0685e-14   1.99e-14          -5.9258e-15      3.74e-15    7.02e-01
   5        1.3822e-14   2.00e-14          -5.2579e-15      3.67e-15    7.11e-01
   5        6.9499e-16   1.98e-14          -5.0589e-15      3.61e-15    6.89e-01
   5        3.2096e-15   2.01e-14          -4.7995e-15      3.56e-15    6.71e-01
   5        7.3829e-15   1.99e-14          -4.4237e-15      3.50e-15    6.60e-01
   5        2.7899e-14   2.00e-14          -3.4586e-15      3.45e-15    7.21e-01
   5        -2.2266e-14   2.02e-14          -3.9885e-15      3.40e-15    7.25e-01
   5        -5.4776e-15   2.02e-14          -4.0295e-15      3.35e-15    7.03e-01
   5        2.4123e-15   2.01e-14          -3.8560e-15      3.31e-15    6.85e-01
   5        1.9189e-14   2.02e-14          -3.2541e-15      3.26e-15    7.02e-01
   5        -4.8964e-14   2.02e-14          -4.4175e-15      3.22e-15    8.21e-01
   5        -1.3389e-14   2.01e-14          -4.6425e-15      3.18e-15    8.04e-01
   5        -6.6228e-15   2.03e-14          -4.6901e-15      3.14e-15    7.83e-01
   5        -1.3915e-14   2.02e-14          -4.9081e-15      3.10e-15    7.68e-01
   5        -2.4769e-14   2.03e-14          -5.3599e-15      3.07e-15    7.72e-01
   5        -2.9150e-14   2.06e-14          -5.8755e-15      3.04e-15    7.85e-01
   5        -1.3252e-14   2.05e-14          -6.0331e-15      3.00e-15    7.70e-01
   5        -3.8071e-14   2.05e-14          -6.7065e-15      2.97e-15    8.07e-01
   5        -3.6688e-15   2.09e-14          -6.6462e-15      2.94e-15    7.90e-01
   5        -2.3729e-14   2.07e-14          -6.9855e-15      2.91e-15    7.87e-01
   5        1.2926e-14   2.10e-14          -6.6080e-15      2.88e-15    7.89e-01
   5        3.7603e-15   2.06e-14          -6.4085e-15      2.86e-15    7.78e-01
   5        -3.1409e-14   2.08e-14          -6.8695e-15      2.83e-15    7.91e-01
   5        -3.6715e-14   2.10e-14          -7.3999e-15      2.81e-15    8.15e-01
   5        2.3671e-15   2.08e-14          -7.2249e-15      2.78e-15    8.03e-01
   5        2.7279e-14   2.06e-14          -6.6092e-15      2.75e-15    8.41e-01
   5        6.7844e-15   2.07e-14          -6.3771e-15      2.73e-15    8.33e-01
   5        2.5827e-14   2.08e-14          -5.8307e-15      2.71e-15    8.62e-01
   5        -9.2025e-15   2.08e-14          -5.8869e-15      2.68e-15    8.46e-01
aNNLO+NNLL = (1.9664611e-12 +- 2.8328909e-15) pb

Results:
LO = (1.6175358e-12 +- 1.0878568e-15) pb
NLO = (1.9723480e-12 +- 9.0346390e-16) pb
aNNLO+NNLL = (1.9664611e-12 +- 2.8328909e-15) pb
Thanks for using LHAPDF 6.2.3. Please make sure to cite the paper:
  Eur.Phys.J. C75 (2015) 3, 132  (http://arxiv.org/abs/1412.7420)
 ====================================================
   FF 2.0, a package to evaluate one-loop integrals
 written by G. J. van Oldenborgh, NIKHEF-H, Amsterdam
 ====================================================
 for the algorithms used see preprint NIKHEF-H 89/17,
 'New Algorithms for One-loop Integrals', by G.J. van
 Oldenborgh and J.A.M. Vermaseren, published in 
 Zeitschrift fuer Physik C46(1990)425.
 ====================================================
 
total number of errors and warnings
===================================
fferr: no errors
 
