
  Welcome to Resummino git-latest
  Copyright 2008-2010 Jonathan Debove.
  Copyright 2011-2014 David R. Lamprea.
  Copyright 2011-2016 Marcel Rothering.

  Licensed under the EUPL 1.1 or later.
  See http://www.resummino.org/ for more information.

  If using Resummino for slepton pair production, please cite.
  - G. Bozzi, B. Fuks, M. Klasen, PRD 74, 015001 (2006); NPB 777, 157 (2007); NPB 794, 46 (2007).
  - B. Fuks, M. Klasen, D. R. Lamprea, M. Rothering, EPJC 73, 2480 (2013).

  For gaugino pair production, please cite:
  - J. Debove, B. Fuks, M. Klasen, PLB 688, 208 (2010); NPB 842, 51 (2011); NPB 849, 64 (2011).
  - B. Fuks, M. Klasen, D. R. Lamprea, M. Rothering, JHEP 1210, 081 (2012); EPJC 73, 2480 (2013).

  For associated gaugino gluino production, please cite:
  - B. Fuks, M. Klasen, M. Rothering, JHEP 07:053, (2016).
  - B. Fuks, M. Klasen, D. R. Lamprea, M. Rothering, EPJC 73, 2480 (2013).

LHAPDF 6.2.3 loading /pool/condor/dir_3969/resummino-releases/lhapdf-prefix/share/LHAPDF/PDF4LHC21_40/PDF4LHC21_40_0000.dat
PDF4LHC21_40 PDF set, member #0, version 1
 alpha_s(M_Z^2) = 0.1180 	 for LO PDF set 
 alpha_s(1400.000^2) = 0.0837 	 for LO PDF set 

********************
* LO cross section *
********************
The limits of integration are:

xl[0]=0.000000    xu[0]=1.000000
xl[1]=0.000000    xu[1]=1.000000
xl[2]=0.000000    xu[2]=1.000000

num_dim=3, calls=2000, it_num=1, max_it_num=5 verb=0, alph=1.50,
mode=0, bins=50, boxes=1

       single.......iteration                   accumulated......results   
iteration     integral    sigma             integral         sigma     chi-sq/it

   1        9.0967e-14   2.97e-15          9.0967e-14      2.97e-15    0.00e+00
   2        9.7571e-14   1.06e-15          9.6826e-14      9.95e-16    4.40e+00
   3        9.8408e-14   5.21e-16          9.8068e-14      4.62e-16    3.19e+00
   4        9.7763e-14   4.77e-16          9.7921e-14      3.32e-16    2.20e+00
   5        9.7892e-14   4.65e-16          9.7911e-14      2.70e-16    1.65e+00

num_dim=3, calls=20000, it_num=1, max_it_num=5 verb=0, alph=1.50,
mode=0, bins=50, boxes=1

       single.......iteration                   accumulated......results   
iteration     integral    sigma             integral         sigma     chi-sq/it

   1        9.7827e-14   1.49e-16          9.7827e-14      1.49e-16    0.00e+00
   2        9.7808e-14   1.43e-16          9.7818e-14      1.03e-16    8.49e-03
   3        9.7915e-14   1.38e-16          9.7853e-14      8.27e-17    1.64e-01
   4        9.7945e-14   1.47e-16          9.7875e-14      7.21e-17    2.09e-01
   5        9.7537e-14   1.53e-16          9.7813e-14      6.52e-17    1.16e+00
LO = (9.7813383e-14 +- 6.5173756e-17) pb
LHAPDF 6.2.3 loading /pool/condor/dir_3969/resummino-releases/lhapdf-prefix/share/LHAPDF/PDF4LHC21_40/PDF4LHC21_40_0006.dat
PDF4LHC21_40 PDF set, member #6, version 1
 alpha_s(M_Z^2) = 0.1180 	 for NLO PDF set 
 alpha_s(1400.000^2) = 0.0837 	 for NLO PDF set 

********************
* LO cross section *
********************
The limits of integration are:

xl[0]=0.000000    xu[0]=1.000000
xl[1]=0.000000    xu[1]=1.000000
xl[2]=0.000000    xu[2]=1.000000

num_dim=3, calls=2000, it_num=1, max_it_num=5 verb=0, alph=1.50,
mode=0, bins=50, boxes=1

       single.......iteration                   accumulated......results   
iteration     integral    sigma             integral         sigma     chi-sq/it

   1        8.1996e-14   3.03e-15          8.1996e-14      3.03e-15    0.00e+00
   2        8.8507e-14   1.06e-15          8.7791e-14      1.00e-15    4.12e+00
   3        9.0098e-14   5.26e-16          8.9600e-14      4.66e-16    4.13e+00
   4        8.9337e-14   5.06e-16          8.9479e-14      3.43e-16    2.80e+00
   5        8.9363e-14   4.86e-16          8.9441e-14      2.80e-16    2.11e+00

num_dim=3, calls=20000, it_num=1, max_it_num=5 verb=0, alph=1.50,
mode=0, bins=50, boxes=1

       single.......iteration                   accumulated......results   
iteration     integral    sigma             integral         sigma     chi-sq/it

   1        8.9180e-14   1.58e-16          8.9180e-14      1.58e-16    0.00e+00
   2        8.9124e-14   1.54e-16          8.9152e-14      1.10e-16    6.59e-02
   3        8.9392e-14   1.49e-16          8.9236e-14      8.86e-17    8.75e-01
   4        8.9353e-14   1.55e-16          8.9265e-14      7.69e-17    7.26e-01
   5        8.8903e-14   1.61e-16          8.9197e-14      6.94e-17    1.58e+00
   5        8.9026e-14   1.60e-16          8.9170e-14      6.37e-17    1.46e+00
   5        8.9505e-14   1.61e-16          8.9216e-14      5.92e-17    1.84e+00
   5        8.9020e-14   1.67e-16          8.9194e-14      5.58e-17    1.75e+00
   5        8.9116e-14   1.71e-16          8.9186e-14      5.31e-17    1.55e+00
   5        8.8919e-14   1.70e-16          8.9163e-14      5.07e-17    1.63e+00
   5        8.9129e-14   1.78e-16          8.9160e-14      4.87e-17    1.47e+00
   5        8.9078e-14   1.84e-16          8.9155e-14      4.71e-17    1.35e+00
   5        8.9363e-14   1.92e-16          8.9167e-14      4.58e-17    1.33e+00
   5        8.9003e-14   1.95e-16          8.9158e-14      4.46e-17    1.28e+00
   5        8.9310e-14   2.07e-16          8.9165e-14      4.36e-17    1.23e+00
   5        8.9103e-14   2.10e-16          8.9162e-14      4.26e-17    1.15e+00
   5        8.8990e-14   2.13e-16          8.9156e-14      4.18e-17    1.12e+00
   5        8.9502e-14   2.20e-16          8.9168e-14      4.11e-17    1.19e+00
   5        8.9505e-14   2.32e-16          8.9178e-14      4.05e-17    1.24e+00
   5        8.9491e-14   2.34e-16          8.9187e-14      3.99e-17    1.27e+00
   5        8.8897e-14   2.44e-16          8.9179e-14      3.93e-17    1.27e+00
   5        8.9173e-14   2.53e-16          8.9179e-14      3.89e-17    1.21e+00
   5        8.9463e-14   2.52e-16          8.9186e-14      3.84e-17    1.21e+00
   5        8.9121e-14   2.61e-16          8.9184e-14      3.80e-17    1.16e+00
   5        8.9465e-14   2.60e-16          8.9190e-14      3.76e-17    1.16e+00
   5        8.9156e-14   2.67e-16          8.9190e-14      3.72e-17    1.12e+00
   5        8.9692e-14   2.86e-16          8.9198e-14      3.69e-17    1.19e+00
   5        8.9337e-14   2.71e-16          8.9201e-14      3.66e-17    1.15e+00
   5        8.9215e-14   2.73e-16          8.9201e-14      3.63e-17    1.11e+00
   5        8.9521e-14   2.86e-16          8.9206e-14      3.60e-17    1.12e+00
   5        8.9284e-14   2.74e-16          8.9207e-14      3.57e-17    1.08e+00
   5        8.9311e-14   2.80e-16          8.9209e-14      3.54e-17    1.05e+00
   5        8.9441e-14   2.69e-16          8.9213e-14      3.51e-17    1.04e+00
   5        8.8832e-14   2.75e-16          8.9207e-14      3.48e-17    1.07e+00
   5        8.8987e-14   2.74e-16          8.9203e-14      3.45e-17    1.06e+00
   5        8.9633e-14   2.84e-16          8.9209e-14      3.43e-17    1.09e+00
   5        8.8503e-14   2.72e-16          8.9198e-14      3.40e-17    1.24e+00
   5        8.8742e-14   2.83e-16          8.9192e-14      3.38e-17    1.28e+00
   5        8.9415e-14   2.86e-16          8.9195e-14      3.35e-17    1.26e+00
   5        8.9242e-14   2.92e-16          8.9196e-14      3.33e-17    1.23e+00
   5        8.9480e-14   3.04e-16          8.9199e-14      3.31e-17    1.22e+00
   5        8.9234e-14   2.90e-16          8.9199e-14      3.29e-17    1.19e+00
   5        9.0061e-14   2.98e-16          8.9210e-14      3.27e-17    1.36e+00
   5        8.9386e-14   2.97e-16          8.9212e-14      3.25e-17    1.34e+00
LO = (8.9211912e-14 +- 3.2506507e-17) pb

*******************************************
* virtual corrections + integrated dipole *
*******************************************
The limits of integration are:

xl[0]=0.000000    xu[0]=1.000000
xl[1]=0.000000    xu[1]=1.000000
xl[2]=0.000000    xu[2]=1.000000

num_dim=3, calls=240, it_num=1, max_it_num=5 verb=0, alph=1.50,
mode=0, bins=50, boxes=1

       single.......iteration                   accumulated......results   
iteration     integral    sigma             integral         sigma     chi-sq/it

   1        9.4984e-15   1.04e-15          9.4984e-15      1.04e-15    0.00e+00
   2        1.0070e-14   5.41e-16          9.9473e-15      4.80e-16    2.39e-01
   3        1.1350e-14   3.32e-16          1.0896e-14      2.73e-16    3.01e+00
   4        1.1206e-14   2.25e-16          1.1081e-14      1.74e-16    2.26e+00
   5        1.1614e-14   2.80e-16          1.1229e-14      1.48e-16    2.35e+00

num_dim=3, calls=1200, it_num=1, max_it_num=3 verb=0, alph=1.50,
mode=0, bins=50, boxes=1

       single.......iteration                   accumulated......results   
iteration     integral    sigma             integral         sigma     chi-sq/it

   1        1.0950e-14   1.11e-16          1.0950e-14      1.11e-16    0.00e+00
   2        1.1198e-14   1.04e-16          1.1082e-14      7.59e-17    2.65e+00
   3        1.1158e-14   9.00e-17          1.1114e-14      5.80e-17    1.54e+00
   3        1.1247e-14   8.04e-17          1.1159e-14      4.71e-17    1.63e+00
   3        1.1084e-14   8.88e-17          1.1143e-14      4.16e-17    1.36e+00
   3        1.1191e-14   8.52e-17          1.1152e-14      3.74e-17    1.14e+00
   3        1.1117e-14   9.01e-17          1.1147e-14      3.45e-17    9.73e-01
   3        1.1264e-14   9.03e-17          1.1162e-14      3.22e-17    1.05e+00
vNLO = (1.1161876e-14 +- 3.2241493e-17) pb

*****************************
* collinear remainder (P+K) *
*****************************
The limits of integration are:

xl[0]=0.000000    xu[0]=1.000000
xl[1]=0.000000    xu[1]=1.000000
xl[2]=0.000000    xu[2]=1.000000
xl[3]=0.000000    xu[3]=1.000000

num_dim=4, calls=2500, it_num=1, max_it_num=5 verb=0, alph=1.50,
mode=0, bins=50, boxes=1

       single.......iteration                   accumulated......results   
iteration     integral    sigma             integral         sigma     chi-sq/it

   1        1.2565e-14   8.08e-16          1.2565e-14      8.08e-16    0.00e+00
   2        1.3112e-14   2.94e-16          1.3048e-14      2.77e-16    4.05e-01
   3        1.3124e-14   2.32e-16          1.3093e-14      1.78e-16    2.25e-01
   4        1.3160e-14   2.26e-16          1.3119e-14      1.40e-16    1.68e-01
   5        1.3329e-14   2.20e-16          1.3179e-14      1.18e-16    2.89e-01

num_dim=4, calls=25000, it_num=1, max_it_num=3 verb=0, alph=1.50,
mode=0, bins=50, boxes=1

       single.......iteration                   accumulated......results   
iteration     integral    sigma             integral         sigma     chi-sq/it

   1        1.3373e-14   6.86e-17          1.3373e-14      6.86e-17    0.00e+00
   2        1.3362e-14   6.83e-17          1.3368e-14      4.84e-17    1.44e-02
   3        1.3174e-14   6.89e-17          1.3304e-14      3.96e-17    2.65e+00
   3        1.3240e-14   6.90e-17          1.3288e-14      3.44e-17    1.98e+00
   3        1.3166e-14   7.00e-17          1.3264e-14      3.08e-17    2.09e+00
   3        1.3126e-14   6.96e-17          1.3242e-14      2.82e-17    2.33e+00
   3        1.3222e-14   6.94e-17          1.3239e-14      2.61e-17    1.96e+00
   3        1.3246e-14   6.97e-17          1.3240e-14      2.45e-17    1.68e+00
   3        1.3198e-14   7.09e-17          1.3235e-14      2.31e-17    1.51e+00
   3        1.3253e-14   7.09e-17          1.3237e-14      2.20e-17    1.35e+00
P+K = (1.3236941e-14 +- 2.1981571e-17) pb

********************************
* real gluon emission - dipole *
********************************
The limits of integration are:

xl[0]=0.000000    xu[0]=1.000000
xl[1]=0.000000    xu[1]=1.000000
xl[2]=0.000000    xu[2]=1.000000
xl[3]=0.000000    xu[3]=1.000000
xl[4]=0.000000    xu[4]=1.000000
xl[5]=0.000000    xu[5]=1.000000

num_dim=6, calls=250, it_num=1, max_it_num=5 verb=0, alph=1.50,
mode=0, bins=50, boxes=1

       single.......iteration                   accumulated......results   
iteration     integral    sigma             integral         sigma     chi-sq/it

   1        -1.3653e-16   5.04e-17          -1.3653e-16      5.04e-17    0.00e+00
   2        -1.6558e-16   4.77e-17          -1.5186e-16      3.47e-17    1.75e-01
   3        -1.1031e-16   1.65e-17          -1.1800e-16      1.49e-17    6.73e-01
   4        -9.3513e-17   1.09e-17          -1.0199e-16      8.77e-18    1.04e+00
   5        -1.2086e-16   1.21e-17          -1.0846e-16      7.11e-18    1.17e+00

num_dim=6, calls=2500, it_num=1, max_it_num=3 verb=0, alph=1.50,
mode=0, bins=50, boxes=1

       single.......iteration                   accumulated......results   
iteration     integral    sigma             integral         sigma     chi-sq/it

   1        -1.1587e-16   3.36e-18          -1.1587e-16      3.36e-18    0.00e+00
   2        -1.1197e-16   1.90e-18          -1.1291e-16      1.65e-18    1.02e+00
   3        -1.1529e-16   1.95e-18          -1.1390e-16      1.26e-18    9.41e-01
rNLOg = (-1.1390474e-16 +- 1.2603202e-18) pb

**************************************************
* real light quark emission - dipole - (onshell) *
**************************************************
The limits of integration are:

xl[0]=0.000000    xu[0]=1.000000
xl[1]=0.000000    xu[1]=1.000000
xl[2]=0.000000    xu[2]=1.000000
xl[3]=0.000000    xu[3]=1.000000
xl[4]=0.000000    xu[4]=1.000000
xl[5]=0.000000    xu[5]=1.000000

num_dim=6, calls=5000, it_num=1, max_it_num=5 verb=0, alph=1.50,
mode=0, bins=50, boxes=1

       single.......iteration                   accumulated......results   
iteration     integral    sigma             integral         sigma     chi-sq/it

   1        3.4541e-16   2.13e-17          3.4541e-16      2.13e-17    0.00e+00
   2        3.4926e-16   7.34e-18          3.4885e-16      6.94e-18    2.92e-02
   3        3.3682e-16   3.72e-18          3.3951e-16      3.28e-18    1.18e+00
   4        3.3714e-16   2.63e-18          3.3807e-16      2.05e-18    8.95e-01
   5        3.3771e-16   2.44e-18          3.3792e-16      1.57e-18    6.74e-01

num_dim=6, calls=50000, it_num=1, max_it_num=5 verb=0, alph=1.50,
mode=0, bins=50, boxes=1

       single.......iteration                   accumulated......results   
iteration     integral    sigma             integral         sigma     chi-sq/it

   1        3.3705e-16   7.29e-19          3.3705e-16      7.29e-19    0.00e+00
   2        3.3906e-16   1.05e-18          3.3770e-16      6.00e-19    2.45e+00
   3        3.3969e-16   1.03e-18          3.3821e-16      5.18e-19    2.63e+00
   4        3.3752e-16   8.36e-19          3.3802e-16      4.40e-19    1.92e+00
   5        3.3894e-16   9.09e-19          3.3819e-16      3.96e-19    1.65e+00
rNLOq = (3.3819193e-16 +- 3.9610691e-19) pb
NLO = (1.1383502e-13 +- 5.0804740e-17) pb
#chisq/dof = 1.93241e-09
#status = success
#chisq/dof = 1.82109e-09
#status = success
#chisq/dof = 1.195e-09
#status = success
#chisq/dof = 1.73766e-09
#status = success
#chisq/dof = 1.25841e-10
#status = the iteration has not converged yet
#chisq/dof = 3.173e-12
#status = success
#chisq/dof = 5.24586e-11
#status = success
#chisq/dof = 4.03937e-11
#status = success

*******************************************************
* threshold resummation (unimproved nnll) - expansion *
*******************************************************
The limits of integration are:

xl[0]=0.000000    xu[0]=1.000000
xl[1]=0.000000    xu[1]=1.000000
xl[2]=0.000000    xu[2]=1.000000

num_dim=3, calls=7000, it_num=1, max_it_num=5 verb=0, alph=1.50,
mode=0, bins=50, boxes=1

       single.......iteration                   accumulated......results   
iteration     integral    sigma             integral         sigma     chi-sq/it

   1        6.8023e-16   1.29e-15          6.8023e-16      1.29e-15    0.00e+00
   2        1.5125e-15   3.14e-16          1.4661e-15      3.05e-16    3.92e-01
   3        1.0987e-15   2.06e-16          1.2138e-15      1.71e-16    6.94e-01
   4        1.1331e-15   1.90e-16          1.1777e-15      1.27e-16    4.96e-01
   5        1.0840e-15   1.88e-16          1.1485e-15      1.05e-16    4.15e-01

num_dim=3, calls=35000, it_num=1, max_it_num=5 verb=0, alph=1.50,
mode=0, bins=50, boxes=1

       single.......iteration                   accumulated......results   
iteration     integral    sigma             integral         sigma     chi-sq/it

   1        1.4325e-15   8.28e-17          1.4325e-15      8.28e-17    0.00e+00
   2        1.3931e-15   8.28e-17          1.4128e-15      5.86e-17    1.13e-01
   3        1.3293e-15   8.26e-17          1.3849e-15      4.78e-17    3.96e-01
   4        1.3741e-15   8.25e-17          1.3822e-15      4.13e-17    2.69e-01
   5        1.2959e-15   8.27e-17          1.3649e-15      3.70e-17    4.19e-01
   5        1.3225e-15   8.24e-17          1.3578e-15      3.37e-17    3.79e-01
   5        1.3774e-15   8.25e-17          1.3606e-15      3.12e-17    3.24e-01
   5        1.4040e-15   8.27e-17          1.3661e-15      2.92e-17    3.12e-01
   5        1.3527e-15   8.33e-17          1.3646e-15      2.76e-17    2.76e-01
   5        1.2721e-15   8.26e-17          1.3553e-15      2.62e-17    3.71e-01
   5        1.3414e-15   8.25e-17          1.3540e-15      2.49e-17    3.36e-01
   5        1.2553e-15   8.35e-17          1.3460e-15      2.39e-17    4.22e-01
   5        1.3467e-15   8.25e-17          1.3460e-15      2.29e-17    3.87e-01
   5        1.3092e-15   8.27e-17          1.3434e-15      2.21e-17    3.72e-01
   5        1.3360e-15   8.32e-17          1.3429e-15      2.14e-17    3.46e-01
   5        1.5510e-15   8.32e-17          1.3558e-15      2.07e-17    7.14e-01
aNNLO+NNLL = (1.1519081e-13 +- 5.4858691e-17) pb

Results:
LO = (9.7813383e-14 +- 6.5173756e-17) pb
NLO = (1.1383502e-13 +- 5.0804740e-17) pb
aNNLO+NNLL = (1.1519081e-13 +- 5.4858691e-17) pb
Thanks for using LHAPDF 6.2.3. Please make sure to cite the paper:
  Eur.Phys.J. C75 (2015) 3, 132  (http://arxiv.org/abs/1412.7420)
 ====================================================
   FF 2.0, a package to evaluate one-loop integrals
 written by G. J. van Oldenborgh, NIKHEF-H, Amsterdam
 ====================================================
 for the algorithms used see preprint NIKHEF-H 89/17,
 'New Algorithms for One-loop Integrals', by G.J. van
 Oldenborgh and J.A.M. Vermaseren, published in 
 Zeitschrift fuer Physik C46(1990)425.
 ====================================================
 
total number of errors and warnings
===================================
fferr: no errors
 
