
  Welcome to Resummino git-latest
  Copyright 2008-2010 Jonathan Debove.
  Copyright 2011-2014 David R. Lamprea.
  Copyright 2011-2016 Marcel Rothering.

  Licensed under the EUPL 1.1 or later.
  See http://www.resummino.org/ for more information.

  If using Resummino for slepton pair production, please cite.
  - G. Bozzi, B. Fuks, M. Klasen, PRD 74, 015001 (2006); NPB 777, 157 (2007); NPB 794, 46 (2007).
  - B. Fuks, M. Klasen, D. R. Lamprea, M. Rothering, EPJC 73, 2480 (2013).

  For gaugino pair production, please cite:
  - J. Debove, B. Fuks, M. Klasen, PLB 688, 208 (2010); NPB 842, 51 (2011); NPB 849, 64 (2011).
  - B. Fuks, M. Klasen, D. R. Lamprea, M. Rothering, JHEP 1210, 081 (2012); EPJC 73, 2480 (2013).

  For associated gaugino gluino production, please cite:
  - B. Fuks, M. Klasen, M. Rothering, JHEP 07:053, (2016).
  - B. Fuks, M. Klasen, D. R. Lamprea, M. Rothering, EPJC 73, 2480 (2013).

LHAPDF 6.2.3 loading /pool/condor/dir_55187/resummino-releases/lhapdf-prefix/share/LHAPDF/PDF4LHC21_40/PDF4LHC21_40_0000.dat
PDF4LHC21_40 PDF set, member #0, version 1
 alpha_s(M_Z^2) = 0.1180 	 for LO PDF set 
 alpha_s(100.000^2) = 0.1164 	 for LO PDF set 

********************
* LO cross section *
********************
The limits of integration are:

xl[0]=0.000000    xu[0]=1.000000
xl[1]=0.000000    xu[1]=1.000000
xl[2]=0.000000    xu[2]=1.000000

num_dim=3, calls=2000, it_num=1, max_it_num=5 verb=0, alph=1.50,
mode=0, bins=50, boxes=1

       single.......iteration                   accumulated......results   
iteration     integral    sigma             integral         sigma     chi-sq/it

   1        1.2118e-11   4.20e-13          1.2118e-11      4.20e-13    0.00e+00
   2        1.2355e-11   1.34e-13          1.2334e-11      1.27e-13    2.91e-01
   3        1.2593e-11   7.86e-14          1.2521e-11      6.69e-14    1.64e+00
   4        1.2508e-11   7.29e-14          1.2515e-11      4.93e-14    1.10e+00
   5        1.2422e-11   7.63e-14          1.2488e-11      4.14e-14    1.09e+00

num_dim=3, calls=20000, it_num=1, max_it_num=5 verb=0, alph=1.50,
mode=0, bins=50, boxes=1

       single.......iteration                   accumulated......results   
iteration     integral    sigma             integral         sigma     chi-sq/it

   1        1.2467e-11   2.33e-14          1.2467e-11      2.33e-14    0.00e+00
   2        1.2477e-11   2.29e-14          1.2472e-11      1.63e-14    1.03e-01
   3        1.2529e-11   2.28e-14          1.2491e-11      1.33e-14    2.09e+00
   4        1.2511e-11   2.36e-14          1.2496e-11      1.16e-14    1.56e+00
   5        1.2443e-11   2.34e-14          1.2485e-11      1.04e-14    2.21e+00
   5        1.2488e-11   2.37e-14          1.2486e-11      9.50e-15    1.77e+00
   5        1.2502e-11   2.39e-14          1.2488e-11      8.83e-15    1.54e+00
   5        1.2478e-11   2.41e-14          1.2487e-11      8.29e-15    1.34e+00
LO = (1.2486919e-11 +- 8.2903971e-15) pb
LHAPDF 6.2.3 loading /pool/condor/dir_55187/resummino-releases/lhapdf-prefix/share/LHAPDF/PDF4LHC21_40/PDF4LHC21_40_0005.dat
PDF4LHC21_40 PDF set, member #5, version 1
 alpha_s(M_Z^2) = 0.1180 	 for NLO PDF set 
 alpha_s(100.000^2) = 0.1164 	 for NLO PDF set 

********************
* LO cross section *
********************
The limits of integration are:

xl[0]=0.000000    xu[0]=1.000000
xl[1]=0.000000    xu[1]=1.000000
xl[2]=0.000000    xu[2]=1.000000

num_dim=3, calls=2000, it_num=1, max_it_num=5 verb=0, alph=1.50,
mode=0, bins=50, boxes=1

       single.......iteration                   accumulated......results   
iteration     integral    sigma             integral         sigma     chi-sq/it

   1        1.1952e-11   4.18e-13          1.1952e-11      4.18e-13    0.00e+00
   2        1.2183e-11   1.33e-13          1.2162e-11      1.27e-13    2.77e-01
   3        1.2414e-11   7.86e-14          1.2344e-11      6.68e-14    1.57e+00
   4        1.2323e-11   7.34e-14          1.2334e-11      4.94e-14    1.06e+00
   5        1.2242e-11   7.66e-14          1.2307e-11      4.15e-14    1.06e+00

num_dim=3, calls=20000, it_num=1, max_it_num=5 verb=0, alph=1.50,
mode=0, bins=50, boxes=1

       single.......iteration                   accumulated......results   
iteration     integral    sigma             integral         sigma     chi-sq/it

   1        1.2289e-11   2.35e-14          1.2289e-11      2.35e-14    0.00e+00
   2        1.2299e-11   2.31e-14          1.2294e-11      1.65e-14    7.85e-02
   3        1.2348e-11   2.29e-14          1.2313e-11      1.34e-14    1.88e+00
   4        1.2333e-11   2.38e-14          1.2318e-11      1.17e-14    1.45e+00
   5        1.2264e-11   2.36e-14          1.2307e-11      1.05e-14    2.11e+00
   5        1.2305e-11   2.38e-14          1.2307e-11      9.57e-15    1.69e+00
   5        1.2324e-11   2.42e-14          1.2309e-11      8.90e-15    1.48e+00
   5        1.2297e-11   2.44e-14          1.2308e-11      8.36e-15    1.30e+00
   5        1.2287e-11   2.52e-14          1.2306e-11      7.93e-15    1.21e+00
   5        1.2253e-11   2.55e-14          1.2301e-11      7.58e-15    1.50e+00
   5        1.2301e-11   2.66e-14          1.2301e-11      7.29e-15    1.35e+00
   5        1.2286e-11   2.68e-14          1.2300e-11      7.03e-15    1.26e+00
   5        1.2332e-11   2.79e-14          1.2302e-11      6.82e-15    1.25e+00
   5        1.2282e-11   2.87e-14          1.2301e-11      6.63e-15    1.19e+00
   5        1.2304e-11   3.01e-14          1.2301e-11      6.48e-15    1.10e+00
   5        1.2287e-11   3.04e-14          1.2300e-11      6.34e-15    1.04e+00
   5        1.2290e-11   3.10e-14          1.2300e-11      6.21e-15    9.86e-01
   5        1.2347e-11   3.15e-14          1.2302e-11      6.09e-15    1.05e+00
   5        1.2347e-11   3.35e-14          1.2303e-11      5.99e-15    1.09e+00
   5        1.2353e-11   3.35e-14          1.2305e-11      5.90e-15    1.15e+00
   5        1.2282e-11   3.49e-14          1.2304e-11      5.82e-15    1.11e+00
   5        1.2301e-11   3.58e-14          1.2304e-11      5.74e-15    1.06e+00
   5        1.2327e-11   3.61e-14          1.2305e-11      5.67e-15    1.03e+00
   5        1.2270e-11   3.72e-14          1.2304e-11      5.61e-15    1.02e+00
   5        1.2362e-11   3.76e-14          1.2305e-11      5.54e-15    1.07e+00
   5        1.2311e-11   3.73e-14          1.2305e-11      5.48e-15    1.03e+00
   5        1.2370e-11   3.90e-14          1.2306e-11      5.43e-15    1.10e+00
   5        1.2322e-11   3.74e-14          1.2307e-11      5.37e-15    1.06e+00
   5        1.2292e-11   3.84e-14          1.2306e-11      5.32e-15    1.03e+00
   5        1.2356e-11   4.05e-14          1.2307e-11      5.28e-15    1.05e+00
   5        1.2303e-11   3.86e-14          1.2307e-11      5.23e-15    1.01e+00
   5        1.2318e-11   4.00e-14          1.2307e-11      5.18e-15    9.81e-01
   5        1.2365e-11   3.92e-14          1.2308e-11      5.14e-15    1.02e+00
   5        1.2265e-11   3.98e-14          1.2308e-11      5.10e-15    1.02e+00
   5        1.2281e-11   4.04e-14          1.2307e-11      5.06e-15    1.00e+00
   5        1.2373e-11   4.18e-14          1.2308e-11      5.02e-15    1.04e+00
   5        1.2201e-11   3.83e-14          1.2306e-11      4.98e-15    1.23e+00
   5        1.2262e-11   3.92e-14          1.2306e-11      4.94e-15    1.23e+00
   5        1.2363e-11   3.98e-14          1.2307e-11      4.90e-15    1.25e+00
   5        1.2306e-11   4.12e-14          1.2307e-11      4.87e-15    1.22e+00
   5        1.2339e-11   4.20e-14          1.2307e-11      4.83e-15    1.20e+00
   5        1.2327e-11   4.24e-14          1.2307e-11      4.80e-15    1.18e+00
   5        1.2388e-11   4.32e-14          1.2308e-11      4.77e-15    1.23e+00
   5        1.2310e-11   4.35e-14          1.2308e-11      4.74e-15    1.21e+00
   5        1.2281e-11   4.43e-14          1.2308e-11      4.72e-15    1.19e+00
   5        1.2307e-11   4.49e-14          1.2308e-11      4.69e-15    1.16e+00
   5        1.2355e-11   4.59e-14          1.2308e-11      4.67e-15    1.16e+00
   5        1.2204e-11   4.45e-14          1.2307e-11      4.64e-15    1.25e+00
   5        1.2395e-11   4.63e-14          1.2308e-11      4.62e-15    1.30e+00
   5        1.2383e-11   4.52e-14          1.2309e-11      4.59e-15    1.33e+00
   5        1.2299e-11   4.54e-14          1.2309e-11      4.57e-15    1.30e+00
   5        1.2207e-11   4.48e-14          1.2308e-11      4.55e-15    1.37e+00
   5        1.2297e-11   4.58e-14          1.2308e-11      4.53e-15    1.35e+00
   5        1.2320e-11   4.83e-14          1.2308e-11      4.51e-15    1.32e+00
   5        1.2372e-11   4.61e-14          1.2308e-11      4.48e-15    1.34e+00
LO = (1.2308396e-11 +- 4.4844819e-15) pb

*******************************************
* virtual corrections + integrated dipole *
*******************************************
The limits of integration are:

xl[0]=0.000000    xu[0]=1.000000
xl[1]=0.000000    xu[1]=1.000000
xl[2]=0.000000    xu[2]=1.000000

num_dim=3, calls=240, it_num=1, max_it_num=5 verb=0, alph=1.50,
mode=0, bins=50, boxes=1

       single.......iteration                   accumulated......results   
iteration     integral    sigma             integral         sigma     chi-sq/it

   1        2.0026e-12   2.14e-13          2.0026e-12      2.14e-13    0.00e+00
   2        1.9159e-12   7.59e-14          1.9256e-12      7.15e-14    1.46e-01
   3        2.1262e-12   5.78e-14          2.0469e-12      4.50e-14    2.45e+00
   4        2.1051e-12   4.48e-14          2.0761e-12      3.18e-14    1.91e+00
   5        2.2308e-12   5.20e-14          2.1181e-12      2.71e-14    3.05e+00

num_dim=3, calls=1200, it_num=1, max_it_num=3 verb=0, alph=1.50,
mode=0, bins=50, boxes=1

       single.......iteration                   accumulated......results   
iteration     integral    sigma             integral         sigma     chi-sq/it

   1        2.0910e-12   2.22e-14          2.0910e-12      2.22e-14    0.00e+00
   2        2.1431e-12   1.92e-14          2.1208e-12      1.45e-14    3.16e+00
   3        2.1293e-12   1.79e-14          2.1242e-12      1.13e-14    1.65e+00
   3        2.1624e-12   1.80e-14          2.1349e-12      9.55e-15    2.18e+00
   3        2.1245e-12   1.80e-14          2.1326e-12      8.44e-15    1.70e+00
   3        2.1345e-12   1.74e-14          2.1330e-12      7.60e-15    1.36e+00
   3        2.1057e-12   1.92e-14          2.1293e-12      7.06e-15    1.43e+00
   3        2.1456e-12   1.83e-14          2.1314e-12      6.59e-15    1.32e+00
   3        2.1317e-12   1.70e-14          2.1314e-12      6.14e-15    1.16e+00
   3        2.1263e-12   1.80e-14          2.1309e-12      5.82e-15    1.04e+00
   3        2.1016e-12   1.83e-14          2.1282e-12      5.54e-15    1.17e+00
   3        2.1181e-12   1.80e-14          2.1273e-12      5.30e-15    1.09e+00
   3        2.1377e-12   1.72e-14          2.1282e-12      5.06e-15    1.02e+00
   3        2.1472e-12   1.87e-14          2.1295e-12      4.89e-15    1.02e+00
   3        2.1337e-12   1.87e-14          2.1298e-12      4.73e-15    9.48e-01
   3        2.1090e-12   1.86e-14          2.1285e-12      4.58e-15    9.64e-01
   3        2.1227e-12   1.74e-14          2.1281e-12      4.43e-15    9.10e-01
   3        2.1022e-12   1.78e-14          2.1266e-12      4.30e-15    9.74e-01
   3        2.1420e-12   1.82e-14          2.1274e-12      4.18e-15    9.58e-01
   3        2.1579e-12   1.85e-14          2.1289e-12      4.08e-15    1.04e+00
vNLO = (2.1289227e-12 +- 4.0813540e-15) pb

*****************************
* collinear remainder (P+K) *
*****************************
The limits of integration are:

xl[0]=0.000000    xu[0]=1.000000
xl[1]=0.000000    xu[1]=1.000000
xl[2]=0.000000    xu[2]=1.000000
xl[3]=0.000000    xu[3]=1.000000

num_dim=4, calls=2500, it_num=1, max_it_num=5 verb=0, alph=1.50,
mode=0, bins=50, boxes=1

       single.......iteration                   accumulated......results   
iteration     integral    sigma             integral         sigma     chi-sq/it

   1        4.6644e-13   1.41e-13          4.6644e-13      1.41e-13    0.00e+00
   2        1.8780e-13   7.40e-14          2.4791e-13      6.56e-14    3.05e+00
   3        1.1191e-13   6.58e-14          1.8014e-13      4.64e-14    2.60e+00
   4        1.2788e-13   6.47e-14          1.6236e-13      3.77e-14    1.88e+00
   5        4.5056e-14   6.53e-14          1.3299e-13      3.27e-14    2.01e+00

num_dim=4, calls=25000, it_num=1, max_it_num=3 verb=0, alph=1.50,
mode=0, bins=50, boxes=1

       single.......iteration                   accumulated......results   
iteration     integral    sigma             integral         sigma     chi-sq/it

   1        9.4295e-14   2.07e-14          9.4295e-14      2.07e-14    0.00e+00
   2        8.7759e-14   2.06e-14          9.1006e-14      1.46e-14    5.00e-02
   3        9.9607e-14   2.04e-14          9.3924e-14      1.19e-14    8.38e-02
   3        1.0204e-13   2.06e-14          9.5945e-14      1.03e-14    9.46e-02
   3        1.2386e-13   2.06e-14          1.0152e-13      9.21e-15    4.38e-01
   3        9.1608e-14   2.07e-14          9.9880e-14      8.41e-15    3.89e-01
   3        1.1445e-13   2.06e-14          1.0197e-13      7.79e-15    3.95e-01
   3        8.4290e-14   2.06e-14          9.9760e-14      7.29e-15    4.31e-01
   3        7.1386e-14   2.06e-14          9.6608e-14      6.87e-15    5.88e-01
   3        9.2133e-14   2.07e-14          9.6164e-14      6.52e-15    5.27e-01
   3        1.0105e-13   2.07e-14          9.6605e-14      6.22e-15    4.79e-01
   3        1.0046e-13   2.06e-14          9.6926e-14      5.95e-15    4.39e-01
   3        8.7634e-14   2.08e-14          9.6225e-14      5.73e-15    4.17e-01
   3        7.4140e-14   2.07e-14          9.4653e-14      5.52e-15    4.67e-01
   3        8.7953e-14   2.11e-14          9.4224e-14      5.34e-15    4.40e-01
   3        1.0354e-13   2.11e-14          9.4787e-14      5.17e-15    4.23e-01
   3        9.8987e-14   2.11e-14          9.5024e-14      5.03e-15    3.99e-01
   3        7.3910e-14   2.10e-14          9.3875e-14      4.89e-15    4.32e-01
   3        7.7578e-14   2.09e-14          9.3031e-14      4.76e-15    4.40e-01
   3        1.1894e-13   2.11e-14          9.4287e-14      4.64e-15    4.92e-01
   3        7.1402e-14   2.12e-14          9.3240e-14      4.54e-15    5.23e-01
   3        1.1534e-13   2.15e-14          9.4184e-14      4.44e-15    5.47e-01
   3        7.8030e-14   2.13e-14          9.3513e-14      4.34e-15    5.47e-01
   3        7.8605e-14   2.13e-14          9.2918e-14      4.26e-15    5.44e-01
   3        7.8790e-14   2.13e-14          9.2376e-14      4.17e-15    5.39e-01
   3        1.0876e-13   2.13e-14          9.2979e-14      4.10e-15    5.40e-01
P+K = (9.2979026e-14 +- 4.0964766e-15) pb

********************************
* real gluon emission - dipole *
********************************
The limits of integration are:

xl[0]=0.000000    xu[0]=1.000000
xl[1]=0.000000    xu[1]=1.000000
xl[2]=0.000000    xu[2]=1.000000
xl[3]=0.000000    xu[3]=1.000000
xl[4]=0.000000    xu[4]=1.000000
xl[5]=0.000000    xu[5]=1.000000

num_dim=6, calls=250, it_num=1, max_it_num=5 verb=0, alph=1.50,
mode=0, bins=50, boxes=1

       single.......iteration                   accumulated......results   
iteration     integral    sigma             integral         sigma     chi-sq/it

   1        -8.6077e-14   2.08e-14          -8.6077e-14      2.08e-14    0.00e+00
   2        -1.0132e-13   2.47e-14          -9.2403e-14      1.59e-14    2.22e-01
   3        -8.0766e-14   1.45e-14          -8.6027e-14      1.07e-14    2.57e-01
   4        -5.4213e-14   6.31e-15          -6.2396e-14      5.43e-15    2.35e+00
   5        -8.2229e-14   1.17e-14          -6.5899e-14      4.93e-15    2.35e+00

num_dim=6, calls=2500, it_num=1, max_it_num=3 verb=0, alph=1.50,
mode=0, bins=50, boxes=1

       single.......iteration                   accumulated......results   
iteration     integral    sigma             integral         sigma     chi-sq/it

   1        -8.6983e-14   6.42e-15          -8.6983e-14      6.42e-15    0.00e+00
   2        -8.0253e-14   2.51e-15          -8.1144e-14      2.33e-15    9.55e-01
   3        -8.1837e-14   1.75e-15          -8.1588e-14      1.40e-15    5.06e-01
rNLOg = (-8.1588405e-14 +- 1.3982531e-15) pb

**************************************************
* real light quark emission - dipole - (onshell) *
**************************************************
The limits of integration are:

xl[0]=0.000000    xu[0]=1.000000
xl[1]=0.000000    xu[1]=1.000000
xl[2]=0.000000    xu[2]=1.000000
xl[3]=0.000000    xu[3]=1.000000
xl[4]=0.000000    xu[4]=1.000000
xl[5]=0.000000    xu[5]=1.000000

num_dim=6, calls=5000, it_num=1, max_it_num=5 verb=0, alph=1.50,
mode=0, bins=50, boxes=1

       single.......iteration                   accumulated......results   
iteration     integral    sigma             integral         sigma     chi-sq/it

   1        3.1461e-13   2.27e-14          3.1461e-13      2.27e-14    0.00e+00
   2        3.2802e-13   7.46e-15          3.2671e-13      7.08e-15    3.16e-01
   3        3.1120e-13   3.99e-15          3.1494e-13      3.48e-15    1.98e+00
   4        3.0904e-13   3.48e-15          3.1200e-13      2.46e-15    1.80e+00
   5        3.0994e-13   3.16e-15          3.1122e-13      1.94e-15    1.41e+00

num_dim=6, calls=50000, it_num=1, max_it_num=5 verb=0, alph=1.50,
mode=0, bins=50, boxes=1

       single.......iteration                   accumulated......results   
iteration     integral    sigma             integral         sigma     chi-sq/it

   1        3.1113e-13   1.00e-15          3.1113e-13      1.00e-15    0.00e+00
   2        3.1263e-13   1.04e-15          3.1185e-13      7.20e-16    1.09e+00
   3        3.1456e-13   1.15e-15          3.1262e-13      6.10e-16    2.54e+00
   4        3.1215e-13   1.06e-15          3.1250e-13      5.29e-16    1.74e+00
   5        3.1256e-13   1.09e-15          3.1251e-13      4.76e-16    1.31e+00
rNLOq = (3.1251148e-13 +- 4.7569782e-16) pb
NLO = (1.4761221e-11 +- 7.4652896e-15) pb
#chisq/dof = 6.45051e-07
#status = success
#chisq/dof = 1.2075e-08
#status = success
#chisq/dof = 9.07444e-10
#status = success
#chisq/dof = 7.24899e-09
#status = success
#chisq/dof = 2.0495e-09
#status = success
#chisq/dof = 6.70126e-10
#status = success
#chisq/dof = 3.02835e-09
#status = success
#chisq/dof = 9.89731e-10
#status = success

*******************************************************
* threshold resummation (unimproved nnll) - expansion *
*******************************************************
The limits of integration are:

xl[0]=0.000000    xu[0]=1.000000
xl[1]=0.000000    xu[1]=1.000000
xl[2]=0.000000    xu[2]=1.000000

num_dim=3, calls=7000, it_num=1, max_it_num=5 verb=0, alph=1.50,
mode=0, bins=50, boxes=1

       single.......iteration                   accumulated......results   
iteration     integral    sigma             integral         sigma     chi-sq/it

   1        -3.7490e-12   4.49e-12          -3.7490e-12      4.49e-12    0.00e+00
   2        -1.5271e-12   1.22e-12          -1.6800e-12      1.18e-12    2.28e-01
   3        3.5128e-13   1.02e-12          -5.2316e-13      7.73e-13    9.61e-01
   4        -4.3201e-13   1.00e-12          -4.8907e-13      6.11e-13    6.43e-01
   5        3.3304e-13   9.98e-13          -2.6490e-13      5.21e-13    6.05e-01

num_dim=3, calls=35000, it_num=1, max_it_num=5 verb=0, alph=1.50,
mode=0, bins=50, boxes=1

       single.......iteration                   accumulated......results   
iteration     integral    sigma             integral         sigma     chi-sq/it

   1        -6.7765e-14   4.43e-13          -6.7765e-14      4.43e-13    0.00e+00
   2        -2.4418e-13   4.45e-13          -1.5555e-13      3.14e-13    7.88e-02
   3        -1.7167e-13   4.44e-13          -1.6093e-13      2.57e-13    3.98e-02
   4        -4.5791e-13   4.48e-13          -2.3427e-13      2.23e-13    1.37e-01
   5        8.9245e-14   4.46e-13          -1.6976e-13      1.99e-13    2.08e-01
   5        -1.9732e-13   4.49e-13          -1.7429e-13      1.82e-13    1.67e-01
   5        -1.1557e-12   4.51e-13          -3.1209e-13      1.69e-13    8.19e-01
   5        -2.1365e-13   4.53e-13          -3.0010e-13      1.58e-13    7.08e-01
   5        1.7148e-13   4.51e-13          -2.4839e-13      1.49e-13    7.41e-01
   5        -5.6580e-13   4.52e-13          -2.7960e-13      1.42e-13    7.08e-01
   5        1.4730e-13   4.55e-13          -2.4181e-13      1.35e-13    7.18e-01
   5        5.9569e-13   4.55e-13          -1.7373e-13      1.30e-13    9.35e-01
   5        -6.0406e-13   4.58e-13          -2.0573e-13      1.25e-13    9.26e-01
   5        -1.5519e-13   4.58e-13          -2.0224e-13      1.20e-13    8.55e-01
   5        3.3687e-13   4.61e-13          -1.6784e-13      1.17e-13    8.86e-01
   5        -4.6950e-13   4.60e-13          -1.8605e-13      1.13e-13    8.54e-01
   5        4.4106e-14   4.64e-13          -1.7316e-13      1.10e-13    8.15e-01
   5        4.2988e-13   4.62e-13          -1.4095e-13      1.07e-13    8.62e-01
   5        -6.2068e-13   4.63e-13          -1.6517e-13      1.04e-13    8.70e-01
   5        -1.4399e-13   4.66e-13          -1.6416e-13      1.02e-13    8.25e-01
   5        4.0754e-13   4.65e-13          -1.3815e-13      9.92e-14    8.56e-01
   5        -1.9178e-13   4.68e-13          -1.4045e-13      9.70e-14    8.16e-01
   5        1.4927e-13   4.65e-13          -1.2835e-13      9.50e-14    7.95e-01
   5        2.6620e-13   4.70e-13          -1.1286e-13      9.31e-14    7.90e-01
   5        -3.3609e-15   4.66e-13          -1.0866e-13      9.13e-14    7.60e-01
   5        -1.2413e-12   4.71e-13          -1.4968e-13      8.96e-14    9.52e-01
   5        -5.5869e-14   4.65e-13          -1.4631e-13      8.80e-14    9.17e-01
   5        -7.1704e-13   4.64e-13          -1.6615e-13      8.65e-14    9.37e-01
   5        -1.0649e-12   4.65e-13          -1.9620e-13      8.50e-14    1.03e+00
   5        -3.2068e-14   4.65e-13          -1.9088e-13      8.36e-14    1.00e+00
   5        -2.3590e-13   4.68e-13          -1.9228e-13      8.23e-14    9.68e-01
   5        -7.6871e-13   4.69e-13          -2.0950e-13      8.11e-14    9.84e-01
   5        -3.6778e-13   4.71e-13          -2.1407e-13      7.99e-14    9.57e-01
   5        -6.3023e-13   4.71e-13          -2.2570e-13      7.88e-14    9.51e-01
   5        -5.2537e-13   4.71e-13          -2.3385e-13      7.77e-14    9.35e-01
   5        -1.1321e-14   4.76e-13          -2.2808e-13      7.67e-14    9.14e-01
   5        1.1572e-13   4.75e-13          -2.1936e-13      7.57e-14    9.03e-01
   5        9.1500e-13   4.73e-13          -1.9105e-13      7.48e-14    1.03e+00
   5        4.0546e-13   4.79e-13          -1.7684e-13      7.39e-14    1.04e+00
   5        5.0126e-13   4.78e-13          -1.6101e-13      7.30e-14    1.07e+00
   5        2.7164e-13   4.80e-13          -1.5124e-13      7.22e-14    1.06e+00
   5        -1.3017e-13   4.84e-13          -1.5079e-13      7.14e-14    1.03e+00
   5        -1.8113e-13   4.77e-13          -1.5145e-13      7.06e-14    1.01e+00
   5        6.8089e-14   4.81e-13          -1.4683e-13      6.98e-14    9.90e-01
   5        -4.4006e-13   4.88e-13          -1.5273e-13      6.91e-14    9.76e-01
   5        3.0228e-13   4.82e-13          -1.4356e-13      6.84e-14    9.74e-01
   5        1.7444e-13   4.92e-13          -1.3752e-13      6.78e-14    9.61e-01
   5        -6.9347e-13   4.91e-13          -1.4792e-13      6.71e-14    9.68e-01
   5        2.3976e-13   4.88e-13          -1.4072e-13      6.65e-14    9.60e-01
   5        8.9525e-13   4.89e-13          -1.2187e-13      6.59e-14    1.03e+00
   5        3.9359e-13   4.87e-13          -1.1259e-13      6.53e-14    1.03e+00
   5        -3.6312e-13   4.90e-13          -1.1697e-13      6.47e-14    1.02e+00
   5        2.1589e-13   4.81e-13          -1.1104e-13      6.42e-14    1.01e+00
   5        -4.3609e-13   4.85e-13          -1.1663e-13      6.36e-14    9.96e-01
   5        3.9415e-13   4.85e-13          -1.0798e-13      6.31e-14    9.98e-01
aNNLO+NNLL = (1.4653243e-11 +- 6.3506358e-14) pb

Results:
LO = (1.2486919e-11 +- 8.2903971e-15) pb
NLO = (1.4761221e-11 +- 7.4652896e-15) pb
aNNLO+NNLL = (1.4653243e-11 +- 6.3506358e-14) pb
Thanks for using LHAPDF 6.2.3. Please make sure to cite the paper:
  Eur.Phys.J. C75 (2015) 3, 132  (http://arxiv.org/abs/1412.7420)
 ====================================================
   FF 2.0, a package to evaluate one-loop integrals
 written by G. J. van Oldenborgh, NIKHEF-H, Amsterdam
 ====================================================
 for the algorithms used see preprint NIKHEF-H 89/17,
 'New Algorithms for One-loop Integrals', by G.J. van
 Oldenborgh and J.A.M. Vermaseren, published in 
 Zeitschrift fuer Physik C46(1990)425.
 ====================================================
 
total number of errors and warnings
===================================
fferr: no errors
 
