
  Welcome to Resummino git-latest
  Copyright 2008-2010 Jonathan Debove.
  Copyright 2011-2014 David R. Lamprea.
  Copyright 2011-2016 Marcel Rothering.

  Licensed under the EUPL 1.1 or later.
  See http://www.resummino.org/ for more information.

  If using Resummino for slepton pair production, please cite.
  - G. Bozzi, B. Fuks, M. Klasen, PRD 74, 015001 (2006); NPB 777, 157 (2007); NPB 794, 46 (2007).
  - B. Fuks, M. Klasen, D. R. Lamprea, M. Rothering, EPJC 73, 2480 (2013).

  For gaugino pair production, please cite:
  - J. Debove, B. Fuks, M. Klasen, PLB 688, 208 (2010); NPB 842, 51 (2011); NPB 849, 64 (2011).
  - B. Fuks, M. Klasen, D. R. Lamprea, M. Rothering, JHEP 1210, 081 (2012); EPJC 73, 2480 (2013).

  For associated gaugino gluino production, please cite:
  - B. Fuks, M. Klasen, M. Rothering, JHEP 07:053, (2016).
  - B. Fuks, M. Klasen, D. R. Lamprea, M. Rothering, EPJC 73, 2480 (2013).

LHAPDF 6.2.3 loading /pool/condor/dir_30723/resummino-releases/lhapdf-prefix/share/LHAPDF/PDF4LHC21_40/PDF4LHC21_40_0000.dat
PDF4LHC21_40 PDF set, member #0, version 1
 alpha_s(M_Z^2) = 0.1180 	 for LO PDF set 
 alpha_s(900.000^2) = 0.0878 	 for LO PDF set 

********************
* LO cross section *
********************
The limits of integration are:

xl[0]=0.000000    xu[0]=1.000000
xl[1]=0.000000    xu[1]=1.000000
xl[2]=0.000000    xu[2]=1.000000

num_dim=3, calls=2000, it_num=1, max_it_num=5 verb=0, alph=1.50,
mode=0, bins=50, boxes=1

       single.......iteration                   accumulated......results   
iteration     integral    sigma             integral         sigma     chi-sq/it

   1        5.1184e-13   1.73e-14          5.1184e-13      1.73e-14    0.00e+00
   2        5.4321e-13   5.94e-15          5.3989e-13      5.62e-15    2.95e+00
   3        5.5038e-13   2.96e-15          5.4810e-13      2.62e-15    2.84e+00
   4        5.4651e-13   2.70e-15          5.4733e-13      1.88e-15    1.95e+00
   5        5.4534e-13   2.78e-15          5.4671e-13      1.56e-15    1.55e+00

num_dim=3, calls=20000, it_num=1, max_it_num=5 verb=0, alph=1.50,
mode=0, bins=50, boxes=1

       single.......iteration                   accumulated......results   
iteration     integral    sigma             integral         sigma     chi-sq/it

   1        5.4599e-13   8.64e-16          5.4599e-13      8.64e-16    0.00e+00
   2        5.4599e-13   8.40e-16          5.4599e-13      6.03e-16    9.11e-06
   3        5.4725e-13   8.24e-16          5.4643e-13      4.86e-16    7.66e-01
   4        5.4723e-13   8.78e-16          5.4662e-13      4.25e-16    7.23e-01
   5        5.4462e-13   8.76e-16          5.4623e-13      3.83e-16    1.60e+00
   5        5.4586e-13   8.83e-16          5.4618e-13      3.51e-16    1.31e+00
LO = (5.4617597e-13 +- 3.5109218e-16) pb
LHAPDF 6.2.3 loading /pool/condor/dir_30723/resummino-releases/lhapdf-prefix/share/LHAPDF/PDF4LHC21_40/PDF4LHC21_40_0021.dat
PDF4LHC21_40 PDF set, member #21, version 1
 alpha_s(M_Z^2) = 0.1180 	 for NLO PDF set 
 alpha_s(900.000^2) = 0.0878 	 for NLO PDF set 

********************
* LO cross section *
********************
The limits of integration are:

xl[0]=0.000000    xu[0]=1.000000
xl[1]=0.000000    xu[1]=1.000000
xl[2]=0.000000    xu[2]=1.000000

num_dim=3, calls=2000, it_num=1, max_it_num=5 verb=0, alph=1.50,
mode=0, bins=50, boxes=1

       single.......iteration                   accumulated......results   
iteration     integral    sigma             integral         sigma     chi-sq/it

   1        4.9996e-13   1.71e-14          4.9996e-13      1.71e-14    0.00e+00
   2        5.3080e-13   5.89e-15          5.2753e-13      5.57e-15    2.90e+00
   3        5.3832e-13   2.90e-15          5.3603e-13      2.57e-15    2.93e+00
   4        5.3432e-13   2.64e-15          5.3520e-13      1.84e-15    2.02e+00
   5        5.3344e-13   2.71e-15          5.3464e-13      1.52e-15    1.59e+00

num_dim=3, calls=20000, it_num=1, max_it_num=5 verb=0, alph=1.50,
mode=0, bins=50, boxes=1

       single.......iteration                   accumulated......results   
iteration     integral    sigma             integral         sigma     chi-sq/it

   1        5.3382e-13   8.43e-16          5.3382e-13      8.43e-16    0.00e+00
   2        5.3368e-13   8.24e-16          5.3375e-13      5.89e-16    1.37e-02
   3        5.3500e-13   8.07e-16          5.3418e-13      4.76e-16    7.94e-01
   4        5.3500e-13   8.56e-16          5.3438e-13      4.16e-16    7.60e-01
   5        5.3246e-13   8.57e-16          5.3401e-13      3.74e-16    1.58e+00
   5        5.3352e-13   8.63e-16          5.3393e-13      3.43e-16    1.32e+00
   5        5.3501e-13   8.65e-16          5.3408e-13      3.19e-16    1.32e+00
   5        5.3335e-13   8.87e-16          5.3400e-13      3.00e-16    1.22e+00
   5        5.3331e-13   9.15e-16          5.3393e-13      2.85e-16    1.13e+00
   5        5.3275e-13   9.21e-16          5.3383e-13      2.73e-16    1.17e+00
   5        5.3352e-13   9.76e-16          5.3380e-13      2.62e-16    1.06e+00
   5        5.3333e-13   9.95e-16          5.3377e-13      2.54e-16    9.86e-01
   5        5.3463e-13   1.05e-15          5.3382e-13      2.47e-16    9.56e-01
   5        5.3295e-13   1.09e-15          5.3378e-13      2.41e-16    9.28e-01
   5        5.3422e-13   1.17e-15          5.3380e-13      2.36e-16    8.72e-01
   5        5.3323e-13   1.20e-15          5.3377e-13      2.31e-16    8.28e-01
   5        5.3239e-13   1.21e-15          5.3373e-13      2.27e-16    8.56e-01
   5        5.3583e-13   1.24e-15          5.3379e-13      2.23e-16    9.69e-01
   5        5.3547e-13   1.34e-15          5.3384e-13      2.20e-16    1.00e+00
   5        5.3524e-13   1.32e-15          5.3388e-13      2.17e-16    1.01e+00
   5        5.3252e-13   1.37e-15          5.3384e-13      2.15e-16    1.00e+00
   5        5.3391e-13   1.40e-15          5.3385e-13      2.12e-16    9.56e-01
   5        5.3504e-13   1.44e-15          5.3387e-13      2.10e-16    9.43e-01
   5        5.3368e-13   1.54e-15          5.3387e-13      2.08e-16    9.03e-01
   5        5.3559e-13   1.50e-15          5.3390e-13      2.06e-16    9.19e-01
   5        5.3371e-13   1.55e-15          5.3390e-13      2.04e-16    8.83e-01
   5        5.3670e-13   1.64e-15          5.3394e-13      2.03e-16    9.60e-01
   5        5.3419e-13   1.57e-15          5.3394e-13      2.01e-16    9.25e-01
   5        5.3366e-13   1.61e-15          5.3394e-13      1.99e-16    8.93e-01
   5        5.3538e-13   1.70e-15          5.3396e-13      1.98e-16    8.87e-01
   5        5.3414e-13   1.64e-15          5.3396e-13      1.97e-16    8.57e-01
   5        5.3380e-13   1.72e-15          5.3396e-13      1.95e-16    8.30e-01
   5        5.3575e-13   1.65e-15          5.3398e-13      1.94e-16    8.41e-01
   5        5.3270e-13   1.73e-15          5.3397e-13      1.93e-16    8.32e-01
   5        5.3225e-13   1.67e-15          5.3395e-13      1.92e-16    8.38e-01
   5        5.3636e-13   1.73e-15          5.3398e-13      1.90e-16    8.69e-01
   5        5.2874e-13   1.67e-15          5.3391e-13      1.89e-16    1.11e+00
   5        5.3117e-13   1.74e-15          5.3388e-13      1.88e-16    1.15e+00
   5        5.3529e-13   1.73e-15          5.3389e-13      1.87e-16    1.14e+00
   5        5.3409e-13   1.77e-15          5.3390e-13      1.86e-16    1.11e+00
   5        5.3537e-13   1.81e-15          5.3391e-13      1.85e-16    1.10e+00
   5        5.3405e-13   1.79e-15          5.3391e-13      1.84e-16    1.07e+00
   5        5.3855e-13   1.83e-15          5.3396e-13      1.83e-16    1.20e+00
   5        5.3485e-13   1.78e-15          5.3397e-13      1.82e-16    1.17e+00
   5        5.3256e-13   1.83e-15          5.3395e-13      1.81e-16    1.16e+00
LO = (5.3395385e-13 +- 1.8119303e-16) pb

*******************************************
* virtual corrections + integrated dipole *
*******************************************
The limits of integration are:

xl[0]=0.000000    xu[0]=1.000000
xl[1]=0.000000    xu[1]=1.000000
xl[2]=0.000000    xu[2]=1.000000

num_dim=3, calls=240, it_num=1, max_it_num=5 verb=0, alph=1.50,
mode=0, bins=50, boxes=1

       single.......iteration                   accumulated......results   
iteration     integral    sigma             integral         sigma     chi-sq/it

   1        6.1152e-14   6.29e-15          6.1152e-14      6.29e-15    0.00e+00
   2        6.4029e-14   3.33e-15          6.3400e-14      2.94e-15    1.64e-01
   3        7.1104e-14   2.00e-15          6.8667e-14      1.65e-15    2.43e+00
   4        7.0769e-14   1.29e-15          6.9977e-14      1.02e-15    1.95e+00
   5        7.2859e-14   1.56e-15          7.0837e-14      8.51e-16    2.07e+00

num_dim=3, calls=1200, it_num=1, max_it_num=3 verb=0, alph=1.50,
mode=0, bins=50, boxes=1

       single.......iteration                   accumulated......results   
iteration     integral    sigma             integral         sigma     chi-sq/it

   1        6.8729e-14   6.47e-16          6.8729e-14      6.47e-16    0.00e+00
   2        7.0147e-14   5.26e-16          6.9583e-14      4.08e-16    2.89e+00
   3        6.9814e-14   4.80e-16          6.9680e-14      3.11e-16    1.51e+00
   3        7.0612e-14   4.59e-16          6.9973e-14      2.58e-16    1.95e+00
   3        6.9388e-14   4.92e-16          6.9847e-14      2.28e-16    1.74e+00
   3        7.0118e-14   4.69e-16          6.9899e-14      2.05e-16    1.45e+00
   3        6.9555e-14   5.19e-16          6.9853e-14      1.91e-16    1.27e+00
   3        7.0417e-14   5.04e-16          6.9923e-14      1.78e-16    1.24e+00
vNLO = (6.9923197e-14 +- 1.7847881e-16) pb

*****************************
* collinear remainder (P+K) *
*****************************
The limits of integration are:

xl[0]=0.000000    xu[0]=1.000000
xl[1]=0.000000    xu[1]=1.000000
xl[2]=0.000000    xu[2]=1.000000
xl[3]=0.000000    xu[3]=1.000000

num_dim=4, calls=2500, it_num=1, max_it_num=5 verb=0, alph=1.50,
mode=0, bins=50, boxes=1

       single.......iteration                   accumulated......results   
iteration     integral    sigma             integral         sigma     chi-sq/it

   1        5.2055e-14   4.11e-15          5.2055e-14      4.11e-15    0.00e+00
   2        5.2831e-14   1.64e-15          5.2725e-14      1.52e-15    3.08e-02
   3        5.3708e-14   1.40e-15          5.3260e-14      1.03e-15    1.29e-01
   4        5.4097e-14   1.34e-15          5.3571e-14      8.16e-16    1.68e-01
   5        5.5643e-14   1.32e-15          5.4142e-14      6.95e-16    5.70e-01

num_dim=4, calls=25000, it_num=1, max_it_num=3 verb=0, alph=1.50,
mode=0, bins=50, boxes=1

       single.......iteration                   accumulated......results   
iteration     integral    sigma             integral         sigma     chi-sq/it

   1        5.5375e-14   4.16e-16          5.5375e-14      4.16e-16    0.00e+00
   2        5.5314e-14   4.14e-16          5.5344e-14      2.93e-16    1.08e-02
   3        5.4187e-14   4.17e-16          5.4961e-14      2.40e-16    2.59e+00
   3        5.4817e-14   4.16e-16          5.4925e-14      2.08e-16    1.75e+00
   3        5.4042e-14   4.20e-16          5.4751e-14      1.86e-16    2.20e+00
   3        5.4068e-14   4.18e-16          5.4638e-14      1.70e-16    2.21e+00
   3        5.4349e-14   4.21e-16          5.4597e-14      1.58e-16    1.91e+00
   3        5.4645e-14   4.20e-16          5.4603e-14      1.48e-16    1.64e+00
   3        5.4651e-14   4.23e-16          5.4608e-14      1.39e-16    1.43e+00
P+K = (5.4608405e-14 +- 1.3937910e-16) pb

********************************
* real gluon emission - dipole *
********************************
The limits of integration are:

xl[0]=0.000000    xu[0]=1.000000
xl[1]=0.000000    xu[1]=1.000000
xl[2]=0.000000    xu[2]=1.000000
xl[3]=0.000000    xu[3]=1.000000
xl[4]=0.000000    xu[4]=1.000000
xl[5]=0.000000    xu[5]=1.000000

num_dim=6, calls=250, it_num=1, max_it_num=5 verb=0, alph=1.50,
mode=0, bins=50, boxes=1

       single.......iteration                   accumulated......results   
iteration     integral    sigma             integral         sigma     chi-sq/it

   1        -1.2753e-15   4.37e-16          -1.2753e-15      4.37e-16    0.00e+00
   2        -1.4592e-15   3.03e-16          -1.3995e-15      2.49e-16    1.19e-01
   3        -9.7522e-16   1.11e-16          -1.0458e-15      1.02e-16    1.27e+00
   4        -1.0147e-15   9.22e-17          -1.0287e-15      6.83e-17    8.64e-01
   5        -1.2291e-15   9.95e-17          -1.0929e-15      5.63e-17    1.34e+00

num_dim=6, calls=2500, it_num=1, max_it_num=3 verb=0, alph=1.50,
mode=0, bins=50, boxes=1

       single.......iteration                   accumulated......results   
iteration     integral    sigma             integral         sigma     chi-sq/it

   1        -1.1135e-15   2.36e-17          -1.1135e-15      2.36e-17    0.00e+00
   2        -1.0930e-15   1.60e-17          -1.0994e-15      1.32e-17    5.21e-01
   3        -1.1108e-15   1.49e-17          -1.1044e-15      9.89e-18    4.23e-01
   3        -1.0926e-15   1.35e-17          -1.1003e-15      7.98e-18    4.48e-01
   3        -1.0944e-15   1.19e-17          -1.0985e-15      6.63e-18    3.77e-01
   3        -1.0886e-15   1.12e-17          -1.0959e-15      5.71e-18    4.16e-01
   3        -1.0915e-15   1.12e-17          -1.0950e-15      5.09e-18    3.67e-01
   3        -1.0925e-15   1.08e-17          -1.0946e-15      4.60e-18    3.21e-01
   3        -1.0982e-15   1.08e-17          -1.0951e-15      4.24e-18    2.93e-01
   3        -1.1049e-15   1.09e-17          -1.0964e-15      3.95e-18    3.37e-01
   3        -1.0906e-15   1.06e-17          -1.0957e-15      3.70e-18    3.29e-01
   3        -1.0938e-15   1.10e-17          -1.0955e-15      3.51e-18    3.02e-01
   3        -1.0945e-15   1.07e-17          -1.0954e-15      3.33e-18    2.77e-01
   3        -1.1072e-15   1.07e-17          -1.0965e-15      3.18e-18    3.42e-01
   3        -1.0855e-15   1.05e-17          -1.0955e-15      3.04e-18    3.89e-01
   3        -1.0977e-15   1.19e-17          -1.0957e-15      2.95e-18    3.65e-01
   3        -1.0909e-15   1.16e-17          -1.0954e-15      2.86e-18    3.52e-01
   3        -1.0811e-15   1.07e-17          -1.0944e-15      2.76e-18    4.29e-01
   3        -1.0966e-15   1.15e-17          -1.0946e-15      2.69e-18    4.07e-01
   3        -1.0784e-15   1.15e-17          -1.0937e-15      2.62e-18    4.84e-01
   3        -1.0762e-15   1.12e-17          -1.0928e-15      2.55e-18    5.75e-01
rNLOg = (-1.0928168e-15 +- 2.5479818e-18) pb

**************************************************
* real light quark emission - dipole - (onshell) *
**************************************************
The limits of integration are:

xl[0]=0.000000    xu[0]=1.000000
xl[1]=0.000000    xu[1]=1.000000
xl[2]=0.000000    xu[2]=1.000000
xl[3]=0.000000    xu[3]=1.000000
xl[4]=0.000000    xu[4]=1.000000
xl[5]=0.000000    xu[5]=1.000000

num_dim=6, calls=5000, it_num=1, max_it_num=5 verb=0, alph=1.50,
mode=0, bins=50, boxes=1

       single.......iteration                   accumulated......results   
iteration     integral    sigma             integral         sigma     chi-sq/it

   1        3.0247e-15   2.24e-16          3.0247e-15      2.24e-16    0.00e+00
   2        3.1497e-15   6.48e-17          3.1400e-15      6.22e-17    2.87e-01
   3        3.0755e-15   3.44e-17          3.0906e-15      3.01e-17    5.56e-01
   4        3.0287e-15   2.65e-17          3.0558e-15      1.99e-17    1.16e+00
   5        3.0583e-15   2.28e-17          3.0569e-15      1.50e-17    8.75e-01

num_dim=6, calls=50000, it_num=1, max_it_num=5 verb=0, alph=1.50,
mode=0, bins=50, boxes=1

       single.......iteration                   accumulated......results   
iteration     integral    sigma             integral         sigma     chi-sq/it

   1        3.0502e-15   6.96e-18          3.0502e-15      6.96e-18    0.00e+00
   2        3.0678e-15   8.72e-18          3.0571e-15      5.44e-18    2.48e+00
   3        3.0764e-15   9.02e-18          3.0622e-15      4.66e-18    2.92e+00
   4        3.0608e-15   8.17e-18          3.0619e-15      4.05e-18    1.96e+00
   5        3.0680e-15   8.69e-18          3.0629e-15      3.67e-18    1.57e+00
   5        3.0582e-15   7.52e-18          3.0620e-15      3.30e-18    1.32e+00
rNLOq = (3.0620359e-15 +- 3.2965166e-18) pb
NLO = (6.6045467e-13 +- 2.9005085e-16) pb
#chisq/dof = 2.70987e-09
#status = success
#chisq/dof = 1.29415e-09
#status = success
#chisq/dof = 7.85085e-10
#status = success
#chisq/dof = 1.31496e-09
#status = success
#chisq/dof = 2.02696e-10
#status = success
#chisq/dof = 2.76081e-12
#status = success
#chisq/dof = 3.60744e-10
#status = success
#chisq/dof = 8.53081e-11
#status = success

*******************************************************
* threshold resummation (unimproved nnll) - expansion *
*******************************************************
The limits of integration are:

xl[0]=0.000000    xu[0]=1.000000
xl[1]=0.000000    xu[1]=1.000000
xl[2]=0.000000    xu[2]=1.000000

num_dim=3, calls=7000, it_num=1, max_it_num=5 verb=0, alph=1.50,
mode=0, bins=50, boxes=1

       single.......iteration                   accumulated......results   
iteration     integral    sigma             integral         sigma     chi-sq/it

   1        3.5759e-14   2.89e-14          3.5759e-14      2.89e-14    0.00e+00
   2        7.0805e-15   1.16e-14          1.1041e-14      1.08e-14    8.46e-01
   3        -1.6063e-15   1.06e-14          4.6351e-15      7.56e-15    7.73e-01
   4        2.8725e-14   1.06e-14          1.2790e-14      6.15e-15    1.66e+00
   5        6.8305e-15   1.06e-14          1.1287e-14      5.31e-15    1.31e+00

num_dim=3, calls=35000, it_num=1, max_it_num=5 verb=0, alph=1.50,
mode=0, bins=50, boxes=1

       single.......iteration                   accumulated......results   
iteration     integral    sigma             integral         sigma     chi-sq/it

   1        2.2408e-15   4.71e-15          2.2408e-15      4.71e-15    0.00e+00
   2        7.0601e-15   4.68e-15          4.6650e-15      3.32e-15    5.27e-01
   3        8.1564e-15   4.69e-15          5.8297e-15      2.71e-15    4.48e-01
   4        6.8364e-15   4.71e-15          6.0798e-15      2.35e-15    3.10e-01
   5        -2.9761e-15   4.69e-15          4.2669e-15      2.10e-15    9.77e-01
   5        5.7725e-16   4.68e-15          3.6496e-15      1.92e-15    8.85e-01
   5        3.3824e-15   4.71e-15          3.6116e-15      1.77e-15    7.38e-01
   5        1.7265e-15   4.69e-15          3.3757e-15      1.66e-15    6.53e-01
   5        6.0014e-16   4.70e-15          3.0682e-15      1.57e-15    6.10e-01
   5        1.3327e-15   4.69e-15          2.8945e-15      1.49e-15    5.56e-01
   5        1.1166e-16   4.70e-15          2.6422e-15      1.42e-15    5.32e-01
   5        3.1382e-16   4.70e-15          2.4484e-15      1.36e-15    5.04e-01
   5        1.4230e-15   4.70e-15          2.3698e-15      1.30e-15    4.66e-01
   5        1.0187e-14   4.72e-15          2.9231e-15      1.26e-15    6.26e-01
   5        1.9902e-15   4.73e-15          2.8618e-15      1.21e-15    5.84e-01
   5        4.2015e-15   4.72e-15          2.9450e-15      1.18e-15    5.50e-01
   5        -3.0785e-15   4.71e-15          2.5920e-15      1.14e-15    6.12e-01
   5        -4.5347e-15   4.72e-15          2.1989e-15      1.11e-15    7.02e-01
   5        9.1948e-15   4.72e-15          2.5654e-15      1.08e-15    7.79e-01
   5        6.5423e-15   4.76e-15          2.7597e-15      1.05e-15    7.73e-01
   5        -2.5261e-15   4.75e-15          2.5118e-15      1.03e-15    7.94e-01
   5        7.8795e-16   4.77e-15          2.4353e-15      1.00e-15    7.62e-01
   5        1.8151e-16   4.76e-15          2.3393e-15      9.83e-16    7.37e-01
   5        -4.6055e-18   4.79e-15          2.2447e-15      9.63e-16    7.15e-01
   5        -2.0398e-16   4.80e-15          2.1501e-15      9.44e-16    6.95e-01
   5        7.7025e-15   4.82e-15          2.3556e-15      9.27e-16    7.19e-01
   5        2.7252e-15   4.79e-15          2.3689e-15      9.10e-16    6.91e-01
   5        7.5247e-15   4.83e-15          2.5457e-15      8.94e-16    7.07e-01
   5        4.1050e-15   4.81e-15          2.5978e-15      8.79e-16    6.85e-01
   5        -1.2507e-15   4.87e-15          2.4764e-15      8.65e-16    6.82e-01
   5        2.2497e-15   4.87e-15          2.4694e-15      8.52e-16    6.60e-01
   5        8.8538e-15   4.84e-15          2.6615e-15      8.39e-16    6.93e-01
   5        1.5079e-15   4.90e-15          2.6286e-15      8.27e-16    6.73e-01
   5        1.2481e-16   4.91e-15          2.5597e-15      8.15e-16    6.60e-01
   5        1.3833e-15   4.93e-15          2.5283e-15      8.04e-16    6.42e-01
   5        8.7644e-15   4.95e-15          2.6884e-15      7.94e-16    6.68e-01
   5        -6.2964e-15   4.93e-15          2.4610e-15      7.84e-16    7.40e-01
   5        -3.2865e-15   4.97e-15          2.3215e-15      7.74e-16    7.55e-01
   5        5.4926e-15   4.96e-15          2.3969e-15      7.65e-16    7.46e-01
   5        -5.5409e-15   4.98e-15          2.2141e-15      7.56e-16    7.90e-01
   5        -7.4679e-15   5.03e-15          2.0003e-15      7.48e-16    8.61e-01
   5        -3.9872e-15   5.05e-15          1.8720e-15      7.40e-16    8.73e-01
   5        -3.0476e-15   5.10e-15          1.7707e-15      7.32e-16    8.74e-01
   5        -6.4743e-15   5.05e-15          1.6010e-15      7.24e-16    9.15e-01
   5        -2.8842e-16   5.13e-15          1.5641e-15      7.17e-16    8.97e-01
   5        -2.3988e-15   5.05e-15          1.4859e-15      7.10e-16    8.90e-01
   5        1.1303e-14   5.08e-15          1.6740e-15      7.03e-16    9.51e-01
   5        6.6434e-16   5.09e-15          1.6551e-15      6.97e-16    9.31e-01
   5        -1.6665e-15   5.02e-15          1.5923e-15      6.90e-16    9.21e-01
   5        -4.3209e-15   5.05e-15          1.4840e-15      6.84e-16    9.29e-01
   5        1.7692e-15   5.08e-15          1.4891e-15      6.78e-16    9.11e-01
   5        8.1296e-15   5.07e-15          1.6059e-15      6.72e-16    9.26e-01
   5        1.3955e-15   5.10e-15          1.6023e-15      6.66e-16    9.08e-01
   5        8.4615e-15   5.11e-15          1.7167e-15      6.60e-16    9.25e-01
   5        -4.8433e-16   5.11e-15          1.6806e-15      6.55e-16    9.11e-01
aNNLO+NNLL = (6.6213523e-13 +- 7.1624460e-16) pb

Results:
LO = (5.4617597e-13 +- 3.5109218e-16) pb
NLO = (6.6045467e-13 +- 2.9005085e-16) pb
aNNLO+NNLL = (6.6213523e-13 +- 7.1624460e-16) pb
Thanks for using LHAPDF 6.2.3. Please make sure to cite the paper:
  Eur.Phys.J. C75 (2015) 3, 132  (http://arxiv.org/abs/1412.7420)
 ====================================================
   FF 2.0, a package to evaluate one-loop integrals
 written by G. J. van Oldenborgh, NIKHEF-H, Amsterdam
 ====================================================
 for the algorithms used see preprint NIKHEF-H 89/17,
 'New Algorithms for One-loop Integrals', by G.J. van
 Oldenborgh and J.A.M. Vermaseren, published in 
 Zeitschrift fuer Physik C46(1990)425.
 ====================================================
 
total number of errors and warnings
===================================
fferr: no errors
 
