
  Welcome to Resummino git-latest
  Copyright 2008-2010 Jonathan Debove.
  Copyright 2011-2014 David R. Lamprea.
  Copyright 2011-2016 Marcel Rothering.

  Licensed under the EUPL 1.1 or later.
  See http://www.resummino.org/ for more information.

  If using Resummino for slepton pair production, please cite.
  - G. Bozzi, B. Fuks, M. Klasen, PRD 74, 015001 (2006); NPB 777, 157 (2007); NPB 794, 46 (2007).
  - B. Fuks, M. Klasen, D. R. Lamprea, M. Rothering, EPJC 73, 2480 (2013).

  For gaugino pair production, please cite:
  - J. Debove, B. Fuks, M. Klasen, PLB 688, 208 (2010); NPB 842, 51 (2011); NPB 849, 64 (2011).
  - B. Fuks, M. Klasen, D. R. Lamprea, M. Rothering, JHEP 1210, 081 (2012); EPJC 73, 2480 (2013).

  For associated gaugino gluino production, please cite:
  - B. Fuks, M. Klasen, M. Rothering, JHEP 07:053, (2016).
  - B. Fuks, M. Klasen, D. R. Lamprea, M. Rothering, EPJC 73, 2480 (2013).

LHAPDF 6.2.3 loading /pool/condor/dir_11210/resummino-releases/lhapdf-prefix/share/LHAPDF/PDF4LHC21_40/PDF4LHC21_40_0000.dat
PDF4LHC21_40 PDF set, member #0, version 1
 alpha_s(M_Z^2) = 0.1180 	 for LO PDF set 
 alpha_s(700.000^2) = 0.0903 	 for LO PDF set 

********************
* LO cross section *
********************
The limits of integration are:

xl[0]=0.000000    xu[0]=1.000000
xl[1]=0.000000    xu[1]=1.000000
xl[2]=0.000000    xu[2]=1.000000

num_dim=3, calls=2000, it_num=1, max_it_num=5 verb=0, alph=1.50,
mode=0, bins=50, boxes=1

       single.......iteration                   accumulated......results   
iteration     integral    sigma             integral         sigma     chi-sq/it

   1        1.0567e-12   3.57e-14          1.0567e-12      3.57e-14    0.00e+00
   2        1.1109e-12   1.20e-14          1.1054e-12      1.14e-14    2.08e+00
   3        1.1289e-12   6.17e-15          1.1236e-12      5.42e-15    2.68e+00
   4        1.1201e-12   5.66e-15          1.1219e-12      3.92e-15    1.85e+00
   5        1.1165e-12   5.90e-15          1.1202e-12      3.26e-15    1.54e+00

num_dim=3, calls=20000, it_num=1, max_it_num=5 verb=0, alph=1.50,
mode=0, bins=50, boxes=1

       single.......iteration                   accumulated......results   
iteration     integral    sigma             integral         sigma     chi-sq/it

   1        1.1187e-12   1.82e-15          1.1187e-12      1.82e-15    0.00e+00
   2        1.1189e-12   1.77e-15          1.1188e-12      1.27e-15    3.93e-03
   3        1.1220e-12   1.75e-15          1.1199e-12      1.03e-15    1.10e+00
   4        1.1216e-12   1.86e-15          1.1203e-12      8.99e-16    9.48e-01
   5        1.1161e-12   1.84e-15          1.1195e-12      8.08e-16    1.78e+00
   5        1.1189e-12   1.86e-15          1.1194e-12      7.41e-16    1.44e+00
LO = (1.1194187e-12 +- 7.4105375e-16) pb
LHAPDF 6.2.3 loading /pool/condor/dir_11210/resummino-releases/lhapdf-prefix/share/LHAPDF/PDF4LHC21_40/PDF4LHC21_40_0031.dat
PDF4LHC21_40 PDF set, member #31, version 1
 alpha_s(M_Z^2) = 0.1180 	 for NLO PDF set 
 alpha_s(700.000^2) = 0.0903 	 for NLO PDF set 

********************
* LO cross section *
********************
The limits of integration are:

xl[0]=0.000000    xu[0]=1.000000
xl[1]=0.000000    xu[1]=1.000000
xl[2]=0.000000    xu[2]=1.000000

num_dim=3, calls=2000, it_num=1, max_it_num=5 verb=0, alph=1.50,
mode=0, bins=50, boxes=1

       single.......iteration                   accumulated......results   
iteration     integral    sigma             integral         sigma     chi-sq/it

   1        1.0514e-12   3.56e-14          1.0514e-12      3.56e-14    0.00e+00
   2        1.1070e-12   1.21e-14          1.1012e-12      1.14e-14    2.18e+00
   3        1.1250e-12   6.29e-15          1.1195e-12      5.51e-15    2.75e+00
   4        1.1158e-12   5.86e-15          1.1177e-12      4.01e-15    1.91e+00
   5        1.1126e-12   6.06e-15          1.1162e-12      3.35e-15    1.56e+00

num_dim=3, calls=20000, it_num=1, max_it_num=5 verb=0, alph=1.50,
mode=0, bins=50, boxes=1

       single.......iteration                   accumulated......results   
iteration     integral    sigma             integral         sigma     chi-sq/it

   1        1.1147e-12   1.88e-15          1.1147e-12      1.88e-15    0.00e+00
   2        1.1153e-12   1.81e-15          1.1150e-12      1.30e-15    5.01e-02
   3        1.1183e-12   1.78e-15          1.1162e-12      1.05e-15    1.15e+00
   4        1.1176e-12   1.90e-15          1.1165e-12      9.21e-16    8.97e-01
   5        1.1119e-12   1.89e-15          1.1156e-12      8.28e-16    1.86e+00
   5        1.1152e-12   1.91e-15          1.1156e-12      7.60e-16    1.50e+00
   5        1.1173e-12   1.89e-15          1.1158e-12      7.05e-16    1.37e+00
   5        1.1146e-12   1.93e-15          1.1157e-12      6.62e-16    1.22e+00
   5        1.1144e-12   1.97e-15          1.1155e-12      6.27e-16    1.11e+00
   5        1.1133e-12   1.99e-15          1.1153e-12      5.98e-16    1.11e+00
   5        1.1146e-12   2.09e-15          1.1153e-12      5.75e-16    1.01e+00
   5        1.1147e-12   2.09e-15          1.1152e-12      5.55e-16    9.26e-01
   5        1.1169e-12   2.19e-15          1.1153e-12      5.38e-16    8.95e-01
   5        1.1135e-12   2.27e-15          1.1152e-12      5.23e-16    8.76e-01
   5        1.1154e-12   2.42e-15          1.1152e-12      5.11e-16    8.14e-01
   5        1.1143e-12   2.51e-15          1.1152e-12      5.01e-16    7.69e-01
   5        1.1125e-12   2.53e-15          1.1151e-12      4.91e-16    7.89e-01
   5        1.1187e-12   2.62e-15          1.1152e-12      4.83e-16    8.47e-01
   5        1.1180e-12   2.77e-15          1.1153e-12      4.76e-16    8.56e-01
   5        1.1182e-12   2.76e-15          1.1154e-12      4.69e-16    8.67e-01
   5        1.1128e-12   2.91e-15          1.1153e-12      4.63e-16    8.62e-01
   5        1.1147e-12   2.96e-15          1.1153e-12      4.57e-16    8.23e-01
   5        1.1179e-12   2.97e-15          1.1154e-12      4.52e-16    8.18e-01
   5        1.1151e-12   3.22e-15          1.1154e-12      4.48e-16    7.82e-01
   5        1.1187e-12   3.13e-15          1.1154e-12      4.43e-16    7.96e-01
   5        1.1150e-12   3.23e-15          1.1154e-12      4.39e-16    7.65e-01
   5        1.1213e-12   3.44e-15          1.1155e-12      4.35e-16    8.46e-01
   5        1.1154e-12   3.28e-15          1.1155e-12      4.32e-16    8.15e-01
   5        1.1145e-12   3.38e-15          1.1155e-12      4.28e-16    7.89e-01
   5        1.1182e-12   3.56e-15          1.1155e-12      4.25e-16    7.81e-01
   5        1.1159e-12   3.51e-15          1.1155e-12      4.22e-16    7.55e-01
   5        1.1147e-12   3.71e-15          1.1155e-12      4.19e-16    7.33e-01
   5        1.1195e-12   3.56e-15          1.1156e-12      4.16e-16    7.48e-01
   5        1.1129e-12   3.74e-15          1.1156e-12      4.14e-16    7.41e-01
   5        1.1117e-12   3.64e-15          1.1155e-12      4.11e-16    7.52e-01
   5        1.1204e-12   3.77e-15          1.1156e-12      4.09e-16    7.78e-01
   5        1.1035e-12   3.63e-15          1.1154e-12      4.06e-16    1.06e+00
   5        1.1099e-12   3.80e-15          1.1154e-12      4.04e-16    1.09e+00
   5        1.1185e-12   3.78e-15          1.1154e-12      4.02e-16    1.08e+00
   5        1.1158e-12   3.86e-15          1.1154e-12      4.00e-16    1.05e+00
   5        1.1184e-12   3.90e-15          1.1154e-12      3.97e-16    1.04e+00
   5        1.1154e-12   3.89e-15          1.1154e-12      3.95e-16    1.01e+00
   5        1.1255e-12   3.99e-15          1.1155e-12      3.93e-16    1.14e+00
   5        1.1176e-12   3.86e-15          1.1155e-12      3.91e-16    1.12e+00
   5        1.1130e-12   3.95e-15          1.1155e-12      3.90e-16    1.10e+00
   5        1.1148e-12   4.04e-15          1.1155e-12      3.88e-16    1.08e+00
   5        1.1212e-12   4.18e-15          1.1156e-12      3.86e-16    1.09e+00
   5        1.1069e-12   4.10e-15          1.1155e-12      3.84e-16    1.16e+00
   5        1.1248e-12   4.30e-15          1.1156e-12      3.83e-16    1.24e+00
   5        1.1226e-12   4.15e-15          1.1156e-12      3.81e-16    1.27e+00
   5        1.1150e-12   4.17e-15          1.1156e-12      3.80e-16    1.25e+00
   5        1.1060e-12   4.14e-15          1.1155e-12      3.78e-16    1.33e+00
   5        1.1149e-12   4.22e-15          1.1155e-12      3.77e-16    1.30e+00
   5        1.1181e-12   4.45e-15          1.1155e-12      3.75e-16    1.28e+00
   5        1.1216e-12   4.19e-15          1.1156e-12      3.74e-16    1.30e+00
LO = (1.1155953e-12 +- 3.7370205e-16) pb

*******************************************
* virtual corrections + integrated dipole *
*******************************************
The limits of integration are:

xl[0]=0.000000    xu[0]=1.000000
xl[1]=0.000000    xu[1]=1.000000
xl[2]=0.000000    xu[2]=1.000000

num_dim=3, calls=240, it_num=1, max_it_num=5 verb=0, alph=1.50,
mode=0, bins=50, boxes=1

       single.......iteration                   accumulated......results   
iteration     integral    sigma             integral         sigma     chi-sq/it

   1        1.3355e-13   1.37e-14          1.3355e-13      1.37e-14    0.00e+00
   2        1.3839e-13   6.99e-15          1.3739e-13      6.23e-15    9.91e-02
   3        1.5414e-13   4.33e-15          1.4868e-13      3.56e-15    2.49e+00
   4        1.5241e-13   2.74e-15          1.5102e-13      2.17e-15    1.89e+00
   5        1.5534e-13   3.56e-15          1.5219e-13      1.85e-15    1.68e+00

num_dim=3, calls=1200, it_num=1, max_it_num=3 verb=0, alph=1.50,
mode=0, bins=50, boxes=1

       single.......iteration                   accumulated......results   
iteration     integral    sigma             integral         sigma     chi-sq/it

   1        1.4738e-13   1.46e-15          1.4738e-13      1.46e-15    0.00e+00
   2        1.5089e-13   1.17e-15          1.4952e-13      9.14e-16    3.51e+00
   3        1.4970e-13   1.09e-15          1.4960e-13      7.01e-16    1.76e+00
   3        1.5163e-13   1.03e-15          1.5024e-13      5.79e-16    2.07e+00
   3        1.4899e-13   1.10e-15          1.4997e-13      5.12e-16    1.80e+00
   3        1.5046e-13   1.05e-15          1.5006e-13      4.61e-16    1.48e+00
   3        1.4940e-13   1.19e-15          1.4998e-13      4.30e-16    1.28e+00
   3        1.5100e-13   1.14e-15          1.5011e-13      4.02e-16    1.20e+00
   3        1.5045e-13   1.09e-15          1.5015e-13      3.77e-16    1.06e+00
   3        1.4961e-13   1.12e-15          1.5009e-13      3.57e-16    9.62e-01
vNLO = (1.5009279e-13 +- 3.5739897e-16) pb

*****************************
* collinear remainder (P+K) *
*****************************
The limits of integration are:

xl[0]=0.000000    xu[0]=1.000000
xl[1]=0.000000    xu[1]=1.000000
xl[2]=0.000000    xu[2]=1.000000
xl[3]=0.000000    xu[3]=1.000000

num_dim=4, calls=2500, it_num=1, max_it_num=5 verb=0, alph=1.50,
mode=0, bins=50, boxes=1

       single.......iteration                   accumulated......results   
iteration     integral    sigma             integral         sigma     chi-sq/it

   1        8.8124e-14   8.09e-15          8.8124e-14      8.09e-15    0.00e+00
   2        8.7852e-14   3.44e-15          8.7894e-14      3.17e-15    9.60e-04
   3        8.9696e-14   3.02e-15          8.8838e-14      2.19e-15    8.53e-02
   4        9.1937e-14   2.85e-15          8.9987e-14      1.73e-15    3.06e-01
   5        9.4159e-14   2.87e-15          9.1102e-14      1.48e-15    6.16e-01

num_dim=4, calls=25000, it_num=1, max_it_num=3 verb=0, alph=1.50,
mode=0, bins=50, boxes=1

       single.......iteration                   accumulated......results   
iteration     integral    sigma             integral         sigma     chi-sq/it

   1        9.3408e-14   9.06e-16          9.3408e-14      9.06e-16    0.00e+00
   2        9.2943e-14   8.99e-16          9.3174e-14      6.38e-16    1.33e-01
   3        9.0945e-14   9.03e-16          9.2432e-14      5.21e-16    2.10e+00
   3        9.2354e-14   9.04e-16          9.2412e-14      4.51e-16    1.40e+00
   3        9.0922e-14   9.05e-16          9.2115e-14      4.04e-16    1.59e+00
   3        9.1231e-14   9.01e-16          9.1967e-14      3.69e-16    1.43e+00
P+K = (9.1967363e-14 +- 3.6862181e-16) pb

********************************
* real gluon emission - dipole *
********************************
The limits of integration are:

xl[0]=0.000000    xu[0]=1.000000
xl[1]=0.000000    xu[1]=1.000000
xl[2]=0.000000    xu[2]=1.000000
xl[3]=0.000000    xu[3]=1.000000
xl[4]=0.000000    xu[4]=1.000000
xl[5]=0.000000    xu[5]=1.000000

num_dim=6, calls=250, it_num=1, max_it_num=5 verb=0, alph=1.50,
mode=0, bins=50, boxes=1

       single.......iteration                   accumulated......results   
iteration     integral    sigma             integral         sigma     chi-sq/it

   1        -3.2755e-15   1.08e-15          -3.2755e-15      1.08e-15    0.00e+00
   2        -3.8451e-15   8.72e-16          -3.6203e-15      6.79e-16    1.68e-01
   3        -2.3126e-15   2.53e-16          -2.4724e-15      2.37e-16    1.71e+00
   4        -2.9659e-15   2.60e-16          -2.6965e-15      1.75e-16    1.80e+00
   5        -3.0561e-15   2.30e-16          -2.8287e-15      1.39e-16    1.74e+00

num_dim=6, calls=2500, it_num=1, max_it_num=3 verb=0, alph=1.50,
mode=0, bins=50, boxes=1

       single.......iteration                   accumulated......results   
iteration     integral    sigma             integral         sigma     chi-sq/it

   1        -2.8293e-15   6.25e-17          -2.8293e-15      6.25e-17    0.00e+00
   2        -2.8042e-15   3.87e-17          -2.8112e-15      3.29e-17    1.16e-01
   3        -2.8529e-15   4.27e-17          -2.8268e-15      2.61e-17    3.58e-01
   3        -2.8231e-15   3.95e-17          -2.8257e-15      2.17e-17    2.41e-01
   3        -2.8122e-15   3.34e-17          -2.8216e-15      1.82e-17    2.09e-01
   3        -2.8102e-15   3.11e-17          -2.8187e-15      1.57e-17    1.87e-01
   3        -2.8326e-15   3.12e-17          -2.8215e-15      1.40e-17    1.82e-01
   3        -2.8306e-15   2.98e-17          -2.8232e-15      1.27e-17    1.67e-01
   3        -2.8442e-15   3.09e-17          -2.8262e-15      1.18e-17    1.96e-01
   3        -2.8485e-15   3.04e-17          -2.8291e-15      1.10e-17    2.26e-01
   3        -2.8166e-15   3.00e-17          -2.8276e-15      1.03e-17    2.19e-01
   3        -2.8229e-15   3.13e-17          -2.8272e-15      9.78e-18    2.01e-01
   3        -2.8308e-15   3.03e-17          -2.8275e-15      9.31e-18    1.85e-01
   3        -2.8594e-15   3.04e-17          -2.8302e-15      8.90e-18    2.48e-01
   3        -2.7945e-15   3.00e-17          -2.8273e-15      8.53e-18    3.24e-01
   3        -2.8313e-15   3.37e-17          -2.8276e-15      8.27e-18    3.03e-01
   3        -2.8063e-15   3.28e-17          -2.8263e-15      8.02e-18    3.09e-01
   3        -2.7993e-15   3.02e-17          -2.8245e-15      7.75e-18    3.35e-01
   3        -2.8196e-15   3.13e-17          -2.8242e-15      7.53e-18    3.17e-01
   3        -2.7807e-15   3.16e-17          -2.8219e-15      7.32e-18    3.95e-01
   3        -2.7797e-15   3.08e-17          -2.8196e-15      7.12e-18    4.64e-01
   3        -2.7983e-15   3.08e-17          -2.8186e-15      6.94e-18    4.64e-01
   3        -2.7698e-15   3.09e-17          -2.8162e-15      6.77e-18    5.51e-01
rNLOg = (-2.8162149e-15 +- 6.7702605e-18) pb

**************************************************
* real light quark emission - dipole - (onshell) *
**************************************************
The limits of integration are:

xl[0]=0.000000    xu[0]=1.000000
xl[1]=0.000000    xu[1]=1.000000
xl[2]=0.000000    xu[2]=1.000000
xl[3]=0.000000    xu[3]=1.000000
xl[4]=0.000000    xu[4]=1.000000
xl[5]=0.000000    xu[5]=1.000000

num_dim=6, calls=5000, it_num=1, max_it_num=5 verb=0, alph=1.50,
mode=0, bins=50, boxes=1

       single.......iteration                   accumulated......results   
iteration     integral    sigma             integral         sigma     chi-sq/it

   1        7.6033e-15   6.21e-16          7.6033e-15      6.21e-16    0.00e+00
   2        8.0936e-15   1.83e-16          8.0543e-15      1.76e-16    5.74e-01
   3        7.8106e-15   8.80e-17          7.8595e-15      7.87e-17    1.06e+00
   4        7.6951e-15   6.81e-17          7.7655e-15      5.15e-17    1.54e+00
   5        7.7809e-15   6.15e-17          7.7719e-15      3.95e-17    1.16e+00

num_dim=6, calls=50000, it_num=1, max_it_num=5 verb=0, alph=1.50,
mode=0, bins=50, boxes=1

       single.......iteration                   accumulated......results   
iteration     integral    sigma             integral         sigma     chi-sq/it

   1        7.7476e-15   1.88e-17          7.7476e-15      1.88e-17    0.00e+00
   2        7.7997e-15   2.26e-17          7.7689e-15      1.45e-17    3.13e+00
   3        7.8230e-15   2.35e-17          7.7838e-15      1.23e-17    3.49e+00
   4        7.7809e-15   2.20e-17          7.7831e-15      1.07e-17    2.33e+00
   5        7.7988e-15   2.33e-17          7.7858e-15      9.75e-18    1.84e+00
   5        7.7756e-15   2.03e-17          7.7839e-15      8.79e-18    1.52e+00
   5        7.7511e-15   1.82e-17          7.7777e-15      7.91e-18    1.70e+00
   5        7.7969e-15   1.80e-17          7.7808e-15      7.25e-18    1.60e+00
   5        7.8276e-15   2.04e-17          7.7861e-15      6.83e-18    1.98e+00
   5        7.8287e-15   2.14e-17          7.7900e-15      6.50e-18    2.17e+00
   5        7.8304e-15   1.92e-17          7.7942e-15      6.16e-18    2.35e+00
   5        7.7741e-15   2.53e-17          7.7930e-15      5.99e-18    2.19e+00
   5        7.8451e-15   2.35e-17          7.7962e-15      5.80e-18    2.39e+00
   5        7.8110e-15   2.08e-17          7.7973e-15      5.59e-18    2.24e+00
   5        7.7833e-15   1.97e-17          7.7962e-15      5.38e-18    2.11e+00
   5        7.7831e-15   2.05e-17          7.7954e-15      5.20e-18    2.00e+00
   5        7.8016e-15   1.94e-17          7.7958e-15      5.02e-18    1.88e+00
   5        7.7974e-15   2.20e-17          7.7959e-15      4.90e-18    1.77e+00
   5        7.7527e-15   2.09e-17          7.7936e-15      4.77e-18    1.89e+00
   5        7.8119e-15   2.05e-17          7.7946e-15      4.64e-18    1.83e+00
   5        7.7691e-15   2.05e-17          7.7933e-15      4.53e-18    1.82e+00
   5        7.7833e-15   2.04e-17          7.7929e-15      4.42e-18    1.74e+00
   5        7.8381e-15   4.31e-17          7.7933e-15      4.40e-18    1.71e+00
   5        7.7453e-15   3.64e-17          7.7926e-15      4.37e-18    1.71e+00
   5        7.7725e-15   2.35e-17          7.7920e-15      4.29e-18    1.67e+00
   5        7.8258e-15   2.83e-17          7.7927e-15      4.24e-18    1.66e+00
   5        7.8730e-15   5.66e-17          7.7932e-15      4.23e-18    1.67e+00
   5        7.8045e-15   4.37e-17          7.7933e-15      4.21e-18    1.61e+00
   5        7.7536e-15   2.62e-17          7.7923e-15      4.16e-18    1.63e+00
   5        7.8047e-15   2.18e-17          7.7927e-15      4.09e-18    1.59e+00
   5        7.7944e-15   2.01e-17          7.7928e-15      4.00e-18    1.54e+00
   5        7.8082e-15   1.96e-17          7.7934e-15      3.92e-18    1.51e+00
   5        7.7929e-15   2.04e-17          7.7934e-15      3.85e-18    1.46e+00
rNLOq = (7.7933865e-15 +- 3.8521037e-18) pb
NLO = (1.3626326e-12 +- 6.3508264e-16) pb
#chisq/dof = 2.12232e-09
#status = success
#chisq/dof = 3.40523e-09
#status = success
#chisq/dof = 1.07035e-09
#status = success
#chisq/dof = 2.34909e-09
#status = success
#chisq/dof = 1.28686e-10
#status = success
#chisq/dof = 2.60266e-12
#status = success
#chisq/dof = 4.11864e-10
#status = success
#chisq/dof = 7.90437e-11
#status = success

*******************************************************
* threshold resummation (unimproved nnll) - expansion *
*******************************************************
The limits of integration are:

xl[0]=0.000000    xu[0]=1.000000
xl[1]=0.000000    xu[1]=1.000000
xl[2]=0.000000    xu[2]=1.000000

num_dim=3, calls=7000, it_num=1, max_it_num=5 verb=0, alph=1.50,
mode=0, bins=50, boxes=1

       single.......iteration                   accumulated......results   
iteration     integral    sigma             integral         sigma     chi-sq/it

   1        2.0261e-14   9.02e-14          2.0261e-14      9.02e-14    0.00e+00
   2        -8.8581e-15   3.68e-14          -4.6984e-15      3.41e-14    8.93e-02
   3        2.1348e-14   3.41e-14          8.3131e-15      2.41e-14    1.90e-01
   4        8.5095e-14   3.39e-14          3.4096e-14      1.97e-14    1.26e+00
   5        4.7477e-14   3.37e-14          3.7496e-14      1.70e-14    9.75e-01

num_dim=3, calls=35000, it_num=1, max_it_num=5 verb=0, alph=1.50,
mode=0, bins=50, boxes=1

       single.......iteration                   accumulated......results   
iteration     integral    sigma             integral         sigma     chi-sq/it

   1        -3.4364e-15   1.50e-14          -3.4364e-15      1.50e-14    0.00e+00
   2        -3.1017e-15   1.49e-14          -3.2685e-15      1.06e-14    2.51e-04
   3        -1.7695e-14   1.50e-14          -8.0507e-15      8.63e-15    3.09e-01
   4        6.2561e-15   1.50e-14          -4.4911e-15      7.48e-15    4.34e-01
   5        -8.5824e-15   1.50e-14          -5.3095e-15      6.69e-15    3.40e-01
   5        -9.7829e-15   1.49e-14          -6.0609e-15      6.11e-15    2.87e-01
   5        1.4040e-14   1.50e-14          -3.2156e-15      5.66e-15    4.95e-01
   5        -2.3691e-14   1.50e-14          -5.7615e-15      5.29e-15    6.57e-01
   5        -7.4929e-17   1.50e-14          -5.1351e-15      4.99e-15    5.91e-01
   5        -1.7152e-14   1.50e-14          -6.3295e-15      4.74e-15    5.89e-01
   5        -1.8987e-14   1.50e-14          -7.4781e-15      4.52e-15    5.95e-01
   5        -6.6724e-15   1.51e-14          -7.4118e-15      4.33e-15    5.41e-01
   5        1.2420e-15   1.51e-14          -6.7532e-15      4.16e-15    5.21e-01
   5        2.8964e-14   1.51e-14          -4.2279e-15      4.01e-15    8.82e-01
   5        -1.1328e-14   1.52e-14          -4.6899e-15      3.88e-15    8.34e-01
   5        -1.7934e-16   1.51e-14          -4.4108e-15      3.76e-15    7.84e-01
   5        -4.8061e-15   1.51e-14          -4.4338e-15      3.65e-15    7.35e-01
   5        -4.2066e-14   1.51e-14          -6.5091e-15      3.54e-15    1.04e+00
   5        3.7746e-15   1.51e-14          -5.9751e-15      3.45e-15    1.00e+00
   5        -4.9215e-15   1.53e-14          -5.9238e-15      3.37e-15    9.51e-01
   5        -5.8475e-15   1.52e-14          -5.9202e-15      3.29e-15    9.04e-01
   5        -1.6994e-14   1.53e-14          -6.4107e-15      3.21e-15    8.85e-01
   5        -1.0030e-16   1.53e-14          -6.1454e-15      3.14e-15    8.52e-01
   5        -4.5238e-15   1.54e-14          -6.0802e-15      3.08e-15    8.15e-01
   5        -6.2359e-15   1.54e-14          -6.0862e-15      3.02e-15    7.81e-01
   5        1.4285e-14   1.54e-14          -5.3315e-15      2.96e-15    8.17e-01
   5        -6.2348e-15   1.53e-14          -5.3643e-15      2.91e-15    7.86e-01
   5        9.5062e-15   1.54e-14          -4.8538e-15      2.86e-15    7.90e-01
   5        3.8266e-15   1.55e-14          -4.5666e-15      2.81e-15    7.73e-01
   5        1.3987e-15   1.55e-14          -4.3766e-15      2.77e-15    7.51e-01
   5        7.8526e-15   1.55e-14          -3.9974e-15      2.72e-15    7.46e-01
   5        1.5524e-14   1.56e-14          -3.4205e-15      2.68e-15    7.71e-01
   5        -1.5330e-14   1.57e-14          -3.7593e-15      2.64e-15    7.65e-01
   5        1.9122e-14   1.57e-14          -3.1306e-15      2.61e-15    8.04e-01
   5        -1.5198e-14   1.58e-14          -3.4516e-15      2.57e-15    7.97e-01
   5        1.9176e-14   1.59e-14          -2.8747e-15      2.54e-15    8.31e-01
   5        -2.7780e-14   1.59e-14          -3.4908e-15      2.51e-15    8.74e-01
   5        3.0187e-15   1.58e-14          -3.3309e-15      2.48e-15    8.54e-01
   5        1.0380e-15   1.59e-14          -3.2272e-15      2.45e-15    8.34e-01
   5        -2.4077e-15   1.60e-14          -3.2084e-15      2.42e-15    8.13e-01
   5        -1.2555e-14   1.61e-14          -3.4147e-15      2.39e-15    8.01e-01
   5        -2.0571e-14   1.63e-14          -3.7755e-15      2.37e-15    8.07e-01
   5        7.2092e-15   1.62e-14          -3.5472e-15      2.34e-15    7.99e-01
   5        -1.7297e-14   1.63e-14          -3.8269e-15      2.32e-15    7.97e-01
   5        -6.7451e-15   1.63e-14          -3.8844e-15      2.30e-15    7.79e-01
   5        -1.1504e-14   1.61e-14          -4.0357e-15      2.27e-15    7.67e-01
   5        8.4364e-15   1.63e-14          -3.7971e-15      2.25e-15    7.63e-01
   5        1.1849e-14   1.63e-14          -3.5037e-15      2.23e-15    7.66e-01
   5        -9.6040e-15   1.64e-14          -3.6140e-15      2.21e-15    7.53e-01
   5        -2.3210e-14   1.65e-14          -3.9584e-15      2.19e-15    7.65e-01
   5        6.7513e-15   1.65e-14          -3.7727e-15      2.17e-15    7.58e-01
   5        1.8055e-14   1.66e-14          -3.4050e-15      2.15e-15    7.77e-01
   5        -9.4620e-15   1.68e-14          -3.5031e-15      2.13e-15    7.64e-01
   5        2.1681e-14   1.66e-14          -3.0921e-15      2.12e-15    7.93e-01
   5        4.4441e-15   1.66e-14          -2.9720e-15      2.10e-15    7.82e-01
aNNLO+NNLL = (1.3596606e-12 +- 2.1940184e-15) pb

Results:
LO = (1.1194187e-12 +- 7.4105375e-16) pb
NLO = (1.3626326e-12 +- 6.3508264e-16) pb
aNNLO+NNLL = (1.3596606e-12 +- 2.1940184e-15) pb
Thanks for using LHAPDF 6.2.3. Please make sure to cite the paper:
  Eur.Phys.J. C75 (2015) 3, 132  (http://arxiv.org/abs/1412.7420)
 ====================================================
   FF 2.0, a package to evaluate one-loop integrals
 written by G. J. van Oldenborgh, NIKHEF-H, Amsterdam
 ====================================================
 for the algorithms used see preprint NIKHEF-H 89/17,
 'New Algorithms for One-loop Integrals', by G.J. van
 Oldenborgh and J.A.M. Vermaseren, published in 
 Zeitschrift fuer Physik C46(1990)425.
 ====================================================
 
total number of errors and warnings
===================================
fferr: no errors
 
