
  Welcome to Resummino git-latest
  Copyright 2008-2010 Jonathan Debove.
  Copyright 2011-2014 David R. Lamprea.
  Copyright 2011-2016 Marcel Rothering.

  Licensed under the EUPL 1.1 or later.
  See http://www.resummino.org/ for more information.

  If using Resummino for slepton pair production, please cite.
  - G. Bozzi, B. Fuks, M. Klasen, PRD 74, 015001 (2006); NPB 777, 157 (2007); NPB 794, 46 (2007).
  - B. Fuks, M. Klasen, D. R. Lamprea, M. Rothering, EPJC 73, 2480 (2013).

  For gaugino pair production, please cite:
  - J. Debove, B. Fuks, M. Klasen, PLB 688, 208 (2010); NPB 842, 51 (2011); NPB 849, 64 (2011).
  - B. Fuks, M. Klasen, D. R. Lamprea, M. Rothering, JHEP 1210, 081 (2012); EPJC 73, 2480 (2013).

  For associated gaugino gluino production, please cite:
  - B. Fuks, M. Klasen, M. Rothering, JHEP 07:053, (2016).
  - B. Fuks, M. Klasen, D. R. Lamprea, M. Rothering, EPJC 73, 2480 (2013).

LHAPDF 6.2.3 loading /pool/condor/dir_3454/resummino-releases/lhapdf-prefix/share/LHAPDF/PDF4LHC21_40/PDF4LHC21_40_0000.dat
PDF4LHC21_40 PDF set, member #0, version 1
 alpha_s(M_Z^2) = 0.1180 	 for LO PDF set 
 alpha_s(400.000^2) = 0.0965 	 for LO PDF set 

********************
* LO cross section *
********************
The limits of integration are:

xl[0]=0.000000    xu[0]=1.000000
xl[1]=0.000000    xu[1]=1.000000
xl[2]=0.000000    xu[2]=1.000000

num_dim=3, calls=2000, it_num=1, max_it_num=5 verb=0, alph=1.50,
mode=0, bins=50, boxes=1

       single.......iteration                   accumulated......results   
iteration     integral    sigma             integral         sigma     chi-sq/it

   1        3.3243e-12   1.11e-13          3.3243e-12      1.11e-13    0.00e+00
   2        3.4314e-12   3.61e-14          3.4212e-12      3.44e-14    8.38e-01
   3        3.4965e-12   1.98e-14          3.4777e-12      1.72e-14    2.22e+00
   4        3.4721e-12   1.83e-14          3.4751e-12      1.25e-14    1.50e+00
   5        3.4558e-12   1.92e-14          3.4694e-12      1.05e-14    1.30e+00

num_dim=3, calls=20000, it_num=1, max_it_num=5 verb=0, alph=1.50,
mode=0, bins=50, boxes=1

       single.......iteration                   accumulated......results   
iteration     integral    sigma             integral         sigma     chi-sq/it

   1        3.4666e-12   5.91e-15          3.4666e-12      5.91e-15    0.00e+00
   2        3.4670e-12   5.75e-15          3.4668e-12      4.12e-15    1.87e-03
   3        3.4791e-12   5.73e-15          3.4710e-12      3.35e-15    1.53e+00
   4        3.4765e-12   6.03e-15          3.4723e-12      2.93e-15    1.23e+00
   5        3.4585e-12   5.95e-15          3.4696e-12      2.63e-15    2.00e+00
   5        3.4681e-12   6.03e-15          3.4694e-12      2.41e-15    1.61e+00
   5        3.4736e-12   6.05e-15          3.4700e-12      2.24e-15    1.42e+00
LO = (3.4699510e-12 +- 2.2373376e-15) pb
LHAPDF 6.2.3 loading /pool/condor/dir_3454/resummino-releases/lhapdf-prefix/share/LHAPDF/PDF4LHC21_40/PDF4LHC21_40_0037.dat
PDF4LHC21_40 PDF set, member #37, version 1
 alpha_s(M_Z^2) = 0.1180 	 for NLO PDF set 
 alpha_s(400.000^2) = 0.0965 	 for NLO PDF set 

********************
* LO cross section *
********************
The limits of integration are:

xl[0]=0.000000    xu[0]=1.000000
xl[1]=0.000000    xu[1]=1.000000
xl[2]=0.000000    xu[2]=1.000000

num_dim=3, calls=2000, it_num=1, max_it_num=5 verb=0, alph=1.50,
mode=0, bins=50, boxes=1

       single.......iteration                   accumulated......results   
iteration     integral    sigma             integral         sigma     chi-sq/it

   1        3.3709e-12   1.12e-13          3.3709e-12      1.12e-13    0.00e+00
   2        3.4806e-12   3.65e-14          3.4700e-12      3.47e-14    8.70e-01
   3        3.5459e-12   2.00e-14          3.5270e-12      1.73e-14    2.23e+00
   4        3.5223e-12   1.85e-14          3.5248e-12      1.26e-14    1.50e+00
   5        3.5071e-12   1.94e-14          3.5195e-12      1.06e-14    1.27e+00

num_dim=3, calls=20000, it_num=1, max_it_num=5 verb=0, alph=1.50,
mode=0, bins=50, boxes=1

       single.......iteration                   accumulated......results   
iteration     integral    sigma             integral         sigma     chi-sq/it

   1        3.5162e-12   5.94e-15          3.5162e-12      5.94e-15    0.00e+00
   2        3.5168e-12   5.78e-15          3.5165e-12      4.14e-15    3.87e-03
   3        3.5290e-12   5.74e-15          3.5208e-12      3.36e-15    1.55e+00
   4        3.5262e-12   6.05e-15          3.5220e-12      2.94e-15    1.24e+00
   5        3.5082e-12   5.98e-15          3.5193e-12      2.64e-15    2.01e+00
   5        3.5182e-12   6.06e-15          3.5192e-12      2.42e-15    1.62e+00
   5        3.5237e-12   6.05e-15          3.5198e-12      2.24e-15    1.43e+00
   5        3.5160e-12   6.13e-15          3.5193e-12      2.11e-15    1.27e+00
   5        3.5144e-12   6.31e-15          3.5188e-12      2.00e-15    1.19e+00
   5        3.5107e-12   6.40e-15          3.5181e-12      1.91e-15    1.22e+00
   5        3.5167e-12   6.71e-15          3.5180e-12      1.84e-15    1.10e+00
   5        3.5138e-12   6.71e-15          3.5177e-12      1.77e-15    1.03e+00
   5        3.5241e-12   7.06e-15          3.5181e-12      1.72e-15    1.01e+00
   5        3.5123e-12   7.28e-15          3.5178e-12      1.67e-15    9.79e-01
   5        3.5174e-12   7.76e-15          3.5178e-12      1.63e-15    9.10e-01
   5        3.5133e-12   8.02e-15          3.5176e-12      1.60e-15    8.69e-01
   5        3.5097e-12   8.10e-15          3.5173e-12      1.57e-15    8.72e-01
   5        3.5293e-12   8.39e-15          3.5177e-12      1.54e-15    9.37e-01
   5        3.5281e-12   8.90e-15          3.5180e-12      1.52e-15    9.59e-01
   5        3.5296e-12   8.87e-15          3.5183e-12      1.50e-15    9.95e-01
   5        3.5112e-12   9.23e-15          3.5182e-12      1.48e-15    9.74e-01
   5        3.5174e-12   9.38e-15          3.5181e-12      1.46e-15    9.28e-01
   5        3.5246e-12   9.48e-15          3.5183e-12      1.44e-15    9.07e-01
   5        3.5157e-12   1.02e-14          3.5182e-12      1.43e-15    8.70e-01
   5        3.5307e-12   9.91e-15          3.5185e-12      1.42e-15    8.98e-01
   5        3.5185e-12   1.02e-14          3.5185e-12      1.40e-15    8.62e-01
   5        3.5368e-12   1.08e-14          3.5188e-12      1.39e-15    9.39e-01
   5        3.5203e-12   1.03e-14          3.5188e-12      1.38e-15    9.05e-01
   5        3.5160e-12   1.07e-14          3.5188e-12      1.37e-15    8.75e-01
   5        3.5280e-12   1.13e-14          3.5189e-12      1.36e-15    8.68e-01
   5        3.5176e-12   1.10e-14          3.5189e-12      1.35e-15    8.39e-01
   5        3.5165e-12   1.16e-14          3.5189e-12      1.34e-15    8.13e-01
   5        3.5330e-12   1.10e-14          3.5191e-12      1.33e-15    8.38e-01
   5        3.5098e-12   1.15e-14          3.5189e-12      1.32e-15    8.32e-01
   5        3.5080e-12   1.12e-14          3.5188e-12      1.31e-15    8.35e-01
   5        3.5348e-12   1.16e-14          3.5190e-12      1.30e-15    8.65e-01
   5        3.4826e-12   1.12e-14          3.5185e-12      1.29e-15    1.13e+00
   5        3.5031e-12   1.17e-14          3.5183e-12      1.29e-15    1.15e+00
   5        3.5290e-12   1.16e-14          3.5184e-12      1.28e-15    1.14e+00
   5        3.5208e-12   1.19e-14          3.5185e-12      1.27e-15    1.11e+00
   5        3.5293e-12   1.20e-14          3.5186e-12      1.26e-15    1.10e+00
   5        3.5212e-12   1.20e-14          3.5186e-12      1.26e-15    1.08e+00
   5        3.5470e-12   1.22e-14          3.5189e-12      1.25e-15    1.18e+00
   5        3.5249e-12   1.19e-14          3.5190e-12      1.24e-15    1.16e+00
   5        3.5103e-12   1.23e-14          3.5189e-12      1.24e-15    1.14e+00
   5        3.5165e-12   1.26e-14          3.5189e-12      1.23e-15    1.12e+00
   5        3.5364e-12   1.30e-14          3.5190e-12      1.22e-15    1.13e+00
   5        3.4923e-12   1.27e-14          3.5188e-12      1.22e-15    1.20e+00
   5        3.5471e-12   1.33e-14          3.5190e-12      1.21e-15    1.27e+00
   5        3.5412e-12   1.28e-14          3.5192e-12      1.21e-15    1.31e+00
   5        3.5166e-12   1.29e-14          3.5192e-12      1.20e-15    1.28e+00
   5        3.4878e-12   1.28e-14          3.5189e-12      1.20e-15    1.37e+00
   5        3.5184e-12   1.30e-14          3.5189e-12      1.19e-15    1.35e+00
   5        3.5239e-12   1.37e-14          3.5190e-12      1.19e-15    1.32e+00
   5        3.5404e-12   1.29e-14          3.5191e-12      1.18e-15    1.35e+00
LO = (3.5191337e-12 +- 1.1835655e-15) pb

*******************************************
* virtual corrections + integrated dipole *
*******************************************
The limits of integration are:

xl[0]=0.000000    xu[0]=1.000000
xl[1]=0.000000    xu[1]=1.000000
xl[2]=0.000000    xu[2]=1.000000

num_dim=3, calls=240, it_num=1, max_it_num=5 verb=0, alph=1.50,
mode=0, bins=50, boxes=1

       single.......iteration                   accumulated......results   
iteration     integral    sigma             integral         sigma     chi-sq/it

   1        4.6527e-13   4.73e-14          4.6527e-13      4.73e-14    0.00e+00
   2        4.6837e-13   2.30e-14          4.6777e-13      2.07e-14    3.46e-03
   3        5.0827e-13   1.32e-14          4.9651e-13      1.11e-14    1.36e+00
   4        5.0205e-13   9.10e-15          4.9983e-13      7.05e-15    9.58e-01
   5        5.2447e-13   1.14e-14          5.0661e-13      6.00e-15    1.56e+00

num_dim=3, calls=1200, it_num=1, max_it_num=3 verb=0, alph=1.50,
mode=0, bins=50, boxes=1

       single.......iteration                   accumulated......results   
iteration     integral    sigma             integral         sigma     chi-sq/it

   1        4.9641e-13   4.84e-15          4.9641e-13      4.84e-15    0.00e+00
   2        5.0767e-13   4.01e-15          5.0309e-13      3.09e-15    3.21e+00
   3        5.0390e-13   3.69e-15          5.0342e-13      2.37e-15    1.62e+00
   3        5.1150e-13   3.61e-15          5.0585e-13      1.98e-15    2.25e+00
   3        5.0197e-13   3.70e-15          5.0499e-13      1.75e-15    1.90e+00
   3        5.0707e-13   3.60e-15          5.0539e-13      1.57e-15    1.57e+00
   3        5.0216e-13   4.10e-15          5.0497e-13      1.47e-15    1.40e+00
   3        5.0911e-13   3.87e-15          5.0549e-13      1.37e-15    1.34e+00
   3        5.0725e-13   3.67e-15          5.0571e-13      1.28e-15    1.20e+00
   3        5.0466e-13   3.80e-15          5.0560e-13      1.22e-15    1.08e+00
   3        5.0185e-13   3.89e-15          5.0526e-13      1.16e-15    1.05e+00
   3        5.0401e-13   3.79e-15          5.0516e-13      1.11e-15    9.65e-01
vNLO = (5.0515706e-13 +- 1.1107122e-15) pb

*****************************
* collinear remainder (P+K) *
*****************************
The limits of integration are:

xl[0]=0.000000    xu[0]=1.000000
xl[1]=0.000000    xu[1]=1.000000
xl[2]=0.000000    xu[2]=1.000000
xl[3]=0.000000    xu[3]=1.000000

num_dim=4, calls=2500, it_num=1, max_it_num=5 verb=0, alph=1.50,
mode=0, bins=50, boxes=1

       single.......iteration                   accumulated......results   
iteration     integral    sigma             integral         sigma     chi-sq/it

   1        1.7817e-13   2.38e-14          1.7817e-13      2.38e-14    0.00e+00
   2        1.6564e-13   1.16e-14          1.6805e-13      1.04e-14    2.25e-01
   3        1.7012e-13   1.02e-14          1.6910e-13      7.29e-15    1.22e-01
   4        1.7697e-13   9.95e-15          1.7185e-13      5.88e-15    2.17e-01
   5        1.7418e-13   1.01e-14          1.7244e-13      5.09e-15    1.73e-01

num_dim=4, calls=25000, it_num=1, max_it_num=3 verb=0, alph=1.50,
mode=0, bins=50, boxes=1

       single.......iteration                   accumulated......results   
iteration     integral    sigma             integral         sigma     chi-sq/it

   1        1.7454e-13   3.16e-15          1.7454e-13      3.16e-15    0.00e+00
   2        1.7113e-13   3.13e-15          1.7282e-13      2.23e-15    5.84e-01
   3        1.7096e-13   3.14e-15          1.7220e-13      1.82e-15    4.09e-01
   3        1.7232e-13   3.13e-15          1.7223e-13      1.57e-15    2.73e-01
   3        1.7301e-13   3.14e-15          1.7238e-13      1.40e-15    2.17e-01
   3        1.7136e-13   3.14e-15          1.7221e-13      1.28e-15    1.91e-01
   3        1.7258e-13   3.14e-15          1.7227e-13      1.19e-15    1.61e-01
   3        1.6850e-13   3.15e-15          1.7180e-13      1.11e-15    3.17e-01
   3        1.7450e-13   3.15e-15          1.7210e-13      1.05e-15    3.60e-01
   3        1.7236e-13   3.18e-15          1.7212e-13      9.95e-16    3.20e-01
   3        1.7012e-13   3.16e-15          1.7194e-13      9.49e-16    3.25e-01
   3        1.7469e-13   3.17e-15          1.7217e-13      9.09e-16    3.58e-01
   3        1.7675e-13   3.18e-15          1.7251e-13      8.74e-16    4.88e-01
   3        1.7184e-13   3.18e-15          1.7247e-13      8.43e-16    4.54e-01
   3        1.7280e-13   3.19e-15          1.7249e-13      8.15e-16    4.22e-01
   3        1.6904e-13   3.23e-15          1.7228e-13      7.90e-16    4.66e-01
   3        1.6955e-13   3.21e-15          1.7213e-13      7.67e-16    4.79e-01
   3        1.7020e-13   3.20e-15          1.7202e-13      7.46e-16    4.71e-01
   3        1.7113e-13   3.20e-15          1.7198e-13      7.27e-16    4.49e-01
   3        1.6850e-13   3.25e-15          1.7181e-13      7.09e-16    4.83e-01
   3        1.7223e-13   3.23e-15          1.7183e-13      6.93e-16    4.59e-01
   3        1.7292e-13   3.26e-15          1.7188e-13      6.78e-16    4.42e-01
   3        1.7462e-13   3.23e-15          1.7199e-13      6.63e-16    4.54e-01
   3        1.7130e-13   3.26e-15          1.7196e-13      6.50e-16    4.36e-01
   3        1.7017e-13   3.27e-15          1.7190e-13      6.37e-16    4.30e-01
   3        1.7638e-13   3.26e-15          1.7206e-13      6.26e-16    4.85e-01
   3        1.6711e-13   3.24e-15          1.7188e-13      6.14e-16    5.53e-01
P+K = (1.7188358e-13 +- 6.1420344e-16) pb

********************************
* real gluon emission - dipole *
********************************
The limits of integration are:

xl[0]=0.000000    xu[0]=1.000000
xl[1]=0.000000    xu[1]=1.000000
xl[2]=0.000000    xu[2]=1.000000
xl[3]=0.000000    xu[3]=1.000000
xl[4]=0.000000    xu[4]=1.000000
xl[5]=0.000000    xu[5]=1.000000

num_dim=6, calls=250, it_num=1, max_it_num=5 verb=0, alph=1.50,
mode=0, bins=50, boxes=1

       single.......iteration                   accumulated......results   
iteration     integral    sigma             integral         sigma     chi-sq/it

   1        -1.4749e-14   4.48e-15          -1.4749e-14      4.48e-15    0.00e+00
   2        -1.4021e-14   2.33e-15          -1.4176e-14      2.07e-15    2.08e-02
   3        -1.2030e-14   1.70e-15          -1.2898e-14      1.31e-15    3.32e-01
   4        -1.3906e-14   1.59e-15          -1.3306e-14      1.01e-15    3.01e-01
   5        -1.4207e-14   1.45e-15          -1.3601e-14      8.31e-16    2.90e-01

num_dim=6, calls=2500, it_num=1, max_it_num=3 verb=0, alph=1.50,
mode=0, bins=50, boxes=1

       single.......iteration                   accumulated......results   
iteration     integral    sigma             integral         sigma     chi-sq/it

   1        -1.3296e-14   3.65e-16          -1.3296e-14      3.65e-16    0.00e+00
   2        -1.2791e-14   2.13e-16          -1.2919e-14      1.84e-16    1.43e+00
   3        -1.3079e-14   1.93e-16          -1.2995e-14      1.33e-16    8.97e-01
rNLOg = (-1.2995290e-14 +- 1.3313711e-16) pb

**************************************************
* real light quark emission - dipole - (onshell) *
**************************************************
The limits of integration are:

xl[0]=0.000000    xu[0]=1.000000
xl[1]=0.000000    xu[1]=1.000000
xl[2]=0.000000    xu[2]=1.000000
xl[3]=0.000000    xu[3]=1.000000
xl[4]=0.000000    xu[4]=1.000000
xl[5]=0.000000    xu[5]=1.000000

num_dim=6, calls=5000, it_num=1, max_it_num=5 verb=0, alph=1.50,
mode=0, bins=50, boxes=1

       single.......iteration                   accumulated......results   
iteration     integral    sigma             integral         sigma     chi-sq/it

   1        3.7589e-14   3.22e-15          3.7589e-14      3.22e-15    0.00e+00
   2        4.0615e-14   1.01e-15          4.0343e-14      9.66e-16    8.03e-01
   3        3.8707e-14   4.72e-16          3.9023e-14      4.24e-16    1.56e+00
   4        3.8168e-14   3.62e-16          3.8529e-14      2.76e-16    1.82e+00
   5        3.8522e-14   3.30e-16          3.8526e-14      2.11e-16    1.37e+00

num_dim=6, calls=50000, it_num=1, max_it_num=5 verb=0, alph=1.50,
mode=0, bins=50, boxes=1

       single.......iteration                   accumulated......results   
iteration     integral    sigma             integral         sigma     chi-sq/it

   1        3.8474e-14   1.03e-16          3.8474e-14      1.03e-16    0.00e+00
   2        3.8702e-14   1.14e-16          3.8576e-14      7.63e-17    2.22e+00
   3        3.8854e-14   1.23e-16          3.8653e-14      6.48e-17    2.96e+00
   4        3.8629e-14   1.18e-16          3.8648e-14      5.68e-17    1.98e+00
   5        3.8699e-14   1.21e-16          3.8657e-14      5.14e-17    1.53e+00
   5        3.8615e-14   1.07e-16          3.8649e-14      4.64e-17    1.24e+00
rNLOq = (3.8649021e-14 +- 4.6381868e-17) pb
NLO = (4.2218281e-12 +- 1.7411581e-15) pb
#chisq/dof = 1.31715e-08
#status = success
#chisq/dof = 1.6339e-08
#status = success
#chisq/dof = 4.7901e-10
#status = success
#chisq/dof = 7.99752e-10
#status = success
#chisq/dof = 3.08186e-10
#status = success
#chisq/dof = 6.82901e-12
#status = success
#chisq/dof = 3.25762e-09
#status = success
#chisq/dof = 8.57958e-11
#status = success

*******************************************************
* threshold resummation (unimproved nnll) - expansion *
*******************************************************
The limits of integration are:

xl[0]=0.000000    xu[0]=1.000000
xl[1]=0.000000    xu[1]=1.000000
xl[2]=0.000000    xu[2]=1.000000

num_dim=3, calls=7000, it_num=1, max_it_num=5 verb=0, alph=1.50,
mode=0, bins=50, boxes=1

       single.......iteration                   accumulated......results   
iteration     integral    sigma             integral         sigma     chi-sq/it

   1        -2.1696e-13   2.93e-13          -2.1696e-13      2.93e-13    0.00e+00
   2        -1.0641e-13   1.02e-13          -1.1845e-13      9.68e-14    1.27e-01
   3        1.3182e-13   9.32e-14          1.1345e-14      6.71e-14    1.80e+00
   4        6.7268e-15   9.22e-14          9.7461e-15      5.43e-14    1.20e+00
   5        8.0628e-14   9.28e-14          2.7815e-14      4.69e-14    1.01e+00

num_dim=3, calls=35000, it_num=1, max_it_num=5 verb=0, alph=1.50,
mode=0, bins=50, boxes=1

       single.......iteration                   accumulated......results   
iteration     integral    sigma             integral         sigma     chi-sq/it

   1        -3.5171e-14   4.13e-14          -3.5171e-14      4.13e-14    0.00e+00
   2        -5.6143e-14   4.14e-14          -4.5619e-14      2.92e-14    1.29e-01
   3        -8.3422e-14   4.14e-14          -5.8222e-14      2.39e-14    3.43e-01
   4        -7.8394e-14   4.15e-14          -6.3245e-14      2.07e-14    2.88e-01
   5        -1.3897e-14   4.13e-14          -5.3358e-14      1.85e-14    5.01e-01
   5        -2.8042e-14   4.14e-14          -4.9148e-14      1.69e-14    4.63e-01
   5        -1.0405e-13   4.16e-14          -5.6934e-14      1.57e-14    6.35e-01
   5        -8.7587e-14   4.16e-14          -6.0730e-14      1.47e-14    6.12e-01
   5        -3.3019e-14   4.18e-14          -5.7694e-14      1.38e-14    5.85e-01
   5        -1.1490e-13   4.18e-14          -6.3328e-14      1.31e-14    7.07e-01
   5        -3.5869e-14   4.16e-14          -6.0839e-14      1.25e-14    6.76e-01
   5        5.4297e-15   4.20e-14          -5.5430e-14      1.20e-14    8.23e-01
   5        -8.4582e-14   4.19e-14          -5.7642e-14      1.15e-14    7.91e-01
   5        5.3204e-14   4.18e-14          -4.9802e-14      1.11e-14    1.23e+00
   5        -4.2574e-14   4.22e-14          -4.9334e-14      1.08e-14    1.15e+00
   5        -9.8403e-14   4.23e-14          -5.2316e-14      1.04e-14    1.15e+00
   5        2.6739e-14   4.20e-14          -4.7740e-14      1.01e-14    1.29e+00
   5        -6.5537e-14   4.19e-14          -4.8719e-14      9.83e-15    1.23e+00
   5        -7.3926e-14   4.22e-14          -5.0017e-14      9.57e-15    1.18e+00
   5        -1.4875e-13   4.24e-14          -5.4800e-14      9.34e-15    1.39e+00
   5        1.1422e-15   4.23e-14          -5.2203e-14      9.12e-15    1.40e+00
   5        -4.0613e-14   4.24e-14          -5.1689e-14      8.92e-15    1.34e+00
   5        -1.1521e-14   4.28e-14          -5.0016e-14      8.73e-15    1.31e+00
   5        -3.6193e-14   4.28e-14          -4.9464e-14      8.55e-15    1.26e+00
   5        -9.1557e-14   4.25e-14          -5.1102e-14      8.38e-15    1.25e+00
   5        -5.7110e-14   4.26e-14          -5.1326e-14      8.23e-15    1.20e+00
   5        -1.8555e-14   4.26e-14          -5.0147e-14      8.08e-15    1.17e+00
   5        -4.2088e-14   4.28e-14          -4.9870e-14      7.94e-15    1.13e+00
   5        -1.6651e-14   4.27e-14          -4.8759e-14      7.80e-15    1.11e+00
   5        -3.0921e-14   4.30e-14          -4.8191e-14      7.68e-15    1.08e+00
   5        -5.4670e-14   4.29e-14          -4.8392e-14      7.56e-15    1.04e+00
   5        -4.6894e-14   4.31e-14          -4.8348e-14      7.44e-15    1.01e+00
   5        -1.0135e-14   4.33e-14          -4.7250e-14      7.34e-15    1.00e+00
   5        5.2023e-15   4.26e-14          -4.5737e-14      7.23e-15    1.02e+00
   5        -8.1858e-14   4.27e-14          -4.6742e-14      7.13e-15    1.01e+00
   5        -8.6478e-14   4.29e-14          -4.7809e-14      7.03e-15    1.00e+00
   5        -7.0669e-14   4.28e-14          -4.8410e-14      6.94e-15    9.83e-01
   5        2.7693e-14   4.27e-14          -4.6451e-14      6.85e-15    1.04e+00
   5        -7.8772e-14   4.29e-14          -4.7255e-14      6.76e-15    1.03e+00
   5        2.4777e-14   4.32e-14          -4.5535e-14      6.68e-15    1.07e+00
   5        -5.1020e-14   4.34e-14          -4.5662e-14      6.60e-15    1.04e+00
   5        -6.8443e-14   4.33e-14          -4.6180e-14      6.53e-15    1.02e+00
   5        2.5463e-14   4.31e-14          -4.4573e-14      6.46e-15    1.06e+00
   5        -1.0332e-14   4.34e-14          -4.3831e-14      6.39e-15    1.05e+00
   5        -6.7672e-14   4.37e-14          -4.4330e-14      6.32e-15    1.04e+00
   5        -3.6125e-14   4.31e-14          -4.4158e-14      6.25e-15    1.01e+00
   5        -9.9172e-14   4.38e-14          -4.5257e-14      6.19e-15    1.03e+00
   5        8.2765e-15   4.40e-14          -4.4221e-14      6.13e-15    1.04e+00
   5        -2.1861e-14   4.41e-14          -4.3798e-14      6.07e-15    1.02e+00
   5        -8.2849e-14   4.43e-14          -4.4519e-14      6.01e-15    1.01e+00
   5        -4.8024e-14   4.41e-14          -4.4583e-14      5.96e-15    9.94e-01
   5        2.7185e-14   4.47e-14          -4.3331e-14      5.91e-15    1.02e+00
   5        1.3439e-15   4.43e-14          -4.2550e-14      5.85e-15    1.02e+00
   5        2.5058e-14   4.43e-14          -4.1390e-14      5.80e-15    1.05e+00
   5        -3.5201e-14   4.39e-14          -4.1284e-14      5.75e-15    1.03e+00
aNNLO+NNLL = (4.1805444e-12 +- 6.0116688e-15) pb

Results:
LO = (3.4699510e-12 +- 2.2373376e-15) pb
NLO = (4.2218281e-12 +- 1.7411581e-15) pb
aNNLO+NNLL = (4.1805444e-12 +- 6.0116688e-15) pb
Thanks for using LHAPDF 6.2.3. Please make sure to cite the paper:
  Eur.Phys.J. C75 (2015) 3, 132  (http://arxiv.org/abs/1412.7420)
 ====================================================
   FF 2.0, a package to evaluate one-loop integrals
 written by G. J. van Oldenborgh, NIKHEF-H, Amsterdam
 ====================================================
 for the algorithms used see preprint NIKHEF-H 89/17,
 'New Algorithms for One-loop Integrals', by G.J. van
 Oldenborgh and J.A.M. Vermaseren, published in 
 Zeitschrift fuer Physik C46(1990)425.
 ====================================================
 
total number of errors and warnings
===================================
fferr: no errors
 
