
  Welcome to Resummino git-latest
  Copyright 2008-2010 Jonathan Debove.
  Copyright 2011-2014 David R. Lamprea.
  Copyright 2011-2016 Marcel Rothering.

  Licensed under the EUPL 1.1 or later.
  See http://www.resummino.org/ for more information.

  If using Resummino for slepton pair production, please cite.
  - G. Bozzi, B. Fuks, M. Klasen, PRD 74, 015001 (2006); NPB 777, 157 (2007); NPB 794, 46 (2007).
  - B. Fuks, M. Klasen, D. R. Lamprea, M. Rothering, EPJC 73, 2480 (2013).

  For gaugino pair production, please cite:
  - J. Debove, B. Fuks, M. Klasen, PLB 688, 208 (2010); NPB 842, 51 (2011); NPB 849, 64 (2011).
  - B. Fuks, M. Klasen, D. R. Lamprea, M. Rothering, JHEP 1210, 081 (2012); EPJC 73, 2480 (2013).

  For associated gaugino gluino production, please cite:
  - B. Fuks, M. Klasen, M. Rothering, JHEP 07:053, (2016).
  - B. Fuks, M. Klasen, D. R. Lamprea, M. Rothering, EPJC 73, 2480 (2013).

LHAPDF 6.2.3 loading /pool/condor/dir_171585/resummino-releases/lhapdf-prefix/share/LHAPDF/PDF4LHC21_40/PDF4LHC21_40_0000.dat
PDF4LHC21_40 PDF set, member #0, version 1
 alpha_s(M_Z^2) = 0.1180 	 for LO PDF set 
 alpha_s(1800.000^2) = 0.0816 	 for LO PDF set 

********************
* LO cross section *
********************
The limits of integration are:

xl[0]=0.000000    xu[0]=1.000000
xl[1]=0.000000    xu[1]=1.000000
xl[2]=0.000000    xu[2]=1.000000

num_dim=3, calls=2000, it_num=1, max_it_num=5 verb=0, alph=1.50,
mode=0, bins=50, boxes=1

       single.......iteration                   accumulated......results   
iteration     integral    sigma             integral         sigma     chi-sq/it

   1        2.4359e-14   7.51e-16          2.4359e-14      7.51e-16    0.00e+00
   2        2.6097e-14   2.74e-16          2.5893e-14      2.57e-16    4.73e+00
   3        2.6243e-14   1.41e-16          2.6162e-14      1.24e-16    3.07e+00
   4        2.6023e-14   1.33e-16          2.6097e-14      9.06e-17    2.24e+00
   5        2.6130e-14   1.26e-16          2.6108e-14      7.35e-17    1.69e+00

num_dim=3, calls=20000, it_num=1, max_it_num=5 verb=0, alph=1.50,
mode=0, bins=50, boxes=1

       single.......iteration                   accumulated......results   
iteration     integral    sigma             integral         sigma     chi-sq/it

   1        2.6118e-14   4.08e-17          2.6118e-14      4.08e-17    0.00e+00
   2        2.6119e-14   3.92e-17          2.6118e-14      2.83e-17    5.95e-04
   3        2.6111e-14   3.70e-17          2.6116e-14      2.25e-17    1.27e-02
   4        2.6127e-14   3.96e-17          2.6119e-14      1.95e-17    3.01e-02
   5        2.6033e-14   4.17e-17          2.6103e-14      1.77e-17    8.86e-01
LO = (2.6103184e-14 +- 1.7693181e-17) pb
LHAPDF 6.2.3 loading /pool/condor/dir_171585/resummino-releases/lhapdf-prefix/share/LHAPDF/PDF4LHC21_40/PDF4LHC21_40_0005.dat
PDF4LHC21_40 PDF set, member #5, version 1
 alpha_s(M_Z^2) = 0.1180 	 for NLO PDF set 
 alpha_s(1800.000^2) = 0.0816 	 for NLO PDF set 

********************
* LO cross section *
********************
The limits of integration are:

xl[0]=0.000000    xu[0]=1.000000
xl[1]=0.000000    xu[1]=1.000000
xl[2]=0.000000    xu[2]=1.000000

num_dim=3, calls=2000, it_num=1, max_it_num=5 verb=0, alph=1.50,
mode=0, bins=50, boxes=1

       single.......iteration                   accumulated......results   
iteration     integral    sigma             integral         sigma     chi-sq/it

   1        1.5467e-14   5.79e-16          1.5467e-14      5.79e-16    0.00e+00
   2        1.7185e-14   2.15e-16          1.6977e-14      2.01e-16    7.74e+00
   3        1.7295e-14   1.29e-16          1.7203e-14      1.09e-16    4.76e+00
   4        1.7265e-14   1.21e-16          1.7231e-14      8.08e-17    3.22e+00
   5        1.7235e-14   1.16e-16          1.7232e-14      6.63e-17    2.42e+00

num_dim=3, calls=20000, it_num=1, max_it_num=5 verb=0, alph=1.50,
mode=0, bins=50, boxes=1

       single.......iteration                   accumulated......results   
iteration     integral    sigma             integral         sigma     chi-sq/it

   1        1.7219e-14   3.78e-17          1.7219e-14      3.78e-17    0.00e+00
   2        1.7241e-14   3.65e-17          1.7231e-14      2.63e-17    1.74e-01
   3        1.7216e-14   3.45e-17          1.7225e-14      2.09e-17    1.43e-01
   4        1.7192e-14   3.62e-17          1.7217e-14      1.81e-17    3.08e-01
   5        1.7118e-14   3.88e-17          1.7199e-14      1.64e-17    1.58e+00
   5        1.7178e-14   3.76e-17          1.7196e-14      1.50e-17    1.32e+00
   5        1.7208e-14   3.69e-17          1.7198e-14      1.39e-17    1.11e+00
   5        1.7167e-14   3.71e-17          1.7194e-14      1.30e-17    1.04e+00
   5        1.7248e-14   3.92e-17          1.7199e-14      1.24e-17    1.13e+00
   5        1.7180e-14   3.97e-17          1.7198e-14      1.18e-17    1.03e+00
   5        1.7167e-14   3.98e-17          1.7195e-14      1.13e-17    9.75e-01
   5        1.7187e-14   4.02e-17          1.7195e-14      1.09e-17    8.90e-01
   5        1.7168e-14   4.05e-17          1.7193e-14      1.05e-17    8.49e-01
   5        1.7219e-14   4.31e-17          1.7194e-14      1.02e-17    8.09e-01
   5        1.7192e-14   4.48e-17          1.7194e-14      9.97e-18    7.52e-01
   5        1.7183e-14   4.57e-17          1.7194e-14      9.74e-18    7.06e-01
   5        1.7100e-14   4.49e-17          1.7189e-14      9.52e-18    9.20e-01
   5        1.7303e-14   4.72e-17          1.7194e-14      9.33e-18    1.19e+00
   5        1.7204e-14   4.61e-17          1.7194e-14      9.15e-18    1.13e+00
   5        1.7152e-14   4.67e-17          1.7193e-14      8.97e-18    1.11e+00
   5        1.7118e-14   4.86e-17          1.7190e-14      8.83e-18    1.17e+00
   5        1.7165e-14   4.86e-17          1.7189e-14      8.68e-18    1.13e+00
LO = (1.7189432e-14 +- 8.6834684e-18) pb

*******************************************
* virtual corrections + integrated dipole *
*******************************************
The limits of integration are:

xl[0]=0.000000    xu[0]=1.000000
xl[1]=0.000000    xu[1]=1.000000
xl[2]=0.000000    xu[2]=1.000000

num_dim=3, calls=240, it_num=1, max_it_num=5 verb=0, alph=1.50,
mode=0, bins=50, boxes=1

       single.......iteration                   accumulated......results   
iteration     integral    sigma             integral         sigma     chi-sq/it

   1        1.7224e-15   1.86e-16          1.7224e-15      1.86e-16    0.00e+00
   2        1.9265e-15   1.15e-16          1.8703e-15      9.77e-17    8.71e-01
   3        2.1606e-15   6.08e-17          2.0795e-15      5.16e-17    3.62e+00
   4        2.2502e-15   1.12e-16          2.1095e-15      4.69e-17    3.05e+00
   5        2.1540e-15   7.54e-17          2.1220e-15      3.98e-17    2.35e+00

num_dim=3, calls=1200, it_num=1, max_it_num=3 verb=0, alph=1.50,
mode=0, bins=50, boxes=1

       single.......iteration                   accumulated......results   
iteration     integral    sigma             integral         sigma     chi-sq/it

   1        2.0832e-15   2.45e-17          2.0832e-15      2.45e-17    0.00e+00
   2        2.0887e-15   1.98e-17          2.0865e-15      1.54e-17    3.09e-02
   3        2.1363e-15   3.01e-17          2.0969e-15      1.37e-17    1.10e+00
   3        2.1018e-15   2.27e-17          2.0982e-15      1.17e-17    7.45e-01
   3        2.1028e-15   2.33e-17          2.0991e-15      1.05e-17    5.67e-01
   3        2.0942e-15   1.89e-17          2.0980e-15      9.17e-18    4.64e-01
   3        2.1177e-15   1.98e-17          2.1015e-15      8.32e-18    5.23e-01
vNLO = (2.1014552e-15 +- 8.3186630e-18) pb

*****************************
* collinear remainder (P+K) *
*****************************
The limits of integration are:

xl[0]=0.000000    xu[0]=1.000000
xl[1]=0.000000    xu[1]=1.000000
xl[2]=0.000000    xu[2]=1.000000
xl[3]=0.000000    xu[3]=1.000000

num_dim=4, calls=2500, it_num=1, max_it_num=5 verb=0, alph=1.50,
mode=0, bins=50, boxes=1

       single.......iteration                   accumulated......results   
iteration     integral    sigma             integral         sigma     chi-sq/it

   1        3.0781e-15   1.76e-16          3.0781e-15      1.76e-16    0.00e+00
   2        3.2045e-15   6.12e-17          3.1908e-15      5.78e-17    4.62e-01
   3        3.2247e-15   4.60e-17          3.2115e-15      3.60e-17    3.36e-01
   4        3.2258e-15   4.25e-17          3.2175e-15      2.75e-17    2.46e-01
   5        3.2333e-15   4.38e-17          3.2220e-15      2.33e-17    2.08e-01

num_dim=4, calls=25000, it_num=1, max_it_num=3 verb=0, alph=1.50,
mode=0, bins=50, boxes=1

       single.......iteration                   accumulated......results   
iteration     integral    sigma             integral         sigma     chi-sq/it

   1        3.2586e-15   1.37e-17          3.2586e-15      1.37e-17    0.00e+00
   2        3.2639e-15   1.33e-17          3.2613e-15      9.55e-18    7.75e-02
   3        3.2328e-15   1.36e-17          3.2519e-15      7.82e-18    1.51e+00
   3        3.2456e-15   1.35e-17          3.2503e-15      6.77e-18    1.06e+00
P+K = (3.2503412e-15 +- 6.7651144e-18) pb

********************************
* real gluon emission - dipole *
********************************
The limits of integration are:

xl[0]=0.000000    xu[0]=1.000000
xl[1]=0.000000    xu[1]=1.000000
xl[2]=0.000000    xu[2]=1.000000
xl[3]=0.000000    xu[3]=1.000000
xl[4]=0.000000    xu[4]=1.000000
xl[5]=0.000000    xu[5]=1.000000

num_dim=6, calls=250, it_num=1, max_it_num=5 verb=0, alph=1.50,
mode=0, bins=50, boxes=1

       single.......iteration                   accumulated......results   
iteration     integral    sigma             integral         sigma     chi-sq/it

   1        -1.7283e-17   5.80e-18          -1.7283e-17      5.80e-18    0.00e+00
   2        -1.7177e-17   3.26e-18          -1.7202e-17      2.84e-18    2.53e-04
   3        -1.3142e-17   1.52e-18          -1.4047e-17      1.34e-18    7.92e-01
   4        -1.4007e-17   1.70e-18          -1.4032e-17      1.05e-18    5.28e-01
   5        -1.5577e-17   1.46e-18          -1.4563e-17      8.54e-19    5.81e-01

num_dim=6, calls=2500, it_num=1, max_it_num=3 verb=0, alph=1.50,
mode=0, bins=50, boxes=1

       single.......iteration                   accumulated......results   
iteration     integral    sigma             integral         sigma     chi-sq/it

   1        -1.5803e-17   4.66e-19          -1.5803e-17      4.66e-19    0.00e+00
   2        -1.4979e-17   2.40e-19          -1.5152e-17      2.13e-19    2.48e+00
   3        -1.5816e-17   2.87e-19          -1.5388e-17      1.71e-19    2.97e+00
rNLOg = (-1.5388346e-17 +- 1.7109097e-19) pb

**************************************************
* real light quark emission - dipole - (onshell) *
**************************************************
The limits of integration are:

xl[0]=0.000000    xu[0]=1.000000
xl[1]=0.000000    xu[1]=1.000000
xl[2]=0.000000    xu[2]=1.000000
xl[3]=0.000000    xu[3]=1.000000
xl[4]=0.000000    xu[4]=1.000000
xl[5]=0.000000    xu[5]=1.000000

num_dim=6, calls=5000, it_num=1, max_it_num=5 verb=0, alph=1.50,
mode=0, bins=50, boxes=1

       single.......iteration                   accumulated......results   
iteration     integral    sigma             integral         sigma     chi-sq/it

   1        5.2676e-17   3.36e-18          5.2676e-17      3.36e-18    0.00e+00
   2        5.0987e-17   9.24e-19          5.1106e-17      8.91e-19    2.35e-01
   3        5.0018e-17   4.98e-19          5.0277e-17      4.35e-19    6.85e-01
   4        5.0107e-17   3.91e-19          5.0183e-17      2.91e-19    4.85e-01
   5        5.0022e-17   3.51e-19          5.0118e-17      2.24e-19    3.95e-01

num_dim=6, calls=50000, it_num=1, max_it_num=5 verb=0, alph=1.50,
mode=0, bins=50, boxes=1

       single.......iteration                   accumulated......results   
iteration     integral    sigma             integral         sigma     chi-sq/it

   1        5.0058e-17   1.09e-19          5.0058e-17      1.09e-19    0.00e+00
   2        5.0382e-17   1.53e-19          5.0167e-17      8.85e-20    2.98e+00
   3        5.0467e-17   1.52e-19          5.0243e-17      7.65e-20    2.94e+00
   4        5.0154e-17   1.18e-19          5.0217e-17      6.42e-20    2.09e+00
   5        5.0320e-17   1.38e-19          5.0235e-17      5.82e-20    1.69e+00
rNLOq = (5.0235402e-17 +- 5.8232549e-20) pb
NLO = (2.2576075e-14 +- 1.3798631e-17) pb
#chisq/dof = 2.13865e-09
#status = success
#chisq/dof = 9.62082e-10
#status = success
#chisq/dof = 5.67039e-10
#status = iteration is not making progress towards solution
#chisq/dof = 2.70569e-09
#status = success
#chisq/dof = 1.42296e-10
#status = success
#chisq/dof = 6.50038e-12
#status = success
#chisq/dof = 2.09598e-10
#status = success
#chisq/dof = 3.30403e-11
#status = success

*******************************************************
* threshold resummation (unimproved nnll) - expansion *
*******************************************************
The limits of integration are:

xl[0]=0.000000    xu[0]=1.000000
xl[1]=0.000000    xu[1]=1.000000
xl[2]=0.000000    xu[2]=1.000000

num_dim=3, calls=7000, it_num=1, max_it_num=5 verb=0, alph=1.50,
mode=0, bins=50, boxes=1

       single.......iteration                   accumulated......results   
iteration     integral    sigma             integral         sigma     chi-sq/it

   1        -9.2325e-15   1.45e-14          -9.2325e-15      1.45e-14    0.00e+00
   2        2.5738e-16   2.55e-15          -2.5727e-17      2.51e-15    4.14e-01
   3        -4.0654e-17   1.61e-15          -3.6310e-17      1.35e-15    2.07e-01
   4        -1.2204e-15   1.50e-15          -5.6667e-16      1.01e-15    2.52e-01
   5        -6.8311e-16   1.50e-15          -6.0288e-16      8.35e-16    1.90e-01

num_dim=3, calls=35000, it_num=1, max_it_num=5 verb=0, alph=1.50,
mode=0, bins=50, boxes=1

       single.......iteration                   accumulated......results   
iteration     integral    sigma             integral         sigma     chi-sq/it

   1        6.7407e-16   6.65e-16          6.7407e-16      6.65e-16    0.00e+00
   2        -6.5930e-16   6.66e-16          7.8644e-18      4.71e-16    2.01e+00
   3        1.2568e-15   6.66e-16          4.2399e-16      3.84e-16    2.18e+00
   4        -5.2717e-17   6.65e-16          3.0460e-16      3.33e-16    1.58e+00
   5        7.4746e-16   6.61e-16          3.9401e-16      2.97e-16    1.27e+00
aNNLO+NNLL = (2.2970089e-14 +- 2.9752755e-16) pb

Results:
LO = (2.6103184e-14 +- 1.7693181e-17) pb
NLO = (2.2576075e-14 +- 1.3798631e-17) pb
aNNLO+NNLL = (2.2970089e-14 +- 2.9752755e-16) pb
Thanks for using LHAPDF 6.2.3. Please make sure to cite the paper:
  Eur.Phys.J. C75 (2015) 3, 132  (http://arxiv.org/abs/1412.7420)
 ====================================================
   FF 2.0, a package to evaluate one-loop integrals
 written by G. J. van Oldenborgh, NIKHEF-H, Amsterdam
 ====================================================
 for the algorithms used see preprint NIKHEF-H 89/17,
 'New Algorithms for One-loop Integrals', by G.J. van
 Oldenborgh and J.A.M. Vermaseren, published in 
 Zeitschrift fuer Physik C46(1990)425.
 ====================================================
 
total number of errors and warnings
===================================
fferr: no errors
 
