
  Welcome to Resummino git-latest
  Copyright 2008-2010 Jonathan Debove.
  Copyright 2011-2014 David R. Lamprea.
  Copyright 2011-2016 Marcel Rothering.

  Licensed under the EUPL 1.1 or later.
  See http://www.resummino.org/ for more information.

  If using Resummino for slepton pair production, please cite.
  - G. Bozzi, B. Fuks, M. Klasen, PRD 74, 015001 (2006); NPB 777, 157 (2007); NPB 794, 46 (2007).
  - B. Fuks, M. Klasen, D. R. Lamprea, M. Rothering, EPJC 73, 2480 (2013).

  For gaugino pair production, please cite:
  - J. Debove, B. Fuks, M. Klasen, PLB 688, 208 (2010); NPB 842, 51 (2011); NPB 849, 64 (2011).
  - B. Fuks, M. Klasen, D. R. Lamprea, M. Rothering, JHEP 1210, 081 (2012); EPJC 73, 2480 (2013).

  For associated gaugino gluino production, please cite:
  - B. Fuks, M. Klasen, M. Rothering, JHEP 07:053, (2016).
  - B. Fuks, M. Klasen, D. R. Lamprea, M. Rothering, EPJC 73, 2480 (2013).

LHAPDF 6.2.3 loading /pool/condor/dir_39669/resummino-releases/lhapdf-prefix/share/LHAPDF/PDF4LHC21_40/PDF4LHC21_40_0000.dat
PDF4LHC21_40 PDF set, member #0, version 1
 alpha_s(M_Z^2) = 0.1180 	 for LO PDF set 
 alpha_s(600.000^2) = 0.0920 	 for LO PDF set 

********************
* LO cross section *
********************
The limits of integration are:

xl[0]=0.000000    xu[0]=1.000000
xl[1]=0.000000    xu[1]=1.000000
xl[2]=0.000000    xu[2]=1.000000

num_dim=3, calls=2000, it_num=1, max_it_num=5 verb=0, alph=1.50,
mode=0, bins=50, boxes=1

       single.......iteration                   accumulated......results   
iteration     integral    sigma             integral         sigma     chi-sq/it

   1        1.5336e-12   5.17e-14          1.5336e-12      5.17e-14    0.00e+00
   2        1.6037e-12   1.72e-14          1.5967e-12      1.63e-14    1.65e+00
   3        1.6308e-12   9.01e-15          1.6228e-12      7.89e-15    2.49e+00
   4        1.6187e-12   8.29e-15          1.6209e-12      5.72e-15    1.71e+00
   5        1.6127e-12   8.67e-15          1.6184e-12      4.77e-15    1.43e+00

num_dim=3, calls=20000, it_num=1, max_it_num=5 verb=0, alph=1.50,
mode=0, bins=50, boxes=1

       single.......iteration                   accumulated......results   
iteration     integral    sigma             integral         sigma     chi-sq/it

   1        1.6164e-12   2.67e-15          1.6164e-12      2.67e-15    0.00e+00
   2        1.6167e-12   2.60e-15          1.6166e-12      1.86e-15    1.03e-02
   3        1.6216e-12   2.58e-15          1.6183e-12      1.51e-15    1.26e+00
   4        1.6207e-12   2.73e-15          1.6189e-12      1.32e-15    1.04e+00
   5        1.6126e-12   2.70e-15          1.6177e-12      1.19e-15    1.85e+00
   5        1.6169e-12   2.73e-15          1.6175e-12      1.09e-15    1.49e+00
LO = (1.6175358e-12 +- 1.0878568e-15) pb
LHAPDF 6.2.3 loading /pool/condor/dir_39669/resummino-releases/lhapdf-prefix/share/LHAPDF/PDF4LHC21_40/PDF4LHC21_40_0038.dat
PDF4LHC21_40 PDF set, member #38, version 1
 alpha_s(M_Z^2) = 0.1180 	 for NLO PDF set 
 alpha_s(600.000^2) = 0.0920 	 for NLO PDF set 

********************
* LO cross section *
********************
The limits of integration are:

xl[0]=0.000000    xu[0]=1.000000
xl[1]=0.000000    xu[1]=1.000000
xl[2]=0.000000    xu[2]=1.000000

num_dim=3, calls=2000, it_num=1, max_it_num=5 verb=0, alph=1.50,
mode=0, bins=50, boxes=1

       single.......iteration                   accumulated......results   
iteration     integral    sigma             integral         sigma     chi-sq/it

   1        1.5331e-12   5.18e-14          1.5331e-12      5.18e-14    0.00e+00
   2        1.6033e-12   1.73e-14          1.5963e-12      1.64e-14    1.65e+00
   3        1.6308e-12   9.03e-15          1.6228e-12      7.90e-15    2.53e+00
   4        1.6185e-12   8.32e-15          1.6208e-12      5.73e-15    1.73e+00
   5        1.6128e-12   8.69e-15          1.6183e-12      4.78e-15    1.45e+00

num_dim=3, calls=20000, it_num=1, max_it_num=5 verb=0, alph=1.50,
mode=0, bins=50, boxes=1

       single.......iteration                   accumulated......results   
iteration     integral    sigma             integral         sigma     chi-sq/it

   1        1.6163e-12   2.68e-15          1.6163e-12      2.68e-15    0.00e+00
   2        1.6167e-12   2.61e-15          1.6165e-12      1.87e-15    1.11e-02
   3        1.6215e-12   2.58e-15          1.6182e-12      1.51e-15    1.27e+00
   4        1.6206e-12   2.73e-15          1.6188e-12      1.32e-15    1.03e+00
   5        1.6124e-12   2.70e-15          1.6175e-12      1.19e-15    1.88e+00
   5        1.6168e-12   2.74e-15          1.6174e-12      1.09e-15    1.51e+00
   5        1.6197e-12   2.73e-15          1.6177e-12      1.01e-15    1.36e+00
   5        1.6158e-12   2.78e-15          1.6175e-12      9.52e-16    1.23e+00
   5        1.6156e-12   2.87e-15          1.6173e-12      9.04e-16    1.12e+00
   5        1.6131e-12   2.90e-15          1.6169e-12      8.63e-16    1.21e+00
   5        1.6165e-12   3.04e-15          1.6169e-12      8.30e-16    1.09e+00
   5        1.6151e-12   3.07e-15          1.6168e-12      8.01e-16    1.02e+00
   5        1.6199e-12   3.25e-15          1.6170e-12      7.78e-16    1.01e+00
   5        1.6141e-12   3.33e-15          1.6168e-12      7.58e-16    9.83e-01
   5        1.6173e-12   3.56e-15          1.6168e-12      7.41e-16    9.14e-01
   5        1.6150e-12   3.66e-15          1.6168e-12      7.26e-16    8.69e-01
   5        1.6135e-12   3.72e-15          1.6166e-12      7.13e-16    8.61e-01
   5        1.6219e-12   3.85e-15          1.6168e-12      7.01e-16    9.15e-01
   5        1.6217e-12   4.08e-15          1.6170e-12      6.91e-16    9.41e-01
   5        1.6221e-12   4.11e-15          1.6171e-12      6.81e-16    9.72e-01
   5        1.6133e-12   4.28e-15          1.6170e-12      6.73e-16    9.61e-01
   5        1.6165e-12   4.38e-15          1.6170e-12      6.65e-16    9.16e-01
   5        1.6198e-12   4.43e-15          1.6171e-12      6.58e-16    8.92e-01
   5        1.6159e-12   4.76e-15          1.6170e-12      6.51e-16    8.56e-01
   5        1.6227e-12   4.60e-15          1.6171e-12      6.45e-16    8.81e-01
   5        1.6165e-12   4.72e-15          1.6171e-12      6.39e-16    8.47e-01
   5        1.6264e-12   5.02e-15          1.6173e-12      6.34e-16    9.42e-01
   5        1.6175e-12   4.80e-15          1.6173e-12      6.28e-16    9.08e-01
   5        1.6159e-12   4.95e-15          1.6173e-12      6.23e-16    8.78e-01
   5        1.6218e-12   5.22e-15          1.6173e-12      6.19e-16    8.73e-01
   5        1.6180e-12   5.07e-15          1.6173e-12      6.14e-16    8.44e-01
   5        1.6166e-12   5.34e-15          1.6173e-12      6.10e-16    8.18e-01
   5        1.6229e-12   5.10e-15          1.6174e-12      6.06e-16    8.29e-01
   5        1.6134e-12   5.33e-15          1.6174e-12      6.02e-16    8.21e-01
   5        1.6116e-12   5.18e-15          1.6173e-12      5.98e-16    8.32e-01
   5        1.6250e-12   5.36e-15          1.6174e-12      5.94e-16    8.67e-01
   5        1.6010e-12   5.16e-15          1.6172e-12      5.91e-16    1.12e+00
   5        1.6099e-12   5.39e-15          1.6171e-12      5.87e-16    1.14e+00
   5        1.6220e-12   5.31e-15          1.6171e-12      5.84e-16    1.13e+00
   5        1.6179e-12   5.42e-15          1.6171e-12      5.80e-16    1.10e+00
   5        1.6212e-12   5.52e-15          1.6172e-12      5.77e-16    1.09e+00
   5        1.6177e-12   5.50e-15          1.6172e-12      5.74e-16    1.06e+00
   5        1.6310e-12   5.60e-15          1.6173e-12      5.71e-16    1.18e+00
   5        1.6201e-12   5.43e-15          1.6174e-12      5.68e-16    1.16e+00
   5        1.6135e-12   5.61e-15          1.6173e-12      5.65e-16    1.14e+00
   5        1.6163e-12   5.74e-15          1.6173e-12      5.62e-16    1.12e+00
   5        1.6252e-12   5.94e-15          1.6174e-12      5.60e-16    1.13e+00
   5        1.6053e-12   5.81e-15          1.6173e-12      5.57e-16    1.20e+00
   5        1.6308e-12   6.09e-15          1.6174e-12      5.55e-16    1.27e+00
   5        1.6279e-12   5.87e-15          1.6175e-12      5.52e-16    1.31e+00
   5        1.6161e-12   5.89e-15          1.6175e-12      5.50e-16    1.29e+00
   5        1.6037e-12   5.83e-15          1.6173e-12      5.47e-16    1.37e+00
   5        1.6166e-12   5.95e-15          1.6173e-12      5.45e-16    1.34e+00
   5        1.6208e-12   6.28e-15          1.6174e-12      5.43e-16    1.32e+00
   5        1.6267e-12   5.93e-15          1.6174e-12      5.41e-16    1.35e+00
LO = (1.6174471e-12 +- 5.4081005e-16) pb

*******************************************
* virtual corrections + integrated dipole *
*******************************************
The limits of integration are:

xl[0]=0.000000    xu[0]=1.000000
xl[1]=0.000000    xu[1]=1.000000
xl[2]=0.000000    xu[2]=1.000000

num_dim=3, calls=240, it_num=1, max_it_num=5 verb=0, alph=1.50,
mode=0, bins=50, boxes=1

       single.......iteration                   accumulated......results   
iteration     integral    sigma             integral         sigma     chi-sq/it

   1        1.9943e-13   2.05e-14          1.9943e-13      2.05e-14    0.00e+00
   2        2.0741e-13   1.06e-14          2.0572e-13      9.45e-15    1.19e-01
   3        2.2572e-13   5.95e-15          2.2004e-13      5.03e-15    1.67e+00
   4        2.2240e-13   3.91e-15          2.2151e-13      3.09e-15    1.16e+00
   5        2.2988e-13   5.07e-15          2.2378e-13      2.64e-15    1.36e+00

num_dim=3, calls=1200, it_num=1, max_it_num=3 verb=0, alph=1.50,
mode=0, bins=50, boxes=1

       single.......iteration                   accumulated......results   
iteration     integral    sigma             integral         sigma     chi-sq/it

   1        2.1754e-13   2.13e-15          2.1754e-13      2.13e-15    0.00e+00
   2        2.2240e-13   1.72e-15          2.2047e-13      1.34e-15    3.14e+00
   3        2.2094e-13   1.59e-15          2.2067e-13      1.03e-15    1.59e+00
   3        2.2384e-13   1.55e-15          2.2163e-13      8.55e-16    2.03e+00
   3        2.1994e-13   1.62e-15          2.2126e-13      7.56e-16    1.74e+00
   3        2.2216e-13   1.56e-15          2.2143e-13      6.80e-16    1.44e+00
   3        2.2010e-13   1.76e-15          2.2126e-13      6.34e-16    1.29e+00
   3        2.2318e-13   1.69e-15          2.2149e-13      5.94e-16    1.27e+00
   3        2.2231e-13   1.59e-15          2.2159e-13      5.56e-16    1.14e+00
   3        2.2103e-13   1.63e-15          2.2154e-13      5.26e-16    1.02e+00
vNLO = (2.2153617e-13 +- 5.2618116e-16) pb

*****************************
* collinear remainder (P+K) *
*****************************
The limits of integration are:

xl[0]=0.000000    xu[0]=1.000000
xl[1]=0.000000    xu[1]=1.000000
xl[2]=0.000000    xu[2]=1.000000
xl[3]=0.000000    xu[3]=1.000000

num_dim=4, calls=2500, it_num=1, max_it_num=5 verb=0, alph=1.50,
mode=0, bins=50, boxes=1

       single.......iteration                   accumulated......results   
iteration     integral    sigma             integral         sigma     chi-sq/it

   1        1.1321e-13   1.14e-14          1.1321e-13      1.14e-14    0.00e+00
   2        1.1223e-13   4.97e-15          1.1238e-13      4.55e-15    6.26e-03
   3        1.1363e-13   4.38e-15          1.1303e-13      3.16e-15    2.25e-02
   4        1.1717e-13   4.13e-15          1.1456e-13      2.51e-15    2.26e-01
   5        1.2074e-13   4.21e-15          1.1617e-13      2.16e-15    5.67e-01

num_dim=4, calls=25000, it_num=1, max_it_num=3 verb=0, alph=1.50,
mode=0, bins=50, boxes=1

       single.......iteration                   accumulated......results   
iteration     integral    sigma             integral         sigma     chi-sq/it

   1        1.1872e-13   1.33e-15          1.1872e-13      1.33e-15    0.00e+00
   2        1.1771e-13   1.32e-15          1.1821e-13      9.34e-16    2.93e-01
   3        1.1538e-13   1.32e-15          1.1727e-13      7.62e-16    1.68e+00
   3        1.1717e-13   1.32e-15          1.1724e-13      6.60e-16    1.12e+00
   3        1.1552e-13   1.32e-15          1.1690e-13      5.91e-16    1.18e+00
   3        1.1611e-13   1.32e-15          1.1677e-13      5.39e-16    1.00e+00
P+K = (1.1676616e-13 +- 5.3882171e-16) pb

********************************
* real gluon emission - dipole *
********************************
The limits of integration are:

xl[0]=0.000000    xu[0]=1.000000
xl[1]=0.000000    xu[1]=1.000000
xl[2]=0.000000    xu[2]=1.000000
xl[3]=0.000000    xu[3]=1.000000
xl[4]=0.000000    xu[4]=1.000000
xl[5]=0.000000    xu[5]=1.000000

num_dim=6, calls=250, it_num=1, max_it_num=5 verb=0, alph=1.50,
mode=0, bins=50, boxes=1

       single.......iteration                   accumulated......results   
iteration     integral    sigma             integral         sigma     chi-sq/it

   1        -5.2973e-15   1.73e-15          -5.2973e-15      1.73e-15    0.00e+00
   2        -6.7598e-15   1.75e-15          -6.0203e-15      1.23e-15    3.55e-01
   3        -3.6182e-15   4.59e-16          -3.9129e-15      4.30e-16    1.86e+00
   4        -4.0799e-15   3.69e-16          -4.0091e-15      2.80e-16    1.27e+00
   5        -4.1793e-15   2.70e-16          -4.0973e-15      1.94e-16    9.98e-01

num_dim=6, calls=2500, it_num=1, max_it_num=3 verb=0, alph=1.50,
mode=0, bins=50, boxes=1

       single.......iteration                   accumulated......results   
iteration     integral    sigma             integral         sigma     chi-sq/it

   1        -4.5652e-15   9.46e-17          -4.5652e-15      9.46e-17    0.00e+00
   2        -4.5021e-15   6.17e-17          -4.5209e-15      5.17e-17    3.12e-01
   3        -4.6682e-15   6.86e-17          -4.5742e-15      4.13e-17    1.63e+00
   3        -4.5698e-15   6.37e-17          -4.5729e-15      3.46e-17    1.09e+00
rNLOg = (-4.5729310e-15 +- 3.4635091e-17) pb

**************************************************
* real light quark emission - dipole - (onshell) *
**************************************************
The limits of integration are:

xl[0]=0.000000    xu[0]=1.000000
xl[1]=0.000000    xu[1]=1.000000
xl[2]=0.000000    xu[2]=1.000000
xl[3]=0.000000    xu[3]=1.000000
xl[4]=0.000000    xu[4]=1.000000
xl[5]=0.000000    xu[5]=1.000000

num_dim=6, calls=5000, it_num=1, max_it_num=5 verb=0, alph=1.50,
mode=0, bins=50, boxes=1

       single.......iteration                   accumulated......results   
iteration     integral    sigma             integral         sigma     chi-sq/it

   1        1.2762e-14   1.07e-15          1.2762e-14      1.07e-15    0.00e+00
   2        1.3685e-14   3.21e-16          1.3609e-14      3.07e-16    6.85e-01
   3        1.3085e-14   1.52e-16          1.3188e-14      1.36e-16    1.51e+00
   4        1.2952e-14   1.17e-16          1.3052e-14      8.87e-17    1.58e+00
   5        1.3098e-14   1.06e-16          1.3071e-14      6.79e-17    1.21e+00

num_dim=6, calls=50000, it_num=1, max_it_num=5 verb=0, alph=1.50,
mode=0, bins=50, boxes=1

       single.......iteration                   accumulated......results   
iteration     integral    sigma             integral         sigma     chi-sq/it

   1        1.3042e-14   3.25e-17          1.3042e-14      3.25e-17    0.00e+00
   2        1.3123e-14   3.81e-17          1.3076e-14      2.47e-17    2.61e+00
   3        1.3168e-14   3.99e-17          1.3102e-14      2.10e-17    3.23e+00
   4        1.3098e-14   3.80e-17          1.3101e-14      1.84e-17    2.16e+00
   5        1.3125e-14   3.98e-17          1.3105e-14      1.67e-17    1.69e+00
   5        1.3089e-14   3.47e-17          1.3102e-14      1.50e-17    1.39e+00
rNLOq = (1.3102082e-14 +- 1.5043977e-17) pb
NLO = (1.9642786e-12 +- 9.2795305e-16) pb
#chisq/dof = 3.13591e-09
#status = success
#chisq/dof = 4.75047e-09
#status = success
#chisq/dof = 9.0867e-10
#status = success
#chisq/dof = 9.95494e-10
#status = success
#chisq/dof = 2.87072e-10
#status = success
#chisq/dof = 3.87949e-12
#status = success
#chisq/dof = 3.59046e-10
#status = success
#chisq/dof = 1.43538e-10
#status = success

*******************************************************
* threshold resummation (unimproved nnll) - expansion *
*******************************************************
The limits of integration are:

xl[0]=0.000000    xu[0]=1.000000
xl[1]=0.000000    xu[1]=1.000000
xl[2]=0.000000    xu[2]=1.000000

num_dim=3, calls=7000, it_num=1, max_it_num=5 verb=0, alph=1.50,
mode=0, bins=50, boxes=1

       single.......iteration                   accumulated......results   
iteration     integral    sigma             integral         sigma     chi-sq/it

   1        4.6027e-14   1.14e-13          4.6027e-14      1.14e-13    0.00e+00
   2        -3.1864e-14   4.20e-14          -2.2472e-14      3.94e-14    4.14e-01
   3        2.9336e-14   3.86e-14          3.9492e-15      2.76e-14    6.48e-01
   4        8.8090e-14   3.84e-14          3.2610e-14      2.24e-14    1.49e+00
   5        7.1411e-14   3.82e-14          4.2541e-14      1.93e-14    1.31e+00

num_dim=3, calls=35000, it_num=1, max_it_num=5 verb=0, alph=1.50,
mode=0, bins=50, boxes=1

       single.......iteration                   accumulated......results   
iteration     integral    sigma             integral         sigma     chi-sq/it

   1        -2.7913e-15   1.70e-14          -2.7913e-15      1.70e-14    0.00e+00
   2        -1.0081e-14   1.70e-14          -6.4427e-15      1.20e-14    9.17e-02
   3        -1.1609e-14   1.70e-14          -8.1638e-15      9.83e-15    7.66e-02
   4        -9.0243e-15   1.71e-14          -8.3774e-15      8.52e-15    5.17e-02
   5        -6.1324e-15   1.70e-14          -7.9254e-15      7.61e-15    4.23e-02
   5        -7.0881e-15   1.69e-14          -7.7846e-15      6.94e-15    3.42e-02
   5        -1.0361e-14   1.71e-14          -8.1495e-15      6.43e-15    3.18e-02
   5        -3.3564e-14   1.71e-14          -1.1289e-14      6.02e-15    3.03e-01
   5        -2.8838e-15   1.71e-14          -1.0365e-14      5.68e-15    2.91e-01
   5        -2.8296e-14   1.72e-14          -1.2129e-14      5.40e-15    3.68e-01
   5        -1.9090e-14   1.71e-14          -1.2757e-14      5.15e-15    3.46e-01
   5        -6.3865e-16   1.72e-14          -1.1766e-14      4.93e-15    3.56e-01
   5        -1.5301e-14   1.73e-14          -1.2032e-14      4.74e-15    3.29e-01
   5        3.7027e-14   1.73e-14          -8.6002e-15      4.57e-15    8.80e-01
   5        -8.1589e-15   1.74e-14          -8.5716e-15      4.42e-15    8.17e-01
   5        -1.6920e-14   1.74e-14          -9.0810e-15      4.29e-15    7.77e-01
   5        -5.2194e-15   1.73e-14          -8.8589e-15      4.16e-15    7.32e-01
   5        -3.7928e-14   1.74e-14          -1.0435e-14      4.05e-15    8.44e-01
   5        -3.2004e-15   1.75e-14          -1.0068e-14      3.94e-15    8.06e-01
   5        -1.3145e-14   1.76e-14          -1.0215e-14      3.85e-15    7.65e-01
   5        -4.5842e-15   1.76e-14          -9.9580e-15      3.76e-15    7.32e-01
   5        -2.4280e-14   1.76e-14          -1.0580e-14      3.68e-15    7.27e-01
   5        -1.0662e-15   1.75e-14          -1.0179e-14      3.60e-15    7.07e-01
   5        -2.0539e-14   1.78e-14          -1.0588e-14      3.53e-15    6.90e-01
   5        -1.4379e-14   1.77e-14          -1.0733e-14      3.46e-15    6.64e-01
   5        4.6498e-15   1.77e-14          -1.0167e-14      3.39e-15    6.66e-01
   5        -7.2847e-15   1.78e-14          -1.0066e-14      3.33e-15    6.41e-01
   5        4.5803e-15   1.77e-14          -9.5646e-15      3.28e-15    6.42e-01
   5        -6.3072e-15   1.77e-14          -9.4569e-15      3.22e-15    6.20e-01
   5        -6.0135e-15   1.79e-14          -9.3486e-15      3.17e-15    6.00e-01
   5        5.3068e-15   1.79e-14          -8.9031e-15      3.12e-15    6.02e-01
   5        6.9739e-15   1.79e-14          -8.4351e-15      3.08e-15    6.07e-01
   5        -5.3284e-15   1.81e-14          -8.3478e-15      3.03e-15    5.89e-01
   5        -8.4883e-16   1.80e-14          -8.1420e-15      2.99e-15    5.76e-01
   5        -2.7788e-14   1.81e-14          -8.6628e-15      2.95e-15    5.93e-01
   5        -1.2880e-15   1.83e-14          -8.4761e-15      2.91e-15    5.81e-01
   5        -4.8683e-14   1.80e-14          -9.4980e-15      2.88e-15    6.99e-01
   5        1.7258e-14   1.81e-14          -8.8362e-15      2.84e-15    7.38e-01
   5        -1.2467e-14   1.83e-14          -8.9215e-15      2.81e-15    7.20e-01
   5        -1.2416e-14   1.81e-14          -9.0034e-15      2.77e-15    7.02e-01
   5        -2.8499e-14   1.81e-14          -9.4488e-15      2.74e-15    7.13e-01
   5        -1.4333e-14   1.82e-14          -9.5569e-15      2.71e-15    6.97e-01
   5        -3.1748e-15   1.84e-14          -9.4209e-15      2.68e-15    6.83e-01
   5        -2.3091e-14   1.81e-14          -9.7137e-15      2.65e-15    6.80e-01
   5        -1.7815e-14   1.84e-14          -9.8782e-15      2.63e-15    6.69e-01
   5        -2.3918e-14   1.82e-14          -1.0164e-14      2.60e-15    6.67e-01
   5        3.5181e-15   1.85e-14          -9.8995e-15      2.57e-15    6.64e-01
   5        1.7333e-14   1.84e-14          -9.3753e-15      2.55e-15    6.96e-01
   5        -1.1046e-14   1.85e-14          -9.4065e-15      2.52e-15    6.82e-01
   5        -1.5431e-14   1.84e-14          -9.5181e-15      2.50e-15    6.70e-01
   5        -1.7149e-14   1.84e-14          -9.6560e-15      2.48e-15    6.60e-01
   5        1.0386e-14   1.85e-14          -9.3043e-15      2.46e-15    6.70e-01
   5        -9.8980e-15   1.87e-14          -9.3144e-15      2.44e-15    6.57e-01
   5        2.4792e-14   1.86e-14          -8.7371e-15      2.41e-15    7.07e-01
   5        -5.8904e-15   1.87e-14          -8.6903e-15      2.39e-15    6.94e-01
aNNLO+NNLL = (1.9555882e-12 +- 2.5684519e-15) pb

Results:
LO = (1.6175358e-12 +- 1.0878568e-15) pb
NLO = (1.9642786e-12 +- 9.2795305e-16) pb
aNNLO+NNLL = (1.9555882e-12 +- 2.5684519e-15) pb
Thanks for using LHAPDF 6.2.3. Please make sure to cite the paper:
  Eur.Phys.J. C75 (2015) 3, 132  (http://arxiv.org/abs/1412.7420)
 ====================================================
   FF 2.0, a package to evaluate one-loop integrals
 written by G. J. van Oldenborgh, NIKHEF-H, Amsterdam
 ====================================================
 for the algorithms used see preprint NIKHEF-H 89/17,
 'New Algorithms for One-loop Integrals', by G.J. van
 Oldenborgh and J.A.M. Vermaseren, published in 
 Zeitschrift fuer Physik C46(1990)425.
 ====================================================
 
total number of errors and warnings
===================================
fferr: no errors
 
