
  Welcome to Resummino git-latest
  Copyright 2008-2010 Jonathan Debove.
  Copyright 2011-2014 David R. Lamprea.
  Copyright 2011-2016 Marcel Rothering.

  Licensed under the EUPL 1.1 or later.
  See http://www.resummino.org/ for more information.

  If using Resummino for slepton pair production, please cite.
  - G. Bozzi, B. Fuks, M. Klasen, PRD 74, 015001 (2006); NPB 777, 157 (2007); NPB 794, 46 (2007).
  - B. Fuks, M. Klasen, D. R. Lamprea, M. Rothering, EPJC 73, 2480 (2013).

  For gaugino pair production, please cite:
  - J. Debove, B. Fuks, M. Klasen, PLB 688, 208 (2010); NPB 842, 51 (2011); NPB 849, 64 (2011).
  - B. Fuks, M. Klasen, D. R. Lamprea, M. Rothering, JHEP 1210, 081 (2012); EPJC 73, 2480 (2013).

  For associated gaugino gluino production, please cite:
  - B. Fuks, M. Klasen, M. Rothering, JHEP 07:053, (2016).
  - B. Fuks, M. Klasen, D. R. Lamprea, M. Rothering, EPJC 73, 2480 (2013).

LHAPDF 6.2.3 loading /pool/condor/dir_13942/resummino-releases/lhapdf-prefix/share/LHAPDF/PDF4LHC21_40/PDF4LHC21_40_0000.dat
PDF4LHC21_40 PDF set, member #0, version 1
 alpha_s(M_Z^2) = 0.1180 	 for LO PDF set 
 alpha_s(1400.000^2) = 0.0837 	 for LO PDF set 

********************
* LO cross section *
********************
The limits of integration are:

xl[0]=0.000000    xu[0]=1.000000
xl[1]=0.000000    xu[1]=1.000000
xl[2]=0.000000    xu[2]=1.000000

num_dim=3, calls=2000, it_num=1, max_it_num=5 verb=0, alph=1.50,
mode=0, bins=50, boxes=1

       single.......iteration                   accumulated......results   
iteration     integral    sigma             integral         sigma     chi-sq/it

   1        9.0967e-14   2.97e-15          9.0967e-14      2.97e-15    0.00e+00
   2        9.7571e-14   1.06e-15          9.6826e-14      9.95e-16    4.40e+00
   3        9.8408e-14   5.21e-16          9.8068e-14      4.62e-16    3.19e+00
   4        9.7763e-14   4.77e-16          9.7921e-14      3.32e-16    2.20e+00
   5        9.7892e-14   4.65e-16          9.7911e-14      2.70e-16    1.65e+00

num_dim=3, calls=20000, it_num=1, max_it_num=5 verb=0, alph=1.50,
mode=0, bins=50, boxes=1

       single.......iteration                   accumulated......results   
iteration     integral    sigma             integral         sigma     chi-sq/it

   1        9.7827e-14   1.49e-16          9.7827e-14      1.49e-16    0.00e+00
   2        9.7808e-14   1.43e-16          9.7818e-14      1.03e-16    8.49e-03
   3        9.7915e-14   1.38e-16          9.7853e-14      8.27e-17    1.64e-01
   4        9.7945e-14   1.47e-16          9.7875e-14      7.21e-17    2.09e-01
   5        9.7537e-14   1.53e-16          9.7813e-14      6.52e-17    1.16e+00
LO = (9.7813383e-14 +- 6.5173756e-17) pb
LHAPDF 6.2.3 loading /pool/condor/dir_13942/resummino-releases/lhapdf-prefix/share/LHAPDF/PDF4LHC21_40/PDF4LHC21_40_0028.dat
PDF4LHC21_40 PDF set, member #28, version 1
 alpha_s(M_Z^2) = 0.1180 	 for NLO PDF set 
 alpha_s(1400.000^2) = 0.0837 	 for NLO PDF set 

********************
* LO cross section *
********************
The limits of integration are:

xl[0]=0.000000    xu[0]=1.000000
xl[1]=0.000000    xu[1]=1.000000
xl[2]=0.000000    xu[2]=1.000000

num_dim=3, calls=2000, it_num=1, max_it_num=5 verb=0, alph=1.50,
mode=0, bins=50, boxes=1

       single.......iteration                   accumulated......results   
iteration     integral    sigma             integral         sigma     chi-sq/it

   1        8.5802e-14   2.91e-15          8.5802e-14      2.91e-15    0.00e+00
   2        9.2451e-14   1.03e-15          9.1709e-14      9.72e-16    4.64e+00
   3        9.3331e-14   5.05e-16          9.2985e-14      4.48e-16    3.42e+00
   4        9.2738e-14   4.63e-16          9.2866e-14      3.22e-16    2.33e+00
   5        9.2851e-14   4.54e-16          9.2861e-14      2.63e-16    1.74e+00

num_dim=3, calls=20000, it_num=1, max_it_num=5 verb=0, alph=1.50,
mode=0, bins=50, boxes=1

       single.......iteration                   accumulated......results   
iteration     integral    sigma             integral         sigma     chi-sq/it

   1        9.2759e-14   1.47e-16          9.2759e-14      1.47e-16    0.00e+00
   2        9.2747e-14   1.40e-16          9.2752e-14      1.01e-16    3.53e-03
   3        9.2869e-14   1.34e-16          9.2795e-14      8.09e-17    2.44e-01
   4        9.2866e-14   1.44e-16          9.2812e-14      7.05e-17    2.25e-01
   5        9.2460e-14   1.50e-16          9.2748e-14      6.38e-17    1.30e+00
   5        9.2655e-14   1.47e-16          9.2734e-14      5.85e-17    1.10e+00
   5        9.2952e-14   1.46e-16          9.2764e-14      5.43e-17    1.24e+00
   5        9.2661e-14   1.50e-16          9.2752e-14      5.11e-17    1.12e+00
   5        9.2713e-14   1.52e-16          9.2748e-14      4.84e-17    9.92e-01
   5        9.2641e-14   1.54e-16          9.2738e-14      4.62e-17    9.31e-01
   5        9.2619e-14   1.61e-16          9.2729e-14      4.44e-17    8.88e-01
   5        9.2740e-14   1.63e-16          9.2730e-14      4.28e-17    8.08e-01
   5        9.2810e-14   1.69e-16          9.2735e-14      4.15e-17    7.58e-01
   5        9.2619e-14   1.79e-16          9.2729e-14      4.04e-17    7.30e-01
   5        9.2756e-14   1.90e-16          9.2730e-14      3.96e-17    6.80e-01
   5        9.2679e-14   1.98e-16          9.2728e-14      3.88e-17    6.38e-01
   5        9.2442e-14   1.97e-16          9.2718e-14      3.81e-17    7.26e-01
   5        9.3097e-14   2.04e-16          9.2730e-14      3.74e-17    8.80e-01
   5        9.2902e-14   2.17e-16          9.2735e-14      3.69e-17    8.65e-01
   5        9.2791e-14   2.14e-16          9.2737e-14      3.63e-17    8.22e-01
   5        9.2474e-14   2.27e-16          9.2730e-14      3.59e-17    8.47e-01
   5        9.2638e-14   2.37e-16          9.2728e-14      3.55e-17    8.14e-01
   5        9.3027e-14   2.34e-16          9.2735e-14      3.51e-17    8.50e-01
   5        9.2740e-14   2.53e-16          9.2735e-14      3.47e-17    8.13e-01
   5        9.2933e-14   2.52e-16          9.2739e-14      3.44e-17    8.04e-01
   5        9.2657e-14   2.62e-16          9.2737e-14      3.41e-17    7.76e-01
   5        9.3123e-14   2.84e-16          9.2743e-14      3.39e-17    8.16e-01
   5        9.2738e-14   2.64e-16          9.2743e-14      3.36e-17    7.86e-01
   5        9.2686e-14   2.71e-16          9.2742e-14      3.33e-17    7.59e-01
   5        9.2933e-14   2.85e-16          9.2744e-14      3.31e-17    7.48e-01
   5        9.2853e-14   2.83e-16          9.2746e-14      3.29e-17    7.28e-01
   5        9.2632e-14   2.96e-16          9.2745e-14      3.27e-17    7.09e-01
   5        9.3019e-14   2.96e-16          9.2748e-14      3.25e-17    7.14e-01
LO = (9.2747836e-14 +- 3.2495041e-17) pb

*******************************************
* virtual corrections + integrated dipole *
*******************************************
The limits of integration are:

xl[0]=0.000000    xu[0]=1.000000
xl[1]=0.000000    xu[1]=1.000000
xl[2]=0.000000    xu[2]=1.000000

num_dim=3, calls=240, it_num=1, max_it_num=5 verb=0, alph=1.50,
mode=0, bins=50, boxes=1

       single.......iteration                   accumulated......results   
iteration     integral    sigma             integral         sigma     chi-sq/it

   1        9.8463e-15   9.87e-16          9.8463e-15      9.87e-16    0.00e+00
   2        1.0511e-14   5.51e-16          1.0353e-14      4.81e-16    3.46e-01
   3        1.1725e-14   3.02e-16          1.1337e-14      2.56e-16    3.08e+00
   4        1.1862e-14   2.46e-16          1.1610e-14      1.77e-16    2.79e+00
   5        1.1852e-14   2.31e-16          1.1700e-14      1.41e-16    2.26e+00

num_dim=3, calls=1200, it_num=1, max_it_num=3 verb=0, alph=1.50,
mode=0, bins=50, boxes=1

       single.......iteration                   accumulated......results   
iteration     integral    sigma             integral         sigma     chi-sq/it

   1        1.1406e-14   1.03e-16          1.1406e-14      1.03e-16    0.00e+00
   2        1.1632e-14   8.58e-17          1.1540e-14      6.59e-17    2.85e+00
   3        1.1582e-14   8.13e-17          1.1556e-14      5.12e-17    1.51e+00
   3        1.1664e-14   7.19e-17          1.1593e-14      4.17e-17    1.50e+00
   3        1.1505e-14   8.15e-17          1.1574e-14      3.71e-17    1.36e+00
   3        1.1623e-14   7.57e-17          1.1584e-14      3.33e-17    1.15e+00
   3        1.1576e-14   8.33e-17          1.1583e-14      3.10e-17    9.61e-01
vNLO = (1.1582711e-14 +- 3.0952945e-17) pb

*****************************
* collinear remainder (P+K) *
*****************************
The limits of integration are:

xl[0]=0.000000    xu[0]=1.000000
xl[1]=0.000000    xu[1]=1.000000
xl[2]=0.000000    xu[2]=1.000000
xl[3]=0.000000    xu[3]=1.000000

num_dim=4, calls=2500, it_num=1, max_it_num=5 verb=0, alph=1.50,
mode=0, bins=50, boxes=1

       single.......iteration                   accumulated......results   
iteration     integral    sigma             integral         sigma     chi-sq/it

   1        1.2839e-14   8.00e-16          1.2839e-14      8.00e-16    0.00e+00
   2        1.3223e-14   3.04e-16          1.3174e-14      2.84e-16    2.01e-01
   3        1.3323e-14   2.44e-16          1.3260e-14      1.85e-16    1.79e-01
   4        1.3373e-14   2.34e-16          1.3303e-14      1.45e-16    1.67e-01
   5        1.3498e-14   2.28e-16          1.3359e-14      1.22e-16    2.54e-01

num_dim=4, calls=25000, it_num=1, max_it_num=3 verb=0, alph=1.50,
mode=0, bins=50, boxes=1

       single.......iteration                   accumulated......results   
iteration     integral    sigma             integral         sigma     chi-sq/it

   1        1.3572e-14   7.15e-17          1.3572e-14      7.15e-17    0.00e+00
   2        1.3578e-14   7.11e-17          1.3575e-14      5.04e-17    3.39e-03
   3        1.3386e-14   7.20e-17          1.3513e-14      4.13e-17    2.31e+00
   3        1.3472e-14   7.18e-17          1.3503e-14      3.58e-17    1.62e+00
   3        1.3352e-14   7.26e-17          1.3473e-14      3.21e-17    2.08e+00
   3        1.3332e-14   7.22e-17          1.3450e-14      2.93e-17    2.31e+00
   3        1.3422e-14   7.19e-17          1.3446e-14      2.72e-17    1.95e+00
   3        1.3445e-14   7.24e-17          1.3446e-14      2.54e-17    1.67e+00
   3        1.3417e-14   7.36e-17          1.3443e-14      2.40e-17    1.48e+00
P+K = (1.3442789e-14 +- 2.4037333e-17) pb

********************************
* real gluon emission - dipole *
********************************
The limits of integration are:

xl[0]=0.000000    xu[0]=1.000000
xl[1]=0.000000    xu[1]=1.000000
xl[2]=0.000000    xu[2]=1.000000
xl[3]=0.000000    xu[3]=1.000000
xl[4]=0.000000    xu[4]=1.000000
xl[5]=0.000000    xu[5]=1.000000

num_dim=6, calls=250, it_num=1, max_it_num=5 verb=0, alph=1.50,
mode=0, bins=50, boxes=1

       single.......iteration                   accumulated......results   
iteration     integral    sigma             integral         sigma     chi-sq/it

   1        -1.4389e-16   4.99e-17          -1.4389e-16      4.99e-17    0.00e+00
   2        -1.8210e-16   4.69e-17          -1.6418e-16      3.42e-17    3.12e-01
   3        -8.9225e-17   9.74e-18          -9.4864e-17      9.37e-18    2.38e+00
   4        -1.1707e-16   1.35e-17          -1.0207e-16      7.70e-18    2.20e+00
   5        -1.1637e-16   7.63e-18          -1.0929e-16      5.42e-18    2.08e+00

num_dim=6, calls=2500, it_num=1, max_it_num=3 verb=0, alph=1.50,
mode=0, bins=50, boxes=1

       single.......iteration                   accumulated......results   
iteration     integral    sigma             integral         sigma     chi-sq/it

   1        -1.2400e-16   2.67e-18          -1.2400e-16      2.67e-18    0.00e+00
   2        -1.2465e-16   1.68e-18          -1.2447e-16      1.42e-18    4.25e-02
   3        -1.2658e-16   1.64e-18          -1.2537e-16      1.07e-18    4.96e-01
rNLOg = (-1.2537156e-16 +- 1.0732076e-18) pb

**************************************************
* real light quark emission - dipole - (onshell) *
**************************************************
The limits of integration are:

xl[0]=0.000000    xu[0]=1.000000
xl[1]=0.000000    xu[1]=1.000000
xl[2]=0.000000    xu[2]=1.000000
xl[3]=0.000000    xu[3]=1.000000
xl[4]=0.000000    xu[4]=1.000000
xl[5]=0.000000    xu[5]=1.000000

num_dim=6, calls=5000, it_num=1, max_it_num=5 verb=0, alph=1.50,
mode=0, bins=50, boxes=1

       single.......iteration                   accumulated......results   
iteration     integral    sigma             integral         sigma     chi-sq/it

   1        3.3197e-16   2.03e-17          3.3197e-16      2.03e-17    0.00e+00
   2        3.3571e-16   6.98e-18          3.3532e-16      6.60e-18    3.03e-02
   3        3.2384e-16   3.55e-18          3.2642e-16      3.13e-18    1.19e+00
   4        3.2427e-16   2.51e-18          3.2512e-16      1.96e-18    8.87e-01
   5        3.2417e-16   2.21e-18          3.2470e-16      1.47e-18    6.91e-01

num_dim=6, calls=50000, it_num=1, max_it_num=5 verb=0, alph=1.50,
mode=0, bins=50, boxes=1

       single.......iteration                   accumulated......results   
iteration     integral    sigma             integral         sigma     chi-sq/it

   1        3.2390e-16   6.81e-19          3.2390e-16      6.81e-19    0.00e+00
   2        3.2603e-16   9.86e-19          3.2459e-16      5.60e-19    3.18e+00
   3        3.2660e-16   9.68e-19          3.2509e-16      4.85e-19    3.20e+00
   4        3.2452e-16   7.98e-19          3.2494e-16      4.14e-19    2.26e+00
   5        3.2565e-16   8.78e-19          3.2507e-16      3.75e-19    1.83e+00
rNLOq = (3.2506825e-16 +- 3.7469394e-19) pb
NLO = (1.1797303e-13 +- 5.0922471e-17) pb
#chisq/dof = 1.98312e-09
#status = success
#chisq/dof = 9.62428e-10
#status = success
#chisq/dof = 5.32428e-10
#status = success
#chisq/dof = 6.90127e-10
#status = success
#chisq/dof = 1.14297e-10
#status = success
#chisq/dof = 3.35884e-12
#status = success
#chisq/dof = 2.62254e-10
#status = success
#chisq/dof = 8.69423e-11
#status = success

*******************************************************
* threshold resummation (unimproved nnll) - expansion *
*******************************************************
The limits of integration are:

xl[0]=0.000000    xu[0]=1.000000
xl[1]=0.000000    xu[1]=1.000000
xl[2]=0.000000    xu[2]=1.000000

num_dim=3, calls=7000, it_num=1, max_it_num=5 verb=0, alph=1.50,
mode=0, bins=50, boxes=1

       single.......iteration                   accumulated......results   
iteration     integral    sigma             integral         sigma     chi-sq/it

   1        7.2462e-16   6.32e-16          7.2462e-16      6.32e-16    0.00e+00
   2        1.2570e-15   3.16e-16          1.1506e-15      2.83e-16    5.68e-01
   3        6.4834e-16   2.92e-16          9.0790e-16      2.03e-16    1.05e+00
   4        6.5617e-16   2.96e-16          8.2714e-16      1.67e-16    8.62e-01
   5        5.7174e-16   2.96e-16          7.6516e-16      1.46e-16    7.88e-01

num_dim=3, calls=35000, it_num=1, max_it_num=5 verb=0, alph=1.50,
mode=0, bins=50, boxes=1

       single.......iteration                   accumulated......results   
iteration     integral    sigma             integral         sigma     chi-sq/it

   1        1.3494e-15   1.30e-16          1.3494e-15      1.30e-16    0.00e+00
   2        1.3441e-15   1.31e-16          1.3467e-15      9.23e-17    8.30e-04
   3        1.2207e-15   1.31e-16          1.3048e-15      7.54e-17    3.11e-01
   4        1.3622e-15   1.30e-16          1.3192e-15      6.53e-17    2.56e-01
   5        1.2477e-15   1.30e-16          1.3049e-15      5.83e-17    2.52e-01
   5        1.2322e-15   1.30e-16          1.2927e-15      5.32e-17    2.53e-01
   5        1.2603e-15   1.30e-16          1.2881e-15      4.93e-17    2.20e-01
   5        1.3453e-15   1.31e-16          1.2952e-15      4.61e-17    2.12e-01
   5        1.3203e-15   1.31e-16          1.2979e-15      4.35e-17    1.90e-01
   5        1.3450e-15   1.31e-16          1.3026e-15      4.13e-17    1.82e-01
   5        1.2884e-15   1.31e-16          1.3013e-15      3.94e-17    1.65e-01
   5        1.3587e-15   1.31e-16          1.3061e-15      3.77e-17    1.66e-01
   5        1.2363e-15   1.31e-16          1.3007e-15      3.63e-17    1.74e-01
   5        1.1622e-15   1.31e-16          1.2908e-15      3.49e-17    2.40e-01
   5        1.3991e-15   1.32e-16          1.2979e-15      3.38e-17    2.68e-01
   5        1.6796e-15   1.31e-16          1.3217e-15      3.27e-17    7.80e-01
   5        1.2756e-15   1.32e-16          1.3190e-15      3.18e-17    7.38e-01
aNNLO+NNLL = (1.1929202e-13 +- 6.0010484e-17) pb

Results:
LO = (9.7813383e-14 +- 6.5173756e-17) pb
NLO = (1.1797303e-13 +- 5.0922471e-17) pb
aNNLO+NNLL = (1.1929202e-13 +- 6.0010484e-17) pb
Thanks for using LHAPDF 6.2.3. Please make sure to cite the paper:
  Eur.Phys.J. C75 (2015) 3, 132  (http://arxiv.org/abs/1412.7420)
 ====================================================
   FF 2.0, a package to evaluate one-loop integrals
 written by G. J. van Oldenborgh, NIKHEF-H, Amsterdam
 ====================================================
 for the algorithms used see preprint NIKHEF-H 89/17,
 'New Algorithms for One-loop Integrals', by G.J. van
 Oldenborgh and J.A.M. Vermaseren, published in 
 Zeitschrift fuer Physik C46(1990)425.
 ====================================================
 
total number of errors and warnings
===================================
fferr: no errors
 
