
  Welcome to Resummino git-latest
  Copyright 2008-2010 Jonathan Debove.
  Copyright 2011-2014 David R. Lamprea.
  Copyright 2011-2016 Marcel Rothering.

  Licensed under the EUPL 1.1 or later.
  See http://www.resummino.org/ for more information.

  If using Resummino for slepton pair production, please cite.
  - G. Bozzi, B. Fuks, M. Klasen, PRD 74, 015001 (2006); NPB 777, 157 (2007); NPB 794, 46 (2007).
  - B. Fuks, M. Klasen, D. R. Lamprea, M. Rothering, EPJC 73, 2480 (2013).

  For gaugino pair production, please cite:
  - J. Debove, B. Fuks, M. Klasen, PLB 688, 208 (2010); NPB 842, 51 (2011); NPB 849, 64 (2011).
  - B. Fuks, M. Klasen, D. R. Lamprea, M. Rothering, JHEP 1210, 081 (2012); EPJC 73, 2480 (2013).

  For associated gaugino gluino production, please cite:
  - B. Fuks, M. Klasen, M. Rothering, JHEP 07:053, (2016).
  - B. Fuks, M. Klasen, D. R. Lamprea, M. Rothering, EPJC 73, 2480 (2013).

LHAPDF 6.2.3 loading /pool/condor/dir_8081/resummino-releases/lhapdf-prefix/share/LHAPDF/PDF4LHC21_40/PDF4LHC21_40_0000.dat
PDF4LHC21_40 PDF set, member #0, version 1
 alpha_s(M_Z^2) = 0.1180 	 for LO PDF set 
 alpha_s(4000.000^2) = 0.0754 	 for LO PDF set 

********************
* LO cross section *
********************
The limits of integration are:

xl[0]=0.000000    xu[0]=1.000000
xl[1]=0.000000    xu[1]=1.000000
xl[2]=0.000000    xu[2]=1.000000

num_dim=3, calls=2000, it_num=1, max_it_num=5 verb=0, alph=1.50,
mode=0, bins=50, boxes=1

       single.......iteration                   accumulated......results   
iteration     integral    sigma             integral         sigma     chi-sq/it

   1        1.2799e-14   3.81e-16          1.2799e-14      3.81e-16    0.00e+00
   2        1.3673e-14   1.41e-16          1.3568e-14      1.32e-16    4.63e+00
   3        1.3737e-14   7.57e-17          1.3695e-14      6.57e-17    2.93e+00
   4        1.3599e-14   7.25e-17          1.3652e-14      4.87e-17    2.28e+00
   5        1.3678e-14   6.85e-17          1.3661e-14      3.97e-17    1.73e+00

num_dim=3, calls=20000, it_num=1, max_it_num=5 verb=0, alph=1.50,
mode=0, bins=50, boxes=1

       single.......iteration                   accumulated......results   
iteration     integral    sigma             integral         sigma     chi-sq/it

   1        1.3679e-14   2.21e-17          1.3679e-14      2.21e-17    0.00e+00
   2        1.3683e-14   2.14e-17          1.3681e-14      1.54e-17    1.22e-02
   3        1.3669e-14   2.01e-17          1.3676e-14      1.22e-17    1.27e-01
   4        1.3680e-14   2.15e-17          1.3677e-14      1.06e-17    9.04e-02
   5        1.3634e-14   2.25e-17          1.3669e-14      9.61e-18    8.06e-01
LO = (1.3669389e-14 +- 9.6071105e-18) pb
LHAPDF 6.2.3 loading /pool/condor/dir_8081/resummino-releases/lhapdf-prefix/share/LHAPDF/PDF4LHC21_40/PDF4LHC21_40_0000.dat
PDF4LHC21_40 PDF set, member #0, version 1
 alpha_s(M_Z^2) = 0.1180 	 for NLO PDF set 
 alpha_s(4000.000^2) = 0.0754 	 for NLO PDF set 

********************
* LO cross section *
********************
The limits of integration are:

xl[0]=0.000000    xu[0]=1.000000
xl[1]=0.000000    xu[1]=1.000000
xl[2]=0.000000    xu[2]=1.000000

num_dim=3, calls=2000, it_num=1, max_it_num=5 verb=0, alph=1.50,
mode=0, bins=50, boxes=1

       single.......iteration                   accumulated......results   
iteration     integral    sigma             integral         sigma     chi-sq/it

   1        1.2799e-14   3.81e-16          1.2799e-14      3.81e-16    0.00e+00
   2        1.3673e-14   1.41e-16          1.3568e-14      1.32e-16    4.63e+00
   3        1.3737e-14   7.57e-17          1.3695e-14      6.57e-17    2.93e+00
   4        1.3599e-14   7.25e-17          1.3652e-14      4.87e-17    2.28e+00
   5        1.3678e-14   6.85e-17          1.3661e-14      3.97e-17    1.73e+00

num_dim=3, calls=20000, it_num=1, max_it_num=5 verb=0, alph=1.50,
mode=0, bins=50, boxes=1

       single.......iteration                   accumulated......results   
iteration     integral    sigma             integral         sigma     chi-sq/it

   1        1.3679e-14   2.21e-17          1.3679e-14      2.21e-17    0.00e+00
   2        1.3683e-14   2.14e-17          1.3681e-14      1.54e-17    1.22e-02
   3        1.3669e-14   2.01e-17          1.3676e-14      1.22e-17    1.27e-01
   4        1.3680e-14   2.15e-17          1.3677e-14      1.06e-17    9.04e-02
   5        1.3634e-14   2.25e-17          1.3669e-14      9.61e-18    8.06e-01
   5        1.3638e-14   2.20e-17          1.3664e-14      8.80e-18    9.78e-01
   5        1.3693e-14   2.19e-17          1.3668e-14      8.17e-18    1.06e+00
   5        1.3650e-14   2.24e-17          1.3666e-14      7.67e-18    9.92e-01
   5        1.3677e-14   2.29e-17          1.3667e-14      7.28e-18    8.92e-01
   5        1.3646e-14   2.32e-17          1.3665e-14      6.94e-18    8.81e-01
   5        1.3643e-14   2.38e-17          1.3664e-14      6.66e-18    8.76e-01
   5        1.3682e-14   2.42e-17          1.3665e-14      6.43e-18    8.46e-01
   5        1.3681e-14   2.47e-17          1.3666e-14      6.22e-18    8.09e-01
   5        1.3667e-14   2.60e-17          1.3666e-14      6.05e-18    7.47e-01
   5        1.3669e-14   2.74e-17          1.3666e-14      5.91e-18    6.94e-01
   5        1.3647e-14   2.86e-17          1.3665e-14      5.78e-18    6.78e-01
   5        1.3615e-14   2.84e-17          1.3663e-14      5.67e-18    8.25e-01
   5        1.3708e-14   2.93e-17          1.3665e-14      5.56e-18    9.07e-01
   5        1.3686e-14   3.11e-17          1.3666e-14      5.48e-18    8.83e-01
   5        1.3651e-14   3.21e-17          1.3665e-14      5.40e-18    8.46e-01
   5        1.3618e-14   3.33e-17          1.3664e-14      5.33e-18    9.04e-01
   5        1.3656e-14   3.41e-17          1.3664e-14      5.27e-18    8.63e-01
   5        1.3713e-14   3.52e-17          1.3665e-14      5.21e-18    9.13e-01
   5        1.3665e-14   3.85e-17          1.3665e-14      5.16e-18    8.73e-01
   5        1.3677e-14   3.80e-17          1.3665e-14      5.11e-18    8.41e-01
   5        1.3613e-14   3.92e-17          1.3664e-14      5.07e-18    8.76e-01
   5        1.3729e-14   4.16e-17          1.3665e-14      5.03e-18    9.33e-01
   5        1.3665e-14   4.09e-17          1.3665e-14      5.00e-18    8.98e-01
   5        1.3652e-14   4.21e-17          1.3665e-14      4.96e-18    8.69e-01
   5        1.3679e-14   4.21e-17          1.3665e-14      4.93e-18    8.43e-01
   5        1.3663e-14   4.24e-17          1.3665e-14      4.89e-18    8.15e-01
   5        1.3632e-14   4.32e-17          1.3665e-14      4.86e-18    8.08e-01
   5        1.3695e-14   4.41e-17          1.3665e-14      4.83e-18    7.97e-01
   5        1.3648e-14   4.65e-17          1.3665e-14      4.81e-18    7.77e-01
   5        1.3598e-14   4.70e-17          1.3664e-14      4.78e-18    8.13e-01
   5        1.3722e-14   4.87e-17          1.3665e-14      4.76e-18    8.29e-01
   5        1.3538e-14   4.85e-17          1.3664e-14      4.74e-18    9.94e-01
   5        1.3566e-14   4.83e-17          1.3663e-14      4.71e-18    1.07e+00
   5        1.3696e-14   4.94e-17          1.3663e-14      4.69e-18    1.06e+00
   5        1.3644e-14   5.13e-17          1.3663e-14      4.67e-18    1.03e+00
   5        1.3654e-14   4.77e-17          1.3663e-14      4.65e-18    1.01e+00
   5        1.3621e-14   4.79e-17          1.3662e-14      4.63e-18    1.00e+00
   5        1.3776e-14   4.94e-17          1.3663e-14      4.61e-18    1.11e+00
   5        1.3679e-14   4.83e-17          1.3663e-14      4.59e-18    1.08e+00
   5        1.3633e-14   4.80e-17          1.3663e-14      4.57e-18    1.07e+00
   5        1.3654e-14   4.80e-17          1.3663e-14      4.55e-18    1.04e+00
LO = (1.3663059e-14 +- 4.5469066e-18) pb

*******************************************
* virtual corrections + integrated dipole *
*******************************************
The limits of integration are:

xl[0]=0.000000    xu[0]=1.000000
xl[1]=0.000000    xu[1]=1.000000
xl[2]=0.000000    xu[2]=1.000000

num_dim=3, calls=240, it_num=1, max_it_num=5 verb=0, alph=1.50,
mode=0, bins=50, boxes=1

       single.......iteration                   accumulated......results   
iteration     integral    sigma             integral         sigma     chi-sq/it

   1        1.3198e-15   1.16e-16          1.3198e-15      1.16e-16    0.00e+00
   2        1.4198e-15   7.01e-17          1.3931e-15      6.01e-17    5.43e-01
   3        1.5392e-15   3.70e-17          1.4989e-15      3.15e-17    2.41e+00
   4        1.5869e-15   4.10e-17          1.5316e-15      2.50e-17    2.57e+00
   5        1.5669e-15   3.60e-17          1.5431e-15      2.05e-17    2.09e+00

num_dim=3, calls=1200, it_num=1, max_it_num=3 verb=0, alph=1.50,
mode=0, bins=50, boxes=1

       single.......iteration                   accumulated......results   
iteration     integral    sigma             integral         sigma     chi-sq/it

   1        1.5169e-15   1.36e-17          1.5169e-15      1.36e-17    0.00e+00
   2        1.5409e-15   1.15e-17          1.5308e-15      8.80e-18    1.80e+00
   3        1.5419e-15   1.20e-17          1.5347e-15      7.09e-18    1.18e+00
   3        1.5461e-15   1.03e-17          1.5384e-15      5.85e-18    1.06e+00
   3        1.5243e-15   1.17e-17          1.5356e-15      5.23e-18    1.08e+00
   3        1.5369e-15   1.02e-17          1.5358e-15      4.65e-18    8.69e-01
   3        1.5403e-15   1.09e-17          1.5365e-15      4.28e-18    7.47e-01
vNLO = (1.5365172e-15 +- 4.2826542e-18) pb

*****************************
* collinear remainder (P+K) *
*****************************
The limits of integration are:

xl[0]=0.000000    xu[0]=1.000000
xl[1]=0.000000    xu[1]=1.000000
xl[2]=0.000000    xu[2]=1.000000
xl[3]=0.000000    xu[3]=1.000000

num_dim=4, calls=2500, it_num=1, max_it_num=5 verb=0, alph=1.50,
mode=0, bins=50, boxes=1

       single.......iteration                   accumulated......results   
iteration     integral    sigma             integral         sigma     chi-sq/it

   1        2.3090e-15   1.12e-16          2.3090e-15      1.12e-16    0.00e+00
   2        2.3366e-15   4.45e-17          2.3329e-15      4.14e-17    5.21e-02
   3        2.3581e-15   3.43e-17          2.3479e-15      2.64e-17    1.36e-01
   4        2.3661e-15   3.26e-17          2.3551e-15      2.05e-17    1.54e-01
   5        2.3771e-15   3.23e-17          2.3614e-15      1.73e-17    1.98e-01

num_dim=4, calls=25000, it_num=1, max_it_num=3 verb=0, alph=1.50,
mode=0, bins=50, boxes=1

       single.......iteration                   accumulated......results   
iteration     integral    sigma             integral         sigma     chi-sq/it

   1        2.3842e-15   9.97e-18          2.3842e-15      9.97e-18    0.00e+00
   2        2.3900e-15   9.93e-18          2.3871e-15      7.04e-18    1.69e-01
   3        2.3674e-15   1.01e-17          2.3806e-15      5.77e-18    1.37e+00
   3        2.3748e-15   1.00e-17          2.3792e-15      5.00e-18    9.98e-01
   3        2.3583e-15   1.01e-17          2.3751e-15      4.48e-18    1.61e+00
   3        2.3572e-15   1.01e-17          2.3721e-15      4.10e-18    1.81e+00
   3        2.3666e-15   9.99e-18          2.3713e-15      3.79e-18    1.55e+00
   3        2.3712e-15   1.01e-17          2.3713e-15      3.55e-18    1.33e+00
P+K = (2.3713237e-15 +- 3.5495776e-18) pb

********************************
* real gluon emission - dipole *
********************************
The limits of integration are:

xl[0]=0.000000    xu[0]=1.000000
xl[1]=0.000000    xu[1]=1.000000
xl[2]=0.000000    xu[2]=1.000000
xl[3]=0.000000    xu[3]=1.000000
xl[4]=0.000000    xu[4]=1.000000
xl[5]=0.000000    xu[5]=1.000000

num_dim=6, calls=250, it_num=1, max_it_num=5 verb=0, alph=1.50,
mode=0, bins=50, boxes=1

       single.......iteration                   accumulated......results   
iteration     integral    sigma             integral         sigma     chi-sq/it

   1        -1.3285e-17   4.29e-18          -1.3285e-17      4.29e-18    0.00e+00
   2        -1.7456e-17   4.05e-18          -1.5491e-17      2.94e-18    5.01e-01
   3        -9.0496e-18   8.51e-19          -9.5464e-18      8.17e-19    2.46e+00
   4        -1.1008e-17   1.53e-18          -9.8707e-18      7.21e-19    1.88e+00
   5        -1.1098e-17   1.26e-18          -1.0173e-17      6.26e-19    1.59e+00

num_dim=6, calls=2500, it_num=1, max_it_num=3 verb=0, alph=1.50,
mode=0, bins=50, boxes=1

       single.......iteration                   accumulated......results   
iteration     integral    sigma             integral         sigma     chi-sq/it

   1        -1.1916e-17   2.90e-19          -1.1916e-17      2.90e-19    0.00e+00
   2        -1.1973e-17   1.75e-19          -1.1958e-17      1.50e-19    2.84e-02
   3        -1.2305e-17   1.89e-19          -1.2092e-17      1.17e-19    1.05e+00
rNLOg = (-1.2091803e-17 +- 1.1748185e-19) pb

**************************************************
* real light quark emission - dipole - (onshell) *
**************************************************
The limits of integration are:

xl[0]=0.000000    xu[0]=1.000000
xl[1]=0.000000    xu[1]=1.000000
xl[2]=0.000000    xu[2]=1.000000
xl[3]=0.000000    xu[3]=1.000000
xl[4]=0.000000    xu[4]=1.000000
xl[5]=0.000000    xu[5]=1.000000

num_dim=6, calls=5000, it_num=1, max_it_num=5 verb=0, alph=1.50,
mode=0, bins=50, boxes=1

       single.......iteration                   accumulated......results   
iteration     integral    sigma             integral         sigma     chi-sq/it

   1        2.3693e-17   1.55e-18          2.3693e-17      1.55e-18    0.00e+00
   2        2.2732e-17   4.44e-19          2.2805e-17      4.27e-19    3.55e-01
   3        2.2347e-17   2.21e-19          2.2444e-17      1.96e-19    6.30e-01
   4        2.2248e-17   1.67e-19          2.2330e-17      1.27e-19    6.13e-01
   5        2.2287e-17   1.53e-19          2.2313e-17      9.78e-20    4.72e-01

num_dim=6, calls=50000, it_num=1, max_it_num=5 verb=0, alph=1.50,
mode=0, bins=50, boxes=1

       single.......iteration                   accumulated......results   
iteration     integral    sigma             integral         sigma     chi-sq/it

   1        2.2260e-17   4.57e-20          2.2260e-17      4.57e-20    0.00e+00
   2        2.2405e-17   6.27e-20          2.2310e-17      3.70e-20    3.49e+00
   3        2.2434e-17   6.27e-20          2.2342e-17      3.18e-20    3.18e+00
   4        2.2327e-17   4.89e-20          2.2338e-17      2.67e-20    2.14e+00
   5        2.2372e-17   5.57e-20          2.2344e-17      2.41e-20    1.68e+00
rNLOq = (2.2344120e-17 +- 2.4060595e-20) pb
NLO = (1.7581152e-14 +- 7.1853579e-18) pb
#chisq/dof = 1.99926e-09
#status = success
#chisq/dof = 4.34087e-10
#status = success
#chisq/dof = 6.19666e-10
#status = success
#chisq/dof = 5.06058e-10
#status = success
#chisq/dof = 6.20213e-11
#status = success
#chisq/dof = 3.41275e-12
#status = success
#chisq/dof = 1.75797e-10
#status = success
#chisq/dof = 1.7346e-11
#status = success

*******************************************************
* threshold resummation (unimproved nnll) - expansion *
*******************************************************
The limits of integration are:

xl[0]=0.000000    xu[0]=1.000000
xl[1]=0.000000    xu[1]=1.000000
xl[2]=0.000000    xu[2]=1.000000

num_dim=3, calls=7000, it_num=1, max_it_num=5 verb=0, alph=1.50,
mode=0, bins=50, boxes=1

       single.......iteration                   accumulated......results   
iteration     integral    sigma             integral         sigma     chi-sq/it

   1        2.1295e-16   2.85e-16          2.1295e-16      2.85e-16    0.00e+00
   2        6.1133e-16   9.88e-17          5.6865e-16      9.34e-17    1.74e+00
   3        4.8096e-16   8.46e-17          5.2052e-16      6.27e-17    1.11e+00
   4        4.9889e-16   8.40e-17          5.1279e-16      5.03e-17    7.56e-01
   5        5.2155e-16   8.38e-17          5.1510e-16      4.31e-17    5.69e-01

num_dim=3, calls=35000, it_num=1, max_it_num=5 verb=0, alph=1.50,
mode=0, bins=50, boxes=1

       single.......iteration                   accumulated......results   
iteration     integral    sigma             integral         sigma     chi-sq/it

   1        5.2257e-16   3.73e-17          5.2257e-16      3.73e-17    0.00e+00
   2        5.7344e-16   3.73e-17          5.4797e-16      2.64e-17    9.30e-01
   3        5.7901e-16   3.71e-17          5.5838e-16      2.15e-17    6.97e-01
   4        5.9265e-16   3.71e-17          5.6699e-16      1.86e-17    6.78e-01
   5        4.9838e-16   3.73e-17          5.5330e-16      1.66e-17    1.19e+00
aNNLO+NNLL = (1.8134454e-14 +- 1.8130943e-17) pb

Results:
LO = (1.3669389e-14 +- 9.6071105e-18) pb
NLO = (1.7581152e-14 +- 7.1853579e-18) pb
aNNLO+NNLL = (1.8134454e-14 +- 1.8130943e-17) pb
Thanks for using LHAPDF 6.2.3. Please make sure to cite the paper:
  Eur.Phys.J. C75 (2015) 3, 132  (http://arxiv.org/abs/1412.7420)
 ====================================================
   FF 2.0, a package to evaluate one-loop integrals
 written by G. J. van Oldenborgh, NIKHEF-H, Amsterdam
 ====================================================
 for the algorithms used see preprint NIKHEF-H 89/17,
 'New Algorithms for One-loop Integrals', by G.J. van
 Oldenborgh and J.A.M. Vermaseren, published in 
 Zeitschrift fuer Physik C46(1990)425.
 ====================================================
 
total number of errors and warnings
===================================
fferr: no errors
 
