
  Welcome to Resummino git-latest
  Copyright 2008-2010 Jonathan Debove.
  Copyright 2011-2014 David R. Lamprea.
  Copyright 2011-2016 Marcel Rothering.

  Licensed under the EUPL 1.1 or later.
  See http://www.resummino.org/ for more information.

  If using Resummino for slepton pair production, please cite.
  - G. Bozzi, B. Fuks, M. Klasen, PRD 74, 015001 (2006); NPB 777, 157 (2007); NPB 794, 46 (2007).
  - B. Fuks, M. Klasen, D. R. Lamprea, M. Rothering, EPJC 73, 2480 (2013).

  For gaugino pair production, please cite:
  - J. Debove, B. Fuks, M. Klasen, PLB 688, 208 (2010); NPB 842, 51 (2011); NPB 849, 64 (2011).
  - B. Fuks, M. Klasen, D. R. Lamprea, M. Rothering, JHEP 1210, 081 (2012); EPJC 73, 2480 (2013).

  For associated gaugino gluino production, please cite:
  - B. Fuks, M. Klasen, M. Rothering, JHEP 07:053, (2016).
  - B. Fuks, M. Klasen, D. R. Lamprea, M. Rothering, EPJC 73, 2480 (2013).

LHAPDF 6.2.3 loading /pool/condor/dir_21673/resummino-releases/lhapdf-prefix/share/LHAPDF/PDF4LHC21_40/PDF4LHC21_40_0000.dat
PDF4LHC21_40 PDF set, member #0, version 1
 alpha_s(M_Z^2) = 0.1180 	 for LO PDF set 
 alpha_s(1900.000^2) = 0.0811 	 for LO PDF set 

********************
* LO cross section *
********************
The limits of integration are:

xl[0]=0.000000    xu[0]=1.000000
xl[1]=0.000000    xu[1]=1.000000
xl[2]=0.000000    xu[2]=1.000000

num_dim=3, calls=2000, it_num=1, max_it_num=5 verb=0, alph=1.50,
mode=0, bins=50, boxes=1

       single.......iteration                   accumulated......results   
iteration     integral    sigma             integral         sigma     chi-sq/it

   1        1.7639e-14   5.35e-16          1.7639e-14      5.35e-16    0.00e+00
   2        1.8873e-14   1.96e-16          1.8727e-14      1.84e-16    4.70e+00
   3        1.8970e-14   1.03e-16          1.8912e-14      9.00e-17    3.01e+00
   4        1.8795e-14   9.79e-17          1.8858e-14      6.63e-17    2.26e+00
   5        1.8888e-14   9.24e-17          1.8869e-14      5.39e-17    1.72e+00

num_dim=3, calls=20000, it_num=1, max_it_num=5 verb=0, alph=1.50,
mode=0, bins=50, boxes=1

       single.......iteration                   accumulated......results   
iteration     integral    sigma             integral         sigma     chi-sq/it

   1        1.8884e-14   3.00e-17          1.8884e-14      3.00e-17    0.00e+00
   2        1.8887e-14   2.89e-17          1.8886e-14      2.08e-17    3.85e-03
   3        1.8875e-14   2.72e-17          1.8882e-14      1.65e-17    5.46e-02
   4        1.8888e-14   2.91e-17          1.8883e-14      1.44e-17    4.77e-02
   5        1.8823e-14   3.06e-17          1.8872e-14      1.30e-17    8.36e-01
LO = (1.8872099e-14 +- 1.2996766e-17) pb
LHAPDF 6.2.3 loading /pool/condor/dir_21673/resummino-releases/lhapdf-prefix/share/LHAPDF/PDF4LHC21_40/PDF4LHC21_40_0008.dat
PDF4LHC21_40 PDF set, member #8, version 1
 alpha_s(M_Z^2) = 0.1180 	 for NLO PDF set 
 alpha_s(1900.000^2) = 0.0811 	 for NLO PDF set 

********************
* LO cross section *
********************
The limits of integration are:

xl[0]=0.000000    xu[0]=1.000000
xl[1]=0.000000    xu[1]=1.000000
xl[2]=0.000000    xu[2]=1.000000

num_dim=3, calls=2000, it_num=1, max_it_num=5 verb=0, alph=1.50,
mode=0, bins=50, boxes=1

       single.......iteration                   accumulated......results   
iteration     integral    sigma             integral         sigma     chi-sq/it

   1        1.7311e-14   5.33e-16          1.7311e-14      5.33e-16    0.00e+00
   2        1.8579e-14   1.96e-16          1.8428e-14      1.84e-16    4.99e+00
   3        1.8669e-14   1.03e-16          1.8611e-14      8.98e-17    3.15e+00
   4        1.8507e-14   9.81e-17          1.8564e-14      6.62e-17    2.31e+00
   5        1.8586e-14   9.33e-17          1.8571e-14      5.40e-17    1.74e+00

num_dim=3, calls=20000, it_num=1, max_it_num=5 verb=0, alph=1.50,
mode=0, bins=50, boxes=1

       single.......iteration                   accumulated......results   
iteration     integral    sigma             integral         sigma     chi-sq/it

   1        1.8587e-14   3.01e-17          1.8587e-14      3.01e-17    0.00e+00
   2        1.8594e-14   2.90e-17          1.8591e-14      2.09e-17    2.14e-02
   3        1.8578e-14   2.72e-17          1.8586e-14      1.66e-17    7.59e-02
   4        1.8591e-14   2.94e-17          1.8587e-14      1.44e-17    5.81e-02
   5        1.8524e-14   3.07e-17          1.8576e-14      1.31e-17    9.18e-01
   5        1.8539e-14   2.99e-17          1.8570e-14      1.20e-17    9.82e-01
   5        1.8606e-14   2.97e-17          1.8575e-14      1.11e-17    1.03e+00
   5        1.8557e-14   3.05e-17          1.8573e-14      1.04e-17    9.25e-01
   5        1.8588e-14   3.12e-17          1.8574e-14      9.89e-18    8.36e-01
   5        1.8546e-14   3.16e-17          1.8572e-14      9.44e-18    8.23e-01
   5        1.8541e-14   3.24e-17          1.8569e-14      9.07e-18    8.23e-01
   5        1.8592e-14   3.29e-17          1.8571e-14      8.74e-18    7.89e-01
   5        1.8590e-14   3.37e-17          1.8572e-14      8.46e-18    7.47e-01
   5        1.8573e-14   3.56e-17          1.8572e-14      8.23e-18    6.90e-01
   5        1.8571e-14   3.75e-17          1.8572e-14      8.04e-18    6.40e-01
   5        1.8551e-14   3.92e-17          1.8571e-14      7.88e-18    6.16e-01
   5        1.8505e-14   3.88e-17          1.8569e-14      7.72e-18    7.56e-01
   5        1.8635e-14   4.00e-17          1.8571e-14      7.58e-18    8.67e-01
   5        1.8600e-14   4.25e-17          1.8572e-14      7.46e-18    8.44e-01
   5        1.8555e-14   4.39e-17          1.8572e-14      7.36e-18    8.08e-01
   5        1.8512e-14   4.55e-17          1.8570e-14      7.26e-18    8.50e-01
   5        1.8555e-14   4.65e-17          1.8570e-14      7.17e-18    8.15e-01
   5        1.8636e-14   4.80e-17          1.8571e-14      7.10e-18    8.62e-01
   5        1.8570e-14   5.25e-17          1.8571e-14      7.03e-18    8.25e-01
   5        1.8592e-14   5.18e-17          1.8571e-14      6.97e-18    7.97e-01
   5        1.8510e-14   5.35e-17          1.8570e-14      6.91e-18    8.16e-01
   5        1.8662e-14   5.70e-17          1.8572e-14      6.86e-18    8.83e-01
   5        1.8568e-14   5.56e-17          1.8572e-14      6.81e-18    8.50e-01
   5        1.8552e-14   5.70e-17          1.8571e-14      6.76e-18    8.24e-01
   5        1.8590e-14   5.77e-17          1.8572e-14      6.71e-18    7.99e-01
   5        1.8577e-14   5.84e-17          1.8572e-14      6.67e-18    7.73e-01
   5        1.8524e-14   5.98e-17          1.8571e-14      6.63e-18    7.68e-01
   5        1.8610e-14   6.09e-17          1.8572e-14      6.59e-18    7.57e-01
   5        1.8545e-14   6.41e-17          1.8571e-14      6.55e-18    7.39e-01
   5        1.8483e-14   6.46e-17          1.8570e-14      6.52e-18    7.72e-01
   5        1.8650e-14   6.70e-17          1.8571e-14      6.49e-18    7.89e-01
   5        1.8388e-14   6.61e-17          1.8569e-14      6.46e-18    9.78e-01
   5        1.8438e-14   6.58e-17          1.8568e-14      6.43e-18    1.06e+00
   5        1.8624e-14   6.70e-17          1.8569e-14      6.40e-18    1.05e+00
   5        1.8548e-14   6.94e-17          1.8569e-14      6.37e-18    1.02e+00
   5        1.8563e-14   6.50e-17          1.8568e-14      6.34e-18    9.99e-01
   5        1.8518e-14   6.53e-17          1.8568e-14      6.31e-18    9.88e-01
   5        1.8729e-14   6.77e-17          1.8569e-14      6.28e-18    1.10e+00
LO = (1.8569396e-14 +- 6.2848139e-18) pb

*******************************************
* virtual corrections + integrated dipole *
*******************************************
The limits of integration are:

xl[0]=0.000000    xu[0]=1.000000
xl[1]=0.000000    xu[1]=1.000000
xl[2]=0.000000    xu[2]=1.000000

num_dim=3, calls=240, it_num=1, max_it_num=5 verb=0, alph=1.50,
mode=0, bins=50, boxes=1

       single.......iteration                   accumulated......results   
iteration     integral    sigma             integral         sigma     chi-sq/it

   1        1.9195e-15   1.75e-16          1.9195e-15      1.75e-16    0.00e+00
   2        2.0591e-15   1.05e-16          2.0221e-15      8.99e-17    4.70e-01
   3        2.2599e-15   5.51e-17          2.1949e-15      4.70e-17    2.78e+00
   4        2.3183e-15   5.89e-17          2.2429e-15      3.67e-17    2.75e+00
   5        2.2836e-15   5.21e-17          2.2564e-15      3.00e-17    2.16e+00

num_dim=3, calls=1200, it_num=1, max_it_num=3 verb=0, alph=1.50,
mode=0, bins=50, boxes=1

       single.......iteration                   accumulated......results   
iteration     integral    sigma             integral         sigma     chi-sq/it

   1        2.2165e-15   2.02e-17          2.2165e-15      2.02e-17    0.00e+00
   2        2.2524e-15   1.67e-17          2.2378e-15      1.28e-17    1.88e+00
   3        2.2569e-15   1.77e-17          2.2444e-15      1.04e-17    1.32e+00
   3        2.2590e-15   1.51e-17          2.2491e-15      8.57e-18    1.09e+00
   3        2.2313e-15   1.71e-17          2.2455e-15      7.66e-18    1.04e+00
   3        2.2500e-15   1.49e-17          2.2464e-15      6.81e-18    8.42e-01
   3        2.2511e-15   1.62e-17          2.2471e-15      6.28e-18    7.13e-01
vNLO = (2.2471385e-15 +- 6.2792955e-18) pb

*****************************
* collinear remainder (P+K) *
*****************************
The limits of integration are:

xl[0]=0.000000    xu[0]=1.000000
xl[1]=0.000000    xu[1]=1.000000
xl[2]=0.000000    xu[2]=1.000000
xl[3]=0.000000    xu[3]=1.000000

num_dim=4, calls=2500, it_num=1, max_it_num=5 verb=0, alph=1.50,
mode=0, bins=50, boxes=1

       single.......iteration                   accumulated......results   
iteration     integral    sigma             integral         sigma     chi-sq/it

   1        3.2225e-15   1.64e-16          3.2225e-15      1.64e-16    0.00e+00
   2        3.2794e-15   6.41e-17          3.2718e-15      5.97e-17    1.05e-01
   3        3.3069e-15   4.97e-17          3.2926e-15      3.82e-17    1.54e-01
   4        3.3192e-15   4.71e-17          3.3032e-15      2.96e-17    1.67e-01
   5        3.3348e-15   4.67e-17          3.3123e-15      2.50e-17    2.08e-01

num_dim=4, calls=25000, it_num=1, max_it_num=3 verb=0, alph=1.50,
mode=0, bins=50, boxes=1

       single.......iteration                   accumulated......results   
iteration     integral    sigma             integral         sigma     chi-sq/it

   1        3.3468e-15   1.44e-17          3.3468e-15      1.44e-17    0.00e+00
   2        3.3547e-15   1.44e-17          3.3508e-15      1.02e-17    1.48e-01
   3        3.3207e-15   1.46e-17          3.3409e-15      8.34e-18    1.50e+00
   3        3.3326e-15   1.45e-17          3.3388e-15      7.23e-18    1.08e+00
   3        3.3088e-15   1.46e-17          3.3329e-15      6.48e-18    1.66e+00
   3        3.3066e-15   1.46e-17          3.3286e-15      5.93e-18    1.87e+00
   3        3.3216e-15   1.45e-17          3.3276e-15      5.48e-18    1.59e+00
   3        3.3271e-15   1.46e-17          3.3276e-15      5.14e-18    1.36e+00
P+K = (3.3275511e-15 +- 5.1357961e-18) pb

********************************
* real gluon emission - dipole *
********************************
The limits of integration are:

xl[0]=0.000000    xu[0]=1.000000
xl[1]=0.000000    xu[1]=1.000000
xl[2]=0.000000    xu[2]=1.000000
xl[3]=0.000000    xu[3]=1.000000
xl[4]=0.000000    xu[4]=1.000000
xl[5]=0.000000    xu[5]=1.000000

num_dim=6, calls=250, it_num=1, max_it_num=5 verb=0, alph=1.50,
mode=0, bins=50, boxes=1

       single.......iteration                   accumulated......results   
iteration     integral    sigma             integral         sigma     chi-sq/it

   1        -2.0460e-17   6.69e-18          -2.0460e-17      6.69e-18    0.00e+00
   2        -2.6871e-17   6.31e-18          -2.3853e-17      4.59e-18    4.87e-01
   3        -1.3613e-17   1.34e-18          -1.4419e-17      1.29e-18    2.54e+00
   4        -1.6251e-17   1.72e-18          -1.5076e-17      1.03e-18    1.94e+00
   5        -1.7321e-17   1.36e-18          -1.5892e-17      8.22e-19    1.88e+00

num_dim=6, calls=2500, it_num=1, max_it_num=3 verb=0, alph=1.50,
mode=0, bins=50, boxes=1

       single.......iteration                   accumulated......results   
iteration     integral    sigma             integral         sigma     chi-sq/it

   1        -1.8542e-17   4.29e-19          -1.8542e-17      4.29e-19    0.00e+00
   2        -1.8266e-17   2.55e-19          -1.8338e-17      2.19e-19    3.05e-01
   3        -1.8855e-17   2.61e-19          -1.8553e-17      1.68e-19    1.30e+00
rNLOg = (-1.8552537e-17 +- 1.6785316e-19) pb

**************************************************
* real light quark emission - dipole - (onshell) *
**************************************************
The limits of integration are:

xl[0]=0.000000    xu[0]=1.000000
xl[1]=0.000000    xu[1]=1.000000
xl[2]=0.000000    xu[2]=1.000000
xl[3]=0.000000    xu[3]=1.000000
xl[4]=0.000000    xu[4]=1.000000
xl[5]=0.000000    xu[5]=1.000000

num_dim=6, calls=5000, it_num=1, max_it_num=5 verb=0, alph=1.50,
mode=0, bins=50, boxes=1

       single.......iteration                   accumulated......results   
iteration     integral    sigma             integral         sigma     chi-sq/it

   1        4.0768e-17   2.58e-18          4.0768e-17      2.58e-18    0.00e+00
   2        3.9159e-17   7.22e-19          3.9276e-17      6.95e-19    3.61e-01
   3        3.8590e-17   3.85e-19          3.8751e-17      3.37e-19    5.53e-01
   4        3.8499e-17   2.94e-19          3.8608e-17      2.22e-19    4.74e-01
   5        3.8579e-17   2.62e-19          3.8596e-17      1.69e-19    3.57e-01

num_dim=6, calls=50000, it_num=1, max_it_num=5 verb=0, alph=1.50,
mode=0, bins=50, boxes=1

       single.......iteration                   accumulated......results   
iteration     integral    sigma             integral         sigma     chi-sq/it

   1        3.8551e-17   7.89e-20          3.8551e-17      7.89e-20    0.00e+00
   2        3.8786e-17   1.10e-19          3.8631e-17      6.40e-20    3.02e+00
   3        3.8851e-17   1.10e-19          3.8687e-17      5.53e-20    3.00e+00
   4        3.8654e-17   8.57e-20          3.8677e-17      4.65e-20    2.04e+00
   5        3.8747e-17   9.75e-20          3.8690e-17      4.20e-20    1.63e+00
rNLOq = (3.8689928e-17 +- 4.1954024e-20) pb
NLO = (2.4164223e-14 +- 1.0263273e-17) pb
#chisq/dof = 2.30866e-09
#status = success
#chisq/dof = 6.71735e-10
#status = success
#chisq/dof = 6.40059e-10
#status = success
#chisq/dof = 1.0711e-09
#status = success
#chisq/dof = 7.79172e-11
#status = success
#chisq/dof = 3.33187e-12
#status = success
#chisq/dof = 1.86528e-10
#status = success
#chisq/dof = 2.73559e-11
#status = success

*******************************************************
* threshold resummation (unimproved nnll) - expansion *
*******************************************************
The limits of integration are:

xl[0]=0.000000    xu[0]=1.000000
xl[1]=0.000000    xu[1]=1.000000
xl[2]=0.000000    xu[2]=1.000000

num_dim=3, calls=7000, it_num=1, max_it_num=5 verb=0, alph=1.50,
mode=0, bins=50, boxes=1

       single.......iteration                   accumulated......results   
iteration     integral    sigma             integral         sigma     chi-sq/it

   1        3.6681e-16   1.19e-16          3.6681e-16      1.19e-16    0.00e+00
   2        4.3079e-16   2.25e-17          4.2859e-16      2.21e-17    2.79e-01
   3        4.3356e-16   1.57e-17          4.3189e-16      1.28e-17    1.56e-01
   4        4.6005e-16   1.51e-17          4.4366e-16      9.75e-18    7.81e-01
   5        4.2484e-16   1.48e-17          4.3797e-16      8.14e-18    8.67e-01

num_dim=3, calls=35000, it_num=1, max_it_num=5 verb=0, alph=1.50,
mode=0, bins=50, boxes=1

       single.......iteration                   accumulated......results   
iteration     integral    sigma             integral         sigma     chi-sq/it

   1        4.4126e-16   6.50e-18          4.4126e-16      6.50e-18    0.00e+00
   2        4.5169e-16   6.57e-18          4.4642e-16      4.62e-18    1.27e+00
   3        4.5574e-16   6.52e-18          4.4953e-16      3.77e-18    1.32e+00
   4        4.4366e-16   6.50e-18          4.4806e-16      3.26e-18    1.08e+00
   5        4.4785e-16   6.47e-18          4.4801e-16      2.91e-18    8.12e-01
aNNLO+NNLL = (2.4612237e-14 +- 1.0668243e-17) pb

Results:
LO = (1.8872099e-14 +- 1.2996766e-17) pb
NLO = (2.4164223e-14 +- 1.0263273e-17) pb
aNNLO+NNLL = (2.4612237e-14 +- 1.0668243e-17) pb
Thanks for using LHAPDF 6.2.3. Please make sure to cite the paper:
  Eur.Phys.J. C75 (2015) 3, 132  (http://arxiv.org/abs/1412.7420)
 ====================================================
   FF 2.0, a package to evaluate one-loop integrals
 written by G. J. van Oldenborgh, NIKHEF-H, Amsterdam
 ====================================================
 for the algorithms used see preprint NIKHEF-H 89/17,
 'New Algorithms for One-loop Integrals', by G.J. van
 Oldenborgh and J.A.M. Vermaseren, published in 
 Zeitschrift fuer Physik C46(1990)425.
 ====================================================
 
total number of errors and warnings
===================================
fferr: no errors
 
