
  Welcome to Resummino git-latest
  Copyright 2008-2010 Jonathan Debove.
  Copyright 2011-2014 David R. Lamprea.
  Copyright 2011-2016 Marcel Rothering.

  Licensed under the EUPL 1.1 or later.
  See http://www.resummino.org/ for more information.

  If using Resummino for slepton pair production, please cite.
  - G. Bozzi, B. Fuks, M. Klasen, PRD 74, 015001 (2006); NPB 777, 157 (2007); NPB 794, 46 (2007).
  - B. Fuks, M. Klasen, D. R. Lamprea, M. Rothering, EPJC 73, 2480 (2013).

  For gaugino pair production, please cite:
  - J. Debove, B. Fuks, M. Klasen, PLB 688, 208 (2010); NPB 842, 51 (2011); NPB 849, 64 (2011).
  - B. Fuks, M. Klasen, D. R. Lamprea, M. Rothering, JHEP 1210, 081 (2012); EPJC 73, 2480 (2013).

  For associated gaugino gluino production, please cite:
  - B. Fuks, M. Klasen, M. Rothering, JHEP 07:053, (2016).
  - B. Fuks, M. Klasen, D. R. Lamprea, M. Rothering, EPJC 73, 2480 (2013).

LHAPDF 6.2.3 loading /pool/condor/dir_42187/resummino-releases/lhapdf-prefix/share/LHAPDF/PDF4LHC21_40/PDF4LHC21_40_0000.dat
PDF4LHC21_40 PDF set, member #0, version 1
 alpha_s(M_Z^2) = 0.1180 	 for LO PDF set 
 alpha_s(600.000^2) = 0.0920 	 for LO PDF set 

********************
* LO cross section *
********************
The limits of integration are:

xl[0]=0.000000    xu[0]=1.000000
xl[1]=0.000000    xu[1]=1.000000
xl[2]=0.000000    xu[2]=1.000000

num_dim=3, calls=2000, it_num=1, max_it_num=5 verb=0, alph=1.50,
mode=0, bins=50, boxes=1

       single.......iteration                   accumulated......results   
iteration     integral    sigma             integral         sigma     chi-sq/it

   1        1.5336e-12   5.17e-14          1.5336e-12      5.17e-14    0.00e+00
   2        1.6037e-12   1.72e-14          1.5967e-12      1.63e-14    1.65e+00
   3        1.6308e-12   9.01e-15          1.6228e-12      7.89e-15    2.49e+00
   4        1.6187e-12   8.29e-15          1.6209e-12      5.72e-15    1.71e+00
   5        1.6127e-12   8.67e-15          1.6184e-12      4.77e-15    1.43e+00

num_dim=3, calls=20000, it_num=1, max_it_num=5 verb=0, alph=1.50,
mode=0, bins=50, boxes=1

       single.......iteration                   accumulated......results   
iteration     integral    sigma             integral         sigma     chi-sq/it

   1        1.6164e-12   2.67e-15          1.6164e-12      2.67e-15    0.00e+00
   2        1.6167e-12   2.60e-15          1.6166e-12      1.86e-15    1.03e-02
   3        1.6216e-12   2.58e-15          1.6183e-12      1.51e-15    1.26e+00
   4        1.6207e-12   2.73e-15          1.6189e-12      1.32e-15    1.04e+00
   5        1.6126e-12   2.70e-15          1.6177e-12      1.19e-15    1.85e+00
   5        1.6169e-12   2.73e-15          1.6175e-12      1.09e-15    1.49e+00
LO = (1.6175358e-12 +- 1.0878568e-15) pb
LHAPDF 6.2.3 loading /pool/condor/dir_42187/resummino-releases/lhapdf-prefix/share/LHAPDF/PDF4LHC21_40/PDF4LHC21_40_0024.dat
PDF4LHC21_40 PDF set, member #24, version 1
 alpha_s(M_Z^2) = 0.1180 	 for NLO PDF set 
 alpha_s(600.000^2) = 0.0920 	 for NLO PDF set 

********************
* LO cross section *
********************
The limits of integration are:

xl[0]=0.000000    xu[0]=1.000000
xl[1]=0.000000    xu[1]=1.000000
xl[2]=0.000000    xu[2]=1.000000

num_dim=3, calls=2000, it_num=1, max_it_num=5 verb=0, alph=1.50,
mode=0, bins=50, boxes=1

       single.......iteration                   accumulated......results   
iteration     integral    sigma             integral         sigma     chi-sq/it

   1        1.5863e-12   5.19e-14          1.5863e-12      5.19e-14    0.00e+00
   2        1.6578e-12   1.74e-14          1.6506e-12      1.65e-14    1.71e+00
   3        1.6831e-12   9.05e-15          1.6756e-12      7.94e-15    2.35e+00
   4        1.6714e-12   8.34e-15          1.6736e-12      5.75e-15    1.61e+00
   5        1.6665e-12   8.67e-15          1.6714e-12      4.79e-15    1.32e+00

num_dim=3, calls=20000, it_num=1, max_it_num=5 verb=0, alph=1.50,
mode=0, bins=50, boxes=1

       single.......iteration                   accumulated......results   
iteration     integral    sigma             integral         sigma     chi-sq/it

   1        1.6696e-12   2.67e-15          1.6696e-12      2.67e-15    0.00e+00
   2        1.6701e-12   2.59e-15          1.6699e-12      1.86e-15    1.95e-02
   3        1.6743e-12   2.56e-15          1.6714e-12      1.50e-15    1.01e+00
   4        1.6738e-12   2.72e-15          1.6720e-12      1.31e-15    8.65e-01
   5        1.6659e-12   2.69e-15          1.6708e-12      1.18e-15    1.68e+00
   5        1.6702e-12   2.72e-15          1.6707e-12      1.08e-15    1.35e+00
   5        1.6728e-12   2.70e-15          1.6710e-12      1.01e-15    1.21e+00
   5        1.6698e-12   2.76e-15          1.6709e-12      9.45e-16    1.06e+00
   5        1.6690e-12   2.81e-15          1.6707e-12      8.95e-16    9.80e-01
   5        1.6671e-12   2.85e-15          1.6703e-12      8.54e-16    1.03e+00
   5        1.6694e-12   2.99e-15          1.6703e-12      8.21e-16    9.35e-01
   5        1.6688e-12   2.99e-15          1.6702e-12      7.92e-16    8.72e-01
   5        1.6728e-12   3.15e-15          1.6703e-12      7.68e-16    8.55e-01
   5        1.6675e-12   3.26e-15          1.6702e-12      7.48e-16    8.43e-01
   5        1.6696e-12   3.49e-15          1.6702e-12      7.31e-16    7.85e-01
   5        1.6681e-12   3.64e-15          1.6701e-12      7.17e-16    7.52e-01
   5        1.6660e-12   3.69e-15          1.6699e-12      7.03e-16    7.78e-01
   5        1.6752e-12   3.83e-15          1.6701e-12      6.92e-16    8.40e-01
   5        1.6739e-12   4.06e-15          1.6702e-12      6.82e-16    8.41e-01
   5        1.6744e-12   4.08e-15          1.6703e-12      6.73e-16    8.51e-01
   5        1.6667e-12   4.30e-15          1.6702e-12      6.65e-16    8.42e-01
   5        1.6694e-12   4.37e-15          1.6702e-12      6.57e-16    8.04e-01
   5        1.6734e-12   4.40e-15          1.6703e-12      6.50e-16    7.91e-01
   5        1.6695e-12   4.77e-15          1.6703e-12      6.44e-16    7.58e-01
   5        1.6755e-12   4.66e-15          1.6704e-12      6.38e-16    7.78e-01
   5        1.6694e-12   4.80e-15          1.6704e-12      6.32e-16    7.49e-01
   5        1.6796e-12   5.15e-15          1.6705e-12      6.28e-16    8.42e-01
   5        1.6701e-12   4.88e-15          1.6705e-12      6.22e-16    8.11e-01
   5        1.6689e-12   5.02e-15          1.6705e-12      6.18e-16    7.86e-01
   5        1.6742e-12   5.29e-15          1.6705e-12      6.14e-16    7.76e-01
   5        1.6712e-12   5.19e-15          1.6705e-12      6.09e-16    7.51e-01
   5        1.6689e-12   5.48e-15          1.6705e-12      6.06e-16    7.30e-01
   5        1.6763e-12   5.28e-15          1.6706e-12      6.02e-16    7.44e-01
   5        1.6673e-12   5.55e-15          1.6705e-12      5.98e-16    7.32e-01
   5        1.6643e-12   5.43e-15          1.6705e-12      5.95e-16    7.49e-01
   5        1.6779e-12   5.60e-15          1.6705e-12      5.91e-16    7.77e-01
   5        1.6528e-12   5.43e-15          1.6703e-12      5.88e-16    1.05e+00
   5        1.6624e-12   5.69e-15          1.6703e-12      5.85e-16    1.07e+00
   5        1.6748e-12   5.66e-15          1.6703e-12      5.82e-16    1.06e+00
   5        1.6714e-12   5.76e-15          1.6703e-12      5.79e-16    1.04e+00
   5        1.6740e-12   5.81e-15          1.6703e-12      5.76e-16    1.02e+00
   5        1.6700e-12   5.81e-15          1.6703e-12      5.73e-16    9.95e-01
   5        1.6850e-12   5.98e-15          1.6705e-12      5.70e-16    1.11e+00
   5        1.6737e-12   5.79e-15          1.6705e-12      5.68e-16    1.09e+00
   5        1.6665e-12   5.91e-15          1.6705e-12      5.65e-16    1.08e+00
   5        1.6688e-12   6.02e-15          1.6705e-12      5.63e-16    1.06e+00
   5        1.6786e-12   6.22e-15          1.6705e-12      5.60e-16    1.07e+00
   5        1.6572e-12   6.13e-15          1.6704e-12      5.58e-16    1.15e+00
   5        1.6845e-12   6.43e-15          1.6705e-12      5.56e-16    1.22e+00
LO = (1.6705178e-12 +- 5.5582237e-16) pb

*******************************************
* virtual corrections + integrated dipole *
*******************************************
The limits of integration are:

xl[0]=0.000000    xu[0]=1.000000
xl[1]=0.000000    xu[1]=1.000000
xl[2]=0.000000    xu[2]=1.000000

num_dim=3, calls=240, it_num=1, max_it_num=5 verb=0, alph=1.50,
mode=0, bins=50, boxes=1

       single.......iteration                   accumulated......results   
iteration     integral    sigma             integral         sigma     chi-sq/it

   1        2.0595e-13   2.06e-14          2.0595e-13      2.06e-14    0.00e+00
   2        2.1352e-13   1.07e-14          2.1191e-13      9.49e-15    1.07e-01
   3        2.3264e-13   5.86e-15          2.2691e-13      4.99e-15    1.78e+00
   4        2.2966e-13   3.89e-15          2.2862e-13      3.07e-15    1.25e+00
   5        2.3540e-13   4.79e-15          2.3059e-13      2.58e-15    1.29e+00

num_dim=3, calls=1200, it_num=1, max_it_num=3 verb=0, alph=1.50,
mode=0, bins=50, boxes=1

       single.......iteration                   accumulated......results   
iteration     integral    sigma             integral         sigma     chi-sq/it

   1        2.2510e-13   2.11e-15          2.2510e-13      2.11e-15    0.00e+00
   2        2.2990e-13   1.79e-15          2.2789e-13      1.37e-15    3.00e+00
   3        2.2802e-13   1.60e-15          2.2795e-13      1.04e-15    1.50e+00
   3        2.3061e-13   1.52e-15          2.2879e-13      8.59e-16    1.69e+00
   3        2.2712e-13   1.61e-15          2.2842e-13      7.58e-16    1.48e+00
   3        2.2957e-13   1.55e-15          2.2864e-13      6.81e-16    1.27e+00
   3        2.2763e-13   1.74e-15          2.2851e-13      6.34e-16    1.11e+00
   3        2.3003e-13   1.65e-15          2.2870e-13      5.92e-16    1.06e+00
   3        2.2937e-13   1.58e-15          2.2878e-13      5.54e-16    9.44e-01
   3        2.2843e-13   1.63e-15          2.2875e-13      5.25e-16    8.43e-01
vNLO = (2.2874765e-13 +- 5.2485881e-16) pb

*****************************
* collinear remainder (P+K) *
*****************************
The limits of integration are:

xl[0]=0.000000    xu[0]=1.000000
xl[1]=0.000000    xu[1]=1.000000
xl[2]=0.000000    xu[2]=1.000000
xl[3]=0.000000    xu[3]=1.000000

num_dim=4, calls=2500, it_num=1, max_it_num=5 verb=0, alph=1.50,
mode=0, bins=50, boxes=1

       single.......iteration                   accumulated......results   
iteration     integral    sigma             integral         sigma     chi-sq/it

   1        1.1442e-13   1.15e-14          1.1442e-13      1.15e-14    0.00e+00
   2        1.1358e-13   5.17e-15          1.1372e-13      4.72e-15    4.38e-03
   3        1.1456e-13   4.61e-15          1.1415e-13      3.30e-15    1.02e-02
   4        1.1878e-13   4.34e-15          1.1584e-13      2.63e-15    2.47e-01
   5        1.2167e-13   4.41e-15          1.1737e-13      2.26e-15    5.08e-01

num_dim=4, calls=25000, it_num=1, max_it_num=3 verb=0, alph=1.50,
mode=0, bins=50, boxes=1

       single.......iteration                   accumulated......results   
iteration     integral    sigma             integral         sigma     chi-sq/it

   1        1.1974e-13   1.39e-15          1.1974e-13      1.39e-15    0.00e+00
   2        1.1863e-13   1.38e-15          1.1918e-13      9.80e-16    3.19e-01
   3        1.1649e-13   1.38e-15          1.1828e-13      7.99e-16    1.42e+00
   3        1.1825e-13   1.38e-15          1.1827e-13      6.92e-16    9.46e-01
   3        1.1668e-13   1.38e-15          1.1796e-13      6.19e-16    9.74e-01
   3        1.1712e-13   1.38e-15          1.1782e-13      5.65e-16    8.40e-01
   3        1.1713e-13   1.39e-15          1.1772e-13      5.23e-16    7.35e-01
P+K = (1.1771808e-13 +- 5.2322314e-16) pb

********************************
* real gluon emission - dipole *
********************************
The limits of integration are:

xl[0]=0.000000    xu[0]=1.000000
xl[1]=0.000000    xu[1]=1.000000
xl[2]=0.000000    xu[2]=1.000000
xl[3]=0.000000    xu[3]=1.000000
xl[4]=0.000000    xu[4]=1.000000
xl[5]=0.000000    xu[5]=1.000000

num_dim=6, calls=250, it_num=1, max_it_num=5 verb=0, alph=1.50,
mode=0, bins=50, boxes=1

       single.......iteration                   accumulated......results   
iteration     integral    sigma             integral         sigma     chi-sq/it

   1        -5.4786e-15   1.73e-15          -5.4786e-15      1.73e-15    0.00e+00
   2        -6.7907e-15   1.62e-15          -6.1792e-15      1.18e-15    3.06e-01
   3        -3.9776e-15   4.77e-16          -4.2851e-15      4.42e-16    1.64e+00
   4        -4.5472e-15   4.10e-16          -4.4260e-15      3.01e-16    1.16e+00
   5        -5.3810e-15   4.99e-16          -4.6804e-15      2.57e-16    1.54e+00

num_dim=6, calls=2500, it_num=1, max_it_num=3 verb=0, alph=1.50,
mode=0, bins=50, boxes=1

       single.......iteration                   accumulated......results   
iteration     integral    sigma             integral         sigma     chi-sq/it

   1        -4.9033e-15   1.19e-16          -4.9033e-15      1.19e-16    0.00e+00
   2        -4.7908e-15   7.03e-17          -4.8201e-15      6.05e-17    6.65e-01
   3        -4.8495e-15   7.54e-17          -4.8316e-15      4.72e-17    3.79e-01
   3        -4.7820e-15   7.15e-17          -4.8166e-15      3.94e-17    3.64e-01
   3        -4.7587e-15   5.75e-17          -4.7981e-15      3.25e-17    4.46e-01
   3        -4.7840e-15   5.32e-17          -4.7943e-15      2.77e-17    3.67e-01
   3        -4.7916e-15   5.25e-17          -4.7937e-15      2.45e-17    3.06e-01
   3        -4.7736e-15   5.07e-17          -4.7899e-15      2.21e-17    2.80e-01
   3        -4.8519e-15   5.25e-17          -4.7992e-15      2.03e-17    3.94e-01
   3        -4.8530e-15   5.19e-17          -4.8064e-15      1.89e-17    4.53e-01
   3        -4.7706e-15   5.08e-17          -4.8020e-15      1.78e-17    4.51e-01
   3        -4.7896e-15   5.27e-17          -4.8007e-15      1.68e-17    4.15e-01
   3        -4.7825e-15   5.06e-17          -4.7989e-15      1.60e-17    3.90e-01
   3        -4.8529e-15   5.19e-17          -4.8036e-15      1.53e-17    4.36e-01
   3        -4.7524e-15   5.12e-17          -4.7994e-15      1.46e-17    4.70e-01
   3        -4.7957e-15   5.66e-17          -4.7992e-15      1.42e-17    4.39e-01
   3        -4.7776e-15   5.62e-17          -4.7979e-15      1.37e-17    4.21e-01
   3        -4.7394e-15   5.17e-17          -4.7940e-15      1.33e-17    4.66e-01
   3        -4.7849e-15   5.40e-17          -4.7935e-15      1.29e-17    4.42e-01
   3        -4.7465e-15   5.44e-17          -4.7910e-15      1.25e-17    4.56e-01
   3        -4.7192e-15   5.24e-17          -4.7871e-15      1.22e-17    5.22e-01
rNLOg = (-4.7871275e-15 +- 1.2194914e-17) pb

**************************************************
* real light quark emission - dipole - (onshell) *
**************************************************
The limits of integration are:

xl[0]=0.000000    xu[0]=1.000000
xl[1]=0.000000    xu[1]=1.000000
xl[2]=0.000000    xu[2]=1.000000
xl[3]=0.000000    xu[3]=1.000000
xl[4]=0.000000    xu[4]=1.000000
xl[5]=0.000000    xu[5]=1.000000

num_dim=6, calls=5000, it_num=1, max_it_num=5 verb=0, alph=1.50,
mode=0, bins=50, boxes=1

       single.......iteration                   accumulated......results   
iteration     integral    sigma             integral         sigma     chi-sq/it

   1        1.3044e-14   1.07e-15          1.3044e-14      1.07e-15    0.00e+00
   2        1.3986e-14   3.28e-16          1.3905e-14      3.14e-16    7.06e-01
   3        1.3351e-14   1.56e-16          1.3460e-14      1.40e-16    1.60e+00
   4        1.3212e-14   1.19e-16          1.3317e-14      9.07e-17    1.68e+00
   5        1.3349e-14   1.07e-16          1.3330e-14      6.92e-17    1.27e+00

num_dim=6, calls=50000, it_num=1, max_it_num=5 verb=0, alph=1.50,
mode=0, bins=50, boxes=1

       single.......iteration                   accumulated......results   
iteration     integral    sigma             integral         sigma     chi-sq/it

   1        1.3305e-14   3.28e-17          1.3305e-14      3.28e-17    0.00e+00
   2        1.3388e-14   3.83e-17          1.3340e-14      2.49e-17    2.72e+00
   3        1.3435e-14   4.03e-17          1.3366e-14      2.12e-17    3.37e+00
   4        1.3361e-14   3.84e-17          1.3365e-14      1.86e-17    2.25e+00
   5        1.3384e-14   4.04e-17          1.3368e-14      1.69e-17    1.74e+00
   5        1.3350e-14   3.52e-17          1.3365e-14      1.52e-17    1.44e+00
rNLOq = (1.3364976e-14 +- 1.5204713e-17) pb
NLO = (2.0255613e-12 +- 9.2658385e-16) pb
#chisq/dof = 2.70177e-09
#status = success
#chisq/dof = 7.15838e-09
#status = success
#chisq/dof = 4.60104e-10
#status = success
#chisq/dof = 3.80291e-09
#status = success
#chisq/dof = 5.80032e-10
#status = success
#chisq/dof = 2.89137e-12
#status = success
#chisq/dof = 5.26966e-10
#status = success
#chisq/dof = 7.00055e-11
#status = success

*******************************************************
* threshold resummation (unimproved nnll) - expansion *
*******************************************************
The limits of integration are:

xl[0]=0.000000    xu[0]=1.000000
xl[1]=0.000000    xu[1]=1.000000
xl[2]=0.000000    xu[2]=1.000000

num_dim=3, calls=7000, it_num=1, max_it_num=5 verb=0, alph=1.50,
mode=0, bins=50, boxes=1

       single.......iteration                   accumulated......results   
iteration     integral    sigma             integral         sigma     chi-sq/it

   1        -3.4323e-14   1.18e-13          -3.4323e-14      1.18e-13    0.00e+00
   2        -2.4218e-14   4.82e-14          -2.5655e-14      4.46e-14    6.26e-03
   3        4.0457e-14   4.44e-14          7.5428e-15      3.15e-14    5.55e-01
   4        1.1235e-13   4.40e-14          4.3031e-14      2.56e-14    1.62e+00
   5        6.3590e-14   4.37e-14          4.8279e-14      2.21e-14    1.26e+00

num_dim=3, calls=35000, it_num=1, max_it_num=5 verb=0, alph=1.50,
mode=0, bins=50, boxes=1

       single.......iteration                   accumulated......results   
iteration     integral    sigma             integral         sigma     chi-sq/it

   1        -6.5949e-15   1.95e-14          -6.5949e-15      1.95e-14    0.00e+00
   2        -3.9704e-15   1.94e-14          -5.2787e-15      1.37e-14    9.11e-03
   3        -1.8020e-14   1.95e-14          -9.5232e-15      1.12e-14    1.48e-01
   4        1.9463e-15   1.95e-14          -6.6692e-15      9.73e-15    1.85e-01
   5        -1.3769e-14   1.94e-14          -8.0961e-15      8.70e-15    1.65e-01
   5        -8.7769e-15   1.93e-14          -8.2107e-15      7.93e-15    1.33e-01
   5        8.6857e-15   1.95e-14          -5.8204e-15      7.35e-15    2.17e-01
   5        -3.6571e-14   1.95e-14          -9.6356e-15      6.88e-15    4.97e-01
   5        -5.9212e-15   1.95e-14          -9.2252e-15      6.49e-15    4.39e-01
   5        -2.6764e-14   1.96e-14          -1.0964e-14      6.16e-15    4.70e-01
   5        -2.9005e-14   1.95e-14          -1.2596e-14      5.87e-15    5.01e-01
   5        -6.5937e-15   1.96e-14          -1.2102e-14      5.63e-15    4.63e-01
   5        -7.8470e-15   1.96e-14          -1.1779e-14      5.41e-15    4.28e-01
   5        3.1224e-14   1.96e-14          -8.7455e-15      5.21e-15    7.38e-01
   5        -1.6330e-14   1.97e-14          -9.2406e-15      5.04e-15    6.95e-01
   5        -1.0007e-14   1.96e-14          -9.2879e-15      4.88e-15    6.49e-01
   5        -1.1095e-14   1.96e-14          -9.3930e-15      4.74e-15    6.09e-01
   5        -5.0290e-14   1.96e-14          -1.1650e-14      4.61e-15    8.15e-01
   5        1.1087e-15   1.96e-14          -1.0985e-14      4.48e-15    7.92e-01
   5        -5.3198e-15   1.98e-14          -1.0708e-14      4.37e-15    7.54e-01
   5        -7.2949e-15   1.98e-14          -1.0549e-14      4.27e-15    7.18e-01
   5        -2.2767e-14   1.99e-14          -1.1087e-14      4.18e-15    7.01e-01
   5        -5.9500e-16   1.99e-14          -1.0646e-14      4.09e-15    6.81e-01
   5        -1.3020e-14   2.01e-14          -1.0740e-14      4.00e-15    6.52e-01
   5        -1.2665e-14   2.01e-14          -1.0813e-14      3.93e-15    6.25e-01
   5        7.9625e-15   2.00e-14          -1.0113e-14      3.85e-15    6.34e-01
   5        -1.2670e-14   2.00e-14          -1.0205e-14      3.78e-15    6.11e-01
   5        4.8622e-15   2.01e-14          -9.6899e-15      3.72e-15    6.08e-01
   5        -9.6910e-15   2.01e-14          -9.6899e-15      3.66e-15    5.86e-01
   5        -2.3316e-15   2.03e-14          -9.4584e-15      3.60e-15    5.71e-01
   5        1.0356e-14   2.01e-14          -8.8444e-15      3.54e-15    5.83e-01
   5        9.6275e-15   2.04e-14          -8.3016e-15      3.49e-15    5.90e-01
   5        -2.7491e-14   2.05e-14          -8.8404e-15      3.44e-15    5.98e-01
   5        7.8074e-15   2.06e-14          -8.3868e-15      3.39e-15    5.99e-01
   5        2.3048e-15   2.06e-14          -8.1038e-15      3.35e-15    5.89e-01
   5        2.0197e-14   2.08e-14          -7.3865e-15      3.31e-15    6.24e-01
   5        -4.7836e-14   2.08e-14          -8.3865e-15      3.26e-15    7.10e-01
   5        -6.8880e-15   2.07e-14          -8.3501e-15      3.22e-15    6.91e-01
   5        -6.2561e-15   2.08e-14          -8.3011e-15      3.19e-15    6.73e-01
   5        -6.2577e-15   2.07e-14          -8.2539e-15      3.15e-15    6.56e-01
   5        -1.9799e-14   2.10e-14          -8.5073e-15      3.11e-15    6.47e-01
   5        -2.7631e-14   2.11e-14          -8.9138e-15      3.08e-15    6.50e-01
   5        -1.8975e-15   2.11e-14          -8.7671e-15      3.05e-15    6.38e-01
   5        -3.9839e-14   2.12e-14          -9.3967e-15      3.02e-15    6.72e-01
   5        -1.1703e-14   2.13e-14          -9.4420e-15      2.99e-15    6.57e-01
   5        -2.4170e-14   2.12e-14          -9.7302e-15      2.96e-15    6.53e-01
   5        1.7935e-14   2.13e-14          -9.2082e-15      2.93e-15    6.74e-01
   5        1.6273e-14   2.11e-14          -8.7274e-15      2.90e-15    6.90e-01
   5        -3.0048e-14   2.11e-14          -9.1240e-15      2.88e-15    6.97e-01
   5        -3.1756e-14   2.13e-14          -9.5292e-15      2.85e-15    7.05e-01
   5        1.7518e-15   2.12e-14          -9.3289e-15      2.82e-15    6.97e-01
   5        9.3433e-15   2.11e-14          -9.0000e-15      2.80e-15    6.98e-01
   5        3.3818e-15   2.13e-14          -8.7904e-15      2.78e-15    6.91e-01
   5        2.4379e-14   2.13e-14          -8.2374e-15      2.75e-15    7.23e-01
   5        -8.4412e-15   2.14e-14          -8.2407e-15      2.73e-15    7.10e-01
aNNLO+NNLL = (2.0173207e-12 +- 2.8830174e-15) pb

Results:
LO = (1.6175358e-12 +- 1.0878568e-15) pb
NLO = (2.0255613e-12 +- 9.2658385e-16) pb
aNNLO+NNLL = (2.0173207e-12 +- 2.8830174e-15) pb
Thanks for using LHAPDF 6.2.3. Please make sure to cite the paper:
  Eur.Phys.J. C75 (2015) 3, 132  (http://arxiv.org/abs/1412.7420)
 ====================================================
   FF 2.0, a package to evaluate one-loop integrals
 written by G. J. van Oldenborgh, NIKHEF-H, Amsterdam
 ====================================================
 for the algorithms used see preprint NIKHEF-H 89/17,
 'New Algorithms for One-loop Integrals', by G.J. van
 Oldenborgh and J.A.M. Vermaseren, published in 
 Zeitschrift fuer Physik C46(1990)425.
 ====================================================
 
total number of errors and warnings
===================================
fferr: no errors
 
