
  Welcome to Resummino git-latest
  Copyright 2008-2010 Jonathan Debove.
  Copyright 2011-2014 David R. Lamprea.
  Copyright 2011-2016 Marcel Rothering.

  Licensed under the EUPL 1.1 or later.
  See http://www.resummino.org/ for more information.

  If using Resummino for slepton pair production, please cite.
  - G. Bozzi, B. Fuks, M. Klasen, PRD 74, 015001 (2006); NPB 777, 157 (2007); NPB 794, 46 (2007).
  - B. Fuks, M. Klasen, D. R. Lamprea, M. Rothering, EPJC 73, 2480 (2013).

  For gaugino pair production, please cite:
  - J. Debove, B. Fuks, M. Klasen, PLB 688, 208 (2010); NPB 842, 51 (2011); NPB 849, 64 (2011).
  - B. Fuks, M. Klasen, D. R. Lamprea, M. Rothering, JHEP 1210, 081 (2012); EPJC 73, 2480 (2013).

  For associated gaugino gluino production, please cite:
  - B. Fuks, M. Klasen, M. Rothering, JHEP 07:053, (2016).
  - B. Fuks, M. Klasen, D. R. Lamprea, M. Rothering, EPJC 73, 2480 (2013).

LHAPDF 6.2.3 loading /pool/condor/dir_157707/resummino-releases/lhapdf-prefix/share/LHAPDF/PDF4LHC21_40/PDF4LHC21_40_0000.dat
PDF4LHC21_40 PDF set, member #0, version 1
 alpha_s(M_Z^2) = 0.1180 	 for LO PDF set 
 alpha_s(600.000^2) = 0.0920 	 for LO PDF set 

********************
* LO cross section *
********************
The limits of integration are:

xl[0]=0.000000    xu[0]=1.000000
xl[1]=0.000000    xu[1]=1.000000
xl[2]=0.000000    xu[2]=1.000000

num_dim=3, calls=2000, it_num=1, max_it_num=5 verb=0, alph=1.50,
mode=0, bins=50, boxes=1

       single.......iteration                   accumulated......results   
iteration     integral    sigma             integral         sigma     chi-sq/it

   1        1.7933e-13   5.96e-15          1.7933e-13      5.96e-15    0.00e+00
   2        1.9192e-13   2.10e-15          1.9053e-13      1.98e-15    3.98e+00
   3        1.9385e-13   1.03e-15          1.9314e-13      9.13e-16    3.09e+00
   4        1.9262e-13   9.37e-16          1.9289e-13      6.54e-16    2.12e+00
   5        1.9261e-13   9.36e-16          1.9279e-13      5.36e-16    1.60e+00

num_dim=3, calls=20000, it_num=1, max_it_num=5 verb=0, alph=1.50,
mode=0, bins=50, boxes=1

       single.......iteration                   accumulated......results   
iteration     integral    sigma             integral         sigma     chi-sq/it

   1        1.9257e-13   2.96e-16          1.9257e-13      2.96e-16    0.00e+00
   2        1.9254e-13   2.86e-16          1.9255e-13      2.06e-16    5.86e-03
   3        1.9286e-13   2.77e-16          1.9266e-13      1.65e-16    3.88e-01
   4        1.9288e-13   2.95e-16          1.9271e-13      1.44e-16    4.05e-01
   5        1.9204e-13   3.02e-16          1.9259e-13      1.30e-16    1.33e+00
LO = (1.9258826e-13 +- 1.3007321e-16) pb
LHAPDF 6.2.3 loading /pool/condor/dir_157707/resummino-releases/lhapdf-prefix/share/LHAPDF/PDF4LHC21_40/PDF4LHC21_40_0000.dat
PDF4LHC21_40 PDF set, member #0, version 1
 alpha_s(M_Z^2) = 0.1180 	 for NLO PDF set 
 alpha_s(600.000^2) = 0.0920 	 for NLO PDF set 

********************
* LO cross section *
********************
The limits of integration are:

xl[0]=0.000000    xu[0]=1.000000
xl[1]=0.000000    xu[1]=1.000000
xl[2]=0.000000    xu[2]=1.000000

num_dim=3, calls=2000, it_num=1, max_it_num=5 verb=0, alph=1.50,
mode=0, bins=50, boxes=1

       single.......iteration                   accumulated......results   
iteration     integral    sigma             integral         sigma     chi-sq/it

   1        1.7933e-13   5.96e-15          1.7933e-13      5.96e-15    0.00e+00
   2        1.9192e-13   2.10e-15          1.9053e-13      1.98e-15    3.98e+00
   3        1.9385e-13   1.03e-15          1.9314e-13      9.13e-16    3.09e+00
   4        1.9262e-13   9.37e-16          1.9289e-13      6.54e-16    2.12e+00
   5        1.9261e-13   9.36e-16          1.9279e-13      5.36e-16    1.60e+00

num_dim=3, calls=20000, it_num=1, max_it_num=5 verb=0, alph=1.50,
mode=0, bins=50, boxes=1

       single.......iteration                   accumulated......results   
iteration     integral    sigma             integral         sigma     chi-sq/it

   1        1.9257e-13   2.96e-16          1.9257e-13      2.96e-16    0.00e+00
   2        1.9254e-13   2.86e-16          1.9255e-13      2.06e-16    5.86e-03
   3        1.9286e-13   2.77e-16          1.9266e-13      1.65e-16    3.88e-01
   4        1.9288e-13   2.95e-16          1.9271e-13      1.44e-16    4.05e-01
   5        1.9204e-13   3.02e-16          1.9259e-13      1.30e-16    1.33e+00
   5        1.9242e-13   3.00e-16          1.9256e-13      1.19e-16    1.11e+00
   5        1.9297e-13   2.99e-16          1.9262e-13      1.11e-16    1.19e+00
   5        1.9244e-13   3.08e-16          1.9260e-13      1.04e-16    1.06e+00
   5        1.9244e-13   3.12e-16          1.9258e-13      9.89e-17    9.60e-01
   5        1.9229e-13   3.16e-16          1.9256e-13      9.44e-17    9.41e-01
   5        1.9233e-13   3.34e-16          1.9254e-13      9.09e-17    8.89e-01
   5        1.9251e-13   3.38e-16          1.9254e-13      8.77e-17    8.09e-01
   5        1.9272e-13   3.54e-16          1.9255e-13      8.52e-17    7.62e-01
   5        1.9226e-13   3.75e-16          1.9253e-13      8.31e-17    7.46e-01
   5        1.9258e-13   3.98e-16          1.9254e-13      8.13e-17    6.93e-01
   5        1.9235e-13   4.16e-16          1.9253e-13      7.98e-17    6.60e-01
   5        1.9193e-13   4.15e-16          1.9251e-13      7.84e-17    7.42e-01
   5        1.9328e-13   4.29e-16          1.9253e-13      7.71e-17    8.84e-01
   5        1.9294e-13   4.62e-16          1.9254e-13      7.60e-17    8.78e-01
   5        1.9278e-13   4.52e-16          1.9255e-13      7.50e-17    8.46e-01
   5        1.9204e-13   4.77e-16          1.9254e-13      7.41e-17    8.59e-01
   5        1.9242e-13   4.92e-16          1.9254e-13      7.32e-17    8.21e-01
   5        1.9307e-13   4.97e-16          1.9255e-13      7.25e-17    8.34e-01
   5        1.9253e-13   5.42e-16          1.9255e-13      7.18e-17    7.98e-01
   5        1.9303e-13   5.32e-16          1.9255e-13      7.12e-17    7.99e-01
   5        1.9241e-13   5.51e-16          1.9255e-13      7.06e-17    7.70e-01
   5        1.9347e-13   5.94e-16          1.9257e-13      7.01e-17    8.31e-01
   5        1.9257e-13   5.49e-16          1.9257e-13      6.95e-17    8.01e-01
   5        1.9237e-13   5.63e-16          1.9256e-13      6.90e-17    7.76e-01
   5        1.9292e-13   5.93e-16          1.9257e-13      6.85e-17    7.62e-01
   5        1.9271e-13   5.83e-16          1.9257e-13      6.81e-17    7.38e-01
   5        1.9242e-13   6.13e-16          1.9257e-13      6.77e-17    7.16e-01
   5        1.9320e-13   6.02e-16          1.9258e-13      6.72e-17    7.28e-01
   5        1.9225e-13   6.32e-16          1.9257e-13      6.69e-17    7.14e-01
   5        1.9190e-13   6.27e-16          1.9256e-13      6.65e-17    7.27e-01
   5        1.9331e-13   6.47e-16          1.9257e-13      6.61e-17    7.44e-01
   5        1.9057e-13   6.25e-16          1.9255e-13      6.58e-17    1.01e+00
   5        1.9143e-13   6.51e-16          1.9254e-13      6.54e-17    1.06e+00
   5        1.9301e-13   6.64e-16          1.9254e-13      6.51e-17    1.04e+00
   5        1.9246e-13   6.85e-16          1.9254e-13      6.48e-17    1.02e+00
   5        1.9296e-13   6.82e-16          1.9255e-13      6.45e-17    1.00e+00
   5        1.9237e-13   6.72e-16          1.9254e-13      6.42e-17    9.77e-01
   5        1.9417e-13   6.91e-16          1.9256e-13      6.40e-17    1.08e+00
LO = (1.9255817e-13 +- 6.3964504e-17) pb

*******************************************
* virtual corrections + integrated dipole *
*******************************************
The limits of integration are:

xl[0]=0.000000    xu[0]=1.000000
xl[1]=0.000000    xu[1]=1.000000
xl[2]=0.000000    xu[2]=1.000000

num_dim=3, calls=240, it_num=1, max_it_num=5 verb=0, alph=1.50,
mode=0, bins=50, boxes=1

       single.......iteration                   accumulated......results   
iteration     integral    sigma             integral         sigma     chi-sq/it

   1        2.2692e-14   2.24e-15          2.2692e-14      2.24e-15    0.00e+00
   2        2.4181e-14   1.27e-15          2.3821e-14      1.10e-15    3.34e-01
   3        2.6505e-14   6.68e-16          2.5786e-14      5.71e-16    2.33e+00
   4        2.6769e-14   5.01e-16          2.6342e-14      3.77e-16    2.11e+00
   5        2.7121e-14   5.22e-16          2.6609e-14      3.05e-16    1.95e+00

num_dim=3, calls=1200, it_num=1, max_it_num=3 verb=0, alph=1.50,
mode=0, bins=50, boxes=1

       single.......iteration                   accumulated......results   
iteration     integral    sigma             integral         sigma     chi-sq/it

   1        2.6061e-14   2.36e-16          2.6061e-14      2.36e-16    0.00e+00
   2        2.6542e-14   2.04e-16          2.6335e-14      1.54e-16    2.38e+00
   3        2.6376e-14   1.81e-16          2.6352e-14      1.18e-16    1.20e+00
   3        2.6568e-14   1.63e-16          2.6426e-14      9.54e-17    1.19e+00
   3        2.6230e-14   1.81e-16          2.6383e-14      8.44e-17    1.12e+00
   3        2.6529e-14   1.72e-16          2.6412e-14      7.57e-17    1.01e+00
   3        2.6343e-14   1.87e-16          2.6402e-14      7.02e-17    8.61e-01
   3        2.6530e-14   1.78e-16          2.6419e-14      6.53e-17    8.02e-01
   3        2.6436e-14   1.72e-16          2.6421e-14      6.10e-17    7.03e-01
vNLO = (2.6421379e-14 +- 6.1043917e-17) pb

*****************************
* collinear remainder (P+K) *
*****************************
The limits of integration are:

xl[0]=0.000000    xu[0]=1.000000
xl[1]=0.000000    xu[1]=1.000000
xl[2]=0.000000    xu[2]=1.000000
xl[3]=0.000000    xu[3]=1.000000

num_dim=4, calls=2500, it_num=1, max_it_num=5 verb=0, alph=1.50,
mode=0, bins=50, boxes=1

       single.......iteration                   accumulated......results   
iteration     integral    sigma             integral         sigma     chi-sq/it

   1        2.5220e-14   1.70e-15          2.5220e-14      1.70e-15    0.00e+00
   2        2.5775e-14   6.67e-16          2.5701e-14      6.21e-16    9.25e-02
   3        2.6101e-14   5.50e-16          2.5925e-14      4.12e-16    1.63e-01
   4        2.6223e-14   5.29e-16          2.6038e-14      3.25e-16    1.74e-01
   5        2.6652e-14   5.15e-16          2.6212e-14      2.75e-16    3.85e-01

num_dim=4, calls=25000, it_num=1, max_it_num=3 verb=0, alph=1.50,
mode=0, bins=50, boxes=1

       single.......iteration                   accumulated......results   
iteration     integral    sigma             integral         sigma     chi-sq/it

   1        2.6688e-14   1.62e-16          2.6688e-14      1.62e-16    0.00e+00
   2        2.6704e-14   1.61e-16          2.6696e-14      1.14e-16    4.81e-03
   3        2.6261e-14   1.63e-16          2.6552e-14      9.36e-17    2.39e+00
   3        2.6481e-14   1.62e-16          2.6535e-14      8.11e-17    1.64e+00
   3        2.6173e-14   1.64e-16          2.6464e-14      7.27e-17    2.20e+00
   3        2.6160e-14   1.64e-16          2.6414e-14      6.65e-17    2.34e+00
   3        2.6320e-14   1.64e-16          2.6400e-14      6.16e-17    2.00e+00
   3        2.6403e-14   1.64e-16          2.6401e-14      5.77e-17    1.71e+00
   3        2.6364e-14   1.66e-16          2.6397e-14      5.45e-17    1.50e+00
   3        2.6447e-14   1.66e-16          2.6402e-14      5.18e-17    1.34e+00
P+K = (2.6401706e-14 +- 5.1754885e-17) pb

********************************
* real gluon emission - dipole *
********************************
The limits of integration are:

xl[0]=0.000000    xu[0]=1.000000
xl[1]=0.000000    xu[1]=1.000000
xl[2]=0.000000    xu[2]=1.000000
xl[3]=0.000000    xu[3]=1.000000
xl[4]=0.000000    xu[4]=1.000000
xl[5]=0.000000    xu[5]=1.000000

num_dim=6, calls=250, it_num=1, max_it_num=5 verb=0, alph=1.50,
mode=0, bins=50, boxes=1

       single.......iteration                   accumulated......results   
iteration     integral    sigma             integral         sigma     chi-sq/it

   1        -3.8367e-16   1.30e-16          -3.8367e-16      1.30e-16    0.00e+00
   2        -4.7565e-16   1.10e-16          -4.3728e-16      8.42e-17    2.90e-01
   3        -2.7828e-16   2.92e-17          -2.9529e-16      2.76e-17    1.74e+00
   4        -2.8716e-16   3.32e-17          -2.9198e-16      2.12e-17    1.17e+00
   5        -3.3479e-16   2.62e-17          -3.0892e-16      1.65e-17    1.28e+00

num_dim=6, calls=2500, it_num=1, max_it_num=3 verb=0, alph=1.50,
mode=0, bins=50, boxes=1

       single.......iteration                   accumulated......results   
iteration     integral    sigma             integral         sigma     chi-sq/it

   1        -3.3456e-16   7.03e-18          -3.3456e-16      7.03e-18    0.00e+00
   2        -3.3039e-16   4.68e-18          -3.3167e-16      3.89e-18    2.45e-01
   3        -3.4059e-16   4.26e-18          -3.3573e-16      2.87e-18    1.32e+00
rNLOg = (-3.3572898e-16 +- 2.8744506e-18) pb

**************************************************
* real light quark emission - dipole - (onshell) *
**************************************************
The limits of integration are:

xl[0]=0.000000    xu[0]=1.000000
xl[1]=0.000000    xu[1]=1.000000
xl[2]=0.000000    xu[2]=1.000000
xl[3]=0.000000    xu[3]=1.000000
xl[4]=0.000000    xu[4]=1.000000
xl[5]=0.000000    xu[5]=1.000000

num_dim=6, calls=5000, it_num=1, max_it_num=5 verb=0, alph=1.50,
mode=0, bins=50, boxes=1

       single.......iteration                   accumulated......results   
iteration     integral    sigma             integral         sigma     chi-sq/it

   1        8.5727e-16   5.54e-17          8.5727e-16      5.54e-17    0.00e+00
   2        8.7262e-16   1.69e-17          8.7131e-16      1.62e-17    7.01e-02
   3        8.4994e-16   9.02e-18          8.5501e-16      7.88e-18    7.01e-01
   4        8.4448e-16   6.82e-18          8.4899e-16      5.16e-18    8.08e-01
   5        8.4827e-16   5.96e-18          8.4868e-16      3.90e-18    6.08e-01

num_dim=6, calls=50000, it_num=1, max_it_num=5 verb=0, alph=1.50,
mode=0, bins=50, boxes=1

       single.......iteration                   accumulated......results   
iteration     integral    sigma             integral         sigma     chi-sq/it

   1        8.4753e-16   1.81e-18          8.4753e-16      1.81e-18    0.00e+00
   2        8.5299e-16   2.51e-18          8.4940e-16      1.47e-18    3.10e+00
   3        8.5475e-16   2.50e-18          8.5078e-16      1.27e-18    3.25e+00
   4        8.4970e-16   2.15e-18          8.5050e-16      1.09e-18    2.23e+00
   5        8.5258e-16   2.33e-18          8.5087e-16      9.89e-19    1.84e+00
rNLOq = (8.5087221e-16 +- 9.8864528e-19) pb
NLO = (2.4589640e-13 +- 1.0249695e-16) pb
#chisq/dof = 1.82573e-09
#status = success
#chisq/dof = 1.23897e-09
#status = success
#chisq/dof = 5.08871e-10
#status = success
#chisq/dof = 6.51305e-10
#status = success
#chisq/dof = 1.36689e-10
#status = success
#chisq/dof = 2.99531e-12
#status = success
#chisq/dof = 2.02589e-10
#status = success
#chisq/dof = 5.89284e-11
#status = success

*******************************************************
* threshold resummation (unimproved nnll) - expansion *
*******************************************************
The limits of integration are:

xl[0]=0.000000    xu[0]=1.000000
xl[1]=0.000000    xu[1]=1.000000
xl[2]=0.000000    xu[2]=1.000000

num_dim=3, calls=7000, it_num=1, max_it_num=5 verb=0, alph=1.50,
mode=0, bins=50, boxes=1

       single.......iteration                   accumulated......results   
iteration     integral    sigma             integral         sigma     chi-sq/it

   1        1.0170e-14   2.18e-14          1.0170e-14      2.18e-14    0.00e+00
   2        -5.5711e-15   9.43e-15          -3.0911e-15      8.66e-15    4.39e-01
   3        6.4886e-15   8.79e-15          1.6245e-15      6.17e-15    5.21e-01
   4        2.3333e-14   8.85e-15          8.7255e-15      5.06e-15    1.70e+00
   5        8.9358e-15   8.82e-15          8.7776e-15      4.39e-15    1.27e+00

num_dim=3, calls=35000, it_num=1, max_it_num=5 verb=0, alph=1.50,
mode=0, bins=50, boxes=1

       single.......iteration                   accumulated......results   
iteration     integral    sigma             integral         sigma     chi-sq/it

   1        4.2986e-16   3.89e-15          4.2986e-16      3.89e-15    0.00e+00
   2        2.3638e-16   3.89e-15          3.3307e-16      2.75e-15    1.24e-03
   3        -2.3190e-15   3.90e-15          -5.4741e-16      2.25e-15    1.55e-01
   4        1.9032e-15   3.92e-15          5.8593e-17      1.95e-15    2.01e-01
   5        -7.0149e-16   3.89e-15          -9.3988e-17      1.74e-15    1.58e-01
aNNLO+NNLL = (2.4580241e-13 +- 1.7478465e-15) pb

Results:
LO = (1.9258826e-13 +- 1.3007321e-16) pb
NLO = (2.4589640e-13 +- 1.0249695e-16) pb
aNNLO+NNLL = (2.4580241e-13 +- 1.7478465e-15) pb
Thanks for using LHAPDF 6.2.3. Please make sure to cite the paper:
  Eur.Phys.J. C75 (2015) 3, 132  (http://arxiv.org/abs/1412.7420)
 ====================================================
   FF 2.0, a package to evaluate one-loop integrals
 written by G. J. van Oldenborgh, NIKHEF-H, Amsterdam
 ====================================================
 for the algorithms used see preprint NIKHEF-H 89/17,
 'New Algorithms for One-loop Integrals', by G.J. van
 Oldenborgh and J.A.M. Vermaseren, published in 
 Zeitschrift fuer Physik C46(1990)425.
 ====================================================
 
total number of errors and warnings
===================================
fferr: no errors
 
