
  Welcome to Resummino git-latest
  Copyright 2008-2010 Jonathan Debove.
  Copyright 2011-2014 David R. Lamprea.
  Copyright 2011-2016 Marcel Rothering.

  Licensed under the EUPL 1.1 or later.
  See http://www.resummino.org/ for more information.

  If using Resummino for slepton pair production, please cite.
  - G. Bozzi, B. Fuks, M. Klasen, PRD 74, 015001 (2006); NPB 777, 157 (2007); NPB 794, 46 (2007).
  - B. Fuks, M. Klasen, D. R. Lamprea, M. Rothering, EPJC 73, 2480 (2013).

  For gaugino pair production, please cite:
  - J. Debove, B. Fuks, M. Klasen, PLB 688, 208 (2010); NPB 842, 51 (2011); NPB 849, 64 (2011).
  - B. Fuks, M. Klasen, D. R. Lamprea, M. Rothering, JHEP 1210, 081 (2012); EPJC 73, 2480 (2013).

  For associated gaugino gluino production, please cite:
  - B. Fuks, M. Klasen, M. Rothering, JHEP 07:053, (2016).
  - B. Fuks, M. Klasen, D. R. Lamprea, M. Rothering, EPJC 73, 2480 (2013).

LHAPDF 6.2.3 loading /pool/condor/dir_15242/resummino-releases/lhapdf-prefix/share/LHAPDF/PDF4LHC21_40/PDF4LHC21_40_0000.dat
PDF4LHC21_40 PDF set, member #0, version 1
 alpha_s(M_Z^2) = 0.1180 	 for LO PDF set 
 alpha_s(1100.000^2) = 0.0859 	 for LO PDF set 

********************
* LO cross section *
********************
The limits of integration are:

xl[0]=0.000000    xu[0]=1.000000
xl[1]=0.000000    xu[1]=1.000000
xl[2]=0.000000    xu[2]=1.000000

num_dim=3, calls=2000, it_num=1, max_it_num=5 verb=0, alph=1.50,
mode=0, bins=50, boxes=1

       single.......iteration                   accumulated......results   
iteration     integral    sigma             integral         sigma     chi-sq/it

   1        2.5325e-13   8.47e-15          2.5325e-13      8.47e-15    0.00e+00
   2        2.7048e-13   2.96e-15          2.6860e-13      2.80e-15    3.69e+00
   3        2.7343e-13   1.46e-15          2.7240e-13      1.29e-15    3.02e+00
   4        2.7169e-13   1.33e-15          2.7205e-13      9.25e-16    2.06e+00
   5        2.7147e-13   1.34e-15          2.7187e-13      7.61e-16    1.58e+00

num_dim=3, calls=20000, it_num=1, max_it_num=5 verb=0, alph=1.50,
mode=0, bins=50, boxes=1

       single.......iteration                   accumulated......results   
iteration     integral    sigma             integral         sigma     chi-sq/it

   1        2.7152e-13   4.21e-16          2.7152e-13      4.21e-16    0.00e+00
   2        2.7149e-13   4.08e-16          2.7150e-13      2.93e-16    3.09e-03
   3        2.7201e-13   3.96e-16          2.7168e-13      2.35e-16    5.19e-01
   4        2.7203e-13   4.22e-16          2.7176e-13      2.06e-16    5.17e-01
   5        2.7080e-13   4.28e-16          2.7158e-13      1.85e-16    1.42e+00
LO = (2.7158221e-13 +- 1.8535554e-16) pb
LHAPDF 6.2.3 loading /pool/condor/dir_15242/resummino-releases/lhapdf-prefix/share/LHAPDF/PDF4LHC21_40/PDF4LHC21_40_0029.dat
PDF4LHC21_40 PDF set, member #29, version 1
 alpha_s(M_Z^2) = 0.1180 	 for NLO PDF set 
 alpha_s(1100.000^2) = 0.0859 	 for NLO PDF set 

********************
* LO cross section *
********************
The limits of integration are:

xl[0]=0.000000    xu[0]=1.000000
xl[1]=0.000000    xu[1]=1.000000
xl[2]=0.000000    xu[2]=1.000000

num_dim=3, calls=2000, it_num=1, max_it_num=5 verb=0, alph=1.50,
mode=0, bins=50, boxes=1

       single.......iteration                   accumulated......results   
iteration     integral    sigma             integral         sigma     chi-sq/it

   1        2.4954e-13   8.48e-15          2.4954e-13      8.48e-15    0.00e+00
   2        2.6694e-13   2.96e-15          2.6505e-13      2.80e-15    3.76e+00
   3        2.6993e-13   1.45e-15          2.6889e-13      1.29e-15    3.08e+00
   4        2.6825e-13   1.32e-15          2.6858e-13      9.22e-16    2.09e+00
   5        2.6804e-13   1.34e-15          2.6841e-13      7.59e-16    1.60e+00

num_dim=3, calls=20000, it_num=1, max_it_num=5 verb=0, alph=1.50,
mode=0, bins=50, boxes=1

       single.......iteration                   accumulated......results   
iteration     integral    sigma             integral         sigma     chi-sq/it

   1        2.6802e-13   4.20e-16          2.6802e-13      4.20e-16    0.00e+00
   2        2.6798e-13   4.07e-16          2.6800e-13      2.93e-16    3.60e-03
   3        2.6852e-13   3.96e-16          2.6818e-13      2.35e-16    5.52e-01
   4        2.6851e-13   4.22e-16          2.6826e-13      2.05e-16    5.19e-01
   5        2.6727e-13   4.28e-16          2.6807e-13      1.85e-16    1.48e+00
   5        2.6787e-13   4.28e-16          2.6804e-13      1.70e-16    1.23e+00
   5        2.6860e-13   4.26e-16          2.6812e-13      1.58e-16    1.26e+00
   5        2.6782e-13   4.38e-16          2.6808e-13      1.49e-16    1.14e+00
   5        2.6784e-13   4.47e-16          2.6806e-13      1.41e-16    1.03e+00
   5        2.6761e-13   4.51e-16          2.6802e-13      1.35e-16    1.02e+00
   5        2.6775e-13   4.78e-16          2.6800e-13      1.29e-16    9.45e-01
   5        2.6789e-13   4.82e-16          2.6799e-13      1.25e-16    8.64e-01
   5        2.6828e-13   5.07e-16          2.6801e-13      1.21e-16    8.16e-01
   5        2.6759e-13   5.32e-16          2.6799e-13      1.18e-16    7.99e-01
   5        2.6812e-13   5.69e-16          2.6799e-13      1.16e-16    7.45e-01
   5        2.6776e-13   5.89e-16          2.6799e-13      1.14e-16    7.06e-01
   5        2.6718e-13   5.90e-16          2.6796e-13      1.12e-16    7.74e-01
   5        2.6906e-13   6.08e-16          2.6799e-13      1.10e-16    9.14e-01
   5        2.6865e-13   6.56e-16          2.6801e-13      1.08e-16    9.18e-01
   5        2.6847e-13   6.41e-16          2.6802e-13      1.07e-16    8.96e-01
   5        2.6731e-13   6.74e-16          2.6801e-13      1.05e-16    9.06e-01
   5        2.6789e-13   6.89e-16          2.6800e-13      1.04e-16    8.64e-01
   5        2.6868e-13   7.00e-16          2.6802e-13      1.03e-16    8.66e-01
   5        2.6800e-13   7.63e-16          2.6802e-13      1.02e-16    8.29e-01
   5        2.6872e-13   7.40e-16          2.6803e-13      1.01e-16    8.31e-01
   5        2.6793e-13   7.64e-16          2.6803e-13      1.00e-16    7.98e-01
   5        2.6930e-13   8.14e-16          2.6805e-13      9.96e-17    8.59e-01
   5        2.6807e-13   7.70e-16          2.6805e-13      9.88e-17    8.28e-01
   5        2.6783e-13   7.94e-16          2.6805e-13      9.80e-17    8.01e-01
   5        2.6861e-13   8.38e-16          2.6805e-13      9.74e-17    7.88e-01
   5        2.6822e-13   8.21e-16          2.6805e-13      9.67e-17    7.64e-01
   5        2.6789e-13   8.65e-16          2.6805e-13      9.61e-17    7.40e-01
   5        2.6896e-13   8.41e-16          2.6806e-13      9.55e-17    7.53e-01
   5        2.6752e-13   8.84e-16          2.6806e-13      9.49e-17    7.41e-01
   5        2.6717e-13   8.67e-16          2.6805e-13      9.43e-17    7.50e-01
   5        2.6914e-13   8.96e-16          2.6806e-13      9.38e-17    7.71e-01
   5        2.6527e-13   8.67e-16          2.6803e-13      9.33e-17    1.03e+00
   5        2.6646e-13   9.04e-16          2.6801e-13      9.28e-17    1.08e+00
   5        2.6867e-13   9.04e-16          2.6802e-13      9.23e-17    1.07e+00
   5        2.6802e-13   9.25e-16          2.6802e-13      9.19e-17    1.04e+00
   5        2.6866e-13   9.33e-16          2.6802e-13      9.14e-17    1.03e+00
   5        2.6794e-13   9.26e-16          2.6802e-13      9.10e-17    1.00e+00
   5        2.7042e-13   9.53e-16          2.6804e-13      9.06e-17    1.13e+00
   5        2.6856e-13   9.21e-16          2.6805e-13      9.01e-17    1.11e+00
LO = (2.6804989e-13 +- 9.0120641e-17) pb

*******************************************
* virtual corrections + integrated dipole *
*******************************************
The limits of integration are:

xl[0]=0.000000    xu[0]=1.000000
xl[1]=0.000000    xu[1]=1.000000
xl[2]=0.000000    xu[2]=1.000000

num_dim=3, calls=240, it_num=1, max_it_num=5 verb=0, alph=1.50,
mode=0, bins=50, boxes=1

       single.......iteration                   accumulated......results   
iteration     integral    sigma             integral         sigma     chi-sq/it

   1        2.9642e-14   3.01e-15          2.9642e-14      3.01e-15    0.00e+00
   2        3.1371e-14   1.64e-15          3.0975e-14      1.44e-15    2.55e-01
   3        3.4632e-14   9.00e-16          3.3604e-14      7.63e-16    2.45e+00
   4        3.4822e-14   6.43e-16          3.4316e-14      4.92e-16    2.13e+00
   5        3.5455e-14   7.35e-16          3.4668e-14      4.09e-16    2.01e+00

num_dim=3, calls=1200, it_num=1, max_it_num=3 verb=0, alph=1.50,
mode=0, bins=50, boxes=1

       single.......iteration                   accumulated......results   
iteration     integral    sigma             integral         sigma     chi-sq/it

   1        3.3876e-14   3.15e-16          3.3876e-14      3.15e-16    0.00e+00
   2        3.4493e-14   2.64e-16          3.4239e-14      2.02e-16    2.25e+00
   3        3.4282e-14   2.36e-16          3.4257e-14      1.54e-16    1.13e+00
   3        3.4581e-14   2.17e-16          3.4365e-14      1.25e-16    1.25e+00
   3        3.4100e-14   2.38e-16          3.4308e-14      1.11e-16    1.18e+00
   3        3.4456e-14   2.26e-16          3.4336e-14      9.96e-17    1.01e+00
   3        3.4248e-14   2.49e-16          3.4324e-14      9.25e-17    8.63e-01
   3        3.4519e-14   2.39e-16          3.4350e-14      8.62e-17    8.22e-01
vNLO = (3.4349652e-14 +- 8.6229569e-17) pb

*****************************
* collinear remainder (P+K) *
*****************************
The limits of integration are:

xl[0]=0.000000    xu[0]=1.000000
xl[1]=0.000000    xu[1]=1.000000
xl[2]=0.000000    xu[2]=1.000000
xl[3]=0.000000    xu[3]=1.000000

num_dim=4, calls=2500, it_num=1, max_it_num=5 verb=0, alph=1.50,
mode=0, bins=50, boxes=1

       single.......iteration                   accumulated......results   
iteration     integral    sigma             integral         sigma     chi-sq/it

   1        3.0434e-14   2.16e-15          3.0434e-14      2.16e-15    0.00e+00
   2        3.1156e-14   8.48e-16          3.1060e-14      7.89e-16    9.66e-02
   3        3.1557e-14   7.06e-16          3.1336e-14      5.26e-16    1.58e-01
   4        3.1708e-14   6.79e-16          3.1476e-14      4.16e-16    1.68e-01
   5        3.2333e-14   6.62e-16          3.1718e-14      3.52e-16    4.26e-01

num_dim=4, calls=25000, it_num=1, max_it_num=3 verb=0, alph=1.50,
mode=0, bins=50, boxes=1

       single.......iteration                   accumulated......results   
iteration     integral    sigma             integral         sigma     chi-sq/it

   1        3.2359e-14   2.08e-16          3.2359e-14      2.08e-16    0.00e+00
   2        3.2357e-14   2.07e-16          3.2358e-14      1.47e-16    4.78e-05
   3        3.1778e-14   2.09e-16          3.2167e-14      1.20e-16    2.57e+00
   3        3.2078e-14   2.09e-16          3.2145e-14      1.04e-16    1.76e+00
   3        3.1686e-14   2.11e-16          3.2055e-14      9.35e-17    2.26e+00
   3        3.1669e-14   2.10e-16          3.1991e-14      8.54e-17    2.37e+00
   3        3.1873e-14   2.11e-16          3.1974e-14      7.92e-17    2.02e+00
   3        3.1988e-14   2.11e-16          3.1976e-14      7.41e-17    1.73e+00
   3        3.1934e-14   2.13e-16          3.1972e-14      7.00e-17    1.52e+00
   3        3.2054e-14   2.13e-16          3.1980e-14      6.65e-17    1.37e+00
P+K = (3.1979647e-14 +- 6.6487511e-17) pb

********************************
* real gluon emission - dipole *
********************************
The limits of integration are:

xl[0]=0.000000    xu[0]=1.000000
xl[1]=0.000000    xu[1]=1.000000
xl[2]=0.000000    xu[2]=1.000000
xl[3]=0.000000    xu[3]=1.000000
xl[4]=0.000000    xu[4]=1.000000
xl[5]=0.000000    xu[5]=1.000000

num_dim=6, calls=250, it_num=1, max_it_num=5 verb=0, alph=1.50,
mode=0, bins=50, boxes=1

       single.......iteration                   accumulated......results   
iteration     integral    sigma             integral         sigma     chi-sq/it

   1        -5.3517e-16   1.83e-16          -5.3517e-16      1.83e-16    0.00e+00
   2        -6.2997e-16   1.38e-16          -5.9557e-16      1.10e-16    1.71e-01
   3        -4.1486e-16   5.21e-17          -4.4780e-16      4.71e-17    1.18e+00
   4        -5.0821e-16   5.64e-17          -4.7262e-16      3.62e-17    1.01e+00
   5        -4.7604e-16   3.58e-17          -4.7435e-16      2.54e-17    7.61e-01

num_dim=6, calls=2500, it_num=1, max_it_num=3 verb=0, alph=1.50,
mode=0, bins=50, boxes=1

       single.......iteration                   accumulated......results   
iteration     integral    sigma             integral         sigma     chi-sq/it

   1        -4.4813e-16   8.88e-18          -4.4813e-16      8.88e-18    0.00e+00
   2        -4.6516e-16   6.60e-18          -4.5910e-16      5.30e-18    2.37e+00
   3        -4.7104e-16   5.93e-18          -4.6440e-16      3.95e-18    2.31e+00
rNLOg = (-4.6440203e-16 +- 3.9493770e-18) pb

**************************************************
* real light quark emission - dipole - (onshell) *
**************************************************
The limits of integration are:

xl[0]=0.000000    xu[0]=1.000000
xl[1]=0.000000    xu[1]=1.000000
xl[2]=0.000000    xu[2]=1.000000
xl[3]=0.000000    xu[3]=1.000000
xl[4]=0.000000    xu[4]=1.000000
xl[5]=0.000000    xu[5]=1.000000

num_dim=6, calls=5000, it_num=1, max_it_num=5 verb=0, alph=1.50,
mode=0, bins=50, boxes=1

       single.......iteration                   accumulated......results   
iteration     integral    sigma             integral         sigma     chi-sq/it

   1        1.2332e-15   8.31e-17          1.2332e-15      8.31e-17    0.00e+00
   2        1.2600e-15   2.39e-17          1.2580e-15      2.29e-17    9.64e-02
   3        1.2304e-15   1.29e-17          1.2370e-15      1.13e-17    5.97e-01
   4        1.2220e-15   1.02e-17          1.2288e-15      7.55e-18    7.26e-01
   5        1.2282e-15   8.79e-18          1.2285e-15      5.73e-18    5.45e-01

num_dim=6, calls=50000, it_num=1, max_it_num=5 verb=0, alph=1.50,
mode=0, bins=50, boxes=1

       single.......iteration                   accumulated......results   
iteration     integral    sigma             integral         sigma     chi-sq/it

   1        1.2276e-15   2.68e-18          1.2276e-15      2.68e-18    0.00e+00
   2        1.2354e-15   3.63e-18          1.2303e-15      2.15e-18    3.02e+00
   3        1.2383e-15   3.65e-18          1.2324e-15      1.86e-18    3.29e+00
   4        1.2312e-15   3.16e-18          1.2321e-15      1.60e-18    2.23e+00
   5        1.2349e-15   3.42e-18          1.2326e-15      1.45e-18    1.81e+00
   5        1.2307e-15   2.94e-18          1.2322e-15      1.30e-18    1.52e+00
   5        1.2275e-15   2.58e-18          1.2313e-15      1.16e-18    1.71e+00
   5        1.2343e-15   2.57e-18          1.2318e-15      1.06e-18    1.64e+00
   5        1.2390e-15   2.87e-18          1.2326e-15      9.93e-19    2.13e+00
   5        1.2388e-15   3.10e-18          1.2332e-15      9.45e-19    2.28e+00
   5        1.2374e-15   2.76e-18          1.2337e-15      8.94e-19    2.26e+00
   5        1.2315e-15   4.04e-18          1.2336e-15      8.73e-19    2.08e+00
   5        1.2421e-15   3.66e-18          1.2340e-15      8.49e-19    2.34e+00
   5        1.2360e-15   3.01e-18          1.2342e-15      8.18e-19    2.19e+00
   5        1.2327e-15   2.80e-18          1.2341e-15      7.85e-19    2.06e+00
   5        1.2321e-15   2.91e-18          1.2339e-15      7.58e-19    1.95e+00
   5        1.2360e-15   2.75e-18          1.2341e-15      7.30e-19    1.86e+00
   5        1.2351e-15   3.07e-18          1.2341e-15      7.11e-19    1.76e+00
   5        1.2269e-15   2.95e-18          1.2337e-15      6.91e-19    1.97e+00
   5        1.2367e-15   2.99e-18          1.2339e-15      6.73e-19    1.92e+00
   5        1.2309e-15   2.94e-18          1.2337e-15      6.56e-19    1.87e+00
   5        1.2323e-15   2.88e-18          1.2337e-15      6.40e-19    1.79e+00
   5        1.2425e-15   6.82e-18          1.2337e-15      6.37e-19    1.79e+00
   5        1.2283e-15   5.49e-18          1.2337e-15      6.33e-19    1.75e+00
   5        1.2316e-15   3.39e-18          1.2336e-15      6.22e-19    1.69e+00
   5        1.2386e-15   3.90e-18          1.2337e-15      6.14e-19    1.69e+00
   5        1.2445e-15   7.79e-18          1.2338e-15      6.12e-19    1.70e+00
   5        1.2339e-15   6.07e-18          1.2338e-15      6.09e-19    1.64e+00
   5        1.2295e-15   3.79e-18          1.2337e-15      6.01e-19    1.62e+00
   5        1.2365e-15   3.18e-18          1.2338e-15      5.91e-19    1.59e+00
   5        1.2335e-15   2.89e-18          1.2338e-15      5.79e-19    1.54e+00
   5        1.2357e-15   2.83e-18          1.2338e-15      5.67e-19    1.50e+00
   5        1.2349e-15   2.96e-18          1.2339e-15      5.57e-19    1.46e+00
rNLOq = (1.2338803e-15 +- 5.5708064e-19) pb
NLO = (3.3514867e-13 +- 1.4139931e-16) pb
#chisq/dof = 1.79973e-09
#status = success
#chisq/dof = 7.62206e-10
#status = success
#chisq/dof = 5.6219e-10
#status = success
#chisq/dof = 9.86193e-10
#status = success
#chisq/dof = 1.55571e-10
#status = success
#chisq/dof = 2.93423e-12
#status = success
#chisq/dof = 2.25543e-10
#status = success
#chisq/dof = 1.122e-10
#status = success

*******************************************************
* threshold resummation (unimproved nnll) - expansion *
*******************************************************
The limits of integration are:

xl[0]=0.000000    xu[0]=1.000000
xl[1]=0.000000    xu[1]=1.000000
xl[2]=0.000000    xu[2]=1.000000

num_dim=3, calls=7000, it_num=1, max_it_num=5 verb=0, alph=1.50,
mode=0, bins=50, boxes=1

       single.......iteration                   accumulated......results   
iteration     integral    sigma             integral         sigma     chi-sq/it

   1        3.2501e-14   2.40e-14          3.2501e-14      2.40e-14    0.00e+00
   2        4.2505e-15   1.11e-14          9.2269e-15      1.01e-14    1.15e+00
   3        -1.8008e-14   1.02e-14          -4.2497e-15      7.15e-15    2.39e+00
   4        1.6287e-14   1.01e-14          2.5919e-15      5.84e-15    2.51e+00
   5        -1.0263e-14   1.01e-14          -6.3976e-16      5.05e-15    2.19e+00

num_dim=3, calls=35000, it_num=1, max_it_num=5 verb=0, alph=1.50,
mode=0, bins=50, boxes=1

       single.......iteration                   accumulated......results   
iteration     integral    sigma             integral         sigma     chi-sq/it

   1        3.7258e-15   4.49e-15          3.7258e-15      4.49e-15    0.00e+00
   2        5.9012e-15   4.48e-15          4.8147e-15      3.17e-15    1.18e-01
   3        9.2995e-15   4.47e-15          6.3136e-15      2.59e-15    3.93e-01
   4        1.0640e-14   4.50e-15          7.3885e-15      2.24e-15    4.94e-01
   5        -4.6824e-16   4.48e-15          5.8150e-15      2.01e-15    9.85e-01
   5        7.8729e-16   4.49e-15          4.9801e-15      1.83e-15    9.97e-01
   5        4.7793e-15   4.50e-15          4.9515e-15      1.70e-15    8.31e-01
   5        6.4333e-15   4.50e-15          5.1362e-15      1.59e-15    7.26e-01
   5        3.3303e-15   4.50e-15          4.9363e-15      1.50e-15    6.53e-01
   5        2.8471e-15   4.49e-15          4.7277e-15      1.42e-15    6.02e-01
   5        1.7190e-15   4.50e-15          4.4556e-15      1.35e-15    5.82e-01
   5        -3.3096e-15   4.50e-15          3.8107e-15      1.30e-15    7.78e-01
   5        1.6567e-15   4.52e-15          3.6472e-15      1.25e-15    7.30e-01
   5        2.7148e-15   4.50e-15          3.5807e-15      1.20e-15    6.77e-01
   5        6.7979e-15   4.54e-15          3.7916e-15      1.16e-15    6.62e-01
   5        7.6485e-15   4.55e-15          4.0275e-15      1.13e-15    6.63e-01
   5        -5.5833e-15   4.55e-15          3.4741e-15      1.09e-15    8.84e-01
   5        -2.9136e-16   4.54e-15          3.2679e-15      1.06e-15    8.71e-01
   5        1.0113e-14   4.55e-15          3.6212e-15      1.03e-15    9.41e-01
   5        1.1048e-14   4.61e-15          3.9770e-15      1.01e-15    1.02e+00
   5        -8.3921e-15   4.61e-15          3.4121e-15      9.86e-16    1.31e+00
   5        5.4258e-15   4.61e-15          3.5001e-15      9.64e-16    1.26e+00
   5        -1.4317e-15   4.60e-15          3.2925e-15      9.43e-16    1.25e+00
   5        1.7535e-15   4.62e-15          3.2308e-15      9.24e-16    1.20e+00
   5        -2.0903e-15   4.66e-15          3.0297e-15      9.07e-16    1.21e+00
   5        1.4541e-14   4.68e-15          3.4460e-15      8.90e-16    1.39e+00
   5        3.2296e-15   4.66e-15          3.4384e-15      8.74e-16    1.34e+00
   5        7.3071e-15   4.67e-15          3.5692e-15      8.60e-16    1.31e+00
   5        5.3625e-16   4.73e-15          3.4721e-15      8.46e-16    1.28e+00
   5        7.4002e-16   4.73e-15          3.3876e-15      8.32e-16    1.25e+00
   5        3.5661e-15   4.75e-15          3.3929e-15      8.20e-16    1.20e+00
   5        1.1929e-14   4.79e-15          3.6364e-15      8.08e-16    1.27e+00
   5        7.5462e-15   4.77e-15          3.7454e-15      7.97e-16    1.25e+00
   5        2.7070e-15   4.78e-15          3.7172e-15      7.86e-16    1.21e+00
   5        6.7735e-15   4.80e-15          3.7970e-15      7.76e-16    1.19e+00
   5        1.0087e-14   4.83e-15          3.9550e-15      7.66e-16    1.20e+00
   5        -6.8585e-16   4.82e-15          3.8409e-15      7.56e-16    1.19e+00
   5        -7.9364e-15   4.85e-15          3.5615e-15      7.47e-16    1.31e+00
   5        5.8798e-15   4.85e-15          3.6153e-15      7.39e-16    1.29e+00
   5        -7.4266e-15   4.84e-15          3.3638e-15      7.30e-16    1.38e+00
   5        2.1149e-15   4.86e-15          3.3362e-15      7.22e-16    1.35e+00
   5        5.6884e-15   4.95e-15          3.3853e-15      7.14e-16    1.32e+00
   5        -2.2234e-16   4.90e-15          3.3101e-15      7.07e-16    1.30e+00
   5        -2.1267e-15   4.91e-15          3.1998e-15      7.00e-16    1.30e+00
   5        -2.8403e-15   4.98e-15          3.0828e-15      6.93e-16    1.30e+00
   5        -5.1384e-15   4.91e-15          2.9224e-15      6.86e-16    1.34e+00
   5        1.5161e-14   4.93e-15          3.1551e-15      6.80e-16    1.44e+00
   5        5.6744e-15   4.98e-15          3.2011e-15      6.73e-16    1.41e+00
   5        2.0185e-15   4.95e-15          3.1796e-15      6.67e-16    1.39e+00
   5        3.3704e-15   4.98e-15          3.1830e-15      6.61e-16    1.36e+00
   5        -1.2868e-15   4.95e-15          3.1046e-15      6.56e-16    1.35e+00
   5        6.8477e-15   5.00e-15          3.1678e-15      6.50e-16    1.33e+00
   5        -9.5466e-16   4.94e-15          3.0976e-15      6.44e-16    1.32e+00
   5        8.0039e-15   4.93e-15          3.1801e-15      6.39e-16    1.31e+00
   5        -1.0991e-15   4.93e-15          3.1093e-15      6.34e-16    1.30e+00
aNNLO+NNLL = (3.3825797e-13 +- 6.4925331e-16) pb

Results:
LO = (2.7158221e-13 +- 1.8535554e-16) pb
NLO = (3.3514867e-13 +- 1.4139931e-16) pb
aNNLO+NNLL = (3.3825797e-13 +- 6.4925331e-16) pb
Thanks for using LHAPDF 6.2.3. Please make sure to cite the paper:
  Eur.Phys.J. C75 (2015) 3, 132  (http://arxiv.org/abs/1412.7420)
 ====================================================
   FF 2.0, a package to evaluate one-loop integrals
 written by G. J. van Oldenborgh, NIKHEF-H, Amsterdam
 ====================================================
 for the algorithms used see preprint NIKHEF-H 89/17,
 'New Algorithms for One-loop Integrals', by G.J. van
 Oldenborgh and J.A.M. Vermaseren, published in 
 Zeitschrift fuer Physik C46(1990)425.
 ====================================================
 
total number of errors and warnings
===================================
fferr: no errors
 
