
  Welcome to Resummino git-latest
  Copyright 2008-2010 Jonathan Debove.
  Copyright 2011-2014 David R. Lamprea.
  Copyright 2011-2016 Marcel Rothering.

  Licensed under the EUPL 1.1 or later.
  See http://www.resummino.org/ for more information.

  If using Resummino for slepton pair production, please cite.
  - G. Bozzi, B. Fuks, M. Klasen, PRD 74, 015001 (2006); NPB 777, 157 (2007); NPB 794, 46 (2007).
  - B. Fuks, M. Klasen, D. R. Lamprea, M. Rothering, EPJC 73, 2480 (2013).

  For gaugino pair production, please cite:
  - J. Debove, B. Fuks, M. Klasen, PLB 688, 208 (2010); NPB 842, 51 (2011); NPB 849, 64 (2011).
  - B. Fuks, M. Klasen, D. R. Lamprea, M. Rothering, JHEP 1210, 081 (2012); EPJC 73, 2480 (2013).

  For associated gaugino gluino production, please cite:
  - B. Fuks, M. Klasen, M. Rothering, JHEP 07:053, (2016).
  - B. Fuks, M. Klasen, D. R. Lamprea, M. Rothering, EPJC 73, 2480 (2013).

LHAPDF 6.2.3 loading /pool/condor/dir_21331/resummino-releases/lhapdf-prefix/share/LHAPDF/PDF4LHC21_40/PDF4LHC21_40_0000.dat
PDF4LHC21_40 PDF set, member #0, version 1
 alpha_s(M_Z^2) = 0.1180 	 for LO PDF set 
 alpha_s(700.000^2) = 0.0903 	 for LO PDF set 

********************
* LO cross section *
********************
The limits of integration are:

xl[0]=0.000000    xu[0]=1.000000
xl[1]=0.000000    xu[1]=1.000000
xl[2]=0.000000    xu[2]=1.000000

num_dim=3, calls=2000, it_num=1, max_it_num=5 verb=0, alph=1.50,
mode=0, bins=50, boxes=1

       single.......iteration                   accumulated......results   
iteration     integral    sigma             integral         sigma     chi-sq/it

   1        1.0567e-12   3.57e-14          1.0567e-12      3.57e-14    0.00e+00
   2        1.1109e-12   1.20e-14          1.1054e-12      1.14e-14    2.08e+00
   3        1.1289e-12   6.17e-15          1.1236e-12      5.42e-15    2.68e+00
   4        1.1201e-12   5.66e-15          1.1219e-12      3.92e-15    1.85e+00
   5        1.1165e-12   5.90e-15          1.1202e-12      3.26e-15    1.54e+00

num_dim=3, calls=20000, it_num=1, max_it_num=5 verb=0, alph=1.50,
mode=0, bins=50, boxes=1

       single.......iteration                   accumulated......results   
iteration     integral    sigma             integral         sigma     chi-sq/it

   1        1.1187e-12   1.82e-15          1.1187e-12      1.82e-15    0.00e+00
   2        1.1189e-12   1.77e-15          1.1188e-12      1.27e-15    3.93e-03
   3        1.1220e-12   1.75e-15          1.1199e-12      1.03e-15    1.10e+00
   4        1.1216e-12   1.86e-15          1.1203e-12      8.99e-16    9.48e-01
   5        1.1161e-12   1.84e-15          1.1195e-12      8.08e-16    1.78e+00
   5        1.1189e-12   1.86e-15          1.1194e-12      7.41e-16    1.44e+00
LO = (1.1194187e-12 +- 7.4105375e-16) pb
LHAPDF 6.2.3 loading /pool/condor/dir_21331/resummino-releases/lhapdf-prefix/share/LHAPDF/PDF4LHC21_40/PDF4LHC21_40_0004.dat
PDF4LHC21_40 PDF set, member #4, version 1
 alpha_s(M_Z^2) = 0.1180 	 for NLO PDF set 
 alpha_s(700.000^2) = 0.0903 	 for NLO PDF set 

********************
* LO cross section *
********************
The limits of integration are:

xl[0]=0.000000    xu[0]=1.000000
xl[1]=0.000000    xu[1]=1.000000
xl[2]=0.000000    xu[2]=1.000000

num_dim=3, calls=2000, it_num=1, max_it_num=5 verb=0, alph=1.50,
mode=0, bins=50, boxes=1

       single.......iteration                   accumulated......results   
iteration     integral    sigma             integral         sigma     chi-sq/it

   1        1.0435e-12   3.45e-14          1.0435e-12      3.45e-14    0.00e+00
   2        1.0956e-12   1.17e-14          1.0903e-12      1.11e-14    2.04e+00
   3        1.1125e-12   6.09e-15          1.1073e-12      5.34e-15    2.57e+00
   4        1.1047e-12   5.60e-15          1.1061e-12      3.86e-15    1.75e+00
   5        1.1008e-12   5.85e-15          1.1045e-12      3.22e-15    1.46e+00

num_dim=3, calls=20000, it_num=1, max_it_num=5 verb=0, alph=1.50,
mode=0, bins=50, boxes=1

       single.......iteration                   accumulated......results   
iteration     integral    sigma             integral         sigma     chi-sq/it

   1        1.1030e-12   1.80e-15          1.1030e-12      1.80e-15    0.00e+00
   2        1.1034e-12   1.74e-15          1.1032e-12      1.25e-15    2.14e-02
   3        1.1064e-12   1.73e-15          1.1043e-12      1.01e-15    1.12e+00
   4        1.1059e-12   1.83e-15          1.1047e-12      8.87e-16    9.39e-01
   5        1.1006e-12   1.81e-15          1.1039e-12      7.96e-16    1.76e+00
   5        1.1036e-12   1.84e-15          1.1039e-12      7.31e-16    1.41e+00
   5        1.1053e-12   1.83e-15          1.1040e-12      6.78e-16    1.26e+00
   5        1.1031e-12   1.86e-15          1.1039e-12      6.37e-16    1.12e+00
   5        1.1026e-12   1.91e-15          1.1038e-12      6.05e-16    1.03e+00
   5        1.1013e-12   1.94e-15          1.1036e-12      5.77e-16    1.08e+00
   5        1.1032e-12   2.04e-15          1.1036e-12      5.55e-16    9.77e-01
   5        1.1025e-12   2.05e-15          1.1035e-12      5.36e-16    9.10e-01
   5        1.1053e-12   2.16e-15          1.1036e-12      5.20e-16    8.87e-01
   5        1.1016e-12   2.24e-15          1.1035e-12      5.07e-16    8.77e-01
   5        1.1034e-12   2.39e-15          1.1035e-12      4.96e-16    8.15e-01
   5        1.1023e-12   2.48e-15          1.1034e-12      4.86e-16    7.76e-01
   5        1.1009e-12   2.50e-15          1.1033e-12      4.77e-16    7.90e-01
   5        1.1069e-12   2.59e-15          1.1035e-12      4.69e-16    8.52e-01
   5        1.1062e-12   2.76e-15          1.1035e-12      4.62e-16    8.57e-01
   5        1.1065e-12   2.74e-15          1.1036e-12      4.56e-16    8.71e-01
   5        1.1011e-12   2.86e-15          1.1036e-12      4.50e-16    8.64e-01
   5        1.1032e-12   2.91e-15          1.1035e-12      4.45e-16    8.24e-01
   5        1.1056e-12   2.95e-15          1.1036e-12      4.40e-16    8.08e-01
   5        1.1030e-12   3.20e-15          1.1036e-12      4.36e-16    7.74e-01
   5        1.1072e-12   3.11e-15          1.1036e-12      4.32e-16    7.98e-01
   5        1.1031e-12   3.20e-15          1.1036e-12      4.28e-16    7.67e-01
   5        1.1096e-12   3.40e-15          1.1037e-12      4.25e-16    8.55e-01
   5        1.1033e-12   3.26e-15          1.1037e-12      4.21e-16    8.24e-01
   5        1.1026e-12   3.37e-15          1.1037e-12      4.18e-16    7.98e-01
   5        1.1064e-12   3.55e-15          1.1037e-12      4.15e-16    7.90e-01
   5        1.1045e-12   3.50e-15          1.1038e-12      4.12e-16    7.66e-01
   5        1.1026e-12   3.69e-15          1.1037e-12      4.09e-16    7.44e-01
   5        1.1075e-12   3.54e-15          1.1038e-12      4.07e-16    7.56e-01
   5        1.1014e-12   3.71e-15          1.1038e-12      4.04e-16    7.46e-01
   5        1.0996e-12   3.57e-15          1.1037e-12      4.02e-16    7.63e-01
   5        1.1087e-12   3.68e-15          1.1038e-12      3.99e-16    7.93e-01
   5        1.0920e-12   3.57e-15          1.1036e-12      3.97e-16    1.07e+00
   5        1.0984e-12   3.73e-15          1.1036e-12      3.95e-16    1.09e+00
   5        1.1069e-12   3.69e-15          1.1036e-12      3.92e-16    1.08e+00
   5        1.1043e-12   3.77e-15          1.1036e-12      3.90e-16    1.06e+00
   5        1.1063e-12   3.82e-15          1.1036e-12      3.88e-16    1.04e+00
   5        1.1036e-12   3.80e-15          1.1036e-12      3.86e-16    1.02e+00
   5        1.1133e-12   3.90e-15          1.1037e-12      3.84e-16    1.14e+00
   5        1.1056e-12   3.75e-15          1.1038e-12      3.82e-16    1.12e+00
   5        1.1011e-12   3.86e-15          1.1037e-12      3.81e-16    1.10e+00
   5        1.1029e-12   3.94e-15          1.1037e-12      3.79e-16    1.08e+00
   5        1.1089e-12   4.07e-15          1.1038e-12      3.77e-16    1.09e+00
   5        1.0952e-12   4.01e-15          1.1037e-12      3.75e-16    1.17e+00
   5        1.1130e-12   4.20e-15          1.1038e-12      3.74e-16    1.24e+00
   5        1.1108e-12   4.06e-15          1.1038e-12      3.72e-16    1.28e+00
LO = (1.1038195e-12 +- 3.7240962e-16) pb

*******************************************
* virtual corrections + integrated dipole *
*******************************************
The limits of integration are:

xl[0]=0.000000    xu[0]=1.000000
xl[1]=0.000000    xu[1]=1.000000
xl[2]=0.000000    xu[2]=1.000000

num_dim=3, calls=240, it_num=1, max_it_num=5 verb=0, alph=1.50,
mode=0, bins=50, boxes=1

       single.......iteration                   accumulated......results   
iteration     integral    sigma             integral         sigma     chi-sq/it

   1        1.3247e-13   1.33e-14          1.3247e-13      1.33e-14    0.00e+00
   2        1.3790e-13   6.84e-15          1.3677e-13      6.09e-15    1.31e-01
   3        1.5177e-13   4.09e-15          1.4711e-13      3.39e-15    2.16e+00
   4        1.5021e-13   2.67e-15          1.4903e-13      2.10e-15    1.61e+00
   5        1.5402e-13   3.37e-15          1.5042e-13      1.78e-15    1.61e+00

num_dim=3, calls=1200, it_num=1, max_it_num=3 verb=0, alph=1.50,
mode=0, bins=50, boxes=1

       single.......iteration                   accumulated......results   
iteration     integral    sigma             integral         sigma     chi-sq/it

   1        1.4598e-13   1.41e-15          1.4598e-13      1.41e-15    0.00e+00
   2        1.4925e-13   1.13e-15          1.4798e-13      8.82e-16    3.27e+00
   3        1.4808e-13   1.05e-15          1.4802e-13      6.75e-16    1.64e+00
   3        1.4991e-13   1.02e-15          1.4860e-13      5.63e-16    1.89e+00
   3        1.4749e-13   1.06e-15          1.4835e-13      4.98e-16    1.63e+00
   3        1.4903e-13   1.02e-15          1.4848e-13      4.47e-16    1.37e+00
   3        1.4767e-13   1.16e-15          1.4838e-13      4.17e-16    1.21e+00
   3        1.4945e-13   1.10e-15          1.4851e-13      3.90e-16    1.16e+00
   3        1.4900e-13   1.04e-15          1.4857e-13      3.65e-16    1.04e+00
vNLO = (1.4857290e-13 +- 3.6518335e-16) pb

*****************************
* collinear remainder (P+K) *
*****************************
The limits of integration are:

xl[0]=0.000000    xu[0]=1.000000
xl[1]=0.000000    xu[1]=1.000000
xl[2]=0.000000    xu[2]=1.000000
xl[3]=0.000000    xu[3]=1.000000

num_dim=4, calls=2500, it_num=1, max_it_num=5 verb=0, alph=1.50,
mode=0, bins=50, boxes=1

       single.......iteration                   accumulated......results   
iteration     integral    sigma             integral         sigma     chi-sq/it

   1        8.5435e-14   7.80e-15          8.5435e-14      7.80e-15    0.00e+00
   2        8.4863e-14   3.36e-15          8.4953e-14      3.09e-15    4.52e-03
   3        8.6473e-14   2.97e-15          8.5744e-14      2.14e-15    6.53e-02
   4        8.8816e-14   2.80e-15          8.6878e-14      1.70e-15    2.97e-01
   5        9.1097e-14   2.82e-15          8.8000e-14      1.46e-15    6.33e-01

num_dim=4, calls=25000, it_num=1, max_it_num=3 verb=0, alph=1.50,
mode=0, bins=50, boxes=1

       single.......iteration                   accumulated......results   
iteration     integral    sigma             integral         sigma     chi-sq/it

   1        9.0062e-14   8.92e-16          9.0062e-14      8.92e-16    0.00e+00
   2        8.9618e-14   8.85e-16          8.9839e-14      6.28e-16    1.25e-01
   3        8.7730e-14   8.89e-16          8.9136e-14      5.13e-16    1.94e+00
   3        8.9057e-14   8.90e-16          8.9116e-14      4.44e-16    1.30e+00
   3        8.7706e-14   8.91e-16          8.8835e-14      3.98e-16    1.47e+00
   3        8.8016e-14   8.87e-16          8.8698e-14      3.63e-16    1.32e+00
P+K = (8.8697918e-14 +- 3.6284004e-16) pb

********************************
* real gluon emission - dipole *
********************************
The limits of integration are:

xl[0]=0.000000    xu[0]=1.000000
xl[1]=0.000000    xu[1]=1.000000
xl[2]=0.000000    xu[2]=1.000000
xl[3]=0.000000    xu[3]=1.000000
xl[4]=0.000000    xu[4]=1.000000
xl[5]=0.000000    xu[5]=1.000000

num_dim=6, calls=250, it_num=1, max_it_num=5 verb=0, alph=1.50,
mode=0, bins=50, boxes=1

       single.......iteration                   accumulated......results   
iteration     integral    sigma             integral         sigma     chi-sq/it

   1        -3.2498e-15   1.05e-15          -3.2498e-15      1.05e-15    0.00e+00
   2        -3.9008e-15   9.10e-16          -3.6224e-15      6.89e-16    2.19e-01
   3        -2.4003e-15   2.74e-16          -2.5669e-15      2.54e-16    1.47e+00
   4        -2.9341e-15   2.45e-16          -2.7570e-15      1.77e-16    1.34e+00
   5        -3.1382e-15   2.24e-16          -2.9031e-15      1.39e-16    1.45e+00

num_dim=6, calls=2500, it_num=1, max_it_num=3 verb=0, alph=1.50,
mode=0, bins=50, boxes=1

       single.......iteration                   accumulated......results   
iteration     integral    sigma             integral         sigma     chi-sq/it

   1        -2.8343e-15   5.53e-17          -2.8343e-15      5.53e-17    0.00e+00
   2        -2.8197e-15   3.58e-17          -2.8240e-15      3.01e-17    4.87e-02
   3        -2.8706e-15   4.16e-17          -2.8400e-15      2.44e-17    4.35e-01
   3        -2.8453e-15   4.01e-17          -2.8415e-15      2.08e-17    2.95e-01
   3        -2.8180e-15   3.36e-17          -2.8350e-15      1.77e-17    3.09e-01
   3        -2.8220e-15   3.14e-17          -2.8318e-15      1.54e-17    2.73e-01
   3        -2.8388e-15   3.10e-17          -2.8332e-15      1.38e-17    2.34e-01
   3        -2.8354e-15   2.98e-17          -2.8336e-15      1.25e-17    2.01e-01
   3        -2.8549e-15   3.04e-17          -2.8367e-15      1.16e-17    2.29e-01
   3        -2.8600e-15   3.03e-17          -2.8397e-15      1.08e-17    2.61e-01
   3        -2.8274e-15   2.98e-17          -2.8382e-15      1.02e-17    2.49e-01
   3        -2.8346e-15   3.11e-17          -2.8379e-15      9.67e-18    2.28e-01
   3        -2.8401e-15   3.02e-17          -2.8381e-15      9.20e-18    2.09e-01
   3        -2.8648e-15   3.02e-17          -2.8403e-15      8.81e-18    2.48e-01
   3        -2.8038e-15   2.99e-17          -2.8374e-15      8.45e-18    3.29e-01
   3        -2.8404e-15   3.35e-17          -2.8376e-15      8.19e-18    3.07e-01
   3        -2.8164e-15   3.27e-17          -2.8364e-15      7.94e-18    3.13e-01
   3        -2.8056e-15   3.01e-17          -2.8344e-15      7.68e-18    3.52e-01
   3        -2.8302e-15   3.12e-17          -2.8341e-15      7.46e-18    3.33e-01
   3        -2.7930e-15   3.16e-17          -2.8320e-15      7.26e-18    4.00e-01
   3        -2.7853e-15   3.07e-17          -2.8295e-15      7.06e-18    4.90e-01
   3        -2.8059e-15   3.07e-17          -2.8283e-15      6.88e-18    4.93e-01
   3        -2.7782e-15   3.07e-17          -2.8259e-15      6.72e-18    5.86e-01
rNLOg = (-2.8258995e-15 +- 6.7178418e-18) pb

**************************************************
* real light quark emission - dipole - (onshell) *
**************************************************
The limits of integration are:

xl[0]=0.000000    xu[0]=1.000000
xl[1]=0.000000    xu[1]=1.000000
xl[2]=0.000000    xu[2]=1.000000
xl[3]=0.000000    xu[3]=1.000000
xl[4]=0.000000    xu[4]=1.000000
xl[5]=0.000000    xu[5]=1.000000

num_dim=6, calls=5000, it_num=1, max_it_num=5 verb=0, alph=1.50,
mode=0, bins=50, boxes=1

       single.......iteration                   accumulated......results   
iteration     integral    sigma             integral         sigma     chi-sq/it

   1        7.8018e-15   6.30e-16          7.8018e-15      6.30e-16    0.00e+00
   2        8.3020e-15   1.87e-16          8.2615e-15      1.79e-16    5.80e-01
   3        8.0077e-15   9.07e-17          8.0594e-15      8.09e-17    1.09e+00
   4        7.8881e-15   6.98e-17          7.9612e-15      5.29e-17    1.58e+00
   5        7.9763e-15   6.31e-17          7.9674e-15      4.05e-17    1.19e+00

num_dim=6, calls=50000, it_num=1, max_it_num=5 verb=0, alph=1.50,
mode=0, bins=50, boxes=1

       single.......iteration                   accumulated......results   
iteration     integral    sigma             integral         sigma     chi-sq/it

   1        7.9419e-15   1.93e-17          7.9419e-15      1.93e-17    0.00e+00
   2        7.9956e-15   2.32e-17          7.9638e-15      1.48e-17    3.18e+00
   3        8.0190e-15   2.40e-17          7.9790e-15      1.26e-17    3.50e+00
   4        7.9768e-15   2.26e-17          7.9785e-15      1.10e-17    2.33e+00
   5        7.9947e-15   2.39e-17          7.9813e-15      1.00e-17    1.85e+00
   5        7.9704e-15   2.08e-17          7.9793e-15      9.01e-18    1.52e+00
   5        7.9472e-15   1.87e-17          7.9732e-15      8.12e-18    1.67e+00
   5        7.9931e-15   1.85e-17          7.9764e-15      7.43e-18    1.57e+00
   5        8.0250e-15   2.09e-17          7.9819e-15      7.00e-18    1.97e+00
   5        8.0257e-15   2.19e-17          7.9859e-15      6.67e-18    2.16e+00
   5        8.0276e-15   1.98e-17          7.9902e-15      6.32e-18    2.34e+00
   5        7.9706e-15   2.60e-17          7.9891e-15      6.14e-18    2.18e+00
   5        8.0423e-15   2.42e-17          7.9923e-15      5.95e-18    2.37e+00
   5        8.0085e-15   2.14e-17          7.9935e-15      5.74e-18    2.23e+00
   5        7.9787e-15   2.03e-17          7.9924e-15      5.52e-18    2.11e+00
   5        7.9787e-15   2.11e-17          7.9915e-15      5.34e-18    1.99e+00
   5        7.9978e-15   2.01e-17          7.9919e-15      5.16e-18    1.87e+00
   5        7.9926e-15   2.26e-17          7.9920e-15      5.03e-18    1.76e+00
   5        7.9493e-15   2.15e-17          7.9897e-15      4.90e-18    1.87e+00
   5        8.0082e-15   2.12e-17          7.9907e-15      4.77e-18    1.81e+00
   5        7.9642e-15   2.11e-17          7.9894e-15      4.66e-18    1.80e+00
   5        7.9784e-15   2.10e-17          7.9889e-15      4.55e-18    1.72e+00
   5        8.0374e-15   4.46e-17          7.9894e-15      4.52e-18    1.70e+00
   5        7.9392e-15   3.76e-17          7.9887e-15      4.49e-18    1.70e+00
   5        7.9670e-15   2.42e-17          7.9880e-15      4.41e-18    1.66e+00
   5        8.0224e-15   2.89e-17          7.9887e-15      4.36e-18    1.65e+00
   5        8.0699e-15   5.76e-17          7.9892e-15      4.35e-18    1.66e+00
   5        8.0011e-15   4.46e-17          7.9893e-15      4.33e-18    1.60e+00
   5        7.9501e-15   2.69e-17          7.9883e-15      4.28e-18    1.62e+00
   5        8.0017e-15   2.24e-17          7.9888e-15      4.20e-18    1.58e+00
   5        7.9910e-15   2.07e-17          7.9889e-15      4.12e-18    1.53e+00
   5        8.0052e-15   2.02e-17          7.9895e-15      4.03e-18    1.50e+00
rNLOq = (7.9895286e-15 +- 4.0325444e-18) pb
NLO = (1.3462540e-12 +- 6.3542276e-16) pb
#chisq/dof = 2.08793e-09
#status = success
#chisq/dof = 2.55486e-09
#status = success
#chisq/dof = 5.26366e-10
#status = success
#chisq/dof = 6.5486e-10
#status = success
#chisq/dof = 2.10699e-10
#status = success
#chisq/dof = 2.62649e-12
#status = success
#chisq/dof = 4.88719e-10
#status = success
#chisq/dof = 8.12922e-11
#status = success

*******************************************************
* threshold resummation (unimproved nnll) - expansion *
*******************************************************
The limits of integration are:

xl[0]=0.000000    xu[0]=1.000000
xl[1]=0.000000    xu[1]=1.000000
xl[2]=0.000000    xu[2]=1.000000

num_dim=3, calls=7000, it_num=1, max_it_num=5 verb=0, alph=1.50,
mode=0, bins=50, boxes=1

       single.......iteration                   accumulated......results   
iteration     integral    sigma             integral         sigma     chi-sq/it

   1        -2.4034e-14   9.21e-14          -2.4034e-14      9.21e-14    0.00e+00
   2        -1.2821e-14   3.79e-14          -1.4444e-14      3.50e-14    1.27e-02
   3        2.3945e-14   3.51e-14          4.7186e-15      2.48e-14    3.06e-01
   4        9.3897e-14   3.47e-14          3.4835e-14      2.02e-14    1.66e+00
   5        5.1799e-14   3.47e-14          3.9132e-14      1.74e-14    1.29e+00

num_dim=3, calls=35000, it_num=1, max_it_num=5 verb=0, alph=1.50,
mode=0, bins=50, boxes=1

       single.......iteration                   accumulated......results   
iteration     integral    sigma             integral         sigma     chi-sq/it

   1        -4.1999e-16   1.54e-14          -4.1999e-16      1.54e-14    0.00e+00
   2        5.5803e-15   1.54e-14          2.5886e-15      1.09e-14    7.60e-02
   3        -2.5223e-15   1.54e-14          8.8408e-16      8.89e-15    7.48e-02
   4        9.6307e-15   1.55e-14          3.0570e-15      7.70e-15    1.30e-01
   5        -1.2359e-14   1.54e-14          -3.5592e-17      6.89e-15    2.98e-01
aNNLO+NNLL = (1.3462184e-12 +- 6.9168992e-15) pb

Results:
LO = (1.1194187e-12 +- 7.4105375e-16) pb
NLO = (1.3462540e-12 +- 6.3542276e-16) pb
aNNLO+NNLL = (1.3462184e-12 +- 6.9168992e-15) pb
Thanks for using LHAPDF 6.2.3. Please make sure to cite the paper:
  Eur.Phys.J. C75 (2015) 3, 132  (http://arxiv.org/abs/1412.7420)
 ====================================================
   FF 2.0, a package to evaluate one-loop integrals
 written by G. J. van Oldenborgh, NIKHEF-H, Amsterdam
 ====================================================
 for the algorithms used see preprint NIKHEF-H 89/17,
 'New Algorithms for One-loop Integrals', by G.J. van
 Oldenborgh and J.A.M. Vermaseren, published in 
 Zeitschrift fuer Physik C46(1990)425.
 ====================================================
 
total number of errors and warnings
===================================
fferr: no errors
 
