
  Welcome to Resummino git-latest
  Copyright 2008-2010 Jonathan Debove.
  Copyright 2011-2014 David R. Lamprea.
  Copyright 2011-2016 Marcel Rothering.

  Licensed under the EUPL 1.1 or later.
  See http://www.resummino.org/ for more information.

  If using Resummino for slepton pair production, please cite.
  - G. Bozzi, B. Fuks, M. Klasen, PRD 74, 015001 (2006); NPB 777, 157 (2007); NPB 794, 46 (2007).
  - B. Fuks, M. Klasen, D. R. Lamprea, M. Rothering, EPJC 73, 2480 (2013).

  For gaugino pair production, please cite:
  - J. Debove, B. Fuks, M. Klasen, PLB 688, 208 (2010); NPB 842, 51 (2011); NPB 849, 64 (2011).
  - B. Fuks, M. Klasen, D. R. Lamprea, M. Rothering, JHEP 1210, 081 (2012); EPJC 73, 2480 (2013).

  For associated gaugino gluino production, please cite:
  - B. Fuks, M. Klasen, M. Rothering, JHEP 07:053, (2016).
  - B. Fuks, M. Klasen, D. R. Lamprea, M. Rothering, EPJC 73, 2480 (2013).

LHAPDF 6.2.3 loading /pool/condor/dir_36622/resummino-releases/lhapdf-prefix/share/LHAPDF/PDF4LHC21_40/PDF4LHC21_40_0000.dat
PDF4LHC21_40 PDF set, member #0, version 1
 alpha_s(M_Z^2) = 0.1180 	 for LO PDF set 
 alpha_s(100.000^2) = 0.1164 	 for LO PDF set 

********************
* LO cross section *
********************
The limits of integration are:

xl[0]=0.000000    xu[0]=1.000000
xl[1]=0.000000    xu[1]=1.000000
xl[2]=0.000000    xu[2]=1.000000

num_dim=3, calls=2000, it_num=1, max_it_num=5 verb=0, alph=1.50,
mode=0, bins=50, boxes=1

       single.......iteration                   accumulated......results   
iteration     integral    sigma             integral         sigma     chi-sq/it

   1        1.2118e-11   4.20e-13          1.2118e-11      4.20e-13    0.00e+00
   2        1.2355e-11   1.34e-13          1.2334e-11      1.27e-13    2.91e-01
   3        1.2593e-11   7.86e-14          1.2521e-11      6.69e-14    1.64e+00
   4        1.2508e-11   7.29e-14          1.2515e-11      4.93e-14    1.10e+00
   5        1.2422e-11   7.63e-14          1.2488e-11      4.14e-14    1.09e+00

num_dim=3, calls=20000, it_num=1, max_it_num=5 verb=0, alph=1.50,
mode=0, bins=50, boxes=1

       single.......iteration                   accumulated......results   
iteration     integral    sigma             integral         sigma     chi-sq/it

   1        1.2467e-11   2.33e-14          1.2467e-11      2.33e-14    0.00e+00
   2        1.2477e-11   2.29e-14          1.2472e-11      1.63e-14    1.03e-01
   3        1.2529e-11   2.28e-14          1.2491e-11      1.33e-14    2.09e+00
   4        1.2511e-11   2.36e-14          1.2496e-11      1.16e-14    1.56e+00
   5        1.2443e-11   2.34e-14          1.2485e-11      1.04e-14    2.21e+00
   5        1.2488e-11   2.37e-14          1.2486e-11      9.50e-15    1.77e+00
   5        1.2502e-11   2.39e-14          1.2488e-11      8.83e-15    1.54e+00
   5        1.2478e-11   2.41e-14          1.2487e-11      8.29e-15    1.34e+00
LO = (1.2486919e-11 +- 8.2903971e-15) pb
LHAPDF 6.2.3 loading /pool/condor/dir_36622/resummino-releases/lhapdf-prefix/share/LHAPDF/PDF4LHC21_40/PDF4LHC21_40_0002.dat
PDF4LHC21_40 PDF set, member #2, version 1
 alpha_s(M_Z^2) = 0.1180 	 for NLO PDF set 
 alpha_s(100.000^2) = 0.1164 	 for NLO PDF set 

********************
* LO cross section *
********************
The limits of integration are:

xl[0]=0.000000    xu[0]=1.000000
xl[1]=0.000000    xu[1]=1.000000
xl[2]=0.000000    xu[2]=1.000000

num_dim=3, calls=2000, it_num=1, max_it_num=5 verb=0, alph=1.50,
mode=0, bins=50, boxes=1

       single.......iteration                   accumulated......results   
iteration     integral    sigma             integral         sigma     chi-sq/it

   1        1.2051e-11   4.20e-13          1.2051e-11      4.20e-13    0.00e+00
   2        1.2284e-11   1.34e-13          1.2263e-11      1.27e-13    2.78e-01
   3        1.2520e-11   7.95e-14          1.2448e-11      6.75e-14    1.60e+00
   4        1.2432e-11   7.43e-14          1.2440e-11      4.99e-14    1.08e+00
   5        1.2342e-11   7.75e-14          1.2412e-11      4.20e-14    1.09e+00

num_dim=3, calls=20000, it_num=1, max_it_num=5 verb=0, alph=1.50,
mode=0, bins=50, boxes=1

       single.......iteration                   accumulated......results   
iteration     integral    sigma             integral         sigma     chi-sq/it

   1        1.2395e-11   2.37e-14          1.2395e-11      2.37e-14    0.00e+00
   2        1.2405e-11   2.33e-14          1.2401e-11      1.66e-14    9.18e-02
   3        1.2456e-11   2.32e-14          1.2419e-11      1.35e-14    1.95e+00
   4        1.2439e-11   2.41e-14          1.2424e-11      1.18e-14    1.47e+00
   5        1.2371e-11   2.38e-14          1.2414e-11      1.05e-14    2.12e+00
   5        1.2414e-11   2.40e-14          1.2414e-11      9.66e-15    1.69e+00
   5        1.2430e-11   2.44e-14          1.2416e-11      8.98e-15    1.47e+00
   5        1.2403e-11   2.46e-14          1.2414e-11      8.44e-15    1.30e+00
   5        1.2393e-11   2.53e-14          1.2412e-11      8.00e-15    1.21e+00
   5        1.2361e-11   2.57e-14          1.2408e-11      7.64e-15    1.48e+00
   5        1.2408e-11   2.68e-14          1.2408e-11      7.35e-15    1.33e+00
   5        1.2392e-11   2.69e-14          1.2407e-11      7.09e-15    1.24e+00
   5        1.2438e-11   2.81e-14          1.2409e-11      6.87e-15    1.23e+00
   5        1.2387e-11   2.88e-14          1.2407e-11      6.69e-15    1.18e+00
   5        1.2409e-11   3.01e-14          1.2407e-11      6.53e-15    1.10e+00
   5        1.2394e-11   3.05e-14          1.2407e-11      6.38e-15    1.04e+00
   5        1.2395e-11   3.11e-14          1.2406e-11      6.25e-15    9.79e-01
   5        1.2454e-11   3.16e-14          1.2408e-11      6.13e-15    1.05e+00
   5        1.2452e-11   3.36e-14          1.2410e-11      6.03e-15    1.09e+00
   5        1.2459e-11   3.37e-14          1.2411e-11      5.94e-15    1.14e+00
   5        1.2390e-11   3.51e-14          1.2411e-11      5.86e-15    1.10e+00
   5        1.2406e-11   3.59e-14          1.2410e-11      5.78e-15    1.05e+00
   5        1.2433e-11   3.62e-14          1.2411e-11      5.71e-15    1.02e+00
   5        1.2379e-11   3.76e-14          1.2410e-11      5.64e-15    1.00e+00
   5        1.2467e-11   3.78e-14          1.2412e-11      5.58e-15    1.06e+00
   5        1.2419e-11   3.77e-14          1.2412e-11      5.52e-15    1.02e+00
   5        1.2477e-11   3.95e-14          1.2413e-11      5.47e-15    1.08e+00
   5        1.2429e-11   3.78e-14          1.2413e-11      5.41e-15    1.05e+00
   5        1.2398e-11   3.89e-14          1.2413e-11      5.36e-15    1.01e+00
   5        1.2461e-11   4.10e-14          1.2414e-11      5.31e-15    1.03e+00
   5        1.2409e-11   3.93e-14          1.2414e-11      5.27e-15    9.93e-01
   5        1.2425e-11   4.08e-14          1.2414e-11      5.22e-15    9.63e-01
   5        1.2472e-11   3.96e-14          1.2415e-11      5.18e-15    9.98e-01
   5        1.2372e-11   4.03e-14          1.2414e-11      5.14e-15    1.00e+00
   5        1.2388e-11   4.08e-14          1.2414e-11      5.10e-15    9.85e-01
   5        1.2480e-11   4.22e-14          1.2415e-11      5.06e-15    1.03e+00
   5        1.2305e-11   3.86e-14          1.2413e-11      5.02e-15    1.22e+00
   5        1.2366e-11   3.94e-14          1.2412e-11      4.98e-15    1.22e+00
   5        1.2468e-11   4.01e-14          1.2413e-11      4.94e-15    1.24e+00
   5        1.2413e-11   4.16e-14          1.2413e-11      4.90e-15    1.21e+00
   5        1.2448e-11   4.24e-14          1.2413e-11      4.87e-15    1.20e+00
   5        1.2438e-11   4.26e-14          1.2414e-11      4.84e-15    1.18e+00
   5        1.2496e-11   4.33e-14          1.2415e-11      4.81e-15    1.23e+00
   5        1.2417e-11   4.35e-14          1.2415e-11      4.78e-15    1.21e+00
   5        1.2391e-11   4.47e-14          1.2415e-11      4.75e-15    1.19e+00
   5        1.2414e-11   4.54e-14          1.2415e-11      4.73e-15    1.16e+00
   5        1.2463e-11   4.64e-14          1.2415e-11      4.70e-15    1.16e+00
   5        1.2313e-11   4.50e-14          1.2414e-11      4.68e-15    1.24e+00
   5        1.2501e-11   4.68e-14          1.2415e-11      4.65e-15    1.29e+00
   5        1.2491e-11   4.56e-14          1.2416e-11      4.63e-15    1.32e+00
   5        1.2406e-11   4.60e-14          1.2415e-11      4.61e-15    1.29e+00
   5        1.2311e-11   4.54e-14          1.2414e-11      4.58e-15    1.37e+00
   5        1.2402e-11   4.63e-14          1.2414e-11      4.56e-15    1.34e+00
   5        1.2425e-11   4.88e-14          1.2414e-11      4.54e-15    1.32e+00
   5        1.2480e-11   4.66e-14          1.2415e-11      4.52e-15    1.33e+00
LO = (1.2414978e-11 +- 4.5201536e-15) pb

*******************************************
* virtual corrections + integrated dipole *
*******************************************
The limits of integration are:

xl[0]=0.000000    xu[0]=1.000000
xl[1]=0.000000    xu[1]=1.000000
xl[2]=0.000000    xu[2]=1.000000

num_dim=3, calls=240, it_num=1, max_it_num=5 verb=0, alph=1.50,
mode=0, bins=50, boxes=1

       single.......iteration                   accumulated......results   
iteration     integral    sigma             integral         sigma     chi-sq/it

   1        2.0168e-12   2.15e-13          2.0168e-12      2.15e-13    0.00e+00
   2        1.9330e-12   7.62e-14          1.9424e-12      7.18e-14    1.36e-01
   3        2.1487e-12   5.87e-14          2.0661e-12      4.54e-14    2.54e+00
   4        2.1248e-12   4.52e-14          2.0956e-12      3.21e-14    1.97e+00
   5        2.2506e-12   5.19e-14          2.1384e-12      2.73e-14    3.09e+00

num_dim=3, calls=1200, it_num=1, max_it_num=3 verb=0, alph=1.50,
mode=0, bins=50, boxes=1

       single.......iteration                   accumulated......results   
iteration     integral    sigma             integral         sigma     chi-sq/it

   1        2.1101e-12   2.23e-14          2.1101e-12      2.23e-14    0.00e+00
   2        2.1618e-12   1.92e-14          2.1398e-12      1.46e-14    3.08e+00
   3        2.1476e-12   1.80e-14          2.1429e-12      1.13e-14    1.60e+00
   3        2.1793e-12   1.80e-14          2.1532e-12      9.58e-15    2.04e+00
   3        2.1429e-12   1.81e-14          2.1510e-12      8.47e-15    1.60e+00
   3        2.1516e-12   1.76e-14          2.1511e-12      7.63e-15    1.28e+00
   3        2.1246e-12   1.94e-14          2.1475e-12      7.10e-15    1.33e+00
   3        2.1634e-12   1.86e-14          2.1496e-12      6.63e-15    1.23e+00
   3        2.1514e-12   1.71e-14          2.1498e-12      6.19e-15    1.08e+00
   3        2.1447e-12   1.83e-14          2.1493e-12      5.86e-15    9.68e-01
   3        2.1204e-12   1.85e-14          2.1466e-12      5.58e-15    1.09e+00
   3        2.1372e-12   1.81e-14          2.1458e-12      5.34e-15    1.02e+00
   3        2.1560e-12   1.73e-14          2.1467e-12      5.10e-15    9.58e-01
   3        2.1657e-12   1.88e-14          2.1480e-12      4.92e-15    9.58e-01
   3        2.1519e-12   1.87e-14          2.1482e-12      4.76e-15    8.92e-01
   3        2.1273e-12   1.88e-14          2.1470e-12      4.62e-15    9.10e-01
   3        2.1404e-12   1.75e-14          2.1466e-12      4.46e-15    8.62e-01
   3        2.1214e-12   1.78e-14          2.1451e-12      4.33e-15    9.22e-01
   3        2.1602e-12   1.83e-14          2.1459e-12      4.21e-15    9.07e-01
   3        2.1756e-12   1.85e-14          2.1473e-12      4.11e-15    9.87e-01
vNLO = (2.1473301e-12 +- 4.1079349e-15) pb

*****************************
* collinear remainder (P+K) *
*****************************
The limits of integration are:

xl[0]=0.000000    xu[0]=1.000000
xl[1]=0.000000    xu[1]=1.000000
xl[2]=0.000000    xu[2]=1.000000
xl[3]=0.000000    xu[3]=1.000000

num_dim=4, calls=2500, it_num=1, max_it_num=5 verb=0, alph=1.50,
mode=0, bins=50, boxes=1

       single.......iteration                   accumulated......results   
iteration     integral    sigma             integral         sigma     chi-sq/it

   1        4.6634e-13   1.43e-13          4.6634e-13      1.43e-13    0.00e+00
   2        1.7135e-13   7.56e-14          2.3563e-13      6.69e-14    3.31e+00
   3        1.0465e-13   6.69e-14          1.7017e-13      4.73e-14    2.62e+00
   4        1.1958e-13   6.59e-14          1.5298e-13      3.84e-14    1.87e+00
   5        3.4493e-14   6.65e-14          1.2330e-13      3.33e-14    2.00e+00

num_dim=4, calls=25000, it_num=1, max_it_num=3 verb=0, alph=1.50,
mode=0, bins=50, boxes=1

       single.......iteration                   accumulated......results   
iteration     integral    sigma             integral         sigma     chi-sq/it

   1        8.5422e-14   2.11e-14          8.5422e-14      2.11e-14    0.00e+00
   2        7.8527e-14   2.10e-14          8.1951e-14      1.49e-14    5.36e-02
   3        9.1426e-14   2.08e-14          8.5167e-14      1.21e-14    9.55e-02
   3        9.3346e-14   2.10e-14          8.7203e-14      1.05e-14    1.02e-01
   3        1.1369e-13   2.10e-14          9.2494e-14      9.38e-15    3.95e-01
   3        8.0527e-14   2.11e-14          9.0515e-14      8.57e-15    3.69e-01
   3        1.0402e-13   2.10e-14          9.2449e-14      7.94e-15    3.67e-01
   3        7.5334e-14   2.10e-14          9.0309e-14      7.42e-15    3.98e-01
   3        6.1545e-14   2.10e-14          8.7109e-14      7.00e-15    5.57e-01
   3        8.2415e-14   2.11e-14          8.6642e-14      6.64e-15    5.00e-01
   3        9.1903e-14   2.11e-14          8.7117e-14      6.33e-15    4.56e-01
   3        9.0860e-14   2.10e-14          8.7430e-14      6.06e-15    4.17e-01
   3        7.7475e-14   2.12e-14          8.6674e-14      5.83e-15    3.99e-01
   3        6.4415e-14   2.10e-14          8.5086e-14      5.62e-15    4.48e-01
   3        7.8698e-14   2.15e-14          8.4677e-14      5.43e-15    4.22e-01
   3        9.3093e-14   2.14e-14          8.5188e-14      5.27e-15    4.04e-01
   3        8.9418e-14   2.15e-14          8.5427e-14      5.12e-15    3.81e-01
   3        6.3644e-14   2.13e-14          8.4234e-14      4.97e-15    4.17e-01
   3        6.8807e-14   2.13e-14          8.3433e-14      4.84e-15    4.22e-01
   3        1.0974e-13   2.14e-14          8.4709e-14      4.72e-15    4.75e-01
   3        6.0121e-14   2.16e-14          8.3583e-14      4.61e-15    5.13e-01
   3        1.0705e-13   2.18e-14          8.4586e-14      4.52e-15    5.41e-01
   3        6.9167e-14   2.17e-14          8.3948e-14      4.42e-15    5.39e-01
   3        6.7820e-14   2.17e-14          8.3303e-14      4.33e-15    5.38e-01
   3        6.9093e-14   2.17e-14          8.2757e-14      4.25e-15    5.33e-01
   3        9.7846e-14   2.18e-14          8.3311e-14      4.17e-15    5.30e-01
   3        1.0069e-13   2.17e-14          8.3928e-14      4.09e-15    5.34e-01
P+K = (8.3928296e-14 +- 4.0939833e-15) pb

********************************
* real gluon emission - dipole *
********************************
The limits of integration are:

xl[0]=0.000000    xu[0]=1.000000
xl[1]=0.000000    xu[1]=1.000000
xl[2]=0.000000    xu[2]=1.000000
xl[3]=0.000000    xu[3]=1.000000
xl[4]=0.000000    xu[4]=1.000000
xl[5]=0.000000    xu[5]=1.000000

num_dim=6, calls=250, it_num=1, max_it_num=5 verb=0, alph=1.50,
mode=0, bins=50, boxes=1

       single.......iteration                   accumulated......results   
iteration     integral    sigma             integral         sigma     chi-sq/it

   1        -8.6648e-14   2.08e-14          -8.6648e-14      2.08e-14    0.00e+00
   2        -1.0508e-13   2.59e-14          -9.3880e-14      1.62e-14    3.07e-01
   3        -8.0106e-14   1.41e-14          -8.6013e-14      1.06e-14    3.59e-01
   4        -6.2442e-14   8.69e-15          -7.1882e-14      6.73e-15    1.22e+00
   5        -6.7099e-14   9.86e-15          -7.0363e-14      5.56e-15    9.57e-01

num_dim=6, calls=2500, it_num=1, max_it_num=3 verb=0, alph=1.50,
mode=0, bins=50, boxes=1

       single.......iteration                   accumulated......results   
iteration     integral    sigma             integral         sigma     chi-sq/it

   1        -8.7222e-14   4.30e-15          -8.7222e-14      4.30e-15    0.00e+00
   2        -8.2929e-14   1.86e-15          -8.3603e-14      1.70e-15    8.40e-01
   3        -8.3575e-14   1.50e-15          -8.3587e-14      1.13e-15    4.20e-01
   3        -8.2672e-14   1.44e-15          -8.3240e-14      8.88e-16    3.63e-01
   3        -8.3878e-14   1.29e-15          -8.3444e-14      7.32e-16    3.14e-01
   3        -8.3108e-14   1.21e-15          -8.3354e-14      6.26e-16    2.62e-01
   3        -8.2480e-14   1.15e-15          -8.3154e-14      5.50e-16    2.93e-01
   3        -8.2805e-14   1.12e-15          -8.3086e-14      4.94e-16    2.62e-01
   3        -8.3912e-14   1.14e-15          -8.3217e-14      4.53e-16    2.85e-01
   3        -8.4202e-14   1.16e-15          -8.3346e-14      4.22e-16    3.22e-01
   3        -8.3074e-14   1.16e-15          -8.3314e-14      3.97e-16    2.95e-01
   3        -8.3496e-14   1.19e-15          -8.3333e-14      3.76e-16    2.70e-01
   3        -8.2862e-14   1.12e-15          -8.3285e-14      3.56e-16    2.61e-01
   3        -8.4073e-14   1.15e-15          -8.3353e-14      3.41e-16    2.73e-01
   3        -8.1670e-14   1.09e-15          -8.3205e-14      3.25e-16    4.08e-01
   3        -8.3281e-14   1.23e-15          -8.3210e-14      3.14e-16    3.81e-01
   3        -8.2958e-14   1.34e-15          -8.3196e-14      3.06e-16    3.59e-01
   3        -8.2794e-14   1.22e-15          -8.3173e-14      2.97e-16    3.44e-01
   3        -8.1790e-14   1.15e-15          -8.3087e-14      2.87e-16    4.00e-01
   3        -8.2648e-14   1.21e-15          -8.3063e-14      2.80e-16    3.85e-01
   3        -8.1608e-14   1.16e-15          -8.2983e-14      2.72e-16    4.40e-01
   3        -8.2861e-14   1.20e-15          -8.2977e-14      2.65e-16    4.20e-01
   3        -8.1760e-14   1.21e-15          -8.2921e-14      2.59e-16    4.45e-01
   3        -8.3464e-14   1.18e-15          -8.2946e-14      2.53e-16    4.34e-01
   3        -8.1319e-14   1.13e-15          -8.2868e-14      2.47e-16    4.99e-01
   3        -8.1412e-14   1.11e-15          -8.2800e-14      2.41e-16    5.45e-01
rNLOg = (-8.2799906e-14 +- 2.4090277e-16) pb

**************************************************
* real light quark emission - dipole - (onshell) *
**************************************************
The limits of integration are:

xl[0]=0.000000    xu[0]=1.000000
xl[1]=0.000000    xu[1]=1.000000
xl[2]=0.000000    xu[2]=1.000000
xl[3]=0.000000    xu[3]=1.000000
xl[4]=0.000000    xu[4]=1.000000
xl[5]=0.000000    xu[5]=1.000000

num_dim=6, calls=5000, it_num=1, max_it_num=5 verb=0, alph=1.50,
mode=0, bins=50, boxes=1

       single.......iteration                   accumulated......results   
iteration     integral    sigma             integral         sigma     chi-sq/it

   1        3.1943e-13   2.29e-14          3.1943e-13      2.29e-14    0.00e+00
   2        3.3300e-13   7.63e-15          3.3165e-13      7.24e-15    3.15e-01
   3        3.1616e-13   4.08e-15          3.1989e-13      3.56e-15    1.89e+00
   4        3.1381e-13   3.55e-15          3.1685e-13      2.51e-15    1.75e+00
   5        3.1435e-13   3.21e-15          3.1590e-13      1.98e-15    1.41e+00

num_dim=6, calls=50000, it_num=1, max_it_num=5 verb=0, alph=1.50,
mode=0, bins=50, boxes=1

       single.......iteration                   accumulated......results   
iteration     integral    sigma             integral         sigma     chi-sq/it

   1        3.1577e-13   1.01e-15          3.1577e-13      1.01e-15    0.00e+00
   2        3.1732e-13   1.05e-15          3.1652e-13      7.28e-16    1.13e+00
   3        3.1927e-13   1.16e-15          3.1730e-13      6.17e-16    2.58e+00
   4        3.1682e-13   1.07e-15          3.1718e-13      5.35e-16    1.77e+00
   5        3.1722e-13   1.10e-15          3.1719e-13      4.81e-16    1.33e+00
rNLOq = (3.1718530e-13 +- 4.8131030e-16) pb
NLO = (1.4880621e-11 +- 7.3727410e-15) pb
#chisq/dof = 7.21543e-07
#status = success
#chisq/dof = 2.69595e-08
#status = success
#chisq/dof = 1.8636e-09
#status = success
#chisq/dof = 1.26845e-08
#status = success
#chisq/dof = 1.78431e-09
#status = success
#chisq/dof = 4.16089e-10
#status = success
#chisq/dof = 4.08021e-09
#status = success
#chisq/dof = 1.06435e-09
#status = success

*******************************************************
* threshold resummation (unimproved nnll) - expansion *
*******************************************************
The limits of integration are:

xl[0]=0.000000    xu[0]=1.000000
xl[1]=0.000000    xu[1]=1.000000
xl[2]=0.000000    xu[2]=1.000000

num_dim=3, calls=7000, it_num=1, max_it_num=5 verb=0, alph=1.50,
mode=0, bins=50, boxes=1

       single.......iteration                   accumulated......results   
iteration     integral    sigma             integral         sigma     chi-sq/it

   1        -1.8515e-12   5.56e-12          -1.8515e-12      5.56e-12    0.00e+00
   2        -2.1375e-12   1.42e-12          -2.1200e-12      1.38e-12    2.48e-03
   3        2.7391e-13   1.18e-12          -7.4474e-13      8.97e-13    8.71e-01
   4        -2.8815e-13   1.16e-12          -5.7362e-13      7.09e-13    6.13e-01
   5        6.9024e-13   1.16e-12          -2.2911e-13      6.05e-13    6.76e-01

num_dim=3, calls=35000, it_num=1, max_it_num=5 verb=0, alph=1.50,
mode=0, bins=50, boxes=1

       single.......iteration                   accumulated......results   
iteration     integral    sigma             integral         sigma     chi-sq/it

   1        -1.7149e-13   5.13e-13          -1.7149e-13      5.13e-13    0.00e+00
   2        5.4828e-15   5.12e-13          -8.2813e-14      3.63e-13    5.95e-02
   3        -1.0104e-13   5.12e-13          -8.8906e-14      2.96e-13    3.02e-02
   4        -5.5246e-13   5.15e-13          -2.0386e-13      2.57e-13    2.23e-01
   5        6.7871e-13   5.13e-13          -2.7470e-14      2.30e-13    7.58e-01
   5        3.0466e-13   5.16e-13          2.7391e-14      2.10e-13    6.76e-01
   5        -1.4485e-12   5.18e-13          -1.8017e-13      1.94e-13    1.72e+00
   5        1.9943e-13   5.20e-13          -1.3360e-13      1.82e-13    1.54e+00
   5        -6.5139e-14   5.18e-13          -1.2607e-13      1.72e-13    1.35e+00
   5        -5.9215e-13   5.21e-13          -1.7180e-13      1.63e-13    1.28e+00
   5        1.6561e-13   5.24e-13          -1.4195e-13      1.56e-13    1.19e+00
   5        4.9118e-13   5.23e-13          -9.0437e-14      1.49e-13    1.21e+00
   5        -8.5015e-13   5.25e-13          -1.4719e-13      1.44e-13    1.27e+00
   5        -5.4761e-13   5.26e-13          -1.7501e-13      1.39e-13    1.21e+00
   5        5.7112e-13   5.30e-13          -1.2721e-13      1.34e-13    1.26e+00
   5        -8.8137e-13   5.28e-13          -1.7279e-13      1.30e-13    1.30e+00
   5        -4.9874e-13   5.31e-13          -1.9120e-13      1.26e-13    1.24e+00
   5        4.2363e-13   5.31e-13          -1.5829e-13      1.23e-13    1.24e+00
   5        -5.5247e-13   5.33e-13          -1.7818e-13      1.20e-13    1.20e+00
   5        -3.2544e-14   5.38e-13          -1.7132e-13      1.17e-13    1.14e+00
   5        -1.4588e-13   5.42e-13          -1.7019e-13      1.14e-13    1.09e+00
   5        -2.2135e-13   5.40e-13          -1.7238e-13      1.12e-13    1.04e+00
   5        -4.8493e-13   5.41e-13          -1.8516e-13      1.09e-13    1.00e+00
   5        4.8256e-13   5.47e-13          -1.5947e-13      1.07e-13    1.02e+00
   5        6.2465e-13   5.48e-13          -1.3055e-13      1.05e-13    1.06e+00
   5        -6.3218e-13   5.47e-13          -1.4848e-13      1.03e-13    1.05e+00
   5        9.4975e-14   5.44e-13          -1.4000e-13      1.02e-13    1.02e+00
   5        -2.2896e-13   5.44e-13          -1.4300e-13      9.98e-14    9.82e-01
   5        -1.4270e-12   5.41e-13          -1.8521e-13      9.82e-14    1.14e+00
   5        1.5125e-13   5.44e-13          -1.7460e-13      9.66e-14    1.11e+00
   5        3.2206e-13   5.40e-13          -1.5922e-13      9.51e-14    1.10e+00
   5        -5.4268e-13   5.45e-13          -1.7053e-13      9.37e-14    1.08e+00
   5        -2.3903e-13   5.46e-13          -1.7249e-13      9.23e-14    1.05e+00
   5        -7.7760e-13   5.47e-13          -1.8923e-13      9.10e-14    1.06e+00
   5        -9.1267e-13   5.50e-13          -2.0852e-13      8.98e-14    1.07e+00
   5        7.3810e-14   5.55e-13          -2.0132e-13      8.87e-14    1.05e+00
   5        5.1376e-13   5.53e-13          -1.8337e-13      8.75e-14    1.07e+00
   5        7.7250e-13   5.52e-13          -1.5990e-13      8.65e-14    1.12e+00
   5        3.7348e-13   5.59e-13          -1.4744e-13      8.55e-14    1.11e+00
   5        2.3675e-13   5.57e-13          -1.3861e-13      8.45e-14    1.09e+00
   5        -7.1387e-14   5.58e-13          -1.3711e-13      8.35e-14    1.07e+00
   5        5.5087e-13   5.60e-13          -1.2214e-13      8.26e-14    1.08e+00
   5        2.5858e-13   5.59e-13          -1.1400e-13      8.17e-14    1.06e+00
   5        3.8279e-14   5.59e-13          -1.1081e-13      8.09e-14    1.04e+00
   5        -6.0724e-13   5.63e-13          -1.2086e-13      8.00e-14    1.03e+00
   5        3.5759e-13   5.63e-13          -1.1138e-13      7.92e-14    1.03e+00
   5        -1.8646e-13   5.69e-13          -1.1280e-13      7.85e-14    1.00e+00
   5        1.2114e-14   5.60e-13          -1.1040e-13      7.77e-14    9.83e-01
   5        8.5466e-14   5.62e-13          -1.0672e-13      7.70e-14    9.65e-01
   5        7.1715e-13   5.60e-13          -9.1438e-14      7.63e-14    9.89e-01
   5        -8.6607e-13   5.64e-13          -1.0533e-13      7.56e-14    1.01e+00
   5        -4.1473e-13   5.65e-13          -1.1078e-13      7.49e-14    9.92e-01
   5        -1.1279e-14   5.60e-13          -1.0903e-13      7.43e-14    9.74e-01
   5        -1.8324e-13   5.68e-13          -1.1028e-13      7.36e-14    9.56e-01
   5        2.1169e-13   5.68e-13          -1.0495e-13      7.30e-14    9.44e-01
aNNLO+NNLL = (1.4775669e-11 +- 7.3382656e-14) pb

Results:
LO = (1.2486919e-11 +- 8.2903971e-15) pb
NLO = (1.4880621e-11 +- 7.3727410e-15) pb
aNNLO+NNLL = (1.4775669e-11 +- 7.3382656e-14) pb
Thanks for using LHAPDF 6.2.3. Please make sure to cite the paper:
  Eur.Phys.J. C75 (2015) 3, 132  (http://arxiv.org/abs/1412.7420)
 ====================================================
   FF 2.0, a package to evaluate one-loop integrals
 written by G. J. van Oldenborgh, NIKHEF-H, Amsterdam
 ====================================================
 for the algorithms used see preprint NIKHEF-H 89/17,
 'New Algorithms for One-loop Integrals', by G.J. van
 Oldenborgh and J.A.M. Vermaseren, published in 
 Zeitschrift fuer Physik C46(1990)425.
 ====================================================
 
total number of errors and warnings
===================================
fferr: no errors
 
