
  Welcome to Resummino git-latest
  Copyright 2008-2010 Jonathan Debove.
  Copyright 2011-2014 David R. Lamprea.
  Copyright 2011-2016 Marcel Rothering.

  Licensed under the EUPL 1.1 or later.
  See http://www.resummino.org/ for more information.

  If using Resummino for slepton pair production, please cite.
  - G. Bozzi, B. Fuks, M. Klasen, PRD 74, 015001 (2006); NPB 777, 157 (2007); NPB 794, 46 (2007).
  - B. Fuks, M. Klasen, D. R. Lamprea, M. Rothering, EPJC 73, 2480 (2013).

  For gaugino pair production, please cite:
  - J. Debove, B. Fuks, M. Klasen, PLB 688, 208 (2010); NPB 842, 51 (2011); NPB 849, 64 (2011).
  - B. Fuks, M. Klasen, D. R. Lamprea, M. Rothering, JHEP 1210, 081 (2012); EPJC 73, 2480 (2013).

  For associated gaugino gluino production, please cite:
  - B. Fuks, M. Klasen, M. Rothering, JHEP 07:053, (2016).
  - B. Fuks, M. Klasen, D. R. Lamprea, M. Rothering, EPJC 73, 2480 (2013).

LHAPDF 6.2.3 loading /pool/condor/dir_6262/resummino-releases/lhapdf-prefix/share/LHAPDF/PDF4LHC21_40/PDF4LHC21_40_0000.dat
PDF4LHC21_40 PDF set, member #0, version 1
 alpha_s(M_Z^2) = 0.1180 	 for LO PDF set 
 alpha_s(1200.000^2) = 0.0851 	 for LO PDF set 

********************
* LO cross section *
********************
The limits of integration are:

xl[0]=0.000000    xu[0]=1.000000
xl[1]=0.000000    xu[1]=1.000000
xl[2]=0.000000    xu[2]=1.000000

num_dim=3, calls=2000, it_num=1, max_it_num=5 verb=0, alph=1.50,
mode=0, bins=50, boxes=1

       single.......iteration                   accumulated......results   
iteration     integral    sigma             integral         sigma     chi-sq/it

   1        1.7933e-13   5.96e-15          1.7933e-13      5.96e-15    0.00e+00
   2        1.9192e-13   2.10e-15          1.9053e-13      1.98e-15    3.98e+00
   3        1.9385e-13   1.03e-15          1.9314e-13      9.13e-16    3.09e+00
   4        1.9262e-13   9.37e-16          1.9289e-13      6.54e-16    2.12e+00
   5        1.9261e-13   9.36e-16          1.9279e-13      5.36e-16    1.60e+00

num_dim=3, calls=20000, it_num=1, max_it_num=5 verb=0, alph=1.50,
mode=0, bins=50, boxes=1

       single.......iteration                   accumulated......results   
iteration     integral    sigma             integral         sigma     chi-sq/it

   1        1.9257e-13   2.96e-16          1.9257e-13      2.96e-16    0.00e+00
   2        1.9254e-13   2.86e-16          1.9255e-13      2.06e-16    5.86e-03
   3        1.9286e-13   2.77e-16          1.9266e-13      1.65e-16    3.88e-01
   4        1.9288e-13   2.95e-16          1.9271e-13      1.44e-16    4.05e-01
   5        1.9204e-13   3.02e-16          1.9259e-13      1.30e-16    1.33e+00
LO = (1.9258826e-13 +- 1.3007321e-16) pb
LHAPDF 6.2.3 loading /pool/condor/dir_6262/resummino-releases/lhapdf-prefix/share/LHAPDF/PDF4LHC21_40/PDF4LHC21_40_0008.dat
PDF4LHC21_40 PDF set, member #8, version 1
 alpha_s(M_Z^2) = 0.1180 	 for NLO PDF set 
 alpha_s(1200.000^2) = 0.0851 	 for NLO PDF set 

********************
* LO cross section *
********************
The limits of integration are:

xl[0]=0.000000    xu[0]=1.000000
xl[1]=0.000000    xu[1]=1.000000
xl[2]=0.000000    xu[2]=1.000000

num_dim=3, calls=2000, it_num=1, max_it_num=5 verb=0, alph=1.50,
mode=0, bins=50, boxes=1

       single.......iteration                   accumulated......results   
iteration     integral    sigma             integral         sigma     chi-sq/it

   1        1.7902e-13   6.01e-15          1.7902e-13      6.01e-15    0.00e+00
   2        1.9185e-13   2.12e-15          1.9044e-13      2.00e-15    4.05e+00
   3        1.9381e-13   1.04e-15          1.9309e-13      9.21e-16    3.15e+00
   4        1.9260e-13   9.48e-16          1.9285e-13      6.61e-16    2.14e+00
   5        1.9259e-13   9.46e-16          1.9277e-13      5.42e-16    1.62e+00

num_dim=3, calls=20000, it_num=1, max_it_num=5 verb=0, alph=1.50,
mode=0, bins=50, boxes=1

       single.......iteration                   accumulated......results   
iteration     integral    sigma             integral         sigma     chi-sq/it

   1        1.9252e-13   3.00e-16          1.9252e-13      3.00e-16    0.00e+00
   2        1.9249e-13   2.89e-16          1.9251e-13      2.08e-16    4.26e-03
   3        1.9282e-13   2.80e-16          1.9262e-13      1.67e-16    4.01e-01
   4        1.9283e-13   2.98e-16          1.9267e-13      1.46e-16    3.93e-01
   5        1.9197e-13   3.06e-16          1.9254e-13      1.32e-16    1.37e+00
   5        1.9238e-13   3.04e-16          1.9251e-13      1.21e-16    1.14e+00
   5        1.9293e-13   3.02e-16          1.9257e-13      1.12e-16    1.23e+00
   5        1.9239e-13   3.11e-16          1.9255e-13      1.05e-16    1.10e+00
   5        1.9240e-13   3.15e-16          1.9254e-13      1.00e-16    9.83e-01
   5        1.9225e-13   3.19e-16          1.9251e-13      9.54e-17    9.55e-01
   5        1.9228e-13   3.37e-16          1.9249e-13      9.18e-17    9.01e-01
   5        1.9246e-13   3.39e-16          1.9249e-13      8.86e-17    8.20e-01
   5        1.9267e-13   3.55e-16          1.9250e-13      8.60e-17    7.72e-01
   5        1.9222e-13   3.75e-16          1.9249e-13      8.38e-17    7.55e-01
   5        1.9255e-13   3.99e-16          1.9249e-13      8.20e-17    7.03e-01
   5        1.9233e-13   4.16e-16          1.9248e-13      8.05e-17    6.66e-01
   5        1.9188e-13   4.16e-16          1.9246e-13      7.90e-17    7.50e-01
   5        1.9325e-13   4.29e-16          1.9249e-13      7.77e-17    8.99e-01
   5        1.9290e-13   4.61e-16          1.9250e-13      7.66e-17    8.91e-01
   5        1.9273e-13   4.51e-16          1.9251e-13      7.56e-17    8.57e-01
   5        1.9199e-13   4.77e-16          1.9249e-13      7.46e-17    8.71e-01
   5        1.9236e-13   4.92e-16          1.9249e-13      7.38e-17    8.33e-01
   5        1.9304e-13   4.96e-16          1.9250e-13      7.30e-17    8.50e-01
   5        1.9248e-13   5.41e-16          1.9250e-13      7.23e-17    8.13e-01
   5        1.9297e-13   5.31e-16          1.9251e-13      7.17e-17    8.11e-01
   5        1.9239e-13   5.50e-16          1.9251e-13      7.11e-17    7.80e-01
   5        1.9340e-13   5.94e-16          1.9252e-13      7.06e-17    8.36e-01
   5        1.9253e-13   5.49e-16          1.9252e-13      7.00e-17    8.05e-01
   5        1.9233e-13   5.64e-16          1.9252e-13      6.95e-17    7.80e-01
   5        1.9289e-13   5.94e-16          1.9252e-13      6.90e-17    7.66e-01
   5        1.9268e-13   5.84e-16          1.9253e-13      6.85e-17    7.43e-01
   5        1.9240e-13   6.12e-16          1.9252e-13      6.81e-17    7.20e-01
   5        1.9315e-13   6.02e-16          1.9253e-13      6.77e-17    7.31e-01
   5        1.9220e-13   6.32e-16          1.9253e-13      6.73e-17    7.18e-01
   5        1.9189e-13   6.27e-16          1.9252e-13      6.69e-17    7.27e-01
   5        1.9327e-13   6.48e-16          1.9253e-13      6.65e-17    7.44e-01
   5        1.9052e-13   6.23e-16          1.9251e-13      6.62e-17    1.01e+00
   5        1.9137e-13   6.50e-16          1.9249e-13      6.58e-17    1.06e+00
   5        1.9296e-13   6.63e-16          1.9250e-13      6.55e-17    1.05e+00
   5        1.9241e-13   6.84e-16          1.9250e-13      6.52e-17    1.02e+00
   5        1.9292e-13   6.80e-16          1.9250e-13      6.49e-17    1.01e+00
   5        1.9235e-13   6.73e-16          1.9250e-13      6.46e-17    9.82e-01
   5        1.9415e-13   6.93e-16          1.9251e-13      6.43e-17    1.09e+00
   5        1.9292e-13   6.78e-16          1.9252e-13      6.40e-17    1.08e+00
LO = (1.9251800e-13 +- 6.4031526e-17) pb

*******************************************
* virtual corrections + integrated dipole *
*******************************************
The limits of integration are:

xl[0]=0.000000    xu[0]=1.000000
xl[1]=0.000000    xu[1]=1.000000
xl[2]=0.000000    xu[2]=1.000000

num_dim=3, calls=240, it_num=1, max_it_num=5 verb=0, alph=1.50,
mode=0, bins=50, boxes=1

       single.......iteration                   accumulated......results   
iteration     integral    sigma             integral         sigma     chi-sq/it

   1        2.0988e-14   2.10e-15          2.0988e-14      2.10e-15    0.00e+00
   2        2.2330e-14   1.17e-15          2.2010e-14      1.02e-15    3.11e-01
   3        2.4528e-14   6.22e-16          2.3850e-14      5.32e-16    2.36e+00
   4        2.4814e-14   4.72e-16          2.4389e-14      3.53e-16    2.19e+00
   5        2.5079e-14   4.85e-16          2.4628e-14      2.85e-16    1.97e+00

num_dim=3, calls=1200, it_num=1, max_it_num=3 verb=0, alph=1.50,
mode=0, bins=50, boxes=1

       single.......iteration                   accumulated......results   
iteration     integral    sigma             integral         sigma     chi-sq/it

   1        2.4105e-14   2.19e-16          2.4105e-14      2.19e-16    0.00e+00
   2        2.4559e-14   1.91e-16          2.4363e-14      1.44e-16    2.43e+00
   3        2.4408e-14   1.70e-16          2.4382e-14      1.10e-16    1.23e+00
   3        2.4576e-14   1.52e-16          2.4448e-14      8.92e-17    1.18e+00
   3        2.4271e-14   1.69e-16          2.4410e-14      7.89e-17    1.10e+00
   3        2.4541e-14   1.61e-16          2.4435e-14      7.08e-17    9.86e-01
   3        2.4383e-14   1.75e-16          2.4428e-14      6.57e-17    8.35e-01
   3        2.4542e-14   1.67e-16          2.4443e-14      6.11e-17    7.73e-01
vNLO = (2.4443062e-14 +- 6.1094553e-17) pb

*****************************
* collinear remainder (P+K) *
*****************************
The limits of integration are:

xl[0]=0.000000    xu[0]=1.000000
xl[1]=0.000000    xu[1]=1.000000
xl[2]=0.000000    xu[2]=1.000000
xl[3]=0.000000    xu[3]=1.000000

num_dim=4, calls=2500, it_num=1, max_it_num=5 verb=0, alph=1.50,
mode=0, bins=50, boxes=1

       single.......iteration                   accumulated......results   
iteration     integral    sigma             integral         sigma     chi-sq/it

   1        2.3298e-14   1.57e-15          2.3298e-14      1.57e-15    0.00e+00
   2        2.3867e-14   6.15e-16          2.3792e-14      5.73e-16    1.13e-01
   3        2.4157e-14   5.07e-16          2.3997e-14      3.80e-16    1.71e-01
   4        2.4257e-14   4.87e-16          2.4095e-14      2.99e-16    1.73e-01
   5        2.4658e-14   4.74e-16          2.4256e-14      2.53e-16    3.82e-01

num_dim=4, calls=25000, it_num=1, max_it_num=3 verb=0, alph=1.50,
mode=0, bins=50, boxes=1

       single.......iteration                   accumulated......results   
iteration     integral    sigma             integral         sigma     chi-sq/it

   1        2.4704e-14   1.49e-16          2.4704e-14      1.49e-16    0.00e+00
   2        2.4714e-14   1.48e-16          2.4709e-14      1.05e-16    2.41e-03
   3        2.4304e-14   1.50e-16          2.4575e-14      8.62e-17    2.45e+00
   3        2.4507e-14   1.49e-16          2.4558e-14      7.47e-17    1.68e+00
   3        2.4227e-14   1.51e-16          2.4493e-14      6.70e-17    2.23e+00
   3        2.4211e-14   1.51e-16          2.4447e-14      6.12e-17    2.37e+00
   3        2.4367e-14   1.51e-16          2.4436e-14      5.67e-17    2.02e+00
   3        2.4438e-14   1.51e-16          2.4436e-14      5.31e-17    1.73e+00
   3        2.4397e-14   1.53e-16          2.4432e-14      5.01e-17    1.52e+00
   3        2.4479e-14   1.53e-16          2.4436e-14      4.76e-17    1.36e+00
P+K = (2.4436255e-14 +- 4.7629385e-17) pb

********************************
* real gluon emission - dipole *
********************************
The limits of integration are:

xl[0]=0.000000    xu[0]=1.000000
xl[1]=0.000000    xu[1]=1.000000
xl[2]=0.000000    xu[2]=1.000000
xl[3]=0.000000    xu[3]=1.000000
xl[4]=0.000000    xu[4]=1.000000
xl[5]=0.000000    xu[5]=1.000000

num_dim=6, calls=250, it_num=1, max_it_num=5 verb=0, alph=1.50,
mode=0, bins=50, boxes=1

       single.......iteration                   accumulated......results   
iteration     integral    sigma             integral         sigma     chi-sq/it

   1        -3.5394e-16   1.21e-16          -3.5394e-16      1.21e-16    0.00e+00
   2        -4.3359e-16   1.00e-16          -4.0119e-16      7.70e-17    2.58e-01
   3        -2.5526e-16   2.68e-17          -2.7101e-16      2.53e-17    1.73e+00
   4        -2.7128e-16   3.39e-17          -2.7111e-16      2.03e-17    1.15e+00
   5        -3.3359e-16   3.66e-17          -2.8576e-16      1.77e-17    1.42e+00

num_dim=6, calls=2500, it_num=1, max_it_num=3 verb=0, alph=1.50,
mode=0, bins=50, boxes=1

       single.......iteration                   accumulated......results   
iteration     integral    sigma             integral         sigma     chi-sq/it

   1        -3.2103e-16   1.10e-17          -3.2103e-16      1.10e-17    0.00e+00
   2        -3.0520e-16   5.37e-18          -3.0823e-16      4.83e-18    1.67e+00
   3        -3.1208e-16   3.97e-18          -3.1053e-16      3.07e-18    1.02e+00
rNLOg = (-3.1052740e-16 +- 3.0656722e-18) pb

**************************************************
* real light quark emission - dipole - (onshell) *
**************************************************
The limits of integration are:

xl[0]=0.000000    xu[0]=1.000000
xl[1]=0.000000    xu[1]=1.000000
xl[2]=0.000000    xu[2]=1.000000
xl[3]=0.000000    xu[3]=1.000000
xl[4]=0.000000    xu[4]=1.000000
xl[5]=0.000000    xu[5]=1.000000

num_dim=6, calls=5000, it_num=1, max_it_num=5 verb=0, alph=1.50,
mode=0, bins=50, boxes=1

       single.......iteration                   accumulated......results   
iteration     integral    sigma             integral         sigma     chi-sq/it

   1        8.1585e-16   5.26e-17          8.1585e-16      5.26e-17    0.00e+00
   2        8.3103e-16   1.61e-17          8.2973e-16      1.54e-17    7.61e-02
   3        8.0908e-16   8.60e-18          8.1400e-16      7.51e-18    7.25e-01
   4        8.0393e-16   6.50e-18          8.0824e-16      4.91e-18    8.25e-01
   5        8.0769e-16   5.69e-18          8.0800e-16      3.72e-18    6.20e-01

num_dim=6, calls=50000, it_num=1, max_it_num=5 verb=0, alph=1.50,
mode=0, bins=50, boxes=1

       single.......iteration                   accumulated......results   
iteration     integral    sigma             integral         sigma     chi-sq/it

   1        8.0699e-16   1.73e-18          8.0699e-16      1.73e-18    0.00e+00
   2        8.1219e-16   2.41e-18          8.0876e-16      1.41e-18    3.07e+00
   3        8.1385e-16   2.39e-18          8.1007e-16      1.21e-18    3.21e+00
   4        8.0894e-16   2.05e-18          8.0978e-16      1.04e-18    2.22e+00
   5        8.1184e-16   2.22e-18          8.1015e-16      9.45e-19    1.84e+00
rNLOq = (8.1014921e-16 +- 9.4481355e-19) pb
NLO = (2.4189694e-13 +- 1.0055561e-16) pb
#chisq/dof = 2.00153e-09
#status = success
#chisq/dof = 1.11593e-09
#status = success
#chisq/dof = 5.37327e-10
#status = success
#chisq/dof = 4.62354e-10
#status = success
#chisq/dof = 1.31176e-10
#status = success
#chisq/dof = 2.97886e-12
#status = success
#chisq/dof = 2.20174e-10
#status = success
#chisq/dof = 5.76109e-11
#status = success

*******************************************************
* threshold resummation (unimproved nnll) - expansion *
*******************************************************
The limits of integration are:

xl[0]=0.000000    xu[0]=1.000000
xl[1]=0.000000    xu[1]=1.000000
xl[2]=0.000000    xu[2]=1.000000

num_dim=3, calls=7000, it_num=1, max_it_num=5 verb=0, alph=1.50,
mode=0, bins=50, boxes=1

       single.......iteration                   accumulated......results   
iteration     integral    sigma             integral         sigma     chi-sq/it

   1        1.5311e-15   3.96e-15          1.5311e-15      3.96e-15    0.00e+00
   2        3.4984e-15   1.95e-15          3.1162e-15      1.75e-15    1.98e-01
   3        -3.4833e-15   1.80e-15          -8.2251e-17      1.25e-15    3.56e+00
   4        2.0871e-16   1.82e-15          1.1554e-17      1.03e-15    2.38e+00
   5        -2.6900e-15   1.80e-15          -6.5963e-16      8.95e-16    2.21e+00

num_dim=3, calls=35000, it_num=1, max_it_num=5 verb=0, alph=1.50,
mode=0, bins=50, boxes=1

       single.......iteration                   accumulated......results   
iteration     integral    sigma             integral         sigma     chi-sq/it

   1        2.1505e-15   7.96e-16          2.1505e-15      7.96e-16    0.00e+00
   2        2.7919e-15   8.03e-16          2.4687e-15      5.65e-16    3.22e-01
   3        2.8840e-15   8.03e-16          2.6063e-15      4.62e-16    2.50e-01
   4        3.0123e-15   8.02e-16          2.7075e-15      4.01e-16    2.31e-01
   5        1.2364e-15   8.04e-16          2.4152e-15      3.59e-16    8.43e-01
   5        1.6762e-15   8.03e-16          2.2924e-15      3.27e-16    8.16e-01
   5        2.2564e-15   8.06e-16          2.2873e-15      3.03e-16    6.80e-01
   5        2.9414e-15   8.07e-16          2.3683e-15      2.84e-16    6.65e-01
   5        1.9920e-15   8.07e-16          2.3269e-15      2.68e-16    6.06e-01
   5        2.6531e-15   8.07e-16          2.3593e-15      2.54e-16    5.55e-01
   5        1.7487e-15   8.05e-16          2.3039e-15      2.42e-16    5.52e-01
   5        1.1519e-15   8.13e-16          2.2098e-15      2.32e-16    6.70e-01
   5        2.0308e-15   8.11e-16          2.1962e-15      2.23e-16    6.18e-01
   5        1.0545e-15   8.10e-16          2.1156e-15      2.15e-16    7.12e-01
   5        2.8443e-15   8.19e-16          2.1628e-15      2.08e-16    7.14e-01
   5        3.9862e-15   8.18e-16          2.2737e-15      2.02e-16    9.78e-01
   5        9.6167e-16   8.15e-16          2.1980e-15      1.96e-16    1.07e+00
   5        1.8358e-15   8.13e-16          2.1781e-15      1.90e-16    1.02e+00
   5        2.4356e-15   8.16e-16          2.1914e-15      1.85e-16    9.66e-01
   5        3.3359e-15   8.16e-16          2.2477e-15      1.81e-16    1.01e+00
   5        -2.6869e-16   8.20e-16          2.1310e-15      1.77e-16    1.41e+00
   5        3.0489e-15   8.21e-16          2.1716e-15      1.73e-16    1.40e+00
   5        1.4469e-15   8.26e-16          2.1413e-15      1.69e-16    1.37e+00
   5        2.6128e-15   8.31e-16          2.1600e-15      1.66e-16    1.33e+00
   5        1.9296e-15   8.28e-16          2.1512e-15      1.62e-16    1.27e+00
   5        2.6050e-15   8.29e-16          2.1680e-15      1.59e-16    1.23e+00
   5        7.7393e-16   8.27e-16          2.1180e-15      1.56e-16    1.29e+00
   5        2.0423e-15   8.36e-16          2.1155e-15      1.54e-16    1.24e+00
   5        1.3142e-15   8.34e-16          2.0891e-15      1.51e-16    1.23e+00
   5        1.8968e-15   8.43e-16          2.0831e-15      1.49e-16    1.19e+00
   5        1.4471e-15   8.32e-16          2.0634e-15      1.47e-16    1.17e+00
   5        3.0457e-15   8.40e-16          2.0924e-15      1.44e-16    1.17e+00
   5        1.4905e-15   8.40e-16          2.0752e-15      1.42e-16    1.15e+00
   5        4.2555e-16   8.30e-16          2.0281e-15      1.40e-16    1.24e+00
   5        3.6602e-15   8.44e-16          2.0719e-15      1.38e-16    1.31e+00
   5        1.7023e-15   8.39e-16          2.0622e-15      1.36e-16    1.27e+00
   5        1.7954e-15   8.42e-16          2.0553e-15      1.35e-16    1.24e+00
   5        -4.3415e-18   8.40e-16          2.0037e-15      1.33e-16    1.37e+00
   5        2.1397e-15   8.53e-16          2.0070e-15      1.31e-16    1.33e+00
   5        3.4694e-16   8.52e-16          1.9683e-15      1.30e-16    1.39e+00
   5        9.1234e-16   8.52e-16          1.9443e-15      1.28e-16    1.39e+00
   5        2.7699e-15   8.68e-16          1.9620e-15      1.27e-16    1.38e+00
   5        3.7867e-16   8.53e-16          1.9277e-15      1.26e-16    1.43e+00
   5        1.9639e-15   8.61e-16          1.9284e-15      1.24e-16    1.40e+00
   5        1.5277e-15   8.64e-16          1.9203e-15      1.23e-16    1.37e+00
   5        1.1867e-15   8.60e-16          1.9056e-15      1.22e-16    1.35e+00
   5        1.5655e-15   8.70e-16          1.8990e-15      1.21e-16    1.33e+00
   5        1.7089e-15   8.80e-16          1.8955e-15      1.20e-16    1.30e+00
   5        1.5492e-15   8.71e-16          1.8891e-15      1.18e-16    1.28e+00
   5        1.4426e-15   8.78e-16          1.8811e-15      1.17e-16    1.26e+00
   5        2.1904e-15   8.77e-16          1.8866e-15      1.16e-16    1.23e+00
   5        2.4951e-15   8.86e-16          1.8969e-15      1.15e-16    1.22e+00
   5        6.3328e-16   8.82e-16          1.8757e-15      1.14e-16    1.23e+00
   5        1.0893e-15   8.83e-16          1.8627e-15      1.13e-16    1.23e+00
   5        4.8369e-16   8.74e-16          1.8398e-15      1.12e-16    1.25e+00
aNNLO+NNLL = (2.4373678e-13 +- 1.5086992e-16) pb

Results:
LO = (1.9258826e-13 +- 1.3007321e-16) pb
NLO = (2.4189694e-13 +- 1.0055561e-16) pb
aNNLO+NNLL = (2.4373678e-13 +- 1.5086992e-16) pb
Thanks for using LHAPDF 6.2.3. Please make sure to cite the paper:
  Eur.Phys.J. C75 (2015) 3, 132  (http://arxiv.org/abs/1412.7420)
 ====================================================
   FF 2.0, a package to evaluate one-loop integrals
 written by G. J. van Oldenborgh, NIKHEF-H, Amsterdam
 ====================================================
 for the algorithms used see preprint NIKHEF-H 89/17,
 'New Algorithms for One-loop Integrals', by G.J. van
 Oldenborgh and J.A.M. Vermaseren, published in 
 Zeitschrift fuer Physik C46(1990)425.
 ====================================================
 
total number of errors and warnings
===================================
fferr: no errors
 
