
  Welcome to Resummino git-latest
  Copyright 2008-2010 Jonathan Debove.
  Copyright 2011-2014 David R. Lamprea.
  Copyright 2011-2016 Marcel Rothering.

  Licensed under the EUPL 1.1 or later.
  See http://www.resummino.org/ for more information.

  If using Resummino for slepton pair production, please cite.
  - G. Bozzi, B. Fuks, M. Klasen, PRD 74, 015001 (2006); NPB 777, 157 (2007); NPB 794, 46 (2007).
  - B. Fuks, M. Klasen, D. R. Lamprea, M. Rothering, EPJC 73, 2480 (2013).

  For gaugino pair production, please cite:
  - J. Debove, B. Fuks, M. Klasen, PLB 688, 208 (2010); NPB 842, 51 (2011); NPB 849, 64 (2011).
  - B. Fuks, M. Klasen, D. R. Lamprea, M. Rothering, JHEP 1210, 081 (2012); EPJC 73, 2480 (2013).

  For associated gaugino gluino production, please cite:
  - B. Fuks, M. Klasen, M. Rothering, JHEP 07:053, (2016).
  - B. Fuks, M. Klasen, D. R. Lamprea, M. Rothering, EPJC 73, 2480 (2013).

LHAPDF 6.2.3 loading /pool/condor/dir_49072/resummino-releases/lhapdf-prefix/share/LHAPDF/PDF4LHC21_40/PDF4LHC21_40_0000.dat
PDF4LHC21_40 PDF set, member #0, version 1
 alpha_s(M_Z^2) = 0.1180 	 for LO PDF set 
 alpha_s(200.000^2) = 0.1055 	 for LO PDF set 

********************
* LO cross section *
********************
The limits of integration are:

xl[0]=0.000000    xu[0]=1.000000
xl[1]=0.000000    xu[1]=1.000000
xl[2]=0.000000    xu[2]=1.000000

num_dim=3, calls=2000, it_num=1, max_it_num=5 verb=0, alph=1.50,
mode=0, bins=50, boxes=1

       single.......iteration                   accumulated......results   
iteration     integral    sigma             integral         sigma     chi-sq/it

   1        7.6645e-12   2.56e-13          7.6645e-12      2.56e-13    0.00e+00
   2        7.8505e-12   8.24e-14          7.8330e-12      7.85e-14    4.78e-01
   3        7.9603e-12   4.66e-14          7.9271e-12      4.01e-14    1.21e+00
   4        7.9131e-12   4.39e-14          7.9207e-12      2.96e-14    8.26e-01
   5        7.8784e-12   4.62e-14          7.9084e-12      2.49e-14    7.68e-01

num_dim=3, calls=20000, it_num=1, max_it_num=5 verb=0, alph=1.50,
mode=0, bins=50, boxes=1

       single.......iteration                   accumulated......results   
iteration     integral    sigma             integral         sigma     chi-sq/it

   1        7.9001e-12   1.41e-14          7.9001e-12      1.41e-14    0.00e+00
   2        7.9027e-12   1.38e-14          7.9014e-12      9.87e-15    1.74e-02
   3        7.9333e-12   1.38e-14          7.9122e-12      8.02e-15    1.79e+00
   4        7.9244e-12   1.44e-14          7.9151e-12      7.01e-15    1.38e+00
   5        7.8821e-12   1.43e-14          7.9087e-12      6.29e-15    2.11e+00
   5        7.9073e-12   1.45e-14          7.9085e-12      5.77e-15    1.69e+00
   5        7.9198e-12   1.46e-14          7.9100e-12      5.36e-15    1.50e+00
LO = (7.9100202e-12 +- 5.3641150e-15) pb
LHAPDF 6.2.3 loading /pool/condor/dir_49072/resummino-releases/lhapdf-prefix/share/LHAPDF/PDF4LHC21_40/PDF4LHC21_40_0019.dat
PDF4LHC21_40 PDF set, member #19, version 1
 alpha_s(M_Z^2) = 0.1180 	 for NLO PDF set 
 alpha_s(200.000^2) = 0.1055 	 for NLO PDF set 

********************
* LO cross section *
********************
The limits of integration are:

xl[0]=0.000000    xu[0]=1.000000
xl[1]=0.000000    xu[1]=1.000000
xl[2]=0.000000    xu[2]=1.000000

num_dim=3, calls=2000, it_num=1, max_it_num=5 verb=0, alph=1.50,
mode=0, bins=50, boxes=1

       single.......iteration                   accumulated......results   
iteration     integral    sigma             integral         sigma     chi-sq/it

   1        7.5987e-12   2.53e-13          7.5987e-12      2.53e-13    0.00e+00
   2        7.7868e-12   8.16e-14          7.7691e-12      7.76e-14    4.99e-01
   3        7.8912e-12   4.64e-14          7.8590e-12      3.99e-14    1.16e+00
   4        7.8436e-12   4.38e-14          7.8520e-12      2.95e-14    7.95e-01
   5        7.8067e-12   4.62e-14          7.8389e-12      2.49e-14    7.68e-01

num_dim=3, calls=20000, it_num=1, max_it_num=5 verb=0, alph=1.50,
mode=0, bins=50, boxes=1

       single.......iteration                   accumulated......results   
iteration     integral    sigma             integral         sigma     chi-sq/it

   1        7.8328e-12   1.41e-14          7.8328e-12      1.41e-14    0.00e+00
   2        7.8359e-12   1.38e-14          7.8343e-12      9.84e-15    2.49e-02
   3        7.8657e-12   1.37e-14          7.8450e-12      7.99e-15    1.74e+00
   4        7.8572e-12   1.43e-14          7.8479e-12      6.98e-15    1.34e+00
   5        7.8158e-12   1.42e-14          7.8416e-12      6.27e-15    2.03e+00
   5        7.8400e-12   1.44e-14          7.8414e-12      5.75e-15    1.63e+00
   5        7.8510e-12   1.46e-14          7.8427e-12      5.35e-15    1.42e+00
   5        7.8339e-12   1.48e-14          7.8417e-12      5.03e-15    1.26e+00
   5        7.8275e-12   1.53e-14          7.8403e-12      4.77e-15    1.20e+00
   5        7.8102e-12   1.56e-14          7.8377e-12      4.57e-15    1.44e+00
   5        7.8375e-12   1.64e-14          7.8377e-12      4.40e-15    1.30e+00
   5        7.8265e-12   1.65e-14          7.8369e-12      4.25e-15    1.22e+00
   5        7.8530e-12   1.74e-14          7.8379e-12      4.13e-15    1.19e+00
   5        7.8255e-12   1.78e-14          7.8372e-12      4.02e-15    1.13e+00
   5        7.8391e-12   1.88e-14          7.8373e-12      3.93e-15    1.05e+00
   5        7.8276e-12   1.93e-14          7.8369e-12      3.85e-15    9.96e-01
   5        7.8238e-12   1.94e-14          7.8364e-12      3.78e-15    9.61e-01
   5        7.8638e-12   2.00e-14          7.8374e-12      3.71e-15    1.01e+00
   5        7.8655e-12   2.13e-14          7.8382e-12      3.66e-15    1.05e+00
   5        7.8696e-12   2.09e-14          7.8391e-12      3.60e-15    1.11e+00
   5        7.8248e-12   2.15e-14          7.8387e-12      3.55e-15    1.08e+00
   5        7.8388e-12   2.20e-14          7.8387e-12      3.51e-15    1.02e+00
   5        7.8539e-12   2.25e-14          7.8391e-12      3.47e-15    9.98e-01
   5        7.8239e-12   2.36e-14          7.8388e-12      3.43e-15    9.72e-01
   5        7.8757e-12   2.35e-14          7.8395e-12      3.39e-15    1.03e+00
   5        7.8376e-12   2.38e-14          7.8395e-12      3.36e-15    9.91e-01
   5        7.8874e-12   2.48e-14          7.8404e-12      3.33e-15    1.09e+00
   5        7.8491e-12   2.38e-14          7.8405e-12      3.30e-15    1.06e+00
   5        7.8337e-12   2.45e-14          7.8404e-12      3.27e-15    1.02e+00
   5        7.8661e-12   2.59e-14          7.8408e-12      3.24e-15    1.02e+00
   5        7.8334e-12   2.46e-14          7.8407e-12      3.21e-15    9.91e-01
   5        7.8398e-12   2.55e-14          7.8407e-12      3.19e-15    9.59e-01
   5        7.8736e-12   2.45e-14          7.8412e-12      3.16e-15    9.84e-01
   5        7.8110e-12   2.50e-14          7.8408e-12      3.14e-15    9.98e-01
   5        7.8174e-12   2.53e-14          7.8404e-12      3.11e-15    9.93e-01
   5        7.8791e-12   2.60e-14          7.8410e-12      3.09e-15    1.03e+00
   5        7.7689e-12   2.42e-14          7.8398e-12      3.07e-15    1.24e+00
   5        7.8123e-12   2.49e-14          7.8394e-12      3.04e-15    1.24e+00
   5        7.8672e-12   2.53e-14          7.8398e-12      3.02e-15    1.24e+00
   5        7.8499e-12   2.59e-14          7.8399e-12      3.00e-15    1.21e+00
   5        7.8698e-12   2.69e-14          7.8403e-12      2.98e-15    1.21e+00
   5        7.8511e-12   2.58e-14          7.8404e-12      2.96e-15    1.19e+00
   5        7.8998e-12   2.65e-14          7.8412e-12      2.95e-15    1.28e+00
   5        7.8509e-12   2.66e-14          7.8413e-12      2.93e-15    1.25e+00
   5        7.8137e-12   2.73e-14          7.8410e-12      2.91e-15    1.24e+00
   5        7.8393e-12   2.81e-14          7.8409e-12      2.90e-15    1.22e+00
   5        7.8697e-12   2.83e-14          7.8412e-12      2.88e-15    1.21e+00
   5        7.7825e-12   2.73e-14          7.8406e-12      2.86e-15    1.28e+00
   5        7.8990e-12   2.82e-14          7.8412e-12      2.85e-15    1.35e+00
   5        7.8859e-12   2.74e-14          7.8417e-12      2.83e-15    1.37e+00
   5        7.8365e-12   2.74e-14          7.8416e-12      2.82e-15    1.34e+00
   5        7.7794e-12   2.78e-14          7.8410e-12      2.80e-15    1.42e+00
   5        7.8412e-12   2.83e-14          7.8410e-12      2.79e-15    1.39e+00
   5        7.8383e-12   2.86e-14          7.8410e-12      2.78e-15    1.36e+00
   5        7.9120e-12   2.86e-14          7.8416e-12      2.76e-15    1.45e+00
LO = (7.8416255e-12 +- 2.7648823e-15) pb

*******************************************
* virtual corrections + integrated dipole *
*******************************************
The limits of integration are:

xl[0]=0.000000    xu[0]=1.000000
xl[1]=0.000000    xu[1]=1.000000
xl[2]=0.000000    xu[2]=1.000000

num_dim=3, calls=240, it_num=1, max_it_num=5 verb=0, alph=1.50,
mode=0, bins=50, boxes=1

       single.......iteration                   accumulated......results   
iteration     integral    sigma             integral         sigma     chi-sq/it

   1        1.1590e-12   1.19e-13          1.1590e-12      1.19e-13    0.00e+00
   2        1.1018e-12   4.57e-14          1.1091e-12      4.27e-14    2.01e-01
   3        1.2278e-12   3.33e-14          1.1829e-12      2.62e-14    2.50e+00
   4        1.2172e-12   2.48e-14          1.2011e-12      1.80e-14    1.97e+00
   5        1.2827e-12   2.83e-14          1.2246e-12      1.52e-14    2.96e+00

num_dim=3, calls=1200, it_num=1, max_it_num=3 verb=0, alph=1.50,
mode=0, bins=50, boxes=1

       single.......iteration                   accumulated......results   
iteration     integral    sigma             integral         sigma     chi-sq/it

   1        1.2086e-12   1.20e-14          1.2086e-12      1.20e-14    0.00e+00
   2        1.2353e-12   1.06e-14          1.2235e-12      7.97e-15    2.77e+00
   3        1.2274e-12   9.69e-15          1.2251e-12      6.15e-15    1.43e+00
   3        1.2452e-12   9.68e-15          1.2309e-12      5.19e-15    1.99e+00
   3        1.2240e-12   9.63e-15          1.2293e-12      4.57e-15    1.59e+00
   3        1.2332e-12   9.45e-15          1.2301e-12      4.11e-15    1.30e+00
   3        1.2189e-12   1.06e-14          1.2286e-12      3.84e-15    1.24e+00
   3        1.2397e-12   9.98e-15          1.2300e-12      3.58e-15    1.22e+00
   3        1.2350e-12   9.28e-15          1.2307e-12      3.34e-15    1.10e+00
   3        1.2291e-12   9.80e-15          1.2305e-12      3.16e-15    9.77e-01
   3        1.2183e-12   9.99e-15          1.2294e-12      3.01e-15    1.02e+00
   3        1.2245e-12   9.83e-15          1.2290e-12      2.88e-15    9.43e-01
   3        1.2348e-12   9.40e-15          1.2295e-12      2.76e-15    8.94e-01
   3        1.2381e-12   1.02e-14          1.2301e-12      2.66e-15    8.77e-01
   3        1.2330e-12   1.02e-14          1.2303e-12      2.57e-15    8.20e-01
vNLO = (1.2302602e-12 +- 2.5730274e-15) pb

*****************************
* collinear remainder (P+K) *
*****************************
The limits of integration are:

xl[0]=0.000000    xu[0]=1.000000
xl[1]=0.000000    xu[1]=1.000000
xl[2]=0.000000    xu[2]=1.000000
xl[3]=0.000000    xu[3]=1.000000

num_dim=4, calls=2500, it_num=1, max_it_num=5 verb=0, alph=1.50,
mode=0, bins=50, boxes=1

       single.......iteration                   accumulated......results   
iteration     integral    sigma             integral         sigma     chi-sq/it

   1        2.7231e-13   5.99e-14          2.7231e-13      5.99e-14    0.00e+00
   2        2.1453e-13   3.35e-14          2.2830e-13      2.92e-14    7.09e-01
   3        2.0314e-13   2.79e-14          2.1514e-13      2.02e-14    5.48e-01
   4        1.9196e-13   2.82e-14          2.0728e-13      1.64e-14    5.15e-01
   5        1.7578e-13   2.82e-14          1.9930e-13      1.42e-14    6.19e-01

num_dim=4, calls=25000, it_num=1, max_it_num=3 verb=0, alph=1.50,
mode=0, bins=50, boxes=1

       single.......iteration                   accumulated......results   
iteration     integral    sigma             integral         sigma     chi-sq/it

   1        1.8269e-13   8.90e-15          1.8269e-13      8.90e-15    0.00e+00
   2        1.7140e-13   8.92e-15          1.7706e-13      6.30e-15    8.03e-01
   3        1.8402e-13   8.83e-15          1.7941e-13      5.13e-15    6.07e-01
   3        1.8007e-13   8.89e-15          1.7958e-13      4.44e-15    4.06e-01
   3        1.8996e-13   8.94e-15          1.8163e-13      3.98e-15    5.75e-01
   3        1.8508e-13   8.90e-15          1.8221e-13      3.63e-15    4.85e-01
   3        1.8971e-13   8.89e-15          1.8328e-13      3.36e-15    5.06e-01
   3        1.6967e-13   8.91e-15          1.8159e-13      3.15e-15    7.25e-01
   3        1.7822e-13   8.96e-15          1.8122e-13      2.97e-15    6.50e-01
   3        1.8092e-13   8.96e-15          1.8119e-13      2.82e-15    5.78e-01
   3        1.7659e-13   8.94e-15          1.8077e-13      2.69e-15    5.44e-01
   3        1.8777e-13   8.96e-15          1.8135e-13      2.57e-15    5.46e-01
P+K = (1.8134800e-13 +- 2.5741354e-15) pb

********************************
* real gluon emission - dipole *
********************************
The limits of integration are:

xl[0]=0.000000    xu[0]=1.000000
xl[1]=0.000000    xu[1]=1.000000
xl[2]=0.000000    xu[2]=1.000000
xl[3]=0.000000    xu[3]=1.000000
xl[4]=0.000000    xu[4]=1.000000
xl[5]=0.000000    xu[5]=1.000000

num_dim=6, calls=250, it_num=1, max_it_num=5 verb=0, alph=1.50,
mode=0, bins=50, boxes=1

       single.......iteration                   accumulated......results   
iteration     integral    sigma             integral         sigma     chi-sq/it

   1        -4.4534e-14   1.19e-14          -4.4534e-14      1.19e-14    0.00e+00
   2        -4.7302e-14   1.01e-14          -4.6138e-14      7.70e-15    3.15e-02
   3        -3.8203e-14   4.98e-15          -4.0546e-14      4.18e-15    3.90e-01
   4        -3.7130e-14   4.97e-15          -3.9130e-14      3.20e-15    3.52e-01
   5        -4.1919e-14   4.04e-15          -4.0207e-14      2.51e-15    3.37e-01

num_dim=6, calls=2500, it_num=1, max_it_num=3 verb=0, alph=1.50,
mode=0, bins=50, boxes=1

       single.......iteration                   accumulated......results   
iteration     integral    sigma             integral         sigma     chi-sq/it

   1        -3.9416e-14   1.15e-15          -3.9416e-14      1.15e-15    0.00e+00
   2        -3.9371e-14   6.72e-16          -3.9382e-14      5.80e-16    1.13e-03
   3        -4.1691e-14   7.75e-16          -4.0211e-14      4.64e-16    2.85e+00
   3        -4.0367e-14   7.25e-16          -4.0256e-14      3.91e-16    1.91e+00
   3        -4.0774e-14   6.17e-16          -4.0404e-14      3.30e-16    1.56e+00
   3        -4.0382e-14   5.39e-16          -4.0398e-14      2.82e-16    1.25e+00
rNLOg = (-4.0398348e-14 +- 2.8159691e-16) pb

**************************************************
* real light quark emission - dipole - (onshell) *
**************************************************
The limits of integration are:

xl[0]=0.000000    xu[0]=1.000000
xl[1]=0.000000    xu[1]=1.000000
xl[2]=0.000000    xu[2]=1.000000
xl[3]=0.000000    xu[3]=1.000000
xl[4]=0.000000    xu[4]=1.000000
xl[5]=0.000000    xu[5]=1.000000

num_dim=6, calls=5000, it_num=1, max_it_num=5 verb=0, alph=1.50,
mode=0, bins=50, boxes=1

       single.......iteration                   accumulated......results   
iteration     integral    sigma             integral         sigma     chi-sq/it

   1        1.3641e-13   1.08e-14          1.3641e-13      1.08e-14    0.00e+00
   2        1.4399e-13   3.32e-15          1.4333e-13      3.17e-15    4.51e-01
   3        1.3719e-13   1.66e-15          1.3852e-13      1.47e-15    1.69e+00
   4        1.3698e-13   1.42e-15          1.3772e-13      1.02e-15    1.32e+00
   5        1.3784e-13   1.31e-15          1.3776e-13      8.05e-16    9.89e-01

num_dim=6, calls=50000, it_num=1, max_it_num=5 verb=0, alph=1.50,
mode=0, bins=50, boxes=1

       single.......iteration                   accumulated......results   
iteration     integral    sigma             integral         sigma     chi-sq/it

   1        1.3765e-13   4.07e-16          1.3765e-13      4.07e-16    0.00e+00
   2        1.3842e-13   4.33e-16          1.3801e-13      2.97e-16    1.64e+00
   3        1.3921e-13   4.78e-16          1.3834e-13      2.52e-16    3.08e+00
   4        1.3821e-13   4.53e-16          1.3831e-13      2.20e-16    2.08e+00
   5        1.3838e-13   4.61e-16          1.3832e-13      1.99e-16    1.56e+00
   5        1.3823e-13   4.17e-16          1.3831e-13      1.79e-16    1.26e+00
rNLOq = (1.3830635e-13 +- 1.7935938e-16) pb
NLO = (9.3511417e-12 +- 4.5828685e-15) pb
#chisq/dof = 1.51576e-07
#status = success
#chisq/dof = 1.26716e-08
#status = success
#chisq/dof = 1.44747e-09
#status = success
#chisq/dof = 3.01271e-09
#status = success
#chisq/dof = 3.99382e-10
#status = success
#chisq/dof = 1.08102e-10
#status = success
#chisq/dof = 2.49087e-09
#status = success
#chisq/dof = 1.65143e-10
#status = success

*******************************************************
* threshold resummation (unimproved nnll) - expansion *
*******************************************************
The limits of integration are:

xl[0]=0.000000    xu[0]=1.000000
xl[1]=0.000000    xu[1]=1.000000
xl[2]=0.000000    xu[2]=1.000000

num_dim=3, calls=7000, it_num=1, max_it_num=5 verb=0, alph=1.50,
mode=0, bins=50, boxes=1

       single.......iteration                   accumulated......results   
iteration     integral    sigma             integral         sigma     chi-sq/it

   1        -1.4886e-12   1.07e-12          -1.4886e-12      1.07e-12    0.00e+00
   2        -5.0679e-13   3.77e-13          -6.1577e-13      3.55e-13    7.54e-01
   3        3.6931e-13   3.41e-13          -1.0312e-13      2.46e-13    2.38e+00
   4        6.5268e-13   3.35e-13          1.6143e-13      1.98e-13    2.69e+00
   5        3.1211e-13   3.42e-13          1.9938e-13      1.72e-13    2.05e+00

num_dim=3, calls=35000, it_num=1, max_it_num=5 verb=0, alph=1.50,
mode=0, bins=50, boxes=1

       single.......iteration                   accumulated......results   
iteration     integral    sigma             integral         sigma     chi-sq/it

   1        -1.6290e-13   1.51e-13          -1.6290e-13      1.51e-13    0.00e+00
   2        -1.2630e-13   1.51e-13          -1.4456e-13      1.07e-13    2.94e-02
   3        -2.9400e-13   1.51e-13          -1.9429e-13      8.72e-14    3.41e-01
   4        -2.3595e-13   1.51e-13          -2.0475e-13      7.55e-14    2.46e-01
   5        -1.0961e-14   1.50e-13          -1.6579e-13      6.75e-14    5.16e-01
   5        7.3856e-14   1.51e-13          -1.2577e-13      6.16e-14    8.34e-01
   5        -3.1902e-13   1.51e-13          -1.5320e-13      5.70e-14    9.28e-01
   5        -2.6841e-13   1.52e-13          -1.6746e-13      5.34e-14    8.68e-01
   5        -1.0668e-13   1.52e-13          -1.6078e-13      5.04e-14    7.77e-01
   5        -3.9020e-13   1.52e-13          -1.8351e-13      4.78e-14    9.19e-01
   5        -1.0189e-13   1.52e-13          -1.7613e-13      4.56e-14    8.54e-01
   5        4.4340e-14   1.53e-13          -1.5810e-13      4.37e-14    9.50e-01
   5        -1.9523e-13   1.53e-13          -1.6090e-13      4.20e-14    8.75e-01
   5        2.6900e-13   1.52e-13          -1.3054e-13      4.05e-14    1.38e+00
   5        -1.0335e-13   1.54e-13          -1.2879e-13      3.92e-14    1.28e+00
   5        -3.7079e-13   1.54e-13          -1.4346e-13      3.80e-14    1.35e+00
   5        1.5210e-13   1.54e-13          -1.2645e-13      3.69e-14    1.48e+00
   5        -1.8396e-13   1.54e-13          -1.2959e-13      3.58e-14    1.40e+00
   5        -1.9257e-13   1.55e-13          -1.3279e-13      3.49e-14    1.33e+00
   5        -4.2447e-13   1.56e-13          -1.4674e-13      3.41e-14    1.44e+00
   5        3.7426e-14   1.56e-13          -1.3833e-13      3.33e-14    1.43e+00
   5        -2.6185e-13   1.56e-13          -1.4371e-13      3.26e-14    1.39e+00
   5        4.8084e-14   1.57e-13          -1.3581e-13      3.19e-14    1.40e+00
   5        -1.7058e-13   1.57e-13          -1.3719e-13      3.12e-14    1.34e+00
   5        -2.7884e-13   1.56e-13          -1.4265e-13      3.06e-14    1.31e+00
   5        1.2409e-13   1.56e-13          -1.3279e-13      3.01e-14    1.37e+00
   5        -1.2820e-14   1.56e-13          -1.2851e-13      2.95e-14    1.34e+00
   5        -2.0560e-13   1.57e-13          -1.3116e-13      2.90e-14    1.30e+00
   5        2.0857e-14   1.57e-13          -1.2611e-13      2.85e-14    1.29e+00
   5        -1.7101e-13   1.58e-13          -1.2753e-13      2.81e-14    1.25e+00
   5        -2.3231e-13   1.58e-13          -1.3075e-13      2.76e-14    1.22e+00
   5        -8.6318e-14   1.59e-13          -1.2945e-13      2.72e-14    1.18e+00
   5        9.0301e-14   1.59e-13          -1.2319e-13      2.68e-14    1.20e+00
   5        3.2882e-15   1.57e-13          -1.1962e-13      2.65e-14    1.19e+00
   5        -2.6770e-13   1.58e-13          -1.2366e-13      2.61e-14    1.18e+00
   5        -2.7087e-13   1.58e-13          -1.2755e-13      2.57e-14    1.17e+00
   5        -1.9952e-13   1.57e-13          -1.2944e-13      2.54e-14    1.14e+00
   5        -1.4392e-14   1.57e-13          -1.2651e-13      2.51e-14    1.12e+00
   5        -1.6984e-13   1.57e-13          -1.2759e-13      2.48e-14    1.10e+00
   5        8.2144e-14   1.59e-13          -1.2264e-13      2.45e-14    1.11e+00
   5        -2.2762e-13   1.61e-13          -1.2502e-13      2.42e-14    1.09e+00
   5        -3.8295e-13   1.59e-13          -1.3088e-13      2.39e-14    1.13e+00
   5        2.6413e-14   1.58e-13          -1.2738e-13      2.36e-14    1.13e+00
   5        2.3037e-14   1.59e-13          -1.2411e-13      2.34e-14    1.12e+00
   5        -1.3926e-13   1.61e-13          -1.2443e-13      2.31e-14    1.10e+00
   5        -1.5387e-13   1.58e-13          -1.2505e-13      2.29e-14    1.07e+00
   5        -9.3990e-14   1.60e-13          -1.2443e-13      2.27e-14    1.05e+00
   5        2.0332e-14   1.61e-13          -1.2161e-13      2.25e-14    1.04e+00
   5        1.2939e-14   1.62e-13          -1.1906e-13      2.22e-14    1.04e+00
   5        -1.9236e-13   1.62e-13          -1.2041e-13      2.20e-14    1.02e+00
   5        -1.3432e-13   1.62e-13          -1.2067e-13      2.18e-14    9.99e-01
   5        9.7717e-14   1.65e-13          -1.1689e-13      2.16e-14    1.01e+00
   5        -4.4782e-14   1.63e-13          -1.1564e-13      2.15e-14    9.97e-01
   5        2.2096e-13   1.62e-13          -1.0986e-13      2.13e-14    1.06e+00
   5        1.8316e-14   1.62e-13          -1.0768e-13      2.11e-14    1.05e+00
aNNLO+NNLL = (9.2434664e-12 +- 2.1577417e-14) pb

Results:
LO = (7.9100202e-12 +- 5.3641150e-15) pb
NLO = (9.3511417e-12 +- 4.5828685e-15) pb
aNNLO+NNLL = (9.2434664e-12 +- 2.1577417e-14) pb
Thanks for using LHAPDF 6.2.3. Please make sure to cite the paper:
  Eur.Phys.J. C75 (2015) 3, 132  (http://arxiv.org/abs/1412.7420)
 ====================================================
   FF 2.0, a package to evaluate one-loop integrals
 written by G. J. van Oldenborgh, NIKHEF-H, Amsterdam
 ====================================================
 for the algorithms used see preprint NIKHEF-H 89/17,
 'New Algorithms for One-loop Integrals', by G.J. van
 Oldenborgh and J.A.M. Vermaseren, published in 
 Zeitschrift fuer Physik C46(1990)425.
 ====================================================
 
total number of errors and warnings
===================================
fferr: no errors
 
