
  Welcome to Resummino git-latest
  Copyright 2008-2010 Jonathan Debove.
  Copyright 2011-2014 David R. Lamprea.
  Copyright 2011-2016 Marcel Rothering.

  Licensed under the EUPL 1.1 or later.
  See http://www.resummino.org/ for more information.

  If using Resummino for slepton pair production, please cite.
  - G. Bozzi, B. Fuks, M. Klasen, PRD 74, 015001 (2006); NPB 777, 157 (2007); NPB 794, 46 (2007).
  - B. Fuks, M. Klasen, D. R. Lamprea, M. Rothering, EPJC 73, 2480 (2013).

  For gaugino pair production, please cite:
  - J. Debove, B. Fuks, M. Klasen, PLB 688, 208 (2010); NPB 842, 51 (2011); NPB 849, 64 (2011).
  - B. Fuks, M. Klasen, D. R. Lamprea, M. Rothering, JHEP 1210, 081 (2012); EPJC 73, 2480 (2013).

  For associated gaugino gluino production, please cite:
  - B. Fuks, M. Klasen, M. Rothering, JHEP 07:053, (2016).
  - B. Fuks, M. Klasen, D. R. Lamprea, M. Rothering, EPJC 73, 2480 (2013).

LHAPDF 6.2.3 loading /pool/condor/dir_49453/resummino-releases/lhapdf-prefix/share/LHAPDF/PDF4LHC21_40/PDF4LHC21_40_0000.dat
PDF4LHC21_40 PDF set, member #0, version 1
 alpha_s(M_Z^2) = 0.1180 	 for LO PDF set 
 alpha_s(500.000^2) = 0.0940 	 for LO PDF set 

********************
* LO cross section *
********************
The limits of integration are:

xl[0]=0.000000    xu[0]=1.000000
xl[1]=0.000000    xu[1]=1.000000
xl[2]=0.000000    xu[2]=1.000000

num_dim=3, calls=2000, it_num=1, max_it_num=5 verb=0, alph=1.50,
mode=0, bins=50, boxes=1

       single.......iteration                   accumulated......results   
iteration     integral    sigma             integral         sigma     chi-sq/it

   1        2.2453e-12   7.55e-14          2.2453e-12      7.55e-14    0.00e+00
   2        2.3337e-12   2.48e-14          2.3250e-12      2.36e-14    1.24e+00
   3        2.3751e-12   1.33e-14          2.3630e-12      1.16e-14    2.33e+00
   4        2.3580e-12   1.23e-14          2.3607e-12      8.42e-15    1.58e+00
   5        2.3480e-12   1.28e-14          2.3569e-12      7.04e-15    1.36e+00

num_dim=3, calls=20000, it_num=1, max_it_num=5 verb=0, alph=1.50,
mode=0, bins=50, boxes=1

       single.......iteration                   accumulated......results   
iteration     integral    sigma             integral         sigma     chi-sq/it

   1        2.3546e-12   3.95e-15          2.3546e-12      3.95e-15    0.00e+00
   2        2.3551e-12   3.84e-15          2.3549e-12      2.76e-15    5.74e-03
   3        2.3627e-12   3.82e-15          2.3576e-12      2.24e-15    1.40e+00
   4        2.3610e-12   4.04e-15          2.3584e-12      1.96e-15    1.12e+00
   5        2.3491e-12   3.98e-15          2.3566e-12      1.76e-15    1.94e+00
   5        2.3556e-12   4.04e-15          2.3564e-12      1.61e-15    1.56e+00
   5        2.3593e-12   4.04e-15          2.3568e-12      1.50e-15    1.38e+00
LO = (2.3568071e-12 +- 1.4955972e-15) pb
LHAPDF 6.2.3 loading /pool/condor/dir_49453/resummino-releases/lhapdf-prefix/share/LHAPDF/PDF4LHC21_40/PDF4LHC21_40_0014.dat
PDF4LHC21_40 PDF set, member #14, version 1
 alpha_s(M_Z^2) = 0.1180 	 for NLO PDF set 
 alpha_s(500.000^2) = 0.0940 	 for NLO PDF set 

********************
* LO cross section *
********************
The limits of integration are:

xl[0]=0.000000    xu[0]=1.000000
xl[1]=0.000000    xu[1]=1.000000
xl[2]=0.000000    xu[2]=1.000000

num_dim=3, calls=2000, it_num=1, max_it_num=5 verb=0, alph=1.50,
mode=0, bins=50, boxes=1

       single.......iteration                   accumulated......results   
iteration     integral    sigma             integral         sigma     chi-sq/it

   1        2.1795e-12   7.54e-14          2.1795e-12      7.54e-14    0.00e+00
   2        2.2660e-12   2.47e-14          2.2576e-12      2.35e-14    1.19e+00
   3        2.3095e-12   1.39e-14          2.2960e-12      1.20e-14    2.40e+00
   4        2.2907e-12   1.33e-14          2.2936e-12      8.89e-15    1.63e+00
   5        2.2775e-12   1.39e-14          2.2889e-12      7.49e-15    1.46e+00

num_dim=3, calls=20000, it_num=1, max_it_num=5 verb=0, alph=1.50,
mode=0, bins=50, boxes=1

       single.......iteration                   accumulated......results   
iteration     integral    sigma             integral         sigma     chi-sq/it

   1        2.2874e-12   4.28e-15          2.2874e-12      4.28e-15    0.00e+00
   2        2.2887e-12   4.14e-15          2.2880e-12      2.97e-15    5.03e-02
   3        2.2970e-12   4.12e-15          2.2911e-12      2.41e-15    1.57e+00
   4        2.2950e-12   4.33e-15          2.2920e-12      2.11e-15    1.25e+00
   5        2.2820e-12   4.29e-15          2.2901e-12      1.89e-15    2.04e+00
   5        2.2885e-12   4.32e-15          2.2898e-12      1.73e-15    1.65e+00
   5        2.2922e-12   4.34e-15          2.2901e-12      1.61e-15    1.42e+00
   5        2.2867e-12   4.40e-15          2.2897e-12      1.51e-15    1.29e+00
   5        2.2861e-12   4.54e-15          2.2894e-12      1.43e-15    1.20e+00
   5        2.2808e-12   4.60e-15          2.2886e-12      1.37e-15    1.42e+00
   5        2.2896e-12   4.77e-15          2.2887e-12      1.32e-15    1.28e+00
   5        2.2856e-12   4.87e-15          2.2885e-12      1.27e-15    1.20e+00
   5        2.2942e-12   5.14e-15          2.2888e-12      1.23e-15    1.19e+00
   5        2.2848e-12   5.23e-15          2.2886e-12      1.20e-15    1.14e+00
   5        2.2901e-12   5.53e-15          2.2887e-12      1.17e-15    1.07e+00
   5        2.2855e-12   5.64e-15          2.2885e-12      1.15e-15    1.02e+00
   5        2.2855e-12   5.74e-15          2.2884e-12      1.13e-15    9.70e-01
   5        2.2954e-12   5.92e-15          2.2887e-12      1.11e-15    9.91e-01
   5        2.2983e-12   6.26e-15          2.2890e-12      1.09e-15    1.06e+00
   5        2.2991e-12   6.21e-15          2.2893e-12      1.07e-15    1.14e+00
   5        2.2840e-12   6.47e-15          2.2891e-12      1.06e-15    1.12e+00
   5        2.2896e-12   6.59e-15          2.2891e-12      1.04e-15    1.07e+00
   5        2.2929e-12   6.74e-15          2.2892e-12      1.03e-15    1.03e+00
   5        2.2865e-12   7.02e-15          2.2892e-12      1.02e-15    9.93e-01
   5        2.2992e-12   7.06e-15          2.2894e-12      1.01e-15    1.03e+00
   5        2.2887e-12   7.13e-15          2.2893e-12      1.00e-15    9.92e-01
   5        2.3048e-12   7.43e-15          2.2896e-12      9.92e-16    1.12e+00
   5        2.2903e-12   7.18e-15          2.2896e-12      9.83e-16    1.08e+00
   5        2.2876e-12   7.37e-15          2.2896e-12      9.74e-16    1.04e+00
   5        2.2975e-12   7.76e-15          2.2897e-12      9.67e-16    1.04e+00
   5        2.2907e-12   7.50e-15          2.2897e-12      9.59e-16    1.00e+00
   5        2.2897e-12   7.74e-15          2.2897e-12      9.51e-16    9.72e-01
   5        2.2977e-12   7.49e-15          2.2899e-12      9.44e-16    9.77e-01
   5        2.2829e-12   7.76e-15          2.2898e-12      9.37e-16    9.71e-01
   5        2.2816e-12   7.50e-15          2.2896e-12      9.30e-16    9.77e-01
   5        2.3025e-12   7.74e-15          2.2898e-12      9.23e-16    1.03e+00
   5        2.2669e-12   7.49e-15          2.2895e-12      9.16e-16    1.26e+00
   5        2.2802e-12   7.79e-15          2.2894e-12      9.10e-16    1.26e+00
   5        2.2978e-12   7.62e-15          2.2895e-12      9.03e-16    1.26e+00
   5        2.2902e-12   7.74e-15          2.2895e-12      8.97e-16    1.23e+00
   5        2.2957e-12   7.93e-15          2.2896e-12      8.92e-16    1.21e+00
   5        2.2908e-12   7.95e-15          2.2896e-12      8.86e-16    1.18e+00
   5        2.3088e-12   8.14e-15          2.2898e-12      8.81e-16    1.28e+00
   5        2.2925e-12   7.98e-15          2.2898e-12      8.76e-16    1.26e+00
   5        2.2816e-12   8.23e-15          2.2897e-12      8.71e-16    1.25e+00
   5        2.2895e-12   8.42e-15          2.2897e-12      8.66e-16    1.22e+00
   5        2.2990e-12   8.64e-15          2.2898e-12      8.62e-16    1.22e+00
   5        2.2736e-12   8.34e-15          2.2897e-12      8.57e-16    1.28e+00
   5        2.3083e-12   8.67e-15          2.2898e-12      8.53e-16    1.34e+00
   5        2.3038e-12   8.48e-15          2.2900e-12      8.49e-16    1.37e+00
   5        2.2877e-12   8.53e-15          2.2900e-12      8.45e-16    1.35e+00
   5        2.2709e-12   8.38e-15          2.2898e-12      8.40e-16    1.42e+00
   5        2.2896e-12   8.58e-15          2.2898e-12      8.36e-16    1.39e+00
   5        2.2932e-12   9.03e-15          2.2898e-12      8.33e-16    1.37e+00
   5        2.3057e-12   8.61e-15          2.2899e-12      8.29e-16    1.41e+00
LO = (2.2899398e-12 +- 8.2885085e-16) pb

*******************************************
* virtual corrections + integrated dipole *
*******************************************
The limits of integration are:

xl[0]=0.000000    xu[0]=1.000000
xl[1]=0.000000    xu[1]=1.000000
xl[2]=0.000000    xu[2]=1.000000

num_dim=3, calls=240, it_num=1, max_it_num=5 verb=0, alph=1.50,
mode=0, bins=50, boxes=1

       single.......iteration                   accumulated......results   
iteration     integral    sigma             integral         sigma     chi-sq/it

   1        2.9166e-13   3.08e-14          2.9166e-13      3.08e-14    0.00e+00
   2        3.0083e-13   1.60e-14          2.9888e-13      1.42e-14    6.99e-02
   3        3.2187e-13   8.81e-15          3.1547e-13      7.48e-15    9.83e-01
   4        3.1814e-13   6.13e-15          3.1707e-13      4.74e-15    6.81e-01
   5        3.3400e-13   8.28e-15          3.2125e-13      4.12e-15    1.30e+00

num_dim=3, calls=1200, it_num=1, max_it_num=3 verb=0, alph=1.50,
mode=0, bins=50, boxes=1

       single.......iteration                   accumulated......results   
iteration     integral    sigma             integral         sigma     chi-sq/it

   1        3.1356e-13   3.40e-15          3.1356e-13      3.40e-15    0.00e+00
   2        3.2086e-13   2.76e-15          3.1796e-13      2.14e-15    2.78e+00
   3        3.1901e-13   2.60e-15          3.1839e-13      1.65e-15    1.44e+00
   3        3.2528e-13   2.61e-15          3.2036e-13      1.40e-15    2.62e+00
   3        3.1810e-13   2.62e-15          3.1986e-13      1.23e-15    2.11e+00
   3        3.2114e-13   2.55e-15          3.2010e-13      1.11e-15    1.73e+00
   3        3.1658e-13   2.86e-15          3.1964e-13      1.03e-15    1.66e+00
   3        3.2379e-13   2.72e-15          3.2017e-13      9.67e-16    1.71e+00
   3        3.2190e-13   2.53e-15          3.2039e-13      9.03e-16    1.55e+00
   3        3.1952e-13   2.59e-15          3.2029e-13      8.53e-16    1.39e+00
   3        3.1696e-13   2.69e-15          3.1999e-13      8.13e-16    1.39e+00
   3        3.1860e-13   2.65e-15          3.1987e-13      7.77e-16    1.29e+00
vNLO = (3.1986874e-13 +- 7.7716726e-16) pb

*****************************
* collinear remainder (P+K) *
*****************************
The limits of integration are:

xl[0]=0.000000    xu[0]=1.000000
xl[1]=0.000000    xu[1]=1.000000
xl[2]=0.000000    xu[2]=1.000000
xl[3]=0.000000    xu[3]=1.000000

num_dim=4, calls=2500, it_num=1, max_it_num=5 verb=0, alph=1.50,
mode=0, bins=50, boxes=1

       single.......iteration                   accumulated......results   
iteration     integral    sigma             integral         sigma     chi-sq/it

   1        1.4193e-13   1.59e-14          1.4193e-13      1.59e-14    0.00e+00
   2        1.3919e-13   7.08e-15          1.3964e-13      6.47e-15    2.48e-02
   3        1.3878e-13   6.23e-15          1.3919e-13      4.49e-15    1.71e-02
   4        1.4480e-13   5.94e-15          1.4123e-13      3.58e-15    2.00e-01
   5        1.4948e-13   6.15e-15          1.4332e-13      3.09e-15    4.86e-01

num_dim=4, calls=25000, it_num=1, max_it_num=3 verb=0, alph=1.50,
mode=0, bins=50, boxes=1

       single.......iteration                   accumulated......results   
iteration     integral    sigma             integral         sigma     chi-sq/it

   1        1.4613e-13   1.92e-15          1.4613e-13      1.92e-15    0.00e+00
   2        1.4441e-13   1.90e-15          1.4526e-13      1.35e-15    4.09e-01
   3        1.4194e-13   1.90e-15          1.4414e-13      1.10e-15    1.22e+00
   3        1.4417e-13   1.90e-15          1.4415e-13      9.52e-16    8.15e-01
   3        1.4250e-13   1.90e-15          1.4382e-13      8.51e-16    7.61e-01
   3        1.4352e-13   1.90e-15          1.4377e-13      7.77e-16    6.13e-01
P+K = (1.4376881e-13 +- 7.7688274e-16) pb

********************************
* real gluon emission - dipole *
********************************
The limits of integration are:

xl[0]=0.000000    xu[0]=1.000000
xl[1]=0.000000    xu[1]=1.000000
xl[2]=0.000000    xu[2]=1.000000
xl[3]=0.000000    xu[3]=1.000000
xl[4]=0.000000    xu[4]=1.000000
xl[5]=0.000000    xu[5]=1.000000

num_dim=6, calls=250, it_num=1, max_it_num=5 verb=0, alph=1.50,
mode=0, bins=50, boxes=1

       single.......iteration                   accumulated......results   
iteration     integral    sigma             integral         sigma     chi-sq/it

   1        -8.4361e-15   2.74e-15          -8.4361e-15      2.74e-15    0.00e+00
   2        -1.0210e-14   2.59e-15          -9.3715e-15      1.88e-15    2.22e-01
   3        -5.6751e-15   6.73e-16          -6.0942e-15      6.33e-16    1.82e+00
   4        -7.1540e-15   6.18e-16          -6.6373e-15      4.42e-16    1.69e+00
   5        -7.8784e-15   5.87e-16          -7.0866e-15      3.53e-16    1.98e+00

num_dim=6, calls=2500, it_num=1, max_it_num=3 verb=0, alph=1.50,
mode=0, bins=50, boxes=1

       single.......iteration                   accumulated......results   
iteration     integral    sigma             integral         sigma     chi-sq/it

   1        -7.4659e-15   1.91e-16          -7.4659e-15      1.91e-16    0.00e+00
   2        -7.1284e-15   1.07e-16          -7.2093e-15      9.34e-17    2.38e+00
   3        -7.3284e-15   1.31e-16          -7.2493e-15      7.61e-17    1.46e+00
rNLOg = (-7.2493112e-15 +- 7.6138413e-17) pb

**************************************************
* real light quark emission - dipole - (onshell) *
**************************************************
The limits of integration are:

xl[0]=0.000000    xu[0]=1.000000
xl[1]=0.000000    xu[1]=1.000000
xl[2]=0.000000    xu[2]=1.000000
xl[3]=0.000000    xu[3]=1.000000
xl[4]=0.000000    xu[4]=1.000000
xl[5]=0.000000    xu[5]=1.000000

num_dim=6, calls=5000, it_num=1, max_it_num=5 verb=0, alph=1.50,
mode=0, bins=50, boxes=1

       single.......iteration                   accumulated......results   
iteration     integral    sigma             integral         sigma     chi-sq/it

   1        2.0944e-14   1.83e-15          2.0944e-14      1.83e-15    0.00e+00
   2        2.2638e-14   5.53e-16          2.2496e-14      5.29e-16    7.86e-01
   3        2.1578e-14   2.60e-16          2.1757e-14      2.33e-16    1.61e+00
   4        2.1307e-14   2.00e-16          2.1498e-14      1.52e-16    1.78e+00
   5        2.1546e-14   1.86e-16          2.1517e-14      1.18e-16    1.35e+00

num_dim=6, calls=50000, it_num=1, max_it_num=5 verb=0, alph=1.50,
mode=0, bins=50, boxes=1

       single.......iteration                   accumulated......results   
iteration     integral    sigma             integral         sigma     chi-sq/it

   1        2.1483e-14   5.76e-17          2.1483e-14      5.76e-17    0.00e+00
   2        2.1597e-14   6.56e-17          2.1533e-14      4.33e-17    1.69e+00
   3        2.1672e-14   6.89e-17          2.1572e-14      3.66e-17    2.32e+00
   4        2.1575e-14   6.61e-17          2.1573e-14      3.20e-17    1.55e+00
   5        2.1624e-14   6.84e-17          2.1582e-14      2.90e-17    1.27e+00
rNLOq = (2.1582023e-14 +- 2.9017402e-17) pb
NLO = (2.7679100e-12 +- 1.3788287e-15) pb
#chisq/dof = 8.44859e-09
#status = success
#chisq/dof = 9.62879e-09
#status = success
#chisq/dof = 6.03155e-10
#status = success
#chisq/dof = 1.02921e-09
#status = success
#chisq/dof = 8.69052e-10
#status = success
#chisq/dof = 5.49857e-12
#status = success
#chisq/dof = 3.99941e-10
#status = success
#chisq/dof = 1.30907e-10
#status = success

*******************************************************
* threshold resummation (unimproved nnll) - expansion *
*******************************************************
The limits of integration are:

xl[0]=0.000000    xu[0]=1.000000
xl[1]=0.000000    xu[1]=1.000000
xl[2]=0.000000    xu[2]=1.000000

num_dim=3, calls=7000, it_num=1, max_it_num=5 verb=0, alph=1.50,
mode=0, bins=50, boxes=1

       single.......iteration                   accumulated......results   
iteration     integral    sigma             integral         sigma     chi-sq/it

   1        -1.7886e-13   2.16e-13          -1.7886e-13      2.16e-13    0.00e+00
   2        -7.1306e-15   8.81e-14          -3.1628e-14      8.16e-14    5.42e-01
   3        7.4838e-14   8.13e-14          2.1794e-14      5.76e-14    6.98e-01
   4        1.3565e-13   8.03e-14          6.0468e-14      4.68e-14    9.08e-01
   5        1.1381e-13   7.93e-14          7.4254e-14      4.03e-14    7.65e-01

num_dim=3, calls=35000, it_num=1, max_it_num=5 verb=0, alph=1.50,
mode=0, bins=50, boxes=1

       single.......iteration                   accumulated......results   
iteration     integral    sigma             integral         sigma     chi-sq/it

   1        -2.3413e-14   3.56e-14          -2.3413e-14      3.56e-14    0.00e+00
   2        -5.6567e-15   3.54e-14          -1.4485e-14      2.51e-14    1.25e-01
   3        -4.9775e-14   3.57e-14          -2.6134e-14      2.05e-14    3.89e-01
   4        -1.0019e-14   3.57e-14          -2.2127e-14      1.78e-14    3.10e-01
   5        -3.7904e-14   3.58e-14          -2.5261e-14      1.59e-14    2.72e-01
   5        -4.8313e-14   3.55e-14          -2.9126e-14      1.45e-14    2.88e-01
   5        3.2923e-15   3.61e-14          -2.4601e-14      1.35e-14    3.55e-01
   5        -7.9445e-14   3.60e-14          -3.1357e-14      1.26e-14    5.96e-01
   5        8.5254e-15   3.60e-14          -2.6985e-14      1.19e-14    6.58e-01
   5        -6.1531e-14   3.61e-14          -3.0383e-14      1.13e-14    6.77e-01
   5        -4.2809e-14   3.61e-14          -3.1494e-14      1.08e-14    6.20e-01
   5        -1.4161e-14   3.62e-14          -3.0076e-14      1.03e-14    5.83e-01
   5        -3.3498e-14   3.63e-14          -3.0333e-14      9.95e-15    5.35e-01
   5        7.4809e-14   3.63e-14          -2.2989e-14      9.60e-15    1.09e+00
   5        -3.9697e-14   3.64e-14          -2.4073e-14      9.28e-15    1.03e+00
   5        -5.4741e-15   3.65e-14          -2.2942e-14      8.99e-15    9.77e-01
   5        5.3462e-15   3.65e-14          -2.1319e-14      8.73e-15    9.51e-01
   5        -9.3939e-14   3.62e-14          -2.5315e-14      8.49e-15    1.12e+00
   5        -1.5371e-15   3.65e-14          -2.4098e-14      8.27e-15    1.08e+00
   5        -5.0969e-14   3.69e-14          -2.5379e-14      8.07e-15    1.05e+00
   5        -2.0259e-14   3.67e-14          -2.5143e-14      7.88e-15    9.98e-01
   5        -2.5689e-14   3.69e-14          -2.5167e-14      7.71e-15    9.50e-01
   5        3.0453e-14   3.70e-14          -2.2853e-14      7.55e-15    1.01e+00
   5        -1.9625e-14   3.73e-14          -2.2726e-14      7.40e-15    9.62e-01
   5        -4.0772e-14   3.73e-14          -2.3409e-14      7.25e-15    9.31e-01
   5        3.2740e-14   3.70e-14          -2.1329e-14      7.12e-15    9.83e-01
   5        -4.1453e-14   3.70e-14          -2.2047e-14      6.99e-15    9.56e-01
   5        -6.7472e-15   3.74e-14          -2.1530e-14      6.87e-15    9.27e-01
   5        1.5618e-14   3.73e-14          -2.0308e-14      6.76e-15    9.28e-01
   5        -3.4263e-14   3.79e-14          -2.0738e-14      6.65e-15    9.00e-01
   5        -1.5157e-14   3.74e-14          -2.0567e-14      6.55e-15    8.71e-01
   5        1.8718e-14   3.77e-14          -1.9418e-14      6.45e-15    8.77e-01
   5        -6.6556e-14   3.79e-14          -2.0745e-14      6.36e-15    8.96e-01
   5        2.3655e-14   3.76e-14          -1.9509e-14      6.27e-15    9.10e-01
   5        -3.9421e-14   3.75e-14          -2.0050e-14      6.19e-15    8.92e-01
   5        2.8102e-14   3.75e-14          -1.8773e-14      6.10e-15    9.12e-01
   5        -9.7676e-14   3.77e-14          -2.0787e-14      6.03e-15    1.01e+00
   5        -1.4841e-14   3.75e-14          -2.0638e-14      5.95e-15    9.79e-01
   5        -1.1934e-14   3.76e-14          -2.0426e-14      5.88e-15    9.54e-01
   5        -2.3487e-14   3.78e-14          -2.0498e-14      5.81e-15    9.30e-01
   5        -3.4397e-14   3.80e-14          -2.0815e-14      5.74e-15    9.10e-01
   5        -1.1180e-13   3.83e-14          -2.2814e-14      5.68e-15    1.02e+00
   5        1.1935e-15   3.80e-14          -2.2290e-14      5.61e-15    1.01e+00
   5        -3.2713e-14   3.81e-14          -2.2512e-14      5.55e-15    9.86e-01
   5        -1.3714e-14   3.85e-14          -2.2333e-14      5.50e-15    9.64e-01
   5        -6.0162e-14   3.81e-14          -2.3103e-14      5.44e-15    9.65e-01
   5        -4.7510e-15   3.87e-14          -2.2747e-14      5.39e-15    9.48e-01
   5        4.1696e-15   3.85e-14          -2.2231e-14      5.34e-15    9.38e-01
   5        -2.0418e-14   3.84e-14          -2.2197e-14      5.29e-15    9.19e-01
   5        -9.6663e-14   3.90e-14          -2.3540e-14      5.24e-15    9.73e-01
   5        6.9255e-17   3.82e-14          -2.3105e-14      5.19e-15    9.61e-01
   5        3.2554e-14   3.85e-14          -2.2110e-14      5.14e-15    9.83e-01
   5        -2.0999e-15   3.87e-14          -2.1762e-14      5.10e-15    9.69e-01
   5        5.3548e-14   3.86e-14          -2.0475e-14      5.05e-15    1.02e+00
   5        1.9942e-14   3.86e-14          -1.9794e-14      5.01e-15    1.02e+00
aNNLO+NNLL = (2.7481158e-12 +- 5.1973430e-15) pb

Results:
LO = (2.3568071e-12 +- 1.4955972e-15) pb
NLO = (2.7679100e-12 +- 1.3788287e-15) pb
aNNLO+NNLL = (2.7481158e-12 +- 5.1973430e-15) pb
Thanks for using LHAPDF 6.2.3. Please make sure to cite the paper:
  Eur.Phys.J. C75 (2015) 3, 132  (http://arxiv.org/abs/1412.7420)
 ====================================================
   FF 2.0, a package to evaluate one-loop integrals
 written by G. J. van Oldenborgh, NIKHEF-H, Amsterdam
 ====================================================
 for the algorithms used see preprint NIKHEF-H 89/17,
 'New Algorithms for One-loop Integrals', by G.J. van
 Oldenborgh and J.A.M. Vermaseren, published in 
 Zeitschrift fuer Physik C46(1990)425.
 ====================================================
 
total number of errors and warnings
===================================
fferr: no errors
 
