
  Welcome to Resummino git-latest
  Copyright 2008-2010 Jonathan Debove.
  Copyright 2011-2014 David R. Lamprea.
  Copyright 2011-2016 Marcel Rothering.

  Licensed under the EUPL 1.1 or later.
  See http://www.resummino.org/ for more information.

  If using Resummino for slepton pair production, please cite.
  - G. Bozzi, B. Fuks, M. Klasen, PRD 74, 015001 (2006); NPB 777, 157 (2007); NPB 794, 46 (2007).
  - B. Fuks, M. Klasen, D. R. Lamprea, M. Rothering, EPJC 73, 2480 (2013).

  For gaugino pair production, please cite:
  - J. Debove, B. Fuks, M. Klasen, PLB 688, 208 (2010); NPB 842, 51 (2011); NPB 849, 64 (2011).
  - B. Fuks, M. Klasen, D. R. Lamprea, M. Rothering, JHEP 1210, 081 (2012); EPJC 73, 2480 (2013).

  For associated gaugino gluino production, please cite:
  - B. Fuks, M. Klasen, M. Rothering, JHEP 07:053, (2016).
  - B. Fuks, M. Klasen, D. R. Lamprea, M. Rothering, EPJC 73, 2480 (2013).

LHAPDF 6.2.3 loading /pool/condor/dir_32987/resummino-releases/lhapdf-prefix/share/LHAPDF/PDF4LHC21_40/PDF4LHC21_40_0000.dat
PDF4LHC21_40 PDF set, member #0, version 1
 alpha_s(M_Z^2) = 0.1180 	 for LO PDF set 
 alpha_s(500.000^2) = 0.0940 	 for LO PDF set 

********************
* LO cross section *
********************
The limits of integration are:

xl[0]=0.000000    xu[0]=1.000000
xl[1]=0.000000    xu[1]=1.000000
xl[2]=0.000000    xu[2]=1.000000

num_dim=3, calls=2000, it_num=1, max_it_num=5 verb=0, alph=1.50,
mode=0, bins=50, boxes=1

       single.......iteration                   accumulated......results   
iteration     integral    sigma             integral         sigma     chi-sq/it

   1        2.0480e-12   6.91e-14          2.0480e-12      6.91e-14    0.00e+00
   2        2.1330e-12   2.28e-14          2.1247e-12      2.16e-14    1.37e+00
   3        2.1703e-12   1.21e-14          2.1594e-12      1.06e-14    2.37e+00
   4        2.1543e-12   1.12e-14          2.1570e-12      7.70e-15    1.62e+00
   5        2.1454e-12   1.18e-14          2.1535e-12      6.44e-15    1.38e+00

num_dim=3, calls=20000, it_num=1, max_it_num=5 verb=0, alph=1.50,
mode=0, bins=50, boxes=1

       single.......iteration                   accumulated......results   
iteration     integral    sigma             integral         sigma     chi-sq/it

   1        2.1513e-12   3.62e-15          2.1513e-12      3.62e-15    0.00e+00
   2        2.1517e-12   3.52e-15          2.1515e-12      2.52e-15    6.30e-03
   3        2.1587e-12   3.50e-15          2.1540e-12      2.04e-15    1.38e+00
   4        2.1571e-12   3.69e-15          2.1547e-12      1.79e-15    1.11e+00
   5        2.1463e-12   3.65e-15          2.1531e-12      1.61e-15    1.92e+00
   5        2.1522e-12   3.70e-15          2.1529e-12      1.47e-15    1.54e+00
   5        2.1556e-12   3.70e-15          2.1533e-12      1.37e-15    1.36e+00
LO = (2.1533080e-12 +- 1.3682984e-15) pb
LHAPDF 6.2.3 loading /pool/condor/dir_32987/resummino-releases/lhapdf-prefix/share/LHAPDF/PDF4LHC21_40/PDF4LHC21_40_0000.dat
PDF4LHC21_40 PDF set, member #0, version 1
 alpha_s(M_Z^2) = 0.1180 	 for NLO PDF set 
 alpha_s(500.000^2) = 0.0940 	 for NLO PDF set 

********************
* LO cross section *
********************
The limits of integration are:

xl[0]=0.000000    xu[0]=1.000000
xl[1]=0.000000    xu[1]=1.000000
xl[2]=0.000000    xu[2]=1.000000

num_dim=3, calls=2000, it_num=1, max_it_num=5 verb=0, alph=1.50,
mode=0, bins=50, boxes=1

       single.......iteration                   accumulated......results   
iteration     integral    sigma             integral         sigma     chi-sq/it

   1        2.0480e-12   6.91e-14          2.0480e-12      6.91e-14    0.00e+00
   2        2.1330e-12   2.28e-14          2.1247e-12      2.16e-14    1.37e+00
   3        2.1703e-12   1.21e-14          2.1594e-12      1.06e-14    2.37e+00
   4        2.1543e-12   1.12e-14          2.1570e-12      7.70e-15    1.62e+00
   5        2.1454e-12   1.18e-14          2.1535e-12      6.44e-15    1.38e+00

num_dim=3, calls=20000, it_num=1, max_it_num=5 verb=0, alph=1.50,
mode=0, bins=50, boxes=1

       single.......iteration                   accumulated......results   
iteration     integral    sigma             integral         sigma     chi-sq/it

   1        2.1513e-12   3.62e-15          2.1513e-12      3.62e-15    0.00e+00
   2        2.1517e-12   3.52e-15          2.1515e-12      2.52e-15    6.30e-03
   3        2.1587e-12   3.50e-15          2.1540e-12      2.04e-15    1.38e+00
   4        2.1571e-12   3.69e-15          2.1547e-12      1.79e-15    1.11e+00
   5        2.1463e-12   3.65e-15          2.1531e-12      1.61e-15    1.92e+00
   5        2.1522e-12   3.70e-15          2.1529e-12      1.47e-15    1.54e+00
   5        2.1556e-12   3.70e-15          2.1533e-12      1.37e-15    1.36e+00
   5        2.1506e-12   3.76e-15          2.1530e-12      1.29e-15    1.23e+00
   5        2.1503e-12   3.88e-15          2.1527e-12      1.22e-15    1.13e+00
   5        2.1465e-12   3.92e-15          2.1522e-12      1.17e-15    1.26e+00
   5        2.1520e-12   4.11e-15          2.1522e-12      1.12e-15    1.13e+00
   5        2.1494e-12   4.16e-15          2.1520e-12      1.08e-15    1.07e+00
   5        2.1564e-12   4.40e-15          2.1522e-12      1.05e-15    1.06e+00
   5        2.1484e-12   4.50e-15          2.1520e-12      1.02e-15    1.03e+00
   5        2.1526e-12   4.80e-15          2.1520e-12      1.00e-15    9.60e-01
   5        2.1494e-12   4.94e-15          2.1519e-12      9.81e-16    9.15e-01
   5        2.1478e-12   5.02e-15          2.1518e-12      9.63e-16    8.98e-01
   5        2.1586e-12   5.19e-15          2.1520e-12      9.47e-16    9.44e-01
   5        2.1587e-12   5.50e-15          2.1522e-12      9.33e-16    9.72e-01
   5        2.1597e-12   5.54e-15          2.1524e-12      9.20e-16    1.01e+00
   5        2.1476e-12   5.76e-15          2.1523e-12      9.09e-16    9.97e-01
   5        2.1519e-12   5.89e-15          2.1523e-12      8.98e-16    9.50e-01
   5        2.1558e-12   5.96e-15          2.1524e-12      8.88e-16    9.22e-01
   5        2.1504e-12   6.37e-15          2.1523e-12      8.79e-16    8.86e-01
   5        2.1603e-12   6.19e-15          2.1525e-12      8.71e-16    9.18e-01
   5        2.1514e-12   6.35e-15          2.1525e-12      8.63e-16    8.82e-01
   5        2.1652e-12   6.74e-15          2.1527e-12      8.56e-16    9.84e-01
   5        2.1530e-12   6.47e-15          2.1527e-12      8.48e-16    9.47e-01
   5        2.1510e-12   6.66e-15          2.1526e-12      8.41e-16    9.16e-01
   5        2.1591e-12   7.03e-15          2.1527e-12      8.36e-16    9.12e-01
   5        2.1536e-12   6.78e-15          2.1528e-12      8.29e-16    8.83e-01
   5        2.1519e-12   7.11e-15          2.1527e-12      8.24e-16    8.54e-01
   5        2.1602e-12   6.80e-15          2.1528e-12      8.18e-16    8.64e-01
   5        2.1472e-12   7.09e-15          2.1528e-12      8.12e-16    8.57e-01
   5        2.1451e-12   6.88e-15          2.1527e-12      8.07e-16    8.67e-01
   5        2.1632e-12   7.11e-15          2.1528e-12      8.02e-16    9.04e-01
   5        2.1312e-12   6.85e-15          2.1525e-12      7.96e-16    1.15e+00
   5        2.1433e-12   7.15e-15          2.1524e-12      7.91e-16    1.16e+00
   5        2.1593e-12   7.05e-15          2.1525e-12      7.86e-16    1.16e+00
   5        2.1536e-12   7.20e-15          2.1525e-12      7.82e-16    1.13e+00
   5        2.1579e-12   7.35e-15          2.1526e-12      7.77e-16    1.11e+00
   5        2.1535e-12   7.32e-15          2.1526e-12      7.73e-16    1.09e+00
   5        2.1706e-12   7.44e-15          2.1528e-12      7.69e-16    1.20e+00
   5        2.1563e-12   7.24e-15          2.1528e-12      7.65e-16    1.18e+00
   5        2.1472e-12   7.48e-15          2.1527e-12      7.61e-16    1.16e+00
   5        2.1515e-12   7.66e-15          2.1527e-12      7.57e-16    1.14e+00
   5        2.1629e-12   7.90e-15          2.1528e-12      7.53e-16    1.15e+00
   5        2.1369e-12   7.72e-15          2.1527e-12      7.50e-16    1.21e+00
   5        2.1705e-12   8.07e-15          2.1528e-12      7.47e-16    1.29e+00
   5        2.1668e-12   7.80e-15          2.1530e-12      7.43e-16    1.33e+00
   5        2.1510e-12   7.83e-15          2.1529e-12      7.40e-16    1.30e+00
   5        2.1347e-12   7.76e-15          2.1528e-12      7.37e-16    1.38e+00
   5        2.1520e-12   7.93e-15          2.1528e-12      7.33e-16    1.36e+00
   5        2.1569e-12   8.36e-15          2.1528e-12      7.31e-16    1.34e+00
   5        2.1660e-12   7.89e-15          2.1529e-12      7.27e-16    1.36e+00
LO = (2.1529101e-12 +- 7.2747453e-16) pb

*******************************************
* virtual corrections + integrated dipole *
*******************************************
The limits of integration are:

xl[0]=0.000000    xu[0]=1.000000
xl[1]=0.000000    xu[1]=1.000000
xl[2]=0.000000    xu[2]=1.000000

num_dim=3, calls=240, it_num=1, max_it_num=5 verb=0, alph=1.50,
mode=0, bins=50, boxes=1

       single.......iteration                   accumulated......results   
iteration     integral    sigma             integral         sigma     chi-sq/it

   1        2.7323e-13   2.81e-14          2.7323e-13      2.81e-14    0.00e+00
   2        2.8258e-13   1.47e-14          2.8058e-13      1.30e-14    8.71e-02
   3        3.0488e-13   7.83e-15          2.9842e-13      6.71e-15    1.32e+00
   4        2.9998e-13   5.25e-15          2.9939e-13      4.14e-15    8.93e-01
   5        3.1200e-13   6.85e-15          3.0276e-13      3.54e-15    1.29e+00

num_dim=3, calls=1200, it_num=1, max_it_num=3 verb=0, alph=1.50,
mode=0, bins=50, boxes=1

       single.......iteration                   accumulated......results   
iteration     integral    sigma             integral         sigma     chi-sq/it

   1        2.9586e-13   2.92e-15          2.9586e-13      2.92e-15    0.00e+00
   2        3.0232e-13   2.38e-15          2.9975e-13      1.84e-15    2.94e+00
   3        3.0028e-13   2.19e-15          2.9997e-13      1.41e-15    1.49e+00
   3        3.0449e-13   2.17e-15          3.0132e-13      1.18e-15    2.01e+00
   3        2.9898e-13   2.22e-15          3.0080e-13      1.04e-15    1.72e+00
   3        3.0200e-13   2.15e-15          3.0103e-13      9.39e-16    1.43e+00
   3        2.9897e-13   2.43e-15          3.0076e-13      8.76e-16    1.30e+00
   3        3.0355e-13   2.32e-15          3.0111e-13      8.20e-16    1.29e+00
   3        3.0236e-13   2.18e-15          3.0126e-13      7.67e-16    1.17e+00
   3        3.0056e-13   2.24e-15          3.0119e-13      7.26e-16    1.05e+00
   3        2.9885e-13   2.31e-15          3.0098e-13      6.92e-16    1.03e+00
vNLO = (3.0098009e-13 +- 6.9240635e-16) pb

*****************************
* collinear remainder (P+K) *
*****************************
The limits of integration are:

xl[0]=0.000000    xu[0]=1.000000
xl[1]=0.000000    xu[1]=1.000000
xl[2]=0.000000    xu[2]=1.000000
xl[3]=0.000000    xu[3]=1.000000

num_dim=4, calls=2500, it_num=1, max_it_num=5 verb=0, alph=1.50,
mode=0, bins=50, boxes=1

       single.......iteration                   accumulated......results   
iteration     integral    sigma             integral         sigma     chi-sq/it

   1        3.1638e-13   1.92e-14          3.1638e-13      1.92e-14    0.00e+00
   2        3.2231e-13   7.14e-15          3.2158e-13      6.69e-15    8.41e-02
   3        3.2010e-13   5.66e-15          3.2072e-13      4.32e-15    5.64e-02
   4        3.2395e-13   5.23e-15          3.2203e-13      3.33e-15    1.13e-01
   5        3.2704e-13   5.41e-15          3.2341e-13      2.84e-15    2.40e-01

num_dim=4, calls=25000, it_num=1, max_it_num=3 verb=0, alph=1.50,
mode=0, bins=50, boxes=1

       single.......iteration                   accumulated......results   
iteration     integral    sigma             integral         sigma     chi-sq/it

   1        3.2812e-13   1.68e-15          3.2812e-13      1.68e-15    0.00e+00
   2        3.2732e-13   1.65e-15          3.2771e-13      1.17e-15    1.14e-01
   3        3.2307e-13   1.65e-15          3.2615e-13      9.57e-16    2.68e+00
   3        3.2610e-13   1.66e-15          3.2614e-13      8.30e-16    1.79e+00
   3        3.2414e-13   1.65e-15          3.2573e-13      7.41e-16    1.63e+00
   3        3.2360e-13   1.65e-15          3.2538e-13      6.76e-16    1.58e+00
   3        3.2476e-13   1.67e-15          3.2529e-13      6.27e-16    1.34e+00
P+K = (3.2528964e-13 +- 6.2666552e-16) pb

********************************
* real gluon emission - dipole *
********************************
The limits of integration are:

xl[0]=0.000000    xu[0]=1.000000
xl[1]=0.000000    xu[1]=1.000000
xl[2]=0.000000    xu[2]=1.000000
xl[3]=0.000000    xu[3]=1.000000
xl[4]=0.000000    xu[4]=1.000000
xl[5]=0.000000    xu[5]=1.000000

num_dim=6, calls=250, it_num=1, max_it_num=5 verb=0, alph=1.50,
mode=0, bins=50, boxes=1

       single.......iteration                   accumulated......results   
iteration     integral    sigma             integral         sigma     chi-sq/it

   1        -7.8680e-15   2.51e-15          -7.8680e-15      2.51e-15    0.00e+00
   2        -9.1895e-15   2.21e-15          -8.6119e-15      1.66e-15    1.56e-01
   3        -5.3104e-15   5.80e-16          -5.6694e-15      5.47e-16    1.84e+00
   4        -6.6117e-15   5.45e-16          -6.1425e-15      3.86e-16    1.72e+00
   5        -7.4578e-15   5.83e-16          -6.5440e-15      3.22e-16    2.18e+00

num_dim=6, calls=2500, it_num=1, max_it_num=3 verb=0, alph=1.50,
mode=0, bins=50, boxes=1

       single.......iteration                   accumulated......results   
iteration     integral    sigma             integral         sigma     chi-sq/it

   1        -6.8668e-15   1.55e-16          -6.8668e-15      1.55e-16    0.00e+00
   2        -6.7047e-15   1.00e-16          -6.7527e-15      8.42e-17    7.72e-01
   3        -6.8938e-15   1.01e-16          -6.8107e-15      6.47e-17    9.62e-01
rNLOg = (-6.8106897e-15 +- 6.4655877e-17) pb

**************************************************
* real light quark emission - dipole - (onshell) *
**************************************************
The limits of integration are:

xl[0]=0.000000    xu[0]=1.000000
xl[1]=0.000000    xu[1]=1.000000
xl[2]=0.000000    xu[2]=1.000000
xl[3]=0.000000    xu[3]=1.000000
xl[4]=0.000000    xu[4]=1.000000
xl[5]=0.000000    xu[5]=1.000000

num_dim=6, calls=5000, it_num=1, max_it_num=5 verb=0, alph=1.50,
mode=0, bins=50, boxes=1

       single.......iteration                   accumulated......results   
iteration     integral    sigma             integral         sigma     chi-sq/it

   1        1.8778e-14   1.62e-15          1.8778e-14      1.62e-15    0.00e+00
   2        2.0263e-14   4.94e-16          2.0137e-14      4.72e-16    7.67e-01
   3        1.9291e-14   2.27e-16          1.9451e-14      2.05e-16    1.69e+00
   4        1.9067e-14   1.75e-16          1.9229e-14      1.33e-16    1.80e+00
   5        1.9286e-14   1.59e-16          1.9252e-14      1.02e-16    1.37e+00

num_dim=6, calls=50000, it_num=1, max_it_num=5 verb=0, alph=1.50,
mode=0, bins=50, boxes=1

       single.......iteration                   accumulated......results   
iteration     integral    sigma             integral         sigma     chi-sq/it

   1        1.9225e-14   4.93e-17          1.9225e-14      4.93e-17    0.00e+00
   2        1.9334e-14   5.65e-17          1.9272e-14      3.72e-17    2.12e+00
   3        1.9409e-14   5.98e-17          1.9310e-14      3.16e-17    2.95e+00
   4        1.9307e-14   5.70e-17          1.9309e-14      2.76e-17    1.97e+00
   5        1.9341e-14   5.94e-17          1.9315e-14      2.50e-17    1.53e+00
   5        1.9292e-14   5.23e-17          1.9311e-14      2.26e-17    1.26e+00
rNLOq = (1.9310761e-14 +- 2.2584041e-17) pb
NLO = (2.7916799e-12 +- 1.1857680e-15) pb
#chisq/dof = 5.5024e-09
#status = success
#chisq/dof = 7.45752e-09
#status = success
#chisq/dof = 4.91343e-10
#status = success
#chisq/dof = 6.33201e-10
#status = success
#chisq/dof = 1.71715e-10
#status = success
#chisq/dof = 4.117e-12
#status = success
#chisq/dof = 2.82959e-10
#status = success
#chisq/dof = 8.91885e-11
#status = success

*******************************************************
* threshold resummation (unimproved nnll) - expansion *
*******************************************************
The limits of integration are:

xl[0]=0.000000    xu[0]=1.000000
xl[1]=0.000000    xu[1]=1.000000
xl[2]=0.000000    xu[2]=1.000000

num_dim=3, calls=7000, it_num=1, max_it_num=5 verb=0, alph=1.50,
mode=0, bins=50, boxes=1

       single.......iteration                   accumulated......results   
iteration     integral    sigma             integral         sigma     chi-sq/it

   1        -4.0736e-14   7.67e-14          -4.0736e-14      7.67e-14    0.00e+00
   2        -8.5454e-15   2.90e-14          -1.2575e-14      2.71e-14    1.54e-01
   3        2.9929e-14   2.68e-14          8.9588e-15      1.91e-14    6.98e-01
   4        6.3477e-14   2.66e-14          2.7491e-14      1.55e-14    1.39e+00
   5        4.6314e-14   2.64e-14          3.2321e-14      1.34e-14    1.14e+00

num_dim=3, calls=35000, it_num=1, max_it_num=5 verb=0, alph=1.50,
mode=0, bins=50, boxes=1

       single.......iteration                   accumulated......results   
iteration     integral    sigma             integral         sigma     chi-sq/it

   1        2.7763e-15   1.17e-14          2.7763e-15      1.17e-14    0.00e+00
   2        2.3583e-14   1.17e-14          1.3194e-14      8.30e-15    1.57e+00
   3        8.8047e-16   1.18e-14          9.1211e-15      6.79e-15    1.15e+00
   4        2.0931e-14   1.18e-14          1.2061e-14      5.88e-15    1.02e+00
   5        1.7612e-14   1.18e-14          1.3161e-14      5.27e-15    8.07e-01
   5        1.4143e-14   1.19e-14          1.3323e-14      4.82e-15    6.47e-01
   5        2.5423e-14   1.19e-14          1.5017e-14      4.47e-15    6.86e-01
   5        -1.3782e-14   1.20e-14          1.1495e-14      4.18e-15    1.31e+00
   5        2.8265e-14   1.20e-14          1.3319e-14      3.95e-15    1.37e+00
   5        1.1280e-17   1.20e-14          1.2016e-14      3.75e-15    1.34e+00
   5        7.8830e-15   1.20e-14          1.1646e-14      3.58e-15    1.22e+00
   5        2.4843e-14   1.21e-14          1.2711e-14      3.43e-15    1.21e+00
   5        8.6070e-15   1.21e-14          1.2405e-14      3.30e-15    1.11e+00
   5        4.2681e-14   1.20e-14          1.4535e-14      3.18e-15    1.48e+00
   5        1.7699e-14   1.21e-14          1.4738e-14      3.08e-15    1.38e+00
   5        2.2112e-14   1.21e-14          1.5186e-14      2.98e-15    1.31e+00
   5        3.5170e-14   1.21e-14          1.6325e-14      2.90e-15    1.39e+00
   5        -9.9424e-15   1.20e-14          1.4883e-14      2.82e-15    1.58e+00
   5        9.2179e-15   1.21e-14          1.4591e-14      2.74e-15    1.50e+00
   5        -4.6054e-15   1.21e-14          1.3657e-14      2.68e-15    1.55e+00
   5        1.8608e-14   1.22e-14          1.3886e-14      2.61e-15    1.48e+00
   5        1.6109e-14   1.22e-14          1.3984e-14      2.56e-15    1.41e+00
   5        2.7042e-14   1.22e-14          1.4532e-14      2.50e-15    1.39e+00
   5        2.1080e-14   1.23e-14          1.4794e-14      2.45e-15    1.34e+00
   5        2.5728e-15   1.22e-14          1.4318e-14      2.40e-15    1.33e+00
   5        3.4020e-14   1.22e-14          1.5056e-14      2.36e-15    1.38e+00
   5        7.0667e-15   1.21e-14          1.4766e-14      2.31e-15    1.34e+00
   5        2.5639e-14   1.23e-14          1.5139e-14      2.27e-15    1.32e+00
   5        3.5882e-14   1.22e-14          1.5837e-14      2.23e-15    1.37e+00
   5        2.7052e-14   1.24e-14          1.6192e-14      2.20e-15    1.35e+00
   5        2.0625e-14   1.22e-14          1.6332e-14      2.16e-15    1.31e+00
   5        2.7224e-14   1.23e-14          1.6659e-14      2.13e-15    1.29e+00
   5        1.0975e-14   1.24e-14          1.6495e-14      2.10e-15    1.26e+00
   5        2.9783e-14   1.22e-14          1.6876e-14      2.07e-15    1.26e+00
   5        2.9923e-14   1.24e-14          1.7231e-14      2.04e-15    1.25e+00
   5        1.6516e-14   1.23e-14          1.7211e-14      2.01e-15    1.21e+00
   5        2.5357e-15   1.24e-14          1.6832e-14      1.99e-15    1.22e+00
   5        1.1358e-14   1.23e-14          1.6693e-14      1.96e-15    1.19e+00
   5        1.6966e-14   1.24e-14          1.6700e-14      1.94e-15    1.16e+00
   5        2.6627e-14   1.24e-14          1.6935e-14      1.92e-15    1.15e+00
   5        2.0057e-14   1.25e-14          1.7007e-14      1.89e-15    1.12e+00
   5        2.6532e-15   1.26e-14          1.6689e-14      1.87e-15    1.12e+00
   5        1.8841e-14   1.25e-14          1.6736e-14      1.85e-15    1.10e+00
   5        1.3919e-14   1.24e-14          1.6675e-14      1.83e-15    1.07e+00
   5        2.1866e-14   1.25e-14          1.6784e-14      1.81e-15    1.05e+00
   5        2.7316e-15   1.24e-14          1.6492e-14      1.79e-15    1.06e+00
   5        8.2107e-15   1.25e-14          1.6325e-14      1.77e-15    1.04e+00
   5        1.9970e-14   1.26e-14          1.6396e-14      1.76e-15    1.02e+00
   5        2.9166e-14   1.25e-14          1.6643e-14      1.74e-15    1.02e+00
   5        -1.1973e-14   1.26e-14          1.6108e-14      1.72e-15    1.10e+00
   5        2.1445e-14   1.25e-14          1.6208e-14      1.71e-15    1.09e+00
   5        4.3015e-14   1.27e-14          1.6687e-14      1.69e-15    1.15e+00
   5        2.5141e-14   1.27e-14          1.6835e-14      1.68e-15    1.14e+00
   5        2.9260e-14   1.27e-14          1.7050e-14      1.66e-15    1.13e+00
   5        2.5420e-14   1.26e-14          1.7192e-14      1.65e-15    1.12e+00
aNNLO+NNLL = (2.8088722e-12 +- 2.0307081e-15) pb

Results:
LO = (2.1533080e-12 +- 1.3682984e-15) pb
NLO = (2.7916799e-12 +- 1.1857680e-15) pb
aNNLO+NNLL = (2.8088722e-12 +- 2.0307081e-15) pb
Thanks for using LHAPDF 6.2.3. Please make sure to cite the paper:
  Eur.Phys.J. C75 (2015) 3, 132  (http://arxiv.org/abs/1412.7420)
 ====================================================
   FF 2.0, a package to evaluate one-loop integrals
 written by G. J. van Oldenborgh, NIKHEF-H, Amsterdam
 ====================================================
 for the algorithms used see preprint NIKHEF-H 89/17,
 'New Algorithms for One-loop Integrals', by G.J. van
 Oldenborgh and J.A.M. Vermaseren, published in 
 Zeitschrift fuer Physik C46(1990)425.
 ====================================================
 
total number of errors and warnings
===================================
fferr: no errors
 
