
  Welcome to Resummino git-latest
  Copyright 2008-2010 Jonathan Debove.
  Copyright 2011-2014 David R. Lamprea.
  Copyright 2011-2016 Marcel Rothering.

  Licensed under the EUPL 1.1 or later.
  See http://www.resummino.org/ for more information.

  If using Resummino for slepton pair production, please cite.
  - G. Bozzi, B. Fuks, M. Klasen, PRD 74, 015001 (2006); NPB 777, 157 (2007); NPB 794, 46 (2007).
  - B. Fuks, M. Klasen, D. R. Lamprea, M. Rothering, EPJC 73, 2480 (2013).

  For gaugino pair production, please cite:
  - J. Debove, B. Fuks, M. Klasen, PLB 688, 208 (2010); NPB 842, 51 (2011); NPB 849, 64 (2011).
  - B. Fuks, M. Klasen, D. R. Lamprea, M. Rothering, JHEP 1210, 081 (2012); EPJC 73, 2480 (2013).

  For associated gaugino gluino production, please cite:
  - B. Fuks, M. Klasen, M. Rothering, JHEP 07:053, (2016).
  - B. Fuks, M. Klasen, D. R. Lamprea, M. Rothering, EPJC 73, 2480 (2013).

LHAPDF 6.2.3 loading /pool/condor/dir_33018/resummino-releases/lhapdf-prefix/share/LHAPDF/PDF4LHC21_40/PDF4LHC21_40_0000.dat
PDF4LHC21_40 PDF set, member #0, version 1
 alpha_s(M_Z^2) = 0.1180 	 for LO PDF set 
 alpha_s(2000.000^2) = 0.0807 	 for LO PDF set 

********************
* LO cross section *
********************
The limits of integration are:

xl[0]=0.000000    xu[0]=1.000000
xl[1]=0.000000    xu[1]=1.000000
xl[2]=0.000000    xu[2]=1.000000

num_dim=3, calls=2000, it_num=1, max_it_num=5 verb=0, alph=1.50,
mode=0, bins=50, boxes=1

       single.......iteration                   accumulated......results   
iteration     integral    sigma             integral         sigma     chi-sq/it

   1        1.2799e-14   3.81e-16          1.2799e-14      3.81e-16    0.00e+00
   2        1.3673e-14   1.41e-16          1.3568e-14      1.32e-16    4.63e+00
   3        1.3737e-14   7.57e-17          1.3695e-14      6.57e-17    2.93e+00
   4        1.3599e-14   7.25e-17          1.3652e-14      4.87e-17    2.28e+00
   5        1.3678e-14   6.85e-17          1.3661e-14      3.97e-17    1.73e+00

num_dim=3, calls=20000, it_num=1, max_it_num=5 verb=0, alph=1.50,
mode=0, bins=50, boxes=1

       single.......iteration                   accumulated......results   
iteration     integral    sigma             integral         sigma     chi-sq/it

   1        1.3679e-14   2.21e-17          1.3679e-14      2.21e-17    0.00e+00
   2        1.3683e-14   2.14e-17          1.3681e-14      1.54e-17    1.22e-02
   3        1.3669e-14   2.01e-17          1.3676e-14      1.22e-17    1.27e-01
   4        1.3680e-14   2.15e-17          1.3677e-14      1.06e-17    9.04e-02
   5        1.3634e-14   2.25e-17          1.3669e-14      9.61e-18    8.06e-01
LO = (1.3669389e-14 +- 9.6071105e-18) pb
LHAPDF 6.2.3 loading /pool/condor/dir_33018/resummino-releases/lhapdf-prefix/share/LHAPDF/PDF4LHC21_40/PDF4LHC21_40_0034.dat
PDF4LHC21_40 PDF set, member #34, version 1
 alpha_s(M_Z^2) = 0.1180 	 for NLO PDF set 
 alpha_s(2000.000^2) = 0.0807 	 for NLO PDF set 

********************
* LO cross section *
********************
The limits of integration are:

xl[0]=0.000000    xu[0]=1.000000
xl[1]=0.000000    xu[1]=1.000000
xl[2]=0.000000    xu[2]=1.000000

num_dim=3, calls=2000, it_num=1, max_it_num=5 verb=0, alph=1.50,
mode=0, bins=50, boxes=1

       single.......iteration                   accumulated......results   
iteration     integral    sigma             integral         sigma     chi-sq/it

   1        1.9303e-14   5.32e-16          1.9303e-14      5.32e-16    0.00e+00
   2        2.0054e-14   2.01e-16          1.9960e-14      1.88e-16    1.74e+00
   3        2.0302e-14   1.20e-16          2.0204e-14      1.01e-16    2.05e+00
   4        1.9977e-14   1.17e-16          2.0106e-14      7.64e-17    2.08e+00
   5        2.0061e-14   1.16e-16          2.0093e-14      6.38e-17    1.59e+00

num_dim=3, calls=20000, it_num=1, max_it_num=5 verb=0, alph=1.50,
mode=0, bins=50, boxes=1

       single.......iteration                   accumulated......results   
iteration     integral    sigma             integral         sigma     chi-sq/it

   1        2.0175e-14   3.58e-17          2.0175e-14      3.58e-17    0.00e+00
   2        2.0189e-14   3.51e-17          2.0182e-14      2.51e-17    7.76e-02
   3        2.0184e-14   3.41e-17          2.0183e-14      2.02e-17    3.94e-02
   4        2.0182e-14   3.60e-17          2.0183e-14      1.76e-17    2.63e-02
   5        2.0131e-14   3.65e-17          2.0173e-14      1.59e-17    4.35e-01
   5        2.0116e-14   3.65e-17          2.0164e-14      1.45e-17    7.56e-01
   5        2.0186e-14   3.63e-17          2.0167e-14      1.35e-17    6.86e-01
   5        2.0121e-14   3.71e-17          2.0162e-14      1.27e-17    7.81e-01
   5        2.0156e-14   3.77e-17          2.0161e-14      1.20e-17    6.86e-01
   5        2.0097e-14   3.85e-17          2.0155e-14      1.15e-17    8.93e-01
   5        2.0128e-14   3.96e-17          2.0153e-14      1.10e-17    8.47e-01
   5        2.0183e-14   4.06e-17          2.0155e-14      1.06e-17    8.16e-01
   5        2.0195e-14   4.21e-17          2.0158e-14      1.03e-17    8.18e-01
   5        2.0159e-14   4.46e-17          2.0158e-14      1.01e-17    7.56e-01
   5        2.0164e-14   4.66e-17          2.0158e-14      9.82e-18    7.03e-01
   5        2.0099e-14   4.83e-17          2.0156e-14      9.63e-18    7.53e-01
   5        2.0091e-14   4.88e-17          2.0153e-14      9.45e-18    8.12e-01
   5        2.0175e-14   5.00e-17          2.0154e-14      9.28e-18    7.74e-01
   5        2.0199e-14   5.32e-17          2.0155e-14      9.14e-18    7.71e-01
   5        2.0182e-14   5.39e-17          2.0156e-14      9.01e-18    7.43e-01
   5        2.0095e-14   5.69e-17          2.0155e-14      8.90e-18    7.62e-01
   5        2.0183e-14   5.78e-17          2.0155e-14      8.80e-18    7.37e-01
   5        2.0209e-14   5.87e-17          2.0156e-14      8.70e-18    7.41e-01
   5        2.0147e-14   6.13e-17          2.0156e-14      8.62e-18    7.10e-01
   5        2.0222e-14   6.06e-17          2.0158e-14      8.53e-18    7.28e-01
   5        2.0052e-14   5.98e-17          2.0155e-14      8.44e-18    8.21e-01
   5        2.0274e-14   6.17e-17          2.0158e-14      8.37e-18    9.28e-01
   5        2.0151e-14   6.21e-17          2.0157e-14      8.29e-18    8.94e-01
   5        2.0141e-14   6.49e-17          2.0157e-14      8.22e-18    8.64e-01
   5        2.0185e-14   6.25e-17          2.0158e-14      8.15e-18    8.41e-01
   5        2.0129e-14   6.20e-17          2.0157e-14      8.09e-18    8.20e-01
   5        2.0146e-14   6.34e-17          2.0157e-14      8.02e-18    7.95e-01
   5        2.0232e-14   6.36e-17          2.0158e-14      7.96e-18    8.13e-01
   5        2.0116e-14   6.63e-17          2.0158e-14      7.90e-18    8.01e-01
   5        2.0013e-14   6.68e-17          2.0156e-14      7.85e-18    9.13e-01
   5        2.0223e-14   6.89e-17          2.0156e-14      7.80e-18    9.15e-01
   5        2.0028e-14   6.85e-17          2.0155e-14      7.75e-18    9.86e-01
   5        2.0076e-14   6.91e-17          2.0154e-14      7.70e-18    9.94e-01
   5        2.0213e-14   6.87e-17          2.0155e-14      7.65e-18    9.87e-01
   5        2.0115e-14   7.04e-17          2.0154e-14      7.60e-18    9.70e-01
   5        2.0153e-14   7.13e-17          2.0154e-14      7.56e-18    9.46e-01
   5        2.0106e-14   7.19e-17          2.0154e-14      7.52e-18    9.33e-01
   5        2.0294e-14   7.47e-17          2.0155e-14      7.48e-18    9.94e-01
   5        2.0199e-14   7.18e-17          2.0155e-14      7.44e-18    9.80e-01
   5        2.0051e-14   7.16e-17          2.0154e-14      7.40e-18    1.01e+00
   5        2.0141e-14   7.13e-17          2.0154e-14      7.36e-18    9.84e-01
   5        2.0219e-14   7.26e-17          2.0155e-14      7.33e-18    9.79e-01
   5        1.9979e-14   7.37e-17          2.0153e-14      7.29e-18    1.08e+00
   5        2.0275e-14   7.51e-17          2.0154e-14      7.26e-18    1.11e+00
   5        2.0264e-14   7.74e-17          2.0155e-14      7.22e-18    1.13e+00
   5        2.0160e-14   7.79e-17          2.0155e-14      7.19e-18    1.11e+00
   5        2.0039e-14   7.95e-17          2.0154e-14      7.16e-18    1.13e+00
   5        2.0177e-14   7.83e-17          2.0155e-14      7.13e-18    1.11e+00
   5        2.0179e-14   7.79e-17          2.0155e-14      7.10e-18    1.09e+00
   5        2.0242e-14   7.37e-17          2.0156e-14      7.07e-18    1.09e+00
LO = (2.0155524e-14 +- 7.0710561e-18) pb

*******************************************
* virtual corrections + integrated dipole *
*******************************************
The limits of integration are:

xl[0]=0.000000    xu[0]=1.000000
xl[1]=0.000000    xu[1]=1.000000
xl[2]=0.000000    xu[2]=1.000000

num_dim=3, calls=240, it_num=1, max_it_num=5 verb=0, alph=1.50,
mode=0, bins=50, boxes=1

       single.......iteration                   accumulated......results   
iteration     integral    sigma             integral         sigma     chi-sq/it

   1        2.1250e-15   1.76e-16          2.1250e-15      1.76e-16    0.00e+00
   2        2.2423e-15   9.70e-17          2.2149e-15      8.49e-17    3.42e-01
   3        2.4550e-15   6.44e-17          2.3673e-15      5.13e-17    2.71e+00
   4        2.4874e-15   5.14e-17          2.4273e-15      3.63e-17    2.72e+00
   5        2.4758e-15   5.13e-17          2.4435e-15      2.96e-17    2.19e+00

num_dim=3, calls=1200, it_num=1, max_it_num=3 verb=0, alph=1.50,
mode=0, bins=50, boxes=1

       single.......iteration                   accumulated......results   
iteration     integral    sigma             integral         sigma     chi-sq/it

   1        2.3820e-15   2.38e-17          2.3820e-15      2.38e-17    0.00e+00
   2        2.4238e-15   1.90e-17          2.4075e-15      1.49e-17    1.88e+00
   3        2.4215e-15   1.83e-17          2.4130e-15      1.16e-17    1.12e+00
   3        2.4615e-15   1.83e-17          2.4269e-15      9.77e-18    2.42e+00
   3        2.3997e-15   1.95e-17          2.4214e-15      8.74e-18    2.20e+00
   3        2.4262e-15   1.89e-17          2.4223e-15      7.94e-18    1.77e+00
   3        2.4052e-15   1.88e-17          2.4197e-15      7.31e-18    1.59e+00
   3        2.4349e-15   1.82e-17          2.4218e-15      6.79e-18    1.45e+00
   3        2.4391e-15   1.87e-17          2.4238e-15      6.38e-18    1.36e+00
   3        2.4256e-15   1.84e-17          2.4240e-15      6.02e-18    1.21e+00
   3        2.4176e-15   1.88e-17          2.4234e-15      5.74e-18    1.10e+00
   3        2.4363e-15   1.93e-17          2.4245e-15      5.50e-18    1.04e+00
   3        2.4441e-15   1.96e-17          2.4259e-15      5.30e-18    1.03e+00
   3        2.4187e-15   1.92e-17          2.4254e-15      5.10e-18    9.61e-01
   3        2.4318e-15   2.02e-17          2.4258e-15      4.95e-18    8.99e-01
   3        2.4069e-15   1.95e-17          2.4246e-15      4.80e-18    8.98e-01
   3        2.4316e-15   1.99e-17          2.4250e-15      4.66e-18    8.49e-01
   3        2.4463e-15   2.17e-17          2.4260e-15      4.56e-18    8.53e-01
   3        2.4307e-15   1.91e-17          2.4262e-15      4.43e-18    8.09e-01
vNLO = (2.4262197e-15 +- 4.4342148e-18) pb

*****************************
* collinear remainder (P+K) *
*****************************
The limits of integration are:

xl[0]=0.000000    xu[0]=1.000000
xl[1]=0.000000    xu[1]=1.000000
xl[2]=0.000000    xu[2]=1.000000
xl[3]=0.000000    xu[3]=1.000000

num_dim=4, calls=2500, it_num=1, max_it_num=5 verb=0, alph=1.50,
mode=0, bins=50, boxes=1

       single.......iteration                   accumulated......results   
iteration     integral    sigma             integral         sigma     chi-sq/it

   1        3.4780e-15   1.67e-16          3.4780e-15      1.67e-16    0.00e+00
   2        3.4814e-15   6.92e-17          3.4809e-15      6.39e-17    3.55e-04
   3        3.4963e-15   5.45e-17          3.4898e-15      4.15e-17    1.70e-02
   4        3.5100e-15   5.29e-17          3.4975e-15      3.26e-17    4.14e-02
   5        3.5579e-15   5.24e-17          3.5144e-15      2.77e-17    2.70e-01

num_dim=4, calls=25000, it_num=1, max_it_num=3 verb=0, alph=1.50,
mode=0, bins=50, boxes=1

       single.......iteration                   accumulated......results   
iteration     integral    sigma             integral         sigma     chi-sq/it

   1        3.5453e-15   1.63e-17          3.5453e-15      1.63e-17    0.00e+00
   2        3.5509e-15   1.61e-17          3.5481e-15      1.15e-17    5.94e-02
   3        3.5180e-15   1.63e-17          3.5382e-15      9.39e-18    1.17e+00
   3        3.5305e-15   1.64e-17          3.5363e-15      8.15e-18    8.36e-01
   3        3.5022e-15   1.65e-17          3.5296e-15      7.30e-18    1.49e+00
   3        3.5024e-15   1.65e-17          3.5251e-15      6.68e-18    1.65e+00
   3        3.5069e-15   1.63e-17          3.5225e-15      6.18e-18    1.55e+00
   3        3.5210e-15   1.64e-17          3.5223e-15      5.78e-18    1.33e+00
   3        3.5283e-15   1.67e-17          3.5229e-15      5.46e-18    1.18e+00
   3        3.5189e-15   1.67e-17          3.5226e-15      5.19e-18    1.05e+00
   3        3.5368e-15   1.66e-17          3.5238e-15      4.96e-18    1.01e+00
   3        3.5267e-15   1.68e-17          3.5240e-15      4.75e-18    9.25e-01
   3        3.5275e-15   1.68e-17          3.5243e-15      4.57e-18    8.51e-01
   3        3.5240e-15   1.70e-17          3.5243e-15      4.42e-18    7.86e-01
P+K = (3.5242877e-15 +- 4.4155072e-18) pb

********************************
* real gluon emission - dipole *
********************************
The limits of integration are:

xl[0]=0.000000    xu[0]=1.000000
xl[1]=0.000000    xu[1]=1.000000
xl[2]=0.000000    xu[2]=1.000000
xl[3]=0.000000    xu[3]=1.000000
xl[4]=0.000000    xu[4]=1.000000
xl[5]=0.000000    xu[5]=1.000000

num_dim=6, calls=250, it_num=1, max_it_num=5 verb=0, alph=1.50,
mode=0, bins=50, boxes=1

       single.......iteration                   accumulated......results   
iteration     integral    sigma             integral         sigma     chi-sq/it

   1        -2.2967e-17   7.37e-18          -2.2967e-17      7.37e-18    0.00e+00
   2        -3.0380e-17   6.91e-18          -2.6913e-17      5.04e-18    5.39e-01
   3        -1.8626e-17   2.33e-18          -2.0090e-17      2.12e-18    1.38e+00
   4        -1.9813e-17   2.55e-18          -1.9977e-17      1.63e-18    9.24e-01
   5        -2.3950e-17   2.20e-18          -2.1384e-17      1.31e-18    1.22e+00

num_dim=6, calls=2500, it_num=1, max_it_num=3 verb=0, alph=1.50,
mode=0, bins=50, boxes=1

       single.......iteration                   accumulated......results   
iteration     integral    sigma             integral         sigma     chi-sq/it

   1        -2.1327e-17   5.34e-19          -2.1327e-17      5.34e-19    0.00e+00
   2        -2.1318e-17   3.14e-19          -2.1320e-17      2.71e-19    2.22e-04
   3        -2.1507e-17   2.82e-19          -2.1410e-17      1.95e-19    1.14e-01
rNLOg = (-2.1409584e-17 +- 1.9518502e-19) pb

**************************************************
* real light quark emission - dipole - (onshell) *
**************************************************
The limits of integration are:

xl[0]=0.000000    xu[0]=1.000000
xl[1]=0.000000    xu[1]=1.000000
xl[2]=0.000000    xu[2]=1.000000
xl[3]=0.000000    xu[3]=1.000000
xl[4]=0.000000    xu[4]=1.000000
xl[5]=0.000000    xu[5]=1.000000

num_dim=6, calls=5000, it_num=1, max_it_num=5 verb=0, alph=1.50,
mode=0, bins=50, boxes=1

       single.......iteration                   accumulated......results   
iteration     integral    sigma             integral         sigma     chi-sq/it

   1        2.8887e-17   1.82e-18          2.8887e-17      1.82e-18    0.00e+00
   2        2.7660e-17   5.22e-19          2.7754e-17      5.02e-19    4.20e-01
   3        2.7259e-17   2.81e-19          2.7377e-17      2.45e-19    5.80e-01
   4        2.7145e-17   2.13e-19          2.7245e-17      1.61e-19    5.57e-01
   5        2.7232e-17   1.84e-19          2.7239e-17      1.21e-19    4.18e-01

num_dim=6, calls=50000, it_num=1, max_it_num=5 verb=0, alph=1.50,
mode=0, bins=50, boxes=1

       single.......iteration                   accumulated......results   
iteration     integral    sigma             integral         sigma     chi-sq/it

   1        2.7161e-17   5.44e-20          2.7161e-17      5.44e-20    0.00e+00
   2        2.7328e-17   7.34e-20          2.7221e-17      4.37e-20    3.34e+00
   3        2.7369e-17   7.40e-20          2.7259e-17      3.76e-20    3.16e+00
   4        2.7250e-17   5.85e-20          2.7256e-17      3.16e-20    2.11e+00
   5        2.7295e-17   6.38e-20          2.7264e-17      2.83e-20    1.66e+00
rNLOq = (2.7264017e-17 +- 2.8344452e-20) pb
NLO = (2.6111886e-14 +- 9.4444534e-18) pb
#chisq/dof = 2.03656e-09
#status = success
#chisq/dof = 1.03255e-09
#status = success
#chisq/dof = 8.24069e-10
#status = success
#chisq/dof = 4.74738e-10
#status = success
#chisq/dof = 7.24202e-11
#status = success
#chisq/dof = 3.45981e-12
#status = success
#chisq/dof = 1.84639e-10
#status = success
#chisq/dof = 1.59434e-11
#status = success

*******************************************************
* threshold resummation (unimproved nnll) - expansion *
*******************************************************
The limits of integration are:

xl[0]=0.000000    xu[0]=1.000000
xl[1]=0.000000    xu[1]=1.000000
xl[2]=0.000000    xu[2]=1.000000

num_dim=3, calls=7000, it_num=1, max_it_num=5 verb=0, alph=1.50,
mode=0, bins=50, boxes=1

       single.......iteration                   accumulated......results   
iteration     integral    sigma             integral         sigma     chi-sq/it

   1        -6.2869e-16   7.01e-16          -6.2869e-16      7.01e-16    0.00e+00
   2        8.9541e-16   3.29e-16          6.2044e-16      2.98e-16    3.88e+00
   3        -2.8935e-16   3.03e-16          1.7354e-16      2.12e-16    4.23e+00
   4        2.5490e-16   3.04e-16          2.0023e-16      1.74e-16    2.84e+00
   5        -1.2094e-16   3.03e-16          1.2054e-16      1.51e-16    2.34e+00

num_dim=3, calls=35000, it_num=1, max_it_num=5 verb=0, alph=1.50,
mode=0, bins=50, boxes=1

       single.......iteration                   accumulated......results   
iteration     integral    sigma             integral         sigma     chi-sq/it

   1        5.1396e-16   1.35e-16          5.1396e-16      1.35e-16    0.00e+00
   2        5.4024e-16   1.35e-16          5.2707e-16      9.57e-17    1.89e-02
   3        6.0200e-16   1.36e-16          5.5199e-16      7.81e-17    1.11e-01
   4        7.1212e-16   1.36e-16          5.9180e-16      6.77e-17    4.22e-01
   5        2.5535e-16   1.36e-16          5.2457e-16      6.06e-17    1.55e+00
aNNLO+NNLL = (2.6636451e-14 +- 6.1327005e-17) pb

Results:
LO = (1.3669389e-14 +- 9.6071105e-18) pb
NLO = (2.6111886e-14 +- 9.4444534e-18) pb
aNNLO+NNLL = (2.6636451e-14 +- 6.1327005e-17) pb
Thanks for using LHAPDF 6.2.3. Please make sure to cite the paper:
  Eur.Phys.J. C75 (2015) 3, 132  (http://arxiv.org/abs/1412.7420)
 ====================================================
   FF 2.0, a package to evaluate one-loop integrals
 written by G. J. van Oldenborgh, NIKHEF-H, Amsterdam
 ====================================================
 for the algorithms used see preprint NIKHEF-H 89/17,
 'New Algorithms for One-loop Integrals', by G.J. van
 Oldenborgh and J.A.M. Vermaseren, published in 
 Zeitschrift fuer Physik C46(1990)425.
 ====================================================
 
total number of errors and warnings
===================================
fferr: no errors
 
