
  Welcome to Resummino git-latest
  Copyright 2008-2010 Jonathan Debove.
  Copyright 2011-2014 David R. Lamprea.
  Copyright 2011-2016 Marcel Rothering.

  Licensed under the EUPL 1.1 or later.
  See http://www.resummino.org/ for more information.

  If using Resummino for slepton pair production, please cite.
  - G. Bozzi, B. Fuks, M. Klasen, PRD 74, 015001 (2006); NPB 777, 157 (2007); NPB 794, 46 (2007).
  - B. Fuks, M. Klasen, D. R. Lamprea, M. Rothering, EPJC 73, 2480 (2013).

  For gaugino pair production, please cite:
  - J. Debove, B. Fuks, M. Klasen, PLB 688, 208 (2010); NPB 842, 51 (2011); NPB 849, 64 (2011).
  - B. Fuks, M. Klasen, D. R. Lamprea, M. Rothering, JHEP 1210, 081 (2012); EPJC 73, 2480 (2013).

  For associated gaugino gluino production, please cite:
  - B. Fuks, M. Klasen, M. Rothering, JHEP 07:053, (2016).
  - B. Fuks, M. Klasen, D. R. Lamprea, M. Rothering, EPJC 73, 2480 (2013).

LHAPDF 6.2.3 loading /pool/condor/dir_40617/resummino-releases/lhapdf-prefix/share/LHAPDF/PDF4LHC21_40/PDF4LHC21_40_0000.dat
PDF4LHC21_40 PDF set, member #0, version 1
 alpha_s(M_Z^2) = 0.1180 	 for LO PDF set 
 alpha_s(1700.000^2) = 0.0820 	 for LO PDF set 

********************
* LO cross section *
********************
The limits of integration are:

xl[0]=0.000000    xu[0]=1.000000
xl[1]=0.000000    xu[1]=1.000000
xl[2]=0.000000    xu[2]=1.000000

num_dim=3, calls=2000, it_num=1, max_it_num=5 verb=0, alph=1.50,
mode=0, bins=50, boxes=1

       single.......iteration                   accumulated......results   
iteration     integral    sigma             integral         sigma     chi-sq/it

   1        3.3715e-14   1.06e-15          3.3715e-14      1.06e-15    0.00e+00
   2        3.6158e-14   3.83e-16          3.5875e-14      3.60e-16    4.73e+00
   3        3.6381e-14   1.94e-16          3.6267e-14      1.71e-16    3.13e+00
   4        3.6101e-14   1.81e-16          3.6189e-14      1.24e-16    2.23e+00
   5        3.6221e-14   1.72e-16          3.6200e-14      1.01e-16    1.68e+00

num_dim=3, calls=20000, it_num=1, max_it_num=5 verb=0, alph=1.50,
mode=0, bins=50, boxes=1

       single.......iteration                   accumulated......results   
iteration     integral    sigma             integral         sigma     chi-sq/it

   1        3.6198e-14   5.59e-17          3.6198e-14      5.59e-17    0.00e+00
   2        3.6197e-14   5.37e-17          3.6197e-14      3.87e-17    3.74e-04
   3        3.6199e-14   5.08e-17          3.6198e-14      3.08e-17    5.35e-04
   4        3.6219e-14   5.43e-17          3.6203e-14      2.68e-17    3.73e-02
   5        3.6082e-14   5.73e-17          3.6181e-14      2.43e-17    9.40e-01
LO = (3.6181433e-14 +- 2.4256843e-17) pb
LHAPDF 6.2.3 loading /pool/condor/dir_40617/resummino-releases/lhapdf-prefix/share/LHAPDF/PDF4LHC21_40/PDF4LHC21_40_0038.dat
PDF4LHC21_40 PDF set, member #38, version 1
 alpha_s(M_Z^2) = 0.1180 	 for NLO PDF set 
 alpha_s(1700.000^2) = 0.0820 	 for NLO PDF set 

********************
* LO cross section *
********************
The limits of integration are:

xl[0]=0.000000    xu[0]=1.000000
xl[1]=0.000000    xu[1]=1.000000
xl[2]=0.000000    xu[2]=1.000000

num_dim=3, calls=2000, it_num=1, max_it_num=5 verb=0, alph=1.50,
mode=0, bins=50, boxes=1

       single.......iteration                   accumulated......results   
iteration     integral    sigma             integral         sigma     chi-sq/it

   1        3.3304e-14   1.05e-15          3.3304e-14      1.05e-15    0.00e+00
   2        3.5777e-14   3.81e-16          3.5489e-14      3.58e-16    4.90e+00
   3        3.5995e-14   1.94e-16          3.5880e-14      1.71e-16    3.22e+00
   4        3.5720e-14   1.83e-16          3.5805e-14      1.25e-16    2.28e+00
   5        3.5808e-14   1.76e-16          3.5806e-14      1.02e-16    1.71e+00

num_dim=3, calls=20000, it_num=1, max_it_num=5 verb=0, alph=1.50,
mode=0, bins=50, boxes=1

       single.......iteration                   accumulated......results   
iteration     integral    sigma             integral         sigma     chi-sq/it

   1        3.5815e-14   5.67e-17          3.5815e-14      5.67e-17    0.00e+00
   2        3.5824e-14   5.42e-17          3.5820e-14      3.92e-17    1.23e-02
   3        3.5822e-14   5.15e-17          3.5821e-14      3.12e-17    6.50e-03
   4        3.5841e-14   5.56e-17          3.5825e-14      2.72e-17    3.78e-02
   5        3.5699e-14   5.79e-17          3.5803e-14      2.46e-17    1.01e+00
   5        3.5748e-14   5.66e-17          3.5794e-14      2.26e-17    9.60e-01
   5        3.5859e-14   5.62e-17          3.5803e-14      2.09e-17    9.96e-01
   5        3.5776e-14   5.79e-17          3.5800e-14      1.97e-17    8.80e-01
   5        3.5812e-14   5.87e-17          3.5801e-14      1.87e-17    7.75e-01
   5        3.5747e-14   5.98e-17          3.5796e-14      1.78e-17    7.73e-01
   5        3.5738e-14   6.19e-17          3.5792e-14      1.71e-17    7.77e-01
   5        3.5827e-14   6.30e-17          3.5794e-14      1.65e-17    7.32e-01
   5        3.5825e-14   6.52e-17          3.5796e-14      1.60e-17    6.89e-01
   5        3.5780e-14   6.96e-17          3.5795e-14      1.56e-17    6.40e-01
   5        3.5781e-14   7.25e-17          3.5795e-14      1.53e-17    5.97e-01
   5        3.5762e-14   7.62e-17          3.5793e-14      1.50e-17    5.69e-01
   5        3.5675e-14   7.51e-17          3.5789e-14      1.47e-17    6.84e-01
   5        3.5923e-14   7.75e-17          3.5794e-14      1.44e-17    8.13e-01
   5        3.5856e-14   8.26e-17          3.5795e-14      1.42e-17    7.99e-01
   5        3.5783e-14   8.44e-17          3.5795e-14      1.40e-17    7.58e-01
   5        3.5695e-14   8.83e-17          3.5793e-14      1.38e-17    7.83e-01
   5        3.5757e-14   9.10e-17          3.5792e-14      1.37e-17    7.53e-01
   5        3.5913e-14   9.22e-17          3.5794e-14      1.35e-17    7.96e-01
   5        3.5793e-14   1.00e-16          3.5794e-14      1.34e-17    7.62e-01
   5        3.5854e-14   1.01e-16          3.5795e-14      1.33e-17    7.44e-01
   5        3.5714e-14   1.05e-16          3.5794e-14      1.32e-17    7.38e-01
   5        3.5989e-14   1.13e-16          3.5797e-14      1.31e-17    8.21e-01
   5        3.5784e-14   1.05e-16          3.5797e-14      1.30e-17    7.91e-01
   5        3.5751e-14   1.06e-16          3.5796e-14      1.29e-17    7.70e-01
   5        3.5834e-14   1.11e-16          3.5796e-14      1.28e-17    7.47e-01
   5        3.5821e-14   1.12e-16          3.5797e-14      1.27e-17    7.24e-01
   5        3.5718e-14   1.16e-16          3.5796e-14      1.27e-17    7.15e-01
   5        3.5884e-14   1.18e-16          3.5797e-14      1.26e-17    7.10e-01
   5        3.5742e-14   1.24e-16          3.5796e-14      1.25e-17    6.94e-01
   5        3.5638e-14   1.23e-16          3.5795e-14      1.25e-17    7.22e-01
   5        3.5935e-14   1.27e-16          3.5796e-14      1.24e-17    7.35e-01
   5        3.5421e-14   1.27e-16          3.5792e-14      1.23e-17    9.55e-01
   5        3.5554e-14   1.28e-16          3.5790e-14      1.23e-17    1.02e+00
   5        3.5903e-14   1.30e-16          3.5791e-14      1.22e-17    1.01e+00
   5        3.5752e-14   1.33e-16          3.5791e-14      1.22e-17    9.90e-01
   5        3.5805e-14   1.26e-16          3.5791e-14      1.21e-17    9.66e-01
   5        3.5709e-14   1.28e-16          3.5790e-14      1.21e-17    9.53e-01
   5        3.6111e-14   1.33e-16          3.5793e-14      1.20e-17    1.07e+00
LO = (3.5792842e-14 +- 1.2019251e-17) pb

*******************************************
* virtual corrections + integrated dipole *
*******************************************
The limits of integration are:

xl[0]=0.000000    xu[0]=1.000000
xl[1]=0.000000    xu[1]=1.000000
xl[2]=0.000000    xu[2]=1.000000

num_dim=3, calls=240, it_num=1, max_it_num=5 verb=0, alph=1.50,
mode=0, bins=50, boxes=1

       single.......iteration                   accumulated......results   
iteration     integral    sigma             integral         sigma     chi-sq/it

   1        3.7314e-15   3.48e-16          3.7314e-15      3.48e-16    0.00e+00
   2        4.0075e-15   2.07e-16          3.9355e-15      1.78e-16    4.65e-01
   3        4.4058e-15   1.08e-16          4.2796e-15      9.20e-17    2.80e+00
   4        4.4928e-15   1.02e-16          4.3749e-15      6.84e-17    2.66e+00
   5        4.4360e-15   9.32e-17          4.3963e-15      5.52e-17    2.07e+00

num_dim=3, calls=1200, it_num=1, max_it_num=3 verb=0, alph=1.50,
mode=0, bins=50, boxes=1

       single.......iteration                   accumulated......results   
iteration     integral    sigma             integral         sigma     chi-sq/it

   1        4.3158e-15   3.94e-17          4.3158e-15      3.94e-17    0.00e+00
   2        4.3920e-15   3.14e-17          4.3624e-15      2.46e-17    2.29e+00
   3        4.3934e-15   3.24e-17          4.3737e-15      1.96e-17    1.44e+00
   3        4.4024e-15   2.82e-17          4.3831e-15      1.61e-17    1.19e+00
   3        4.3503e-15   3.20e-17          4.3765e-15      1.44e-17    1.10e+00
   3        4.3940e-15   2.88e-17          4.3800e-15      1.29e-17    9.40e-01
   3        4.3818e-15   3.12e-17          4.3802e-15      1.19e-17    7.84e-01
vNLO = (4.3802213e-15 +- 1.1891083e-17) pb

*****************************
* collinear remainder (P+K) *
*****************************
The limits of integration are:

xl[0]=0.000000    xu[0]=1.000000
xl[1]=0.000000    xu[1]=1.000000
xl[2]=0.000000    xu[2]=1.000000
xl[3]=0.000000    xu[3]=1.000000

num_dim=4, calls=2500, it_num=1, max_it_num=5 verb=0, alph=1.50,
mode=0, bins=50, boxes=1

       single.......iteration                   accumulated......results   
iteration     integral    sigma             integral         sigma     chi-sq/it

   1        5.6970e-15   3.12e-16          5.6970e-15      3.12e-16    0.00e+00
   2        5.8119e-15   1.22e-16          5.7968e-15      1.13e-16    1.18e-01
   3        5.8673e-15   9.58e-17          5.8379e-15      7.31e-17    1.72e-01
   4        5.8903e-15   9.12e-17          5.8584e-15      5.70e-17    1.82e-01
   5        5.9278e-15   8.98e-17          5.8783e-15      4.82e-17    2.43e-01

num_dim=4, calls=25000, it_num=1, max_it_num=3 verb=0, alph=1.50,
mode=0, bins=50, boxes=1

       single.......iteration                   accumulated......results   
iteration     integral    sigma             integral         sigma     chi-sq/it

   1        5.9500e-15   2.79e-17          5.9500e-15      2.79e-17    0.00e+00
   2        5.9616e-15   2.78e-17          5.9558e-15      1.97e-17    8.71e-02
   3        5.8926e-15   2.82e-17          5.9351e-15      1.61e-17    1.74e+00
   3        5.9196e-15   2.81e-17          5.9312e-15      1.40e-17    1.23e+00
   3        5.8721e-15   2.84e-17          5.9196e-15      1.26e-17    1.80e+00
   3        5.8675e-15   2.83e-17          5.9111e-15      1.15e-17    2.01e+00
   3        5.8966e-15   2.80e-17          5.9090e-15      1.06e-17    1.71e+00
   3        5.9065e-15   2.83e-17          5.9087e-15      9.94e-18    1.47e+00
P+K = (5.9086796e-15 +- 9.9412274e-18) pb

********************************
* real gluon emission - dipole *
********************************
The limits of integration are:

xl[0]=0.000000    xu[0]=1.000000
xl[1]=0.000000    xu[1]=1.000000
xl[2]=0.000000    xu[2]=1.000000
xl[3]=0.000000    xu[3]=1.000000
xl[4]=0.000000    xu[4]=1.000000
xl[5]=0.000000    xu[5]=1.000000

num_dim=6, calls=250, it_num=1, max_it_num=5 verb=0, alph=1.50,
mode=0, bins=50, boxes=1

       single.......iteration                   accumulated......results   
iteration     integral    sigma             integral         sigma     chi-sq/it

   1        -4.5373e-17   1.51e-17          -4.5373e-17      1.51e-17    0.00e+00
   2        -5.9655e-17   1.45e-17          -5.2772e-17      1.05e-17    4.66e-01
   3        -3.1237e-17   3.25e-18          -3.3134e-17      3.10e-18    2.17e+00
   4        -3.6005e-17   5.58e-18          -3.3813e-17      2.71e-18    1.51e+00
   5        -3.5982e-17   3.47e-18          -3.4636e-17      2.14e-18    1.19e+00

num_dim=6, calls=2500, it_num=1, max_it_num=3 verb=0, alph=1.50,
mode=0, bins=50, boxes=1

       single.......iteration                   accumulated......results   
iteration     integral    sigma             integral         sigma     chi-sq/it

   1        -4.1048e-17   1.62e-18          -4.1048e-17      1.62e-18    0.00e+00
   2        -4.1166e-17   8.80e-19          -4.1139e-17      7.73e-19    4.04e-03
   3        -4.1335e-17   5.47e-19          -4.1270e-17      4.47e-19    2.36e-02
rNLOg = (-4.1269760e-17 +- 4.4660330e-19) pb

**************************************************
* real light quark emission - dipole - (onshell) *
**************************************************
The limits of integration are:

xl[0]=0.000000    xu[0]=1.000000
xl[1]=0.000000    xu[1]=1.000000
xl[2]=0.000000    xu[2]=1.000000
xl[3]=0.000000    xu[3]=1.000000
xl[4]=0.000000    xu[4]=1.000000
xl[5]=0.000000    xu[5]=1.000000

num_dim=6, calls=5000, it_num=1, max_it_num=5 verb=0, alph=1.50,
mode=0, bins=50, boxes=1

       single.......iteration                   accumulated......results   
iteration     integral    sigma             integral         sigma     chi-sq/it

   1        9.1901e-17   5.61e-18          9.1901e-17      5.61e-18    0.00e+00
   2        8.9246e-17   1.61e-18          8.9449e-17      1.55e-18    2.07e-01
   3        8.7908e-17   8.68e-19          8.8277e-17      7.57e-19    4.80e-01
   4        8.7793e-17   6.57e-19          8.8001e-17      4.96e-19    3.98e-01
   5        8.7816e-17   5.97e-19          8.7925e-17      3.82e-19    3.13e-01

num_dim=6, calls=50000, it_num=1, max_it_num=5 verb=0, alph=1.50,
mode=0, bins=50, boxes=1

       single.......iteration                   accumulated......results   
iteration     integral    sigma             integral         sigma     chi-sq/it

   1        8.7852e-17   1.80e-19          8.7852e-17      1.80e-19    0.00e+00
   2        8.8436e-17   2.55e-19          8.8047e-17      1.47e-19    3.50e+00
   3        8.8553e-17   2.52e-19          8.8176e-17      1.27e-19    3.26e+00
   4        8.8085e-17   2.00e-19          8.8150e-17      1.07e-19    2.22e+00
   5        8.8317e-17   2.28e-19          8.8180e-17      9.70e-20    1.78e+00
rNLOq = (8.8179983e-17 +- 9.6981339e-20) pb
NLO = (4.6128653e-14 +- 1.9618795e-17) pb
#chisq/dof = 1.99603e-09
#status = success
#chisq/dof = 9.6326e-10
#status = success
#chisq/dof = 5.26661e-10
#status = success
#chisq/dof = 2.28849e-09
#status = success
#chisq/dof = 5.44527e-11
#status = success
#chisq/dof = 3.40445e-12
#status = success
#chisq/dof = 1.306e-10
#status = success
#chisq/dof = 4.07967e-11
#status = success

*******************************************************
* threshold resummation (unimproved nnll) - expansion *
*******************************************************
The limits of integration are:

xl[0]=0.000000    xu[0]=1.000000
xl[1]=0.000000    xu[1]=1.000000
xl[2]=0.000000    xu[2]=1.000000

num_dim=3, calls=7000, it_num=1, max_it_num=5 verb=0, alph=1.50,
mode=0, bins=50, boxes=1

       single.......iteration                   accumulated......results   
iteration     integral    sigma             integral         sigma     chi-sq/it

   1        6.0231e-16   1.33e-16          6.0231e-16      1.33e-16    0.00e+00
   2        6.6347e-16   5.49e-17          6.5452e-16      5.08e-17    1.81e-01
   3        6.2220e-16   4.92e-17          6.3784e-16      3.53e-17    1.95e-01
   4        6.0407e-16   4.90e-17          6.2631e-16      2.87e-17    2.34e-01
   5        5.9132e-16   4.87e-17          6.1730e-16      2.47e-17    2.72e-01

num_dim=3, calls=35000, it_num=1, max_it_num=5 verb=0, alph=1.50,
mode=0, bins=50, boxes=1

       single.......iteration                   accumulated......results   
iteration     integral    sigma             integral         sigma     chi-sq/it

   1        7.0710e-16   2.17e-17          7.0710e-16      2.17e-17    0.00e+00
   2        7.0657e-16   2.19e-17          7.0684e-16      1.54e-17    2.98e-04
   3        7.0497e-16   2.18e-17          7.0621e-16      1.26e-17    2.61e-03
   4        6.9400e-16   2.18e-17          7.0315e-16      1.09e-17    8.05e-02
   5        6.8645e-16   2.17e-17          6.9979e-16      9.74e-18    1.79e-01
aNNLO+NNLL = (4.6828440e-14 +- 2.1901408e-17) pb

Results:
LO = (3.6181433e-14 +- 2.4256843e-17) pb
NLO = (4.6128653e-14 +- 1.9618795e-17) pb
aNNLO+NNLL = (4.6828440e-14 +- 2.1901408e-17) pb
Thanks for using LHAPDF 6.2.3. Please make sure to cite the paper:
  Eur.Phys.J. C75 (2015) 3, 132  (http://arxiv.org/abs/1412.7420)
 ====================================================
   FF 2.0, a package to evaluate one-loop integrals
 written by G. J. van Oldenborgh, NIKHEF-H, Amsterdam
 ====================================================
 for the algorithms used see preprint NIKHEF-H 89/17,
 'New Algorithms for One-loop Integrals', by G.J. van
 Oldenborgh and J.A.M. Vermaseren, published in 
 Zeitschrift fuer Physik C46(1990)425.
 ====================================================
 
total number of errors and warnings
===================================
fferr: no errors
 
