
  Welcome to Resummino git-latest
  Copyright 2008-2010 Jonathan Debove.
  Copyright 2011-2014 David R. Lamprea.
  Copyright 2011-2016 Marcel Rothering.

  Licensed under the EUPL 1.1 or later.
  See http://www.resummino.org/ for more information.

  If using Resummino for slepton pair production, please cite.
  - G. Bozzi, B. Fuks, M. Klasen, PRD 74, 015001 (2006); NPB 777, 157 (2007); NPB 794, 46 (2007).
  - B. Fuks, M. Klasen, D. R. Lamprea, M. Rothering, EPJC 73, 2480 (2013).

  For gaugino pair production, please cite:
  - J. Debove, B. Fuks, M. Klasen, PLB 688, 208 (2010); NPB 842, 51 (2011); NPB 849, 64 (2011).
  - B. Fuks, M. Klasen, D. R. Lamprea, M. Rothering, JHEP 1210, 081 (2012); EPJC 73, 2480 (2013).

  For associated gaugino gluino production, please cite:
  - B. Fuks, M. Klasen, M. Rothering, JHEP 07:053, (2016).
  - B. Fuks, M. Klasen, D. R. Lamprea, M. Rothering, EPJC 73, 2480 (2013).

LHAPDF 6.2.3 loading /pool/condor/dir_62867/resummino-releases/lhapdf-prefix/share/LHAPDF/PDF4LHC21_40/PDF4LHC21_40_0000.dat
PDF4LHC21_40 PDF set, member #0, version 1
 alpha_s(M_Z^2) = 0.1180 	 for LO PDF set 
 alpha_s(1800.000^2) = 0.0816 	 for LO PDF set 

********************
* LO cross section *
********************
The limits of integration are:

xl[0]=0.000000    xu[0]=1.000000
xl[1]=0.000000    xu[1]=1.000000
xl[2]=0.000000    xu[2]=1.000000

num_dim=3, calls=2000, it_num=1, max_it_num=5 verb=0, alph=1.50,
mode=0, bins=50, boxes=1

       single.......iteration                   accumulated......results   
iteration     integral    sigma             integral         sigma     chi-sq/it

   1        2.4359e-14   7.51e-16          2.4359e-14      7.51e-16    0.00e+00
   2        2.6097e-14   2.74e-16          2.5893e-14      2.57e-16    4.73e+00
   3        2.6243e-14   1.41e-16          2.6162e-14      1.24e-16    3.07e+00
   4        2.6023e-14   1.33e-16          2.6097e-14      9.06e-17    2.24e+00
   5        2.6130e-14   1.26e-16          2.6108e-14      7.35e-17    1.69e+00

num_dim=3, calls=20000, it_num=1, max_it_num=5 verb=0, alph=1.50,
mode=0, bins=50, boxes=1

       single.......iteration                   accumulated......results   
iteration     integral    sigma             integral         sigma     chi-sq/it

   1        2.6118e-14   4.08e-17          2.6118e-14      4.08e-17    0.00e+00
   2        2.6119e-14   3.92e-17          2.6118e-14      2.83e-17    5.95e-04
   3        2.6111e-14   3.70e-17          2.6116e-14      2.25e-17    1.27e-02
   4        2.6127e-14   3.96e-17          2.6119e-14      1.95e-17    3.01e-02
   5        2.6033e-14   4.17e-17          2.6103e-14      1.77e-17    8.86e-01
LO = (2.6103184e-14 +- 1.7693181e-17) pb
LHAPDF 6.2.3 loading /pool/condor/dir_62867/resummino-releases/lhapdf-prefix/share/LHAPDF/PDF4LHC21_40/PDF4LHC21_40_0035.dat
PDF4LHC21_40 PDF set, member #35, version 1
 alpha_s(M_Z^2) = 0.1180 	 for NLO PDF set 
 alpha_s(1800.000^2) = 0.0816 	 for NLO PDF set 

********************
* LO cross section *
********************
The limits of integration are:

xl[0]=0.000000    xu[0]=1.000000
xl[1]=0.000000    xu[1]=1.000000
xl[2]=0.000000    xu[2]=1.000000

num_dim=3, calls=2000, it_num=1, max_it_num=5 verb=0, alph=1.50,
mode=0, bins=50, boxes=1

       single.......iteration                   accumulated......results   
iteration     integral    sigma             integral         sigma     chi-sq/it

   1        2.3183e-14   7.29e-16          2.3183e-14      7.29e-16    0.00e+00
   2        2.4933e-14   2.65e-16          2.4728e-14      2.49e-16    5.09e+00
   3        2.5057e-14   1.38e-16          2.4980e-14      1.21e-16    3.21e+00
   4        2.4871e-14   1.29e-16          2.4929e-14      8.81e-17    2.26e+00
   5        2.4995e-14   1.19e-16          2.4952e-14      7.09e-17    1.75e+00

num_dim=3, calls=20000, it_num=1, max_it_num=5 verb=0, alph=1.50,
mode=0, bins=50, boxes=1

       single.......iteration                   accumulated......results   
iteration     integral    sigma             integral         sigma     chi-sq/it

   1        2.4947e-14   3.94e-17          2.4947e-14      3.94e-17    0.00e+00
   2        2.4943e-14   3.79e-17          2.4945e-14      2.73e-17    7.48e-03
   3        2.4934e-14   3.54e-17          2.4941e-14      2.16e-17    3.14e-02
   4        2.4951e-14   3.75e-17          2.4944e-14      1.87e-17    3.95e-02
   5        2.4863e-14   4.03e-17          2.4929e-14      1.70e-17    8.50e-01
   5        2.4886e-14   3.88e-17          2.4922e-14      1.56e-17    8.89e-01
   5        2.4985e-14   3.89e-17          2.4931e-14      1.44e-17    1.12e+00
   5        2.4906e-14   3.96e-17          2.4928e-14      1.36e-17    1.01e+00
   5        2.4939e-14   4.01e-17          2.4929e-14      1.29e-17    8.91e-01
   5        2.4907e-14   4.05e-17          2.4927e-14      1.23e-17    8.21e-01
   5        2.4882e-14   4.16e-17          2.4924e-14      1.18e-17    8.49e-01
   5        2.4946e-14   4.22e-17          2.4925e-14      1.13e-17    7.95e-01
   5        2.4944e-14   4.31e-17          2.4926e-14      1.10e-17    7.44e-01
   5        2.4918e-14   4.52e-17          2.4926e-14      1.06e-17    6.89e-01
   5        2.4924e-14   4.77e-17          2.4926e-14      1.04e-17    6.40e-01
   5        2.4911e-14   4.96e-17          2.4925e-14      1.02e-17    6.03e-01
   5        2.4843e-14   4.95e-17          2.4922e-14      9.96e-18    7.32e-01
   5        2.5022e-14   5.16e-17          2.4926e-14      9.78e-18    9.04e-01
   5        2.4959e-14   5.33e-17          2.4927e-14      9.62e-18    8.75e-01
   5        2.4896e-14   5.52e-17          2.4926e-14      9.48e-18    8.45e-01
   5        2.4833e-14   5.62e-17          2.4923e-14      9.34e-18    9.34e-01
   5        2.4905e-14   5.78e-17          2.4923e-14      9.22e-18    8.94e-01
   5        2.5013e-14   5.94e-17          2.4925e-14      9.12e-18    9.56e-01
   5        2.4927e-14   6.45e-17          2.4925e-14      9.03e-18    9.15e-01
   5        2.4928e-14   6.56e-17          2.4925e-14      8.94e-18    8.77e-01
   5        2.4886e-14   6.86e-17          2.4924e-14      8.87e-18    8.54e-01
   5        2.5011e-14   7.34e-17          2.4926e-14      8.80e-18    8.74e-01
   5        2.4945e-14   6.88e-17          2.4926e-14      8.73e-18    8.45e-01
   5        2.4908e-14   7.00e-17          2.4926e-14      8.66e-18    8.17e-01
LO = (2.4925538e-14 +- 8.6640194e-18) pb

*******************************************
* virtual corrections + integrated dipole *
*******************************************
The limits of integration are:

xl[0]=0.000000    xu[0]=1.000000
xl[1]=0.000000    xu[1]=1.000000
xl[2]=0.000000    xu[2]=1.000000

num_dim=3, calls=240, it_num=1, max_it_num=5 verb=0, alph=1.50,
mode=0, bins=50, boxes=1

       single.......iteration                   accumulated......results   
iteration     integral    sigma             integral         sigma     chi-sq/it

   1        2.5873e-15   2.40e-16          2.5873e-15      2.40e-16    0.00e+00
   2        2.7745e-15   1.44e-16          2.7250e-15      1.23e-16    4.49e-01
   3        3.0707e-15   7.42e-17          2.9786e-15      6.36e-17    3.11e+00
   4        3.1313e-15   8.37e-17          3.0345e-15      5.06e-17    2.78e+00
   5        3.0763e-15   7.21e-17          3.0483e-15      4.14e-17    2.14e+00

num_dim=3, calls=1200, it_num=1, max_it_num=3 verb=0, alph=1.50,
mode=0, bins=50, boxes=1

       single.......iteration                   accumulated......results   
iteration     integral    sigma             integral         sigma     chi-sq/it

   1        2.9973e-15   2.62e-17          2.9973e-15      2.62e-17    0.00e+00
   2        3.0473e-15   2.41e-17          3.0243e-15      1.78e-17    1.97e+00
   3        3.0382e-15   2.27e-17          3.0296e-15      1.40e-17    1.10e+00
   3        3.0419e-15   1.96e-17          3.0338e-15      1.14e-17    8.22e-01
   3        3.0124e-15   2.22e-17          3.0293e-15      1.01e-17    7.99e-01
   3        3.0391e-15   1.94e-17          3.0314e-15      8.99e-18    6.80e-01
   3        3.0470e-15   2.11e-17          3.0338e-15      8.27e-18    6.44e-01
vNLO = (3.0338124e-15 +- 8.2667304e-18) pb

*****************************
* collinear remainder (P+K) *
*****************************
The limits of integration are:

xl[0]=0.000000    xu[0]=1.000000
xl[1]=0.000000    xu[1]=1.000000
xl[2]=0.000000    xu[2]=1.000000
xl[3]=0.000000    xu[3]=1.000000

num_dim=4, calls=2500, it_num=1, max_it_num=5 verb=0, alph=1.50,
mode=0, bins=50, boxes=1

       single.......iteration                   accumulated......results   
iteration     integral    sigma             integral         sigma     chi-sq/it

   1        4.1797e-15   2.21e-16          4.1797e-15      2.21e-16    0.00e+00
   2        4.2549e-15   8.58e-17          4.2451e-15      8.00e-17    1.01e-01
   3        4.3013e-15   6.67e-17          4.2782e-15      5.12e-17    1.96e-01
   4        4.3127e-15   6.32e-17          4.2919e-15      3.98e-17    1.91e-01
   5        4.3302e-15   6.25e-17          4.3029e-15      3.36e-17    2.10e-01

num_dim=4, calls=25000, it_num=1, max_it_num=3 verb=0, alph=1.50,
mode=0, bins=50, boxes=1

       single.......iteration                   accumulated......results   
iteration     integral    sigma             integral         sigma     chi-sq/it

   1        4.3508e-15   1.93e-17          4.3508e-15      1.93e-17    0.00e+00
   2        4.3603e-15   1.92e-17          4.3556e-15      1.36e-17    1.20e-01
   3        4.3143e-15   1.95e-17          4.3420e-15      1.12e-17    1.56e+00
   3        4.3309e-15   1.94e-17          4.3393e-15      9.69e-18    1.13e+00
   3        4.2983e-15   1.96e-17          4.3312e-15      8.69e-18    1.72e+00
   3        4.2934e-15   1.96e-17          4.3250e-15      7.94e-18    2.00e+00
   3        4.3167e-15   1.94e-17          4.3238e-15      7.35e-18    1.69e+00
   3        4.3239e-15   1.96e-17          4.3238e-15      6.88e-18    1.45e+00
P+K = (4.3238336e-15 +- 6.8803795e-18) pb

********************************
* real gluon emission - dipole *
********************************
The limits of integration are:

xl[0]=0.000000    xu[0]=1.000000
xl[1]=0.000000    xu[1]=1.000000
xl[2]=0.000000    xu[2]=1.000000
xl[3]=0.000000    xu[3]=1.000000
xl[4]=0.000000    xu[4]=1.000000
xl[5]=0.000000    xu[5]=1.000000

num_dim=6, calls=250, it_num=1, max_it_num=5 verb=0, alph=1.50,
mode=0, bins=50, boxes=1

       single.......iteration                   accumulated......results   
iteration     integral    sigma             integral         sigma     chi-sq/it

   1        -2.9166e-17   9.66e-18          -2.9166e-17      9.66e-18    0.00e+00
   2        -3.8137e-17   9.04e-18          -3.3947e-17      6.60e-18    4.60e-01
   3        -2.0645e-17   2.37e-18          -2.2164e-17      2.23e-18    2.03e+00
   4        -2.0056e-17   2.04e-18          -2.1018e-17      1.51e-18    1.51e+00
   5        -2.2692e-17   1.84e-18          -2.1692e-17      1.16e-18    1.26e+00

num_dim=6, calls=2500, it_num=1, max_it_num=3 verb=0, alph=1.50,
mode=0, bins=50, boxes=1

       single.......iteration                   accumulated......results   
iteration     integral    sigma             integral         sigma     chi-sq/it

   1        -2.6081e-17   6.30e-19          -2.6081e-17      6.30e-19    0.00e+00
   2        -2.5881e-17   3.98e-19          -2.5938e-17      3.37e-19    7.18e-02
   3        -2.6840e-17   3.25e-19          -2.6405e-17      2.34e-19    1.89e+00
rNLOg = (-2.6405050e-17 +- 2.3372562e-19) pb

**************************************************
* real light quark emission - dipole - (onshell) *
**************************************************
The limits of integration are:

xl[0]=0.000000    xu[0]=1.000000
xl[1]=0.000000    xu[1]=1.000000
xl[2]=0.000000    xu[2]=1.000000
xl[3]=0.000000    xu[3]=1.000000
xl[4]=0.000000    xu[4]=1.000000
xl[5]=0.000000    xu[5]=1.000000

num_dim=6, calls=5000, it_num=1, max_it_num=5 verb=0, alph=1.50,
mode=0, bins=50, boxes=1

       single.......iteration                   accumulated......results   
iteration     integral    sigma             integral         sigma     chi-sq/it

   1        5.9247e-17   3.69e-18          5.9247e-17      3.69e-18    0.00e+00
   2        5.7197e-17   1.03e-18          5.7345e-17      9.90e-19    2.86e-01
   3        5.6338e-17   5.41e-19          5.6570e-17      4.75e-19    5.42e-01
   4        5.6223e-17   4.16e-19          5.6373e-17      3.13e-19    4.62e-01
   5        5.6388e-17   3.91e-19          5.6379e-17      2.44e-19    3.47e-01

num_dim=6, calls=50000, it_num=1, max_it_num=5 verb=0, alph=1.50,
mode=0, bins=50, boxes=1

       single.......iteration                   accumulated......results   
iteration     integral    sigma             integral         sigma     chi-sq/it

   1        5.6326e-17   1.15e-19          5.6326e-17      1.15e-19    0.00e+00
   2        5.6673e-17   1.64e-19          5.6441e-17      9.43e-20    3.02e+00
   3        5.6756e-17   1.62e-19          5.6520e-17      8.15e-20    2.92e+00
   4        5.6456e-17   1.27e-19          5.6501e-17      6.86e-20    2.01e+00
   5        5.6611e-17   1.44e-19          5.6522e-17      6.19e-20    1.62e+00
rNLOq = (5.6521585e-17 +- 6.1893097e-20) pb
NLO = (3.2313300e-14 +- 1.3813115e-17) pb
#chisq/dof = 2.04045e-09
#status = success
#chisq/dof = 4.05523e-10
#status = success
#chisq/dof = 6.38036e-10
#status = success
#chisq/dof = 1.66105e-09
#status = success
#chisq/dof = 7.87668e-11
#status = success
#chisq/dof = 3.48002e-12
#status = success
#chisq/dof = 1.54197e-10
#status = success
#chisq/dof = 2.78823e-11
#status = success

*******************************************************
* threshold resummation (unimproved nnll) - expansion *
*******************************************************
The limits of integration are:

xl[0]=0.000000    xu[0]=1.000000
xl[1]=0.000000    xu[1]=1.000000
xl[2]=0.000000    xu[2]=1.000000

num_dim=3, calls=7000, it_num=1, max_it_num=5 verb=0, alph=1.50,
mode=0, bins=50, boxes=1

       single.......iteration                   accumulated......results   
iteration     integral    sigma             integral         sigma     chi-sq/it

   1        4.0238e-16   1.66e-16          4.0238e-16      1.66e-16    0.00e+00
   2        5.3911e-16   4.91e-17          5.2805e-16      4.71e-17    6.27e-01
   3        4.7386e-16   4.14e-17          4.9751e-16      3.11e-17    6.87e-01
   4        4.8131e-16   4.10e-17          4.9159e-16      2.48e-17    4.91e-01
   5        4.7927e-16   4.03e-17          4.8821e-16      2.11e-17    3.85e-01

num_dim=3, calls=35000, it_num=1, max_it_num=5 verb=0, alph=1.50,
mode=0, bins=50, boxes=1

       single.......iteration                   accumulated......results   
iteration     integral    sigma             integral         sigma     chi-sq/it

   1        5.5533e-16   1.79e-17          5.5533e-16      1.79e-17    0.00e+00
   2        5.6687e-16   1.80e-17          5.6106e-16      1.27e-17    2.08e-01
   3        5.7435e-16   1.79e-17          5.6549e-16      1.03e-17    2.88e-01
   4        5.6220e-16   1.79e-17          5.6467e-16      8.95e-18    2.00e-01
   5        5.4229e-16   1.77e-17          5.6012e-16      7.99e-18    4.68e-01
aNNLO+NNLL = (3.2873416e-14 +- 1.5957476e-17) pb

Results:
LO = (2.6103184e-14 +- 1.7693181e-17) pb
NLO = (3.2313300e-14 +- 1.3813115e-17) pb
aNNLO+NNLL = (3.2873416e-14 +- 1.5957476e-17) pb
Thanks for using LHAPDF 6.2.3. Please make sure to cite the paper:
  Eur.Phys.J. C75 (2015) 3, 132  (http://arxiv.org/abs/1412.7420)
 ====================================================
   FF 2.0, a package to evaluate one-loop integrals
 written by G. J. van Oldenborgh, NIKHEF-H, Amsterdam
 ====================================================
 for the algorithms used see preprint NIKHEF-H 89/17,
 'New Algorithms for One-loop Integrals', by G.J. van
 Oldenborgh and J.A.M. Vermaseren, published in 
 Zeitschrift fuer Physik C46(1990)425.
 ====================================================
 
total number of errors and warnings
===================================
fferr: no errors
 
