
  Welcome to Resummino git-latest
  Copyright 2008-2010 Jonathan Debove.
  Copyright 2011-2014 David R. Lamprea.
  Copyright 2011-2016 Marcel Rothering.

  Licensed under the EUPL 1.1 or later.
  See http://www.resummino.org/ for more information.

  If using Resummino for slepton pair production, please cite.
  - G. Bozzi, B. Fuks, M. Klasen, PRD 74, 015001 (2006); NPB 777, 157 (2007); NPB 794, 46 (2007).
  - B. Fuks, M. Klasen, D. R. Lamprea, M. Rothering, EPJC 73, 2480 (2013).

  For gaugino pair production, please cite:
  - J. Debove, B. Fuks, M. Klasen, PLB 688, 208 (2010); NPB 842, 51 (2011); NPB 849, 64 (2011).
  - B. Fuks, M. Klasen, D. R. Lamprea, M. Rothering, JHEP 1210, 081 (2012); EPJC 73, 2480 (2013).

  For associated gaugino gluino production, please cite:
  - B. Fuks, M. Klasen, M. Rothering, JHEP 07:053, (2016).
  - B. Fuks, M. Klasen, D. R. Lamprea, M. Rothering, EPJC 73, 2480 (2013).

LHAPDF 6.2.3 loading /pool/condor/dir_7742/resummino-releases/lhapdf-prefix/share/LHAPDF/PDF4LHC21_40/PDF4LHC21_40_0000.dat
PDF4LHC21_40 PDF set, member #0, version 1
 alpha_s(M_Z^2) = 0.1180 	 for LO PDF set 
 alpha_s(900.000^2) = 0.0878 	 for LO PDF set 

********************
* LO cross section *
********************
The limits of integration are:

xl[0]=0.000000    xu[0]=1.000000
xl[1]=0.000000    xu[1]=1.000000
xl[2]=0.000000    xu[2]=1.000000

num_dim=3, calls=2000, it_num=1, max_it_num=5 verb=0, alph=1.50,
mode=0, bins=50, boxes=1

       single.......iteration                   accumulated......results   
iteration     integral    sigma             integral         sigma     chi-sq/it

   1        5.1184e-13   1.73e-14          5.1184e-13      1.73e-14    0.00e+00
   2        5.4321e-13   5.94e-15          5.3989e-13      5.62e-15    2.95e+00
   3        5.5038e-13   2.96e-15          5.4810e-13      2.62e-15    2.84e+00
   4        5.4651e-13   2.70e-15          5.4733e-13      1.88e-15    1.95e+00
   5        5.4534e-13   2.78e-15          5.4671e-13      1.56e-15    1.55e+00

num_dim=3, calls=20000, it_num=1, max_it_num=5 verb=0, alph=1.50,
mode=0, bins=50, boxes=1

       single.......iteration                   accumulated......results   
iteration     integral    sigma             integral         sigma     chi-sq/it

   1        5.4599e-13   8.64e-16          5.4599e-13      8.64e-16    0.00e+00
   2        5.4599e-13   8.40e-16          5.4599e-13      6.03e-16    9.11e-06
   3        5.4725e-13   8.24e-16          5.4643e-13      4.86e-16    7.66e-01
   4        5.4723e-13   8.78e-16          5.4662e-13      4.25e-16    7.23e-01
   5        5.4462e-13   8.76e-16          5.4623e-13      3.83e-16    1.60e+00
   5        5.4586e-13   8.83e-16          5.4618e-13      3.51e-16    1.31e+00
LO = (5.4617597e-13 +- 3.5109218e-16) pb
LHAPDF 6.2.3 loading /pool/condor/dir_7742/resummino-releases/lhapdf-prefix/share/LHAPDF/PDF4LHC21_40/PDF4LHC21_40_0030.dat
PDF4LHC21_40 PDF set, member #30, version 1
 alpha_s(M_Z^2) = 0.1180 	 for NLO PDF set 
 alpha_s(900.000^2) = 0.0878 	 for NLO PDF set 

********************
* LO cross section *
********************
The limits of integration are:

xl[0]=0.000000    xu[0]=1.000000
xl[1]=0.000000    xu[1]=1.000000
xl[2]=0.000000    xu[2]=1.000000

num_dim=3, calls=2000, it_num=1, max_it_num=5 verb=0, alph=1.50,
mode=0, bins=50, boxes=1

       single.......iteration                   accumulated......results   
iteration     integral    sigma             integral         sigma     chi-sq/it

   1        4.8428e-13   1.70e-14          4.8428e-13      1.70e-14    0.00e+00
   2        5.1491e-13   5.84e-15          5.1167e-13      5.52e-15    2.91e+00
   3        5.2274e-13   2.88e-15          5.2038e-13      2.55e-15    3.03e+00
   4        5.1855e-13   2.65e-15          5.1950e-13      1.84e-15    2.10e+00
   5        5.1760e-13   2.71e-15          5.1890e-13      1.52e-15    1.66e+00

num_dim=3, calls=20000, it_num=1, max_it_num=5 verb=0, alph=1.50,
mode=0, bins=50, boxes=1

       single.......iteration                   accumulated......results   
iteration     integral    sigma             integral         sigma     chi-sq/it

   1        5.1799e-13   8.48e-16          5.1799e-13      8.48e-16    0.00e+00
   2        5.1786e-13   8.31e-16          5.1793e-13      5.94e-16    1.26e-02
   3        5.1921e-13   8.18e-16          5.1837e-13      4.80e-16    8.18e-01
   4        5.1928e-13   8.66e-16          5.1858e-13      4.20e-16    8.23e-01
   5        5.1668e-13   8.62e-16          5.1822e-13      3.78e-16    1.60e+00
   5        5.1765e-13   8.72e-16          5.1813e-13      3.47e-16    1.35e+00
   5        5.1926e-13   8.74e-16          5.1828e-13      3.22e-16    1.37e+00
   5        5.1751e-13   8.95e-16          5.1819e-13      3.03e-16    1.27e+00
   5        5.1743e-13   9.31e-16          5.1812e-13      2.88e-16    1.18e+00
   5        5.1665e-13   9.37e-16          5.1799e-13      2.76e-16    1.30e+00
   5        5.1786e-13   9.88e-16          5.1798e-13      2.65e-16    1.17e+00
   5        5.1743e-13   1.02e-15          5.1795e-13      2.57e-16    1.09e+00
   5        5.1891e-13   1.08e-15          5.1800e-13      2.50e-16    1.06e+00
   5        5.1711e-13   1.11e-15          5.1796e-13      2.44e-16    1.03e+00
   5        5.1863e-13   1.18e-15          5.1798e-13      2.39e-16    9.79e-01
   5        5.1747e-13   1.20e-15          5.1796e-13      2.34e-16    9.26e-01
   5        5.1681e-13   1.21e-15          5.1792e-13      2.30e-16    9.23e-01
   5        5.1992e-13   1.24e-15          5.1799e-13      2.26e-16    1.02e+00
   5        5.1996e-13   1.34e-15          5.1804e-13      2.23e-16    1.08e+00
   5        5.1975e-13   1.31e-15          5.1809e-13      2.20e-16    1.11e+00
   5        5.1673e-13   1.36e-15          5.1806e-13      2.17e-16    1.10e+00
   5        5.1832e-13   1.39e-15          5.1806e-13      2.14e-16    1.05e+00
   5        5.1916e-13   1.44e-15          5.1809e-13      2.12e-16    1.03e+00
   5        5.1779e-13   1.52e-15          5.1808e-13      2.10e-16    9.85e-01
   5        5.1991e-13   1.51e-15          5.1812e-13      2.08e-16    1.00e+00
   5        5.1790e-13   1.55e-15          5.1811e-13      2.06e-16    9.64e-01
   5        5.2119e-13   1.63e-15          5.1816e-13      2.04e-16    1.06e+00
   5        5.1854e-13   1.56e-15          5.1817e-13      2.03e-16    1.03e+00
   5        5.1794e-13   1.61e-15          5.1816e-13      2.01e-16    9.90e-01
   5        5.1986e-13   1.70e-15          5.1819e-13      2.00e-16    9.90e-01
   5        5.1853e-13   1.64e-15          5.1819e-13      1.98e-16    9.58e-01
   5        5.1832e-13   1.67e-15          5.1819e-13      1.97e-16    9.27e-01
   5        5.1976e-13   1.60e-15          5.1822e-13      1.95e-16    9.28e-01
   5        5.1684e-13   1.65e-15          5.1820e-13      1.94e-16    9.20e-01
   5        5.1651e-13   1.62e-15          5.1817e-13      1.93e-16    9.25e-01
   5        5.2081e-13   1.69e-15          5.1821e-13      1.91e-16    9.67e-01
   5        5.1340e-13   1.63e-15          5.1814e-13      1.90e-16    1.18e+00
   5        5.1565e-13   1.70e-15          5.1811e-13      1.89e-16    1.20e+00
   5        5.1959e-13   1.67e-15          5.1813e-13      1.88e-16    1.19e+00
   5        5.1837e-13   1.69e-15          5.1813e-13      1.87e-16    1.16e+00
   5        5.1939e-13   1.74e-15          5.1815e-13      1.85e-16    1.15e+00
   5        5.1839e-13   1.73e-15          5.1815e-13      1.84e-16    1.12e+00
   5        5.2283e-13   1.78e-15          5.1820e-13      1.83e-16    1.25e+00
   5        5.1897e-13   1.72e-15          5.1821e-13      1.82e-16    1.23e+00
   5        5.1665e-13   1.77e-15          5.1819e-13      1.81e-16    1.22e+00
LO = (5.1819281e-13 +- 1.8141879e-16) pb

*******************************************
* virtual corrections + integrated dipole *
*******************************************
The limits of integration are:

xl[0]=0.000000    xu[0]=1.000000
xl[1]=0.000000    xu[1]=1.000000
xl[2]=0.000000    xu[2]=1.000000

num_dim=3, calls=240, it_num=1, max_it_num=5 verb=0, alph=1.50,
mode=0, bins=50, boxes=1

       single.......iteration                   accumulated......results   
iteration     integral    sigma             integral         sigma     chi-sq/it

   1        5.9266e-14   6.23e-15          5.9266e-14      6.23e-15    0.00e+00
   2        6.1942e-14   3.24e-15          6.1373e-14      2.87e-15    1.45e-01
   3        6.8626e-14   1.95e-15          6.6342e-14      1.61e-15    2.26e+00
   4        6.8679e-14   1.28e-15          6.7771e-14      1.00e-15    1.93e+00
   5        7.1075e-14   1.60e-15          6.8703e-14      8.51e-16    2.21e+00

num_dim=3, calls=1200, it_num=1, max_it_num=3 verb=0, alph=1.50,
mode=0, bins=50, boxes=1

       single.......iteration                   accumulated......results   
iteration     integral    sigma             integral         sigma     chi-sq/it

   1        6.6635e-14   6.51e-16          6.6635e-14      6.51e-16    0.00e+00
   2        6.7946e-14   5.23e-16          6.7431e-14      4.08e-16    2.47e+00
   3        6.7816e-14   4.83e-16          6.7591e-14      3.12e-16    1.42e+00
   3        6.8652e-14   4.72e-16          6.7913e-14      2.60e-16    2.12e+00
   3        6.7374e-14   5.00e-16          6.7798e-14      2.31e-16    1.82e+00
   3        6.8021e-14   4.75e-16          6.7841e-14      2.08e-16    1.49e+00
   3        6.7402e-14   5.23e-16          6.7781e-14      1.93e-16    1.34e+00
   3        6.8497e-14   5.15e-16          6.7869e-14      1.81e-16    1.39e+00
vNLO = (6.7868973e-14 +- 1.8064461e-16) pb

*****************************
* collinear remainder (P+K) *
*****************************
The limits of integration are:

xl[0]=0.000000    xu[0]=1.000000
xl[1]=0.000000    xu[1]=1.000000
xl[2]=0.000000    xu[2]=1.000000
xl[3]=0.000000    xu[3]=1.000000

num_dim=4, calls=2500, it_num=1, max_it_num=5 verb=0, alph=1.50,
mode=0, bins=50, boxes=1

       single.......iteration                   accumulated......results   
iteration     integral    sigma             integral         sigma     chi-sq/it

   1        5.1275e-14   4.05e-15          5.1275e-14      4.05e-15    0.00e+00
   2        5.2307e-14   1.59e-15          5.2169e-14      1.48e-15    5.62e-02
   3        5.2979e-14   1.34e-15          5.2613e-14      9.95e-16    1.10e-01
   4        5.3265e-14   1.29e-15          5.2855e-14      7.89e-16    1.27e-01
   5        5.5049e-14   1.29e-15          5.3454e-14      6.72e-16    6.23e-01

num_dim=4, calls=25000, it_num=1, max_it_num=3 verb=0, alph=1.50,
mode=0, bins=50, boxes=1

       single.......iteration                   accumulated......results   
iteration     integral    sigma             integral         sigma     chi-sq/it

   1        5.4648e-14   4.02e-16          5.4648e-14      4.02e-16    0.00e+00
   2        5.4596e-14   3.98e-16          5.4622e-14      2.83e-16    8.52e-03
   3        5.3492e-14   4.01e-16          5.4247e-14      2.31e-16    2.66e+00
   3        5.4067e-14   4.00e-16          5.4202e-14      2.00e-16    1.82e+00
   3        5.3334e-14   4.05e-16          5.4031e-14      1.79e-16    2.29e+00
   3        5.3355e-14   4.03e-16          5.3920e-14      1.64e-16    2.30e+00
   3        5.3620e-14   4.06e-16          5.3878e-14      1.52e-16    2.00e+00
   3        5.3945e-14   4.05e-16          5.3886e-14      1.42e-16    1.71e+00
   3        5.3901e-14   4.08e-16          5.3888e-14      1.34e-16    1.50e+00
P+K = (5.3887643e-14 +- 1.3438160e-16) pb

********************************
* real gluon emission - dipole *
********************************
The limits of integration are:

xl[0]=0.000000    xu[0]=1.000000
xl[1]=0.000000    xu[1]=1.000000
xl[2]=0.000000    xu[2]=1.000000
xl[3]=0.000000    xu[3]=1.000000
xl[4]=0.000000    xu[4]=1.000000
xl[5]=0.000000    xu[5]=1.000000

num_dim=6, calls=250, it_num=1, max_it_num=5 verb=0, alph=1.50,
mode=0, bins=50, boxes=1

       single.......iteration                   accumulated......results   
iteration     integral    sigma             integral         sigma     chi-sq/it

   1        -1.2292e-15   4.31e-16          -1.2292e-15      4.31e-16    0.00e+00
   2        -1.3638e-15   2.85e-16          -1.3228e-15      2.38e-16    6.80e-02
   3        -9.1037e-16   1.08e-16          -9.8049e-16      9.80e-17    1.28e+00
   4        -9.9819e-16   9.77e-17          -9.8937e-16      6.92e-17    8.61e-01
   5        -1.1175e-15   1.31e-16          -1.0172e-15      6.12e-17    8.32e-01

num_dim=6, calls=2500, it_num=1, max_it_num=3 verb=0, alph=1.50,
mode=0, bins=50, boxes=1

       single.......iteration                   accumulated......results   
iteration     integral    sigma             integral         sigma     chi-sq/it

   1        -1.0038e-15   2.87e-17          -1.0038e-15      2.87e-17    0.00e+00
   2        -1.0293e-15   1.75e-17          -1.0224e-15      1.49e-17    5.74e-01
   3        -1.0540e-15   1.51e-17          -1.0380e-15      1.06e-17    1.39e+00
rNLOg = (-1.0379705e-15 +- 1.0636524e-17) pb

**************************************************
* real light quark emission - dipole - (onshell) *
**************************************************
The limits of integration are:

xl[0]=0.000000    xu[0]=1.000000
xl[1]=0.000000    xu[1]=1.000000
xl[2]=0.000000    xu[2]=1.000000
xl[3]=0.000000    xu[3]=1.000000
xl[4]=0.000000    xu[4]=1.000000
xl[5]=0.000000    xu[5]=1.000000

num_dim=6, calls=5000, it_num=1, max_it_num=5 verb=0, alph=1.50,
mode=0, bins=50, boxes=1

       single.......iteration                   accumulated......results   
iteration     integral    sigma             integral         sigma     chi-sq/it

   1        2.9846e-15   2.22e-16          2.9846e-15      2.22e-16    0.00e+00
   2        3.1080e-15   6.40e-17          3.0985e-15      6.15e-17    2.85e-01
   3        3.0356e-15   3.37e-17          3.0502e-15      2.96e-17    5.44e-01
   4        2.9904e-15   2.62e-17          3.0167e-15      1.96e-17    1.12e+00
   5        3.0181e-15   2.25e-17          3.0173e-15      1.48e-17    8.44e-01

num_dim=6, calls=50000, it_num=1, max_it_num=5 verb=0, alph=1.50,
mode=0, bins=50, boxes=1

       single.......iteration                   accumulated......results   
iteration     integral    sigma             integral         sigma     chi-sq/it

   1        3.0112e-15   6.92e-18          3.0112e-15      6.92e-18    0.00e+00
   2        3.0284e-15   8.64e-18          3.0179e-15      5.40e-18    2.42e+00
   3        3.0368e-15   8.94e-18          3.0230e-15      4.62e-18    2.85e+00
   4        3.0215e-15   8.10e-18          3.0226e-15      4.01e-18    1.91e+00
   5        3.0283e-15   8.60e-18          3.0236e-15      3.64e-18    1.52e+00
   5        3.0190e-15   7.46e-18          3.0227e-15      3.27e-18    1.28e+00
rNLOq = (3.0227266e-15 +- 3.2698826e-18) pb
NLO = (6.4193418e-13 +- 2.8935704e-16) pb
#chisq/dof = 6.33673e-09
#status = success
#chisq/dof = 1.92745e-09
#status = success
#chisq/dof = 8.7145e-10
#status = success
#chisq/dof = 1.39087e-09
#status = success
#chisq/dof = 1.51587e-10
#status = success
#chisq/dof = 3.97726e-12
#status = success
#chisq/dof = 3.61538e-10
#status = success
#chisq/dof = 1.23105e-10
#status = success

*******************************************************
* threshold resummation (unimproved nnll) - expansion *
*******************************************************
The limits of integration are:

xl[0]=0.000000    xu[0]=1.000000
xl[1]=0.000000    xu[1]=1.000000
xl[2]=0.000000    xu[2]=1.000000

num_dim=3, calls=7000, it_num=1, max_it_num=5 verb=0, alph=1.50,
mode=0, bins=50, boxes=1

       single.......iteration                   accumulated......results   
iteration     integral    sigma             integral         sigma     chi-sq/it

   1        3.8277e-14   3.07e-14          3.8277e-14      3.07e-14    0.00e+00
   2        2.9830e-15   1.39e-14          8.9696e-15      1.26e-14    1.10e+00
   3        -1.7497e-14   1.27e-14          -4.1654e-15      8.96e-15    1.64e+00
   4        2.3510e-14   1.27e-14          5.0686e-15      7.32e-15    2.15e+00
   5        -6.8338e-15   1.26e-14          2.0842e-15      6.33e-15    1.78e+00

num_dim=3, calls=35000, it_num=1, max_it_num=5 verb=0, alph=1.50,
mode=0, bins=50, boxes=1

       single.......iteration                   accumulated......results   
iteration     integral    sigma             integral         sigma     chi-sq/it

   1        2.9077e-15   5.63e-15          2.9077e-15      5.63e-15    0.00e+00
   2        7.1842e-15   5.62e-15          5.0503e-15      3.97e-15    2.89e-01
   3        1.0175e-14   5.61e-15          6.7615e-15      3.24e-15    4.22e-01
   4        1.1610e-14   5.64e-15          7.9663e-15      2.81e-15    4.67e-01
   5        -2.0059e-15   5.61e-15          5.9643e-15      2.51e-15    9.81e-01
   5        -1.0919e-15   5.63e-15          4.7911e-15      2.30e-15    1.05e+00
   5        3.8996e-15   5.64e-15          4.6644e-15      2.13e-15    8.76e-01
   5        5.2362e-15   5.62e-15          4.7359e-15      1.99e-15    7.52e-01
   5        1.8821e-15   5.64e-15          4.4200e-15      1.88e-15    6.87e-01
   5        3.7007e-15   5.65e-15          4.3485e-15      1.78e-15    6.12e-01
   5        8.7723e-16   5.63e-15          4.0332e-15      1.70e-15    5.85e-01
   5        -5.2954e-15   5.64e-15          3.2597e-15      1.63e-15    7.60e-01
   5        1.1711e-15   5.67e-15          3.1012e-15      1.56e-15    7.07e-01
   5        6.1473e-15   5.66e-15          3.3164e-15      1.51e-15    6.73e-01
   5        3.2231e-15   5.69e-15          3.3103e-15      1.46e-15    6.25e-01
   5        7.8915e-15   5.68e-15          3.5931e-15      1.41e-15    6.24e-01
   5        -8.4410e-15   5.69e-15          2.8970e-15      1.37e-15    8.49e-01
   5        -3.2452e-15   5.71e-15          2.5629e-15      1.33e-15    8.63e-01
   5        1.2038e-14   5.71e-15          3.0509e-15      1.30e-15    9.60e-01
   5        9.5832e-15   5.77e-15          3.3646e-15      1.26e-15    9.74e-01
   5        -7.1440e-15   5.77e-15          2.8834e-15      1.24e-15    1.08e+00
   5        4.2348e-15   5.77e-15          2.9425e-15      1.21e-15    1.03e+00
   5        -2.9172e-15   5.78e-15          2.6972e-15      1.18e-15    1.03e+00
   5        -1.0242e-15   5.82e-15          2.5494e-15      1.16e-15    1.00e+00
   5        5.1490e-16   5.82e-15          2.4720e-15      1.14e-15    9.67e-01
   5        1.9483e-14   5.79e-15          3.1034e-15      1.12e-15    1.26e+00
   5        3.9149e-15   5.80e-15          3.1324e-15      1.10e-15    1.21e+00
   5        6.8554e-15   5.86e-15          3.2579e-15      1.08e-15    1.18e+00
   5        2.5748e-15   5.82e-15          3.2353e-15      1.06e-15    1.14e+00
   5        2.8112e-15   5.83e-15          3.2217e-15      1.04e-15    1.10e+00
   5        5.9991e-15   5.86e-15          3.3068e-15      1.03e-15    1.07e+00
   5        1.8365e-14   5.86e-15          3.7536e-15      1.01e-15    1.24e+00
   5        -5.4071e-16   5.89e-15          3.6308e-15      9.96e-16    1.22e+00
   5        -2.6272e-16   5.90e-15          3.5230e-15      9.82e-16    1.20e+00
   5        7.9422e-15   5.91e-15          3.6419e-15      9.68e-16    1.18e+00
   5        8.1936e-15   5.91e-15          3.7608e-15      9.56e-16    1.16e+00
   5        -2.9758e-15   5.96e-15          3.5917e-15      9.44e-16    1.16e+00
   5        -9.0291e-15   5.95e-15          3.2825e-15      9.32e-16    1.25e+00
   5        6.7664e-15   5.95e-15          3.3660e-15      9.21e-16    1.23e+00
   5        -9.0090e-15   6.01e-15          3.0824e-15      9.10e-16    1.30e+00
   5        -6.7669e-15   6.05e-15          2.8642e-15      9.00e-16    1.33e+00
   5        7.6583e-16   6.09e-15          2.8193e-15      8.90e-16    1.30e+00
   5        2.4644e-15   6.00e-15          2.8117e-15      8.81e-16    1.27e+00
   5        -1.6675e-15   6.03e-15          2.7182e-15      8.72e-16    1.26e+00
   5        9.3115e-16   6.08e-15          2.6823e-15      8.63e-16    1.23e+00
   5        -4.0111e-15   6.07e-15          2.5499e-15      8.54e-16    1.23e+00
   5        1.6216e-14   6.09e-15          2.8132e-15      8.46e-16    1.31e+00
   5        5.4397e-15   6.02e-15          2.8640e-15      8.38e-16    1.28e+00
   5        -1.5163e-15   6.04e-15          2.7815e-15      8.30e-16    1.27e+00
   5        -4.3655e-15   6.09e-15          2.6512e-15      8.22e-16    1.27e+00
   5        2.9077e-16   6.07e-15          2.6086e-15      8.15e-16    1.25e+00
   5        5.6361e-15   6.08e-15          2.6620e-15      8.07e-16    1.23e+00
   5        -2.6632e-15   6.10e-15          2.5704e-15      8.00e-16    1.22e+00
   5        8.3963e-15   6.12e-15          2.6685e-15      7.94e-16    1.21e+00
   5        -2.6446e-16   6.13e-15          2.6202e-15      7.87e-16    1.19e+00
aNNLO+NNLL = (6.4455436e-13 +- 8.3864797e-16) pb

Results:
LO = (5.4617597e-13 +- 3.5109218e-16) pb
NLO = (6.4193418e-13 +- 2.8935704e-16) pb
aNNLO+NNLL = (6.4455436e-13 +- 8.3864797e-16) pb
Thanks for using LHAPDF 6.2.3. Please make sure to cite the paper:
  Eur.Phys.J. C75 (2015) 3, 132  (http://arxiv.org/abs/1412.7420)
 ====================================================
   FF 2.0, a package to evaluate one-loop integrals
 written by G. J. van Oldenborgh, NIKHEF-H, Amsterdam
 ====================================================
 for the algorithms used see preprint NIKHEF-H 89/17,
 'New Algorithms for One-loop Integrals', by G.J. van
 Oldenborgh and J.A.M. Vermaseren, published in 
 Zeitschrift fuer Physik C46(1990)425.
 ====================================================
 
total number of errors and warnings
===================================
fferr: no errors
 
