
  Welcome to Resummino git-latest
  Copyright 2008-2010 Jonathan Debove.
  Copyright 2011-2014 David R. Lamprea.
  Copyright 2011-2016 Marcel Rothering.

  Licensed under the EUPL 1.1 or later.
  See http://www.resummino.org/ for more information.

  If using Resummino for slepton pair production, please cite.
  - G. Bozzi, B. Fuks, M. Klasen, PRD 74, 015001 (2006); NPB 777, 157 (2007); NPB 794, 46 (2007).
  - B. Fuks, M. Klasen, D. R. Lamprea, M. Rothering, EPJC 73, 2480 (2013).

  For gaugino pair production, please cite:
  - J. Debove, B. Fuks, M. Klasen, PLB 688, 208 (2010); NPB 842, 51 (2011); NPB 849, 64 (2011).
  - B. Fuks, M. Klasen, D. R. Lamprea, M. Rothering, JHEP 1210, 081 (2012); EPJC 73, 2480 (2013).

  For associated gaugino gluino production, please cite:
  - B. Fuks, M. Klasen, M. Rothering, JHEP 07:053, (2016).
  - B. Fuks, M. Klasen, D. R. Lamprea, M. Rothering, EPJC 73, 2480 (2013).

LHAPDF 6.2.3 loading /pool/condor/dir_21098/resummino-releases/lhapdf-prefix/share/LHAPDF/PDF4LHC21_40/PDF4LHC21_40_0000.dat
PDF4LHC21_40 PDF set, member #0, version 1
 alpha_s(M_Z^2) = 0.1180 	 for LO PDF set 
 alpha_s(450.000^2) = 0.0952 	 for LO PDF set 

********************
* LO cross section *
********************
The limits of integration are:

xl[0]=0.000000    xu[0]=1.000000
xl[1]=0.000000    xu[1]=1.000000
xl[2]=0.000000    xu[2]=1.000000

num_dim=3, calls=2000, it_num=1, max_it_num=5 verb=0, alph=1.50,
mode=0, bins=50, boxes=1

       single.......iteration                   accumulated......results   
iteration     integral    sigma             integral         sigma     chi-sq/it

   1        5.1184e-13   1.73e-14          5.1184e-13      1.73e-14    0.00e+00
   2        5.4321e-13   5.94e-15          5.3989e-13      5.62e-15    2.95e+00
   3        5.5038e-13   2.96e-15          5.4810e-13      2.62e-15    2.84e+00
   4        5.4651e-13   2.70e-15          5.4733e-13      1.88e-15    1.95e+00
   5        5.4534e-13   2.78e-15          5.4671e-13      1.56e-15    1.55e+00

num_dim=3, calls=20000, it_num=1, max_it_num=5 verb=0, alph=1.50,
mode=0, bins=50, boxes=1

       single.......iteration                   accumulated......results   
iteration     integral    sigma             integral         sigma     chi-sq/it

   1        5.4599e-13   8.64e-16          5.4599e-13      8.64e-16    0.00e+00
   2        5.4599e-13   8.40e-16          5.4599e-13      6.03e-16    9.11e-06
   3        5.4725e-13   8.24e-16          5.4643e-13      4.86e-16    7.66e-01
   4        5.4723e-13   8.78e-16          5.4662e-13      4.25e-16    7.23e-01
   5        5.4462e-13   8.76e-16          5.4623e-13      3.83e-16    1.60e+00
   5        5.4586e-13   8.83e-16          5.4618e-13      3.51e-16    1.31e+00
LO = (5.4617597e-13 +- 3.5109218e-16) pb
LHAPDF 6.2.3 loading /pool/condor/dir_21098/resummino-releases/lhapdf-prefix/share/LHAPDF/PDF4LHC21_40/PDF4LHC21_40_0000.dat
PDF4LHC21_40 PDF set, member #0, version 1
 alpha_s(M_Z^2) = 0.1180 	 for NLO PDF set 
 alpha_s(450.000^2) = 0.0952 	 for NLO PDF set 

********************
* LO cross section *
********************
The limits of integration are:

xl[0]=0.000000    xu[0]=1.000000
xl[1]=0.000000    xu[1]=1.000000
xl[2]=0.000000    xu[2]=1.000000

num_dim=3, calls=2000, it_num=1, max_it_num=5 verb=0, alph=1.50,
mode=0, bins=50, boxes=1

       single.......iteration                   accumulated......results   
iteration     integral    sigma             integral         sigma     chi-sq/it

   1        5.1184e-13   1.73e-14          5.1184e-13      1.73e-14    0.00e+00
   2        5.4321e-13   5.94e-15          5.3989e-13      5.62e-15    2.95e+00
   3        5.5038e-13   2.96e-15          5.4810e-13      2.62e-15    2.84e+00
   4        5.4651e-13   2.70e-15          5.4733e-13      1.88e-15    1.95e+00
   5        5.4534e-13   2.78e-15          5.4671e-13      1.56e-15    1.55e+00

num_dim=3, calls=20000, it_num=1, max_it_num=5 verb=0, alph=1.50,
mode=0, bins=50, boxes=1

       single.......iteration                   accumulated......results   
iteration     integral    sigma             integral         sigma     chi-sq/it

   1        5.4599e-13   8.64e-16          5.4599e-13      8.64e-16    0.00e+00
   2        5.4599e-13   8.40e-16          5.4599e-13      6.03e-16    9.11e-06
   3        5.4725e-13   8.24e-16          5.4643e-13      4.86e-16    7.66e-01
   4        5.4723e-13   8.78e-16          5.4662e-13      4.25e-16    7.23e-01
   5        5.4462e-13   8.76e-16          5.4623e-13      3.83e-16    1.60e+00
   5        5.4586e-13   8.83e-16          5.4618e-13      3.51e-16    1.31e+00
   5        5.4712e-13   8.80e-16          5.4631e-13      3.26e-16    1.26e+00
   5        5.4572e-13   9.02e-16          5.4624e-13      3.07e-16    1.13e+00
   5        5.4562e-13   9.25e-16          5.4618e-13      2.91e-16    1.04e+00
   5        5.4509e-13   9.33e-16          5.4608e-13      2.78e-16    1.06e+00
   5        5.4565e-13   9.86e-16          5.4605e-13      2.67e-16    9.73e-01
   5        5.4567e-13   9.97e-16          5.4602e-13      2.58e-16    8.97e-01
   5        5.4681e-13   1.05e-15          5.4607e-13      2.51e-16    8.66e-01
   5        5.4522e-13   1.09e-15          5.4603e-13      2.45e-16    8.44e-01
   5        5.4625e-13   1.17e-15          5.4604e-13      2.39e-16    7.86e-01
   5        5.4544e-13   1.22e-15          5.4601e-13      2.35e-16    7.49e-01
   5        5.4455e-13   1.22e-15          5.4596e-13      2.31e-16    7.89e-01
   5        5.4806e-13   1.26e-15          5.4603e-13      2.27e-16    9.01e-01
   5        5.4747e-13   1.36e-15          5.4607e-13      2.24e-16    9.12e-01
   5        5.4729e-13   1.34e-15          5.4610e-13      2.21e-16    9.06e-01
   5        5.4480e-13   1.40e-15          5.4607e-13      2.18e-16    9.03e-01
   5        5.4596e-13   1.43e-15          5.4607e-13      2.15e-16    8.61e-01
   5        5.4731e-13   1.45e-15          5.4609e-13      2.13e-16    8.54e-01
   5        5.4595e-13   1.57e-15          5.4609e-13      2.11e-16    8.17e-01
   5        5.4777e-13   1.52e-15          5.4612e-13      2.09e-16    8.33e-01
   5        5.4584e-13   1.57e-15          5.4612e-13      2.07e-16    8.01e-01
   5        5.4878e-13   1.67e-15          5.4616e-13      2.06e-16    8.67e-01
   5        5.4622e-13   1.59e-15          5.4616e-13      2.04e-16    8.35e-01
   5        5.4568e-13   1.64e-15          5.4615e-13      2.03e-16    8.08e-01
   5        5.4743e-13   1.73e-15          5.4617e-13      2.01e-16    7.99e-01
   5        5.4643e-13   1.69e-15          5.4617e-13      2.00e-16    7.73e-01
   5        5.4580e-13   1.78e-15          5.4617e-13      1.99e-16    7.49e-01
   5        5.4806e-13   1.72e-15          5.4619e-13      1.97e-16    7.63e-01
   5        5.4504e-13   1.81e-15          5.4618e-13      1.96e-16    7.52e-01
   5        5.4431e-13   1.76e-15          5.4616e-13      1.95e-16    7.63e-01
   5        5.4854e-13   1.82e-15          5.4618e-13      1.94e-16    7.90e-01
   5        5.4048e-13   1.75e-15          5.4611e-13      1.93e-16    1.06e+00
   5        5.4322e-13   1.83e-15          5.4608e-13      1.91e-16    1.10e+00
   5        5.4759e-13   1.81e-15          5.4610e-13      1.90e-16    1.09e+00
   5        5.4628e-13   1.86e-15          5.4610e-13      1.89e-16    1.06e+00
   5        5.4756e-13   1.88e-15          5.4612e-13      1.88e-16    1.05e+00
   5        5.4618e-13   1.87e-15          5.4612e-13      1.88e-16    1.02e+00
   5        5.5084e-13   1.91e-15          5.4616e-13      1.87e-16    1.14e+00
   5        5.4710e-13   1.85e-15          5.4617e-13      1.86e-16    1.12e+00
   5        5.4491e-13   1.90e-15          5.4616e-13      1.85e-16    1.11e+00
   5        5.4565e-13   1.94e-15          5.4615e-13      1.84e-16    1.08e+00
   5        5.4887e-13   2.01e-15          5.4618e-13      1.83e-16    1.10e+00
   5        5.4175e-13   1.97e-15          5.4614e-13      1.82e-16    1.18e+00
   5        5.5069e-13   2.06e-15          5.4617e-13      1.82e-16    1.26e+00
LO = (5.4617468e-13 +- 1.8169876e-16) pb

*******************************************
* virtual corrections + integrated dipole *
*******************************************
The limits of integration are:

xl[0]=0.000000    xu[0]=1.000000
xl[1]=0.000000    xu[1]=1.000000
xl[2]=0.000000    xu[2]=1.000000

num_dim=3, calls=240, it_num=1, max_it_num=5 verb=0, alph=1.50,
mode=0, bins=50, boxes=1

       single.......iteration                   accumulated......results   
iteration     integral    sigma             integral         sigma     chi-sq/it

   1        6.7801e-14   6.88e-15          6.7801e-14      6.88e-15    0.00e+00
   2        7.0985e-14   3.68e-15          7.0277e-14      3.24e-15    1.66e-01
   3        7.8991e-14   2.24e-15          7.6181e-14      1.84e-15    2.53e+00
   4        7.8421e-14   1.41e-15          7.7595e-14      1.12e-15    2.00e+00
   5        8.0427e-14   1.69e-15          7.8454e-14      9.33e-16    1.98e+00

num_dim=3, calls=1200, it_num=1, max_it_num=3 verb=0, alph=1.50,
mode=0, bins=50, boxes=1

       single.......iteration                   accumulated......results   
iteration     integral    sigma             integral         sigma     chi-sq/it

   1        7.6194e-14   7.15e-16          7.6194e-14      7.15e-16    0.00e+00
   2        7.7800e-14   5.81e-16          7.7162e-14      4.51e-16    3.04e+00
   3        7.7295e-14   5.31e-16          7.7217e-14      3.44e-16    1.54e+00
   3        7.8186e-14   5.06e-16          7.7523e-14      2.84e-16    1.86e+00
   3        7.6899e-14   5.40e-16          7.7388e-14      2.52e-16    1.66e+00
   3        7.7723e-14   5.16e-16          7.7452e-14      2.26e-16    1.39e+00
   3        7.7104e-14   5.75e-16          7.7405e-14      2.10e-16    1.21e+00
   3        7.7926e-14   5.53e-16          7.7471e-14      1.97e-16    1.15e+00
   3        7.7665e-14   5.26e-16          7.7495e-14      1.84e-16    1.02e+00
   3        7.7283e-14   5.45e-16          7.7473e-14      1.75e-16    9.24e-01
vNLO = (7.7473262e-14 +- 1.7454237e-16) pb

*****************************
* collinear remainder (P+K) *
*****************************
The limits of integration are:

xl[0]=0.000000    xu[0]=1.000000
xl[1]=0.000000    xu[1]=1.000000
xl[2]=0.000000    xu[2]=1.000000
xl[3]=0.000000    xu[3]=1.000000

num_dim=4, calls=2500, it_num=1, max_it_num=5 verb=0, alph=1.50,
mode=0, bins=50, boxes=1

       single.......iteration                   accumulated......results   
iteration     integral    sigma             integral         sigma     chi-sq/it

   1        5.7164e-14   4.52e-15          5.7164e-14      4.52e-15    0.00e+00
   2        5.7943e-14   1.83e-15          5.7833e-14      1.70e-15    2.55e-02
   3        5.8918e-14   1.56e-15          5.8420e-14      1.15e-15    1.23e-01
   4        5.9473e-14   1.49e-15          5.8812e-14      9.12e-16    1.86e-01
   5        6.1015e-14   1.48e-15          5.9420e-14      7.76e-16    5.41e-01

num_dim=4, calls=25000, it_num=1, max_it_num=3 verb=0, alph=1.50,
mode=0, bins=50, boxes=1

       single.......iteration                   accumulated......results   
iteration     integral    sigma             integral         sigma     chi-sq/it

   1        6.0775e-14   4.66e-16          6.0775e-14      4.66e-16    0.00e+00
   2        6.0720e-14   4.63e-16          6.0747e-14      3.29e-16    6.89e-03
   3        5.9469e-14   4.67e-16          6.0324e-14      2.69e-16    2.51e+00
   3        6.0197e-14   4.66e-16          6.0292e-14      2.33e-16    1.69e+00
   3        5.9318e-14   4.70e-16          6.0100e-14      2.09e-16    2.13e+00
   3        5.9362e-14   4.68e-16          5.9978e-14      1.90e-16    2.12e+00
   3        5.9654e-14   4.71e-16          5.9932e-14      1.77e-16    1.84e+00
   3        5.9968e-14   4.70e-16          5.9937e-14      1.65e-16    1.58e+00
   3        6.0036e-14   4.74e-16          5.9947e-14      1.56e-16    1.38e+00
P+K = (5.9947333e-14 +- 1.5606766e-16) pb

********************************
* real gluon emission - dipole *
********************************
The limits of integration are:

xl[0]=0.000000    xu[0]=1.000000
xl[1]=0.000000    xu[1]=1.000000
xl[2]=0.000000    xu[2]=1.000000
xl[3]=0.000000    xu[3]=1.000000
xl[4]=0.000000    xu[4]=1.000000
xl[5]=0.000000    xu[5]=1.000000

num_dim=6, calls=250, it_num=1, max_it_num=5 verb=0, alph=1.50,
mode=0, bins=50, boxes=1

       single.......iteration                   accumulated......results   
iteration     integral    sigma             integral         sigma     chi-sq/it

   1        -1.4194e-15   4.78e-16          -1.4194e-15      4.78e-16    0.00e+00
   2        -1.6431e-15   3.40e-16          -1.5680e-15      2.77e-16    1.45e-01
   3        -1.1614e-15   1.44e-16          -1.2477e-15      1.28e-16    9.21e-01
   4        -1.2708e-15   1.18e-16          -1.2601e-15      8.67e-17    6.20e-01
   5        -1.5218e-15   1.44e-16          -1.3300e-15      7.42e-17    1.07e+00

num_dim=6, calls=2500, it_num=1, max_it_num=3 verb=0, alph=1.50,
mode=0, bins=50, boxes=1

       single.......iteration                   accumulated......results   
iteration     integral    sigma             integral         sigma     chi-sq/it

   1        -1.2065e-15   2.75e-17          -1.2065e-15      2.75e-17    0.00e+00
   2        -1.2244e-15   1.69e-17          -1.2195e-15      1.44e-17    3.07e-01
   3        -1.2470e-15   1.63e-17          -1.2315e-15      1.08e-17    9.54e-01
rNLOg = (-1.2315440e-15 +- 1.0802871e-17) pb

**************************************************
* real light quark emission - dipole - (onshell) *
**************************************************
The limits of integration are:

xl[0]=0.000000    xu[0]=1.000000
xl[1]=0.000000    xu[1]=1.000000
xl[2]=0.000000    xu[2]=1.000000
xl[3]=0.000000    xu[3]=1.000000
xl[4]=0.000000    xu[4]=1.000000
xl[5]=0.000000    xu[5]=1.000000

num_dim=6, calls=5000, it_num=1, max_it_num=5 verb=0, alph=1.50,
mode=0, bins=50, boxes=1

       single.......iteration                   accumulated......results   
iteration     integral    sigma             integral         sigma     chi-sq/it

   1        3.2779e-15   2.43e-16          3.2779e-15      2.43e-16    0.00e+00
   2        3.4124e-15   7.01e-17          3.4021e-15      6.74e-17    2.84e-01
   3        3.3325e-15   3.72e-17          3.3487e-15      3.25e-17    5.50e-01
   4        3.2825e-15   2.87e-17          3.3115e-15      2.15e-17    1.14e+00
   5        3.3120e-15   2.46e-17          3.3117e-15      1.62e-17    8.57e-01

num_dim=6, calls=50000, it_num=1, max_it_num=5 verb=0, alph=1.50,
mode=0, bins=50, boxes=1

       single.......iteration                   accumulated......results   
iteration     integral    sigma             integral         sigma     chi-sq/it

   1        3.3048e-15   7.54e-18          3.3048e-15      7.54e-18    0.00e+00
   2        3.3241e-15   9.46e-18          3.3123e-15      5.90e-18    2.55e+00
   3        3.3333e-15   9.79e-18          3.3179e-15      5.05e-18    2.97e+00
   4        3.3161e-15   8.87e-18          3.3174e-15      4.39e-18    1.99e+00
   5        3.3237e-15   9.43e-18          3.3185e-15      3.98e-18    1.58e+00
   5        3.3137e-15   8.16e-18          3.3176e-15      3.58e-18    1.32e+00
rNLOq = (3.3176074e-15 +- 3.5767288e-18) pb
NLO = (6.8568134e-13 +- 2.9659078e-16) pb
#chisq/dof = 2.0506e-09
#status = success
#chisq/dof = 1.73047e-09
#status = success
#chisq/dof = 4.82113e-10
#status = success
#chisq/dof = 6.17638e-10
#status = success
#chisq/dof = 1.40585e-10
#status = success
#chisq/dof = 2.7121e-12
#status = success
#chisq/dof = 3.28608e-10
#status = success
#chisq/dof = 6.3879e-11
#status = success

*******************************************************
* threshold resummation (unimproved nnll) - expansion *
*******************************************************
The limits of integration are:

xl[0]=0.000000    xu[0]=1.000000
xl[1]=0.000000    xu[1]=1.000000
xl[2]=0.000000    xu[2]=1.000000

num_dim=3, calls=7000, it_num=1, max_it_num=5 verb=0, alph=1.50,
mode=0, bins=50, boxes=1

       single.......iteration                   accumulated......results   
iteration     integral    sigma             integral         sigma     chi-sq/it

   1        -8.7483e-15   6.40e-14          -8.7483e-15      6.40e-14    0.00e+00
   2        -3.0099e-14   2.48e-14          -2.7307e-14      2.32e-14    9.66e-02
   3        2.4419e-14   2.30e-14          -1.2926e-15      1.63e-14    1.30e+00
   4        4.1200e-14   2.27e-14          1.3198e-14      1.33e-14    1.64e+00
   5        2.6215e-14   2.30e-14          1.6446e-14      1.15e-14    1.29e+00

num_dim=3, calls=35000, it_num=1, max_it_num=5 verb=0, alph=1.50,
mode=0, bins=50, boxes=1

       single.......iteration                   accumulated......results   
iteration     integral    sigma             integral         sigma     chi-sq/it

   1        -3.9121e-16   1.01e-14          -3.9121e-16      1.01e-14    0.00e+00
   2        -1.0245e-14   1.02e-14          -5.3041e-15      7.18e-15    4.70e-01
   3        -9.9246e-15   1.02e-14          -6.8419e-15      5.87e-15    3.04e-01
   4        -1.1324e-14   1.02e-14          -7.9568e-15      5.09e-15    2.51e-01
   5        -1.7727e-15   1.01e-14          -6.7118e-15      4.54e-15    2.63e-01
   5        -4.5416e-15   1.02e-14          -6.3500e-15      4.15e-15    2.18e-01
   5        -9.2405e-15   1.01e-14          -6.7638e-15      3.84e-15    1.93e-01
   5        -2.1604e-14   1.02e-14          -8.6009e-15      3.59e-15    4.30e-01
   5        1.9726e-15   1.02e-14          -7.4374e-15      3.39e-15    4.95e-01
   5        -2.4823e-14   1.02e-14          -9.1571e-15      3.22e-15    7.29e-01
   5        -5.3758e-15   1.02e-14          -8.8158e-15      3.07e-15    6.68e-01
   5        -1.3024e-15   1.03e-14          -8.2004e-15      2.94e-15    6.52e-01
   5        -1.4829e-14   1.03e-14          -8.7024e-15      2.83e-15    6.30e-01
   5        2.8940e-14   1.03e-14          -6.0606e-15      2.73e-15    1.54e+00
   5        -1.0969e-15   1.04e-14          -5.7401e-15      2.64e-15    1.44e+00
   5        -1.1273e-14   1.04e-14          -6.0744e-15      2.56e-15    1.36e+00
   5        2.3789e-15   1.04e-14          -5.5904e-15      2.48e-15    1.32e+00
   5        -1.9586e-14   1.04e-14          -6.3475e-15      2.41e-15    1.34e+00
   5        1.9537e-16   1.04e-14          -6.0157e-15      2.35e-15    1.29e+00
   5        -2.0422e-14   1.05e-14          -6.7016e-15      2.30e-15    1.31e+00
   5        -8.6420e-16   1.05e-14          -6.4359e-15      2.24e-15    1.26e+00
   5        -1.3834e-14   1.05e-14          -6.7567e-15      2.19e-15    1.23e+00
   5        1.6908e-15   1.05e-14          -6.4034e-15      2.15e-15    1.20e+00
   5        -7.3338e-15   1.06e-14          -6.4398e-15      2.11e-15    1.15e+00
   5        -1.6077e-14   1.06e-14          -6.8064e-15      2.06e-15    1.13e+00
   5        -3.7442e-15   1.05e-14          -6.6923e-15      2.03e-15    1.09e+00
   5        2.2246e-15   1.06e-14          -6.3761e-15      1.99e-15    1.07e+00
   5        -2.0201e-15   1.06e-14          -6.2271e-15      1.96e-15    1.04e+00
   5        -1.0876e-14   1.06e-14          -6.3815e-15      1.92e-15    1.01e+00
   5        -3.8453e-15   1.07e-14          -6.3016e-15      1.89e-15    9.77e-01
   5        -7.8922e-15   1.07e-14          -6.3502e-15      1.86e-15    9.45e-01
   5        -2.5575e-15   1.06e-14          -6.2371e-15      1.83e-15    9.19e-01
   5        3.4636e-15   1.08e-14          -5.9637e-15      1.81e-15    9.15e-01
   5        -4.0276e-15   1.07e-14          -5.9096e-15      1.78e-15    8.88e-01
   5        -1.9555e-14   1.06e-14          -6.2841e-15      1.76e-15    9.09e-01
   5        -3.6208e-15   1.07e-14          -6.2137e-15      1.74e-15    8.85e-01
   5        -3.0365e-14   1.06e-14          -6.8391e-15      1.71e-15    1.00e+00
   5        1.8759e-14   1.06e-14          -6.1900e-15      1.69e-15    1.13e+00
   5        -8.2401e-15   1.08e-14          -6.2392e-15      1.67e-15    1.10e+00
   5        -6.9015e-15   1.07e-14          -6.2551e-15      1.65e-15    1.07e+00
   5        -1.4280e-14   1.07e-14          -6.4403e-15      1.63e-15    1.06e+00
   5        -1.6803e-14   1.08e-14          -6.6725e-15      1.61e-15    1.05e+00
   5        1.2642e-14   1.07e-14          -6.2459e-15      1.59e-15    1.10e+00
   5        -2.5000e-15   1.07e-14          -6.1651e-15      1.58e-15    1.08e+00
   5        -4.3387e-15   1.09e-14          -6.1273e-15      1.56e-15    1.06e+00
   5        -9.3818e-15   1.08e-14          -6.1943e-15      1.55e-15    1.03e+00
   5        -7.8403e-15   1.10e-14          -6.2262e-15      1.53e-15    1.01e+00
   5        5.1054e-15   1.09e-14          -6.0087e-15      1.52e-15    1.01e+00
   5        3.6837e-15   1.10e-14          -5.8271e-15      1.50e-15    1.01e+00
   5        -8.9983e-15   1.10e-14          -5.8850e-15      1.49e-15    9.89e-01
   5        -5.3402e-15   1.09e-14          -5.8752e-15      1.47e-15    9.69e-01
   5        5.9991e-15   1.11e-14          -5.6684e-15      1.46e-15    9.73e-01
   5        -5.8209e-17   1.11e-14          -5.5722e-15      1.45e-15    9.59e-01
   5        8.8656e-15   1.11e-14          -5.3291e-15      1.44e-15    9.72e-01
   5        -4.3727e-15   1.11e-14          -5.3134e-15      1.42e-15    9.54e-01
aNNLO+NNLL = (6.8036789e-13 +- 1.4547018e-15) pb

Results:
LO = (5.4617597e-13 +- 3.5109218e-16) pb
NLO = (6.8568134e-13 +- 2.9659078e-16) pb
aNNLO+NNLL = (6.8036789e-13 +- 1.4547018e-15) pb
Thanks for using LHAPDF 6.2.3. Please make sure to cite the paper:
  Eur.Phys.J. C75 (2015) 3, 132  (http://arxiv.org/abs/1412.7420)
 ====================================================
   FF 2.0, a package to evaluate one-loop integrals
 written by G. J. van Oldenborgh, NIKHEF-H, Amsterdam
 ====================================================
 for the algorithms used see preprint NIKHEF-H 89/17,
 'New Algorithms for One-loop Integrals', by G.J. van
 Oldenborgh and J.A.M. Vermaseren, published in 
 Zeitschrift fuer Physik C46(1990)425.
 ====================================================
 
total number of errors and warnings
===================================
fferr: no errors
 
