
  Welcome to Resummino git-latest
  Copyright 2008-2010 Jonathan Debove.
  Copyright 2011-2014 David R. Lamprea.
  Copyright 2011-2016 Marcel Rothering.

  Licensed under the EUPL 1.1 or later.
  See http://www.resummino.org/ for more information.

  If using Resummino for slepton pair production, please cite.
  - G. Bozzi, B. Fuks, M. Klasen, PRD 74, 015001 (2006); NPB 777, 157 (2007); NPB 794, 46 (2007).
  - B. Fuks, M. Klasen, D. R. Lamprea, M. Rothering, EPJC 73, 2480 (2013).

  For gaugino pair production, please cite:
  - J. Debove, B. Fuks, M. Klasen, PLB 688, 208 (2010); NPB 842, 51 (2011); NPB 849, 64 (2011).
  - B. Fuks, M. Klasen, D. R. Lamprea, M. Rothering, JHEP 1210, 081 (2012); EPJC 73, 2480 (2013).

  For associated gaugino gluino production, please cite:
  - B. Fuks, M. Klasen, M. Rothering, JHEP 07:053, (2016).
  - B. Fuks, M. Klasen, D. R. Lamprea, M. Rothering, EPJC 73, 2480 (2013).

LHAPDF 6.2.3 loading /pool/condor/dir_48713/resummino-releases/lhapdf-prefix/share/LHAPDF/PDF4LHC21_40/PDF4LHC21_40_0000.dat
PDF4LHC21_40 PDF set, member #0, version 1
 alpha_s(M_Z^2) = 0.1180 	 for LO PDF set 
 alpha_s(200.000^2) = 0.1055 	 for LO PDF set 

********************
* LO cross section *
********************
The limits of integration are:

xl[0]=0.000000    xu[0]=1.000000
xl[1]=0.000000    xu[1]=1.000000
xl[2]=0.000000    xu[2]=1.000000

num_dim=3, calls=2000, it_num=1, max_it_num=5 verb=0, alph=1.50,
mode=0, bins=50, boxes=1

       single.......iteration                   accumulated......results   
iteration     integral    sigma             integral         sigma     chi-sq/it

   1        7.6645e-12   2.56e-13          7.6645e-12      2.56e-13    0.00e+00
   2        7.8505e-12   8.24e-14          7.8330e-12      7.85e-14    4.78e-01
   3        7.9603e-12   4.66e-14          7.9271e-12      4.01e-14    1.21e+00
   4        7.9131e-12   4.39e-14          7.9207e-12      2.96e-14    8.26e-01
   5        7.8784e-12   4.62e-14          7.9084e-12      2.49e-14    7.68e-01

num_dim=3, calls=20000, it_num=1, max_it_num=5 verb=0, alph=1.50,
mode=0, bins=50, boxes=1

       single.......iteration                   accumulated......results   
iteration     integral    sigma             integral         sigma     chi-sq/it

   1        7.9001e-12   1.41e-14          7.9001e-12      1.41e-14    0.00e+00
   2        7.9027e-12   1.38e-14          7.9014e-12      9.87e-15    1.74e-02
   3        7.9333e-12   1.38e-14          7.9122e-12      8.02e-15    1.79e+00
   4        7.9244e-12   1.44e-14          7.9151e-12      7.01e-15    1.38e+00
   5        7.8821e-12   1.43e-14          7.9087e-12      6.29e-15    2.11e+00
   5        7.9073e-12   1.45e-14          7.9085e-12      5.77e-15    1.69e+00
   5        7.9198e-12   1.46e-14          7.9100e-12      5.36e-15    1.50e+00
LO = (7.9100202e-12 +- 5.3641150e-15) pb
LHAPDF 6.2.3 loading /pool/condor/dir_48713/resummino-releases/lhapdf-prefix/share/LHAPDF/PDF4LHC21_40/PDF4LHC21_40_0030.dat
PDF4LHC21_40 PDF set, member #30, version 1
 alpha_s(M_Z^2) = 0.1180 	 for NLO PDF set 
 alpha_s(200.000^2) = 0.1055 	 for NLO PDF set 

********************
* LO cross section *
********************
The limits of integration are:

xl[0]=0.000000    xu[0]=1.000000
xl[1]=0.000000    xu[1]=1.000000
xl[2]=0.000000    xu[2]=1.000000

num_dim=3, calls=2000, it_num=1, max_it_num=5 verb=0, alph=1.50,
mode=0, bins=50, boxes=1

       single.......iteration                   accumulated......results   
iteration     integral    sigma             integral         sigma     chi-sq/it

   1        7.5869e-12   2.55e-13          7.5869e-12      2.55e-13    0.00e+00
   2        7.7677e-12   8.20e-14          7.7508e-12      7.80e-14    4.56e-01
   3        7.8772e-12   4.69e-14          7.8437e-12      4.02e-14    1.19e+00
   4        7.8284e-12   4.44e-14          7.8368e-12      2.98e-14    8.16e-01
   5        7.7916e-12   4.66e-14          7.8237e-12      2.51e-14    7.79e-01

num_dim=3, calls=20000, it_num=1, max_it_num=5 verb=0, alph=1.50,
mode=0, bins=50, boxes=1

       single.......iteration                   accumulated......results   
iteration     integral    sigma             integral         sigma     chi-sq/it

   1        7.8181e-12   1.43e-14          7.8181e-12      1.43e-14    0.00e+00
   2        7.8208e-12   1.40e-14          7.8194e-12      9.98e-15    1.86e-02
   3        7.8505e-12   1.39e-14          7.8300e-12      8.10e-15    1.66e+00
   4        7.8426e-12   1.45e-14          7.8330e-12      7.08e-15    1.30e+00
   5        7.8006e-12   1.44e-14          7.8267e-12      6.35e-15    2.00e+00
   5        7.8234e-12   1.46e-14          7.8262e-12      5.82e-15    1.61e+00
   5        7.8366e-12   1.48e-14          7.8276e-12      5.41e-15    1.41e+00
   5        7.8172e-12   1.50e-14          7.8264e-12      5.09e-15    1.27e+00
   5        7.8119e-12   1.55e-14          7.8250e-12      4.84e-15    1.21e+00
   5        7.7923e-12   1.58e-14          7.8222e-12      4.63e-15    1.51e+00
   5        7.8228e-12   1.66e-14          7.8222e-12      4.46e-15    1.36e+00
   5        7.8110e-12   1.68e-14          7.8215e-12      4.31e-15    1.27e+00
   5        7.8393e-12   1.77e-14          7.8225e-12      4.19e-15    1.25e+00
   5        7.8106e-12   1.81e-14          7.8219e-12      4.08e-15    1.18e+00
   5        7.8261e-12   1.91e-14          7.8221e-12      3.99e-15    1.10e+00
   5        7.8125e-12   1.95e-14          7.8217e-12      3.91e-15    1.04e+00
   5        7.8109e-12   1.96e-14          7.8213e-12      3.83e-15    9.95e-01
   5        7.8493e-12   2.02e-14          7.8223e-12      3.77e-15    1.05e+00
   5        7.8534e-12   2.15e-14          7.8232e-12      3.71e-15    1.10e+00
   5        7.8570e-12   2.11e-14          7.8242e-12      3.65e-15    1.17e+00
   5        7.8086e-12   2.17e-14          7.8238e-12      3.60e-15    1.14e+00
   5        7.8252e-12   2.23e-14          7.8238e-12      3.56e-15    1.09e+00
   5        7.8398e-12   2.28e-14          7.8242e-12      3.51e-15    1.06e+00
   5        7.8076e-12   2.36e-14          7.8238e-12      3.48e-15    1.03e+00
   5        7.8612e-12   2.38e-14          7.8246e-12      3.44e-15    1.09e+00
   5        7.8238e-12   2.39e-14          7.8246e-12      3.40e-15    1.05e+00
   5        7.8736e-12   2.48e-14          7.8255e-12      3.37e-15    1.15e+00
   5        7.8360e-12   2.38e-14          7.8257e-12      3.34e-15    1.12e+00
   5        7.8193e-12   2.45e-14          7.8256e-12      3.31e-15    1.08e+00
   5        7.8531e-12   2.59e-14          7.8260e-12      3.28e-15    1.08e+00
   5        7.8194e-12   2.44e-14          7.8259e-12      3.25e-15    1.05e+00
   5        7.8273e-12   2.51e-14          7.8259e-12      3.23e-15    1.02e+00
   5        7.8589e-12   2.43e-14          7.8265e-12      3.20e-15    1.04e+00
   5        7.7939e-12   2.47e-14          7.8260e-12      3.17e-15    1.06e+00
   5        7.8037e-12   2.50e-14          7.8256e-12      3.15e-15    1.05e+00
   5        7.8650e-12   2.57e-14          7.8262e-12      3.12e-15    1.09e+00
   5        7.7579e-12   2.40e-14          7.8250e-12      3.10e-15    1.28e+00
   5        7.7987e-12   2.46e-14          7.8246e-12      3.07e-15    1.28e+00
   5        7.8525e-12   2.50e-14          7.8250e-12      3.05e-15    1.27e+00
   5        7.8344e-12   2.55e-14          7.8252e-12      3.03e-15    1.24e+00
   5        7.8549e-12   2.65e-14          7.8256e-12      3.01e-15    1.24e+00
   5        7.8376e-12   2.56e-14          7.8257e-12      2.99e-15    1.22e+00
   5        7.8838e-12   2.62e-14          7.8265e-12      2.97e-15    1.31e+00
   5        7.8364e-12   2.65e-14          7.8266e-12      2.95e-15    1.28e+00
   5        7.7994e-12   2.71e-14          7.8263e-12      2.93e-15    1.27e+00
   5        7.8261e-12   2.79e-14          7.8263e-12      2.92e-15    1.24e+00
   5        7.8529e-12   2.81e-14          7.8266e-12      2.90e-15    1.24e+00
   5        7.7680e-12   2.71e-14          7.8259e-12      2.88e-15    1.31e+00
   5        7.8819e-12   2.79e-14          7.8265e-12      2.87e-15    1.36e+00
   5        7.8710e-12   2.74e-14          7.8270e-12      2.85e-15    1.39e+00
   5        7.8236e-12   2.76e-14          7.8269e-12      2.84e-15    1.36e+00
   5        7.7657e-12   2.82e-14          7.8263e-12      2.82e-15    1.43e+00
   5        7.8267e-12   2.88e-14          7.8263e-12      2.81e-15    1.40e+00
   5        7.8220e-12   2.90e-14          7.8263e-12      2.80e-15    1.37e+00
   5        7.9039e-12   2.86e-14          7.8270e-12      2.78e-15    1.48e+00
LO = (7.8270152e-12 +- 2.7846391e-15) pb

*******************************************
* virtual corrections + integrated dipole *
*******************************************
The limits of integration are:

xl[0]=0.000000    xu[0]=1.000000
xl[1]=0.000000    xu[1]=1.000000
xl[2]=0.000000    xu[2]=1.000000

num_dim=3, calls=240, it_num=1, max_it_num=5 verb=0, alph=1.50,
mode=0, bins=50, boxes=1

       single.......iteration                   accumulated......results   
iteration     integral    sigma             integral         sigma     chi-sq/it

   1        1.1576e-12   1.20e-13          1.1576e-12      1.20e-13    0.00e+00
   2        1.0999e-12   4.59e-14          1.1073e-12      4.29e-14    2.02e-01
   3        1.2242e-12   3.35e-14          1.1799e-12      2.64e-14    2.41e+00
   4        1.2137e-12   2.51e-14          1.1976e-12      1.82e-14    1.90e+00
   5        1.2821e-12   2.89e-14          1.2216e-12      1.54e-14    2.95e+00

num_dim=3, calls=1200, it_num=1, max_it_num=3 verb=0, alph=1.50,
mode=0, bins=50, boxes=1

       single.......iteration                   accumulated......results   
iteration     integral    sigma             integral         sigma     chi-sq/it

   1        1.2055e-12   1.22e-14          1.2055e-12      1.22e-14    0.00e+00
   2        1.2326e-12   1.07e-14          1.2208e-12      8.05e-15    2.80e+00
   3        1.2255e-12   9.77e-15          1.2227e-12      6.21e-15    1.47e+00
   3        1.2441e-12   9.89e-15          1.2287e-12      5.26e-15    2.09e+00
   3        1.2218e-12   9.83e-15          1.2272e-12      4.64e-15    1.67e+00
   3        1.2304e-12   9.60e-15          1.2278e-12      4.18e-15    1.35e+00
   3        1.2161e-12   1.07e-14          1.2263e-12      3.89e-15    1.30e+00
   3        1.2388e-12   1.01e-14          1.2279e-12      3.63e-15    1.30e+00
   3        1.2324e-12   9.38e-15          1.2284e-12      3.39e-15    1.17e+00
   3        1.2261e-12   9.87e-15          1.2282e-12      3.20e-15    1.04e+00
   3        1.2148e-12   1.01e-14          1.2270e-12      3.05e-15    1.10e+00
   3        1.2224e-12   9.92e-15          1.2266e-12      2.92e-15    1.02e+00
   3        1.2330e-12   9.46e-15          1.2271e-12      2.79e-15    9.66e-01
   3        1.2361e-12   1.03e-14          1.2278e-12      2.69e-15    9.46e-01
   3        1.2305e-12   1.03e-14          1.2279e-12      2.60e-15    8.83e-01
vNLO = (1.2279324e-12 +- 2.6037090e-15) pb

*****************************
* collinear remainder (P+K) *
*****************************
The limits of integration are:

xl[0]=0.000000    xu[0]=1.000000
xl[1]=0.000000    xu[1]=1.000000
xl[2]=0.000000    xu[2]=1.000000
xl[3]=0.000000    xu[3]=1.000000

num_dim=4, calls=2500, it_num=1, max_it_num=5 verb=0, alph=1.50,
mode=0, bins=50, boxes=1

       single.......iteration                   accumulated......results   
iteration     integral    sigma             integral         sigma     chi-sq/it

   1        2.7995e-13   6.08e-14          2.7995e-13      6.08e-14    0.00e+00
   2        2.1522e-13   3.36e-14          2.3035e-13      2.94e-14    8.69e-01
   3        2.0316e-13   2.77e-14          2.1596e-13      2.02e-14    6.61e-01
   4        1.9205e-13   2.80e-14          2.0779e-13      1.64e-14    6.01e-01
   5        1.7912e-13   2.81e-14          2.0054e-13      1.41e-14    6.45e-01

num_dim=4, calls=25000, it_num=1, max_it_num=3 verb=0, alph=1.50,
mode=0, bins=50, boxes=1

       single.......iteration                   accumulated......results   
iteration     integral    sigma             integral         sigma     chi-sq/it

   1        1.8460e-13   8.84e-15          1.8460e-13      8.84e-15    0.00e+00
   2        1.7382e-13   8.86e-15          1.7923e-13      6.26e-15    7.41e-01
   3        1.8591e-13   8.77e-15          1.8148e-13      5.09e-15    5.63e-01
   3        1.8249e-13   8.83e-15          1.8173e-13      4.41e-15    3.79e-01
   3        1.9168e-13   8.88e-15          1.8370e-13      3.95e-15    5.35e-01
   3        1.8733e-13   8.84e-15          1.8431e-13      3.61e-15    4.56e-01
   3        1.9204e-13   8.83e-15          1.8541e-13      3.34e-15    4.90e-01
   3        1.7186e-13   8.86e-15          1.8373e-13      3.12e-15    7.13e-01
   3        1.8034e-13   8.91e-15          1.8336e-13      2.95e-15    6.40e-01
   3        1.8288e-13   8.90e-15          1.8331e-13      2.80e-15    5.69e-01
   3        1.7871e-13   8.88e-15          1.8289e-13      2.67e-15    5.36e-01
   3        1.9022e-13   8.91e-15          1.8350e-13      2.56e-15    5.44e-01
P+K = (1.8349700e-13 +- 2.5572053e-15) pb

********************************
* real gluon emission - dipole *
********************************
The limits of integration are:

xl[0]=0.000000    xu[0]=1.000000
xl[1]=0.000000    xu[1]=1.000000
xl[2]=0.000000    xu[2]=1.000000
xl[3]=0.000000    xu[3]=1.000000
xl[4]=0.000000    xu[4]=1.000000
xl[5]=0.000000    xu[5]=1.000000

num_dim=6, calls=250, it_num=1, max_it_num=5 verb=0, alph=1.50,
mode=0, bins=50, boxes=1

       single.......iteration                   accumulated......results   
iteration     integral    sigma             integral         sigma     chi-sq/it

   1        -4.4485e-14   1.19e-14          -4.4485e-14      1.19e-14    0.00e+00
   2        -4.7978e-14   1.05e-14          -4.6459e-14      7.86e-15    4.85e-02
   3        -3.7372e-14   4.41e-15          -3.9548e-14      3.85e-15    5.32e-01
   4        -3.7886e-14   4.37e-15          -3.8823e-14      2.89e-15    3.82e-01
   5        -3.8796e-14   3.28e-15          -3.8811e-14      2.17e-15    2.86e-01

num_dim=6, calls=2500, it_num=1, max_it_num=3 verb=0, alph=1.50,
mode=0, bins=50, boxes=1

       single.......iteration                   accumulated......results   
iteration     integral    sigma             integral         sigma     chi-sq/it

   1        -4.1649e-14   1.40e-15          -4.1649e-14      1.40e-15    0.00e+00
   2        -4.0780e-14   8.46e-16          -4.1012e-14      7.24e-16    2.81e-01
   3        -4.1711e-14   8.49e-16          -4.1306e-14      5.51e-16    3.37e-01
   3        -4.0851e-14   7.93e-16          -4.1158e-14      4.53e-16    2.99e-01
   3        -4.0539e-14   6.24e-16          -4.0945e-14      3.66e-16    3.86e-01
   3        -4.0362e-14   5.36e-16          -4.0759e-14      3.02e-16    4.70e-01
   3        -3.9914e-14   4.99e-16          -4.0532e-14      2.59e-16    7.41e-01
rNLOg = (-4.0532202e-14 +- 2.5865688e-16) pb

**************************************************
* real light quark emission - dipole - (onshell) *
**************************************************
The limits of integration are:

xl[0]=0.000000    xu[0]=1.000000
xl[1]=0.000000    xu[1]=1.000000
xl[2]=0.000000    xu[2]=1.000000
xl[3]=0.000000    xu[3]=1.000000
xl[4]=0.000000    xu[4]=1.000000
xl[5]=0.000000    xu[5]=1.000000

num_dim=6, calls=5000, it_num=1, max_it_num=5 verb=0, alph=1.50,
mode=0, bins=50, boxes=1

       single.......iteration                   accumulated......results   
iteration     integral    sigma             integral         sigma     chi-sq/it

   1        1.3611e-13   1.08e-14          1.3611e-13      1.08e-14    0.00e+00
   2        1.4352e-13   3.31e-15          1.4288e-13      3.16e-15    4.32e-01
   3        1.3681e-13   1.66e-15          1.3812e-13      1.47e-15    1.66e+00
   4        1.3658e-13   1.41e-15          1.3732e-13      1.02e-15    1.30e+00
   5        1.3750e-13   1.30e-15          1.3739e-13      8.02e-16    9.76e-01

num_dim=6, calls=50000, it_num=1, max_it_num=5 verb=0, alph=1.50,
mode=0, bins=50, boxes=1

       single.......iteration                   accumulated......results   
iteration     integral    sigma             integral         sigma     chi-sq/it

   1        1.3732e-13   4.06e-16          1.3732e-13      4.06e-16    0.00e+00
   2        1.3806e-13   4.31e-16          1.3767e-13      2.96e-16    1.55e+00
   3        1.3885e-13   4.76e-16          1.3800e-13      2.51e-16    3.02e+00
   4        1.3787e-13   4.51e-16          1.3797e-13      2.19e-16    2.04e+00
   5        1.3803e-13   4.58e-16          1.3798e-13      1.98e-16    1.53e+00
   5        1.3789e-13   4.15e-16          1.3796e-13      1.79e-16    1.23e+00
rNLOq = (1.3796235e-13 +- 1.7857718e-16) pb
NLO = (9.3358748e-12 +- 4.6012615e-15) pb
#chisq/dof = 5.5711e-07
#status = success
#chisq/dof = 1.02966e-08
#status = success
#chisq/dof = 2.14124e-09
#status = success
#chisq/dof = 7.19848e-09
#status = success
#chisq/dof = 4.46609e-10
#status = success
#chisq/dof = 1.97204e-10
#status = success
#chisq/dof = 1.80734e-09
#status = success
#chisq/dof = 4.529e-10
#status = success

*******************************************************
* threshold resummation (unimproved nnll) - expansion *
*******************************************************
The limits of integration are:

xl[0]=0.000000    xu[0]=1.000000
xl[1]=0.000000    xu[1]=1.000000
xl[2]=0.000000    xu[2]=1.000000

num_dim=3, calls=7000, it_num=1, max_it_num=5 verb=0, alph=1.50,
mode=0, bins=50, boxes=1

       single.......iteration                   accumulated......results   
iteration     integral    sigma             integral         sigma     chi-sq/it

   1        -9.9763e-13   1.01e-12          -9.9763e-13      1.01e-12    0.00e+00
   2        -4.9463e-13   3.37e-13          -5.4483e-13      3.20e-13    2.22e-01
   3        3.5185e-13   3.05e-13          -7.4957e-14      2.21e-13    2.17e+00
   4        1.5376e-13   2.99e-13          5.6373e-15      1.77e-13    1.58e+00
   5        2.3497e-13   3.06e-13          6.3230e-14      1.54e-13    1.29e+00

num_dim=3, calls=35000, it_num=1, max_it_num=5 verb=0, alph=1.50,
mode=0, bins=50, boxes=1

       single.......iteration                   accumulated......results   
iteration     integral    sigma             integral         sigma     chi-sq/it

   1        -1.3372e-13   1.36e-13          -1.3372e-13      1.36e-13    0.00e+00
   2        -1.0228e-13   1.35e-13          -1.1799e-13      9.58e-14    2.69e-02
   3        -3.1028e-13   1.35e-13          -1.8233e-13      7.82e-14    6.87e-01
   4        -2.8671e-13   1.35e-13          -2.0847e-13      6.77e-14    6.07e-01
   5        -1.5757e-14   1.35e-13          -1.6973e-13      6.05e-14    8.62e-01
   5        2.3532e-14   1.36e-13          -1.3777e-13      5.53e-14    1.03e+00
   5        -2.5989e-13   1.36e-13          -1.5513e-13      5.12e-14    9.72e-01
   5        -2.4483e-13   1.36e-13          -1.6626e-13      4.79e-14    8.87e-01
   5        -1.3446e-13   1.36e-13          -1.6276e-13      4.52e-14    7.82e-01
   5        -3.7829e-13   1.36e-13          -1.8407e-13      4.29e-14    9.45e-01
   5        -4.4884e-14   1.36e-13          -1.7146e-13      4.09e-14    9.46e-01
   5        9.2817e-14   1.37e-13          -1.4989e-13      3.92e-14    1.17e+00
   5        -1.7415e-13   1.38e-13          -1.5171e-13      3.77e-14    1.07e+00
   5        1.0439e-13   1.37e-13          -1.3360e-13      3.64e-14    1.24e+00
   5        -9.8808e-14   1.39e-13          -1.3136e-13      3.52e-14    1.16e+00
   5        -3.6326e-13   1.38e-13          -1.4547e-13      3.41e-14    1.26e+00
   5        1.3023e-13   1.38e-13          -1.2969e-13      3.31e-14    1.41e+00
   5        -1.6940e-13   1.39e-13          -1.3182e-13      3.22e-14    1.33e+00
   5        -2.1781e-13   1.39e-13          -1.3618e-13      3.14e-14    1.28e+00
   5        -3.5053e-13   1.41e-13          -1.4633e-13      3.06e-14    1.33e+00
   5        7.8854e-14   1.40e-13          -1.3612e-13      2.99e-14    1.39e+00
   5        -2.3706e-13   1.41e-13          -1.4046e-13      2.93e-14    1.34e+00
   5        2.2245e-14   1.40e-13          -1.3367e-13      2.86e-14    1.34e+00
   5        -1.4253e-13   1.41e-13          -1.3402e-13      2.81e-14    1.28e+00
   5        -2.0051e-13   1.41e-13          -1.3656e-13      2.75e-14    1.24e+00
   5        -8.1946e-14   1.41e-13          -1.3455e-13      2.70e-14    1.19e+00
   5        1.0405e-14   1.41e-13          -1.2941e-13      2.65e-14    1.19e+00
   5        -1.9692e-13   1.40e-13          -1.3175e-13      2.61e-14    1.15e+00
   5        -9.9114e-14   1.41e-13          -1.3066e-13      2.56e-14    1.11e+00
   5        -2.0727e-13   1.41e-13          -1.3311e-13      2.52e-14    1.08e+00
   5        -2.2462e-13   1.40e-13          -1.3597e-13      2.48e-14    1.06e+00
   5        -1.7268e-13   1.41e-13          -1.3707e-13      2.44e-14    1.03e+00
   5        3.2658e-14   1.42e-13          -1.3216e-13      2.41e-14    1.04e+00
   5        -2.1585e-14   1.42e-13          -1.2906e-13      2.37e-14    1.03e+00
   5        -2.3544e-13   1.42e-13          -1.3197e-13      2.34e-14    1.01e+00
   5        -2.5455e-13   1.43e-13          -1.3519e-13      2.31e-14    1.00e+00
   5        -1.3245e-13   1.42e-13          -1.3512e-13      2.28e-14    9.77e-01
   5        1.8419e-14   1.42e-13          -1.3126e-13      2.25e-14    9.81e-01
   5        -1.7988e-13   1.42e-13          -1.3246e-13      2.22e-14    9.58e-01
   5        1.8833e-13   1.42e-13          -1.2482e-13      2.20e-14    1.06e+00
   5        -1.7857e-13   1.44e-13          -1.2604e-13      2.17e-14    1.04e+00
   5        -2.1294e-13   1.43e-13          -1.2800e-13      2.15e-14    1.02e+00
   5        3.5712e-14   1.43e-13          -1.2437e-13      2.12e-14    1.03e+00
   5        1.6348e-14   1.43e-13          -1.2132e-13      2.10e-14    1.03e+00
   5        -1.3668e-13   1.44e-13          -1.2164e-13      2.08e-14    1.00e+00
   5        -1.0023e-13   1.42e-13          -1.2119e-13      2.06e-14    9.81e-01
   5        -1.8840e-13   1.44e-13          -1.2254e-13      2.04e-14    9.64e-01
   5        -2.5519e-14   1.44e-13          -1.2065e-13      2.02e-14    9.53e-01
   5        -2.0063e-14   1.45e-13          -1.1873e-13      2.00e-14    9.43e-01
   5        -3.0372e-13   1.46e-13          -1.2214e-13      1.98e-14    9.56e-01
   5        -1.9967e-13   1.45e-13          -1.2355e-13      1.96e-14    9.43e-01
   5        8.9407e-14   1.47e-13          -1.1983e-13      1.94e-14    9.65e-01
   5        -4.1120e-14   1.46e-13          -1.1845e-13      1.93e-14    9.52e-01
   5        1.9425e-13   1.45e-13          -1.1306e-13      1.91e-14    1.02e+00
   5        -9.5828e-14   1.46e-13          -1.1277e-13      1.89e-14    1.00e+00
aNNLO+NNLL = (9.2231041e-12 +- 1.9484787e-14) pb

Results:
LO = (7.9100202e-12 +- 5.3641150e-15) pb
NLO = (9.3358748e-12 +- 4.6012615e-15) pb
aNNLO+NNLL = (9.2231041e-12 +- 1.9484787e-14) pb
Thanks for using LHAPDF 6.2.3. Please make sure to cite the paper:
  Eur.Phys.J. C75 (2015) 3, 132  (http://arxiv.org/abs/1412.7420)
 ====================================================
   FF 2.0, a package to evaluate one-loop integrals
 written by G. J. van Oldenborgh, NIKHEF-H, Amsterdam
 ====================================================
 for the algorithms used see preprint NIKHEF-H 89/17,
 'New Algorithms for One-loop Integrals', by G.J. van
 Oldenborgh and J.A.M. Vermaseren, published in 
 Zeitschrift fuer Physik C46(1990)425.
 ====================================================
 
total number of errors and warnings
===================================
fferr: no errors
 
