
  Welcome to Resummino git-latest
  Copyright 2008-2010 Jonathan Debove.
  Copyright 2011-2014 David R. Lamprea.
  Copyright 2011-2016 Marcel Rothering.

  Licensed under the EUPL 1.1 or later.
  See http://www.resummino.org/ for more information.

  If using Resummino for slepton pair production, please cite.
  - G. Bozzi, B. Fuks, M. Klasen, PRD 74, 015001 (2006); NPB 777, 157 (2007); NPB 794, 46 (2007).
  - B. Fuks, M. Klasen, D. R. Lamprea, M. Rothering, EPJC 73, 2480 (2013).

  For gaugino pair production, please cite:
  - J. Debove, B. Fuks, M. Klasen, PLB 688, 208 (2010); NPB 842, 51 (2011); NPB 849, 64 (2011).
  - B. Fuks, M. Klasen, D. R. Lamprea, M. Rothering, JHEP 1210, 081 (2012); EPJC 73, 2480 (2013).

  For associated gaugino gluino production, please cite:
  - B. Fuks, M. Klasen, M. Rothering, JHEP 07:053, (2016).
  - B. Fuks, M. Klasen, D. R. Lamprea, M. Rothering, EPJC 73, 2480 (2013).

LHAPDF 6.2.3 loading /pool/condor/dir_61034/resummino-releases/lhapdf-prefix/share/LHAPDF/PDF4LHC21_40/PDF4LHC21_40_0000.dat
PDF4LHC21_40 PDF set, member #0, version 1
 alpha_s(M_Z^2) = 0.1180 	 for LO PDF set 
 alpha_s(1900.000^2) = 0.0811 	 for LO PDF set 

********************
* LO cross section *
********************
The limits of integration are:

xl[0]=0.000000    xu[0]=1.000000
xl[1]=0.000000    xu[1]=1.000000
xl[2]=0.000000    xu[2]=1.000000

num_dim=3, calls=2000, it_num=1, max_it_num=5 verb=0, alph=1.50,
mode=0, bins=50, boxes=1

       single.......iteration                   accumulated......results   
iteration     integral    sigma             integral         sigma     chi-sq/it

   1        1.7639e-14   5.35e-16          1.7639e-14      5.35e-16    0.00e+00
   2        1.8873e-14   1.96e-16          1.8727e-14      1.84e-16    4.70e+00
   3        1.8970e-14   1.03e-16          1.8912e-14      9.00e-17    3.01e+00
   4        1.8795e-14   9.79e-17          1.8858e-14      6.63e-17    2.26e+00
   5        1.8888e-14   9.24e-17          1.8869e-14      5.39e-17    1.72e+00

num_dim=3, calls=20000, it_num=1, max_it_num=5 verb=0, alph=1.50,
mode=0, bins=50, boxes=1

       single.......iteration                   accumulated......results   
iteration     integral    sigma             integral         sigma     chi-sq/it

   1        1.8884e-14   3.00e-17          1.8884e-14      3.00e-17    0.00e+00
   2        1.8887e-14   2.89e-17          1.8886e-14      2.08e-17    3.85e-03
   3        1.8875e-14   2.72e-17          1.8882e-14      1.65e-17    5.46e-02
   4        1.8888e-14   2.91e-17          1.8883e-14      1.44e-17    4.77e-02
   5        1.8823e-14   3.06e-17          1.8872e-14      1.30e-17    8.36e-01
LO = (1.8872099e-14 +- 1.2996766e-17) pb
LHAPDF 6.2.3 loading /pool/condor/dir_61034/resummino-releases/lhapdf-prefix/share/LHAPDF/PDF4LHC21_40/PDF4LHC21_40_0004.dat
PDF4LHC21_40 PDF set, member #4, version 1
 alpha_s(M_Z^2) = 0.1180 	 for NLO PDF set 
 alpha_s(1900.000^2) = 0.0811 	 for NLO PDF set 

********************
* LO cross section *
********************
The limits of integration are:

xl[0]=0.000000    xu[0]=1.000000
xl[1]=0.000000    xu[1]=1.000000
xl[2]=0.000000    xu[2]=1.000000

num_dim=3, calls=2000, it_num=1, max_it_num=5 verb=0, alph=1.50,
mode=0, bins=50, boxes=1

       single.......iteration                   accumulated......results   
iteration     integral    sigma             integral         sigma     chi-sq/it

   1        1.9862e-14   5.85e-16          1.9862e-14      5.85e-16    0.00e+00
   2        2.1051e-14   2.15e-16          2.0910e-14      2.02e-16    3.64e+00
   3        2.1209e-14   1.13e-16          2.1138e-14      9.85e-17    2.66e+00
   4        2.0980e-14   1.08e-16          2.1066e-14      7.27e-17    2.16e+00
   5        2.1075e-14   1.04e-16          2.1069e-14      5.95e-17    1.62e+00

num_dim=3, calls=20000, it_num=1, max_it_num=5 verb=0, alph=1.50,
mode=0, bins=50, boxes=1

       single.......iteration                   accumulated......results   
iteration     integral    sigma             integral         sigma     chi-sq/it

   1        2.1098e-14   3.29e-17          2.1098e-14      3.29e-17    0.00e+00
   2        2.1103e-14   3.19e-17          2.1101e-14      2.29e-17    1.15e-02
   3        2.1096e-14   3.04e-17          2.1099e-14      1.83e-17    1.49e-02
   4        2.1108e-14   3.26e-17          2.1101e-14      1.60e-17    3.16e-02
   5        2.1038e-14   3.36e-17          2.1090e-14      1.44e-17    7.39e-01
   5        2.1045e-14   3.31e-17          2.1083e-14      1.32e-17    8.95e-01
   5        2.1121e-14   3.30e-17          2.1088e-14      1.23e-17    9.44e-01
   5        2.1060e-14   3.40e-17          2.1085e-14      1.15e-17    8.94e-01
   5        2.1087e-14   3.45e-17          2.1085e-14      1.09e-17    7.83e-01
   5        2.1040e-14   3.51e-17          2.1081e-14      1.04e-17    8.60e-01
   5        2.1047e-14   3.63e-17          2.1078e-14      1.00e-17    8.55e-01
   5        2.1104e-14   3.72e-17          2.1080e-14      9.70e-18    8.18e-01
   5        2.1107e-14   3.86e-17          2.1082e-14      9.40e-18    7.88e-01
   5        2.1074e-14   4.12e-17          2.1081e-14      9.17e-18    7.30e-01
   5        2.1084e-14   4.32e-17          2.1081e-14      8.97e-18    6.78e-01
   5        2.1044e-14   4.53e-17          2.1080e-14      8.80e-18    6.78e-01
   5        2.1006e-14   4.50e-17          2.1077e-14      8.63e-18    7.97e-01
   5        2.1137e-14   4.62e-17          2.1079e-14      8.49e-18    8.45e-01
   5        2.1122e-14   4.95e-17          2.1081e-14      8.36e-18    8.39e-01
   5        2.1081e-14   5.07e-17          2.1081e-14      8.25e-18    7.94e-01
   5        2.1019e-14   5.39e-17          2.1079e-14      8.16e-18    8.19e-01
   5        2.1071e-14   5.57e-17          2.1079e-14      8.07e-18    7.81e-01
   5        2.1150e-14   5.53e-17          2.1080e-14      7.99e-18    8.18e-01
   5        2.1078e-14   5.87e-17          2.1080e-14      7.91e-18    7.82e-01
   5        2.1123e-14   5.97e-17          2.1081e-14      7.85e-18    7.71e-01
   5        2.0998e-14   6.11e-17          2.1080e-14      7.78e-18    8.13e-01
   5        2.1194e-14   6.50e-17          2.1081e-14      7.73e-18    8.99e-01
   5        2.1074e-14   6.25e-17          2.1081e-14      7.67e-18    8.66e-01
   5        2.1057e-14   6.41e-17          2.1081e-14      7.61e-18    8.40e-01
   5        2.1109e-14   6.53e-17          2.1081e-14      7.56e-18    8.17e-01
   5        2.1075e-14   6.58e-17          2.1081e-14      7.51e-18    7.90e-01
   5        2.1039e-14   6.82e-17          2.1081e-14      7.47e-18    7.77e-01
   5        2.1147e-14   6.91e-17          2.1082e-14      7.42e-18    7.81e-01
   5        2.1056e-14   7.28e-17          2.1081e-14      7.39e-18    7.62e-01
   5        2.0968e-14   7.25e-17          2.1080e-14      7.35e-18    8.10e-01
   5        2.1162e-14   7.50e-17          2.1081e-14      7.31e-18    8.21e-01
   5        2.0882e-14   7.54e-17          2.1079e-14      7.28e-18    9.89e-01
   5        2.0945e-14   7.52e-17          2.1078e-14      7.25e-18    1.05e+00
   5        2.1133e-14   7.65e-17          2.1078e-14      7.21e-18    1.03e+00
   5        2.1051e-14   7.89e-17          2.1078e-14      7.18e-18    1.01e+00
   5        2.1079e-14   7.41e-17          2.1078e-14      7.15e-18    9.84e-01
   5        2.1022e-14   7.51e-17          2.1078e-14      7.12e-18    9.74e-01
   5        2.1260e-14   7.82e-17          2.1079e-14      7.09e-18    1.08e+00
   5        2.1115e-14   7.44e-17          2.1079e-14      7.06e-18    1.06e+00
   5        2.1010e-14   7.34e-17          2.1079e-14      7.02e-18    1.05e+00
LO = (2.1078740e-14 +- 7.0237055e-18) pb

*******************************************
* virtual corrections + integrated dipole *
*******************************************
The limits of integration are:

xl[0]=0.000000    xu[0]=1.000000
xl[1]=0.000000    xu[1]=1.000000
xl[2]=0.000000    xu[2]=1.000000

num_dim=3, calls=240, it_num=1, max_it_num=5 verb=0, alph=1.50,
mode=0, bins=50, boxes=1

       single.......iteration                   accumulated......results   
iteration     integral    sigma             integral         sigma     chi-sq/it

   1        2.2037e-15   1.93e-16          2.2037e-15      1.93e-16    0.00e+00
   2        2.3646e-15   1.13e-16          2.3237e-15      9.74e-17    5.17e-01
   3        2.5464e-15   6.21e-17          2.4820e-15      5.24e-17    2.12e+00
   4        2.6110e-15   5.90e-17          2.5389e-15      3.92e-17    2.30e+00
   5        2.5914e-15   5.40e-17          2.5570e-15      3.17e-17    1.88e+00

num_dim=3, calls=1200, it_num=1, max_it_num=3 verb=0, alph=1.50,
mode=0, bins=50, boxes=1

       single.......iteration                   accumulated......results   
iteration     integral    sigma             integral         sigma     chi-sq/it

   1        2.5115e-15   2.27e-17          2.5115e-15      2.27e-17    0.00e+00
   2        2.5560e-15   1.82e-17          2.5387e-15      1.42e-17    2.34e+00
   3        2.5536e-15   1.81e-17          2.5444e-15      1.12e-17    1.38e+00
   3        2.5726e-15   1.63e-17          2.5534e-15      9.20e-18    1.61e+00
   3        2.5284e-15   1.86e-17          2.5485e-15      8.25e-18    1.57e+00
   3        2.5557e-15   1.70e-17          2.5499e-15      7.42e-18    1.28e+00
   3        2.5469e-15   1.77e-17          2.5494e-15      6.84e-18    1.07e+00
   3        2.5570e-15   1.66e-17          2.5505e-15      6.33e-18    9.44e-01
   3        2.5566e-15   1.71e-17          2.5513e-15      5.94e-18    8.40e-01
vNLO = (2.5512512e-15 +- 5.9352467e-18) pb

*****************************
* collinear remainder (P+K) *
*****************************
The limits of integration are:

xl[0]=0.000000    xu[0]=1.000000
xl[1]=0.000000    xu[1]=1.000000
xl[2]=0.000000    xu[2]=1.000000
xl[3]=0.000000    xu[3]=1.000000

num_dim=4, calls=2500, it_num=1, max_it_num=5 verb=0, alph=1.50,
mode=0, bins=50, boxes=1

       single.......iteration                   accumulated......results   
iteration     integral    sigma             integral         sigma     chi-sq/it

   1        3.5863e-15   1.80e-16          3.5863e-15      1.80e-16    0.00e+00
   2        3.6184e-15   7.22e-17          3.6139e-15      6.71e-17    2.73e-02
   3        3.6549e-15   5.66e-17          3.6379e-15      4.32e-17    1.23e-01
   4        3.6688e-15   5.43e-17          3.6499e-15      3.38e-17    1.48e-01
   5        3.6981e-15   5.35e-17          3.6636e-15      2.86e-17    2.56e-01

num_dim=4, calls=25000, it_num=1, max_it_num=3 verb=0, alph=1.50,
mode=0, bins=50, boxes=1

       single.......iteration                   accumulated......results   
iteration     integral    sigma             integral         sigma     chi-sq/it

   1        3.7013e-15   1.66e-17          3.7013e-15      1.66e-17    0.00e+00
   2        3.7104e-15   1.65e-17          3.7059e-15      1.17e-17    1.50e-01
   3        3.6723e-15   1.67e-17          3.6948e-15      9.59e-18    1.43e+00
   3        3.6857e-15   1.67e-17          3.6926e-15      8.32e-18    1.03e+00
   3        3.6571e-15   1.69e-17          3.6856e-15      7.46e-18    1.66e+00
   3        3.6559e-15   1.68e-17          3.6807e-15      6.82e-18    1.85e+00
   3        3.6675e-15   1.66e-17          3.6788e-15      6.31e-18    1.63e+00
   3        3.6776e-15   1.68e-17          3.6787e-15      5.91e-18    1.40e+00
P+K = (3.6786603e-15 +- 5.9093669e-18) pb

********************************
* real gluon emission - dipole *
********************************
The limits of integration are:

xl[0]=0.000000    xu[0]=1.000000
xl[1]=0.000000    xu[1]=1.000000
xl[2]=0.000000    xu[2]=1.000000
xl[3]=0.000000    xu[3]=1.000000
xl[4]=0.000000    xu[4]=1.000000
xl[5]=0.000000    xu[5]=1.000000

num_dim=6, calls=250, it_num=1, max_it_num=5 verb=0, alph=1.50,
mode=0, bins=50, boxes=1

       single.......iteration                   accumulated......results   
iteration     integral    sigma             integral         sigma     chi-sq/it

   1        -2.4294e-17   7.89e-18          -2.4294e-17      7.89e-18    0.00e+00
   2        -3.1998e-17   7.56e-18          -2.8311e-17      5.46e-18    4.98e-01
   3        -1.7004e-17   1.70e-18          -1.8002e-17      1.62e-18    2.21e+00
   4        -2.0723e-17   2.10e-18          -1.9017e-17      1.28e-18    1.82e+00
   5        -2.3046e-17   2.12e-18          -2.0100e-17      1.10e-18    2.03e+00

num_dim=6, calls=2500, it_num=1, max_it_num=3 verb=0, alph=1.50,
mode=0, bins=50, boxes=1

       single.......iteration                   accumulated......results   
iteration     integral    sigma             integral         sigma     chi-sq/it

   1        -2.3511e-17   5.01e-19          -2.3511e-17      5.01e-19    0.00e+00
   2        -2.1966e-17   2.71e-19          -2.2316e-17      2.38e-19    7.35e+00
   3        -2.2329e-17   2.79e-19          -2.2322e-17      1.81e-19    3.68e+00
rNLOg = (-2.2321635e-17 +- 1.8132348e-19) pb

**************************************************
* real light quark emission - dipole - (onshell) *
**************************************************
The limits of integration are:

xl[0]=0.000000    xu[0]=1.000000
xl[1]=0.000000    xu[1]=1.000000
xl[2]=0.000000    xu[2]=1.000000
xl[3]=0.000000    xu[3]=1.000000
xl[4]=0.000000    xu[4]=1.000000
xl[5]=0.000000    xu[5]=1.000000

num_dim=6, calls=5000, it_num=1, max_it_num=5 verb=0, alph=1.50,
mode=0, bins=50, boxes=1

       single.......iteration                   accumulated......results   
iteration     integral    sigma             integral         sigma     chi-sq/it

   1        3.9668e-17   2.55e-18          3.9668e-17      2.55e-18    0.00e+00
   2        3.8000e-17   7.03e-19          3.8118e-17      6.78e-19    3.98e-01
   3        3.7526e-17   3.71e-19          3.7663e-17      3.26e-19    4.93e-01
   4        3.7381e-17   2.80e-19          3.7501e-17      2.12e-19    4.72e-01
   5        3.7487e-17   2.53e-19          3.7495e-17      1.63e-19    3.54e-01

num_dim=6, calls=50000, it_num=1, max_it_num=5 verb=0, alph=1.50,
mode=0, bins=50, boxes=1

       single.......iteration                   accumulated......results   
iteration     integral    sigma             integral         sigma     chi-sq/it

   1        3.7457e-17   7.47e-20          3.7457e-17      7.47e-20    0.00e+00
   2        3.7673e-17   1.04e-19          3.7531e-17      6.06e-20    2.84e+00
   3        3.7737e-17   1.04e-19          3.7583e-17      5.24e-20    2.89e+00
   4        3.7572e-17   8.16e-20          3.7580e-17      4.41e-20    1.93e+00
   5        3.7643e-17   9.24e-20          3.7592e-17      3.98e-20    1.54e+00
rNLOq = (3.7591560e-17 +- 3.9781068e-20) pb
NLO = (2.7323922e-14 +- 1.0932277e-17) pb
#chisq/dof = 1.97009e-09
#status = success
#chisq/dof = 7.73531e-10
#status = iteration is not making progress towards solution
#chisq/dof = 5.91722e-10
#status = success
#chisq/dof = 1.06548e-09
#status = success
#chisq/dof = 1.15781e-10
#status = success
#chisq/dof = 3.22753e-12
#status = success
#chisq/dof = 1.07715e-10
#status = success
#chisq/dof = 1.79514e-11
#status = success

*******************************************************
* threshold resummation (unimproved nnll) - expansion *
*******************************************************
The limits of integration are:

xl[0]=0.000000    xu[0]=1.000000
xl[1]=0.000000    xu[1]=1.000000
xl[2]=0.000000    xu[2]=1.000000

num_dim=3, calls=7000, it_num=1, max_it_num=5 verb=0, alph=1.50,
mode=0, bins=50, boxes=1

       single.......iteration                   accumulated......results   
iteration     integral    sigma             integral         sigma     chi-sq/it

   1        4.5460e-16   4.79e-17          4.5460e-16      4.79e-17    0.00e+00
   2        4.5004e-16   1.67e-17          4.5054e-16      1.58e-17    8.06e-03
   3        4.5495e-16   1.20e-17          4.5334e-16      9.53e-18    2.89e-02
   4        4.7821e-16   1.17e-17          4.6330e-16      7.38e-18    9.29e-01
   5        4.5179e-16   1.15e-17          4.5996e-16      6.21e-18    8.73e-01

num_dim=3, calls=35000, it_num=1, max_it_num=5 verb=0, alph=1.50,
mode=0, bins=50, boxes=1

       single.......iteration                   accumulated......results   
iteration     integral    sigma             integral         sigma     chi-sq/it

   1        4.5400e-16   5.07e-18          4.5400e-16      5.07e-18    0.00e+00
   2        4.5649e-16   5.16e-18          4.5523e-16      3.62e-18    1.19e-01
   3        4.5754e-16   5.08e-18          4.5600e-16      2.95e-18    1.28e-01
   4        4.5509e-16   5.08e-18          4.5577e-16      2.55e-18    9.32e-02
   5        4.5984e-16   5.04e-18          4.5660e-16      2.27e-18    2.00e-01
aNNLO+NNLL = (2.7780525e-14 +- 1.1166191e-17) pb

Results:
LO = (1.8872099e-14 +- 1.2996766e-17) pb
NLO = (2.7323922e-14 +- 1.0932277e-17) pb
aNNLO+NNLL = (2.7780525e-14 +- 1.1166191e-17) pb
Thanks for using LHAPDF 6.2.3. Please make sure to cite the paper:
  Eur.Phys.J. C75 (2015) 3, 132  (http://arxiv.org/abs/1412.7420)
 ====================================================
   FF 2.0, a package to evaluate one-loop integrals
 written by G. J. van Oldenborgh, NIKHEF-H, Amsterdam
 ====================================================
 for the algorithms used see preprint NIKHEF-H 89/17,
 'New Algorithms for One-loop Integrals', by G.J. van
 Oldenborgh and J.A.M. Vermaseren, published in 
 Zeitschrift fuer Physik C46(1990)425.
 ====================================================
 
total number of errors and warnings
===================================
fferr: no errors
 
