
  Welcome to Resummino git-latest
  Copyright 2008-2010 Jonathan Debove.
  Copyright 2011-2014 David R. Lamprea.
  Copyright 2011-2016 Marcel Rothering.

  Licensed under the EUPL 1.1 or later.
  See http://www.resummino.org/ for more information.

  If using Resummino for slepton pair production, please cite.
  - G. Bozzi, B. Fuks, M. Klasen, PRD 74, 015001 (2006); NPB 777, 157 (2007); NPB 794, 46 (2007).
  - B. Fuks, M. Klasen, D. R. Lamprea, M. Rothering, EPJC 73, 2480 (2013).

  For gaugino pair production, please cite:
  - J. Debove, B. Fuks, M. Klasen, PLB 688, 208 (2010); NPB 842, 51 (2011); NPB 849, 64 (2011).
  - B. Fuks, M. Klasen, D. R. Lamprea, M. Rothering, JHEP 1210, 081 (2012); EPJC 73, 2480 (2013).

  For associated gaugino gluino production, please cite:
  - B. Fuks, M. Klasen, M. Rothering, JHEP 07:053, (2016).
  - B. Fuks, M. Klasen, D. R. Lamprea, M. Rothering, EPJC 73, 2480 (2013).

LHAPDF 6.2.3 loading /pool/condor/dir_28664/resummino-releases/lhapdf-prefix/share/LHAPDF/PDF4LHC21_40/PDF4LHC21_40_0000.dat
PDF4LHC21_40 PDF set, member #0, version 1
 alpha_s(M_Z^2) = 0.1180 	 for LO PDF set 
 alpha_s(1000.000^2) = 0.0868 	 for LO PDF set 

********************
* LO cross section *
********************
The limits of integration are:

xl[0]=0.000000    xu[0]=1.000000
xl[1]=0.000000    xu[1]=1.000000
xl[2]=0.000000    xu[2]=1.000000

num_dim=3, calls=2000, it_num=1, max_it_num=5 verb=0, alph=1.50,
mode=0, bins=50, boxes=1

       single.......iteration                   accumulated......results   
iteration     integral    sigma             integral         sigma     chi-sq/it

   1        2.2453e-12   7.55e-14          2.2453e-12      7.55e-14    0.00e+00
   2        2.3337e-12   2.48e-14          2.3250e-12      2.36e-14    1.24e+00
   3        2.3751e-12   1.33e-14          2.3630e-12      1.16e-14    2.33e+00
   4        2.3580e-12   1.23e-14          2.3607e-12      8.42e-15    1.58e+00
   5        2.3480e-12   1.28e-14          2.3569e-12      7.04e-15    1.36e+00

num_dim=3, calls=20000, it_num=1, max_it_num=5 verb=0, alph=1.50,
mode=0, bins=50, boxes=1

       single.......iteration                   accumulated......results   
iteration     integral    sigma             integral         sigma     chi-sq/it

   1        2.3546e-12   3.95e-15          2.3546e-12      3.95e-15    0.00e+00
   2        2.3551e-12   3.84e-15          2.3549e-12      2.76e-15    5.74e-03
   3        2.3627e-12   3.82e-15          2.3576e-12      2.24e-15    1.40e+00
   4        2.3610e-12   4.04e-15          2.3584e-12      1.96e-15    1.12e+00
   5        2.3491e-12   3.98e-15          2.3566e-12      1.76e-15    1.94e+00
   5        2.3556e-12   4.04e-15          2.3564e-12      1.61e-15    1.56e+00
   5        2.3593e-12   4.04e-15          2.3568e-12      1.50e-15    1.38e+00
LO = (2.3568071e-12 +- 1.4955972e-15) pb
LHAPDF 6.2.3 loading /pool/condor/dir_28664/resummino-releases/lhapdf-prefix/share/LHAPDF/PDF4LHC21_40/PDF4LHC21_40_0000.dat
PDF4LHC21_40 PDF set, member #0, version 1
 alpha_s(M_Z^2) = 0.1180 	 for NLO PDF set 
 alpha_s(1000.000^2) = 0.0868 	 for NLO PDF set 

********************
* LO cross section *
********************
The limits of integration are:

xl[0]=0.000000    xu[0]=1.000000
xl[1]=0.000000    xu[1]=1.000000
xl[2]=0.000000    xu[2]=1.000000

num_dim=3, calls=2000, it_num=1, max_it_num=5 verb=0, alph=1.50,
mode=0, bins=50, boxes=1

       single.......iteration                   accumulated......results   
iteration     integral    sigma             integral         sigma     chi-sq/it

   1        2.2453e-12   7.55e-14          2.2453e-12      7.55e-14    0.00e+00
   2        2.3337e-12   2.48e-14          2.3250e-12      2.36e-14    1.24e+00
   3        2.3751e-12   1.33e-14          2.3630e-12      1.16e-14    2.33e+00
   4        2.3580e-12   1.23e-14          2.3607e-12      8.42e-15    1.58e+00
   5        2.3480e-12   1.28e-14          2.3569e-12      7.04e-15    1.36e+00

num_dim=3, calls=20000, it_num=1, max_it_num=5 verb=0, alph=1.50,
mode=0, bins=50, boxes=1

       single.......iteration                   accumulated......results   
iteration     integral    sigma             integral         sigma     chi-sq/it

   1        2.3546e-12   3.95e-15          2.3546e-12      3.95e-15    0.00e+00
   2        2.3551e-12   3.84e-15          2.3549e-12      2.76e-15    5.74e-03
   3        2.3627e-12   3.82e-15          2.3576e-12      2.24e-15    1.40e+00
   4        2.3610e-12   4.04e-15          2.3584e-12      1.96e-15    1.12e+00
   5        2.3491e-12   3.98e-15          2.3566e-12      1.76e-15    1.94e+00
   5        2.3556e-12   4.04e-15          2.3564e-12      1.61e-15    1.56e+00
   5        2.3593e-12   4.04e-15          2.3568e-12      1.50e-15    1.38e+00
   5        2.3539e-12   4.11e-15          2.3565e-12      1.41e-15    1.24e+00
   5        2.3534e-12   4.24e-15          2.3562e-12      1.33e-15    1.15e+00
   5        2.3495e-12   4.29e-15          2.3556e-12      1.27e-15    1.26e+00
   5        2.3551e-12   4.49e-15          2.3555e-12      1.23e-15    1.14e+00
   5        2.3525e-12   4.53e-15          2.3553e-12      1.18e-15    1.07e+00
   5        2.3603e-12   4.80e-15          2.3556e-12      1.15e-15    1.07e+00
   5        2.3515e-12   4.90e-15          2.3554e-12      1.12e-15    1.04e+00
   5        2.3559e-12   5.23e-15          2.3554e-12      1.09e-15    9.62e-01
   5        2.3524e-12   5.38e-15          2.3553e-12      1.07e-15    9.18e-01
   5        2.3507e-12   5.47e-15          2.3551e-12      1.05e-15    9.04e-01
   5        2.3628e-12   5.66e-15          2.3554e-12      1.03e-15    9.56e-01
   5        2.3626e-12   6.00e-15          2.3556e-12      1.02e-15    9.80e-01
   5        2.3636e-12   6.04e-15          2.3558e-12      1.00e-15    1.02e+00
   5        2.3506e-12   6.28e-15          2.3557e-12      9.92e-16    1.00e+00
   5        2.3554e-12   6.43e-15          2.3557e-12      9.81e-16    9.54e-01
   5        2.3597e-12   6.50e-15          2.3558e-12      9.70e-16    9.28e-01
   5        2.3534e-12   6.94e-15          2.3557e-12      9.60e-16    8.92e-01
   5        2.3646e-12   6.74e-15          2.3559e-12      9.51e-16    9.25e-01
   5        2.3547e-12   6.91e-15          2.3559e-12      9.42e-16    8.90e-01
   5        2.3694e-12   7.35e-15          2.3561e-12      9.34e-16    9.84e-01
   5        2.3567e-12   7.04e-15          2.3561e-12      9.26e-16    9.48e-01
   5        2.3543e-12   7.25e-15          2.3561e-12      9.19e-16    9.16e-01
   5        2.3630e-12   7.66e-15          2.3562e-12      9.12e-16    9.12e-01
   5        2.3570e-12   7.37e-15          2.3562e-12      9.05e-16    8.82e-01
   5        2.3553e-12   7.73e-15          2.3562e-12      8.99e-16    8.54e-01
   5        2.3644e-12   7.38e-15          2.3563e-12      8.92e-16    8.66e-01
   5        2.3502e-12   7.70e-15          2.3562e-12      8.87e-16    8.58e-01
   5        2.3481e-12   7.50e-15          2.3561e-12      8.80e-16    8.67e-01
   5        2.3677e-12   7.77e-15          2.3563e-12      8.75e-16    9.05e-01
   5        2.3327e-12   7.46e-15          2.3559e-12      8.69e-16    1.15e+00
   5        2.3460e-12   7.78e-15          2.3558e-12      8.63e-16    1.17e+00
   5        2.3635e-12   7.69e-15          2.3559e-12      8.58e-16    1.16e+00
   5        2.3572e-12   7.87e-15          2.3559e-12      8.53e-16    1.13e+00
   5        2.3623e-12   8.03e-15          2.3560e-12      8.48e-16    1.12e+00
   5        2.3572e-12   7.98e-15          2.3560e-12      8.44e-16    1.09e+00
   5        2.3756e-12   8.13e-15          2.3562e-12      8.39e-16    1.20e+00
   5        2.3600e-12   7.90e-15          2.3563e-12      8.34e-16    1.18e+00
   5        2.3500e-12   8.15e-15          2.3562e-12      8.30e-16    1.17e+00
   5        2.3547e-12   8.35e-15          2.3562e-12      8.26e-16    1.14e+00
   5        2.3673e-12   8.62e-15          2.3563e-12      8.22e-16    1.15e+00
   5        2.3387e-12   8.43e-15          2.3561e-12      8.18e-16    1.22e+00
   5        2.3757e-12   8.82e-15          2.3563e-12      8.15e-16    1.30e+00
   5        2.3714e-12   8.51e-15          2.3564e-12      8.11e-16    1.33e+00
   5        2.3543e-12   8.53e-15          2.3564e-12      8.07e-16    1.31e+00
   5        2.3364e-12   8.46e-15          2.3562e-12      8.04e-16    1.39e+00
   5        2.3554e-12   8.63e-15          2.3562e-12      8.00e-16    1.36e+00
   5        2.3606e-12   9.10e-15          2.3563e-12      7.97e-16    1.34e+00
   5        2.3707e-12   8.59e-15          2.3564e-12      7.94e-16    1.37e+00
LO = (2.3563738e-12 +- 7.9383005e-16) pb

*******************************************
* virtual corrections + integrated dipole *
*******************************************
The limits of integration are:

xl[0]=0.000000    xu[0]=1.000000
xl[1]=0.000000    xu[1]=1.000000
xl[2]=0.000000    xu[2]=1.000000

num_dim=3, calls=240, it_num=1, max_it_num=5 verb=0, alph=1.50,
mode=0, bins=50, boxes=1

       single.......iteration                   accumulated......results   
iteration     integral    sigma             integral         sigma     chi-sq/it

   1        2.7727e-13   2.85e-14          2.7727e-13      2.85e-14    0.00e+00
   2        2.8482e-13   1.47e-14          2.8323e-13      1.31e-14    5.55e-02
   3        3.0801e-13   7.92e-15          3.0137e-13      6.78e-15    1.34e+00
   4        3.0256e-13   5.26e-15          3.0211e-13      4.16e-15    8.99e-01
   5        3.1535e-13   6.85e-15          3.0567e-13      3.55e-15    1.36e+00

num_dim=3, calls=1200, it_num=1, max_it_num=3 verb=0, alph=1.50,
mode=0, bins=50, boxes=1

       single.......iteration                   accumulated......results   
iteration     integral    sigma             integral         sigma     chi-sq/it

   1        2.9922e-13   2.93e-15          2.9922e-13      2.93e-15    0.00e+00
   2        3.0576e-13   2.41e-15          3.0312e-13      1.86e-15    2.97e+00
   3        3.0355e-13   2.21e-15          3.0330e-13      1.42e-15    1.49e+00
   3        3.0791e-13   2.19e-15          3.0467e-13      1.19e-15    2.04e+00
   3        3.0232e-13   2.24e-15          3.0415e-13      1.05e-15    1.74e+00
   3        3.0543e-13   2.17e-15          3.0439e-13      9.48e-16    1.45e+00
   3        3.0233e-13   2.45e-15          3.0412e-13      8.84e-16    1.31e+00
   3        3.0688e-13   2.34e-15          3.0447e-13      8.27e-16    1.30e+00
   3        3.0572e-13   2.20e-15          3.0462e-13      7.74e-16    1.17e+00
vNLO = (3.0462406e-13 +- 7.7400682e-16) pb

*****************************
* collinear remainder (P+K) *
*****************************
The limits of integration are:

xl[0]=0.000000    xu[0]=1.000000
xl[1]=0.000000    xu[1]=1.000000
xl[2]=0.000000    xu[2]=1.000000
xl[3]=0.000000    xu[3]=1.000000

num_dim=4, calls=2500, it_num=1, max_it_num=5 verb=0, alph=1.50,
mode=0, bins=50, boxes=1

       single.......iteration                   accumulated......results   
iteration     integral    sigma             integral         sigma     chi-sq/it

   1        1.3179e-13   1.49e-14          1.3179e-13      1.49e-14    0.00e+00
   2        1.2888e-13   6.78e-15          1.2938e-13      6.17e-15    3.18e-02
   3        1.2964e-13   6.02e-15          1.2951e-13      4.31e-15    1.64e-02
   4        1.3448e-13   5.75e-15          1.3130e-13      3.45e-15    1.70e-01
   5        1.3753e-13   5.87e-15          1.3289e-13      2.97e-15    3.37e-01

num_dim=4, calls=25000, it_num=1, max_it_num=3 verb=0, alph=1.50,
mode=0, bins=50, boxes=1

       single.......iteration                   accumulated......results   
iteration     integral    sigma             integral         sigma     chi-sq/it

   1        1.3536e-13   1.84e-15          1.3536e-13      1.84e-15    0.00e+00
   2        1.3350e-13   1.82e-15          1.3442e-13      1.30e-15    5.16e-01
   3        1.3158e-13   1.83e-15          1.3347e-13      1.06e-15    1.06e+00
   3        1.3352e-13   1.82e-15          1.3348e-13      9.15e-16    7.08e-01
   3        1.3228e-13   1.83e-15          1.3324e-13      8.18e-16    6.18e-01
   3        1.3264e-13   1.83e-15          1.3314e-13      7.46e-16    5.12e-01
P+K = (1.3313787e-13 +- 7.4630225e-16) pb

********************************
* real gluon emission - dipole *
********************************
The limits of integration are:

xl[0]=0.000000    xu[0]=1.000000
xl[1]=0.000000    xu[1]=1.000000
xl[2]=0.000000    xu[2]=1.000000
xl[3]=0.000000    xu[3]=1.000000
xl[4]=0.000000    xu[4]=1.000000
xl[5]=0.000000    xu[5]=1.000000

num_dim=6, calls=250, it_num=1, max_it_num=5 verb=0, alph=1.50,
mode=0, bins=50, boxes=1

       single.......iteration                   accumulated......results   
iteration     integral    sigma             integral         sigma     chi-sq/it

   1        -8.0222e-15   2.54e-15          -8.0222e-15      2.54e-15    0.00e+00
   2        -9.2035e-15   2.10e-15          -8.7242e-15      1.62e-15    1.28e-01
   3        -5.3999e-15   5.74e-16          -5.7706e-15      5.41e-16    1.93e+00
   4        -7.6974e-15   7.18e-16          -6.4680e-15      4.32e-16    2.82e+00
   5        -7.0193e-15   5.58e-16          -6.6746e-15      3.42e-16    2.27e+00

num_dim=6, calls=2500, it_num=1, max_it_num=3 verb=0, alph=1.50,
mode=0, bins=50, boxes=1

       single.......iteration                   accumulated......results   
iteration     integral    sigma             integral         sigma     chi-sq/it

   1        -7.1950e-15   1.69e-16          -7.1950e-15      1.69e-16    0.00e+00
   2        -6.9657e-15   1.03e-16          -7.0281e-15      8.81e-17    1.34e+00
   3        -7.0225e-15   1.07e-16          -7.0259e-15      6.80e-17    6.72e-01
rNLOg = (-7.0258646e-15 +- 6.8040867e-17) pb

**************************************************
* real light quark emission - dipole - (onshell) *
**************************************************
The limits of integration are:

xl[0]=0.000000    xu[0]=1.000000
xl[1]=0.000000    xu[1]=1.000000
xl[2]=0.000000    xu[2]=1.000000
xl[3]=0.000000    xu[3]=1.000000
xl[4]=0.000000    xu[4]=1.000000
xl[5]=0.000000    xu[5]=1.000000

num_dim=6, calls=5000, it_num=1, max_it_num=5 verb=0, alph=1.50,
mode=0, bins=50, boxes=1

       single.......iteration                   accumulated......results   
iteration     integral    sigma             integral         sigma     chi-sq/it

   1        1.9861e-14   1.70e-15          1.9861e-14      1.70e-15    0.00e+00
   2        2.1428e-14   5.19e-16          2.1294e-14      4.97e-16    7.78e-01
   3        2.0439e-14   2.43e-16          2.0604e-14      2.19e-16    1.58e+00
   4        2.0163e-14   1.86e-16          2.0349e-14      1.42e-16    1.84e+00
   5        2.0389e-14   1.69e-16          2.0365e-14      1.09e-16    1.39e+00

num_dim=6, calls=50000, it_num=1, max_it_num=5 verb=0, alph=1.50,
mode=0, bins=50, boxes=1

       single.......iteration                   accumulated......results   
iteration     integral    sigma             integral         sigma     chi-sq/it

   1        2.0340e-14   5.24e-17          2.0340e-14      5.24e-17    0.00e+00
   2        2.0453e-14   5.99e-17          2.0389e-14      3.94e-17    2.02e+00
   3        2.0531e-14   6.33e-17          2.0429e-14      3.35e-17    2.82e+00
   4        2.0424e-14   6.07e-17          2.0428e-14      2.93e-17    1.88e+00
   5        2.0462e-14   6.31e-17          2.0434e-14      2.66e-17    1.47e+00
rNLOq = (2.0433820e-14 +- 2.6579687e-17) pb
NLO = (2.8075437e-12 +- 1.3384901e-15) pb
#chisq/dof = 6.45489e-09
#status = success
#chisq/dof = 9.21608e-09
#status = success
#chisq/dof = 5.89853e-10
#status = success
#chisq/dof = 7.73616e-10
#status = success
#chisq/dof = 2.03534e-10
#status = success
#chisq/dof = 3.9481e-12
#status = success
#chisq/dof = 3.77767e-10
#status = success
#chisq/dof = 1.03738e-10
#status = success

*******************************************************
* threshold resummation (unimproved nnll) - expansion *
*******************************************************
The limits of integration are:

xl[0]=0.000000    xu[0]=1.000000
xl[1]=0.000000    xu[1]=1.000000
xl[2]=0.000000    xu[2]=1.000000

num_dim=3, calls=7000, it_num=1, max_it_num=5 verb=0, alph=1.50,
mode=0, bins=50, boxes=1

       single.......iteration                   accumulated......results   
iteration     integral    sigma             integral         sigma     chi-sq/it

   1        5.5100e-14   1.69e-13          5.5100e-14      1.69e-13    0.00e+00
   2        1.8293e-14   7.30e-14          2.4053e-14      6.70e-14    3.98e-02
   3        -3.6499e-14   6.73e-14          -6.1299e-15      4.75e-14    2.23e-01
   4        1.7008e-13   6.66e-14          5.3278e-14      3.87e-14    1.70e+00
   5        3.4129e-15   6.64e-14          4.0661e-14      3.34e-14    1.38e+00

num_dim=3, calls=35000, it_num=1, max_it_num=5 verb=0, alph=1.50,
mode=0, bins=50, boxes=1

       single.......iteration                   accumulated......results   
iteration     integral    sigma             integral         sigma     chi-sq/it

   1        -1.1778e-14   2.96e-14          -1.1778e-14      2.96e-14    0.00e+00
   2        2.5289e-14   2.95e-14          6.8375e-15      2.09e-14    7.87e-01
   3        2.3878e-14   2.95e-14          1.2529e-14      1.71e-14    5.04e-01
   4        4.3696e-14   2.96e-14          2.0286e-14      1.48e-14    6.13e-01
   5        -2.7724e-14   2.95e-14          1.0659e-14      1.32e-14    9.89e-01
   5        -1.6920e-14   2.96e-14          6.0634e-15      1.21e-14    9.37e-01
   5        2.1768e-14   2.96e-14          8.2975e-15      1.12e-14    8.21e-01
   5        -8.7667e-15   2.97e-14          6.1825e-15      1.05e-14    7.45e-01
   5        -4.6247e-15   2.96e-14          4.9860e-15      9.86e-15    6.66e-01
   5        8.9652e-15   2.98e-14          5.3796e-15      9.36e-15    5.94e-01
   5        -4.3880e-15   2.97e-14          4.4946e-15      8.93e-15    5.45e-01
   5        -3.5243e-14   2.98e-14          1.2204e-15      8.55e-15    6.44e-01
   5        -1.0485e-14   2.98e-14          3.3085e-16      8.22e-15    6.02e-01
aNNLO+NNLL = (2.8078745e-12 +- 8.3273017e-15) pb

Results:
LO = (2.3568071e-12 +- 1.4955972e-15) pb
NLO = (2.8075437e-12 +- 1.3384901e-15) pb
aNNLO+NNLL = (2.8078745e-12 +- 8.3273017e-15) pb
Thanks for using LHAPDF 6.2.3. Please make sure to cite the paper:
  Eur.Phys.J. C75 (2015) 3, 132  (http://arxiv.org/abs/1412.7420)
 ====================================================
   FF 2.0, a package to evaluate one-loop integrals
 written by G. J. van Oldenborgh, NIKHEF-H, Amsterdam
 ====================================================
 for the algorithms used see preprint NIKHEF-H 89/17,
 'New Algorithms for One-loop Integrals', by G.J. van
 Oldenborgh and J.A.M. Vermaseren, published in 
 Zeitschrift fuer Physik C46(1990)425.
 ====================================================
 
total number of errors and warnings
===================================
fferr: no errors
 
