
  Welcome to Resummino git-latest
  Copyright 2008-2010 Jonathan Debove.
  Copyright 2011-2014 David R. Lamprea.
  Copyright 2011-2016 Marcel Rothering.

  Licensed under the EUPL 1.1 or later.
  See http://www.resummino.org/ for more information.

  If using Resummino for slepton pair production, please cite.
  - G. Bozzi, B. Fuks, M. Klasen, PRD 74, 015001 (2006); NPB 777, 157 (2007); NPB 794, 46 (2007).
  - B. Fuks, M. Klasen, D. R. Lamprea, M. Rothering, EPJC 73, 2480 (2013).

  For gaugino pair production, please cite:
  - J. Debove, B. Fuks, M. Klasen, PLB 688, 208 (2010); NPB 842, 51 (2011); NPB 849, 64 (2011).
  - B. Fuks, M. Klasen, D. R. Lamprea, M. Rothering, JHEP 1210, 081 (2012); EPJC 73, 2480 (2013).

  For associated gaugino gluino production, please cite:
  - B. Fuks, M. Klasen, M. Rothering, JHEP 07:053, (2016).
  - B. Fuks, M. Klasen, D. R. Lamprea, M. Rothering, EPJC 73, 2480 (2013).

LHAPDF 6.2.3 loading /pool/condor/dir_27125/resummino-releases/lhapdf-prefix/share/LHAPDF/PDF4LHC21_40/PDF4LHC21_40_0000.dat
PDF4LHC21_40 PDF set, member #0, version 1
 alpha_s(M_Z^2) = 0.1180 	 for LO PDF set 
 alpha_s(800.000^2) = 0.0890 	 for LO PDF set 

********************
* LO cross section *
********************
The limits of integration are:

xl[0]=0.000000    xu[0]=1.000000
xl[1]=0.000000    xu[1]=1.000000
xl[2]=0.000000    xu[2]=1.000000

num_dim=3, calls=2000, it_num=1, max_it_num=5 verb=0, alph=1.50,
mode=0, bins=50, boxes=1

       single.......iteration                   accumulated......results   
iteration     integral    sigma             integral         sigma     chi-sq/it

   1        7.3324e-13   2.48e-14          7.3324e-13      2.48e-14    0.00e+00
   2        7.7473e-13   8.44e-15          7.7042e-13      7.99e-15    2.51e+00
   3        7.8627e-13   4.26e-15          7.8276e-13      3.76e-15    2.79e+00
   4        7.8020e-13   3.90e-15          7.8153e-13      2.70e-15    1.93e+00
   5        7.7810e-13   4.04e-15          7.8047e-13      2.25e-15    1.58e+00

num_dim=3, calls=20000, it_num=1, max_it_num=5 verb=0, alph=1.50,
mode=0, bins=50, boxes=1

       single.......iteration                   accumulated......results   
iteration     integral    sigma             integral         sigma     chi-sq/it

   1        7.7944e-13   1.25e-15          7.7944e-13      1.25e-15    0.00e+00
   2        7.7947e-13   1.22e-15          7.7946e-13      8.72e-16    3.29e-04
   3        7.8147e-13   1.20e-15          7.8015e-13      7.05e-16    9.18e-01
   4        7.8133e-13   1.27e-15          7.8043e-13      6.17e-16    8.29e-01
   5        7.7752e-13   1.27e-15          7.7987e-13      5.54e-16    1.69e+00
   5        7.7938e-13   1.28e-15          7.7979e-13      5.09e-16    1.38e+00
LO = (7.7979298e-13 +- 5.0853750e-16) pb
LHAPDF 6.2.3 loading /pool/condor/dir_27125/resummino-releases/lhapdf-prefix/share/LHAPDF/PDF4LHC21_40/PDF4LHC21_40_0023.dat
PDF4LHC21_40 PDF set, member #23, version 1
 alpha_s(M_Z^2) = 0.1180 	 for NLO PDF set 
 alpha_s(800.000^2) = 0.0890 	 for NLO PDF set 

********************
* LO cross section *
********************
The limits of integration are:

xl[0]=0.000000    xu[0]=1.000000
xl[1]=0.000000    xu[1]=1.000000
xl[2]=0.000000    xu[2]=1.000000

num_dim=3, calls=2000, it_num=1, max_it_num=5 verb=0, alph=1.50,
mode=0, bins=50, boxes=1

       single.......iteration                   accumulated......results   
iteration     integral    sigma             integral         sigma     chi-sq/it

   1        7.2196e-13   2.39e-14          7.2196e-13      2.39e-14    0.00e+00
   2        7.6219e-13   8.18e-15          7.5797e-13      7.74e-15    2.54e+00
   3        7.7346e-13   4.16e-15          7.6998e-13      3.67e-15    2.82e+00
   4        7.6733e-13   3.80e-15          7.6870e-13      2.64e-15    1.97e+00
   5        7.6532e-13   3.94e-15          7.6765e-13      2.19e-15    1.60e+00

num_dim=3, calls=20000, it_num=1, max_it_num=5 verb=0, alph=1.50,
mode=0, bins=50, boxes=1

       single.......iteration                   accumulated......results   
iteration     integral    sigma             integral         sigma     chi-sq/it

   1        7.6679e-13   1.22e-15          7.6679e-13      1.22e-15    0.00e+00
   2        7.6681e-13   1.18e-15          7.6680e-13      8.49e-16    8.67e-05
   3        7.6871e-13   1.16e-15          7.6746e-13      6.86e-16    8.76e-01
   4        7.6856e-13   1.24e-15          7.6772e-13      6.00e-16    7.83e-01
   5        7.6491e-13   1.23e-15          7.6718e-13      5.40e-16    1.64e+00
   5        7.6673e-13   1.25e-15          7.6711e-13      4.95e-16    1.33e+00
   5        7.6835e-13   1.24e-15          7.6728e-13      4.60e-16    1.25e+00
   5        7.6647e-13   1.27e-15          7.6719e-13      4.32e-16    1.13e+00
   5        7.6629e-13   1.30e-15          7.6710e-13      4.10e-16    1.04e+00
   5        7.6557e-13   1.32e-15          7.6696e-13      3.92e-16    1.06e+00
   5        7.6649e-13   1.40e-15          7.6693e-13      3.77e-16    9.63e-01
   5        7.6639e-13   1.41e-15          7.6689e-13      3.64e-16    8.88e-01
   5        7.6804e-13   1.48e-15          7.6696e-13      3.54e-16    8.61e-01
   5        7.6569e-13   1.55e-15          7.6689e-13      3.45e-16    8.44e-01
   5        7.6701e-13   1.65e-15          7.6690e-13      3.38e-16    7.84e-01
   5        7.6603e-13   1.71e-15          7.6687e-13      3.31e-16    7.48e-01
   5        7.6497e-13   1.72e-15          7.6680e-13      3.25e-16    7.74e-01
   5        7.6942e-13   1.78e-15          7.6688e-13      3.20e-16    8.53e-01
   5        7.6870e-13   1.92e-15          7.6693e-13      3.16e-16    8.55e-01
   5        7.6884e-13   1.87e-15          7.6699e-13      3.11e-16    8.63e-01
   5        7.6514e-13   1.95e-15          7.6694e-13      3.07e-16    8.63e-01
   5        7.6692e-13   1.98e-15          7.6694e-13      3.04e-16    8.22e-01
   5        7.6849e-13   2.02e-15          7.6697e-13      3.00e-16    8.11e-01
   5        7.6675e-13   2.20e-15          7.6697e-13      2.98e-16    7.76e-01
   5        7.6939e-13   2.13e-15          7.6702e-13      2.95e-16    7.96e-01
   5        7.6653e-13   2.20e-15          7.6701e-13      2.92e-16    7.66e-01
   5        7.7110e-13   2.33e-15          7.6707e-13      2.90e-16    8.54e-01
   5        7.6687e-13   2.24e-15          7.6707e-13      2.87e-16    8.22e-01
   5        7.6641e-13   2.32e-15          7.6706e-13      2.85e-16    7.96e-01
   5        7.6882e-13   2.44e-15          7.6708e-13      2.83e-16    7.86e-01
   5        7.6752e-13   2.41e-15          7.6709e-13      2.81e-16    7.61e-01
   5        7.6629e-13   2.54e-15          7.6708e-13      2.80e-16    7.40e-01
   5        7.6976e-13   2.44e-15          7.6711e-13      2.78e-16    7.54e-01
   5        7.6540e-13   2.56e-15          7.6709e-13      2.76e-16    7.44e-01
   5        7.6418e-13   2.47e-15          7.6706e-13      2.74e-16    7.63e-01
   5        7.7030e-13   2.54e-15          7.6709e-13      2.73e-16    7.87e-01
   5        7.5901e-13   2.47e-15          7.6700e-13      2.71e-16    1.06e+00
   5        7.6330e-13   2.57e-15          7.6696e-13      2.70e-16    1.09e+00
   5        7.6921e-13   2.55e-15          7.6698e-13      2.68e-16    1.08e+00
   5        7.6726e-13   2.60e-15          7.6698e-13      2.67e-16    1.05e+00
   5        7.6889e-13   2.64e-15          7.6700e-13      2.65e-16    1.04e+00
   5        7.6685e-13   2.61e-15          7.6700e-13      2.64e-16    1.01e+00
   5        7.7377e-13   2.70e-15          7.6707e-13      2.63e-16    1.14e+00
   5        7.6848e-13   2.59e-15          7.6708e-13      2.62e-16    1.12e+00
   5        7.6514e-13   2.65e-15          7.6706e-13      2.60e-16    1.10e+00
   5        7.6649e-13   2.71e-15          7.6706e-13      2.59e-16    1.08e+00
LO = (7.6705587e-13 +- 2.5907387e-16) pb

*******************************************
* virtual corrections + integrated dipole *
*******************************************
The limits of integration are:

xl[0]=0.000000    xu[0]=1.000000
xl[1]=0.000000    xu[1]=1.000000
xl[2]=0.000000    xu[2]=1.000000

num_dim=3, calls=240, it_num=1, max_it_num=5 verb=0, alph=1.50,
mode=0, bins=50, boxes=1

       single.......iteration                   accumulated......results   
iteration     integral    sigma             integral         sigma     chi-sq/it

   1        8.9476e-14   8.93e-15          8.9476e-14      8.93e-15    0.00e+00
   2        9.3870e-14   4.74e-15          9.2903e-14      4.19e-15    1.89e-01
   3        1.0397e-13   2.90e-15          1.0038e-13      2.38e-15    2.45e+00
   4        1.0295e-13   1.83e-15          1.0200e-13      1.45e-15    1.88e+00
   5        1.0549e-13   2.27e-15          1.0301e-13      1.22e-15    1.83e+00

num_dim=3, calls=1200, it_num=1, max_it_num=3 verb=0, alph=1.50,
mode=0, bins=50, boxes=1

       single.......iteration                   accumulated......results   
iteration     integral    sigma             integral         sigma     chi-sq/it

   1        9.9966e-14   9.51e-16          9.9966e-14      9.51e-16    0.00e+00
   2        1.0215e-13   7.55e-16          1.0130e-13      5.91e-16    3.23e+00
   3        1.0148e-13   6.99e-16          1.0138e-13      4.51e-16    1.63e+00
   3        1.0268e-13   6.73e-16          1.0178e-13      3.75e-16    1.95e+00
   3        1.0093e-13   7.08e-16          1.0160e-13      3.31e-16    1.74e+00
   3        1.0202e-13   6.77e-16          1.0168e-13      2.98e-16    1.46e+00
   3        1.0115e-13   7.62e-16          1.0161e-13      2.77e-16    1.28e+00
   3        1.0233e-13   7.28e-16          1.0170e-13      2.59e-16    1.22e+00
vNLO = (1.0170068e-13 +- 2.5910681e-16) pb

*****************************
* collinear remainder (P+K) *
*****************************
The limits of integration are:

xl[0]=0.000000    xu[0]=1.000000
xl[1]=0.000000    xu[1]=1.000000
xl[2]=0.000000    xu[2]=1.000000
xl[3]=0.000000    xu[3]=1.000000

num_dim=4, calls=2500, it_num=1, max_it_num=5 verb=0, alph=1.50,
mode=0, bins=50, boxes=1

       single.......iteration                   accumulated......results   
iteration     integral    sigma             integral         sigma     chi-sq/it

   1        6.7310e-14   5.61e-15          6.7310e-14      5.61e-15    0.00e+00
   2        6.7601e-14   2.35e-15          6.7557e-14      2.17e-15    2.29e-03
   3        6.8615e-14   2.03e-15          6.8122e-14      1.48e-15    6.44e-02
   4        6.9786e-14   1.92e-15          6.8742e-14      1.17e-15    2.00e-01
   5        7.1622e-14   1.93e-15          6.9522e-14      1.00e-15    5.57e-01

num_dim=4, calls=25000, it_num=1, max_it_num=3 verb=0, alph=1.50,
mode=0, bins=50, boxes=1

       single.......iteration                   accumulated......results   
iteration     integral    sigma             integral         sigma     chi-sq/it

   1        7.1114e-14   6.08e-16          7.1114e-14      6.08e-16    0.00e+00
   2        7.0941e-14   6.03e-16          7.1027e-14      4.28e-16    4.08e-02
   3        6.9418e-14   6.07e-16          7.0493e-14      3.50e-16    2.37e+00
   3        7.0392e-14   6.07e-16          7.0468e-14      3.03e-16    1.59e+00
   3        6.9312e-14   6.10e-16          7.0239e-14      2.71e-16    1.91e+00
   3        6.9437e-14   6.07e-16          7.0105e-14      2.48e-16    1.82e+00
   3        6.9623e-14   6.12e-16          7.0037e-14      2.30e-16    1.60e+00
   3        7.0028e-14   6.11e-16          7.0036e-14      2.15e-16    1.37e+00
P+K = (7.0036218e-14 +- 2.1504361e-16) pb

********************************
* real gluon emission - dipole *
********************************
The limits of integration are:

xl[0]=0.000000    xu[0]=1.000000
xl[1]=0.000000    xu[1]=1.000000
xl[2]=0.000000    xu[2]=1.000000
xl[3]=0.000000    xu[3]=1.000000
xl[4]=0.000000    xu[4]=1.000000
xl[5]=0.000000    xu[5]=1.000000

num_dim=6, calls=250, it_num=1, max_it_num=5 verb=0, alph=1.50,
mode=0, bins=50, boxes=1

       single.......iteration                   accumulated......results   
iteration     integral    sigma             integral         sigma     chi-sq/it

   1        -2.0304e-15   6.78e-16          -2.0304e-15      6.78e-16    0.00e+00
   2        -2.3409e-15   4.81e-16          -2.2372e-15      3.92e-16    1.40e-01
   3        -1.6312e-15   2.04e-16          -1.7600e-15      1.81e-16    1.01e+00
   4        -1.7752e-15   1.57e-16          -1.7687e-15      1.18e-16    6.75e-01
   5        -1.8524e-15   1.56e-16          -1.7994e-15      9.43e-17    5.52e-01

num_dim=6, calls=2500, it_num=1, max_it_num=3 verb=0, alph=1.50,
mode=0, bins=50, boxes=1

       single.......iteration                   accumulated......results   
iteration     integral    sigma             integral         sigma     chi-sq/it

   1        -1.7015e-15   4.30e-17          -1.7015e-15      4.30e-17    0.00e+00
   2        -1.7224e-15   2.49e-17          -1.7172e-15      2.15e-17    1.78e-01
   3        -1.8012e-15   2.50e-17          -1.7529e-15      1.63e-17    3.33e+00
   3        -1.7638e-15   2.32e-17          -1.7565e-15      1.33e-17    2.27e+00
   3        -1.7596e-15   2.03e-17          -1.7574e-15      1.11e-17    1.71e+00
   3        -1.7541e-15   1.87e-17          -1.7566e-15      9.58e-18    1.37e+00
rNLOg = (-1.7565743e-15 +- 9.5801270e-18) pb

**************************************************
* real light quark emission - dipole - (onshell) *
**************************************************
The limits of integration are:

xl[0]=0.000000    xu[0]=1.000000
xl[1]=0.000000    xu[1]=1.000000
xl[2]=0.000000    xu[2]=1.000000
xl[3]=0.000000    xu[3]=1.000000
xl[4]=0.000000    xu[4]=1.000000
xl[5]=0.000000    xu[5]=1.000000

num_dim=6, calls=5000, it_num=1, max_it_num=5 verb=0, alph=1.50,
mode=0, bins=50, boxes=1

       single.......iteration                   accumulated......results   
iteration     integral    sigma             integral         sigma     chi-sq/it

   1        4.8519e-15   3.76e-16          4.8519e-15      3.76e-16    0.00e+00
   2        5.1139e-15   1.11e-16          5.0929e-15      1.06e-16    4.47e-01
   3        4.9585e-15   5.50e-17          4.9868e-15      4.89e-17    8.53e-01
   4        4.8735e-15   4.31e-17          4.9231e-15      3.23e-17    1.58e+00
   5        4.9354e-15   3.81e-17          4.9283e-15      2.47e-17    1.20e+00

num_dim=6, calls=50000, it_num=1, max_it_num=5 verb=0, alph=1.50,
mode=0, bins=50, boxes=1

       single.......iteration                   accumulated......results   
iteration     integral    sigma             integral         sigma     chi-sq/it

   1        4.9170e-15   1.16e-17          4.9170e-15      1.16e-17    0.00e+00
   2        4.9495e-15   1.43e-17          4.9299e-15      8.98e-18    3.12e+00
   3        4.9616e-15   1.47e-17          4.9385e-15      7.66e-18    3.26e+00
   4        4.9365e-15   1.36e-17          4.9381e-15      6.67e-18    2.18e+00
   5        4.9479e-15   1.44e-17          4.9398e-15      6.05e-18    1.73e+00
   5        4.9323e-15   1.25e-17          4.9384e-15      5.45e-18    1.44e+00
rNLOq = (4.9383728e-15 +- 5.4500850e-18) pb
NLO = (9.4197456e-13 +- 4.2499511e-16) pb
#chisq/dof = 2.08648e-09
#status = success
#chisq/dof = 2.49961e-09
#status = success
#chisq/dof = 1.68747e-09
#status = success
#chisq/dof = 1.28775e-09
#status = success
#chisq/dof = 2.03446e-10
#status = success
#chisq/dof = 2.46087e-12
#status = success
#chisq/dof = 9.97894e-10
#status = success
#chisq/dof = 8.4114e-11
#status = success

*******************************************************
* threshold resummation (unimproved nnll) - expansion *
*******************************************************
The limits of integration are:

xl[0]=0.000000    xu[0]=1.000000
xl[1]=0.000000    xu[1]=1.000000
xl[2]=0.000000    xu[2]=1.000000

num_dim=3, calls=7000, it_num=1, max_it_num=5 verb=0, alph=1.50,
mode=0, bins=50, boxes=1

       single.......iteration                   accumulated......results   
iteration     integral    sigma             integral         sigma     chi-sq/it

   1        6.1936e-14   6.30e-14          6.1936e-14      6.30e-14    0.00e+00
   2        -7.4403e-15   2.44e-14          1.5826e-15      2.27e-14    1.05e+00
   3        2.2399e-14   2.24e-14          1.2121e-14      1.60e-14    7.40e-01
   4        5.7547e-14   2.23e-14          2.7519e-14      1.30e-14    1.41e+00
   5        4.8990e-14   2.21e-14          3.3019e-14      1.12e-14    1.23e+00

num_dim=3, calls=35000, it_num=1, max_it_num=5 verb=0, alph=1.50,
mode=0, bins=50, boxes=1

       single.......iteration                   accumulated......results   
iteration     integral    sigma             integral         sigma     chi-sq/it

   1        2.8043e-15   9.89e-15          2.8043e-15      9.89e-15    0.00e+00
   2        4.8710e-16   9.87e-15          1.6432e-15      6.99e-15    2.75e-02
   3        -2.6894e-15   9.89e-15          2.0038e-16      5.70e-15    7.78e-02
   4        4.7146e-15   9.91e-15          1.3241e-15      4.94e-15    1.04e-01
   5        -4.2490e-15   9.86e-15          2.0351e-16      4.42e-15    1.42e-01
aNNLO+NNLL = (9.4217807e-13 +- 4.4395158e-15) pb

Results:
LO = (7.7979298e-13 +- 5.0853750e-16) pb
NLO = (9.4197456e-13 +- 4.2499511e-16) pb
aNNLO+NNLL = (9.4217807e-13 +- 4.4395158e-15) pb
Thanks for using LHAPDF 6.2.3. Please make sure to cite the paper:
  Eur.Phys.J. C75 (2015) 3, 132  (http://arxiv.org/abs/1412.7420)
 ====================================================
   FF 2.0, a package to evaluate one-loop integrals
 written by G. J. van Oldenborgh, NIKHEF-H, Amsterdam
 ====================================================
 for the algorithms used see preprint NIKHEF-H 89/17,
 'New Algorithms for One-loop Integrals', by G.J. van
 Oldenborgh and J.A.M. Vermaseren, published in 
 Zeitschrift fuer Physik C46(1990)425.
 ====================================================
 
total number of errors and warnings
===================================
fferr: no errors
 
