
  Welcome to Resummino git-latest
  Copyright 2008-2010 Jonathan Debove.
  Copyright 2011-2014 David R. Lamprea.
  Copyright 2011-2016 Marcel Rothering.

  Licensed under the EUPL 1.1 or later.
  See http://www.resummino.org/ for more information.

  If using Resummino for slepton pair production, please cite.
  - G. Bozzi, B. Fuks, M. Klasen, PRD 74, 015001 (2006); NPB 777, 157 (2007); NPB 794, 46 (2007).
  - B. Fuks, M. Klasen, D. R. Lamprea, M. Rothering, EPJC 73, 2480 (2013).

  For gaugino pair production, please cite:
  - J. Debove, B. Fuks, M. Klasen, PLB 688, 208 (2010); NPB 842, 51 (2011); NPB 849, 64 (2011).
  - B. Fuks, M. Klasen, D. R. Lamprea, M. Rothering, JHEP 1210, 081 (2012); EPJC 73, 2480 (2013).

  For associated gaugino gluino production, please cite:
  - B. Fuks, M. Klasen, M. Rothering, JHEP 07:053, (2016).
  - B. Fuks, M. Klasen, D. R. Lamprea, M. Rothering, EPJC 73, 2480 (2013).

LHAPDF 6.2.3 loading /pool/condor/dir_38759/resummino-releases/lhapdf-prefix/share/LHAPDF/PDF4LHC21_40/PDF4LHC21_40_0000.dat
PDF4LHC21_40 PDF set, member #0, version 1
 alpha_s(M_Z^2) = 0.1180 	 for LO PDF set 
 alpha_s(800.000^2) = 0.0890 	 for LO PDF set 

********************
* LO cross section *
********************
The limits of integration are:

xl[0]=0.000000    xu[0]=1.000000
xl[1]=0.000000    xu[1]=1.000000
xl[2]=0.000000    xu[2]=1.000000

num_dim=3, calls=2000, it_num=1, max_it_num=5 verb=0, alph=1.50,
mode=0, bins=50, boxes=1

       single.......iteration                   accumulated......results   
iteration     integral    sigma             integral         sigma     chi-sq/it

   1        7.3324e-13   2.48e-14          7.3324e-13      2.48e-14    0.00e+00
   2        7.7473e-13   8.44e-15          7.7042e-13      7.99e-15    2.51e+00
   3        7.8627e-13   4.26e-15          7.8276e-13      3.76e-15    2.79e+00
   4        7.8020e-13   3.90e-15          7.8153e-13      2.70e-15    1.93e+00
   5        7.7810e-13   4.04e-15          7.8047e-13      2.25e-15    1.58e+00

num_dim=3, calls=20000, it_num=1, max_it_num=5 verb=0, alph=1.50,
mode=0, bins=50, boxes=1

       single.......iteration                   accumulated......results   
iteration     integral    sigma             integral         sigma     chi-sq/it

   1        7.7944e-13   1.25e-15          7.7944e-13      1.25e-15    0.00e+00
   2        7.7947e-13   1.22e-15          7.7946e-13      8.72e-16    3.29e-04
   3        7.8147e-13   1.20e-15          7.8015e-13      7.05e-16    9.18e-01
   4        7.8133e-13   1.27e-15          7.8043e-13      6.17e-16    8.29e-01
   5        7.7752e-13   1.27e-15          7.7987e-13      5.54e-16    1.69e+00
   5        7.7938e-13   1.28e-15          7.7979e-13      5.09e-16    1.38e+00
LO = (7.7979298e-13 +- 5.0853750e-16) pb
LHAPDF 6.2.3 loading /pool/condor/dir_38759/resummino-releases/lhapdf-prefix/share/LHAPDF/PDF4LHC21_40/PDF4LHC21_40_0020.dat
PDF4LHC21_40 PDF set, member #20, version 1
 alpha_s(M_Z^2) = 0.1180 	 for NLO PDF set 
 alpha_s(800.000^2) = 0.0890 	 for NLO PDF set 

********************
* LO cross section *
********************
The limits of integration are:

xl[0]=0.000000    xu[0]=1.000000
xl[1]=0.000000    xu[1]=1.000000
xl[2]=0.000000    xu[2]=1.000000

num_dim=3, calls=2000, it_num=1, max_it_num=5 verb=0, alph=1.50,
mode=0, bins=50, boxes=1

       single.......iteration                   accumulated......results   
iteration     integral    sigma             integral         sigma     chi-sq/it

   1        7.2008e-13   2.48e-14          7.2008e-13      2.48e-14    0.00e+00
   2        7.6127e-13   8.44e-15          7.5700e-13      7.99e-15    2.47e+00
   3        7.7339e-13   4.21e-15          7.6984e-13      3.72e-15    2.88e+00
   4        7.6708e-13   3.86e-15          7.6851e-13      2.68e-15    2.01e+00
   5        7.6534e-13   3.98e-15          7.6752e-13      2.22e-15    1.62e+00

num_dim=3, calls=20000, it_num=1, max_it_num=5 verb=0, alph=1.50,
mode=0, bins=50, boxes=1

       single.......iteration                   accumulated......results   
iteration     integral    sigma             integral         sigma     chi-sq/it

   1        7.6636e-13   1.24e-15          7.6636e-13      1.24e-15    0.00e+00
   2        7.6624e-13   1.21e-15          7.6630e-13      8.64e-16    4.49e-03
   3        7.6825e-13   1.19e-15          7.6698e-13      6.99e-16    8.82e-01
   4        7.6822e-13   1.26e-15          7.6727e-13      6.11e-16    8.36e-01
   5        7.6437e-13   1.25e-15          7.6671e-13      5.49e-16    1.70e+00
   5        7.6604e-13   1.27e-15          7.6661e-13      5.04e-16    1.41e+00
   5        7.6807e-13   1.27e-15          7.6681e-13      4.68e-16    1.37e+00
   5        7.6576e-13   1.30e-15          7.6668e-13      4.40e-16    1.25e+00
   5        7.6568e-13   1.34e-15          7.6659e-13      4.18e-16    1.16e+00
   5        7.6479e-13   1.35e-15          7.6643e-13      3.99e-16    1.21e+00
   5        7.6606e-13   1.42e-15          7.6640e-13      3.85e-16    1.10e+00
   5        7.6565e-13   1.45e-15          7.6635e-13      3.72e-16    1.02e+00
   5        7.6770e-13   1.54e-15          7.6643e-13      3.61e-16    9.96e-01
   5        7.6524e-13   1.58e-15          7.6637e-13      3.52e-16    9.61e-01
   5        7.6699e-13   1.69e-15          7.6639e-13      3.45e-16    9.02e-01
   5        7.6557e-13   1.73e-15          7.6636e-13      3.38e-16    8.57e-01
   5        7.6448e-13   1.75e-15          7.6629e-13      3.32e-16    8.73e-01
   5        7.6928e-13   1.80e-15          7.6639e-13      3.26e-16    9.79e-01
   5        7.6897e-13   1.93e-15          7.6646e-13      3.22e-16    1.02e+00
   5        7.6867e-13   1.91e-15          7.6652e-13      3.17e-16    1.04e+00
   5        7.6464e-13   1.99e-15          7.6648e-13      3.13e-16    1.03e+00
   5        7.6662e-13   2.05e-15          7.6648e-13      3.10e-16    9.79e-01
   5        7.6816e-13   2.09e-15          7.6652e-13      3.06e-16    9.63e-01
   5        7.6616e-13   2.22e-15          7.6651e-13      3.04e-16    9.22e-01
   5        7.6908e-13   2.18e-15          7.6656e-13      3.01e-16    9.40e-01
   5        7.6629e-13   2.25e-15          7.6655e-13      2.98e-16    9.03e-01
   5        7.7070e-13   2.39e-15          7.6662e-13      2.96e-16    9.82e-01
   5        7.6712e-13   2.27e-15          7.6663e-13      2.93e-16    9.48e-01
   5        7.6616e-13   2.34e-15          7.6662e-13      2.91e-16    9.15e-01
   5        7.6881e-13   2.47e-15          7.6665e-13      2.89e-16    9.11e-01
   5        7.6682e-13   2.37e-15          7.6665e-13      2.87e-16    8.80e-01
   5        7.6652e-13   2.49e-15          7.6665e-13      2.85e-16    8.52e-01
   5        7.6926e-13   2.38e-15          7.6669e-13      2.83e-16    8.63e-01
   5        7.6478e-13   2.48e-15          7.6666e-13      2.81e-16    8.54e-01
   5        7.6428e-13   2.40e-15          7.6663e-13      2.79e-16    8.58e-01
   5        7.7026e-13   2.49e-15          7.6668e-13      2.77e-16    8.93e-01
   5        7.5917e-13   2.40e-15          7.6658e-13      2.76e-16    1.14e+00
   5        7.6281e-13   2.51e-15          7.6653e-13      2.74e-16    1.16e+00
   5        7.6859e-13   2.48e-15          7.6656e-13      2.72e-16    1.15e+00
   5        7.6687e-13   2.54e-15          7.6656e-13      2.71e-16    1.12e+00
   5        7.6874e-13   2.59e-15          7.6658e-13      2.69e-16    1.11e+00
   5        7.6697e-13   2.58e-15          7.6659e-13      2.68e-16    1.09e+00
   5        7.7330e-13   2.64e-15          7.6666e-13      2.67e-16    1.21e+00
   5        7.6783e-13   2.55e-15          7.6667e-13      2.65e-16    1.19e+00
   5        7.6459e-13   2.63e-15          7.6665e-13      2.64e-16    1.18e+00
   5        7.6604e-13   2.70e-15          7.6664e-13      2.62e-16    1.15e+00
   5        7.7045e-13   2.80e-15          7.6668e-13      2.61e-16    1.17e+00
   5        7.6075e-13   2.73e-15          7.6662e-13      2.60e-16    1.24e+00
   5        7.7318e-13   2.85e-15          7.6668e-13      2.59e-16    1.32e+00
LO = (7.6667556e-13 +- 2.5907061e-16) pb

*******************************************
* virtual corrections + integrated dipole *
*******************************************
The limits of integration are:

xl[0]=0.000000    xu[0]=1.000000
xl[1]=0.000000    xu[1]=1.000000
xl[2]=0.000000    xu[2]=1.000000

num_dim=3, calls=240, it_num=1, max_it_num=5 verb=0, alph=1.50,
mode=0, bins=50, boxes=1

       single.......iteration                   accumulated......results   
iteration     integral    sigma             integral         sigma     chi-sq/it

   1        8.9831e-14   9.34e-15          8.9831e-14      9.34e-15    0.00e+00
   2        9.2875e-14   4.80e-15          9.2238e-14      4.27e-15    8.40e-02
   3        1.0388e-13   3.03e-15          9.9993e-14      2.47e-15    2.52e+00
   4        1.0287e-13   1.89e-15          1.0180e-13      1.50e-15    1.96e+00
   5        1.0589e-13   2.34e-15          1.0300e-13      1.26e-15    2.01e+00

num_dim=3, calls=1200, it_num=1, max_it_num=3 verb=0, alph=1.50,
mode=0, bins=50, boxes=1

       single.......iteration                   accumulated......results   
iteration     integral    sigma             integral         sigma     chi-sq/it

   1        9.9837e-14   9.59e-16          9.9837e-14      9.59e-16    0.00e+00
   2        1.0201e-13   7.78e-16          1.0115e-13      6.04e-16    3.09e+00
   3        1.0155e-13   7.12e-16          1.0131e-13      4.61e-16    1.64e+00
   3        1.0275e-13   6.89e-16          1.0176e-13      3.83e-16    2.09e+00
   3        1.0095e-13   7.29e-16          1.0158e-13      3.39e-16    1.81e+00
   3        1.0197e-13   6.97e-16          1.0166e-13      3.05e-16    1.50e+00
   3        1.0111e-13   7.74e-16          1.0158e-13      2.84e-16    1.32e+00
   3        1.0246e-13   7.55e-16          1.0169e-13      2.66e-16    1.30e+00
   3        1.0204e-13   7.11e-16          1.0173e-13      2.49e-16    1.17e+00
vNLO = (1.0173353e-13 +- 2.4878032e-16) pb

*****************************
* collinear remainder (P+K) *
*****************************
The limits of integration are:

xl[0]=0.000000    xu[0]=1.000000
xl[1]=0.000000    xu[1]=1.000000
xl[2]=0.000000    xu[2]=1.000000
xl[3]=0.000000    xu[3]=1.000000

num_dim=4, calls=2500, it_num=1, max_it_num=5 verb=0, alph=1.50,
mode=0, bins=50, boxes=1

       single.......iteration                   accumulated......results   
iteration     integral    sigma             integral         sigma     chi-sq/it

   1        6.8151e-14   5.76e-15          6.8151e-14      5.76e-15    0.00e+00
   2        6.8875e-14   2.35e-15          6.8771e-14      2.18e-15    1.35e-02
   3        6.9939e-14   2.01e-15          6.9402e-14      1.48e-15    8.45e-02
   4        7.0818e-14   1.91e-15          6.9931e-14      1.17e-15    1.71e-01
   5        7.3134e-14   1.92e-15          7.0799e-14      9.97e-16    6.38e-01

num_dim=4, calls=25000, it_num=1, max_it_num=3 verb=0, alph=1.50,
mode=0, bins=50, boxes=1

       single.......iteration                   accumulated......results   
iteration     integral    sigma             integral         sigma     chi-sq/it

   1        7.2498e-14   6.02e-16          7.2498e-14      6.02e-16    0.00e+00
   2        7.2337e-14   5.97e-16          7.2417e-14      4.24e-16    3.60e-02
   3        7.0766e-14   6.01e-16          7.1868e-14      3.46e-16    2.54e+00
   3        7.1702e-14   6.00e-16          7.1827e-14      3.00e-16    1.71e+00
   3        7.0603e-14   6.04e-16          7.1585e-14      2.69e-16    2.11e+00
   3        7.0734e-14   6.02e-16          7.1443e-14      2.45e-16    2.02e+00
   3        7.1011e-14   6.08e-16          7.1383e-14      2.27e-16    1.76e+00
   3        7.1409e-14   6.06e-16          7.1386e-14      2.13e-16    1.50e+00
   3        7.1609e-14   6.09e-16          7.1410e-14      2.01e-16    1.33e+00
P+K = (7.1410301e-14 +- 2.0101904e-16) pb

********************************
* real gluon emission - dipole *
********************************
The limits of integration are:

xl[0]=0.000000    xu[0]=1.000000
xl[1]=0.000000    xu[1]=1.000000
xl[2]=0.000000    xu[2]=1.000000
xl[3]=0.000000    xu[3]=1.000000
xl[4]=0.000000    xu[4]=1.000000
xl[5]=0.000000    xu[5]=1.000000

num_dim=6, calls=250, it_num=1, max_it_num=5 verb=0, alph=1.50,
mode=0, bins=50, boxes=1

       single.......iteration                   accumulated......results   
iteration     integral    sigma             integral         sigma     chi-sq/it

   1        -2.0195e-15   6.87e-16          -2.0195e-15      6.87e-16    0.00e+00
   2        -2.2787e-15   4.69e-16          -2.1963e-15      3.88e-16    9.70e-02
   3        -1.5440e-15   1.85e-16          -1.6654e-15      1.67e-16    1.20e+00
   4        -1.8323e-15   1.57e-16          -1.7538e-15      1.15e-16    9.77e-01
   5        -1.8326e-15   1.18e-16          -1.7921e-15      8.21e-17    7.90e-01

num_dim=6, calls=2500, it_num=1, max_it_num=3 verb=0, alph=1.50,
mode=0, bins=50, boxes=1

       single.......iteration                   accumulated......results   
iteration     integral    sigma             integral         sigma     chi-sq/it

   1        -1.7139e-15   3.21e-17          -1.7139e-15      3.21e-17    0.00e+00
   2        -1.7248e-15   2.21e-17          -1.7213e-15      1.82e-17    7.78e-02
   3        -1.7390e-15   2.22e-17          -1.7284e-15      1.41e-17    2.29e-01
   3        -1.7373e-15   2.22e-17          -1.7310e-15      1.19e-17    1.90e-01
   3        -1.7207e-15   1.95e-17          -1.7282e-15      1.02e-17    1.94e-01
   3        -1.7212e-15   1.82e-17          -1.7265e-15      8.87e-18    1.77e-01
   3        -1.7220e-15   1.77e-17          -1.7256e-15      7.94e-18    1.57e-01
   3        -1.7197e-15   1.71e-17          -1.7246e-15      7.20e-18    1.48e-01
   3        -1.7332e-15   1.75e-17          -1.7258e-15      6.66e-18    1.56e-01
   3        -1.7430e-15   1.77e-17          -1.7280e-15      6.23e-18    2.30e-01
   3        -1.7250e-15   1.73e-17          -1.7276e-15      5.86e-18    2.10e-01
   3        -1.7293e-15   1.80e-17          -1.7278e-15      5.57e-18    1.92e-01
   3        -1.7281e-15   1.75e-17          -1.7278e-15      5.31e-18    1.76e-01
   3        -1.7482e-15   1.75e-17          -1.7295e-15      5.08e-18    2.58e-01
   3        -1.7135e-15   1.71e-17          -1.7282e-15      4.87e-18    2.98e-01
   3        -1.7337e-15   1.97e-17          -1.7285e-15      4.73e-18    2.83e-01
   3        -1.7173e-15   1.90e-17          -1.7279e-15      4.59e-18    2.86e-01
   3        -1.7102e-15   1.75e-17          -1.7268e-15      4.44e-18    3.25e-01
   3        -1.7275e-15   1.83e-17          -1.7268e-15      4.31e-18    3.07e-01
   3        -1.7005e-15   1.87e-17          -1.7255e-15      4.20e-18    3.91e-01
   3        -1.6969e-15   1.80e-17          -1.7240e-15      4.09e-18    4.90e-01
   3        -1.7133e-15   1.80e-17          -1.7235e-15      3.99e-18    4.83e-01
   3        -1.6950e-15   1.79e-17          -1.7221e-15      3.90e-18    5.70e-01
rNLOg = (-1.7221216e-15 +- 3.8954253e-18) pb

**************************************************
* real light quark emission - dipole - (onshell) *
**************************************************
The limits of integration are:

xl[0]=0.000000    xu[0]=1.000000
xl[1]=0.000000    xu[1]=1.000000
xl[2]=0.000000    xu[2]=1.000000
xl[3]=0.000000    xu[3]=1.000000
xl[4]=0.000000    xu[4]=1.000000
xl[5]=0.000000    xu[5]=1.000000

num_dim=6, calls=5000, it_num=1, max_it_num=5 verb=0, alph=1.50,
mode=0, bins=50, boxes=1

       single.......iteration                   accumulated......results   
iteration     integral    sigma             integral         sigma     chi-sq/it

   1        4.8414e-15   3.76e-16          4.8414e-15      3.76e-16    0.00e+00
   2        5.1042e-15   1.11e-16          5.0832e-15      1.06e-16    4.50e-01
   3        4.9479e-15   5.48e-17          4.9763e-15      4.87e-17    8.65e-01
   4        4.8631e-15   4.31e-17          4.9128e-15      3.23e-17    1.59e+00
   5        4.9297e-15   3.82e-17          4.9198e-15      2.46e-17    1.22e+00

num_dim=6, calls=50000, it_num=1, max_it_num=5 verb=0, alph=1.50,
mode=0, bins=50, boxes=1

       single.......iteration                   accumulated......results   
iteration     integral    sigma             integral         sigma     chi-sq/it

   1        4.9100e-15   1.16e-17          4.9100e-15      1.16e-17    0.00e+00
   2        4.9407e-15   1.43e-17          4.9222e-15      8.98e-18    2.80e+00
   3        4.9531e-15   1.47e-17          4.9306e-15      7.65e-18    3.02e+00
   4        4.9287e-15   1.35e-17          4.9302e-15      6.66e-18    2.02e+00
   5        4.9398e-15   1.44e-17          4.9319e-15      6.04e-18    1.61e+00
   5        4.9240e-15   1.25e-17          4.9304e-15      5.44e-18    1.35e+00
rNLOq = (4.9303767e-15 +- 5.4372329e-18) pb
NLO = (9.4302764e-13 +- 4.1165838e-16) pb
#chisq/dof = 1.66166e-09
#status = success
#chisq/dof = 2.96805e-09
#status = success
#chisq/dof = 5.1706e-10
#status = success
#chisq/dof = 7.9502e-10
#status = success
#chisq/dof = 1.97615e-10
#status = success
#chisq/dof = 2.43383e-12
#status = success
#chisq/dof = 2.34177e-10
#status = success
#chisq/dof = 9.72468e-11
#status = success

*******************************************************
* threshold resummation (unimproved nnll) - expansion *
*******************************************************
The limits of integration are:

xl[0]=0.000000    xu[0]=1.000000
xl[1]=0.000000    xu[1]=1.000000
xl[2]=0.000000    xu[2]=1.000000

num_dim=3, calls=7000, it_num=1, max_it_num=5 verb=0, alph=1.50,
mode=0, bins=50, boxes=1

       single.......iteration                   accumulated......results   
iteration     integral    sigma             integral         sigma     chi-sq/it

   1        3.1032e-14   2.76e-14          3.1032e-14      2.76e-14    0.00e+00
   2        3.7698e-15   1.12e-14          7.6556e-15      1.04e-14    8.38e-01
   3        5.3654e-16   1.04e-14          4.0791e-15      7.34e-15    5.37e-01
   4        2.7875e-14   1.03e-14          1.2081e-14      5.98e-15    1.53e+00
   5        4.8510e-15   1.04e-14          1.0276e-14      5.18e-15    1.24e+00

num_dim=3, calls=35000, it_num=1, max_it_num=5 verb=0, alph=1.50,
mode=0, bins=50, boxes=1

       single.......iteration                   accumulated......results   
iteration     integral    sigma             integral         sigma     chi-sq/it

   1        -4.8245e-17   4.60e-15          -4.8245e-17      4.60e-15    0.00e+00
   2        4.6183e-15   4.58e-15          2.2940e-15      3.25e-15    5.17e-01
   3        4.0130e-15   4.59e-15          2.8674e-15      2.65e-15    3.05e-01
   4        6.3227e-15   4.61e-15          3.7245e-15      2.30e-15    3.44e-01
   5        -3.2059e-15   4.59e-15          2.3379e-15      2.05e-15    7.13e-01
   5        1.3349e-16   4.59e-15          1.9693e-15      1.88e-15    6.09e-01
   5        3.4880e-15   4.61e-15          2.1849e-15      1.74e-15    5.23e-01
   5        -1.4710e-15   4.61e-15          1.7298e-15      1.63e-15    5.27e-01
   5        -5.6453e-16   4.61e-15          1.4766e-15      1.53e-15    4.89e-01
   5        5.2318e-17   4.61e-15          1.3351e-15      1.45e-15    4.44e-01
   5        -2.4588e-15   4.62e-15          9.9318e-16      1.39e-15    4.61e-01
aNNLO+NNLL = (9.4402082e-13 +- 1.4474242e-15) pb

Results:
LO = (7.7979298e-13 +- 5.0853750e-16) pb
NLO = (9.4302764e-13 +- 4.1165838e-16) pb
aNNLO+NNLL = (9.4402082e-13 +- 1.4474242e-15) pb
Thanks for using LHAPDF 6.2.3. Please make sure to cite the paper:
  Eur.Phys.J. C75 (2015) 3, 132  (http://arxiv.org/abs/1412.7420)
 ====================================================
   FF 2.0, a package to evaluate one-loop integrals
 written by G. J. van Oldenborgh, NIKHEF-H, Amsterdam
 ====================================================
 for the algorithms used see preprint NIKHEF-H 89/17,
 'New Algorithms for One-loop Integrals', by G.J. van
 Oldenborgh and J.A.M. Vermaseren, published in 
 Zeitschrift fuer Physik C46(1990)425.
 ====================================================
 
total number of errors and warnings
===================================
fferr: no errors
 
