
  Welcome to Resummino git-latest
  Copyright 2008-2010 Jonathan Debove.
  Copyright 2011-2014 David R. Lamprea.
  Copyright 2011-2016 Marcel Rothering.

  Licensed under the EUPL 1.1 or later.
  See http://www.resummino.org/ for more information.

  If using Resummino for slepton pair production, please cite.
  - G. Bozzi, B. Fuks, M. Klasen, PRD 74, 015001 (2006); NPB 777, 157 (2007); NPB 794, 46 (2007).
  - B. Fuks, M. Klasen, D. R. Lamprea, M. Rothering, EPJC 73, 2480 (2013).

  For gaugino pair production, please cite:
  - J. Debove, B. Fuks, M. Klasen, PLB 688, 208 (2010); NPB 842, 51 (2011); NPB 849, 64 (2011).
  - B. Fuks, M. Klasen, D. R. Lamprea, M. Rothering, JHEP 1210, 081 (2012); EPJC 73, 2480 (2013).

  For associated gaugino gluino production, please cite:
  - B. Fuks, M. Klasen, M. Rothering, JHEP 07:053, (2016).
  - B. Fuks, M. Klasen, D. R. Lamprea, M. Rothering, EPJC 73, 2480 (2013).

LHAPDF 6.2.3 loading /pool/condor/dir_38881/resummino-releases/lhapdf-prefix/share/LHAPDF/PDF4LHC21_40/PDF4LHC21_40_0000.dat
PDF4LHC21_40 PDF set, member #0, version 1
 alpha_s(M_Z^2) = 0.1180 	 for LO PDF set 
 alpha_s(1000.000^2) = 0.0868 	 for LO PDF set 

********************
* LO cross section *
********************
The limits of integration are:

xl[0]=0.000000    xu[0]=1.000000
xl[1]=0.000000    xu[1]=1.000000
xl[2]=0.000000    xu[2]=1.000000

num_dim=3, calls=2000, it_num=1, max_it_num=5 verb=0, alph=1.50,
mode=0, bins=50, boxes=1

       single.......iteration                   accumulated......results   
iteration     integral    sigma             integral         sigma     chi-sq/it

   1        3.5917e-13   1.21e-14          3.5917e-13      1.21e-14    0.00e+00
   2        3.8258e-13   4.20e-15          3.8006e-13      3.96e-15    3.36e+00
   3        3.8709e-13   2.07e-15          3.8559e-13      1.83e-15    2.92e+00
   4        3.8459e-13   1.89e-15          3.8510e-13      1.32e-15    1.99e+00
   5        3.8400e-13   1.93e-15          3.8475e-13      1.09e-15    1.55e+00

num_dim=3, calls=20000, it_num=1, max_it_num=5 verb=0, alph=1.50,
mode=0, bins=50, boxes=1

       single.......iteration                   accumulated......results   
iteration     integral    sigma             integral         sigma     chi-sq/it

   1        3.8425e-13   6.01e-16          3.8425e-13      6.01e-16    0.00e+00
   2        3.8422e-13   5.84e-16          3.8423e-13      4.19e-16    1.00e-03
   3        3.8503e-13   5.70e-16          3.8451e-13      3.37e-16    6.37e-01
   4        3.8504e-13   6.07e-16          3.8464e-13      2.95e-16    6.18e-01
   5        3.8326e-13   6.10e-16          3.8438e-13      2.66e-16    1.50e+00
LO = (3.8437696e-13 +- 2.6559757e-16) pb
LHAPDF 6.2.3 loading /pool/condor/dir_38881/resummino-releases/lhapdf-prefix/share/LHAPDF/PDF4LHC21_40/PDF4LHC21_40_0036.dat
PDF4LHC21_40 PDF set, member #36, version 1
 alpha_s(M_Z^2) = 0.1180 	 for NLO PDF set 
 alpha_s(1000.000^2) = 0.0868 	 for NLO PDF set 

********************
* LO cross section *
********************
The limits of integration are:

xl[0]=0.000000    xu[0]=1.000000
xl[1]=0.000000    xu[1]=1.000000
xl[2]=0.000000    xu[2]=1.000000

num_dim=3, calls=2000, it_num=1, max_it_num=5 verb=0, alph=1.50,
mode=0, bins=50, boxes=1

       single.......iteration                   accumulated......results   
iteration     integral    sigma             integral         sigma     chi-sq/it

   1        3.5966e-13   1.20e-14          3.5966e-13      1.20e-14    0.00e+00
   2        3.8314e-13   4.18e-15          3.8061e-13      3.95e-15    3.40e+00
   3        3.8755e-13   2.07e-15          3.8605e-13      1.84e-15    2.91e+00
   4        3.8502e-13   1.89e-15          3.8555e-13      1.32e-15    1.99e+00
   5        3.8441e-13   1.93e-15          3.8519e-13      1.09e-15    1.55e+00

num_dim=3, calls=20000, it_num=1, max_it_num=5 verb=0, alph=1.50,
mode=0, bins=50, boxes=1

       single.......iteration                   accumulated......results   
iteration     integral    sigma             integral         sigma     chi-sq/it

   1        3.8473e-13   6.03e-16          3.8473e-13      6.03e-16    0.00e+00
   2        3.8473e-13   5.85e-16          3.8473e-13      4.20e-16    5.15e-07
   3        3.8551e-13   5.71e-16          3.8500e-13      3.38e-16    6.05e-01
   4        3.8552e-13   6.09e-16          3.8513e-13      2.96e-16    5.90e-01
   5        3.8374e-13   6.12e-16          3.8486e-13      2.66e-16    1.48e+00
   5        3.8461e-13   6.14e-16          3.8482e-13      2.44e-16    1.21e+00
   5        3.8550e-13   6.10e-16          3.8492e-13      2.27e-16    1.19e+00
   5        3.8457e-13   6.28e-16          3.8488e-13      2.13e-16    1.06e+00
   5        3.8447e-13   6.39e-16          3.8484e-13      2.02e-16    9.70e-01
   5        3.8416e-13   6.47e-16          3.8478e-13      1.93e-16    9.72e-01
   5        3.8439e-13   6.83e-16          3.8475e-13      1.86e-16    9.05e-01
   5        3.8459e-13   6.88e-16          3.8474e-13      1.79e-16    8.27e-01
   5        3.8518e-13   7.24e-16          3.8476e-13      1.74e-16    7.88e-01
   5        3.8419e-13   7.58e-16          3.8473e-13      1.70e-16    7.69e-01
   5        3.8482e-13   8.11e-16          3.8474e-13      1.66e-16    7.15e-01
   5        3.8433e-13   8.44e-16          3.8472e-13      1.63e-16    6.82e-01
   5        3.8361e-13   8.47e-16          3.8468e-13      1.60e-16    7.43e-01
   5        3.8616e-13   8.74e-16          3.8473e-13      1.57e-16    8.63e-01
   5        3.8563e-13   9.44e-16          3.8476e-13      1.55e-16    8.64e-01
   5        3.8547e-13   9.21e-16          3.8477e-13      1.53e-16    8.49e-01
   5        3.8383e-13   9.69e-16          3.8475e-13      1.51e-16    8.53e-01
   5        3.8461e-13   9.87e-16          3.8475e-13      1.49e-16    8.14e-01
   5        3.8569e-13   1.00e-15          3.8477e-13      1.48e-16    8.16e-01
   5        3.8472e-13   1.09e-15          3.8477e-13      1.47e-16    7.80e-01
   5        3.8583e-13   1.07e-15          3.8479e-13      1.45e-16    7.89e-01
   5        3.8456e-13   1.10e-15          3.8478e-13      1.44e-16    7.59e-01
   5        3.8666e-13   1.17e-15          3.8481e-13      1.43e-16    8.27e-01
   5        3.8476e-13   1.11e-15          3.8481e-13      1.42e-16    7.96e-01
   5        3.8445e-13   1.15e-15          3.8481e-13      1.41e-16    7.71e-01
   5        3.8558e-13   1.21e-15          3.8482e-13      1.40e-16    7.59e-01
   5        3.8501e-13   1.19e-15          3.8482e-13      1.39e-16    7.34e-01
   5        3.8447e-13   1.26e-15          3.8481e-13      1.38e-16    7.13e-01
   5        3.8615e-13   1.22e-15          3.8483e-13      1.37e-16    7.28e-01
   5        3.8408e-13   1.28e-15          3.8482e-13      1.36e-16    7.16e-01
   5        3.8347e-13   1.25e-15          3.8481e-13      1.35e-16    7.29e-01
   5        3.8637e-13   1.29e-15          3.8482e-13      1.35e-16    7.49e-01
   5        3.8071e-13   1.25e-15          3.8478e-13      1.34e-16    1.02e+00
   5        3.8262e-13   1.31e-15          3.8475e-13      1.33e-16    1.07e+00
   5        3.8579e-13   1.30e-15          3.8477e-13      1.33e-16    1.06e+00
   5        3.8483e-13   1.33e-15          3.8477e-13      1.32e-16    1.03e+00
   5        3.8567e-13   1.34e-15          3.8477e-13      1.31e-16    1.02e+00
   5        3.8467e-13   1.33e-15          3.8477e-13      1.31e-16    9.92e-01
   5        3.8814e-13   1.38e-15          3.8480e-13      1.30e-16    1.11e+00
   5        3.8555e-13   1.33e-15          3.8481e-13      1.29e-16    1.09e+00
   5        3.8399e-13   1.34e-15          3.8480e-13      1.29e-16    1.07e+00
   5        3.8444e-13   1.37e-15          3.8480e-13      1.28e-16    1.05e+00
LO = (3.8480016e-13 +- 1.2824889e-16) pb

*******************************************
* virtual corrections + integrated dipole *
*******************************************
The limits of integration are:

xl[0]=0.000000    xu[0]=1.000000
xl[1]=0.000000    xu[1]=1.000000
xl[2]=0.000000    xu[2]=1.000000

num_dim=3, calls=240, it_num=1, max_it_num=5 verb=0, alph=1.50,
mode=0, bins=50, boxes=1

       single.......iteration                   accumulated......results   
iteration     integral    sigma             integral         sigma     chi-sq/it

   1        4.3231e-14   4.33e-15          4.3231e-14      4.33e-15    0.00e+00
   2        4.5640e-14   2.37e-15          4.5086e-14      2.08e-15    2.38e-01
   3        5.0474e-14   1.35e-15          4.8871e-14      1.13e-15    2.48e+00
   4        5.0397e-14   9.04e-16          4.9804e-14      7.07e-16    2.02e+00
   5        5.1454e-14   1.06e-15          5.0311e-14      5.88e-16    1.94e+00

num_dim=3, calls=1200, it_num=1, max_it_num=3 verb=0, alph=1.50,
mode=0, bins=50, boxes=1

       single.......iteration                   accumulated......results   
iteration     integral    sigma             integral         sigma     chi-sq/it

   1        4.9072e-14   4.57e-16          4.9072e-14      4.57e-16    0.00e+00
   2        5.0017e-14   3.74e-16          4.9638e-14      2.90e-16    2.56e+00
   3        4.9688e-14   3.40e-16          4.9659e-14      2.20e-16    1.29e+00
   3        5.0203e-14   3.18e-16          4.9835e-14      1.81e-16    1.52e+00
   3        4.9441e-14   3.44e-16          4.9749e-14      1.60e-16    1.39e+00
   3        4.9970e-14   3.27e-16          4.9792e-14      1.44e-16    1.19e+00
   3        4.9602e-14   3.62e-16          4.9766e-14      1.34e-16    1.03e+00
   3        5.0050e-14   3.46e-16          4.9803e-14      1.25e-16    9.66e-01
vNLO = (4.9803030e-14 +- 1.2481319e-16) pb

*****************************
* collinear remainder (P+K) *
*****************************
The limits of integration are:

xl[0]=0.000000    xu[0]=1.000000
xl[1]=0.000000    xu[1]=1.000000
xl[2]=0.000000    xu[2]=1.000000
xl[3]=0.000000    xu[3]=1.000000

num_dim=4, calls=2500, it_num=1, max_it_num=5 verb=0, alph=1.50,
mode=0, bins=50, boxes=1

       single.......iteration                   accumulated......results   
iteration     integral    sigma             integral         sigma     chi-sq/it

   1        4.0414e-14   3.01e-15          4.0414e-14      3.01e-15    0.00e+00
   2        4.1079e-14   1.21e-15          4.0987e-14      1.12e-15    4.20e-02
   3        4.1747e-14   1.02e-15          4.1402e-14      7.54e-16    1.47e-01
   4        4.2036e-14   9.79e-16          4.1639e-14      5.98e-16    1.86e-01
   5        4.2975e-14   9.60e-16          4.2012e-14      5.07e-16    4.88e-01

num_dim=4, calls=25000, it_num=1, max_it_num=3 verb=0, alph=1.50,
mode=0, bins=50, boxes=1

       single.......iteration                   accumulated......results   
iteration     integral    sigma             integral         sigma     chi-sq/it

   1        4.2908e-14   3.03e-16          4.2908e-14      3.03e-16    0.00e+00
   2        4.2908e-14   3.01e-16          4.2908e-14      2.14e-16    4.50e-07
   3        4.2080e-14   3.04e-16          4.2634e-14      1.75e-16    2.48e+00
   3        4.2541e-14   3.03e-16          4.2611e-14      1.51e-16    1.68e+00
   3        4.1954e-14   3.06e-16          4.2482e-14      1.36e-16    2.19e+00
   3        4.1963e-14   3.05e-16          4.2396e-14      1.24e-16    2.23e+00
   3        4.2193e-14   3.06e-16          4.2368e-14      1.15e-16    1.92e+00
   3        4.2390e-14   3.06e-16          4.2370e-14      1.08e-16    1.65e+00
   3        4.2387e-14   3.09e-16          4.2372e-14      1.02e-16    1.44e+00
P+K = (4.2372094e-14 +- 1.0157766e-16) pb

********************************
* real gluon emission - dipole *
********************************
The limits of integration are:

xl[0]=0.000000    xu[0]=1.000000
xl[1]=0.000000    xu[1]=1.000000
xl[2]=0.000000    xu[2]=1.000000
xl[3]=0.000000    xu[3]=1.000000
xl[4]=0.000000    xu[4]=1.000000
xl[5]=0.000000    xu[5]=1.000000

num_dim=6, calls=250, it_num=1, max_it_num=5 verb=0, alph=1.50,
mode=0, bins=50, boxes=1

       single.......iteration                   accumulated......results   
iteration     integral    sigma             integral         sigma     chi-sq/it

   1        -8.4207e-16   2.84e-16          -8.4207e-16      2.84e-16    0.00e+00
   2        -9.8349e-16   2.08e-16          -9.3420e-16      1.68e-16    1.61e-01
   3        -6.4052e-16   7.65e-17          -6.9112e-16      6.96e-17    1.35e+00
   4        -7.1948e-16   7.19e-17          -7.0485e-16      5.00e-17    9.26e-01
   5        -8.2864e-16   6.97e-17          -7.4688e-16      4.06e-17    1.22e+00

num_dim=6, calls=2500, it_num=1, max_it_num=3 verb=0, alph=1.50,
mode=0, bins=50, boxes=1

       single.......iteration                   accumulated......results   
iteration     integral    sigma             integral         sigma     chi-sq/it

   1        -7.4729e-16   1.67e-17          -7.4729e-16      1.67e-17    0.00e+00
   2        -7.2885e-16   9.78e-18          -7.3355e-16      8.44e-18    9.06e-01
   3        -7.4604e-16   9.57e-18          -7.3902e-16      6.33e-18    9.32e-01
rNLOg = (-7.3901697e-16 +- 6.3292792e-18) pb

**************************************************
* real light quark emission - dipole - (onshell) *
**************************************************
The limits of integration are:

xl[0]=0.000000    xu[0]=1.000000
xl[1]=0.000000    xu[1]=1.000000
xl[2]=0.000000    xu[2]=1.000000
xl[3]=0.000000    xu[3]=1.000000
xl[4]=0.000000    xu[4]=1.000000
xl[5]=0.000000    xu[5]=1.000000

num_dim=6, calls=5000, it_num=1, max_it_num=5 verb=0, alph=1.50,
mode=0, bins=50, boxes=1

       single.......iteration                   accumulated......results   
iteration     integral    sigma             integral         sigma     chi-sq/it

   1        1.8911e-15   1.34e-16          1.8911e-15      1.34e-16    0.00e+00
   2        1.9472e-15   3.82e-17          1.9430e-15      3.67e-17    1.61e-01
   3        1.9084e-15   2.13e-17          1.9171e-15      1.84e-17    4.12e-01
   4        1.8882e-15   1.65e-17          1.9010e-15      1.23e-17    7.30e-01
   5        1.8995e-15   1.38e-17          1.9003e-15      9.19e-18    5.49e-01

num_dim=6, calls=50000, it_num=1, max_it_num=5 verb=0, alph=1.50,
mode=0, bins=50, boxes=1

       single.......iteration                   accumulated......results   
iteration     integral    sigma             integral         sigma     chi-sq/it

   1        1.8950e-15   4.21e-18          1.8950e-15      4.21e-18    0.00e+00
   2        1.9058e-15   5.40e-18          1.8991e-15      3.32e-18    2.48e+00
   3        1.9114e-15   5.55e-18          1.9024e-15      2.85e-18    3.04e+00
   4        1.9009e-15   4.97e-18          1.9020e-15      2.47e-18    2.05e+00
   5        1.9059e-15   5.32e-18          1.9027e-15      2.24e-18    1.64e+00
   5        1.8996e-15   4.59e-18          1.9021e-15      2.01e-18    1.39e+00
rNLOq = (1.9020861e-15 +- 2.0141552e-18) pb
NLO = (4.7813835e-13 +- 2.0588406e-16) pb
#chisq/dof = 2.38711e-09
#status = success
#chisq/dof = 1.16536e-09
#status = success
#chisq/dof = 6.71407e-10
#status = success
#chisq/dof = 5.64111e-10
#status = success
#chisq/dof = 1.20768e-10
#status = success
#chisq/dof = 3.44483e-12
#status = success
#chisq/dof = 1.8812e-10
#status = success
#chisq/dof = 1.31218e-10
#status = success

*******************************************************
* threshold resummation (unimproved nnll) - expansion *
*******************************************************
The limits of integration are:

xl[0]=0.000000    xu[0]=1.000000
xl[1]=0.000000    xu[1]=1.000000
xl[2]=0.000000    xu[2]=1.000000

num_dim=3, calls=7000, it_num=1, max_it_num=5 verb=0, alph=1.50,
mode=0, bins=50, boxes=1

       single.......iteration                   accumulated......results   
iteration     integral    sigma             integral         sigma     chi-sq/it

   1        2.0151e-14   1.78e-14          2.0151e-14      1.78e-14    0.00e+00
   2        4.1497e-15   8.17e-15          6.9411e-15      7.42e-15    6.69e-01
   3        -1.2576e-14   7.52e-15          -2.6890e-15      5.28e-15    2.04e+00
   4        1.1241e-14   7.49e-15          1.9421e-15      4.32e-15    2.13e+00
   5        -6.6044e-15   7.47e-15          -1.9600e-16      3.74e-15    1.84e+00

num_dim=3, calls=35000, it_num=1, max_it_num=5 verb=0, alph=1.50,
mode=0, bins=50, boxes=1

       single.......iteration                   accumulated......results   
iteration     integral    sigma             integral         sigma     chi-sq/it

   1        2.7819e-15   3.32e-15          2.7819e-15      3.32e-15    0.00e+00
   2        5.4029e-15   3.32e-15          4.0917e-15      2.35e-15    3.12e-01
   3        7.7074e-15   3.32e-15          5.2986e-15      1.92e-15    5.52e-01
   4        7.6872e-15   3.33e-15          5.8918e-15      1.66e-15    4.96e-01
   5        -4.8449e-16   3.31e-15          4.6110e-15      1.49e-15    1.11e+00
   5        6.7755e-16   3.32e-15          3.9549e-15      1.36e-15    1.12e+00
   5        3.3959e-15   3.33e-15          3.8755e-15      1.26e-15    9.40e-01
   5        4.5265e-15   3.32e-15          3.9569e-15      1.17e-15    8.11e-01
   5        2.7977e-15   3.33e-15          3.8287e-15      1.11e-15    7.23e-01
   5        4.2660e-15   3.33e-15          3.8723e-15      1.05e-15    6.44e-01
   5        1.9807e-15   3.33e-15          3.7010e-15      1.00e-15    6.09e-01
   5        -2.1960e-15   3.34e-15          3.2131e-15      9.60e-16    8.14e-01
   5        1.2412e-15   3.36e-15          3.0639e-15      9.23e-16    7.73e-01
   5        3.3476e-15   3.35e-15          3.0840e-15      8.90e-16    7.14e-01
   5        2.4900e-15   3.37e-15          3.0452e-15      8.60e-16    6.65e-01
   5        7.1448e-15   3.36e-15          3.2969e-15      8.33e-16    7.14e-01
   5        -4.9225e-15   3.37e-15          2.8223e-15      8.09e-16    1.02e+00
   5        3.6538e-16   3.37e-15          2.6889e-15      7.87e-16    9.90e-01
   5        8.4040e-15   3.39e-15          2.9810e-15      7.66e-16    1.08e+00
   5        7.8414e-15   3.42e-15          3.2130e-15      7.48e-16    1.13e+00
   5        -4.6558e-15   3.42e-15          2.8537e-15      7.30e-16    1.33e+00
   5        4.6857e-15   3.42e-15          2.9336e-15      7.14e-16    1.28e+00
   5        -1.4914e-15   3.43e-15          2.7491e-15      6.99e-16    1.29e+00
   5        2.2272e-15   3.45e-15          2.7285e-15      6.85e-16    1.23e+00
   5        1.7153e-15   3.47e-15          2.6904e-15      6.72e-16    1.19e+00
   5        1.1727e-14   3.47e-15          3.0180e-15      6.60e-16    1.40e+00
   5        3.1942e-15   3.46e-15          3.0242e-15      6.48e-16    1.35e+00
   5        5.7002e-15   3.50e-15          3.1131e-15      6.37e-16    1.32e+00
   5        2.3467e-15   3.49e-15          3.0883e-15      6.27e-16    1.27e+00
   5        2.5502e-15   3.51e-15          3.0717e-15      6.17e-16    1.23e+00
   5        2.9203e-15   3.50e-15          3.0671e-15      6.08e-16    1.19e+00
   5        1.0573e-14   3.51e-15          3.2853e-15      5.99e-16    1.29e+00
   5        2.4202e-15   3.54e-15          3.2612e-15      5.91e-16    1.25e+00
   5        1.1720e-15   3.53e-15          3.2043e-15      5.82e-16    1.23e+00
   5        5.8191e-15   3.52e-15          3.2740e-15      5.75e-16    1.21e+00
   5        6.9438e-15   3.56e-15          3.3675e-15      5.67e-16    1.20e+00
   5        4.4719e-16   3.56e-15          3.2951e-15      5.60e-16    1.19e+00
   5        -3.9910e-15   3.58e-15          3.1206e-15      5.53e-16    1.26e+00
   5        6.0272e-15   3.59e-15          3.1881e-15      5.47e-16    1.25e+00
   5        -4.9481e-15   3.60e-15          3.0047e-15      5.41e-16    1.34e+00
   5        -1.2998e-15   3.64e-15          2.9118e-15      5.35e-16    1.34e+00
   5        3.3907e-15   3.65e-15          2.9218e-15      5.29e-16    1.31e+00
   5        8.9887e-16   3.63e-15          2.8797e-15      5.24e-16    1.29e+00
   5        1.6532e-15   3.65e-15          2.8549e-15      5.18e-16    1.26e+00
   5        6.7485e-16   3.68e-15          2.8124e-15      5.13e-16    1.24e+00
   5        -2.1610e-15   3.66e-15          2.7162e-15      5.08e-16    1.25e+00
   5        9.2629e-15   3.66e-15          2.8402e-15      5.04e-16    1.29e+00
   5        3.3241e-15   3.68e-15          2.8491e-15      4.99e-16    1.27e+00
   5        1.1070e-15   3.66e-15          2.8172e-15      4.94e-16    1.24e+00
   5        -3.7064e-16   3.66e-15          2.7602e-15      4.90e-16    1.23e+00
   5        1.0539e-15   3.65e-15          2.7300e-15      4.86e-16    1.21e+00
   5        4.3634e-15   3.68e-15          2.7579e-15      4.81e-16    1.19e+00
   5        4.0065e-16   3.65e-15          2.7176e-15      4.77e-16    1.18e+00
   5        7.5194e-15   3.67e-15          2.7972e-15      4.73e-16    1.19e+00
   5        2.0052e-16   3.68e-15          2.7549e-15      4.69e-16    1.18e+00
aNNLO+NNLL = (4.8089321e-13 +- 5.1251751e-16) pb

Results:
LO = (3.8437696e-13 +- 2.6559757e-16) pb
NLO = (4.7813835e-13 +- 2.0588406e-16) pb
aNNLO+NNLL = (4.8089321e-13 +- 5.1251751e-16) pb
Thanks for using LHAPDF 6.2.3. Please make sure to cite the paper:
  Eur.Phys.J. C75 (2015) 3, 132  (http://arxiv.org/abs/1412.7420)
 ====================================================
   FF 2.0, a package to evaluate one-loop integrals
 written by G. J. van Oldenborgh, NIKHEF-H, Amsterdam
 ====================================================
 for the algorithms used see preprint NIKHEF-H 89/17,
 'New Algorithms for One-loop Integrals', by G.J. van
 Oldenborgh and J.A.M. Vermaseren, published in 
 Zeitschrift fuer Physik C46(1990)425.
 ====================================================
 
total number of errors and warnings
===================================
fferr: no errors
 
