
  Welcome to Resummino git-latest
  Copyright 2008-2010 Jonathan Debove.
  Copyright 2011-2014 David R. Lamprea.
  Copyright 2011-2016 Marcel Rothering.

  Licensed under the EUPL 1.1 or later.
  See http://www.resummino.org/ for more information.

  If using Resummino for slepton pair production, please cite.
  - G. Bozzi, B. Fuks, M. Klasen, PRD 74, 015001 (2006); NPB 777, 157 (2007); NPB 794, 46 (2007).
  - B. Fuks, M. Klasen, D. R. Lamprea, M. Rothering, EPJC 73, 2480 (2013).

  For gaugino pair production, please cite:
  - J. Debove, B. Fuks, M. Klasen, PLB 688, 208 (2010); NPB 842, 51 (2011); NPB 849, 64 (2011).
  - B. Fuks, M. Klasen, D. R. Lamprea, M. Rothering, JHEP 1210, 081 (2012); EPJC 73, 2480 (2013).

  For associated gaugino gluino production, please cite:
  - B. Fuks, M. Klasen, M. Rothering, JHEP 07:053, (2016).
  - B. Fuks, M. Klasen, D. R. Lamprea, M. Rothering, EPJC 73, 2480 (2013).

LHAPDF 6.2.3 loading /pool/condor/dir_7579/resummino-releases/lhapdf-prefix/share/LHAPDF/PDF4LHC21_40/PDF4LHC21_40_0000.dat
PDF4LHC21_40 PDF set, member #0, version 1
 alpha_s(M_Z^2) = 0.1180 	 for LO PDF set 
 alpha_s(400.000^2) = 0.0965 	 for LO PDF set 

********************
* LO cross section *
********************
The limits of integration are:

xl[0]=0.000000    xu[0]=1.000000
xl[1]=0.000000    xu[1]=1.000000
xl[2]=0.000000    xu[2]=1.000000

num_dim=3, calls=2000, it_num=1, max_it_num=5 verb=0, alph=1.50,
mode=0, bins=50, boxes=1

       single.......iteration                   accumulated......results   
iteration     integral    sigma             integral         sigma     chi-sq/it

   1        3.3243e-12   1.11e-13          3.3243e-12      1.11e-13    0.00e+00
   2        3.4314e-12   3.61e-14          3.4212e-12      3.44e-14    8.38e-01
   3        3.4965e-12   1.98e-14          3.4777e-12      1.72e-14    2.22e+00
   4        3.4721e-12   1.83e-14          3.4751e-12      1.25e-14    1.50e+00
   5        3.4558e-12   1.92e-14          3.4694e-12      1.05e-14    1.30e+00

num_dim=3, calls=20000, it_num=1, max_it_num=5 verb=0, alph=1.50,
mode=0, bins=50, boxes=1

       single.......iteration                   accumulated......results   
iteration     integral    sigma             integral         sigma     chi-sq/it

   1        3.4666e-12   5.91e-15          3.4666e-12      5.91e-15    0.00e+00
   2        3.4670e-12   5.75e-15          3.4668e-12      4.12e-15    1.87e-03
   3        3.4791e-12   5.73e-15          3.4710e-12      3.35e-15    1.53e+00
   4        3.4765e-12   6.03e-15          3.4723e-12      2.93e-15    1.23e+00
   5        3.4585e-12   5.95e-15          3.4696e-12      2.63e-15    2.00e+00
   5        3.4681e-12   6.03e-15          3.4694e-12      2.41e-15    1.61e+00
   5        3.4736e-12   6.05e-15          3.4700e-12      2.24e-15    1.42e+00
LO = (3.4699510e-12 +- 2.2373376e-15) pb
LHAPDF 6.2.3 loading /pool/condor/dir_7579/resummino-releases/lhapdf-prefix/share/LHAPDF/PDF4LHC21_40/PDF4LHC21_40_0015.dat
PDF4LHC21_40 PDF set, member #15, version 1
 alpha_s(M_Z^2) = 0.1180 	 for NLO PDF set 
 alpha_s(400.000^2) = 0.0965 	 for NLO PDF set 

********************
* LO cross section *
********************
The limits of integration are:

xl[0]=0.000000    xu[0]=1.000000
xl[1]=0.000000    xu[1]=1.000000
xl[2]=0.000000    xu[2]=1.000000

num_dim=3, calls=2000, it_num=1, max_it_num=5 verb=0, alph=1.50,
mode=0, bins=50, boxes=1

       single.......iteration                   accumulated......results   
iteration     integral    sigma             integral         sigma     chi-sq/it

   1        3.2848e-12   1.11e-13          3.2848e-12      1.11e-13    0.00e+00
   2        3.3897e-12   3.59e-14          3.3797e-12      3.41e-14    8.13e-01
   3        3.4556e-12   1.97e-14          3.4366e-12      1.71e-14    2.26e+00
   4        3.4304e-12   1.83e-14          3.4337e-12      1.25e-14    1.52e+00
   5        3.4136e-12   1.91e-14          3.4277e-12      1.05e-14    1.34e+00

num_dim=3, calls=20000, it_num=1, max_it_num=5 verb=0, alph=1.50,
mode=0, bins=50, boxes=1

       single.......iteration                   accumulated......results   
iteration     integral    sigma             integral         sigma     chi-sq/it

   1        3.4253e-12   5.91e-15          3.4253e-12      5.91e-15    0.00e+00
   2        3.4256e-12   5.75e-15          3.4255e-12      4.12e-15    1.71e-03
   3        3.4376e-12   5.73e-15          3.4296e-12      3.34e-15    1.48e+00
   4        3.4352e-12   6.02e-15          3.4309e-12      2.92e-15    1.21e+00
   5        3.4174e-12   5.95e-15          3.4283e-12      2.62e-15    1.96e+00
   5        3.4262e-12   6.02e-15          3.4280e-12      2.41e-15    1.59e+00
   5        3.4322e-12   6.05e-15          3.4285e-12      2.24e-15    1.39e+00
   5        3.4237e-12   6.15e-15          3.4280e-12      2.10e-15    1.27e+00
   5        3.4230e-12   6.37e-15          3.4275e-12      1.99e-15    1.18e+00
   5        3.4165e-12   6.43e-15          3.4265e-12      1.91e-15    1.35e+00
   5        3.4262e-12   6.73e-15          3.4265e-12      1.83e-15    1.21e+00
   5        3.4218e-12   6.81e-15          3.4262e-12      1.77e-15    1.14e+00
   5        3.4342e-12   7.21e-15          3.4266e-12      1.72e-15    1.14e+00
   5        3.4211e-12   7.36e-15          3.4263e-12      1.67e-15    1.10e+00
   5        3.4279e-12   7.81e-15          3.4264e-12      1.64e-15    1.02e+00
   5        3.4216e-12   8.02e-15          3.4262e-12      1.60e-15    9.76e-01
   5        3.4199e-12   8.15e-15          3.4260e-12      1.57e-15    9.51e-01
   5        3.4379e-12   8.43e-15          3.4264e-12      1.55e-15    1.01e+00
   5        3.4389e-12   8.96e-15          3.4268e-12      1.52e-15    1.06e+00
   5        3.4400e-12   8.95e-15          3.4271e-12      1.50e-15    1.11e+00
   5        3.4195e-12   9.29e-15          3.4269e-12      1.48e-15    1.09e+00
   5        3.4271e-12   9.51e-15          3.4269e-12      1.47e-15    1.04e+00
   5        3.4331e-12   9.66e-15          3.4271e-12      1.45e-15    1.01e+00
   5        3.4232e-12   1.02e-14          3.4270e-12      1.43e-15    9.72e-01
   5        3.4406e-12   1.01e-14          3.4273e-12      1.42e-15    1.01e+00
   5        3.4272e-12   1.02e-14          3.4273e-12      1.41e-15    9.65e-01
   5        3.4480e-12   1.08e-14          3.4276e-12      1.40e-15    1.07e+00
   5        3.4303e-12   1.04e-14          3.4277e-12      1.38e-15    1.03e+00
   5        3.4249e-12   1.07e-14          3.4276e-12      1.37e-15    9.96e-01
   5        3.4384e-12   1.13e-14          3.4278e-12      1.36e-15    9.93e-01
   5        3.4272e-12   1.08e-14          3.4278e-12      1.35e-15    9.60e-01
   5        3.4275e-12   1.12e-14          3.4278e-12      1.34e-15    9.29e-01
   5        3.4402e-12   1.08e-14          3.4279e-12      1.33e-15    9.41e-01
   5        3.4183e-12   1.12e-14          3.4278e-12      1.32e-15    9.35e-01
   5        3.4172e-12   1.09e-14          3.4277e-12      1.31e-15    9.35e-01
   5        3.4452e-12   1.13e-14          3.4279e-12      1.30e-15    9.76e-01
   5        3.3945e-12   1.08e-14          3.4274e-12      1.29e-15    1.21e+00
   5        3.4131e-12   1.13e-14          3.4272e-12      1.28e-15    1.22e+00
   5        3.4386e-12   1.12e-14          3.4274e-12      1.28e-15    1.21e+00
   5        3.4292e-12   1.14e-14          3.4274e-12      1.27e-15    1.18e+00
   5        3.4371e-12   1.17e-14          3.4275e-12      1.26e-15    1.17e+00
   5        3.4304e-12   1.16e-14          3.4276e-12      1.25e-15    1.14e+00
   5        3.4552e-12   1.18e-14          3.4279e-12      1.25e-15    1.25e+00
   5        3.4328e-12   1.16e-14          3.4279e-12      1.24e-15    1.22e+00
   5        3.4175e-12   1.20e-14          3.4278e-12      1.23e-15    1.21e+00
   5        3.4264e-12   1.23e-14          3.4278e-12      1.23e-15    1.18e+00
   5        3.4434e-12   1.26e-14          3.4279e-12      1.22e-15    1.19e+00
   5        3.4028e-12   1.22e-14          3.4277e-12      1.22e-15    1.26e+00
   5        3.4551e-12   1.27e-14          3.4279e-12      1.21e-15    1.33e+00
   5        3.4495e-12   1.24e-14          3.4281e-12      1.20e-15    1.36e+00
   5        3.4250e-12   1.25e-14          3.4281e-12      1.20e-15    1.33e+00
   5        3.3982e-12   1.24e-14          3.4278e-12      1.19e-15    1.42e+00
   5        3.4267e-12   1.26e-14          3.4278e-12      1.19e-15    1.39e+00
   5        3.4327e-12   1.33e-14          3.4279e-12      1.18e-15    1.37e+00
   5        3.4508e-12   1.26e-14          3.4281e-12      1.18e-15    1.41e+00
LO = (3.4280659e-12 +- 1.1777033e-15) pb

*******************************************
* virtual corrections + integrated dipole *
*******************************************
The limits of integration are:

xl[0]=0.000000    xu[0]=1.000000
xl[1]=0.000000    xu[1]=1.000000
xl[2]=0.000000    xu[2]=1.000000

num_dim=3, calls=240, it_num=1, max_it_num=5 verb=0, alph=1.50,
mode=0, bins=50, boxes=1

       single.......iteration                   accumulated......results   
iteration     integral    sigma             integral         sigma     chi-sq/it

   1        4.5411e-13   4.69e-14          4.5411e-13      4.69e-14    0.00e+00
   2        4.5710e-13   2.30e-14          4.5652e-13      2.07e-14    3.28e-03
   3        4.9242e-13   1.30e-14          4.8223e-13      1.10e-14    1.08e+00
   4        4.8618e-13   9.08e-15          4.8458e-13      7.00e-15    7.47e-01
   5        5.1303e-13   1.16e-14          4.9216e-13      6.00e-15    1.66e+00

num_dim=3, calls=1200, it_num=1, max_it_num=3 verb=0, alph=1.50,
mode=0, bins=50, boxes=1

       single.......iteration                   accumulated......results   
iteration     integral    sigma             integral         sigma     chi-sq/it

   1        4.8325e-13   4.83e-15          4.8325e-13      4.83e-15    0.00e+00
   2        4.9409e-13   4.03e-15          4.8964e-13      3.10e-15    2.97e+00
   3        4.9098e-13   3.66e-15          4.9020e-13      2.36e-15    1.52e+00
   3        4.9905e-13   3.69e-15          4.9277e-13      1.99e-15    2.37e+00
   3        4.8896e-13   3.72e-15          4.9193e-13      1.76e-15    1.98e+00
   3        4.9374e-13   3.61e-15          4.9227e-13      1.58e-15    1.63e+00
   3        4.8843e-13   4.05e-15          4.9177e-13      1.47e-15    1.49e+00
   3        4.9670e-13   3.89e-15          4.9238e-13      1.38e-15    1.47e+00
   3        4.9458e-13   3.63e-15          4.9266e-13      1.29e-15    1.33e+00
   3        4.9152e-13   3.75e-15          4.9254e-13      1.22e-15    1.19e+00
   3        4.8818e-13   3.85e-15          4.9214e-13      1.16e-15    1.19e+00
   3        4.9042e-13   3.78e-15          4.9199e-13      1.11e-15    1.10e+00
vNLO = (4.9199468e-13 +- 1.1091007e-15) pb

*****************************
* collinear remainder (P+K) *
*****************************
The limits of integration are:

xl[0]=0.000000    xu[0]=1.000000
xl[1]=0.000000    xu[1]=1.000000
xl[2]=0.000000    xu[2]=1.000000
xl[3]=0.000000    xu[3]=1.000000

num_dim=4, calls=2500, it_num=1, max_it_num=5 verb=0, alph=1.50,
mode=0, bins=50, boxes=1

       single.......iteration                   accumulated......results   
iteration     integral    sigma             integral         sigma     chi-sq/it

   1        1.7740e-13   2.32e-14          1.7740e-13      2.32e-14    0.00e+00
   2        1.6479e-13   1.11e-14          1.6715e-13      1.00e-14    2.40e-01
   3        1.6858e-13   9.73e-15          1.6788e-13      6.99e-15    1.25e-01
   4        1.7524e-13   9.47e-15          1.7047e-13      5.62e-15    2.14e-01
   5        1.7540e-13   9.72e-15          1.7171e-13      4.87e-15    2.08e-01

num_dim=4, calls=25000, it_num=1, max_it_num=3 verb=0, alph=1.50,
mode=0, bins=50, boxes=1

       single.......iteration                   accumulated......results   
iteration     integral    sigma             integral         sigma     chi-sq/it

   1        1.7379e-13   3.02e-15          1.7379e-13      3.02e-15    0.00e+00
   2        1.7089e-13   2.99e-15          1.7232e-13      2.13e-15    4.66e-01
   3        1.7014e-13   3.00e-15          1.7159e-13      1.74e-15    4.10e-01
   3        1.7187e-13   2.99e-15          1.7166e-13      1.50e-15    2.75e-01
   3        1.7185e-13   3.00e-15          1.7170e-13      1.34e-15    2.07e-01
   3        1.7096e-13   3.00e-15          1.7158e-13      1.23e-15    1.76e-01
   3        1.7181e-13   3.01e-15          1.7161e-13      1.13e-15    1.48e-01
   3        1.6801e-13   3.01e-15          1.7116e-13      1.06e-15    3.05e-01
   3        1.7377e-13   3.02e-15          1.7145e-13      1.00e-15    3.50e-01
   3        1.7180e-13   3.05e-15          1.7148e-13      9.52e-16    3.12e-01
   3        1.6967e-13   3.03e-15          1.7132e-13      9.08e-16    3.14e-01
   3        1.7411e-13   3.03e-15          1.7155e-13      8.70e-16    3.56e-01
   3        1.7549e-13   3.06e-15          1.7185e-13      8.37e-16    4.54e-01
   3        1.7142e-13   3.05e-15          1.7182e-13      8.07e-16    4.21e-01
   3        1.7222e-13   3.07e-15          1.7184e-13      7.80e-16    3.92e-01
   3        1.6878e-13   3.11e-15          1.7166e-13      7.57e-16    4.27e-01
   3        1.6891e-13   3.08e-15          1.7150e-13      7.35e-16    4.47e-01
   3        1.6987e-13   3.06e-15          1.7141e-13      7.15e-16    4.37e-01
   3        1.7088e-13   3.07e-15          1.7139e-13      6.96e-16    4.14e-01
   3        1.6799e-13   3.12e-15          1.7123e-13      6.79e-16    4.52e-01
   3        1.7173e-13   3.08e-15          1.7125e-13      6.63e-16    4.30e-01
   3        1.7260e-13   3.12e-15          1.7131e-13      6.49e-16    4.18e-01
   3        1.7373e-13   3.09e-15          1.7141e-13      6.35e-16    4.26e-01
   3        1.7087e-13   3.11e-15          1.7139e-13      6.22e-16    4.09e-01
   3        1.7002e-13   3.12e-15          1.7134e-13      6.10e-16    3.99e-01
   3        1.7548e-13   3.11e-15          1.7149e-13      5.99e-16    4.52e-01
   3        1.6666e-13   3.09e-15          1.7131e-13      5.88e-16    5.25e-01
P+K = (1.7131459e-13 +- 5.8788696e-16) pb

********************************
* real gluon emission - dipole *
********************************
The limits of integration are:

xl[0]=0.000000    xu[0]=1.000000
xl[1]=0.000000    xu[1]=1.000000
xl[2]=0.000000    xu[2]=1.000000
xl[3]=0.000000    xu[3]=1.000000
xl[4]=0.000000    xu[4]=1.000000
xl[5]=0.000000    xu[5]=1.000000

num_dim=6, calls=250, it_num=1, max_it_num=5 verb=0, alph=1.50,
mode=0, bins=50, boxes=1

       single.......iteration                   accumulated......results   
iteration     integral    sigma             integral         sigma     chi-sq/it

   1        -1.4348e-14   4.41e-15          -1.4348e-14      4.41e-15    0.00e+00
   2        -1.3687e-14   2.29e-15          -1.3827e-14      2.03e-15    1.77e-02
   3        -1.1189e-14   1.43e-15          -1.2065e-14      1.17e-15    5.73e-01
   4        -1.2441e-14   1.18e-15          -1.2251e-14      8.32e-16    3.99e-01
   5        -1.3656e-14   1.44e-15          -1.2601e-14      7.21e-16    4.77e-01

num_dim=6, calls=2500, it_num=1, max_it_num=3 verb=0, alph=1.50,
mode=0, bins=50, boxes=1

       single.......iteration                   accumulated......results   
iteration     integral    sigma             integral         sigma     chi-sq/it

   1        -1.2102e-14   3.17e-16          -1.2102e-14      3.17e-16    0.00e+00
   2        -1.2284e-14   2.02e-16          -1.2232e-14      1.70e-16    2.35e-01
   3        -1.2609e-14   2.01e-16          -1.2389e-14      1.30e-16    1.14e+00
rNLOg = (-1.2388966e-14 +- 1.3002388e-16) pb

**************************************************
* real light quark emission - dipole - (onshell) *
**************************************************
The limits of integration are:

xl[0]=0.000000    xu[0]=1.000000
xl[1]=0.000000    xu[1]=1.000000
xl[2]=0.000000    xu[2]=1.000000
xl[3]=0.000000    xu[3]=1.000000
xl[4]=0.000000    xu[4]=1.000000
xl[5]=0.000000    xu[5]=1.000000

num_dim=6, calls=5000, it_num=1, max_it_num=5 verb=0, alph=1.50,
mode=0, bins=50, boxes=1

       single.......iteration                   accumulated......results   
iteration     integral    sigma             integral         sigma     chi-sq/it

   1        3.7166e-14   3.19e-15          3.7166e-14      3.19e-15    0.00e+00
   2        4.0141e-14   1.00e-15          3.9875e-14      9.55e-16    7.93e-01
   3        3.8277e-14   4.67e-16          3.8585e-14      4.19e-16    1.53e+00
   4        3.7727e-14   3.58e-16          3.8089e-14      2.72e-16    1.82e+00
   5        3.8098e-14   3.27e-16          3.8093e-14      2.09e-16    1.37e+00

num_dim=6, calls=50000, it_num=1, max_it_num=5 verb=0, alph=1.50,
mode=0, bins=50, boxes=1

       single.......iteration                   accumulated......results   
iteration     integral    sigma             integral         sigma     chi-sq/it

   1        3.8044e-14   1.02e-16          3.8044e-14      1.02e-16    0.00e+00
   2        3.8261e-14   1.13e-16          3.8141e-14      7.56e-17    2.04e+00
   3        3.8412e-14   1.22e-16          3.8217e-14      6.42e-17    2.81e+00
   4        3.8197e-14   1.16e-16          3.8212e-14      5.62e-17    1.88e+00
   5        3.8263e-14   1.20e-16          3.8221e-14      5.09e-17    1.45e+00
rNLOq = (3.8221451e-14 +- 5.0890265e-17) pb
NLO = (4.1172076e-12 +- 1.7269038e-15) pb
#chisq/dof = 1.94348e-08
#status = success
#chisq/dof = 1.1418e-08
#status = success
#chisq/dof = 9.81918e-10
#status = success
#chisq/dof = 1.93628e-09
#status = success
#chisq/dof = 2.46486e-10
#status = success
#chisq/dof = 1.2744e-11
#status = success
#chisq/dof = 5.28955e-10
#status = success
#chisq/dof = 1.74076e-10
#status = success

*******************************************************
* threshold resummation (unimproved nnll) - expansion *
*******************************************************
The limits of integration are:

xl[0]=0.000000    xu[0]=1.000000
xl[1]=0.000000    xu[1]=1.000000
xl[2]=0.000000    xu[2]=1.000000

num_dim=3, calls=7000, it_num=1, max_it_num=5 verb=0, alph=1.50,
mode=0, bins=50, boxes=1

       single.......iteration                   accumulated......results   
iteration     integral    sigma             integral         sigma     chi-sq/it

   1        6.1944e-15   1.86e-13          6.1944e-15      1.86e-13    0.00e+00
   2        -6.2804e-14   6.34e-14          -5.5636e-14      6.01e-14    1.23e-01
   3        8.4216e-14   5.77e-14          1.7090e-14      4.16e-14    1.47e+00
   4        -5.8555e-15   5.71e-14          9.1358e-15      3.36e-14    1.02e+00
   5        3.6363e-14   5.77e-14          1.6047e-14      2.91e-14    8.04e-01

num_dim=3, calls=35000, it_num=1, max_it_num=5 verb=0, alph=1.50,
mode=0, bins=50, boxes=1

       single.......iteration                   accumulated......results   
iteration     integral    sigma             integral         sigma     chi-sq/it

   1        -3.3372e-14   2.57e-14          -3.3372e-14      2.57e-14    0.00e+00
   2        -4.0850e-14   2.57e-14          -3.7111e-14      1.81e-14    4.25e-02
   3        -6.3363e-14   2.56e-14          -4.5873e-14      1.48e-14    3.71e-01
   4        -5.7964e-14   2.57e-14          -4.8878e-14      1.28e-14    3.02e-01
   5        -2.1309e-14   2.57e-14          -4.3360e-14      1.15e-14    4.58e-01
   5        -2.7888e-14   2.57e-14          -4.0785e-14      1.05e-14    4.26e-01
   5        -7.1273e-14   2.58e-14          -4.5104e-14      9.71e-15    5.55e-01
   5        -6.0986e-14   2.58e-14          -4.7071e-14      9.09e-15    5.23e-01
   5        -3.0793e-14   2.59e-14          -4.5285e-14      8.58e-15    5.02e-01
   5        -8.3819e-14   2.59e-14          -4.9089e-14      8.14e-15    6.67e-01
   5        -3.0988e-14   2.58e-14          -4.7446e-14      7.76e-15    6.45e-01
   5        -5.6186e-15   2.60e-14          -4.4018e-14      7.44e-15    8.03e-01
   5        -6.1545e-14   2.59e-14          -4.5353e-14      7.15e-15    7.71e-01
   5        1.8508e-14   2.59e-14          -4.0828e-14      6.89e-15    1.15e+00
   5        -3.8339e-14   2.62e-14          -4.0667e-14      6.67e-15    1.07e+00
   5        -7.1222e-14   2.62e-14          -4.2529e-14      6.46e-15    1.08e+00
   5        -1.8314e-15   2.60e-14          -4.0165e-14      6.27e-15    1.16e+00
   5        -5.0699e-14   2.59e-14          -4.0747e-14      6.09e-15    1.10e+00
   5        -5.9702e-14   2.61e-14          -4.1728e-14      5.93e-15    1.06e+00
   5        -9.6067e-14   2.62e-14          -4.4371e-14      5.79e-15    1.22e+00
   5        -1.4118e-14   2.62e-14          -4.2966e-14      5.65e-15    1.23e+00
   5        -3.5917e-14   2.62e-14          -4.2653e-14      5.52e-15    1.17e+00
   5        -1.8639e-14   2.64e-14          -4.1644e-14      5.41e-15    1.15e+00
   5        -3.1593e-14   2.65e-14          -4.1243e-14      5.30e-15    1.11e+00
   5        -6.6201e-14   2.63e-14          -4.2217e-14      5.19e-15    1.10e+00
   5        -4.6560e-14   2.63e-14          -4.2379e-14      5.10e-15    1.06e+00
   5        -1.3632e-14   2.63e-14          -4.1338e-14      5.00e-15    1.06e+00
   5        -3.6026e-14   2.64e-14          -4.1154e-14      4.91e-15    1.02e+00
   5        -2.1497e-14   2.64e-14          -4.0494e-14      4.83e-15    1.00e+00
   5        -2.8659e-14   2.66e-14          -4.0116e-14      4.75e-15    9.77e-01
   5        -4.2663e-14   2.65e-14          -4.0195e-14      4.68e-15    9.44e-01
   5        -4.8201e-14   2.65e-14          -4.0437e-14      4.61e-15    9.17e-01
   5        -1.4186e-14   2.66e-14          -3.9674e-14      4.54e-15    9.18e-01
   5        -8.3793e-15   2.63e-14          -3.8771e-14      4.47e-15    9.31e-01
   5        -5.7347e-14   2.65e-14          -3.9285e-14      4.41e-15    9.18e-01
   5        -5.8234e-14   2.65e-14          -3.9795e-14      4.35e-15    9.06e-01
   5        -5.4903e-14   2.65e-14          -4.0192e-14      4.29e-15    8.90e-01
   5        1.4940e-15   2.63e-14          -3.9111e-14      4.24e-15    9.32e-01
   5        -5.7214e-14   2.65e-14          -3.9562e-14      4.19e-15    9.19e-01
   5        7.9941e-15   2.66e-14          -3.8417e-14      4.13e-15    9.75e-01
   5        -3.3866e-14   2.67e-14          -3.8311e-14      4.09e-15    9.51e-01
   5        -5.1367e-14   2.67e-14          -3.8609e-14      4.04e-15    9.34e-01
   5        1.0193e-14   2.65e-14          -3.7505e-14      3.99e-15    9.90e-01
   5        -1.0389e-14   2.68e-14          -3.6916e-14      3.95e-15    9.91e-01
   5        -4.8392e-14   2.70e-14          -3.7157e-14      3.91e-15    9.72e-01
   5        -2.7669e-14   2.66e-14          -3.6957e-14      3.87e-15    9.53e-01
   5        -5.9812e-14   2.70e-14          -3.7416e-14      3.83e-15    9.48e-01
   5        -7.9469e-15   2.71e-14          -3.6842e-14      3.79e-15    9.52e-01
   5        -1.7055e-14   2.72e-14          -3.6466e-14      3.75e-15    9.43e-01
   5        -6.2348e-14   2.72e-14          -3.6948e-14      3.72e-15    9.42e-01
   5        -3.1679e-14   2.72e-14          -3.6851e-14      3.68e-15    9.24e-01
   5        6.3075e-15   2.77e-14          -3.6102e-14      3.65e-15    9.53e-01
   5        -9.0664e-15   2.72e-14          -3.5624e-14      3.62e-15    9.53e-01
   5        1.5949e-15   2.73e-14          -3.4980e-14      3.59e-15    9.69e-01
   5        -3.6311e-14   2.72e-14          -3.5002e-14      3.56e-15    9.51e-01
aNNLO+NNLL = (4.0822052e-12 +- 3.9544686e-15) pb

Results:
LO = (3.4699510e-12 +- 2.2373376e-15) pb
NLO = (4.1172076e-12 +- 1.7269038e-15) pb
aNNLO+NNLL = (4.0822052e-12 +- 3.9544686e-15) pb
Thanks for using LHAPDF 6.2.3. Please make sure to cite the paper:
  Eur.Phys.J. C75 (2015) 3, 132  (http://arxiv.org/abs/1412.7420)
 ====================================================
   FF 2.0, a package to evaluate one-loop integrals
 written by G. J. van Oldenborgh, NIKHEF-H, Amsterdam
 ====================================================
 for the algorithms used see preprint NIKHEF-H 89/17,
 'New Algorithms for One-loop Integrals', by G.J. van
 Oldenborgh and J.A.M. Vermaseren, published in 
 Zeitschrift fuer Physik C46(1990)425.
 ====================================================
 
total number of errors and warnings
===================================
fferr: no errors
 
